****************************************
Report : design
        -library
        -netlist
        -floorplan
        -routing
Design : jpeg_encoder
Version: V-2023.12-SP5-5
Date   : Mon Apr 28 18:33:23 2025
****************************************
--------------------------------------------------------------------------------
                              LIBRARY INFORMATION
--------------------------------------------------------------------------------

Search path : . /home/linux/ieng6/cs241asp25/public/data/libraries

Units : 
    time                : 1.00ns
    resistance          : 1.00kOhm
    capacitance         : 1.00pF
    voltage             : 1.00V
    current             : 1.00mA
    power               : 1.00nW

Tech file : /home/linux/ieng6/cs241asp25/public/data/libraries/techfiles/tsmcn65_8lmT2.tf

Total number of standard cells 	= 811

Total number of dont_use lib cells 	= 77
Total number of dont_touch lib cells 	= 71

Total number of buffers 	= 36
Total number of inverters 	= 27
Total number of flip-flops 	= 199
Total number of latches 	= 84
Total number of ICGs 		= 20


Library : tsmc65
  File path : /home/linux/ieng6/cs241asp25/cs241asp25bu/lab4/rundir/FC/ndm/tsmc65.ndm
  Source .db libs :
    tcbn65gpluswc : /home/linux/ieng6/cs241asp25/public/data/libraries/db/tcbn65gpluswc.db

--------------------------------------------------------------------------------
                              NETLIST INFORMATION
--------------------------------------------------------------------------------

CELL INSTANCE INFORMATION
-----------------------------------------------------------------------------
Cell Instance Type          Count % of         Area  % of siteAreaPerSite
                                  total             total
-----------------------------------------------------------------------------
TOTAL LEAF CELLS            32730  100   129158.280   100 unit:358773  

  Standard cells            32730  100   129158.280   100 unit:358773  
  Filler cells                  0    0        0.000     0 
  Diode cells                   0    0        0.000     0 
  Hard macro cells              0    0        0.000     0 
  Soft macro cells              0    0        0.000     0 
    Black box cells             0    0        0.000     0 
  Analog block cells            0    0        0.000     0 
  Pad cells                     0    0        0.000     0 
    Flip-chip pad cells         0    0        0.000     0 
  Cover cells                   0    0        0.000     0 
  Flip-chip driver cells        0    0        0.000     0 
  Corner pad cells              0    0        0.000     0 
  Pad spacer cells              0    0        0.000     0 
  Others                        0    0        0.000     0 

Special cells                  17    0       18.360     0 unit:51  
  Level shifter                 0    0        0.000     0 
  Isolation                     0    0        0.000     0 
  Switch                        0    0        0.000     0 
  Always on                     0    0        0.000     0 
  Retention                     0    0        0.000     0 
  Tie off                      17    0       18.360     0 unit:51  

LVT                             0    0        0.000     0 
HVT                             0    0        0.000     0 
Normal VT                       0    0        0.000     0 
Others                      32730  100   129158.280   100 unit:358773  

Netlist cells               32730  100   129158.280   100 unit:358773  
Physical only                   0    0        0.000     0 

Fixed cells                     0    0        0.000     0 
Moveable cells              32730  100   129158.280   100 unit:358773  

Placed cells                32624   99   128879.280    99 unit:357998  
Combinational               27663   84    81640.440    63 unit:226779  
Sequential                   5067   15    47517.840    36 unit:131994  
Others                          0    0        0.000     0 

Buffer                       1106    3     2387.160     1 unit:6631  
Inverter                     2254    6     2712.240     2 unit:7534  
Buffer/inverter              3360   10     5099.400     3 unit:14165  

Spare cells                     0    0        0.000     0 
ICG cells                       0    0        0.000     0 
Flip-flop cells              5067   15    47517.840    36 unit:131994  
Latch cells                     0    0        0.000     0 
Antenna cells                   0    0        0.000     0 

Mux logic                     844    2     2712.240     2 unit:7534  
Double height                   0    0        0.000     0 
Triple height                   0    0        0.000     0 
More than triple height         0    0        0.000     0 

Logic Hierarchies          0

REFERENCE DESIGN INFORMATION
----------------------------------------------------------------------------------------------
Number of reference designs used:189  
----------------------------------------------------------------------------------------------
Name           Type          Count     Width    Height        Area   PinDens SiteName siteArea
----------------------------------------------------------------------------------------------
EDFQD1         lib_cell       4997      5.20      1.80       9.360     0.641 unit           26
CKND2D0        lib_cell       2526      0.80      1.80       1.440     3.472 unit            4
XNR2D0         lib_cell       2479      2.00      1.80       3.600     1.389 unit           10
INR2D0         lib_cell       2084      1.20      1.80       2.160     2.315 unit            6
OAI22D0        lib_cell       1641      1.40      1.80       2.520     2.778 unit            7
MOAI22D0       lib_cell       1525      1.60      1.80       2.880     2.431 unit            8
CKND0          lib_cell       1391      0.60      1.80       1.080     3.704 unit            3
NR2D0          lib_cell        981      0.80      1.80       1.440     3.472 unit            4
OR2D0          lib_cell        945      1.20      1.80       2.160     2.315 unit            6
OAI21D1        lib_cell        779      1.20      1.80       2.160     2.778 unit            6
MUX2D0         lib_cell        770      1.80      1.80       3.240     1.852 unit            9
FA1D1          lib_cell        728      5.60      1.80      10.080     0.694 unit           28
NR2XD0         lib_cell        698      0.80      1.80       1.440     3.472 unit            4
CKBD0          lib_cell        634      0.80      1.80       1.440     2.778 unit            4
IOA22D0        lib_cell        604      1.80      1.80       3.240     2.160 unit            9
AOI21D1        lib_cell        603      1.20      1.80       2.160     2.778 unit            6
CMPE42D1       lib_cell        559      9.20      1.80      16.560     0.604 unit           46
OAI22D1        lib_cell        452      1.40      1.80       2.520     2.778 unit            7
CKND2D1        lib_cell        418      0.80      1.80       1.440     3.472 unit            4
OAI21D0        lib_cell        376      1.20      1.80       2.160     2.778 unit            6
CKND1          lib_cell        302      0.60      1.80       1.080     3.704 unit            3
CKXOR2D0       lib_cell        290      2.00      1.80       3.600     1.389 unit           10
ND2D0          lib_cell        286      0.80      1.80       1.440     3.472 unit            4
AO21D0         lib_cell        269      1.40      1.80       2.520     2.381 unit            7
FA1D0          lib_cell        257      5.00      1.80       9.000     0.778 unit           25
IND2D0         lib_cell        235      1.20      1.80       2.160     2.315 unit            6
INVD1          lib_cell        231      0.60      1.80       1.080     3.704 unit            3
MAOI22D0       lib_cell        223      1.60      1.80       2.880     2.431 unit            8
INR2XD0        lib_cell        217      1.20      1.80       2.160     2.315 unit            6
AOI21D0        lib_cell        212      1.20      1.80       2.160     2.778 unit            6
XOR3D0         lib_cell        208      3.40      1.80       6.120     0.980 unit           17
XNR2D1         lib_cell        206      2.00      1.80       3.600     1.389 unit           10
OA22D0         lib_cell        171      1.60      1.80       2.880     2.431 unit            8
AOI21D2        lib_cell        167      1.80      1.80       3.240     1.852 unit            9
OAI32D1        lib_cell        162      1.60      1.80       2.880     2.778 unit            8
ND2D1          lib_cell        160      0.80      1.80       1.440     3.472 unit            4
OA21D0         lib_cell        151      1.40      1.80       2.520     2.381 unit            7
IOA21D0        lib_cell        130      1.40      1.80       2.520     2.381 unit            7
CKAN2D0        lib_cell        124      1.20      1.80       2.160     2.315 unit            6
OAI21D2        lib_cell        116      1.80      1.80       3.240     1.852 unit            9
CKND2D2        lib_cell        113      1.40      1.80       2.520     1.984 unit            7
BUFFD1         lib_cell        112      0.80      1.80       1.440     2.778 unit            4
CKXOR2D1       lib_cell        107      2.00      1.80       3.600     1.389 unit           10
INVD0          lib_cell        105      0.60      1.80       1.080     3.704 unit            3
XNR2D2         lib_cell        102      2.20      1.80       3.960     1.263 unit           11
OAI31D0        lib_cell         95      1.40      1.80       2.520     2.778 unit            7
XOR2D0         lib_cell         95      2.00      1.80       3.600     1.389 unit           10
MAOI222D0      lib_cell         93      1.60      1.80       2.880     2.083 unit            8
IAO22D0        lib_cell         87      1.80      1.80       3.240     2.160 unit            9
CKBD3          lib_cell         81      1.40      1.80       2.520     1.587 unit            7
CKND2          lib_cell         78      0.80      1.80       1.440     2.778 unit            4
XNR3D0         lib_cell         75      3.40      1.80       6.120     0.980 unit           17
INR3D0         lib_cell         73      1.40      1.80       2.520     2.381 unit            7
INR2D1         lib_cell         72      1.20      1.80       2.160     2.315 unit            6
MUX2ND0        lib_cell         72      1.60      1.80       2.880     2.083 unit            8
OR2D1          lib_cell         70      1.20      1.80       2.160     2.315 unit            6
IAO22D1        lib_cell         70      1.80      1.80       3.240     2.160 unit            9
XOR3D1         lib_cell         66      3.40      1.80       6.120     0.980 unit           17
CKND4          lib_cell         64      1.40      1.80       2.520     1.587 unit            7
CKBD2          lib_cell         64      1.20      1.80       2.160     1.852 unit            6
EDFCNQD1       lib_cell         62      6.00      1.80      10.800     0.648 unit           30
IND2D1         lib_cell         61      1.20      1.80       2.160     2.315 unit            6
AO211D0        lib_cell         60      1.60      1.80       2.880     2.431 unit            8
OAI211D0       lib_cell         54      1.40      1.80       2.520     2.778 unit            7
INR2D2         lib_cell         54      1.60      1.80       2.880     1.736 unit            8
IOA21D1        lib_cell         53      1.40      1.80       2.520     2.381 unit            7
OAI211D2       lib_cell         53      2.40      1.80       4.320     1.620 unit           12
OAI211D1       lib_cell         52      1.40      1.80       2.520     2.778 unit            7
AOI21D4        lib_cell         50      3.60      1.80       6.480     0.926 unit           18
OAI32D0        lib_cell         49      1.60      1.80       2.880     2.778 unit            8
OAI31D1        lib_cell         47      1.40      1.80       2.520     2.778 unit            7
AOI22D0        lib_cell         42      1.40      1.80       2.520     2.778 unit            7
BUFFD3         lib_cell         40      1.40      1.80       2.520     1.587 unit            7
IOA21D2        lib_cell         39      1.80      1.80       3.240     1.852 unit            9
NR2D1          lib_cell         38      0.80      1.80       1.440     3.472 unit            4
AOI211D0       lib_cell         38      1.40      1.80       2.520     2.778 unit            7
CKBD6          lib_cell         37      2.40      1.80       4.320     0.926 unit           12
NR2XD1         lib_cell         35      1.40      1.80       2.520     1.984 unit            7
IOA22D1        lib_cell         35      1.80      1.80       3.240     2.160 unit            9
FCICOND1       lib_cell         35      1.80      1.80       3.240     1.852 unit            9
CKBD4          lib_cell         33      1.80      1.80       3.240     1.235 unit            9
CKND3          lib_cell         31      1.20      1.80       2.160     1.852 unit            6
FCICIND1       lib_cell         28      2.60      1.80       4.680     1.282 unit           13
NR4D0          lib_cell         27      1.40      1.80       2.520     2.778 unit            7
MOAI22D1       lib_cell         26      1.60      1.80       2.880     2.431 unit            8
ND3D0          lib_cell         25      1.20      1.80       2.160     2.778 unit            6
OA32D0         lib_cell         25      2.00      1.80       3.600     2.222 unit           10
FA1D2          lib_cell         23      5.80      1.80      10.440     0.670 unit           29
OAI21D4        lib_cell         19      3.60      1.80       6.480     0.926 unit           18
AOI221D0       lib_cell         18      1.60      1.80       2.880     2.778 unit            8
ND4D0          lib_cell         18      1.40      1.80       2.520     2.778 unit            7
NR3D0          lib_cell         18      1.20      1.80       2.160     2.778 unit            6
IAO21D1        lib_cell         16      1.40      1.80       2.520     2.381 unit            7
CKBD8          lib_cell         16      3.20      1.80       5.760     0.694 unit           16
AO22D0         lib_cell         16      1.60      1.80       2.880     2.431 unit            8
TIEL           lib_cell         15      0.60      1.80       1.080     2.778 unit            3
BUFFD16        lib_cell         15      5.80      1.80      10.440     0.383 unit           29
IND3D0         lib_cell         14      1.40      1.80       2.520     2.381 unit            7
AN2D0          lib_cell         14      1.20      1.80       2.160     2.315 unit            6
CKAN2D1        lib_cell         14      1.20      1.80       2.160     2.315 unit            6
INR4D0         lib_cell         13      1.60      1.80       2.880     2.431 unit            8
OAI22D2        lib_cell         13      2.40      1.80       4.320     1.620 unit           12
BUFFD8         lib_cell         13      3.20      1.80       5.760     0.694 unit           16
BUFFD2         lib_cell         12      1.20      1.80       2.160     1.852 unit            6
BUFFD12        lib_cell         12      4.40      1.80       7.920     0.505 unit           22
AOI32D0        lib_cell         11      1.60      1.80       2.880     2.778 unit            8
OA211D0        lib_cell         11      1.60      1.80       2.880     2.431 unit            8
CKND8          lib_cell         11      2.40      1.80       4.320     0.926 unit           12
ND4D1          lib_cell         11      1.40      1.80       2.520     2.778 unit            7
BUFFD0         lib_cell         10      0.80      1.80       1.440     2.778 unit            4
INR2XD1        lib_cell         10      1.60      1.80       2.880     1.736 unit            8
MAOI222D1      lib_cell         10      1.60      1.80       2.880     2.083 unit            8
CKND6          lib_cell         10      1.80      1.80       3.240     1.235 unit            9
BUFFD6         lib_cell         10      2.40      1.80       4.320     0.926 unit           12
IND4D0         lib_cell          9      1.60      1.80       2.880     2.431 unit            8
AOI211XD0      lib_cell          9      1.40      1.80       2.520     2.778 unit            7
OA21D1         lib_cell          9      1.40      1.80       2.520     2.381 unit            7
INVD2          lib_cell          9      0.80      1.80       1.440     2.778 unit            4
INVD3          lib_cell          8      1.20      1.80       2.160     1.852 unit            6
AOI31D0        lib_cell          8      1.40      1.80       2.520     2.778 unit            7
ND2D2          lib_cell          8      1.40      1.80       2.520     1.984 unit            7
CKBD12         lib_cell          8      4.40      1.80       7.920     0.505 unit           22
AN4D0          lib_cell          7      1.60      1.80       2.880     2.431 unit            8
ND3D1          lib_cell          7      1.20      1.80       2.160     2.778 unit            6
IND3D1         lib_cell          6      1.40      1.80       2.520     2.381 unit            7
IAO21D0        lib_cell          6      1.40      1.80       2.520     2.381 unit            7
OR3D0          lib_cell          6      1.40      1.80       2.520     2.381 unit            7
CKND12         lib_cell          5      3.40      1.80       6.120     0.654 unit           17
NR2XD2         lib_cell          5      2.40      1.80       4.320     1.157 unit           12
EDFQD2         lib_cell          4      5.40      1.80       9.720     0.617 unit           27
XNR2D4         lib_cell          4      4.20      1.80       7.560     0.661 unit           21
OA22D1         lib_cell          4      1.80      1.80       3.240     2.160 unit            9
XOR2D2         lib_cell          4      2.20      1.80       3.960     1.263 unit           11
IND4D1         lib_cell          4      1.60      1.80       2.880     2.431 unit            8
OAI221D0       lib_cell          4      1.60      1.80       2.880     2.778 unit            8
BUFFD4         lib_cell          4      1.80      1.80       3.240     1.235 unit            9
XNR3D1         lib_cell          4      3.40      1.80       6.120     0.980 unit           17
XOR3D2         lib_cell          3      3.80      1.80       6.840     0.877 unit           19
AOI22D1        lib_cell          3      1.40      1.80       2.520     2.778 unit            7
MAOI22D1       lib_cell          3      1.60      1.80       2.880     2.431 unit            8
IND2D2         lib_cell          3      1.60      1.80       2.880     1.736 unit            8
INVD12         lib_cell          3      3.40      1.80       6.120     0.654 unit           17
OAI222D0       lib_cell          3      1.80      1.80       3.240     2.778 unit            9
OR4D0          lib_cell          3      1.60      1.80       2.880     2.431 unit            8
OR2XD1         lib_cell          3      1.20      1.80       2.160     2.315 unit            6
XOR2D1         lib_cell          3      2.00      1.80       3.600     1.389 unit           10
CKBD1          lib_cell          3      0.80      1.80       1.440     2.778 unit            4
IIND4D0        lib_cell          3      2.00      1.80       3.600     1.944 unit           10
INVD8          lib_cell          3      2.40      1.80       4.320     0.926 unit           12
OA32D1         lib_cell          2      2.20      1.80       3.960     2.020 unit           11
NR2D3          lib_cell          2      1.80      1.80       3.240     1.543 unit            9
INVD4          lib_cell          2      1.40      1.80       2.520     1.587 unit            7
AO31D0         lib_cell          2      1.60      1.80       2.880     2.431 unit            8
AO211D2        lib_cell          2      1.80      1.80       3.240     2.160 unit            9
IIND4D1        lib_cell          2      2.00      1.80       3.600     1.944 unit           10
CKBD16         lib_cell          2      5.60      1.80      10.080     0.397 unit           28
DFSND1         lib_cell          2      5.00      1.80       9.000     0.778 unit           25
TIEH           lib_cell          2      0.60      1.80       1.080     2.778 unit            3
AO32D0         lib_cell          1      2.20      1.80       3.960     2.020 unit           11
MUX3D0         lib_cell          1      3.20      1.80       5.760     1.389 unit           16
IAO22D2        lib_cell          1      2.20      1.80       3.960     1.768 unit           11
AO21D2         lib_cell          1      1.60      1.80       2.880     2.083 unit            8
AN3D0          lib_cell          1      1.40      1.80       2.520     2.381 unit            7
EDFCNQD4       lib_cell          1      7.00      1.80      12.600     0.556 unit           35
OAI33D0        lib_cell          1      1.80      1.80       3.240     2.778 unit            9
INVD6          lib_cell          1      1.80      1.80       3.240     1.235 unit            9
DFQD1          lib_cell          1      3.80      1.80       6.840     0.731 unit           19
CMPE42D2       lib_cell          1     10.00      1.80      18.000     0.556 unit           50
OA31D1         lib_cell          1      1.60      1.80       2.880     2.431 unit            8
AO22D1         lib_cell          1      1.80      1.80       3.240     2.160 unit            9
CKAN2D4        lib_cell          1      1.80      1.80       3.240     1.543 unit            9
AN2D1          lib_cell          1      1.20      1.80       2.160     2.315 unit            6
OAI222D1       lib_cell          1      2.20      1.80       3.960     2.273 unit           11
AO222D0        lib_cell          1      2.40      1.80       4.320     2.083 unit           12
XNR3D2         lib_cell          1      4.40      1.80       7.920     0.758 unit           22
OR4D1          lib_cell          1      1.60      1.80       2.880     2.431 unit            8
AOI32D1        lib_cell          1      1.60      1.80       2.880     2.778 unit            8
AO221D0        lib_cell          1      2.00      1.80       3.600     2.222 unit           10
OA211D1        lib_cell          1      1.60      1.80       2.880     2.431 unit            8
AO211D1        lib_cell          1      1.60      1.80       2.880     2.431 unit            8
IINR4D0        lib_cell          1      2.00      1.80       3.600     1.944 unit           10
AOI222D0       lib_cell          1      2.00      1.80       3.600     2.500 unit           10
MUX2ND1        lib_cell          1      2.40      1.80       4.320     1.389 unit           12
ND2D3          lib_cell          1      1.80      1.80       3.240     1.543 unit            9
CKXOR2D2       lib_cell          1      2.20      1.80       3.960     1.263 unit           11
OAI31D2        lib_cell          1      2.40      1.80       4.320     1.620 unit           12
CKND2D3        lib_cell          1      1.80      1.80       3.240     1.543 unit            9
AOI211XD1      lib_cell          1      2.40      1.80       4.320     1.620 unit           12
NR2D2          lib_cell          1      1.40      1.80       2.520     1.984 unit            7

NET INFORMATION
------------------------------------------------------------------
NetType                 Count FloatingNets         Vias Nets/Cells
------------------------------------------------------------------
Total                   34881            3       235973      1.066
Signal                  34772            3       221880      1.062
Power                       1            0            0      0.000
Ground                      1            0            0      0.000
Analog Signal               0            0            0      0.000
Analog Ground               0            0            0      0.000
Analog Power                0            0            0      0.000
Clock                     107            0        14093      0.003
Tie Low                     0            0            0      0.000
Tie High                    0            0            0      0.000
Others                      0            0            0      0.000

NET FANOUT AND PIN COUNT INFORMATION
---------------------------------------------------
Fanout        Netcount     netPinCount     NetCount
---------------------------------------------------
<2               14641     <2                     3
2                15518     2                  14638
3                 2604     3                  15518
4                  165     4                   2604
5                  115     5                    165
6-10               670     6-10                 640
11-20              680     11-20                807
21-30              222     21-30                215
31-50              224     31-50                241
51-100              36     51-100                44
101-500              4     101-500                4
501-1000             0     501-1000               0
>1000                2     >1000                  2

PORT AND PIN INFORMATION
------------------------------------------------------------------------------
Type         Total     Input    Output     Inout      3-st     Power    Ground
------------------------------------------------------------------------------
Total       186472    151612     34860         0         0     32730     32730
Macro            0         0         0         0         0         0         0
Ports           52        24        28         0         0         1         1
------------------------------------------------------------------------------

--------------------------------------------------------------------------------
                              FLOORPLAN INFORMATION
--------------------------------------------------------------------------------

CORE AND CHIP AREA INFORMATION
---------------------------
Core Area is :   212705.280
Chip Area is :   231553.280
---------------------------

SITE ROW INFORMATION
-----------------------------------------------------------------------
Site Name    Width    Height   Total Rows     Total Tiles          Area
-----------------------------------------------------------------------
unit          0.20      1.80          256          590848    212705.280
-----------------------------------------------------------------------

BLOCKAGE INFORMATION
------------------------------------------------
Blockage Type                Count          Area
------------------------------------------------
Hard placement                   0         0.000
Soft placement                   0         0.000
Hard macro                       0         0.000
Partial placement                0         0.000
Register                         0         0.000
Placement allow Buffer Only      0         0.000
Placement allow RP Group Only
                                 0         0.000
RP Group                         0         0.000
Category                         0         0.000
Routing                          0         0.000
Routing for Top                  0         0.000
Routing For Design Rule          0         0.000
Shaping                          0         0.000
------------------------------------------------

POWER DOMAIN INFORMATION
--------------------------------------------------------------------
Power Domain Name    VA Name         Primary Power Net Primary Ground Net
--------------------------------------------------------------------
TOP                  DEFAULT_VA      VDD               VSS
--------------------------------------------------------------------

VOLTAGE AREA INFORMATION
-------------------------------------------------------------------------------------
VA Name          Number             Area       Target    bbox    bbox    bbox    bbox
              of shapes                   Utilization     llx     lly     urx     ury
-------------------------------------------------------------------------------------
DEFAULT_VA            1       212705.280         1.00   10.00   10.00  471.60  470.80
-------------------------------------------------------------------------------------

GROUP BOUND INFORMATION
----------------------------------------
No Group Bound exists

EXCLUSIVE MOVEBOUND INFORMATION
----------------------------------------
No Exclusive MoveBound exists.

HARD AND SOFT MOVEBOUND INFORMATION
----------------------------------------
No Hard Or Soft MoveBound exists.

ROUTE GUIDE INFORMATION
------------------------------------------------
Route Guide Type             Count          Area
------------------------------------------------
Extra Detour Region              0         0.000
Over icovl CellLayers            0         0.000
River Routing                    0         0.000
Area Double Via                  0         0.000
Access Preference                0         0.000
Default                          0         0.000
Switched Direction Only          0         0.000
Max Patterns                     0         0.000
Others                           0         0.000
------------------------------------------------

MULTIBIT REGISTER INFORMATION
-----------------------------------------------
No Multibit cells exist

MULTIBIT LS/ISO CELLS INFORMATION
-----------------------------------------------
No Multibit cells exist

RP GROUP INFORMATION
----------------------------------------
No RP Group exists

LAYER INFORMATION
--------------------------------------------------------------------------
Layer Name Direction Ignored Pitch  default minWidth minSpacing    sameNet
                                      Width                     MinSpacing
--------------------------------------------------------------------------
M1         Ver       NO       0.20     0.09     0.09       0.09       0.00
M2         Hor       NO       0.20     0.10     0.10       0.10       0.00
M3         Ver       NO       0.20     0.10     0.10       0.10       0.00
M4         Hor       NO       0.20     0.10     0.10       0.10       0.00
M5         Ver       NO       0.20     0.10     0.10       0.10       0.00
M6         Hor       NO       0.20     0.10     0.10       0.10       0.00
M7         Ver       NO       0.80     0.40     0.40       0.40       0.00
M8         Hor       NO       0.80     0.40     0.40       0.40       0.00
CB         Ver       NO       0.00     0.00     0.00       0.00       0.00
--------------------------------------------------------------------------
--------------------------------------------------------------------------------
                              ROUTING INFORMATION
--------------------------------------------------------------------------------

Total wire length = 26164.78 micron
Total number of wires = 16659
Total number of contacts = 235973

FINAL WIRING STATISTICS

Signal Wiring Statistics

Metal layer     Num wires  % of total#  Wire length % of total length
PO                      0        0.00%         0.00             0.00%
M1                      0        0.00%         0.00             0.00%
M2                      0        0.00%         0.00             0.00%
M3                      0        0.00%         0.00             0.00%
M4                      0        0.00%         0.00             0.00%
M5                      0        0.00%         0.00             0.00%
M6                      0        0.00%         0.00             0.00%
M7                      0        0.00%         0.00             0.00%
M8                      0        0.00%         0.00             0.00%

Clock Wiring Statistics

Metal layer     Num wires  % of total#  Wire length % of total length
PO                      0        0.00%         0.00             0.00%
M1                     21        0.13%         1.53             0.01%
M2                   7683       46.12%      3623.73            13.85%
M3                   6945       41.69%     13753.47            52.56%
M4                   1930       11.59%      7775.58            29.72%
M5                     51        0.31%       277.39             1.06%
M6                      9        0.05%         8.11             0.03%
M7                     14        0.08%       398.58             1.52%
M8                      6        0.04%       326.40             1.25%

P/G Wiring Statistics

Metal layer     Num wires  % of total#  Wire length % of total length
PO                      0        0.00%         0.00             0.00%
M1                    257      100.00%    118631.20           100.00%
M2                      0        0.00%         0.00             0.00%
M3                      0        0.00%         0.00             0.00%
M4                      0        0.00%         0.00             0.00%
M5                      0        0.00%         0.00             0.00%
M6                      0        0.00%         0.00             0.00%
M7                      0        0.00%         0.00             0.00%
M8                      0        0.00%         0.00             0.00%

Shape Pattern Wiring Statistics

Metal layer     Num shapePatterns
                           % of total#  Wire length % of total length
PO                      0        0.00%         0.00             0.00%
M1                      0        0.00%         0.00             0.00%
M2                      0        0.00%         0.00             0.00%
M3                      0        0.00%         0.00             0.00%
M4                      0        0.00%         0.00             0.00%
M5                      0        0.00%         0.00             0.00%
M6                      0        0.00%         0.00             0.00%
M7                      0        0.00%         0.00             0.00%
M8                      0        0.00%         0.00             0.00%

All the PG shape patterns stand for 0 shapes.

Horizontal/Vertical Wire Distribution

Metal layer  Hor. length  % of hor.    Ver. length  % of ver.
PO                   0.00        0.00%         0.00        0.00%
M1                   0.00        0.00%         0.00        0.00%
M2                   0.00        0.00%         0.00        0.00%
M3                   0.00        0.00%         0.00        0.00%
M4                   0.00        0.00%         0.00        0.00%
M5                   0.00        0.00%         0.00        0.00%
M6                   0.00        0.00%         0.00        0.00%
M7                   0.00        0.00%         0.00        0.00%
M8                   0.00        0.00%         0.00        0.00%

FINAL VIA STATISTICS

Via layer    Via def name                Count        % of layer vias
VIA1         VIA12                             112555       99.33%
VIA1         VIA12(rot)                           694        0.61%
VIA1         FATVIA12(1X2)                         52        0.05%
VIA1         FATVIA12(rot)(1X2)                     8        0.01%
VIA1         FATVIA12(2X1)                          4        0.00%
  Double via conversion rate for layer VIA1 = 0.06% (64 / 113313 vias)
    Among them, double via conversion rate of detail route vias for layer VIA1 = 1.19% (64 / 5396 vias)

VIA2         VIA23(rot)                         98745      100.00%
  Double via conversion rate for layer VIA2 = 0.00% (0 / 98745 vias)
    Among them, double via conversion rate of detail route vias for layer VIA2 = 0.00% (0 / 5866 vias)

VIA3         VIA34(rot)                         18707      100.00%
  Double via conversion rate for layer VIA3 = 0.00% (0 / 18707 vias)
    Among them, double via conversion rate of detail route vias for layer VIA3 = 0.00% (0 / 2713 vias)

VIA4         VIA45(rot)                          3126      100.00%
  Double via conversion rate for layer VIA4 = 0.00% (0 / 3126 vias)
    Among them, double via conversion rate of detail route vias for layer VIA4 = 0.00% (0 / 79 vias)

VIA5         VIA56(rot)                          1496       99.27%
VIA5         FATVIA56(rot)(1X2)                    11        0.73%
  Double via conversion rate for layer VIA5 = 0.73% (11 / 1507 vias)
    Among them, double via conversion rate of detail route vias for layer VIA5 = 84.62% (11 / 13 vias)

VIA6         VIA67(rot)                           398      100.00%
  Double via conversion rate for layer VIA6 = 0.00% (0 / 398 vias)
    Among them, double via conversion rate of detail route vias for layer VIA6 = 0.00% (0 / 11 vias)

VIA7         VIA78(rot)                           177      100.00%
  Double via conversion rate for layer VIA7 = 0.00% (0 / 177 vias)
    Among them, double via conversion rate of detail route vias for layer VIA7 = 0.00% (0 / 10 vias)


Custom Via Statistics

No custom vias found in the design.
Overall double via conversion rate = 0.03%
  Among them, overall double via conversion rate of detail route vias = 0.53% (75 / 14088 vias)
  *Detail route vias are vias whose shape_use is detail_route.

Via Matrix Statistics

No via matrices found in the design.

FINAL DRC STATISTICS

DRC-SUMMARY:
	@@@@@@@ TOTAL VIOLATIONS =	0
Total number of nets = 34858
0 open nets, of which 0 are frozen
Total number of excluded ports = 0 ports of 0 unplaced cells connected to 0 nets
                                 0 ports without pins of 0 cells connected to 0 nets
                                 0 ports of 0 cover cells connected to 0 non-pg nets
Total number of DRCs = 0
Total number of antenna violations = antenna checking not active
1
