****************************************
Report : design
        -library
        -netlist
        -floorplan
        -routing
Design : jpeg_encoder
Version: V-2023.12-SP5-5
Date   : Mon Apr 28 18:11:55 2025
****************************************
--------------------------------------------------------------------------------
                              LIBRARY INFORMATION
--------------------------------------------------------------------------------

Search path : . /home/linux/ieng6/cs241asp25/public/data/libraries

Units : 
    time                : 1.00ns
    resistance          : 1.00kOhm
    capacitance         : 1.00pF
    voltage             : 1.00V
    current             : 1.00mA
    power               : 1.00nW

Tech file : /home/linux/ieng6/cs241asp25/public/data/libraries/techfiles/tsmcn65_8lmT2.tf

Total number of standard cells 	= 811

Total number of dont_use lib cells 	= 77
Total number of dont_touch lib cells 	= 71

Total number of buffers 	= 36
Total number of inverters 	= 27
Total number of flip-flops 	= 199
Total number of latches 	= 84
Total number of ICGs 		= 20


Library : tsmc65
  File path : /home/linux/ieng6/cs241asp25/cs241asp25bu/lab4/rundir/FC/ndm/tsmc65.ndm
  Source .db libs :
    tcbn65gpluswc : /home/linux/ieng6/cs241asp25/public/data/libraries/db/tcbn65gpluswc.db

--------------------------------------------------------------------------------
                              NETLIST INFORMATION
--------------------------------------------------------------------------------

CELL INSTANCE INFORMATION
-----------------------------------------------------------------------------
Cell Instance Type          Count % of         Area  % of siteAreaPerSite
                                  total             total
-----------------------------------------------------------------------------
TOTAL LEAF CELLS            32193  100   129954.960   100 unit:360986  

  Standard cells            32193  100   129954.960   100 unit:360986  
  Filler cells                  0    0        0.000     0 
  Diode cells                   0    0        0.000     0 
  Hard macro cells              0    0        0.000     0 
  Soft macro cells              0    0        0.000     0 
    Black box cells             0    0        0.000     0 
  Analog block cells            0    0        0.000     0 
  Pad cells                     0    0        0.000     0 
    Flip-chip pad cells         0    0        0.000     0 
  Cover cells                   0    0        0.000     0 
  Flip-chip driver cells        0    0        0.000     0 
  Corner pad cells              0    0        0.000     0 
  Pad spacer cells              0    0        0.000     0 
  Others                        0    0        0.000     0 

Special cells                  17    0       18.360     0 unit:51  
  Level shifter                 0    0        0.000     0 
  Isolation                     0    0        0.000     0 
  Switch                        0    0        0.000     0 
  Always on                     0    0        0.000     0 
  Retention                     0    0        0.000     0 
  Tie off                      17    0       18.360     0 unit:51  

LVT                             0    0        0.000     0 
HVT                             0    0        0.000     0 
Normal VT                       0    0        0.000     0 
Others                      32193  100   129954.960   100 unit:360986  

Netlist cells               32193  100   129954.960   100 unit:360986  
Physical only                   0    0        0.000     0 

Fixed cells                     0    0        0.000     0 
Moveable cells              32193  100   129954.960   100 unit:360986  

Placed cells                32035   99   129286.080    99 unit:359128  
Combinational               27126   84    82437.840    63 unit:228994  
Sequential                   5067   15    47517.120    36 unit:131992  
Others                          0    0        0.000     0 

Buffer                       1408    4     3081.600     2 unit:8560  
Inverter                     2179    6     2752.920     2 unit:7647  
Buffer/inverter              3587   11     5834.520     4 unit:16207  

Spare cells                     0    0        0.000     0 
ICG cells                       0    0        0.000     0 
Flip-flop cells              5067   15    47517.120    36 unit:131992  
Latch cells                     0    0        0.000     0 
Antenna cells                   0    0        0.000     0 

Mux logic                     841    2     2707.200     2 unit:7520  
Double height                   0    0        0.000     0 
Triple height                   0    0        0.000     0 
More than triple height         0    0        0.000     0 

Logic Hierarchies          0

REFERENCE DESIGN INFORMATION
----------------------------------------------------------------------------------------------
Number of reference designs used:197  
----------------------------------------------------------------------------------------------
Name           Type          Count     Width    Height        Area   PinDens SiteName siteArea
----------------------------------------------------------------------------------------------
EDFQD1         lib_cell       4999      5.20      1.80       9.360     0.641 unit           26
XNR2D0         lib_cell       2538      2.00      1.80       3.600     1.389 unit           10
CKND2D0        lib_cell       2111      0.80      1.80       1.440     3.472 unit            4
MOAI22D0       lib_cell       1870      1.60      1.80       2.880     2.431 unit            8
OAI22D0        lib_cell       1500      1.40      1.80       2.520     2.778 unit            7
INR2D0         lib_cell       1412      1.20      1.80       2.160     2.315 unit            6
CKND0          lib_cell       1192      0.60      1.80       1.080     3.704 unit            3
NR2XD0         lib_cell        878      0.80      1.80       1.440     3.472 unit            4
CKBD0          lib_cell        840      0.80      1.80       1.440     2.778 unit            4
INR2XD0        lib_cell        825      1.20      1.80       2.160     2.315 unit            6
OAI21D1        lib_cell        770      1.20      1.80       2.160     2.778 unit            6
MUX2D0         lib_cell        767      1.80      1.80       3.240     1.852 unit            9
FA1D1          lib_cell        767      5.60      1.80      10.080     0.694 unit           28
OR2D0          lib_cell        731      1.20      1.80       2.160     2.315 unit            6
CKND2D1        lib_cell        624      0.80      1.80       1.440     3.472 unit            4
OAI22D1        lib_cell        618      1.40      1.80       2.520     2.778 unit            7
AOI21D1        lib_cell        580      1.20      1.80       2.160     2.778 unit            6
CMPE42D1       lib_cell        576      9.20      1.80      16.560     0.604 unit           46
NR2D0          lib_cell        572      0.80      1.80       1.440     3.472 unit            4
CKND1          lib_cell        487      0.60      1.80       1.080     3.704 unit            3
FA1D0          lib_cell        397      5.00      1.80       9.000     0.778 unit           25
XNR2D1         lib_cell        324      2.00      1.80       3.600     1.389 unit           10
IND2D0         lib_cell        294      1.20      1.80       2.160     2.315 unit            6
CKXOR2D0       lib_cell        291      2.00      1.80       3.600     1.389 unit           10
ND2D1          lib_cell        273      0.80      1.80       1.440     3.472 unit            4
OR2D1          lib_cell        267      1.20      1.80       2.160     2.315 unit            6
AO21D0         lib_cell        264      1.40      1.80       2.520     2.381 unit            7
INVD1          lib_cell        248      0.60      1.80       1.080     3.704 unit            3
MAOI22D0       lib_cell        229      1.60      1.80       2.880     2.431 unit            8
OAI21D0        lib_cell        195      1.20      1.80       2.160     2.778 unit            6
OA21D0         lib_cell        176      1.40      1.80       2.520     2.381 unit            7
XOR2D0         lib_cell        168      2.00      1.80       3.600     1.389 unit           10
OAI32D1        lib_cell        166      1.60      1.80       2.880     2.778 unit            8
AOI21D0        lib_cell        162      1.20      1.80       2.160     2.778 unit            6
OA22D0         lib_cell        161      1.60      1.80       2.880     2.431 unit            8
ND2D0          lib_cell        156      0.80      1.80       1.440     3.472 unit            4
NR2D1          lib_cell        146      0.80      1.80       1.440     3.472 unit            4
AOI21D2        lib_cell        137      1.80      1.80       3.240     1.852 unit            9
CKXOR2D1       lib_cell        134      2.00      1.80       3.600     1.389 unit           10
XNR2D2         lib_cell        128      2.20      1.80       3.960     1.263 unit           11
BUFFD2         lib_cell        126      1.20      1.80       2.160     1.852 unit            6
BUFFD1         lib_cell        121      0.80      1.80       1.440     2.778 unit            4
CKND2D2        lib_cell        118      1.40      1.80       2.520     1.984 unit            7
FA1D2          lib_cell        113      5.80      1.80      10.440     0.670 unit           29
MAOI22D1       lib_cell         99      1.60      1.80       2.880     2.431 unit            8
OAI21D2        lib_cell         93      1.80      1.80       3.240     1.852 unit            9
OAI31D0        lib_cell         90      1.40      1.80       2.520     2.778 unit            7
AOI21D4        lib_cell         83      3.60      1.80       6.480     0.926 unit           18
MAOI222D0      lib_cell         75      1.60      1.80       2.880     2.083 unit            8
CKND2          lib_cell         75      0.80      1.80       1.440     2.778 unit            4
CKAN2D0        lib_cell         74      1.20      1.80       2.160     2.315 unit            6
AO211D0        lib_cell         74      1.60      1.80       2.880     2.431 unit            8
INR3D0         lib_cell         70      1.40      1.80       2.520     2.381 unit            7
MUX2ND0        lib_cell         69      1.60      1.80       2.880     2.083 unit            8
INR2D2         lib_cell         64      1.60      1.80       2.880     1.736 unit            8
XNR3D0         lib_cell         64      3.40      1.80       6.120     0.980 unit           17
EDFCNQD1       lib_cell         62      6.00      1.80      10.800     0.648 unit           30
OAI31D1        lib_cell         58      1.40      1.80       2.520     2.778 unit            7
OAI211D1       lib_cell         58      1.40      1.80       2.520     2.778 unit            7
CKBD2          lib_cell         57      1.20      1.80       2.160     1.852 unit            6
OAI211D0       lib_cell         55      1.40      1.80       2.520     2.778 unit            7
IOA21D1        lib_cell         54      1.40      1.80       2.520     2.381 unit            7
OAI211D2       lib_cell         51      2.40      1.80       4.320     1.620 unit           12
INR2D1         lib_cell         48      1.20      1.80       2.160     2.315 unit            6
MOAI22D1       lib_cell         46      1.60      1.80       2.880     2.431 unit            8
IND2D1         lib_cell         43      1.20      1.80       2.160     2.315 unit            6
CKND4          lib_cell         43      1.40      1.80       2.520     1.587 unit            7
AOI22D0        lib_cell         41      1.40      1.80       2.520     2.778 unit            7
OA21D1         lib_cell         36      1.40      1.80       2.520     2.381 unit            7
NR2XD1         lib_cell         35      1.40      1.80       2.520     1.984 unit            7
CKAN2D1        lib_cell         35      1.20      1.80       2.160     2.315 unit            6
OAI21D4        lib_cell         35      3.60      1.80       6.480     0.926 unit           18
CKBD6          lib_cell         34      2.40      1.80       4.320     0.926 unit           12
INVD0          lib_cell         33      0.60      1.80       1.080     3.704 unit            3
HA1D0          lib_cell         32      3.20      1.80       5.760     1.042 unit           16
CKBD4          lib_cell         32      1.80      1.80       3.240     1.235 unit            9
AOI211D0       lib_cell         31      1.40      1.80       2.520     2.778 unit            7
BUFFD16        lib_cell         31      5.80      1.80      10.440     0.383 unit           29
OAI22D2        lib_cell         28      2.40      1.80       4.320     1.620 unit           12
NR4D0          lib_cell         26      1.40      1.80       2.520     2.778 unit            7
CKBD1          lib_cell         25      0.80      1.80       1.440     2.778 unit            4
BUFFD8         lib_cell         25      3.20      1.80       5.760     0.694 unit           16
XOR3D0         lib_cell         22      3.40      1.80       6.120     0.980 unit           17
CKBD3          lib_cell         22      1.40      1.80       2.520     1.587 unit            7
ND3D0          lib_cell         21      1.20      1.80       2.160     2.778 unit            6
CKND6          lib_cell         21      1.80      1.80       3.240     1.235 unit            9
OAI32D0        lib_cell         21      1.60      1.80       2.880     2.778 unit            8
AOI211XD0      lib_cell         20      1.40      1.80       2.520     2.778 unit            7
OA32D0         lib_cell         20      2.00      1.80       3.600     2.222 unit           10
CKBD12         lib_cell         20      4.40      1.80       7.920     0.505 unit           22
BUFFD3         lib_cell         19      1.40      1.80       2.520     1.587 unit            7
NR3D0          lib_cell         18      1.20      1.80       2.160     2.778 unit            6
AOI221D0       lib_cell         17      1.60      1.80       2.880     2.778 unit            8
BUFFD6         lib_cell         16      2.40      1.80       4.320     0.926 unit           12
CKND3          lib_cell         16      1.20      1.80       2.160     1.852 unit            6
ND4D0          lib_cell         16      1.40      1.80       2.520     2.778 unit            7
CKND8          lib_cell         16      2.40      1.80       4.320     0.926 unit           12
CKND12         lib_cell         15      3.40      1.80       6.120     0.654 unit           17
TIEL           lib_cell         15      0.60      1.80       1.080     2.778 unit            3
IOA22D0        lib_cell         14      1.80      1.80       3.240     2.160 unit            9
ND2D2          lib_cell         14      1.40      1.80       2.520     1.984 unit            7
OA22D1         lib_cell         14      1.80      1.80       3.240     2.160 unit            9
AN2D0          lib_cell         13      1.20      1.80       2.160     2.315 unit            6
FCICIND1       lib_cell         12      2.60      1.80       4.680     1.282 unit           13
INR4D0         lib_cell         12      1.60      1.80       2.880     2.431 unit            8
OA211D0        lib_cell         12      1.60      1.80       2.880     2.431 unit            8
ND4D1          lib_cell         12      1.40      1.80       2.520     2.778 unit            7
INVD12         lib_cell         12      3.40      1.80       6.120     0.654 unit           17
BUFFD4         lib_cell         12      1.80      1.80       3.240     1.235 unit            9
CKBD8          lib_cell         11      3.20      1.80       5.760     0.694 unit           16
XNR2D4         lib_cell         11      4.20      1.80       7.560     0.661 unit           21
BUFFD12        lib_cell         10      4.40      1.80       7.920     0.505 unit           22
OR2D2          lib_cell         10      1.40      1.80       2.520     1.984 unit            7
OAI31D2        lib_cell         10      2.40      1.80       4.320     1.620 unit           12
IND3D1         lib_cell         10      1.40      1.80       2.520     2.381 unit            7
AO22D0         lib_cell          9      1.60      1.80       2.880     2.431 unit            8
IOA21D2        lib_cell          9      1.80      1.80       3.240     1.852 unit            9
IND3D0         lib_cell          8      1.40      1.80       2.520     2.381 unit            7
AOI32D0        lib_cell          8      1.60      1.80       2.880     2.778 unit            8
AO21D1         lib_cell          8      1.40      1.80       2.520     2.381 unit            7
NR2D2          lib_cell          7      1.40      1.80       2.520     1.984 unit            7
OR2D4          lib_cell          7      2.40      1.80       4.320     1.157 unit           12
IND4D0         lib_cell          7      1.60      1.80       2.880     2.431 unit            8
INR2XD1        lib_cell          7      1.60      1.80       2.880     1.736 unit            8
XOR3D1         lib_cell          6      3.40      1.80       6.120     0.980 unit           17
IND4D1         lib_cell          6      1.60      1.80       2.880     2.431 unit            8
OAI211D4       lib_cell          6      4.80      1.80       8.640     0.810 unit           24
ND3D1          lib_cell          6      1.20      1.80       2.160     2.778 unit            6
AN4D0          lib_cell          6      1.60      1.80       2.880     2.431 unit            8
OAI32D2        lib_cell          5      3.00      1.80       5.400     1.481 unit           15
IOA21D0        lib_cell          5      1.40      1.80       2.520     2.381 unit            7
AOI22D1        lib_cell          4      1.40      1.80       2.520     2.778 unit            7
XOR2D2         lib_cell          4      2.20      1.80       3.960     1.263 unit           11
IAO21D1        lib_cell          4      1.40      1.80       2.520     2.381 unit            7
HA1D1          lib_cell          4      3.40      1.80       6.120     0.980 unit           17
IAO22D1        lib_cell          4      1.80      1.80       3.240     2.160 unit            9
AOI31D0        lib_cell          4      1.40      1.80       2.520     2.778 unit            7
AOI31D1        lib_cell          4      1.40      1.80       2.520     2.778 unit            7
INVD6          lib_cell          4      1.80      1.80       3.240     1.235 unit            9
INVD2          lib_cell          4      0.80      1.80       1.440     2.778 unit            4
OR2XD1         lib_cell          4      1.20      1.80       2.160     2.315 unit            6
INVD4          lib_cell          4      1.40      1.80       2.520     1.587 unit            7
BUFFD0         lib_cell          4      0.80      1.80       1.440     2.778 unit            4
OAI221D0       lib_cell          4      1.60      1.80       2.880     2.778 unit            8
MUX2ND1        lib_cell          3      2.40      1.80       4.320     1.389 unit           12
AO31D0         lib_cell          3      1.60      1.80       2.880     2.431 unit            8
ND4D2          lib_cell          3      2.60      1.80       4.680     1.496 unit           13
CKXOR2D4       lib_cell          3      4.20      1.80       7.560     0.661 unit           21
OR4D0          lib_cell          3      1.60      1.80       2.880     2.431 unit            8
OAI222D0       lib_cell          3      1.80      1.80       3.240     2.778 unit            9
INVD3          lib_cell          3      1.20      1.80       2.160     1.852 unit            6
IIND4D0        lib_cell          3      2.00      1.80       3.600     1.944 unit           10
NR2D3          lib_cell          3      1.80      1.80       3.240     1.543 unit            9
CKBD16         lib_cell          3      5.60      1.80      10.080     0.397 unit           28
INVD16         lib_cell          3      4.40      1.80       7.920     0.505 unit           22
CKND16         lib_cell          3      4.40      1.80       7.920     0.505 unit           22
IAO22D0        lib_cell          3      1.80      1.80       3.240     2.160 unit            9
AO211D1        lib_cell          2      1.60      1.80       2.880     2.431 unit            8
MAOI222D1      lib_cell          2      1.60      1.80       2.880     2.083 unit            8
EDFQD2         lib_cell          2      5.40      1.80       9.720     0.617 unit           27
XOR2D4         lib_cell          2      4.20      1.80       7.560     0.661 unit           21
AO211D2        lib_cell          2      1.80      1.80       3.240     2.160 unit            9
IND2D2         lib_cell          2      1.60      1.80       2.880     1.736 unit            8
DFSND1         lib_cell          2      5.00      1.80       9.000     0.778 unit           25
OAI221D1       lib_cell          2      1.80      1.80       3.240     2.469 unit            9
CKND2D3        lib_cell          2      1.80      1.80       3.240     1.543 unit            9
TIEH           lib_cell          2      0.60      1.80       1.080     2.778 unit            3
OR4D1          lib_cell          2      1.60      1.80       2.880     2.431 unit            8
CKXOR2D2       lib_cell          2      2.20      1.80       3.960     1.263 unit           11
AOI32D1        lib_cell          2      1.60      1.80       2.880     2.778 unit            8
XNR3D1         lib_cell          1      3.40      1.80       6.120     0.980 unit           17
AO32D0         lib_cell          1      2.20      1.80       3.960     2.020 unit           11
AO21D2         lib_cell          1      1.60      1.80       2.880     2.083 unit            8
MUX3D0         lib_cell          1      3.20      1.80       5.760     1.389 unit           16
EDFCNQD4       lib_cell          1      7.00      1.80      12.600     0.556 unit           35
AO221D0        lib_cell          1      2.00      1.80       3.600     2.222 unit           10
IIND4D1        lib_cell          1      2.00      1.80       3.600     1.944 unit           10
AN3D0          lib_cell          1      1.40      1.80       2.520     2.381 unit            7
DFQD1          lib_cell          1      3.80      1.80       6.840     0.731 unit           19
OAI33D0        lib_cell          1      1.80      1.80       3.240     2.778 unit            9
XOR2D1         lib_cell          1      2.00      1.80       3.600     1.389 unit           10
OR3D0          lib_cell          1      1.40      1.80       2.520     2.381 unit            7
AO222D0        lib_cell          1      2.40      1.80       4.320     2.083 unit           12
INR2XD4        lib_cell          1      5.20      1.80       9.360     0.534 unit           26
IIND4D2        lib_cell          1      3.40      1.80       6.120     1.144 unit           17
ND2D3          lib_cell          1      1.80      1.80       3.240     1.543 unit            9
NR2XD2         lib_cell          1      2.40      1.80       4.320     1.157 unit           12
INR2D4         lib_cell          1      2.80      1.80       5.040     0.992 unit           14
OA22D2         lib_cell          1      2.20      1.80       3.960     1.768 unit           11
AN4D1          lib_cell          1      1.60      1.80       2.880     2.431 unit            8
IOA22D1        lib_cell          1      1.80      1.80       3.240     2.160 unit            9
AOI211XD1      lib_cell          1      2.40      1.80       4.320     1.620 unit           12
AN2XD1         lib_cell          1      1.20      1.80       2.160     2.315 unit            6
MUX2ND2        lib_cell          1      2.60      1.80       4.680     1.282 unit           13
IINR4D0        lib_cell          1      2.00      1.80       3.600     1.944 unit           10
AOI222D0       lib_cell          1      2.00      1.80       3.600     2.500 unit           10
OR3D1          lib_cell          1      1.40      1.80       2.520     2.381 unit            7

NET INFORMATION
------------------------------------------------------------------
NetType                 Count FloatingNets         Vias Nets/Cells
------------------------------------------------------------------
Total                   34678            3            0      1.077
Signal                  34517            3            0      1.072
Power                       1            0            0      0.000
Ground                      1            0            0      0.000
Analog Signal               0            0            0      0.000
Analog Ground               0            0            0      0.000
Analog Power                0            0            0      0.000
Clock                     159            0            0      0.005
Tie Low                     0            0            0      0.000
Tie High                    0            0            0      0.000
Others                      0            0            0      0.000

NET FANOUT AND PIN COUNT INFORMATION
---------------------------------------------------
Fanout        Netcount     netPinCount     NetCount
---------------------------------------------------
<2               15410     <2                     3
2                15324     2                  15407
3                 1813     3                  15324
4                  161     4                   1813
5                  127     5                    161
6-10               668     6-10                 654
11-20              685     11-20                810
21-30              231     21-30                219
31-50              213     31-50                238
51-100              44     51-100                47
101-500              0     101-500                0
501-1000             0     501-1000               0
>1000                2     >1000                  2

PORT AND PIN INFORMATION
------------------------------------------------------------------------------
Type         Total     Input    Output     Inout      3-st     Power    Ground
------------------------------------------------------------------------------
Total       182929    148269     34660         0         0     32193     32193
Macro            0         0         0         0         0         0         0
Ports           52        24        28         0         0         1         1
------------------------------------------------------------------------------

--------------------------------------------------------------------------------
                              FLOORPLAN INFORMATION
--------------------------------------------------------------------------------

CORE AND CHIP AREA INFORMATION
---------------------------
Core Area is :   212705.280
Chip Area is :   231553.280
---------------------------

SITE ROW INFORMATION
-----------------------------------------------------------------------
Site Name    Width    Height   Total Rows     Total Tiles          Area
-----------------------------------------------------------------------
unit          0.20      1.80          256          590848    212705.280
-----------------------------------------------------------------------

BLOCKAGE INFORMATION
------------------------------------------------
Blockage Type                Count          Area
------------------------------------------------
Hard placement                   0         0.000
Soft placement                   0         0.000
Hard macro                       0         0.000
Partial placement                0         0.000
Register                         0         0.000
Placement allow Buffer Only      0         0.000
Placement allow RP Group Only
                                 0         0.000
RP Group                         0         0.000
Category                         0         0.000
Routing                          0         0.000
Routing for Top                  0         0.000
Routing For Design Rule          0         0.000
Shaping                          0         0.000
------------------------------------------------

POWER DOMAIN INFORMATION
--------------------------------------------------------------------
Power Domain Name    VA Name         Primary Power Net Primary Ground Net
--------------------------------------------------------------------
TOP                  DEFAULT_VA      VDD               VSS
--------------------------------------------------------------------

VOLTAGE AREA INFORMATION
-------------------------------------------------------------------------------------
VA Name          Number             Area       Target    bbox    bbox    bbox    bbox
              of shapes                   Utilization     llx     lly     urx     ury
-------------------------------------------------------------------------------------
DEFAULT_VA            1       212705.280         1.00   10.00   10.00  471.60  470.80
-------------------------------------------------------------------------------------

GROUP BOUND INFORMATION
----------------------------------------
No Group Bound exists

EXCLUSIVE MOVEBOUND INFORMATION
----------------------------------------
No Exclusive MoveBound exists.

HARD AND SOFT MOVEBOUND INFORMATION
----------------------------------------
No Hard Or Soft MoveBound exists.

ROUTE GUIDE INFORMATION
------------------------------------------------
Route Guide Type             Count          Area
------------------------------------------------
Extra Detour Region              0         0.000
Over icovl CellLayers            0         0.000
River Routing                    0         0.000
Area Double Via                  0         0.000
Access Preference                0         0.000
Default                          0         0.000
Switched Direction Only          0         0.000
Max Patterns                     0         0.000
Others                           0         0.000
------------------------------------------------

MULTIBIT REGISTER INFORMATION
-----------------------------------------------
No Multibit cells exist

MULTIBIT LS/ISO CELLS INFORMATION
-----------------------------------------------
No Multibit cells exist

RP GROUP INFORMATION
----------------------------------------
No RP Group exists

LAYER INFORMATION
--------------------------------------------------------------------------
Layer Name Direction Ignored Pitch  default minWidth minSpacing    sameNet
                                      Width                     MinSpacing
--------------------------------------------------------------------------
M1         Ver       NO       0.20     0.09     0.09       0.09       0.00
M2         Hor       NO       0.20     0.10     0.10       0.10       0.00
M3         Ver       NO       0.20     0.10     0.10       0.10       0.00
M4         Hor       NO       0.20     0.10     0.10       0.10       0.00
M5         Ver       NO       0.20     0.10     0.10       0.10       0.00
M6         Hor       NO       0.20     0.10     0.10       0.10       0.00
M7         Ver       NO       0.80     0.40     0.40       0.40       0.00
M8         Hor       NO       0.80     0.40     0.40       0.40       0.00
CB         Ver       NO       0.00     0.00     0.00       0.00       0.00
--------------------------------------------------------------------------
--------------------------------------------------------------------------------
                              ROUTING INFORMATION
--------------------------------------------------------------------------------

Total wire length = 0.00 micron
Total number of wires = 0
Total number of contacts = 0

FINAL WIRING STATISTICS

Signal Wiring Statistics

Metal layer     Num wires  % of total#  Wire length % of total length
PO                      0        0.00%         0.00             0.00%
M1                      0        0.00%         0.00             0.00%
M2                      0        0.00%         0.00             0.00%
M3                      0        0.00%         0.00             0.00%
M4                      0        0.00%         0.00             0.00%
M5                      0        0.00%         0.00             0.00%
M6                      0        0.00%         0.00             0.00%
M7                      0        0.00%         0.00             0.00%
M8                      0        0.00%         0.00             0.00%

Clock Wiring Statistics

Metal layer     Num wires  % of total#  Wire length % of total length
PO                      0        0.00%         0.00             0.00%
M1                      0        0.00%         0.00             0.00%
M2                      0        0.00%         0.00             0.00%
M3                      0        0.00%         0.00             0.00%
M4                      0        0.00%         0.00             0.00%
M5                      0        0.00%         0.00             0.00%
M6                      0        0.00%         0.00             0.00%
M7                      0        0.00%         0.00             0.00%
M8                      0        0.00%         0.00             0.00%

P/G Wiring Statistics

Metal layer     Num wires  % of total#  Wire length % of total length
PO                      0        0.00%         0.00             0.00%
M1                    257      100.00%    118631.20           100.00%
M2                      0        0.00%         0.00             0.00%
M3                      0        0.00%         0.00             0.00%
M4                      0        0.00%         0.00             0.00%
M5                      0        0.00%         0.00             0.00%
M6                      0        0.00%         0.00             0.00%
M7                      0        0.00%         0.00             0.00%
M8                      0        0.00%         0.00             0.00%

Shape Pattern Wiring Statistics

Metal layer     Num shapePatterns
                           % of total#  Wire length % of total length
PO                      0        0.00%         0.00             0.00%
M1                      0        0.00%         0.00             0.00%
M2                      0        0.00%         0.00             0.00%
M3                      0        0.00%         0.00             0.00%
M4                      0        0.00%         0.00             0.00%
M5                      0        0.00%         0.00             0.00%
M6                      0        0.00%         0.00             0.00%
M7                      0        0.00%         0.00             0.00%
M8                      0        0.00%         0.00             0.00%

All the PG shape patterns stand for 0 shapes.

Horizontal/Vertical Wire Distribution

Metal layer  Hor. length  % of hor.    Ver. length  % of ver.
PO                   0.00        0.00%         0.00        0.00%
M1                   0.00        0.00%         0.00        0.00%
M2                   0.00        0.00%         0.00        0.00%
M3                   0.00        0.00%         0.00        0.00%
M4                   0.00        0.00%         0.00        0.00%
M5                   0.00        0.00%         0.00        0.00%
M6                   0.00        0.00%         0.00        0.00%
M7                   0.00        0.00%         0.00        0.00%
M8                   0.00        0.00%         0.00        0.00%

FINAL VIA STATISTICS

No vias found in the design.

FINAL DRC STATISTICS

1
