###############################################################
#  Generated by:      Cadence Innovus 21.10-p004_1
#  OS:                Linux x86_64(Host ID ieng6-ece-08.ucsd.edu)
#  Generated on:      Thu Apr 24 17:51:06 2025
#  Design:            aes_cipher_top
#  Command:           report_constraint -drv_violation_type max_transition -all_violators > pre_vios.rpt
###############################################################
# format : frame 1 : split 1

Check type : max_transition
---------------------------
     +--------------------------------------------------------------+ 
     | Pin Name              | Required | Actual | Slack  | View    | 
     |-----------------------+----------+--------+--------+---------| 
     | text_in_r_reg_55_/E   | 0.220    | 0.475  | -0.255 | WC_VIEW | 
     | text_in_r_reg_56_/E   | 0.220    | 0.475  | -0.255 | WC_VIEW | 
     | text_in_r_reg_23_/E   | 0.220    | 0.475  | -0.255 | WC_VIEW | 
     | text_in_r_reg_26_/E   | 0.220    | 0.475  | -0.255 | WC_VIEW | 
     | text_in_r_reg_27_/E   | 0.220    | 0.475  | -0.255 | WC_VIEW | 
     | text_in_r_reg_31_/E   | 0.220    | 0.475  | -0.255 | WC_VIEW | 
     | text_in_r_reg_40_/E   | 0.220    | 0.475  | -0.255 | WC_VIEW | 
     | text_in_r_reg_52_/E   | 0.220    | 0.475  | -0.255 | WC_VIEW | 
     | text_in_r_reg_57_/E   | 0.220    | 0.475  | -0.255 | WC_VIEW | 
     | text_in_r_reg_61_/E   | 0.220    | 0.475  | -0.255 | WC_VIEW | 
     | text_in_r_reg_63_/E   | 0.220    | 0.475  | -0.255 | WC_VIEW | 
     | text_in_r_reg_64_/E   | 0.220    | 0.475  | -0.255 | WC_VIEW | 
     | text_in_r_reg_118_/E  | 0.220    | 0.475  | -0.255 | WC_VIEW | 
     | text_in_r_reg_7_/E    | 0.220    | 0.475  | -0.255 | WC_VIEW | 
     | text_in_r_reg_14_/E   | 0.220    | 0.475  | -0.255 | WC_VIEW | 
     | text_in_r_reg_15_/E   | 0.220    | 0.475  | -0.255 | WC_VIEW | 
     | text_in_r_reg_126_/E  | 0.220    | 0.475  | -0.255 | WC_VIEW | 
     | FE_OFC9_ld/I          | 0.220    | 0.475  | -0.255 | WC_VIEW | 
     | text_in_r_reg_1_/E    | 0.220    | 0.475  | -0.255 | WC_VIEW | 
     | text_in_r_reg_38_/E   | 0.220    | 0.475  | -0.255 | WC_VIEW | 
     | text_in_r_reg_48_/E   | 0.220    | 0.475  | -0.255 | WC_VIEW | 
     | text_in_r_reg_49_/E   | 0.220    | 0.475  | -0.255 | WC_VIEW | 
     | text_in_r_reg_50_/E   | 0.220    | 0.475  | -0.255 | WC_VIEW | 
     | text_in_r_reg_53_/E   | 0.220    | 0.475  | -0.255 | WC_VIEW | 
     | text_in_r_reg_54_/E   | 0.220    | 0.475  | -0.255 | WC_VIEW | 
     | text_in_r_reg_75_/E   | 0.220    | 0.475  | -0.255 | WC_VIEW | 
     | text_in_r_reg_78_/E   | 0.220    | 0.475  | -0.255 | WC_VIEW | 
     | text_in_r_reg_82_/E   | 0.220    | 0.475  | -0.255 | WC_VIEW | 
     | text_in_r_reg_94_/E   | 0.220    | 0.475  | -0.255 | WC_VIEW | 
     | text_in_r_reg_98_/E   | 0.220    | 0.475  | -0.255 | WC_VIEW | 
     | text_in_r_reg_99_/E   | 0.220    | 0.475  | -0.255 | WC_VIEW | 
     | text_in_r_reg_100_/E  | 0.220    | 0.475  | -0.255 | WC_VIEW | 
     | text_in_r_reg_103_/E  | 0.220    | 0.475  | -0.255 | WC_VIEW | 
     | text_in_r_reg_104_/E  | 0.220    | 0.475  | -0.255 | WC_VIEW | 
     | text_in_r_reg_112_/E  | 0.220    | 0.475  | -0.255 | WC_VIEW | 
     | text_in_r_reg_113_/E  | 0.220    | 0.475  | -0.255 | WC_VIEW | 
     | text_in_r_reg_114_/E  | 0.220    | 0.475  | -0.255 | WC_VIEW | 
     | text_in_r_reg_115_/E  | 0.220    | 0.475  | -0.255 | WC_VIEW | 
     | text_in_r_reg_116_/E  | 0.220    | 0.475  | -0.255 | WC_VIEW | 
     | text_in_r_reg_11_/E   | 0.220    | 0.475  | -0.255 | WC_VIEW | 
     | text_in_r_reg_13_/E   | 0.220    | 0.475  | -0.255 | WC_VIEW | 
     | text_in_r_reg_16_/E   | 0.220    | 0.475  | -0.255 | WC_VIEW | 
     | text_in_r_reg_17_/E   | 0.220    | 0.475  | -0.255 | WC_VIEW | 
     | text_in_r_reg_18_/E   | 0.220    | 0.475  | -0.255 | WC_VIEW | 
     | text_in_r_reg_19_/E   | 0.220    | 0.475  | -0.255 | WC_VIEW | 
     | text_in_r_reg_20_/E   | 0.220    | 0.475  | -0.255 | WC_VIEW | 
     | text_in_r_reg_21_/E   | 0.220    | 0.475  | -0.255 | WC_VIEW | 
     | text_in_r_reg_22_/E   | 0.220    | 0.475  | -0.255 | WC_VIEW | 
     | text_in_r_reg_24_/E   | 0.220    | 0.475  | -0.255 | WC_VIEW | 
     | text_in_r_reg_25_/E   | 0.220    | 0.475  | -0.255 | WC_VIEW | 
     | text_in_r_reg_28_/E   | 0.220    | 0.475  | -0.255 | WC_VIEW | 
     | text_in_r_reg_29_/E   | 0.220    | 0.475  | -0.255 | WC_VIEW | 
     | text_in_r_reg_30_/E   | 0.220    | 0.475  | -0.255 | WC_VIEW | 
     | text_in_r_reg_32_/E   | 0.220    | 0.475  | -0.255 | WC_VIEW | 
     | text_in_r_reg_37_/E   | 0.220    | 0.475  | -0.255 | WC_VIEW | 
     | text_in_r_reg_117_/E  | 0.220    | 0.475  | -0.255 | WC_VIEW | 
     | text_in_r_reg_119_/E  | 0.220    | 0.475  | -0.255 | WC_VIEW | 
     | text_in_r_reg_122_/E  | 0.220    | 0.475  | -0.255 | WC_VIEW | 
     | text_in_r_reg_2_/E    | 0.220    | 0.475  | -0.255 | WC_VIEW | 
     | text_in_r_reg_5_/E    | 0.220    | 0.475  | -0.255 | WC_VIEW | 
     | text_in_r_reg_6_/E    | 0.220    | 0.475  | -0.255 | WC_VIEW | 
     | text_in_r_reg_123_/E  | 0.220    | 0.475  | -0.255 | WC_VIEW | 
     | text_in_r_reg_124_/E  | 0.220    | 0.475  | -0.255 | WC_VIEW | 
     | text_in_r_reg_125_/E  | 0.220    | 0.475  | -0.255 | WC_VIEW | 
     | text_in_r_reg_127_/E  | 0.220    | 0.475  | -0.255 | WC_VIEW | 
     | text_in_r_reg_0_/E    | 0.220    | 0.475  | -0.255 | WC_VIEW | 
     | text_in_r_reg_10_/E   | 0.220    | 0.475  | -0.255 | WC_VIEW | 
     | text_in_r_reg_101_/E  | 0.220    | 0.475  | -0.255 | WC_VIEW | 
     | ld_r_reg/D            | 0.220    | 0.475  | -0.255 | WC_VIEW | 
     | FE_OFC5_ld/ZN         | 0.220    | 0.475  | -0.255 | WC_VIEW | 
     | FE_RC_937_0/A2        | 0.220    | 0.456  | -0.236 | WC_VIEW | 
     | FE_RC_2264_0/A2       | 0.220    | 0.456  | -0.236 | WC_VIEW | 
     | FE_RC_352_0/A2        | 0.220    | 0.456  | -0.236 | WC_VIEW | 
     | U782/B2               | 0.220    | 0.456  | -0.236 | WC_VIEW | 
     | U782/A2               | 0.220    | 0.456  | -0.236 | WC_VIEW | 
     | FE_RC_336_0/A2        | 0.220    | 0.456  | -0.236 | WC_VIEW | 
     | FE_RC_337_0/A2        | 0.220    | 0.456  | -0.236 | WC_VIEW | 
     | FE_RC_938_0/A1        | 0.220    | 0.456  | -0.236 | WC_VIEW | 
     | FE_RC_2064_0/A2       | 0.220    | 0.456  | -0.236 | WC_VIEW | 
     | FE_RC_353_0/A1        | 0.220    | 0.456  | -0.236 | WC_VIEW | 
     | FE_RC_473_0/A2        | 0.220    | 0.456  | -0.236 | WC_VIEW | 
     | FE_RC_474_0/A2        | 0.220    | 0.456  | -0.236 | WC_VIEW | 
     | FE_RC_1582_0/A2       | 0.220    | 0.456  | -0.236 | WC_VIEW | 
     | FE_RC_829_0/A2        | 0.220    | 0.455  | -0.235 | WC_VIEW | 
     | U927/A2               | 0.220    | 0.455  | -0.235 | WC_VIEW | 
     | FE_RC_881_0/A2        | 0.220    | 0.455  | -0.235 | WC_VIEW | 
     | FE_OFC296_ld_r/ZN     | 0.220    | 0.455  | -0.235 | WC_VIEW | 
     | FE_RC_1986_0/A2       | 0.220    | 0.455  | -0.235 | WC_VIEW | 
     | FE_RC_1987_0/A1       | 0.220    | 0.455  | -0.235 | WC_VIEW | 
     | FE_RC_1267_0/A2       | 0.220    | 0.455  | -0.235 | WC_VIEW | 
     | FE_RC_1268_0/I        | 0.220    | 0.455  | -0.235 | WC_VIEW | 
     | FE_RC_478_0/A2        | 0.220    | 0.455  | -0.235 | WC_VIEW | 
     | FE_RC_1220_0/A2       | 0.220    | 0.455  | -0.235 | WC_VIEW | 
     | FE_RC_844_0/A1        | 0.220    | 0.455  | -0.235 | WC_VIEW | 
     | FE_RC_843_0/A2        | 0.220    | 0.455  | -0.235 | WC_VIEW | 
     | FE_RC_830_0/A1        | 0.220    | 0.455  | -0.235 | WC_VIEW | 
     | FE_RC_2220_0/A2       | 0.220    | 0.455  | -0.235 | WC_VIEW | 
     | FE_RC_1410_0/A2       | 0.220    | 0.455  | -0.235 | WC_VIEW | 
     | FE_RC_1221_0/A2       | 0.220    | 0.455  | -0.235 | WC_VIEW | 
     | FE_RC_503_0/A2        | 0.220    | 0.455  | -0.235 | WC_VIEW | 
     | FE_RC_477_0/A2        | 0.220    | 0.455  | -0.235 | WC_VIEW | 
     | FE_RC_802_0/A2        | 0.220    | 0.455  | -0.235 | WC_VIEW | 
     | FE_RC_801_0/A2        | 0.220    | 0.455  | -0.235 | WC_VIEW | 
     | FE_RC_1450_0/A2       | 0.220    | 0.455  | -0.235 | WC_VIEW | 
     | FE_RC_1573_0/A2       | 0.220    | 0.455  | -0.235 | WC_VIEW | 
     | FE_RC_502_0/A2        | 0.220    | 0.455  | -0.235 | WC_VIEW | 
     | FE_RC_1691_0/A2       | 0.220    | 0.455  | -0.235 | WC_VIEW | 
     | U854/B1               | 0.220    | 0.446  | -0.226 | WC_VIEW | 
     | FE_RC_3511_0/A2       | 0.220    | 0.446  | -0.226 | WC_VIEW | 
     | FE_RC_3121_0/A2       | 0.220    | 0.446  | -0.226 | WC_VIEW | 
     | FE_RC_3122_0/A1       | 0.220    | 0.446  | -0.226 | WC_VIEW | 
     | FE_RC_2053_0/I        | 0.220    | 0.446  | -0.226 | WC_VIEW | 
     | FE_RC_971_0/I         | 0.220    | 0.446  | -0.226 | WC_VIEW | 
     | FE_RC_2094_0/A1       | 0.220    | 0.446  | -0.226 | WC_VIEW | 
     | FE_RC_828_0/A1        | 0.220    | 0.446  | -0.226 | WC_VIEW | 
     | FE_RC_852_0/A2        | 0.220    | 0.446  | -0.226 | WC_VIEW | 
     | FE_RC_2304_0/A2       | 0.220    | 0.446  | -0.226 | WC_VIEW | 
     | FE_RC_1776_0/A2       | 0.220    | 0.446  | -0.226 | WC_VIEW | 
     | U1400/B2              | 0.220    | 0.446  | -0.226 | WC_VIEW | 
     | FE_RC_840_0/A2        | 0.220    | 0.446  | -0.226 | WC_VIEW | 
     | U1147/B2              | 0.220    | 0.446  | -0.226 | WC_VIEW | 
     | U1147/A2              | 0.220    | 0.446  | -0.226 | WC_VIEW | 
     | FE_RC_1247_0/A2       | 0.220    | 0.446  | -0.226 | WC_VIEW | 
     | FE_RC_1248_0/A1       | 0.220    | 0.446  | -0.226 | WC_VIEW | 
     | FE_RC_3228_0/A2       | 0.220    | 0.446  | -0.226 | WC_VIEW | 
     | FE_RC_905_0/A1        | 0.220    | 0.446  | -0.226 | WC_VIEW | 
     | FE_RC_853_0/A1        | 0.220    | 0.446  | -0.226 | WC_VIEW | 
     | FE_RC_870_0/A2        | 0.220    | 0.446  | -0.226 | WC_VIEW | 
     | FE_RC_841_0/I         | 0.220    | 0.446  | -0.226 | WC_VIEW | 
     | FE_RC_2855_0/A2       | 0.220    | 0.446  | -0.226 | WC_VIEW | 
     | FE_RC_2856_0/A1       | 0.220    | 0.446  | -0.226 | WC_VIEW | 
     | FE_RC_3391_0/A2       | 0.220    | 0.446  | -0.226 | WC_VIEW | 
     | FE_RC_2762_0/A1       | 0.220    | 0.446  | -0.226 | WC_VIEW | 
     | FE_RC_920_0/I         | 0.220    | 0.446  | -0.226 | WC_VIEW | 
     | FE_RC_919_0/A2        | 0.220    | 0.446  | -0.226 | WC_VIEW | 
     | FE_RC_1827_0/A2       | 0.220    | 0.446  | -0.226 | WC_VIEW | 
     | FE_RC_3549_0/A1       | 0.220    | 0.446  | -0.226 | WC_VIEW | 
     | FE_RC_3547_0/B1       | 0.220    | 0.446  | -0.226 | WC_VIEW | 
     | FE_RC_3381_0/A1       | 0.220    | 0.446  | -0.226 | WC_VIEW | 
     | FE_RC_871_0/A1        | 0.220    | 0.446  | -0.226 | WC_VIEW | 
     | FE_OFC299_ld_r/Z      | 0.220    | 0.446  | -0.226 | WC_VIEW | 
     | FE_RC_2007_0/A2       | 0.220    | 0.446  | -0.226 | WC_VIEW | 
     | FE_RC_3392_0/I        | 0.220    | 0.446  | -0.226 | WC_VIEW | 
     | U1401/B2              | 0.220    | 0.446  | -0.226 | WC_VIEW | 
     | FE_RC_3331_0/A2       | 0.220    | 0.446  | -0.226 | WC_VIEW | 
     | text_in_r_reg_77_/E   | 0.220    | 0.421  | -0.201 | WC_VIEW | 
     | text_in_r_reg_80_/E   | 0.220    | 0.421  | -0.201 | WC_VIEW | 
     | text_in_r_reg_81_/E   | 0.220    | 0.421  | -0.201 | WC_VIEW | 
     | text_in_r_reg_84_/E   | 0.220    | 0.421  | -0.201 | WC_VIEW | 
     | text_in_r_reg_86_/E   | 0.220    | 0.421  | -0.201 | WC_VIEW | 
     | text_in_r_reg_87_/E   | 0.220    | 0.421  | -0.201 | WC_VIEW | 
     | text_in_r_reg_95_/E   | 0.220    | 0.421  | -0.201 | WC_VIEW | 
     | text_in_r_reg_102_/E  | 0.220    | 0.421  | -0.201 | WC_VIEW | 
     | text_in_r_reg_107_/E  | 0.220    | 0.421  | -0.201 | WC_VIEW | 
     | text_in_r_reg_108_/E  | 0.220    | 0.421  | -0.201 | WC_VIEW | 
     | text_in_r_reg_59_/E   | 0.220    | 0.421  | -0.201 | WC_VIEW | 
     | text_in_r_reg_60_/E   | 0.220    | 0.421  | -0.201 | WC_VIEW | 
     | text_in_r_reg_62_/E   | 0.220    | 0.421  | -0.201 | WC_VIEW | 
     | text_in_r_reg_73_/E   | 0.220    | 0.421  | -0.201 | WC_VIEW | 
     | text_in_r_reg_109_/E  | 0.220    | 0.421  | -0.201 | WC_VIEW | 
     | text_in_r_reg_110_/E  | 0.220    | 0.421  | -0.201 | WC_VIEW | 
     | text_in_r_reg_39_/E   | 0.220    | 0.421  | -0.201 | WC_VIEW | 
     | text_in_r_reg_42_/E   | 0.220    | 0.421  | -0.201 | WC_VIEW | 
     | text_in_r_reg_51_/E   | 0.220    | 0.421  | -0.201 | WC_VIEW | 
     | text_in_r_reg_58_/E   | 0.220    | 0.421  | -0.201 | WC_VIEW | 
     | text_in_r_reg_120_/E  | 0.220    | 0.421  | -0.201 | WC_VIEW | 
     | text_in_r_reg_35_/E   | 0.220    | 0.421  | -0.201 | WC_VIEW | 
     | text_in_r_reg_36_/E   | 0.220    | 0.421  | -0.201 | WC_VIEW | 
     | text_in_r_reg_121_/E  | 0.220    | 0.421  | -0.201 | WC_VIEW | 
     | text_in_r_reg_33_/E   | 0.220    | 0.421  | -0.201 | WC_VIEW | 
     | text_in_r_reg_76_/E   | 0.220    | 0.421  | -0.201 | WC_VIEW | 
     | text_in_r_reg_79_/E   | 0.220    | 0.421  | -0.201 | WC_VIEW | 
     | text_in_r_reg_85_/E   | 0.220    | 0.421  | -0.201 | WC_VIEW | 
     | text_in_r_reg_88_/E   | 0.220    | 0.421  | -0.201 | WC_VIEW | 
     | text_in_r_reg_89_/E   | 0.220    | 0.421  | -0.201 | WC_VIEW | 
     | text_in_r_reg_90_/E   | 0.220    | 0.421  | -0.201 | WC_VIEW | 
     | text_in_r_reg_91_/E   | 0.220    | 0.421  | -0.201 | WC_VIEW | 
     | text_in_r_reg_66_/E   | 0.220    | 0.421  | -0.201 | WC_VIEW | 
     | text_in_r_reg_67_/E   | 0.220    | 0.421  | -0.201 | WC_VIEW | 
     | text_in_r_reg_68_/E   | 0.220    | 0.421  | -0.201 | WC_VIEW | 
     | text_in_r_reg_69_/E   | 0.220    | 0.421  | -0.201 | WC_VIEW | 
     | text_in_r_reg_70_/E   | 0.220    | 0.421  | -0.201 | WC_VIEW | 
     | text_in_r_reg_71_/E   | 0.220    | 0.421  | -0.201 | WC_VIEW | 
     | text_in_r_reg_72_/E   | 0.220    | 0.421  | -0.201 | WC_VIEW | 
     | text_in_r_reg_74_/E   | 0.220    | 0.421  | -0.201 | WC_VIEW | 
     | text_in_r_reg_92_/E   | 0.220    | 0.421  | -0.201 | WC_VIEW | 
     | text_in_r_reg_93_/E   | 0.220    | 0.421  | -0.201 | WC_VIEW | 
     | text_in_r_reg_96_/E   | 0.220    | 0.421  | -0.201 | WC_VIEW | 
     | text_in_r_reg_97_/E   | 0.220    | 0.421  | -0.201 | WC_VIEW | 
     | text_in_r_reg_34_/E   | 0.220    | 0.421  | -0.201 | WC_VIEW | 
     | text_in_r_reg_41_/E   | 0.220    | 0.421  | -0.201 | WC_VIEW | 
     | text_in_r_reg_43_/E   | 0.220    | 0.421  | -0.201 | WC_VIEW | 
     | text_in_r_reg_44_/E   | 0.220    | 0.421  | -0.201 | WC_VIEW | 
     | text_in_r_reg_45_/E   | 0.220    | 0.421  | -0.201 | WC_VIEW | 
     | text_in_r_reg_46_/E   | 0.220    | 0.421  | -0.201 | WC_VIEW | 
     | text_in_r_reg_47_/E   | 0.220    | 0.421  | -0.201 | WC_VIEW | 
     | text_in_r_reg_65_/E   | 0.220    | 0.421  | -0.201 | WC_VIEW | 
     | text_in_r_reg_105_/E  | 0.220    | 0.421  | -0.201 | WC_VIEW | 
     | text_in_r_reg_106_/E  | 0.220    | 0.421  | -0.201 | WC_VIEW | 
     | text_in_r_reg_9_/E    | 0.220    | 0.421  | -0.201 | WC_VIEW | 
     | text_in_r_reg_12_/E   | 0.220    | 0.421  | -0.201 | WC_VIEW | 
     | text_in_r_reg_111_/E  | 0.220    | 0.421  | -0.201 | WC_VIEW | 
     | text_in_r_reg_4_/E    | 0.220    | 0.421  | -0.201 | WC_VIEW | 
     | text_in_r_reg_8_/E    | 0.220    | 0.421  | -0.201 | WC_VIEW | 
     | FE_OFC9_ld/Z          | 0.220    | 0.421  | -0.201 | WC_VIEW | 
     | text_in_r_reg_3_/E    | 0.220    | 0.421  | -0.201 | WC_VIEW | 
     | text_in_r_reg_83_/E   | 0.220    | 0.421  | -0.201 | WC_VIEW | 
     | u0/U187/A1            | 0.220    | 0.418  | -0.198 | WC_VIEW | 
     | u0/U129/B2            | 0.220    | 0.418  | -0.198 | WC_VIEW | 
     | u0/U129/A2            | 0.220    | 0.418  | -0.198 | WC_VIEW | 
     | u0/U125/B2            | 0.220    | 0.418  | -0.198 | WC_VIEW | 
     | u0/U125/A2            | 0.220    | 0.418  | -0.198 | WC_VIEW | 
     | u0/U123/B2            | 0.220    | 0.418  | -0.198 | WC_VIEW | 
     | u0/U123/A2            | 0.220    | 0.418  | -0.198 | WC_VIEW | 
     | u0/U119/B2            | 0.220    | 0.418  | -0.198 | WC_VIEW | 
     | u0/U119/A2            | 0.220    | 0.418  | -0.198 | WC_VIEW | 
     | u0/U113/B2            | 0.220    | 0.418  | -0.198 | WC_VIEW | 
     | u0/U113/A2            | 0.220    | 0.418  | -0.198 | WC_VIEW | 
     | u0/U109/B2            | 0.220    | 0.418  | -0.198 | WC_VIEW | 
     | u0/U109/A2            | 0.220    | 0.418  | -0.198 | WC_VIEW | 
     | u0/U103/B2            | 0.220    | 0.418  | -0.198 | WC_VIEW | 
     | u0/U103/A1            | 0.220    | 0.418  | -0.198 | WC_VIEW | 
     | u0/U172/A2            | 0.220    | 0.418  | -0.198 | WC_VIEW | 
     | u0/U193/B2            | 0.220    | 0.418  | -0.198 | WC_VIEW | 
     | u0/U193/A1            | 0.220    | 0.418  | -0.198 | WC_VIEW | 
     | u0/U187/B2            | 0.220    | 0.418  | -0.198 | WC_VIEW | 
     | u0/U101/B2            | 0.220    | 0.418  | -0.198 | WC_VIEW | 
     | u0/U101/A2            | 0.220    | 0.418  | -0.198 | WC_VIEW | 
     | u0/FE_OFC7_ld/ZN      | 0.220    | 0.418  | -0.198 | WC_VIEW | 
     | u0/U235/A2            | 0.220    | 0.418  | -0.198 | WC_VIEW | 
     | u0/U99/B2             | 0.220    | 0.418  | -0.198 | WC_VIEW | 
     | u0/FE_RC_2971_0/A2    | 0.220    | 0.418  | -0.198 | WC_VIEW | 
     | u0/FE_OFC10_ld/I      | 0.220    | 0.418  | -0.198 | WC_VIEW | 
     | u0/U99/A2             | 0.220    | 0.418  | -0.198 | WC_VIEW | 
     | u0/FE_RC_2972_0/A2    | 0.220    | 0.418  | -0.198 | WC_VIEW | 
     | u0/U141/A1            | 0.220    | 0.413  | -0.193 | WC_VIEW | 
     | u0/U139/B2            | 0.220    | 0.413  | -0.193 | WC_VIEW | 
     | u0/U139/A1            | 0.220    | 0.413  | -0.193 | WC_VIEW | 
     | u0/U143/A1            | 0.220    | 0.413  | -0.193 | WC_VIEW | 
     | u0/U141/B2            | 0.220    | 0.413  | -0.193 | WC_VIEW | 
     | u0/U137/B2            | 0.220    | 0.413  | -0.193 | WC_VIEW | 
     | u0/U220/B2            | 0.220    | 0.413  | -0.193 | WC_VIEW | 
     | u0/U143/B2            | 0.220    | 0.413  | -0.193 | WC_VIEW | 
     | u0/U137/A1            | 0.220    | 0.413  | -0.193 | WC_VIEW | 
     | u0/U225/B2            | 0.220    | 0.413  | -0.193 | WC_VIEW | 
     | u0/U225/A1            | 0.220    | 0.413  | -0.193 | WC_VIEW | 
     | u0/U222/B2            | 0.220    | 0.413  | -0.193 | WC_VIEW | 
     | u0/U222/A1            | 0.220    | 0.413  | -0.193 | WC_VIEW | 
     | u0/U219/B2            | 0.220    | 0.413  | -0.193 | WC_VIEW | 
     | u0/U219/A1            | 0.220    | 0.413  | -0.193 | WC_VIEW | 
     | u0/U216/B2            | 0.220    | 0.413  | -0.193 | WC_VIEW | 
     | u0/U216/A1            | 0.220    | 0.413  | -0.193 | WC_VIEW | 
     | u0/U313/A1            | 0.220    | 0.413  | -0.193 | WC_VIEW | 
     | u0/U307/B2            | 0.220    | 0.413  | -0.193 | WC_VIEW | 
     | u0/U307/A1            | 0.220    | 0.413  | -0.193 | WC_VIEW | 
     | u0/U156/B2            | 0.220    | 0.413  | -0.193 | WC_VIEW | 
     | u0/U156/A1            | 0.220    | 0.413  | -0.193 | WC_VIEW | 
     | u0/U120/B2            | 0.220    | 0.413  | -0.193 | WC_VIEW | 
     | u0/U120/A1            | 0.220    | 0.413  | -0.193 | WC_VIEW | 
     | u0/FE_RC_8_0/S        | 0.220    | 0.413  | -0.193 | WC_VIEW | 
     | u0/U240/B2            | 0.220    | 0.413  | -0.193 | WC_VIEW | 
     | u0/U240/A1            | 0.220    | 0.413  | -0.193 | WC_VIEW | 
     | u0/U234/B2            | 0.220    | 0.413  | -0.193 | WC_VIEW | 
     | u0/U234/A1            | 0.220    | 0.413  | -0.193 | WC_VIEW | 
     | u0/U210/B2            | 0.220    | 0.413  | -0.193 | WC_VIEW | 
     | u0/U210/A1            | 0.220    | 0.413  | -0.193 | WC_VIEW | 
     | u0/U204/B2            | 0.220    | 0.413  | -0.193 | WC_VIEW | 
     | u0/U204/A1            | 0.220    | 0.413  | -0.193 | WC_VIEW | 
     | u0/U195/B2            | 0.220    | 0.413  | -0.193 | WC_VIEW | 
     | u0/U195/A1            | 0.220    | 0.413  | -0.193 | WC_VIEW | 
     | u0/U151/B2            | 0.220    | 0.413  | -0.193 | WC_VIEW | 
     | u0/U151/A1            | 0.220    | 0.413  | -0.193 | WC_VIEW | 
     | u0/U147/B2            | 0.220    | 0.413  | -0.193 | WC_VIEW | 
     | u0/U147/A1            | 0.220    | 0.413  | -0.193 | WC_VIEW | 
     | u0/U135/B2            | 0.220    | 0.413  | -0.193 | WC_VIEW | 
     | u0/U135/A1            | 0.220    | 0.413  | -0.193 | WC_VIEW | 
     | u0/U133/B2            | 0.220    | 0.413  | -0.193 | WC_VIEW | 
     | u0/U133/A1            | 0.220    | 0.413  | -0.193 | WC_VIEW | 
     | u0/U131/B2            | 0.220    | 0.413  | -0.193 | WC_VIEW | 
     | u0/U131/A1            | 0.220    | 0.413  | -0.193 | WC_VIEW | 
     | u0/U85/B2             | 0.220    | 0.413  | -0.193 | WC_VIEW | 
     | u0/U85/A2             | 0.220    | 0.413  | -0.193 | WC_VIEW | 
     | u0/U71/B2             | 0.220    | 0.413  | -0.193 | WC_VIEW | 
     | u0/U71/A2             | 0.220    | 0.413  | -0.193 | WC_VIEW | 
     | u0/U69/B2             | 0.220    | 0.413  | -0.193 | WC_VIEW | 
     | u0/U69/A2             | 0.220    | 0.413  | -0.193 | WC_VIEW | 
     | u0/U63/B2             | 0.220    | 0.413  | -0.193 | WC_VIEW | 
     | u0/U63/A1             | 0.220    | 0.413  | -0.193 | WC_VIEW | 
     | u0/U31/B2             | 0.220    | 0.413  | -0.193 | WC_VIEW | 
     | u0/U31/A1             | 0.220    | 0.413  | -0.193 | WC_VIEW | 
     | u0/U29/B2             | 0.220    | 0.413  | -0.193 | WC_VIEW | 
     | u0/U29/A1             | 0.220    | 0.413  | -0.193 | WC_VIEW | 
     | u0/U27/B2             | 0.220    | 0.413  | -0.193 | WC_VIEW | 
     | u0/FE_OFC75_ld/Z      | 0.220    | 0.413  | -0.193 | WC_VIEW | 
     | u0/U313/B2            | 0.220    | 0.413  | -0.193 | WC_VIEW | 
     | u0/U27/A1             | 0.220    | 0.413  | -0.193 | WC_VIEW | 
     | u0/FE_RC_2552_0/S     | 0.220    | 0.413  | -0.193 | WC_VIEW | 
     | FE_RC_1520_0/A1       | 0.220    | 0.408  | -0.188 | WC_VIEW | 
     | FE_RC_1811_0/A1       | 0.220    | 0.408  | -0.188 | WC_VIEW | 
     | U902/A2               | 0.220    | 0.408  | -0.188 | WC_VIEW | 
     | FE_RC_2900_0/A2       | 0.220    | 0.408  | -0.188 | WC_VIEW | 
     | FE_RC_1554_0/A1       | 0.220    | 0.408  | -0.188 | WC_VIEW | 
     | FE_RC_2901_0/A1       | 0.220    | 0.408  | -0.188 | WC_VIEW | 
     | FE_RC_3271_0/A1       | 0.220    | 0.408  | -0.188 | WC_VIEW | 
     | U784/A2               | 0.220    | 0.408  | -0.188 | WC_VIEW | 
     | FE_RC_2106_0/A2       | 0.220    | 0.408  | -0.188 | WC_VIEW | 
     | U1333/A2              | 0.220    | 0.408  | -0.188 | WC_VIEW | 
     | U1322/A2              | 0.220    | 0.408  | -0.188 | WC_VIEW | 
     | U1150/B2              | 0.220    | 0.408  | -0.188 | WC_VIEW | 
     | U1150/A2              | 0.220    | 0.408  | -0.188 | WC_VIEW | 
     | U1112/B2              | 0.220    | 0.408  | -0.188 | WC_VIEW | 
     | U1112/A2              | 0.220    | 0.408  | -0.188 | WC_VIEW | 
     | U927/B2               | 0.220    | 0.408  | -0.188 | WC_VIEW | 
     | U784/B2               | 0.220    | 0.408  | -0.188 | WC_VIEW | 
     | FE_RC_1691_0/B1       | 0.220    | 0.408  | -0.188 | WC_VIEW | 
     | FE_RC_1583_0/A1       | 0.220    | 0.408  | -0.188 | WC_VIEW | 
     | FE_RC_1450_0/B1       | 0.220    | 0.408  | -0.188 | WC_VIEW | 
     | FE_RC_2072_0/A1       | 0.220    | 0.408  | -0.188 | WC_VIEW | 
     | FE_RC_1060_0/A1       | 0.220    | 0.408  | -0.188 | WC_VIEW | 
     | FE_RC_1059_0/I        | 0.220    | 0.408  | -0.188 | WC_VIEW | 
     | FE_RC_964_0/A1        | 0.220    | 0.408  | -0.188 | WC_VIEW | 
     | FE_RC_882_0/A1        | 0.220    | 0.408  | -0.188 | WC_VIEW | 
     | FE_RC_816_0/A1        | 0.220    | 0.408  | -0.188 | WC_VIEW | 
     | FE_RC_2071_0/A2       | 0.220    | 0.408  | -0.188 | WC_VIEW | 
     | FE_RC_2065_0/A1       | 0.220    | 0.408  | -0.188 | WC_VIEW | 
     | FE_RC_2220_0/B1       | 0.220    | 0.408  | -0.188 | WC_VIEW | 
     | FE_RC_1094_0/A1       | 0.220    | 0.408  | -0.188 | WC_VIEW | 
     | FE_RC_1503_0/I        | 0.220    | 0.408  | -0.188 | WC_VIEW | 
     | FE_RC_1411_0/A1       | 0.220    | 0.408  | -0.188 | WC_VIEW | 
     | FE_RC_847_0/A1        | 0.220    | 0.408  | -0.188 | WC_VIEW | 
     | FE_RC_1573_0/B1       | 0.220    | 0.408  | -0.188 | WC_VIEW | 
     | FE_RC_1504_0/A1       | 0.220    | 0.408  | -0.188 | WC_VIEW | 
     | FE_RC_2264_0/B1       | 0.220    | 0.408  | -0.188 | WC_VIEW | 
     | FE_RC_1885_0/A1       | 0.220    | 0.408  | -0.188 | WC_VIEW | 
     | U1400/A2              | 0.220    | 0.408  | -0.188 | WC_VIEW | 
     | U1319/A2              | 0.220    | 0.408  | -0.188 | WC_VIEW | 
     | U1297/A2              | 0.220    | 0.408  | -0.188 | WC_VIEW | 
     | U1110/A2              | 0.220    | 0.408  | -0.188 | WC_VIEW | 
     | U881/B2               | 0.220    | 0.408  | -0.188 | WC_VIEW | 
     | U881/A2               | 0.220    | 0.408  | -0.188 | WC_VIEW | 
     | U854/A2               | 0.220    | 0.408  | -0.188 | WC_VIEW | 
     | U7/B2                 | 0.220    | 0.408  | -0.188 | WC_VIEW | 
     | U7/A2                 | 0.220    | 0.408  | -0.188 | WC_VIEW | 
     | FE_RC_2621_0/B1       | 0.220    | 0.408  | -0.188 | WC_VIEW | 
     | FE_RC_1720_0/A1       | 0.220    | 0.408  | -0.188 | WC_VIEW | 
     | FE_RC_3511_0/B1       | 0.220    | 0.408  | -0.188 | WC_VIEW | 
     | FE_RC_839_0/B1        | 0.220    | 0.408  | -0.188 | WC_VIEW | 
     | FE_RC_815_0/I         | 0.220    | 0.408  | -0.188 | WC_VIEW | 
     | FE_RC_2305_0/A1       | 0.220    | 0.408  | -0.188 | WC_VIEW | 
     | FE_RC_214_0/B1        | 0.220    | 0.408  | -0.188 | WC_VIEW | 
     | FE_RC_1828_0/A1       | 0.220    | 0.408  | -0.188 | WC_VIEW | 
     | FE_RC_1777_0/A2       | 0.220    | 0.408  | -0.188 | WC_VIEW | 
     | U1401/A2              | 0.220    | 0.408  | -0.188 | WC_VIEW | 
     | FE_RC_2008_0/A1       | 0.220    | 0.408  | -0.188 | WC_VIEW | 
     | FE_RC_3024_0/B1       | 0.220    | 0.408  | -0.188 | WC_VIEW | 
     | FE_RC_2947_0/B1       | 0.220    | 0.408  | -0.188 | WC_VIEW | 
     | FE_RC_2791_0/B1       | 0.220    | 0.408  | -0.188 | WC_VIEW | 
     | FE_RC_1324_0/A1       | 0.220    | 0.408  | -0.188 | WC_VIEW | 
     | FE_RC_3173_0/A1       | 0.220    | 0.408  | -0.188 | WC_VIEW | 
     | FE_RC_2896_0/A1       | 0.220    | 0.408  | -0.188 | WC_VIEW | 
     | FE_RC_3332_0/A1       | 0.220    | 0.408  | -0.188 | WC_VIEW | 
     | FE_RC_3088_0/A1       | 0.220    | 0.407  | -0.188 | WC_VIEW | 
     | FE_RC_3087_0/A2       | 0.220    | 0.407  | -0.187 | WC_VIEW | 
     | FE_RC_2158_0/B1       | 0.220    | 0.407  | -0.187 | WC_VIEW | 
     | FE_RC_2000_0/A1       | 0.220    | 0.407  | -0.187 | WC_VIEW | 
     | FE_RC_2684_0/A1       | 0.220    | 0.407  | -0.187 | WC_VIEW | 
     | FE_RC_1924_0/I        | 0.220    | 0.407  | -0.187 | WC_VIEW | 
     | FE_RC_1925_0/A1       | 0.220    | 0.407  | -0.187 | WC_VIEW | 
     | FE_RC_3530_0/I        | 0.220    | 0.407  | -0.187 | WC_VIEW | 
     | FE_RC_3367_0/A1       | 0.220    | 0.407  | -0.187 | WC_VIEW | 
     | FE_RC_1953_0/B1       | 0.220    | 0.407  | -0.187 | WC_VIEW | 
     | FE_OFC298_ld_r/ZN     | 0.220    | 0.407  | -0.187 | WC_VIEW | 
     | text_out_reg_119_/D   | 0.220    | 0.404  | -0.184 | WC_VIEW | 
     | U1448/Z               | 0.220    | 0.404  | -0.184 | WC_VIEW | 
     | U1137/A1              | 0.220    | 0.384  | -0.164 | WC_VIEW | 
     | U1101/A1              | 0.220    | 0.384  | -0.164 | WC_VIEW | 
     | U1349/A2              | 0.220    | 0.384  | -0.164 | WC_VIEW | 
     | U565/A2               | 0.220    | 0.383  | -0.163 | WC_VIEW | 
     | U139/A1               | 0.220    | 0.383  | -0.163 | WC_VIEW | 
     | u0/U68/A2             | 0.220    | 0.383  | -0.163 | WC_VIEW | 
     | u0/U54/A2             | 0.220    | 0.383  | -0.163 | WC_VIEW | 
     | U900/A1               | 0.220    | 0.383  | -0.163 | WC_VIEW | 
     | u0/w_reg_2__12_/Q     | 0.220    | 0.383  | -0.163 | WC_VIEW | 
     | u0/w_reg_2__14_/Q     | 0.220    | 0.383  | -0.163 | WC_VIEW | 
     | U135/A1               | 0.220    | 0.383  | -0.163 | WC_VIEW | 
     | u0/U70/A2             | 0.220    | 0.383  | -0.163 | WC_VIEW | 
     | U580/A2               | 0.220    | 0.383  | -0.163 | WC_VIEW | 
     | u0/U166/A2            | 0.220    | 0.383  | -0.163 | WC_VIEW | 
     | U944/A1               | 0.220    | 0.383  | -0.163 | WC_VIEW | 
     | u0/U229/A2            | 0.220    | 0.383  | -0.163 | WC_VIEW | 
     | u0/U174/A2            | 0.220    | 0.383  | -0.163 | WC_VIEW | 
     | u0/w_reg_2__10_/Q     | 0.220    | 0.383  | -0.163 | WC_VIEW | 
     | U1103/A1              | 0.220    | 0.367  | -0.147 | WC_VIEW | 
     | u0/U298/A2            | 0.220    | 0.366  | -0.146 | WC_VIEW | 
     | u0/U164/A2            | 0.220    | 0.366  | -0.146 | WC_VIEW | 
     | U1180/A1              | 0.220    | 0.366  | -0.146 | WC_VIEW | 
     | U561/A2               | 0.220    | 0.366  | -0.146 | WC_VIEW | 
     | u0/w_reg_2__15_/Q     | 0.220    | 0.366  | -0.146 | WC_VIEW | 
     | u0/U46/A2             | 0.220    | 0.347  | -0.127 | WC_VIEW | 
     | U796/A2               | 0.220    | 0.347  | -0.127 | WC_VIEW | 
     | U138/A1               | 0.220    | 0.347  | -0.127 | WC_VIEW | 
     | u0/U168/A2            | 0.220    | 0.347  | -0.127 | WC_VIEW | 
     | u0/w_reg_2__13_/Q     | 0.220    | 0.347  | -0.127 | WC_VIEW | 
     | U1023/A2              | 0.220    | 0.347  | -0.127 | WC_VIEW | 
     | U1344/A2              | 0.220    | 0.345  | -0.125 | WC_VIEW | 
     | U970/A1               | 0.220    | 0.345  | -0.125 | WC_VIEW | 
     | u0/U244/A2            | 0.220    | 0.345  | -0.125 | WC_VIEW | 
     | U1503/A1              | 0.220    | 0.345  | -0.125 | WC_VIEW | 
     | u0/w_reg_2__9_/Q      | 0.220    | 0.345  | -0.125 | WC_VIEW | 
     | u0/U176/A2            | 0.220    | 0.345  | -0.125 | WC_VIEW | 
     | text_out_reg_12_/D    | 0.220    | 0.337  | -0.117 | WC_VIEW | 
     | U1491/Z               | 0.220    | 0.337  | -0.117 | WC_VIEW | 
     | text_out_reg_113_/D   | 0.220    | 0.337  | -0.117 | WC_VIEW | 
     | U1497/Z               | 0.220    | 0.337  | -0.117 | WC_VIEW | 
     | U1436/Z               | 0.220    | 0.336  | -0.116 | WC_VIEW | 
     | text_out_reg_107_/D   | 0.220    | 0.336  | -0.116 | WC_VIEW | 
     | U153/Z                | 0.220    | 0.336  | -0.116 | WC_VIEW | 
     | text_out_reg_108_/D   | 0.220    | 0.335  | -0.115 | WC_VIEW | 
     | U1288/ZN              | 0.220    | 0.335  | -0.115 | WC_VIEW | 
     | dcnt_reg_3_/D         | 0.220    | 0.335  | -0.115 | WC_VIEW | 
     | text_out_reg_9_/D     | 0.220    | 0.335  | -0.115 | WC_VIEW | 
     | U1478/Z               | 0.220    | 0.335  | -0.115 | WC_VIEW | 
     | text_out_reg_19_/D    | 0.220    | 0.330  | -0.110 | WC_VIEW | 
     | U1426/Z               | 0.220    | 0.330  | -0.110 | WC_VIEW | 
     | text_out_reg_10_/D    | 0.220    | 0.330  | -0.110 | WC_VIEW | 
     | U1211/Z               | 0.220    | 0.330  | -0.110 | WC_VIEW | 
     | u0/U220/A1            | 0.220    | 0.324  | -0.104 | WC_VIEW | 
     | u0/U207/B2            | 0.220    | 0.324  | -0.104 | WC_VIEW | 
     | u0/U206/B2            | 0.220    | 0.324  | -0.104 | WC_VIEW | 
     | u0/FE_RC_2180_0/A2    | 0.220    | 0.324  | -0.104 | WC_VIEW | 
     | u0/r0/rcnt_reg_2_/CN  | 0.220    | 0.324  | -0.104 | WC_VIEW | 
     | u0/r0/rcnt_reg_1_/CN  | 0.220    | 0.324  | -0.104 | WC_VIEW | 
     | u0/FE_RC_2549_0/S     | 0.220    | 0.324  | -0.104 | WC_VIEW | 
     | u0/FE_RC_2179_0/A2    | 0.220    | 0.324  | -0.104 | WC_VIEW | 
     | u0/U172/B2            | 0.220    | 0.324  | -0.104 | WC_VIEW | 
     | u0/U60/B2             | 0.220    | 0.324  | -0.104 | WC_VIEW | 
     | u0/U56/B2             | 0.220    | 0.324  | -0.104 | WC_VIEW | 
     | u0/FE_RC_1517_0/A2    | 0.220    | 0.324  | -0.104 | WC_VIEW | 
     | u0/FE_RC_1253_0/A1    | 0.220    | 0.324  | -0.104 | WC_VIEW | 
     | u0/FE_RC_1252_0/A2    | 0.220    | 0.324  | -0.104 | WC_VIEW | 
     | u0/U235/B2            | 0.220    | 0.324  | -0.104 | WC_VIEW | 
     | u0/U56/A2             | 0.220    | 0.324  | -0.104 | WC_VIEW | 
     | u0/FE_RC_1518_0/A1    | 0.220    | 0.324  | -0.104 | WC_VIEW | 
     | u0/FE_RC_3450_0/S     | 0.220    | 0.324  | -0.104 | WC_VIEW | 
     | U1273/B               | 0.220    | 0.324  | -0.104 | WC_VIEW | 
     | FE_DBTC9_ld/ZN        | 0.220    | 0.324  | -0.104 | WC_VIEW | 
     | U1275/A2              | 0.220    | 0.324  | -0.104 | WC_VIEW | 
     | U1421/Z               | 0.220    | 0.324  | -0.104 | WC_VIEW | 
     | text_out_reg_2_/D     | 0.220    | 0.324  | -0.104 | WC_VIEW | 
     | u0/U57/A1             | 0.220    | 0.324  | -0.104 | WC_VIEW | 
     | u0/U47/B2             | 0.220    | 0.324  | -0.104 | WC_VIEW | 
     | u0/FE_RC_3449_0/S     | 0.220    | 0.324  | -0.104 | WC_VIEW | 
     | u0/U145/B2            | 0.220    | 0.324  | -0.104 | WC_VIEW | 
     | u0/U145/A1            | 0.220    | 0.324  | -0.104 | WC_VIEW | 
     | u0/U81/B2             | 0.220    | 0.324  | -0.104 | WC_VIEW | 
     | u0/U81/A2             | 0.220    | 0.324  | -0.104 | WC_VIEW | 
     | u0/U61/B2             | 0.220    | 0.324  | -0.104 | WC_VIEW | 
     | u0/U61/A1             | 0.220    | 0.324  | -0.104 | WC_VIEW | 
     | u0/U57/B2             | 0.220    | 0.324  | -0.104 | WC_VIEW | 
     | u0/U47/A1             | 0.220    | 0.324  | -0.104 | WC_VIEW | 
     | u0/U43/B2             | 0.220    | 0.324  | -0.104 | WC_VIEW | 
     | u0/U43/A1             | 0.220    | 0.324  | -0.104 | WC_VIEW | 
     | u0/U39/B2             | 0.220    | 0.324  | -0.104 | WC_VIEW | 
     | text_out_reg_120_/D   | 0.220    | 0.324  | -0.104 | WC_VIEW | 
     | u0/FE_RC_3090_0/B2    | 0.220    | 0.324  | -0.104 | WC_VIEW | 
     | u0/FE_OFC4_ld/Z       | 0.220    | 0.324  | -0.104 | WC_VIEW | 
     | u0/FE_RC_6_0/S        | 0.220    | 0.324  | -0.104 | WC_VIEW | 
     | u0/U39/A1             | 0.220    | 0.324  | -0.104 | WC_VIEW | 
     | u0/U35/B2             | 0.220    | 0.324  | -0.104 | WC_VIEW | 
     | U1070/Z               | 0.220    | 0.324  | -0.104 | WC_VIEW | 
     | u0/FE_RC_14_0/S       | 0.220    | 0.324  | -0.104 | WC_VIEW | 
     | u0/FE_RC_12_0/S       | 0.220    | 0.324  | -0.104 | WC_VIEW | 
     | u0/U35/A1             | 0.220    | 0.324  | -0.104 | WC_VIEW | 
     | u0/FE_RC_9_0/S        | 0.220    | 0.324  | -0.104 | WC_VIEW | 
     | u0/FE_RC_3090_0/A2    | 0.220    | 0.324  | -0.104 | WC_VIEW | 
     | text_out_reg_16_/D    | 0.220    | 0.316  | -0.096 | WC_VIEW | 
     | U1200/Z               | 0.220    | 0.316  | -0.096 | WC_VIEW | 
     | u0/U183/A1            | 0.220    | 0.310  | -0.090 | WC_VIEW | 
     | u0/U179/B2            | 0.220    | 0.310  | -0.090 | WC_VIEW | 
     | u0/U179/A1            | 0.220    | 0.310  | -0.090 | WC_VIEW | 
     | u0/U177/B2            | 0.220    | 0.310  | -0.090 | WC_VIEW | 
     | u0/U177/A1            | 0.220    | 0.310  | -0.090 | WC_VIEW | 
     | u0/U173/B2            | 0.220    | 0.310  | -0.090 | WC_VIEW | 
     | u0/U173/A1            | 0.220    | 0.310  | -0.090 | WC_VIEW | 
     | u0/U189/A1            | 0.220    | 0.310  | -0.090 | WC_VIEW | 
     | u0/U185/B2            | 0.220    | 0.310  | -0.090 | WC_VIEW | 
     | u0/U185/A1            | 0.220    | 0.310  | -0.090 | WC_VIEW | 
     | u0/U183/B2            | 0.220    | 0.310  | -0.090 | WC_VIEW | 
     | u0/U169/B2            | 0.220    | 0.310  | -0.090 | WC_VIEW | 
     | u0/U60/A2             | 0.220    | 0.310  | -0.090 | WC_VIEW | 
     | u0/U189/B2            | 0.220    | 0.310  | -0.090 | WC_VIEW | 
     | u0/U169/A1            | 0.220    | 0.310  | -0.090 | WC_VIEW | 
     | u0/FE_OFC10_ld/Z      | 0.220    | 0.310  | -0.090 | WC_VIEW | 
     | U1275/ZN              | 0.220    | 0.303  | -0.083 | WC_VIEW | 
     | dcnt_reg_1_/E         | 0.220    | 0.303  | -0.083 | WC_VIEW | 
     | dcnt_reg_2_/E         | 0.220    | 0.303  | -0.083 | WC_VIEW | 
     | dcnt_reg_3_/E         | 0.220    | 0.303  | -0.083 | WC_VIEW | 
     | dcnt_reg_0_/E         | 0.220    | 0.303  | -0.083 | WC_VIEW | 
     | text_out_reg_105_/D   | 0.220    | 0.299  | -0.079 | WC_VIEW | 
     | U1507/Z               | 0.220    | 0.299  | -0.079 | WC_VIEW | 
     | FE_OFC297_ld_r/I      | 0.220    | 0.294  | -0.074 | WC_VIEW | 
     | FE_OFC298_ld_r/I      | 0.220    | 0.294  | -0.074 | WC_VIEW | 
     | FE_RC_2729_0/A2       | 0.220    | 0.294  | -0.074 | WC_VIEW | 
     | FE_RC_1824_0/B1       | 0.220    | 0.294  | -0.074 | WC_VIEW | 
     | FE_RC_3366_0/A2       | 0.220    | 0.294  | -0.074 | WC_VIEW | 
     | FE_RC_913_0/A2        | 0.220    | 0.294  | -0.074 | WC_VIEW | 
     | FE_RC_914_0/A1        | 0.220    | 0.294  | -0.074 | WC_VIEW | 
     | FE_RC_2158_0/A2       | 0.220    | 0.294  | -0.074 | WC_VIEW | 
     | FE_RC_1343_0/A2       | 0.220    | 0.294  | -0.074 | WC_VIEW | 
     | FE_RC_1344_0/A1       | 0.220    | 0.294  | -0.074 | WC_VIEW | 
     | FE_RC_1613_0/A1       | 0.220    | 0.294  | -0.074 | WC_VIEW | 
     | FE_RC_1953_0/A2       | 0.220    | 0.294  | -0.074 | WC_VIEW | 
     | FE_RC_1283_0/A2       | 0.220    | 0.294  | -0.074 | WC_VIEW | 
     | FE_RC_1284_0/A1       | 0.220    | 0.294  | -0.074 | WC_VIEW | 
     | FE_RC_1463_0/A2       | 0.220    | 0.294  | -0.074 | WC_VIEW | 
     | FE_RC_1209_0/A1       | 0.220    | 0.294  | -0.074 | WC_VIEW | 
     | FE_RC_1208_0/A2       | 0.220    | 0.294  | -0.074 | WC_VIEW | 
     | FE_RC_963_0/A2        | 0.220    | 0.294  | -0.074 | WC_VIEW | 
     | FE_RC_832_0/A1        | 0.220    | 0.294  | -0.074 | WC_VIEW | 
     | U1322/B2              | 0.220    | 0.294  | -0.074 | WC_VIEW | 
     | FE_RC_1779_0/A1       | 0.220    | 0.294  | -0.074 | WC_VIEW | 
     | FE_OFC299_ld_r/I      | 0.220    | 0.294  | -0.074 | WC_VIEW | 
     | FE_RC_1999_0/A2       | 0.220    | 0.294  | -0.074 | WC_VIEW | 
     | FE_RC_1127_0/A2       | 0.220    | 0.294  | -0.074 | WC_VIEW | 
     | FE_RC_2311_0/I        | 0.220    | 0.294  | -0.074 | WC_VIEW | 
     | FE_RC_2310_0/A2       | 0.220    | 0.294  | -0.074 | WC_VIEW | 
     | FE_RC_2683_0/A2       | 0.220    | 0.294  | -0.074 | WC_VIEW | 
     | FE_RC_1464_0/A2       | 0.220    | 0.294  | -0.074 | WC_VIEW | 
     | FE_RC_1128_0/A1       | 0.220    | 0.294  | -0.074 | WC_VIEW | 
     | FE_RC_3422_0/I        | 0.220    | 0.294  | -0.074 | WC_VIEW | 
     | FE_RC_2730_0/A1       | 0.220    | 0.294  | -0.074 | WC_VIEW | 
     | FE_RC_798_0/A1        | 0.220    | 0.294  | -0.074 | WC_VIEW | 
     | FE_RC_3172_0/A2       | 0.220    | 0.294  | -0.074 | WC_VIEW | 
     | U1333/B1              | 0.220    | 0.294  | -0.074 | WC_VIEW | 
     | FE_RC_1839_0/I        | 0.220    | 0.294  | -0.074 | WC_VIEW | 
     | FE_RC_861_0/A1        | 0.220    | 0.294  | -0.074 | WC_VIEW | 
     | FE_RC_143_0/A1        | 0.220    | 0.294  | -0.074 | WC_VIEW | 
     | FE_RC_3473_0/A2       | 0.220    | 0.294  | -0.074 | WC_VIEW | 
     | FE_RC_1108_0/A1       | 0.220    | 0.294  | -0.074 | WC_VIEW | 
     | FE_RC_833_0/A2        | 0.220    | 0.294  | -0.074 | WC_VIEW | 
     | FE_RC_142_0/A2        | 0.220    | 0.294  | -0.074 | WC_VIEW | 
     | FE_RC_877_0/A1        | 0.220    | 0.294  | -0.074 | WC_VIEW | 
     | FE_RC_834_0/A1        | 0.220    | 0.294  | -0.074 | WC_VIEW | 
     | FE_RC_1612_0/A2       | 0.220    | 0.294  | -0.074 | WC_VIEW | 
     | FE_RC_636_0/A2        | 0.220    | 0.294  | -0.074 | WC_VIEW | 
     | FE_RC_361_0/A2        | 0.220    | 0.294  | -0.074 | WC_VIEW | 
     | FE_RC_2024_0/B        | 0.220    | 0.294  | -0.074 | WC_VIEW | 
     | FE_RC_1360_0/A2       | 0.220    | 0.294  | -0.074 | WC_VIEW | 
     | FE_RC_1361_0/A1       | 0.220    | 0.294  | -0.074 | WC_VIEW | 
     | FE_RC_637_0/A1        | 0.220    | 0.294  | -0.074 | WC_VIEW | 
     | FE_RC_2817_0/A1       | 0.220    | 0.294  | -0.074 | WC_VIEW | 
     | FE_RC_917_0/A1        | 0.220    | 0.294  | -0.074 | WC_VIEW | 
     | FE_RC_762_0/A1        | 0.220    | 0.294  | -0.074 | WC_VIEW | 
     | FE_RC_3536_0/A2       | 0.220    | 0.294  | -0.074 | WC_VIEW | 
     | FE_RC_957_0/A2        | 0.220    | 0.294  | -0.074 | WC_VIEW | 
     | FE_RC_1022_0/A1       | 0.220    | 0.294  | -0.074 | WC_VIEW | 
     | FE_RC_1021_0/A2       | 0.220    | 0.294  | -0.074 | WC_VIEW | 
     | FE_RC_958_0/A1        | 0.220    | 0.294  | -0.074 | WC_VIEW | 
     | FE_RC_362_0/A1        | 0.220    | 0.294  | -0.074 | WC_VIEW | 
     | FE_RC_927_0/A2        | 0.220    | 0.294  | -0.074 | WC_VIEW | 
     | FE_RC_928_0/A1        | 0.220    | 0.294  | -0.074 | WC_VIEW | 
     | FE_RC_1137_0/A2       | 0.220    | 0.293  | -0.073 | WC_VIEW | 
     | FE_RC_1138_0/A1       | 0.220    | 0.293  | -0.073 | WC_VIEW | 
     | FE_RC_3538_0/I        | 0.220    | 0.293  | -0.073 | WC_VIEW | 
     | FE_RC_2320_0/A2       | 0.220    | 0.293  | -0.073 | WC_VIEW | 
     | FE_RC_849_0/I         | 0.220    | 0.293  | -0.073 | WC_VIEW | 
     | FE_OFC295_ld_r/ZN     | 0.220    | 0.293  | -0.073 | WC_VIEW | 
     | text_out_reg_6_/D     | 0.220    | 0.292  | -0.072 | WC_VIEW | 
     | U93/Z                 | 0.220    | 0.292  | -0.072 | WC_VIEW | 
     | text_out_reg_106_/D   | 0.220    | 0.289  | -0.069 | WC_VIEW | 
     | U151/Z                | 0.220    | 0.289  | -0.069 | WC_VIEW | 
     | text_out_reg_115_/D   | 0.220    | 0.289  | -0.069 | WC_VIEW | 
     | U1416/Z               | 0.220    | 0.289  | -0.069 | WC_VIEW | 
     | U1297/B2              | 0.220    | 0.288  | -0.068 | WC_VIEW | 
     | U1110/B2              | 0.220    | 0.288  | -0.068 | WC_VIEW | 
     | U840/B2               | 0.220    | 0.288  | -0.068 | WC_VIEW | 
     | U840/A2               | 0.220    | 0.288  | -0.068 | WC_VIEW | 
     | FE_OFC297_ld_r/Z      | 0.220    | 0.288  | -0.068 | WC_VIEW | 
     | FE_RC_839_0/A2        | 0.220    | 0.288  | -0.068 | WC_VIEW | 
     | U1484/A2              | 0.220    | 0.288  | -0.068 | WC_VIEW | 
     | U1479/B2              | 0.220    | 0.288  | -0.068 | WC_VIEW | 
     | U1479/A2              | 0.220    | 0.288  | -0.068 | WC_VIEW | 
     | U1418/B2              | 0.220    | 0.288  | -0.068 | WC_VIEW | 
     | U1418/A2              | 0.220    | 0.288  | -0.068 | WC_VIEW | 
     | U1319/B2              | 0.220    | 0.288  | -0.068 | WC_VIEW | 
     | FE_RC_2621_0/A2       | 0.220    | 0.288  | -0.068 | WC_VIEW | 
     | FE_RC_2791_0/A2       | 0.220    | 0.288  | -0.068 | WC_VIEW | 
     | FE_RC_1163_0/A2       | 0.220    | 0.288  | -0.068 | WC_VIEW | 
     | FE_RC_2389_0/A1       | 0.220    | 0.288  | -0.068 | WC_VIEW | 
     | FE_RC_996_0/A1        | 0.220    | 0.288  | -0.068 | WC_VIEW | 
     | FE_RC_214_0/A2        | 0.220    | 0.288  | -0.068 | WC_VIEW | 
     | U1484/B2              | 0.220    | 0.288  | -0.068 | WC_VIEW | 
     | FE_RC_1164_0/I        | 0.220    | 0.288  | -0.068 | WC_VIEW | 
     | FE_RC_3024_0/A2       | 0.220    | 0.288  | -0.068 | WC_VIEW | 
     | FE_RC_995_0/A2        | 0.220    | 0.288  | -0.068 | WC_VIEW | 
     | FE_RC_2947_0/A2       | 0.220    | 0.288  | -0.068 | WC_VIEW | 
     | FE_RC_2393_0/A2       | 0.220    | 0.288  | -0.068 | WC_VIEW | 
     | FE_RC_2895_0/A2       | 0.220    | 0.288  | -0.068 | WC_VIEW | 
     | U808/Z                | 0.220    | 0.287  | -0.067 | WC_VIEW | 
     | text_out_reg_11_/D    | 0.220    | 0.287  | -0.067 | WC_VIEW | 
     | us02/FE_RC_649_0/C    | 0.220    | 0.287  | -0.067 | WC_VIEW | 
     | us02/FE_RC_2749_0/ZN  | 0.220    | 0.287  | -0.067 | WC_VIEW | 
     | u0/U246/A1            | 0.220    | 0.283  | -0.063 | WC_VIEW | 
     | u0/U243/B2            | 0.220    | 0.283  | -0.063 | WC_VIEW | 
     | u0/U243/A1            | 0.220    | 0.283  | -0.063 | WC_VIEW | 
     | u0/U181/B2            | 0.220    | 0.283  | -0.063 | WC_VIEW | 
     | u0/U181/A1            | 0.220    | 0.283  | -0.063 | WC_VIEW | 
     | u0/U175/B2            | 0.220    | 0.283  | -0.063 | WC_VIEW | 
     | u0/U175/A1            | 0.220    | 0.283  | -0.063 | WC_VIEW | 
     | u0/U171/B2            | 0.220    | 0.283  | -0.063 | WC_VIEW | 
     | u0/U171/A1            | 0.220    | 0.283  | -0.063 | WC_VIEW | 
     | u0/U167/B2            | 0.220    | 0.283  | -0.063 | WC_VIEW | 
     | u0/U167/A1            | 0.220    | 0.283  | -0.063 | WC_VIEW | 
     | u0/U311/A1            | 0.220    | 0.283  | -0.063 | WC_VIEW | 
     | u0/U309/B2            | 0.220    | 0.283  | -0.063 | WC_VIEW | 
     | u0/U309/A1            | 0.220    | 0.283  | -0.063 | WC_VIEW | 
     | u0/U22/B2             | 0.220    | 0.283  | -0.063 | WC_VIEW | 
     | u0/U22/A1             | 0.220    | 0.283  | -0.063 | WC_VIEW | 
     | u0/U288/B2            | 0.220    | 0.283  | -0.063 | WC_VIEW | 
     | u0/U288/A1            | 0.220    | 0.283  | -0.063 | WC_VIEW | 
     | u0/U282/B2            | 0.220    | 0.283  | -0.063 | WC_VIEW | 
     | u0/U282/A1            | 0.220    | 0.283  | -0.063 | WC_VIEW | 
     | u0/U276/B2            | 0.220    | 0.283  | -0.063 | WC_VIEW | 
     | u0/U276/A1            | 0.220    | 0.283  | -0.063 | WC_VIEW | 
     | u0/U273/B2            | 0.220    | 0.283  | -0.063 | WC_VIEW | 
     | u0/U273/A1            | 0.220    | 0.283  | -0.063 | WC_VIEW | 
     | u0/U270/B2            | 0.220    | 0.283  | -0.063 | WC_VIEW | 
     | u0/U270/A1            | 0.220    | 0.283  | -0.063 | WC_VIEW | 
     | u0/U267/B2            | 0.220    | 0.283  | -0.063 | WC_VIEW | 
     | u0/U267/A1            | 0.220    | 0.283  | -0.063 | WC_VIEW | 
     | u0/U264/B2            | 0.220    | 0.283  | -0.063 | WC_VIEW | 
     | u0/U264/A1            | 0.220    | 0.283  | -0.063 | WC_VIEW | 
     | u0/U258/B2            | 0.220    | 0.283  | -0.063 | WC_VIEW | 
     | u0/U258/A1            | 0.220    | 0.283  | -0.063 | WC_VIEW | 
     | u0/U249/B2            | 0.220    | 0.283  | -0.063 | WC_VIEW | 
     | u0/U249/A1            | 0.220    | 0.283  | -0.063 | WC_VIEW | 
     | u0/U246/B2            | 0.220    | 0.283  | -0.063 | WC_VIEW | 
     | u0/U165/B2            | 0.220    | 0.283  | -0.063 | WC_VIEW | 
     | u0/U165/A1            | 0.220    | 0.283  | -0.063 | WC_VIEW | 
     | u0/U163/B2            | 0.220    | 0.283  | -0.063 | WC_VIEW | 
     | u0/U163/A1            | 0.220    | 0.283  | -0.063 | WC_VIEW | 
     | u0/U53/B2             | 0.220    | 0.283  | -0.063 | WC_VIEW | 
     | u0/FE_RC_2273_0/A2    | 0.220    | 0.283  | -0.063 | WC_VIEW | 
     | u0/FE_OFC6_ld/ZN      | 0.220    | 0.283  | -0.063 | WC_VIEW | 
     | u0/FE_RC_2274_0/A2    | 0.220    | 0.283  | -0.063 | WC_VIEW | 
     | u0/U314/B2            | 0.220    | 0.283  | -0.063 | WC_VIEW | 
     | u0/U314/A1            | 0.220    | 0.283  | -0.063 | WC_VIEW | 
     | u0/U311/B2            | 0.220    | 0.283  | -0.063 | WC_VIEW | 
     | u0/U53/A1             | 0.220    | 0.283  | -0.063 | WC_VIEW | 
     | u0/U45/B2             | 0.220    | 0.283  | -0.063 | WC_VIEW | 
     | u0/U45/A1             | 0.220    | 0.283  | -0.063 | WC_VIEW | 
     | u0/U41/B2             | 0.220    | 0.283  | -0.063 | WC_VIEW | 
     | u0/U41/A1             | 0.220    | 0.283  | -0.063 | WC_VIEW | 
     | u0/U37/B2             | 0.220    | 0.283  | -0.063 | WC_VIEW | 
     | u0/U37/A1             | 0.220    | 0.283  | -0.063 | WC_VIEW | 
     | text_out_reg_111_/D   | 0.220    | 0.283  | -0.063 | WC_VIEW | 
     | FE_RC_2415_0/Z        | 0.220    | 0.283  | -0.063 | WC_VIEW | 
     | text_out_reg_112_/D   | 0.220    | 0.281  | -0.061 | WC_VIEW | 
     | U181/Z                | 0.220    | 0.281  | -0.061 | WC_VIEW | 
     | text_out_reg_114_/D   | 0.220    | 0.279  | -0.059 | WC_VIEW | 
     | U183/Z                | 0.220    | 0.279  | -0.059 | WC_VIEW | 
     | text_out_reg_15_/D    | 0.220    | 0.278  | -0.058 | WC_VIEW | 
     | U132/Z                | 0.220    | 0.278  | -0.058 | WC_VIEW | 
     | u0/u3/U223/B1         | 0.220    | 0.277  | -0.057 | WC_VIEW | 
     | u0/u3/U243/B          | 0.220    | 0.277  | -0.057 | WC_VIEW | 
     | u0/u3/U237/ZN         | 0.220    | 0.277  | -0.057 | WC_VIEW | 
     | u0/u3/U228/A2         | 0.220    | 0.277  | -0.057 | WC_VIEW | 
     | u0/u3/U177/B          | 0.220    | 0.277  | -0.057 | WC_VIEW | 
     | u0/u3/U352/I          | 0.220    | 0.277  | -0.057 | WC_VIEW | 
     | u0/u3/U120/A1         | 0.220    | 0.277  | -0.057 | WC_VIEW | 
     | U1366/A2              | 0.220    | 0.275  | -0.055 | WC_VIEW | 
     | U1364/A2              | 0.220    | 0.275  | -0.055 | WC_VIEW | 
     | U1288/A1              | 0.220    | 0.275  | -0.055 | WC_VIEW | 
     | U1275/A1              | 0.220    | 0.275  | -0.055 | WC_VIEW | 
     | U1273/ZN              | 0.220    | 0.275  | -0.055 | WC_VIEW | 
     | U1381/A2              | 0.220    | 0.275  | -0.055 | WC_VIEW | 
     | text_out_reg_13_/D    | 0.220    | 0.274  | -0.054 | WC_VIEW | 
     | U930/Z                | 0.220    | 0.274  | -0.054 | WC_VIEW | 
     | us12/U2/A2            | 0.220    | 0.274  | -0.054 | WC_VIEW | 
     | us12/U237/ZN          | 0.220    | 0.274  | -0.054 | WC_VIEW | 
     | us03/U229/ZN          | 0.220    | 0.273  | -0.053 | WC_VIEW | 
     | us03/U76/C            | 0.220    | 0.273  | -0.053 | WC_VIEW | 
     | us30/U370/A3          | 0.220    | 0.272  | -0.052 | WC_VIEW | 
     | text_out_reg_20_/D    | 0.220    | 0.272  | -0.052 | WC_VIEW | 
     | us30/U429/ZN          | 0.220    | 0.272  | -0.052 | WC_VIEW | 
     | us30/U199/A1          | 0.220    | 0.272  | -0.052 | WC_VIEW | 
     | U1502/Z               | 0.220    | 0.272  | -0.052 | WC_VIEW | 
     | U131/Z                | 0.220    | 0.272  | -0.052 | WC_VIEW | 
     | text_out_reg_14_/D    | 0.220    | 0.272  | -0.052 | WC_VIEW | 
     | U1093/A1              | 0.220    | 0.269  | -0.049 | WC_VIEW | 
     | U6/A2                 | 0.220    | 0.269  | -0.049 | WC_VIEW | 
     | U1454/A1              | 0.220    | 0.269  | -0.049 | WC_VIEW | 
     | u0/U72/A2             | 0.220    | 0.269  | -0.049 | WC_VIEW | 
     | u0/U20/A2             | 0.220    | 0.269  | -0.049 | WC_VIEW | 
     | FE_RC_13_0/A1         | 0.220    | 0.269  | -0.049 | WC_VIEW | 
     | u0/w_reg_1__4_/Q      | 0.220    | 0.269  | -0.049 | WC_VIEW | 
     | U883/A2               | 0.220    | 0.269  | -0.049 | WC_VIEW | 
     | u0/U319/A2            | 0.220    | 0.269  | -0.049 | WC_VIEW | 
     | u0/w_reg_2__3_/Q      | 0.220    | 0.269  | -0.049 | WC_VIEW | 
     | U1506/A1              | 0.220    | 0.269  | -0.049 | WC_VIEW | 
     | us20/FE_RC_1509_0/A2  | 0.220    | 0.268  | -0.048 | WC_VIEW | 
     | us20/U271/ZN          | 0.220    | 0.268  | -0.048 | WC_VIEW | 
     | text_out_reg_7_/D     | 0.220    | 0.268  | -0.048 | WC_VIEW | 
     | U1391/Z               | 0.220    | 0.268  | -0.048 | WC_VIEW | 
     | U1362/A2              | 0.220    | 0.268  | -0.048 | WC_VIEW | 
     | U832/A1               | 0.220    | 0.268  | -0.048 | WC_VIEW | 
     | u0/U124/A2            | 0.220    | 0.268  | -0.048 | WC_VIEW | 
     | u0/w_reg_1__1_/Q      | 0.220    | 0.268  | -0.048 | WC_VIEW | 
     | U1508/A1              | 0.220    | 0.268  | -0.048 | WC_VIEW | 
     | text_out_reg_127_/D   | 0.220    | 0.268  | -0.048 | WC_VIEW | 
     | U228/Z                | 0.220    | 0.268  | -0.048 | WC_VIEW | 
     | U1357/A2              | 0.220    | 0.267  | -0.047 | WC_VIEW | 
     | U794/A4               | 0.220    | 0.267  | -0.047 | WC_VIEW | 
     | u0/U316/A2            | 0.220    | 0.267  | -0.047 | WC_VIEW | 
     | u0/w_reg_1__0_/Q      | 0.220    | 0.267  | -0.047 | WC_VIEW | 
     | U1411/A1              | 0.220    | 0.267  | -0.047 | WC_VIEW | 
     | text_out_reg_8_/D     | 0.220    | 0.267  | -0.047 | WC_VIEW | 
     | U1027/Z               | 0.220    | 0.267  | -0.047 | WC_VIEW | 
     | u0/u0/U433/ZN         | 0.220    | 0.267  | -0.047 | WC_VIEW | 
     | u0/u0/FE_RC_3326_0/A2 | 0.220    | 0.267  | -0.047 | WC_VIEW | 
     | us32/U110/C           | 0.220    | 0.265  | -0.045 | WC_VIEW | 
     | us32/FE_RC_1939_0/ZN  | 0.220    | 0.265  | -0.045 | WC_VIEW | 
     | us02/U466/ZN          | 0.220    | 0.265  | -0.045 | WC_VIEW | 
     | us02/U327/A3          | 0.220    | 0.265  | -0.045 | WC_VIEW | 
     | us02/U199/A1          | 0.220    | 0.265  | -0.045 | WC_VIEW | 
     | U1117/A1              | 0.220    | 0.265  | -0.045 | WC_VIEW | 
     | U783/A2               | 0.220    | 0.265  | -0.045 | WC_VIEW | 
     | u0/U290/A2            | 0.220    | 0.265  | -0.045 | WC_VIEW | 
     | u0/w_reg_0__0_/Q      | 0.220    | 0.265  | -0.045 | WC_VIEW | 
     | U1222/A2              | 0.220    | 0.265  | -0.045 | WC_VIEW | 
     | us12/U210/A2          | 0.220    | 0.264  | -0.044 | WC_VIEW | 
     | us12/U332/ZN          | 0.220    | 0.264  | -0.044 | WC_VIEW | 
     | U1207/A1              | 0.220    | 0.264  | -0.044 | WC_VIEW | 
     | u0/U269/A2            | 0.220    | 0.264  | -0.044 | WC_VIEW | 
     | u0/w_reg_0__7_/Q      | 0.220    | 0.264  | -0.044 | WC_VIEW | 
     | U1301/I               | 0.220    | 0.264  | -0.044 | WC_VIEW | 
     | text_out_reg_0_/D     | 0.220    | 0.263  | -0.043 | WC_VIEW | 
     | U1089/Z               | 0.220    | 0.263  | -0.043 | WC_VIEW | 
     | text_out_reg_21_/D    | 0.220    | 0.262  | -0.042 | WC_VIEW | 
     | U997/Z                | 0.220    | 0.262  | -0.042 | WC_VIEW | 
     | us21/U458/ZN          | 0.220    | 0.262  | -0.042 | WC_VIEW | 
     | us21/U293/A3          | 0.220    | 0.262  | -0.042 | WC_VIEW | 
     | us21/U199/A1          | 0.220    | 0.262  | -0.042 | WC_VIEW | 
     | us22/U419/ZN          | 0.220    | 0.261  | -0.041 | WC_VIEW | 
     | us22/FE_RC_1908_0/A1  | 0.220    | 0.261  | -0.041 | WC_VIEW | 
     | text_out_reg_17_/D    | 0.220    | 0.261  | -0.041 | WC_VIEW | 
     | U1481/Z               | 0.220    | 0.261  | -0.041 | WC_VIEW | 
     | u0/U238/A2            | 0.220    | 0.261  | -0.041 | WC_VIEW | 
     | u0/U111/A2            | 0.220    | 0.261  | -0.041 | WC_VIEW | 
     | U1343/I               | 0.220    | 0.261  | -0.041 | WC_VIEW | 
     | U1005/A1              | 0.220    | 0.261  | -0.041 | WC_VIEW | 
     | u0/w_reg_2__11_/Q     | 0.220    | 0.261  | -0.041 | WC_VIEW | 
     | U1489/A1              | 0.220    | 0.261  | -0.041 | WC_VIEW | 
     | U143/A1               | 0.220    | 0.258  | -0.038 | WC_VIEW | 
     | u0/U325/A2            | 0.220    | 0.258  | -0.038 | WC_VIEW | 
     | U448/A2               | 0.220    | 0.258  | -0.038 | WC_VIEW | 
     | u0/w_reg_1__10_/Q     | 0.220    | 0.258  | -0.038 | WC_VIEW | 
     | U994/A1               | 0.220    | 0.258  | -0.038 | WC_VIEW | 
     | U155/A1               | 0.220    | 0.258  | -0.038 | WC_VIEW | 
     | u0/U248/A2            | 0.220    | 0.258  | -0.038 | WC_VIEW | 
     | U316/A2               | 0.220    | 0.258  | -0.038 | WC_VIEW | 
     | u0/w_reg_0__14_/Q     | 0.220    | 0.258  | -0.038 | WC_VIEW | 
     | U1226/A1              | 0.220    | 0.258  | -0.038 | WC_VIEW | 
     | text_out_reg_93_/D    | 0.220    | 0.257  | -0.037 | WC_VIEW | 
     | U1050/Z               | 0.220    | 0.257  | -0.037 | WC_VIEW | 
     | text_out_reg_64_/D    | 0.220    | 0.256  | -0.036 | WC_VIEW | 
     | U1411/Z               | 0.220    | 0.256  | -0.036 | WC_VIEW | 
     | text_out_reg_18_/D    | 0.220    | 0.256  | -0.036 | WC_VIEW | 
     | U943/Z                | 0.220    | 0.256  | -0.036 | WC_VIEW | 
     | U95/A1                | 0.220    | 0.255  | -0.035 | WC_VIEW | 
     | u0/U100/A2            | 0.220    | 0.255  | -0.035 | WC_VIEW | 
     | U821/A4               | 0.220    | 0.255  | -0.035 | WC_VIEW | 
     | u0/U194/A2            | 0.220    | 0.255  | -0.035 | WC_VIEW | 
     | u0/w_reg_2__0_/Q      | 0.220    | 0.255  | -0.035 | WC_VIEW | 
     | FE_RC_2520_0/A2       | 0.220    | 0.255  | -0.035 | WC_VIEW | 
     | text_out_reg_126_/D   | 0.220    | 0.255  | -0.035 | WC_VIEW | 
     | U227/Z                | 0.220    | 0.255  | -0.035 | WC_VIEW | 
     | FE_RC_857_0/A1        | 0.220    | 0.255  | -0.035 | WC_VIEW | 
     | FE_RC_1810_0/A2       | 0.220    | 0.255  | -0.035 | WC_VIEW | 
     | FE_RC_1772_0/I        | 0.220    | 0.255  | -0.035 | WC_VIEW | 
     | U1466/A1              | 0.220    | 0.255  | -0.035 | WC_VIEW | 
     | U1353/A2              | 0.220    | 0.255  | -0.035 | WC_VIEW | 
     | U1199/A1              | 0.220    | 0.255  | -0.035 | WC_VIEW | 
     | FE_RC_1025_0/I        | 0.220    | 0.255  | -0.035 | WC_VIEW | 
     | U902/B2               | 0.220    | 0.255  | -0.035 | WC_VIEW | 
     | FE_OFC293_ld_r/Z      | 0.220    | 0.255  | -0.035 | WC_VIEW | 
     | FE_RC_1093_0/A2       | 0.220    | 0.255  | -0.035 | WC_VIEW | 
     | FE_RC_1003_0/A2       | 0.220    | 0.255  | -0.035 | WC_VIEW | 
     | FE_RC_930_0/A1        | 0.220    | 0.255  | -0.035 | WC_VIEW | 
     | FE_RC_1736_0/A2       | 0.220    | 0.255  | -0.035 | WC_VIEW | 
     | FE_RC_1519_0/A2       | 0.220    | 0.255  | -0.035 | WC_VIEW | 
     | FE_RC_1401_0/B1       | 0.220    | 0.255  | -0.035 | WC_VIEW | 
     | FE_RC_1004_0/A1       | 0.220    | 0.255  | -0.035 | WC_VIEW | 
     | FE_RC_901_0/A1        | 0.220    | 0.255  | -0.035 | WC_VIEW | 
     | FE_RC_1737_0/A1       | 0.220    | 0.255  | -0.035 | WC_VIEW | 
     | u0/U324/A2            | 0.220    | 0.255  | -0.035 | WC_VIEW | 
     | FE_RC_1637_0/I        | 0.220    | 0.255  | -0.035 | WC_VIEW | 
     | FE_RC_1553_0/A2       | 0.220    | 0.255  | -0.035 | WC_VIEW | 
     | u0/w_reg_1__9_/Q      | 0.220    | 0.255  | -0.035 | WC_VIEW | 
     | FE_RC_1884_0/A2       | 0.220    | 0.255  | -0.035 | WC_VIEW | 
     | FE_RC_1790_0/I        | 0.220    | 0.255  | -0.035 | WC_VIEW | 
     | FE_RC_3270_0/A2       | 0.220    | 0.255  | -0.035 | WC_VIEW | 
     | U1340/I               | 0.220    | 0.255  | -0.035 | WC_VIEW | 
     | u0/U278/A2            | 0.220    | 0.255  | -0.035 | WC_VIEW | 
     | U1370/A1              | 0.220    | 0.255  | -0.035 | WC_VIEW | 
     | u0/w_reg_0__4_/Q      | 0.220    | 0.255  | -0.035 | WC_VIEW | 
     | U1493/A1              | 0.220    | 0.255  | -0.035 | WC_VIEW | 
     | text_out_reg_104_/D   | 0.220    | 0.254  | -0.034 | WC_VIEW | 
     | U1427/Z               | 0.220    | 0.254  | -0.034 | WC_VIEW | 
     | us10/U462/ZN          | 0.220    | 0.254  | -0.034 | WC_VIEW | 
     | us10/U342/A3          | 0.220    | 0.254  | -0.034 | WC_VIEW | 
     | us21/U418/ZN          | 0.220    | 0.254  | -0.034 | WC_VIEW | 
     | us10/U199/A1          | 0.220    | 0.254  | -0.034 | WC_VIEW | 
     | us21/FE_RC_279_0/A2   | 0.220    | 0.254  | -0.034 | WC_VIEW | 
     | us10/U239/ZN          | 0.220    | 0.254  | -0.034 | WC_VIEW | 
     | us10/U342/A1          | 0.220    | 0.254  | -0.034 | WC_VIEW | 
     | U737/A2               | 0.220    | 0.254  | -0.034 | WC_VIEW | 
     | u0/FE_RC_2121_0/B2    | 0.220    | 0.254  | -0.034 | WC_VIEW | 
     | U1277/ZN              | 0.220    | 0.254  | -0.034 | WC_VIEW | 
     | U843/A2               | 0.220    | 0.254  | -0.034 | WC_VIEW | 
     | u0/FE_RC_2121_0/A2    | 0.220    | 0.254  | -0.034 | WC_VIEW | 
     | u0/FE_RC_2117_0/A1    | 0.220    | 0.254  | -0.034 | WC_VIEW | 
     | u0/FE_RC_2117_0/B1    | 0.220    | 0.254  | -0.034 | WC_VIEW | 
     | text_out_reg_124_/D   | 0.220    | 0.253  | -0.033 | WC_VIEW | 
     | U1447/Z               | 0.220    | 0.253  | -0.033 | WC_VIEW | 
     | U1334/I               | 0.220    | 0.252  | -0.032 | WC_VIEW | 
     | u0/U318/A2            | 0.220    | 0.252  | -0.032 | WC_VIEW | 
     | U1444/A1              | 0.220    | 0.252  | -0.032 | WC_VIEW | 
     | U1367/A1              | 0.220    | 0.252  | -0.032 | WC_VIEW | 
     | u0/w_reg_1__3_/Q      | 0.220    | 0.252  | -0.032 | WC_VIEW | 
     | us12/FE_RC_1911_0/ZN  | 0.220    | 0.252  | -0.032 | WC_VIEW | 
     | us12/U370/C           | 0.220    | 0.252  | -0.032 | WC_VIEW | 
     | text_out_reg_3_/D     | 0.220    | 0.251  | -0.031 | WC_VIEW | 
     | U1096/Z               | 0.220    | 0.251  | -0.031 | WC_VIEW | 
     | U1202/Z               | 0.220    | 0.251  | -0.031 | WC_VIEW | 
     | text_out_reg_66_/D    | 0.220    | 0.251  | -0.031 | WC_VIEW | 
     | u0/U184/A2            | 0.220    | 0.251  | -0.031 | WC_VIEW | 
     | U1131/A1              | 0.220    | 0.251  | -0.031 | WC_VIEW | 
     | u0/U231/A2            | 0.220    | 0.251  | -0.031 | WC_VIEW | 
     | u0/w_reg_2__5_/Q      | 0.220    | 0.251  | -0.031 | WC_VIEW | 
     | U1360/I               | 0.220    | 0.251  | -0.031 | WC_VIEW | 
     | us32/U284/ZN          | 0.220    | 0.250  | -0.030 | WC_VIEW | 
     | us32/U364/A1          | 0.220    | 0.250  | -0.030 | WC_VIEW | 
     | us30/U323/C           | 0.220    | 0.249  | -0.029 | WC_VIEW | 
     | us30/U398/ZN          | 0.220    | 0.249  | -0.029 | WC_VIEW | 
     | u0/u1/U165/A3         | 0.220    | 0.249  | -0.029 | WC_VIEW | 
     | u0/u1/U351/ZN         | 0.220    | 0.249  | -0.029 | WC_VIEW | 
     | U153/A1               | 0.220    | 0.249  | -0.029 | WC_VIEW | 
     | u0/U254/A2            | 0.220    | 0.249  | -0.029 | WC_VIEW | 
     | U905/A2               | 0.220    | 0.249  | -0.029 | WC_VIEW | 
     | u0/w_reg_0__12_/Q     | 0.220    | 0.249  | -0.029 | WC_VIEW | 
     | U1136/A1              | 0.220    | 0.249  | -0.029 | WC_VIEW | 
     | u0/u2/U388/A4         | 0.220    | 0.248  | -0.028 | WC_VIEW | 
     | u0/u2/U389/ZN         | 0.220    | 0.248  | -0.028 | WC_VIEW | 
     | text_out_reg_23_/D    | 0.220    | 0.248  | -0.028 | WC_VIEW | 
     | U1409/Z               | 0.220    | 0.248  | -0.028 | WC_VIEW | 
     | FE_RC_1596_0/A1       | 0.220    | 0.248  | -0.028 | WC_VIEW | 
     | u0/FE_RC_1053_0/A1    | 0.220    | 0.248  | -0.028 | WC_VIEW | 
     | u0/U52/A2             | 0.220    | 0.248  | -0.028 | WC_VIEW | 
     | U12/A2                | 0.220    | 0.248  | -0.028 | WC_VIEW | 
     | u0/w_reg_2__1_/Q      | 0.220    | 0.248  | -0.028 | WC_VIEW | 
     | U1509/A1              | 0.220    | 0.248  | -0.028 | WC_VIEW | 
     | text_out_reg_95_/D    | 0.220    | 0.248  | -0.028 | WC_VIEW | 
     | U216/Z                | 0.220    | 0.248  | -0.028 | WC_VIEW | 
     | text_out_reg_1_/D     | 0.220    | 0.247  | -0.027 | WC_VIEW | 
     | U848/Z                | 0.220    | 0.247  | -0.027 | WC_VIEW | 
     | U999/A2               | 0.220    | 0.247  | -0.027 | WC_VIEW | 
     | U344/A2               | 0.220    | 0.247  | -0.027 | WC_VIEW | 
     | U1281/ZN              | 0.220    | 0.247  | -0.027 | WC_VIEW | 
     | u0/u0/U423/A4         | 0.220    | 0.247  | -0.027 | WC_VIEW | 
     | u0/u0/U424/ZN         | 0.220    | 0.247  | -0.027 | WC_VIEW | 
     | u0/U105/ZN            | 0.220    | 0.247  | -0.027 | WC_VIEW | 
     | u0/U207/B1            | 0.220    | 0.247  | -0.027 | WC_VIEW | 
     | u0/u0/U422/A4         | 0.220    | 0.245  | -0.025 | WC_VIEW | 
     | u0/u0/U292/ZN         | 0.220    | 0.245  | -0.025 | WC_VIEW | 
     | U8/A2                 | 0.220    | 0.244  | -0.024 | WC_VIEW | 
     | u0/U205/A2            | 0.220    | 0.244  | -0.024 | WC_VIEW | 
     | u0/U190/A2            | 0.220    | 0.244  | -0.024 | WC_VIEW | 
     | U1213/A1              | 0.220    | 0.244  | -0.024 | WC_VIEW | 
     | u0/w_reg_2__2_/Q      | 0.220    | 0.244  | -0.024 | WC_VIEW | 
     | U1243/A2              | 0.220    | 0.244  | -0.024 | WC_VIEW | 
     | U1246/A1              | 0.220    | 0.244  | -0.024 | WC_VIEW | 
     | U926/A1               | 0.220    | 0.244  | -0.024 | WC_VIEW | 
     | u0/U281/A2            | 0.220    | 0.244  | -0.024 | WC_VIEW | 
     | u0/w_reg_0__3_/Q      | 0.220    | 0.244  | -0.024 | WC_VIEW | 
     | U1336/I               | 0.220    | 0.244  | -0.024 | WC_VIEW | 
     | text_out_reg_123_/D   | 0.220    | 0.244  | -0.024 | WC_VIEW | 
     | U1132/Z               | 0.220    | 0.244  | -0.024 | WC_VIEW | 
     | FE_RC_2415_0/A2       | 0.220    | 0.244  | -0.024 | WC_VIEW | 
     | u0/U245/A2            | 0.220    | 0.244  | -0.024 | WC_VIEW | 
     | U312/A2               | 0.220    | 0.244  | -0.024 | WC_VIEW | 
     | u0/w_reg_0__15_/Q     | 0.220    | 0.244  | -0.024 | WC_VIEW | 
     | U898/A1               | 0.220    | 0.244  | -0.024 | WC_VIEW | 
     | text_out_reg_101_/D   | 0.220    | 0.243  | -0.023 | WC_VIEW | 
     | U831/Z                | 0.220    | 0.243  | -0.023 | WC_VIEW | 
     | text_out_reg_84_/D    | 0.220    | 0.243  | -0.023 | WC_VIEW | 
     | U1439/Z               | 0.220    | 0.243  | -0.023 | WC_VIEW | 
     | text_out_reg_87_/D    | 0.220    | 0.242  | -0.022 | WC_VIEW | 
     | us10/FE_RC_2531_0/A1  | 0.220    | 0.242  | -0.022 | WC_VIEW | 
     | us10/U282/ZN          | 0.220    | 0.242  | -0.022 | WC_VIEW | 
     | U1465/Z               | 0.220    | 0.242  | -0.022 | WC_VIEW | 
     | u0/u1/U252/B          | 0.220    | 0.242  | -0.022 | WC_VIEW | 
     | u0/u1/U418/ZN         | 0.220    | 0.242  | -0.022 | WC_VIEW | 
     | u0/u0/U218/ZN         | 0.220    | 0.242  | -0.022 | WC_VIEW | 
     | u0/u0/U427/A2         | 0.220    | 0.242  | -0.022 | WC_VIEW | 
     | U1031/A1              | 0.220    | 0.241  | -0.021 | WC_VIEW | 
     | u0/U326/A2            | 0.220    | 0.241  | -0.021 | WC_VIEW | 
     | U1203/A1              | 0.220    | 0.241  | -0.021 | WC_VIEW | 
     | u0/w_reg_1__11_/Q     | 0.220    | 0.241  | -0.021 | WC_VIEW | 
     | U1388/I               | 0.220    | 0.241  | -0.021 | WC_VIEW | 
     | us31/U329/C           | 0.220    | 0.241  | -0.021 | WC_VIEW | 
     | us31/U400/ZN          | 0.220    | 0.241  | -0.021 | WC_VIEW | 
     | us20/U442/ZN          | 0.220    | 0.241  | -0.021 | WC_VIEW | 
     | us20/FE_RC_1052_0/B1  | 0.220    | 0.241  | -0.021 | WC_VIEW | 
     | text_out_reg_4_/D     | 0.220    | 0.239  | -0.019 | WC_VIEW | 
     | U1467/Z               | 0.220    | 0.239  | -0.019 | WC_VIEW | 
     | u0/u0/U393/ZN         | 0.220    | 0.239  | -0.019 | WC_VIEW | 
     | u0/u0/U442/B3         | 0.220    | 0.239  | -0.019 | WC_VIEW | 
     | U899/A1               | 0.220    | 0.238  | -0.019 | WC_VIEW | 
     | U1341/A2              | 0.220    | 0.238  | -0.019 | WC_VIEW | 
     | u0/U257/A2            | 0.220    | 0.238  | -0.019 | WC_VIEW | 
     | u0/w_reg_0__11_/Q     | 0.220    | 0.238  | -0.019 | WC_VIEW | 
     | U1436/A1              | 0.220    | 0.238  | -0.019 | WC_VIEW | 
     | us20/U285/ZN          | 0.220    | 0.238  | -0.018 | WC_VIEW | 
     | us20/FE_RC_3274_0/A2  | 0.220    | 0.238  | -0.018 | WC_VIEW | 
     | u0/u2/FE_RC_2124_0/C  | 0.220    | 0.238  | -0.018 | WC_VIEW | 
     | u0/U317/A2            | 0.220    | 0.238  | -0.018 | WC_VIEW | 
     | U1450/I               | 0.220    | 0.238  | -0.018 | WC_VIEW | 
     | U1202/A1              | 0.220    | 0.238  | -0.018 | WC_VIEW | 
     | text_out_reg_92_/D    | 0.220    | 0.238  | -0.018 | WC_VIEW | 
     | u0/w_reg_1__2_/Q      | 0.220    | 0.238  | -0.018 | WC_VIEW | 
     | u0/u2/U411/ZN         | 0.220    | 0.238  | -0.018 | WC_VIEW | 
     | U1457/Z               | 0.220    | 0.238  | -0.018 | WC_VIEW | 
     | us12/U227/ZN          | 0.220    | 0.237  | -0.017 | WC_VIEW | 
     | us12/U321/A1          | 0.220    | 0.237  | -0.017 | WC_VIEW | 
     | u0/u3/U239/ZN         | 0.220    | 0.237  | -0.017 | WC_VIEW | 
     | u0/u3/U402/C          | 0.220    | 0.237  | -0.017 | WC_VIEW | 
     | us12/U327/C           | 0.220    | 0.235  | -0.015 | WC_VIEW | 
     | us12/U222/ZN          | 0.220    | 0.235  | -0.015 | WC_VIEW | 
     | u0/U38/A2             | 0.220    | 0.235  | -0.015 | WC_VIEW | 
     | u0/U186/A2            | 0.220    | 0.235  | -0.015 | WC_VIEW | 
     | U1331/I               | 0.220    | 0.235  | -0.015 | WC_VIEW | 
     | U1017/A1              | 0.220    | 0.235  | -0.015 | WC_VIEW | 
     | u0/w_reg_2__4_/Q      | 0.220    | 0.235  | -0.015 | WC_VIEW | 
     | U1390/A1              | 0.220    | 0.235  | -0.015 | WC_VIEW | 
     | text_out_reg_86_/D    | 0.220    | 0.235  | -0.015 | WC_VIEW | 
     | U179/Z                | 0.220    | 0.235  | -0.015 | WC_VIEW | 
     | us03/U343/B3          | 0.220    | 0.234  | -0.014 | WC_VIEW | 
     | us03/U329/A4          | 0.220    | 0.234  | -0.014 | WC_VIEW | 
     | us03/U449/ZN          | 0.220    | 0.234  | -0.014 | WC_VIEW | 
     | u0/u2/U429/A1         | 0.220    | 0.234  | -0.014 | WC_VIEW | 
     | u0/u2/U315/ZN         | 0.220    | 0.234  | -0.014 | WC_VIEW | 
     | u0/u3/U424/A1         | 0.220    | 0.234  | -0.014 | WC_VIEW | 
     | u0/u3/U399/ZN         | 0.220    | 0.234  | -0.014 | WC_VIEW | 
     | text_out_reg_5_/D     | 0.220    | 0.234  | -0.014 | WC_VIEW | 
     | U92/Z                 | 0.220    | 0.234  | -0.014 | WC_VIEW | 
     | u0/u3/U403/A4         | 0.220    | 0.233  | -0.013 | WC_VIEW | 
     | u0/u3/U404/ZN         | 0.220    | 0.233  | -0.013 | WC_VIEW | 
     | us03/U337/A1          | 0.220    | 0.233  | -0.013 | WC_VIEW | 
     | us03/U144/ZN          | 0.220    | 0.233  | -0.013 | WC_VIEW | 
     | U1284/I               | 0.220    | 0.233  | -0.013 | WC_VIEW | 
     | u0/U266/A2            | 0.220    | 0.233  | -0.013 | WC_VIEW | 
     | u0/w_reg_0__8_/Q      | 0.220    | 0.233  | -0.013 | WC_VIEW | 
     | U1427/A1              | 0.220    | 0.233  | -0.013 | WC_VIEW | 
     | us02/U164/ZN          | 0.220    | 0.232  | -0.012 | WC_VIEW | 
     | us02/U327/A1          | 0.220    | 0.232  | -0.012 | WC_VIEW | 
     | U1375/A1              | 0.220    | 0.232  | -0.012 | WC_VIEW | 
     | U320/A2               | 0.220    | 0.232  | -0.012 | WC_VIEW | 
     | U154/A1               | 0.220    | 0.232  | -0.012 | WC_VIEW | 
     | u0/U251/A2            | 0.220    | 0.232  | -0.012 | WC_VIEW | 
     | u0/w_reg_0__13_/Q     | 0.220    | 0.232  | -0.012 | WC_VIEW | 
     | u0/U95/ZN             | 0.220    | 0.232  | -0.012 | WC_VIEW | 
     | u0/FE_RC_2180_0/A1    | 0.220    | 0.232  | -0.012 | WC_VIEW | 
     | u0/u1/U321/ZN         | 0.220    | 0.231  | -0.011 | WC_VIEW | 
     | u0/u1/U423/A1         | 0.220    | 0.231  | -0.011 | WC_VIEW | 
     | u0/u0/U431/ZN         | 0.220    | 0.230  | -0.010 | WC_VIEW | 
     | u0/u0/U442/A1         | 0.220    | 0.230  | -0.010 | WC_VIEW | 
     | U839/A2               | 0.220    | 0.230  | -0.010 | WC_VIEW | 
     | u0/U332/A2            | 0.220    | 0.230  | -0.010 | WC_VIEW | 
     | U1337/I               | 0.220    | 0.230  | -0.010 | WC_VIEW | 
     | u0/U50/A1             | 0.220    | 0.230  | -0.010 | WC_VIEW | 
     | u0/w_reg_1__17_/Q     | 0.220    | 0.230  | -0.010 | WC_VIEW | 
     | U1396/A1              | 0.220    | 0.230  | -0.010 | WC_VIEW | 
     | us20/U245/ZN          | 0.220    | 0.230  | -0.010 | WC_VIEW | 
     | us20/U351/C           | 0.220    | 0.230  | -0.010 | WC_VIEW | 
     | u0/U329/A2            | 0.220    | 0.229  | -0.009 | WC_VIEW | 
     | u0/w_reg_1__14_/Q     | 0.220    | 0.229  | -0.009 | WC_VIEW | 
     | u0/u0/U424/A3         | 0.220    | 0.229  | -0.009 | WC_VIEW | 
     | U434/A2               | 0.220    | 0.229  | -0.009 | WC_VIEW | 
     | U147/A1               | 0.220    | 0.229  | -0.009 | WC_VIEW | 
     | u0/u0/U388/ZN         | 0.220    | 0.229  | -0.009 | WC_VIEW | 
     | u0/u0/U199/A1         | 0.220    | 0.229  | -0.009 | WC_VIEW | 
     | U799/A1               | 0.220    | 0.229  | -0.009 | WC_VIEW | 
     | us02/U333/A4          | 0.220    | 0.229  | -0.009 | WC_VIEW | 
     | us02/U455/ZN          | 0.220    | 0.229  | -0.009 | WC_VIEW | 
     | us30/FE_RC_2929_0/ZN  | 0.220    | 0.229  | -0.009 | WC_VIEW | 
     | us30/FE_RC_1749_0/A1  | 0.220    | 0.229  | -0.009 | WC_VIEW | 
     | us32/U128/B1          | 0.220    | 0.228  | -0.008 | WC_VIEW | 
     | us32/U422/ZN          | 0.220    | 0.228  | -0.008 | WC_VIEW | 
     | us31/FE_RC_67_0/ZN    | 0.220    | 0.228  | -0.008 | WC_VIEW | 
     | us31/U57/A2           | 0.220    | 0.228  | -0.008 | WC_VIEW | 
     | u0/U86/I              | 0.220    | 0.228  | -0.008 | WC_VIEW | 
     | U1116/A1              | 0.220    | 0.228  | -0.008 | WC_VIEW | 
     | U895/A2               | 0.220    | 0.228  | -0.008 | WC_VIEW | 
     | u0/w_reg_0__9_/Q      | 0.220    | 0.228  | -0.008 | WC_VIEW | 
     | U1507/A1              | 0.220    | 0.228  | -0.008 | WC_VIEW | 
     | u0/U107/A2            | 0.220    | 0.228  | -0.008 | WC_VIEW | 
     | u0/U154/A2            | 0.220    | 0.228  | -0.008 | WC_VIEW | 
     | U1316/I               | 0.220    | 0.228  | -0.008 | WC_VIEW | 
     | U1128/A1              | 0.220    | 0.228  | -0.008 | WC_VIEW | 
     | u0/w_reg_2__20_/Q     | 0.220    | 0.228  | -0.008 | WC_VIEW | 
     | U1488/A1              | 0.220    | 0.228  | -0.008 | WC_VIEW | 
     | us12/U132/A1          | 0.220    | 0.227  | -0.007 | WC_VIEW | 
     | u0/u3/U270/B          | 0.220    | 0.227  | -0.007 | WC_VIEW | 
     | text_out_reg_99_/D    | 0.220    | 0.227  | -0.007 | WC_VIEW | 
     | us12/U425/ZN          | 0.220    | 0.227  | -0.007 | WC_VIEW | 
     | u0/u3/U117/ZN         | 0.220    | 0.227  | -0.007 | WC_VIEW | 
     | U1246/Z               | 0.220    | 0.227  | -0.007 | WC_VIEW | 
     | us01/U346/B           | 0.220    | 0.227  | -0.007 | WC_VIEW | 
     | us01/U324/ZN          | 0.220    | 0.227  | -0.007 | WC_VIEW | 
     | us01/U430/A2          | 0.220    | 0.227  | -0.007 | WC_VIEW | 
     | U987/A4               | 0.220    | 0.227  | -0.007 | WC_VIEW | 
     | U588/A2               | 0.220    | 0.227  | -0.007 | WC_VIEW | 
     | U1292/ZN              | 0.220    | 0.227  | -0.007 | WC_VIEW | 
     | us30/U225/ZN          | 0.220    | 0.227  | -0.007 | WC_VIEW | 
     | us30/U437/A4          | 0.220    | 0.227  | -0.007 | WC_VIEW | 
     | U1439/A1              | 0.220    | 0.226  | -0.006 | WC_VIEW | 
     | U878/A2               | 0.220    | 0.226  | -0.006 | WC_VIEW | 
     | u0/FE_RC_2423_0/B2    | 0.220    | 0.226  | -0.006 | WC_VIEW | 
     | u0/U335/A2            | 0.220    | 0.226  | -0.006 | WC_VIEW | 
     | U1498/A1              | 0.220    | 0.226  | -0.006 | WC_VIEW | 
     | u0/w_reg_1__20_/Q     | 0.220    | 0.226  | -0.006 | WC_VIEW | 
     | u0/FE_RC_2423_0/A2    | 0.220    | 0.226  | -0.006 | WC_VIEW | 
     | us00/U414/ZN          | 0.220    | 0.226  | -0.006 | WC_VIEW | 
     | us00/U375/A2          | 0.220    | 0.226  | -0.006 | WC_VIEW | 
     | u0/u0/U387/ZN         | 0.220    | 0.226  | -0.006 | WC_VIEW | 
     | u0/u0/U360/A1         | 0.220    | 0.226  | -0.006 | WC_VIEW | 
     | u0/u3/FE_RC_2108_0/ZN | 0.220    | 0.226  | -0.006 | WC_VIEW | 
     | u0/u3/FE_RC_3374_0/A1 | 0.220    | 0.226  | -0.006 | WC_VIEW | 
     | us11/U423/ZN          | 0.220    | 0.225  | -0.005 | WC_VIEW | 
     | us11/FE_RC_2990_0/B2  | 0.220    | 0.225  | -0.005 | WC_VIEW | 
     | text_out_reg_98_/D    | 0.220    | 0.225  | -0.005 | WC_VIEW | 
     | U1205/Z               | 0.220    | 0.225  | -0.005 | WC_VIEW | 
     | u0/u0/U425/A1         | 0.220    | 0.225  | -0.005 | WC_VIEW | 
     | u0/u0/U252/ZN         | 0.220    | 0.225  | -0.005 | WC_VIEW | 
     | u0/u3/U358/ZN         | 0.220    | 0.224  | -0.004 | WC_VIEW | 
     | u0/u3/U95/B1          | 0.220    | 0.224  | -0.004 | WC_VIEW | 
     | us11/U304/C           | 0.220    | 0.224  | -0.004 | WC_VIEW | 
     | us11/U205/ZN          | 0.220    | 0.224  | -0.004 | WC_VIEW | 
     | us32/U84/C            | 0.220    | 0.224  | -0.004 | WC_VIEW | 
     | us32/U316/ZN          | 0.220    | 0.224  | -0.004 | WC_VIEW | 
     | u0/u1/U334/ZN         | 0.220    | 0.223  | -0.003 | WC_VIEW | 
     | u0/u1/U199/A2         | 0.220    | 0.223  | -0.003 | WC_VIEW | 
     | u0/u1/U407/A3         | 0.220    | 0.223  | -0.003 | WC_VIEW | 
     | u0/u3/U274/A2         | 0.220    | 0.223  | -0.003 | WC_VIEW | 
     | u0/u3/U203/ZN         | 0.220    | 0.223  | -0.003 | WC_VIEW | 
     | u0/u3/U60/A2          | 0.220    | 0.223  | -0.003 | WC_VIEW | 
     | u0/u1/U398/B1         | 0.220    | 0.223  | -0.003 | WC_VIEW | 
     | u0/u3/FE_RC_234_0/B1  | 0.220    | 0.223  | -0.003 | WC_VIEW | 
     | u0/u3/U458/I          | 0.220    | 0.223  | -0.003 | WC_VIEW | 
     | u0/u1/U344/ZN         | 0.220    | 0.223  | -0.003 | WC_VIEW | 
     | u0/u1/U366/ZN         | 0.220    | 0.223  | -0.003 | WC_VIEW | 
     | u0/u1/U144/A2         | 0.220    | 0.223  | -0.003 | WC_VIEW | 
     | us33/FE_RC_2104_0/B1  | 0.220    | 0.220  | -0.000 | WC_VIEW | 
     | us12/U416/ZN          | 0.220    | 0.220  | -0.000 | WC_VIEW | 
     | us12/U327/A2          | 0.220    | 0.220  | -0.000 | WC_VIEW | 
     | u0/u2/U397/ZN         | 0.220    | 0.220  | -0.000 | WC_VIEW | 
     | u0/u2/U151/B1         | 0.220    | 0.220  | -0.000 | WC_VIEW | 
     | us33/U424/ZN          | 0.220    | 0.220  | -0.000 | WC_VIEW | 
     | u0/u0/U148/B1         | 0.220    | 0.220  | -0.000 | WC_VIEW | 
     | u0/u0/U344/ZN         | 0.220    | 0.220  | -0.000 | WC_VIEW | 
     +--------------------------------------------------------------+ 
