----------------------------------------------------------------------
Info:    Log written by SiliconSmart version L-2016.06-SP1-2 on Fri May 23 14:02:20 2025
Info:    Build date: Dec 07, 2016 16:59:49
Info:    SiliconSmart Path: /acsnfs3/software/SiliconSmartAce-2016.06-SP1-2/linux64/bin/siliconsmart
Info:    Host Name: ieng6-ece-08.ucsd.edu, User Name: cs241asp25bu, PID: 25483
Info:    CPU: 8 x 2195 MHz, Intel(R) Xeon(R) Gold 5220 CPU @ 2.20GHz (2 socket, 4 core)
Info:    Memory: 32 GB RAM, 1 GB Swap
Info:    Directory: /home/linux/ieng6/cs241asp25/cs241asp25bu/lab5/run_siliconsmart/LIB_SS_0.9_-40_ALL
Info:    Maximum virtual memory size: 587.09MB
Command-line: /acsnfs3/software/SiliconSmartAce-2016.06-SP1-2/linux64/bin/siliconsmart -server /home/linux/ieng6/cs241asp25/cs241asp25bu/lab5/run_siliconsmart/LIB_SS_0.9_-40_ALL/runtime/cdpl/driver_24286.tcl
Fri May 23 14:02:20 2025: Establishing connection to license server
The char directory is /home/linux/ieng6/cs241asp25/cs241asp25bu/lab5/run_siliconsmart/LIB_SS_0.9_-40_ALL
Warning: Operating condition 'SS_0.9_-40_ALL' already exists, skipped.
Info:    Reading instance file for cell AN2D0... (SMSC-23)
Info:    Generating timing tests.
Info:    Generating power tests.
Info:    Generating template at Fri May 23 14:02:20 2025 
Info:    Done generating template at Fri May 23 14:02:21 2025
Info:    Generate Templates: Maximum virtual memory size: 623.242 MB
Info:    Cell AN2D0 configured for characterization. (SMSC-24)
Info:    __recordTaskStats__ AN2D0 configure 0.27 0.01 0.0 0.0 1 0.302083969116 ieng6-ece-08.ucsd.edu 1748034140.82 1748034141.12
Info:    set _SIS_CLIENT_RESULT_ {{AN2D0 configuration {status done exportVars {} errorList {} sifName {} sofName {} eadName {} depFiles {}}}}
Info:    _SIS_CLIENT_RESULT_END
Info:    Reading instance file for cell AN2D4... (SMSC-23)
Info:    Generating timing tests.
Info:    Generating power tests.
Info:    Generating template at Fri May 23 14:02:21 2025 
Info:    Done generating template at Fri May 23 14:02:21 2025
Info:    Generate Templates: Maximum virtual memory size: 624.258 MB
Info:    Cell AN2D4 configured for characterization. (SMSC-24)
Info:    __recordTaskStats__ AN2D4 configure 0.25 0.0 0.0 0.0 1 0.307369947433 ieng6-ece-08.ucsd.edu 1748034141.14 1748034141.44
Info:    set _SIS_CLIENT_RESULT_ {{AN2D4 configuration {status done exportVars {} errorList {} sifName {} sofName {} eadName {} depFiles {}}}}
Info:    _SIS_CLIENT_RESULT_END
Info:    Reading instance file for cell AOI21D2... (SMSC-23)
Info:    Generating timing tests.
Info:    Generating power tests.
Info:    Generating template at Fri May 23 14:02:21 2025 
Info:    Done generating template at Fri May 23 14:02:21 2025
Info:    Generate Templates: Maximum virtual memory size: 626.328 MB
Info:    Cell AOI21D2 configured for characterization. (SMSC-24)
Info:    __recordTaskStats__ AOI21D2 configure 0.39 0.01 0.0 0.0 1 0.43066906929 ieng6-ece-08.ucsd.edu 1748034141.45 1748034141.88
Info:    set _SIS_CLIENT_RESULT_ {{AOI21D2 configuration {status done exportVars {} errorList {} sifName {} sofName {} eadName {} depFiles {}}}}
Info:    _SIS_CLIENT_RESULT_END
Info:    Reading instance file for cell DFCSNQD4... (SMSC-23)
Info:    Generating timing tests.
Info:    Generating power tests.
Info:    Generating template at Fri May 23 14:02:22 2025 
Info:    Done generating template at Fri May 23 14:02:23 2025
Info:    Generate Templates: Maximum virtual memory size: 630.703 MB
Info:    Cell DFCSNQD4 configured for characterization. (SMSC-24)
Info:    __recordTaskStats__ DFCSNQD4 configure 0.83 0.02 0.0 0.0 1 1.26769995689 ieng6-ece-08.ucsd.edu 1748034142.76 1748034144.03
Info:    set _SIS_CLIENT_RESULT_ {{DFCSNQD4 configuration {status done exportVars {} errorList {} sifName {} sofName {} eadName {} depFiles {}}}}
Info:    _SIS_CLIENT_RESULT_END
Info:    Reading instance file for cell ND2D3... (SMSC-23)
Info:    Generating timing tests.
Info:    Generating power tests.
Info:    Generating template at Fri May 23 14:02:24 2025 
Info:    Done generating template at Fri May 23 14:02:24 2025
Info:    Generate Templates: Maximum virtual memory size: 632.719 MB
Info:    Cell ND2D3 configured for characterization. (SMSC-24)
Info:    __recordTaskStats__ ND2D3 configure 0.27 0.0 0.0 0.0 1 1.02093505859 ieng6-ece-08.ucsd.edu 1748034144.04 1748034145.06
Info:    set _SIS_CLIENT_RESULT_ {{ND2D3 configuration {status done exportVars {} errorList {} sifName {} sofName {} eadName {} depFiles {}}}}
Info:    _SIS_CLIENT_RESULT_END
Info:    Reading instance file for cell OR2D1... (SMSC-23)
Info:    Generating timing tests.
Info:    Generating power tests.
Info:    Generating template at Fri May 23 14:02:25 2025 
Info:    Done generating template at Fri May 23 14:02:25 2025
Info:    Generate Templates: Maximum virtual memory size: 634.352 MB
Info:    Cell OR2D1 configured for characterization. (SMSC-24)
Info:    __recordTaskStats__ OR2D1 configure 0.25 0.0 0.0 0.0 1 1.15578913689 ieng6-ece-08.ucsd.edu 1748034145.08 1748034146.24
Info:    set _SIS_CLIENT_RESULT_ {{OR2D1 configuration {status done exportVars {} errorList {} sifName {} sofName {} eadName {} depFiles {}}}}
Info:    _SIS_CLIENT_RESULT_END
Info:    The char directory is /home/linux/ieng6/cs241asp25/cs241asp25bu/lab5/run_siliconsmart/LIB_SS_0.9_-40_ALL
Warning: Operating condition 'SS_0.9_-40_ALL' already exists, skipped.
Info:    The char directory is /home/linux/ieng6/cs241asp25/cs241asp25bu/lab5/run_siliconsmart/LIB_SS_0.9_-40_ALL
Warning: Operating condition 'SS_0.9_-40_ALL' already exists, skipped.
Info:    Loading information for cell DFCSNQD1... (SMSC-60)
Info:    Current directory '/home/linux/ieng6/cs241asp25/cs241asp25bu/lab5/run_siliconsmart/LIB_SS_0.9_-40_ALL' (SIM-68)
Info:    Working in directory '/home/linux/ieng6/cs241asp25/cs241asp25bu/lab5/run_siliconsmart/LIB_SS_0.9_-40_ALL/temp/siliconsmart.ieng6-ece-08.150149.25483/energy__D__lh__ACQ_1.sif_0' (SIM-69)
Info:    Executing 'hspice deck.cir -o deck' (SIM-30)
Warning: return code 0 (hspice: No such file or directory)
Info:    Simulation energy__D__lh__ACQ_1.sif for cell DFCSNQD1 completed successfully. (SMSC-103)
Info:    IO Retry 0
Info:    set _SIS_CLIENT_RESULT_ {{DFCSNQD1 energy__D__lh__ACQ_1 {sifTS 0.0 sifName /home/linux/ieng6/cs241asp25/cs241asp25bu/lab5/run_siliconsmart/LIB_SS_0.9_-40_ALL/temp/siliconsmart.ieng6-ece-08.150149.25483/energy__D__lh__ACQ_1.sif eadCksum d1cbfb06b2caaad632daa01f90d2abe0 simulationCount 1 exportVars {} errorList {} sofName /home/linux/ieng6/cs241asp25/cs241asp25bu/lab5/run_siliconsmart/LIB_SS_0.9_-40_ALL/temp/siliconsmart.ieng6-ece-08.150149.25483/energy__D__lh__ACQ_1.sof eadTS 0.0 eadName /home/linux/ieng6/cs241asp25/cs241asp25bu/lab5/run_siliconsmart/LIB_SS_0.9_-40_ALL/temp/siliconsmart.ieng6-ece-08.150149.25483/energy__D__lh__ACQ_1.ead enableCache 0 status done depFiles /home/linux/ieng6/cs241asp25/cs241asp25bu/lab5/run_siliconsmart/LIB_SS_0.9_-40_ALL/netlists/DFCSNQD1.cdl sifCksum 8bc22fb066b18068268abfe0f69f6c8d}}}
Info:    _SIS_CLIENT_RESULT_END
Info:    __recordTaskStats__ DFCSNQD1 energy__D__lh__ACQ_1 0.14 0.01 0.89 0.09 1 1.83239603043 ieng6-ece-08.ucsd.edu 1748034176.37 1748034178.2
Info:    Loading information for cell DFCSNQD1... (SMSC-60)
Info:    Current directory '/home/linux/ieng6/cs241asp25/cs241asp25bu/lab5/run_siliconsmart/LIB_SS_0.9_-40_ALL' (SIM-68)
Info:    Working in directory '/home/linux/ieng6/cs241asp25/cs241asp25bu/lab5/run_siliconsmart/LIB_SS_0.9_-40_ALL/temp/siliconsmart.ieng6-ece-08.150149.25483/Cin__CDN__lh__ACQ_1.sif_0' (SIM-69)
Info:    Executing 'hspice deck.cir -o deck' (SIM-30)
Warning: return code 0 (hspice: No such file or directory)
Info:    Simulation Cin__CDN__lh__ACQ_1.sif for cell DFCSNQD1 completed successfully. (SMSC-103)
Info:    IO Retry 0
Info:    set _SIS_CLIENT_RESULT_ {{DFCSNQD1 Cin__CDN__lh__ACQ_1 {sifTS 0.0 sifName /home/linux/ieng6/cs241asp25/cs241asp25bu/lab5/run_siliconsmart/LIB_SS_0.9_-40_ALL/temp/siliconsmart.ieng6-ece-08.150149.25483/Cin__CDN__lh__ACQ_1.sif eadCksum 81d3a209b95e66b32fc9ca443bcf5e10 simulationCount 1 exportVars {} errorList {} sofName /home/linux/ieng6/cs241asp25/cs241asp25bu/lab5/run_siliconsmart/LIB_SS_0.9_-40_ALL/temp/siliconsmart.ieng6-ece-08.150149.25483/Cin__CDN__lh__ACQ_1.sof eadTS 0.0 eadName /home/linux/ieng6/cs241asp25/cs241asp25bu/lab5/run_siliconsmart/LIB_SS_0.9_-40_ALL/temp/siliconsmart.ieng6-ece-08.150149.25483/Cin__CDN__lh__ACQ_1.ead enableCache 0 status done depFiles /home/linux/ieng6/cs241asp25/cs241asp25bu/lab5/run_siliconsmart/LIB_SS_0.9_-40_ALL/netlists/DFCSNQD1.cdl sifCksum 6684dd9d0f727a2de62e0903d23d12eb}}}
Info:    _SIS_CLIENT_RESULT_END
Info:    __recordTaskStats__ DFCSNQD1 Cin__CDN__lh__ACQ_1 0.06 0.01 0.8 0.07 1 3.10012698174 ieng6-ece-08.ucsd.edu 1748034178.22 1748034181.32
Info:    Loading information for cell DFCSNQD1... (SMSC-60)
Info:    Current directory '/home/linux/ieng6/cs241asp25/cs241asp25bu/lab5/run_siliconsmart/LIB_SS_0.9_-40_ALL' (SIM-68)
Info:    Working in directory '/home/linux/ieng6/cs241asp25/cs241asp25bu/lab5/run_siliconsmart/LIB_SS_0.9_-40_ALL/temp/siliconsmart.ieng6-ece-08.150149.25483/delay__CP__lh__Q__hl__ACQ_1.sif_0' (SIM-69)
Info:    Executing 'hspice deck.cir -o deck' (SIM-30)
Warning: return code 0 (hspice: No such file or directory)
Info:    Simulation delay__CP__lh__Q__hl__ACQ_1.sif for cell DFCSNQD1 completed successfully. (SMSC-103)
Info:    IO Retry 0
Info:    set _SIS_CLIENT_RESULT_ {{DFCSNQD1 delay__CP__lh__Q__hl__ACQ_1 {sifTS 0.0 sifName /home/linux/ieng6/cs241asp25/cs241asp25bu/lab5/run_siliconsmart/LIB_SS_0.9_-40_ALL/temp/siliconsmart.ieng6-ece-08.150149.25483/delay__CP__lh__Q__hl__ACQ_1.sif eadCksum 45b225f496800755de639fe589c0f48f simulationCount 1 exportVars {} errorList {} sofName /home/linux/ieng6/cs241asp25/cs241asp25bu/lab5/run_siliconsmart/LIB_SS_0.9_-40_ALL/temp/siliconsmart.ieng6-ece-08.150149.25483/delay__CP__lh__Q__hl__ACQ_1.sof eadTS 0.0 eadName /home/linux/ieng6/cs241asp25/cs241asp25bu/lab5/run_siliconsmart/LIB_SS_0.9_-40_ALL/temp/siliconsmart.ieng6-ece-08.150149.25483/delay__CP__lh__Q__hl__ACQ_1.ead enableCache 0 status done depFiles /home/linux/ieng6/cs241asp25/cs241asp25bu/lab5/run_siliconsmart/LIB_SS_0.9_-40_ALL/netlists/DFCSNQD1.cdl sifCksum 0ffd7bfc47afad279540e2daa1bc8953}}}
Info:    _SIS_CLIENT_RESULT_END
Info:    __recordTaskStats__ DFCSNQD1 delay__CP__lh__Q__hl__ACQ_1 0.12 0.01 3.57 0.1 1 16.9880099297 ieng6-ece-08.ucsd.edu 1748034181.33 1748034198.31
Info:    Loading information for cell DFCSNQD2... (SMSC-60)
Info:    Start Search.seeded_expand.opt_width on width (SIM-43)
Info:    Current directory '/home/linux/ieng6/cs241asp25/cs241asp25bu/lab5/run_siliconsmart/LIB_SS_0.9_-40_ALL' (SIM-68)
Info:    Working in directory '/home/linux/ieng6/cs241asp25/cs241asp25bu/lab5/run_siliconsmart/LIB_SS_0.9_-40_ALL/temp/siliconsmart.ieng6-ece-08.150149.25483/combined_setup_hold__D__hl__CP__lh__ACQ_1.sif_0' (SIM-69)
Info:    Executing 'hspice deck.cir -o deck' (SIM-30)
Warning: return code 0 (hspice: No such file or directory)
Info:    Current directory '/home/linux/ieng6/cs241asp25/cs241asp25bu/lab5/run_siliconsmart/LIB_SS_0.9_-40_ALL' (SIM-68)
Info:    Working in directory '/home/linux/ieng6/cs241asp25/cs241asp25bu/lab5/run_siliconsmart/LIB_SS_0.9_-40_ALL/temp/siliconsmart.ieng6-ece-08.150149.25483/combined_setup_hold__D__hl__CP__lh__ACQ_1.sif_1' (SIM-69)
Info:    Executing 'hspice deck.cir -o deck' (SIM-30)
Warning: return code 0 (hspice: No such file or directory)
Info:    Current directory '/home/linux/ieng6/cs241asp25/cs241asp25bu/lab5/run_siliconsmart/LIB_SS_0.9_-40_ALL' (SIM-68)
Info:    Working in directory '/home/linux/ieng6/cs241asp25/cs241asp25bu/lab5/run_siliconsmart/LIB_SS_0.9_-40_ALL/temp/siliconsmart.ieng6-ece-08.150149.25483/combined_setup_hold__D__hl__CP__lh__ACQ_1.sif_2' (SIM-69)
Info:    Executing 'hspice deck.cir -o deck' (SIM-30)
Warning: return code 0 (hspice: No such file or directory)
Info:    Current directory '/home/linux/ieng6/cs241asp25/cs241asp25bu/lab5/run_siliconsmart/LIB_SS_0.9_-40_ALL' (SIM-68)
Info:    Working in directory '/home/linux/ieng6/cs241asp25/cs241asp25bu/lab5/run_siliconsmart/LIB_SS_0.9_-40_ALL/temp/siliconsmart.ieng6-ece-08.150149.25483/combined_setup_hold__D__hl__CP__lh__ACQ_1.sif_3' (SIM-69)
Info:    Executing 'hspice deck.cir -o deck' (SIM-30)
Warning: return code 0 (hspice: No such file or directory)
Info:    Current directory '/home/linux/ieng6/cs241asp25/cs241asp25bu/lab5/run_siliconsmart/LIB_SS_0.9_-40_ALL' (SIM-68)
Info:    Working in directory '/home/linux/ieng6/cs241asp25/cs241asp25bu/lab5/run_siliconsmart/LIB_SS_0.9_-40_ALL/temp/siliconsmart.ieng6-ece-08.150149.25483/combined_setup_hold__D__hl__CP__lh__ACQ_1.sif_4' (SIM-69)
Info:    Executing 'hspice deck.cir -o deck' (SIM-30)
Warning: return code 0 (hspice: No such file or directory)
Info:    Current directory '/home/linux/ieng6/cs241asp25/cs241asp25bu/lab5/run_siliconsmart/LIB_SS_0.9_-40_ALL' (SIM-68)
Info:    Working in directory '/home/linux/ieng6/cs241asp25/cs241asp25bu/lab5/run_siliconsmart/LIB_SS_0.9_-40_ALL/temp/siliconsmart.ieng6-ece-08.150149.25483/combined_setup_hold__D__hl__CP__lh__ACQ_1.sif_5' (SIM-69)
Info:    Executing 'hspice deck.cir -o deck' (SIM-30)
Warning: return code 0 (hspice: No such file or directory)
Info:    Current directory '/home/linux/ieng6/cs241asp25/cs241asp25bu/lab5/run_siliconsmart/LIB_SS_0.9_-40_ALL' (SIM-68)
Info:    Working in directory '/home/linux/ieng6/cs241asp25/cs241asp25bu/lab5/run_siliconsmart/LIB_SS_0.9_-40_ALL/temp/siliconsmart.ieng6-ece-08.150149.25483/combined_setup_hold__D__hl__CP__lh__ACQ_1.sif_6' (SIM-69)
Info:    Executing 'hspice deck.cir -o deck' (SIM-30)
Warning: return code 0 (hspice: No such file or directory)
Info:    Current directory '/home/linux/ieng6/cs241asp25/cs241asp25bu/lab5/run_siliconsmart/LIB_SS_0.9_-40_ALL' (SIM-68)
Info:    Working in directory '/home/linux/ieng6/cs241asp25/cs241asp25bu/lab5/run_siliconsmart/LIB_SS_0.9_-40_ALL/temp/siliconsmart.ieng6-ece-08.150149.25483/combined_setup_hold__D__hl__CP__lh__ACQ_1.sif_7' (SIM-69)
Info:    Executing 'hspice deck.cir -o deck' (SIM-30)
Warning: return code 0 (hspice: No such file or directory)
Info:    Current directory '/home/linux/ieng6/cs241asp25/cs241asp25bu/lab5/run_siliconsmart/LIB_SS_0.9_-40_ALL' (SIM-68)
Info:    Working in directory '/home/linux/ieng6/cs241asp25/cs241asp25bu/lab5/run_siliconsmart/LIB_SS_0.9_-40_ALL/temp/siliconsmart.ieng6-ece-08.150149.25483/combined_setup_hold__D__hl__CP__lh__ACQ_1.sif_8' (SIM-69)
Info:    Executing 'hspice deck.cir -o deck' (SIM-30)
Warning: return code 0 (hspice: No such file or directory)
Info:    Current directory '/home/linux/ieng6/cs241asp25/cs241asp25bu/lab5/run_siliconsmart/LIB_SS_0.9_-40_ALL' (SIM-68)
Info:    Working in directory '/home/linux/ieng6/cs241asp25/cs241asp25bu/lab5/run_siliconsmart/LIB_SS_0.9_-40_ALL/temp/siliconsmart.ieng6-ece-08.150149.25483/combined_setup_hold__D__hl__CP__lh__ACQ_1.sif_9' (SIM-69)
Info:    Executing 'hspice deck.cir -o deck' (SIM-30)
Warning: return code 0 (hspice: No such file or directory)
Info:    Start Search.seeded_expand.opt_hold on hold (SIM-43)
Info:    Current directory '/home/linux/ieng6/cs241asp25/cs241asp25bu/lab5/run_siliconsmart/LIB_SS_0.9_-40_ALL' (SIM-68)
Info:    Working in directory '/home/linux/ieng6/cs241asp25/cs241asp25bu/lab5/run_siliconsmart/LIB_SS_0.9_-40_ALL/temp/siliconsmart.ieng6-ece-08.150149.25483/combined_setup_hold__D__hl__CP__lh__ACQ_1.sif_10' (SIM-69)
Info:    Executing 'hspice deck.cir -o deck' (SIM-30)
Warning: return code 0 (hspice: No such file or directory)
Info:    Start Search.refine.opt_setup on setup (SIM-43)
Info:    Current directory '/home/linux/ieng6/cs241asp25/cs241asp25bu/lab5/run_siliconsmart/LIB_SS_0.9_-40_ALL' (SIM-68)
Info:    Working in directory '/home/linux/ieng6/cs241asp25/cs241asp25bu/lab5/run_siliconsmart/LIB_SS_0.9_-40_ALL/temp/siliconsmart.ieng6-ece-08.150149.25483/combined_setup_hold__D__hl__CP__lh__ACQ_1.sif_11' (SIM-69)
Info:    Executing 'hspice deck.cir -o deck' (SIM-30)
Warning: return code 0 (hspice: No such file or directory)
Info:    Current directory '/home/linux/ieng6/cs241asp25/cs241asp25bu/lab5/run_siliconsmart/LIB_SS_0.9_-40_ALL' (SIM-68)
Info:    Working in directory '/home/linux/ieng6/cs241asp25/cs241asp25bu/lab5/run_siliconsmart/LIB_SS_0.9_-40_ALL/temp/siliconsmart.ieng6-ece-08.150149.25483/combined_setup_hold__D__hl__CP__lh__ACQ_1.sif_12' (SIM-69)
Info:    Executing 'hspice deck.cir -o deck' (SIM-30)
Warning: return code 0 (hspice: No such file or directory)
Info:    Current directory '/home/linux/ieng6/cs241asp25/cs241asp25bu/lab5/run_siliconsmart/LIB_SS_0.9_-40_ALL' (SIM-68)
Info:    Working in directory '/home/linux/ieng6/cs241asp25/cs241asp25bu/lab5/run_siliconsmart/LIB_SS_0.9_-40_ALL/temp/siliconsmart.ieng6-ece-08.150149.25483/combined_setup_hold__D__hl__CP__lh__ACQ_1.sif_13' (SIM-69)
Info:    Executing 'hspice deck.cir -o deck' (SIM-30)
Warning: return code 0 (hspice: No such file or directory)
Info:    Current directory '/home/linux/ieng6/cs241asp25/cs241asp25bu/lab5/run_siliconsmart/LIB_SS_0.9_-40_ALL' (SIM-68)
Info:    Working in directory '/home/linux/ieng6/cs241asp25/cs241asp25bu/lab5/run_siliconsmart/LIB_SS_0.9_-40_ALL/temp/siliconsmart.ieng6-ece-08.150149.25483/combined_setup_hold__D__hl__CP__lh__ACQ_1.sif_14' (SIM-69)
Info:    Executing 'hspice deck.cir -o deck' (SIM-30)
Warning: return code 0 (hspice: No such file or directory)
Info:    Current directory '/home/linux/ieng6/cs241asp25/cs241asp25bu/lab5/run_siliconsmart/LIB_SS_0.9_-40_ALL' (SIM-68)
Info:    Working in directory '/home/linux/ieng6/cs241asp25/cs241asp25bu/lab5/run_siliconsmart/LIB_SS_0.9_-40_ALL/temp/siliconsmart.ieng6-ece-08.150149.25483/combined_setup_hold__D__hl__CP__lh__ACQ_1.sif_15' (SIM-69)
Info:    Executing 'hspice deck.cir -o deck' (SIM-30)
Warning: return code 0 (hspice: No such file or directory)
Info:    Current directory '/home/linux/ieng6/cs241asp25/cs241asp25bu/lab5/run_siliconsmart/LIB_SS_0.9_-40_ALL' (SIM-68)
Info:    Working in directory '/home/linux/ieng6/cs241asp25/cs241asp25bu/lab5/run_siliconsmart/LIB_SS_0.9_-40_ALL/temp/siliconsmart.ieng6-ece-08.150149.25483/combined_setup_hold__D__hl__CP__lh__ACQ_1.sif_16' (SIM-69)
Info:    Executing 'hspice deck.cir -o deck' (SIM-30)
Warning: return code 0 (hspice: No such file or directory)
Info:    Current directory '/home/linux/ieng6/cs241asp25/cs241asp25bu/lab5/run_siliconsmart/LIB_SS_0.9_-40_ALL' (SIM-68)
Info:    Working in directory '/home/linux/ieng6/cs241asp25/cs241asp25bu/lab5/run_siliconsmart/LIB_SS_0.9_-40_ALL/temp/siliconsmart.ieng6-ece-08.150149.25483/combined_setup_hold__D__hl__CP__lh__ACQ_1.sif_17' (SIM-69)
Info:    Executing 'hspice deck.cir -o deck' (SIM-30)
Warning: return code 0 (hspice: No such file or directory)
Info:    Current directory '/home/linux/ieng6/cs241asp25/cs241asp25bu/lab5/run_siliconsmart/LIB_SS_0.9_-40_ALL' (SIM-68)
Info:    Working in directory '/home/linux/ieng6/cs241asp25/cs241asp25bu/lab5/run_siliconsmart/LIB_SS_0.9_-40_ALL/temp/siliconsmart.ieng6-ece-08.150149.25483/combined_setup_hold__D__hl__CP__lh__ACQ_1.sif_18' (SIM-69)
Info:    Executing 'hspice deck.cir -o deck' (SIM-30)
Warning: return code 0 (hspice: No such file or directory)
Info:    Current directory '/home/linux/ieng6/cs241asp25/cs241asp25bu/lab5/run_siliconsmart/LIB_SS_0.9_-40_ALL' (SIM-68)
Info:    Working in directory '/home/linux/ieng6/cs241asp25/cs241asp25bu/lab5/run_siliconsmart/LIB_SS_0.9_-40_ALL/temp/siliconsmart.ieng6-ece-08.150149.25483/combined_setup_hold__D__hl__CP__lh__ACQ_1.sif_19' (SIM-69)
Info:    Executing 'hspice deck.cir -o deck' (SIM-30)
Warning: return code 0 (hspice: No such file or directory)
Info:    Simulation combined_setup_hold__D__hl__CP__lh__ACQ_1.sif for cell DFCSNQD2 completed successfully. (SMSC-103)
Info:    IO Retry 0
Info:    set _SIS_CLIENT_RESULT_ {{DFCSNQD2 combined_setup_hold__D__hl__CP__lh__ACQ_1 {sifTS 0.0 sifName /home/linux/ieng6/cs241asp25/cs241asp25bu/lab5/run_siliconsmart/LIB_SS_0.9_-40_ALL/temp/siliconsmart.ieng6-ece-08.150149.25483/combined_setup_hold__D__hl__CP__lh__ACQ_1.sif eadCksum 61889cfbac7c69d205b89fa3442ba141 simulationCount 20 exportVars {} errorList {} sofName /home/linux/ieng6/cs241asp25/cs241asp25bu/lab5/run_siliconsmart/LIB_SS_0.9_-40_ALL/temp/siliconsmart.ieng6-ece-08.150149.25483/combined_setup_hold__D__hl__CP__lh__ACQ_1.sof eadTS 0.0 eadName /home/linux/ieng6/cs241asp25/cs241asp25bu/lab5/run_siliconsmart/LIB_SS_0.9_-40_ALL/temp/siliconsmart.ieng6-ece-08.150149.25483/combined_setup_hold__D__hl__CP__lh__ACQ_1.ead enableCache 0 status done depFiles /home/linux/ieng6/cs241asp25/cs241asp25bu/lab5/run_siliconsmart/LIB_SS_0.9_-40_ALL/netlists/DFCSNQD2.cdl sifCksum 81090bc441a57bab148fd81230962c26}}}
Info:    _SIS_CLIENT_RESULT_END
Info:    __recordTaskStats__ DFCSNQD2 combined_setup_hold__D__hl__CP__lh__ACQ_1 0.31 0.08 23.07 1.58 20 84.2429578304 ieng6-ece-08.ucsd.edu 1748034198.32 1748034282.56
Info:    Loading information for cell OAI21D4... (SMSC-60)
Info:    Current directory '/home/linux/ieng6/cs241asp25/cs241asp25bu/lab5/run_siliconsmart/LIB_SS_0.9_-40_ALL' (SIM-68)
Info:    Working in directory '/home/linux/ieng6/cs241asp25/cs241asp25bu/lab5/run_siliconsmart/LIB_SS_0.9_-40_ALL/temp/siliconsmart.ieng6-ece-08.150149.25483/delay__B__hl__ZN__lh__ACQ_1.sif_0' (SIM-69)
Info:    Executing 'hspice deck.cir -o deck' (SIM-30)
Warning: return code 0 (hspice: No such file or directory)
Info:    Simulation delay__B__hl__ZN__lh__ACQ_1.sif for cell OAI21D4 completed successfully. (SMSC-103)
Info:    IO Retry 0
Info:    set _SIS_CLIENT_RESULT_ {{OAI21D4 delay__B__hl__ZN__lh__ACQ_1 {sifTS 0.0 sifName /home/linux/ieng6/cs241asp25/cs241asp25bu/lab5/run_siliconsmart/LIB_SS_0.9_-40_ALL/temp/siliconsmart.ieng6-ece-08.150149.25483/delay__B__hl__ZN__lh__ACQ_1.sif eadCksum ee2eff22e552d589be634095e7632c94 simulationCount 1 exportVars {} errorList {} sofName /home/linux/ieng6/cs241asp25/cs241asp25bu/lab5/run_siliconsmart/LIB_SS_0.9_-40_ALL/temp/siliconsmart.ieng6-ece-08.150149.25483/delay__B__hl__ZN__lh__ACQ_1.sof eadTS 0.0 eadName /home/linux/ieng6/cs241asp25/cs241asp25bu/lab5/run_siliconsmart/LIB_SS_0.9_-40_ALL/temp/siliconsmart.ieng6-ece-08.150149.25483/delay__B__hl__ZN__lh__ACQ_1.ead enableCache 0 status done depFiles /home/linux/ieng6/cs241asp25/cs241asp25bu/lab5/run_siliconsmart/LIB_SS_0.9_-40_ALL/netlists/OAI21D4.cdl sifCksum a53c4c6597fd55c2f1ce1f9c93807f61}}}
Info:    _SIS_CLIENT_RESULT_END
Info:    __recordTaskStats__ OAI21D4 delay__B__hl__ZN__lh__ACQ_1 0.11 0.01 2.1 0.09 1 11.6226098537 ieng6-ece-08.ucsd.edu 1748034282.57 1748034294.19
Info:    Loading information for cell ND2D0... (SMSC-60)
Info:    Current directory '/home/linux/ieng6/cs241asp25/cs241asp25bu/lab5/run_siliconsmart/LIB_SS_0.9_-40_ALL' (SIM-68)
Info:    Working in directory '/home/linux/ieng6/cs241asp25/cs241asp25bu/lab5/run_siliconsmart/LIB_SS_0.9_-40_ALL/temp/siliconsmart.ieng6-ece-08.150149.25483/Cin__A2__hl__ACQ_1.sif_0' (SIM-69)
Info:    Executing 'hspice deck.cir -o deck' (SIM-30)
Warning: return code 0 (hspice: No such file or directory)
Info:    Simulation Cin__A2__hl__ACQ_1.sif for cell ND2D0 completed successfully. (SMSC-103)
Info:    IO Retry 0
Info:    set _SIS_CLIENT_RESULT_ {{ND2D0 Cin__A2__hl__ACQ_1 {sifTS 0.0 sifName /home/linux/ieng6/cs241asp25/cs241asp25bu/lab5/run_siliconsmart/LIB_SS_0.9_-40_ALL/temp/siliconsmart.ieng6-ece-08.150149.25483/Cin__A2__hl__ACQ_1.sif eadCksum ae30b50a4cc970f1b024f013bcc8d475 simulationCount 1 exportVars {} errorList {} sofName /home/linux/ieng6/cs241asp25/cs241asp25bu/lab5/run_siliconsmart/LIB_SS_0.9_-40_ALL/temp/siliconsmart.ieng6-ece-08.150149.25483/Cin__A2__hl__ACQ_1.sof eadTS 0.0 eadName /home/linux/ieng6/cs241asp25/cs241asp25bu/lab5/run_siliconsmart/LIB_SS_0.9_-40_ALL/temp/siliconsmart.ieng6-ece-08.150149.25483/Cin__A2__hl__ACQ_1.ead enableCache 0 status done depFiles /home/linux/ieng6/cs241asp25/cs241asp25bu/lab5/run_siliconsmart/LIB_SS_0.9_-40_ALL/netlists/ND2D0.cdl sifCksum 7d7b80498496bf4b3a3cc99b1179601a}}}
Info:    _SIS_CLIENT_RESULT_END
Info:    __recordTaskStats__ ND2D0 Cin__A2__hl__ACQ_1 0.07 0.01 0.31 0.06 1 1.83685302734 ieng6-ece-08.ucsd.edu 1748034294.19 1748034296.03
Info:    Loading information for cell ND2D1... (SMSC-60)
Info:    Current directory '/home/linux/ieng6/cs241asp25/cs241asp25bu/lab5/run_siliconsmart/LIB_SS_0.9_-40_ALL' (SIM-68)
Info:    Working in directory '/home/linux/ieng6/cs241asp25/cs241asp25bu/lab5/run_siliconsmart/LIB_SS_0.9_-40_ALL/temp/siliconsmart.ieng6-ece-08.150149.25483/Cin__A2__hl__ACQ_1.sif_0' (SIM-69)
Info:    Executing 'hspice deck.cir -o deck' (SIM-30)
Warning: return code 0 (hspice: No such file or directory)
Info:    Simulation Cin__A2__hl__ACQ_1.sif for cell ND2D1 completed successfully. (SMSC-103)
Info:    IO Retry 0
Info:    set _SIS_CLIENT_RESULT_ {{ND2D1 Cin__A2__hl__ACQ_1 {sifTS 0.0 sifName /home/linux/ieng6/cs241asp25/cs241asp25bu/lab5/run_siliconsmart/LIB_SS_0.9_-40_ALL/temp/siliconsmart.ieng6-ece-08.150149.25483/Cin__A2__hl__ACQ_1.sif eadCksum 82c1310c2aa7c499fb278b5ef494ff5b simulationCount 1 exportVars {} errorList {} sofName /home/linux/ieng6/cs241asp25/cs241asp25bu/lab5/run_siliconsmart/LIB_SS_0.9_-40_ALL/temp/siliconsmart.ieng6-ece-08.150149.25483/Cin__A2__hl__ACQ_1.sof eadTS 0.0 eadName /home/linux/ieng6/cs241asp25/cs241asp25bu/lab5/run_siliconsmart/LIB_SS_0.9_-40_ALL/temp/siliconsmart.ieng6-ece-08.150149.25483/Cin__A2__hl__ACQ_1.ead enableCache 0 status done depFiles /home/linux/ieng6/cs241asp25/cs241asp25bu/lab5/run_siliconsmart/LIB_SS_0.9_-40_ALL/netlists/ND2D1.cdl sifCksum a6a7270a082f7ad38458fcf8b01c2f8c}}}
Info:    _SIS_CLIENT_RESULT_END
Info:    __recordTaskStats__ ND2D1 Cin__A2__hl__ACQ_1 0.07 0.01 0.29 0.05 1 1.86840701103 ieng6-ece-08.ucsd.edu 1748034296.03 1748034297.9
Info:    Loading information for cell ND2D1... (SMSC-60)
Info:    Current directory '/home/linux/ieng6/cs241asp25/cs241asp25bu/lab5/run_siliconsmart/LIB_SS_0.9_-40_ALL' (SIM-68)
Info:    Working in directory '/home/linux/ieng6/cs241asp25/cs241asp25bu/lab5/run_siliconsmart/LIB_SS_0.9_-40_ALL/temp/siliconsmart.ieng6-ece-08.150149.25483/delay__A2__hl__ZN__lh__ACQ_1.sif_0' (SIM-69)
Info:    Executing 'hspice deck.cir -o deck' (SIM-30)
Warning: return code 0 (hspice: No such file or directory)
Info:    Simulation delay__A2__hl__ZN__lh__ACQ_1.sif for cell ND2D1 completed successfully. (SMSC-103)
Info:    IO Retry 0
Info:    set _SIS_CLIENT_RESULT_ {{ND2D1 delay__A2__hl__ZN__lh__ACQ_1 {sifTS 0.0 sifName /home/linux/ieng6/cs241asp25/cs241asp25bu/lab5/run_siliconsmart/LIB_SS_0.9_-40_ALL/temp/siliconsmart.ieng6-ece-08.150149.25483/delay__A2__hl__ZN__lh__ACQ_1.sif eadCksum 406f9efe3b28888878af80671d4dd20d simulationCount 1 exportVars {} errorList {} sofName /home/linux/ieng6/cs241asp25/cs241asp25bu/lab5/run_siliconsmart/LIB_SS_0.9_-40_ALL/temp/siliconsmart.ieng6-ece-08.150149.25483/delay__A2__hl__ZN__lh__ACQ_1.sof eadTS 0.0 eadName /home/linux/ieng6/cs241asp25/cs241asp25bu/lab5/run_siliconsmart/LIB_SS_0.9_-40_ALL/temp/siliconsmart.ieng6-ece-08.150149.25483/delay__A2__hl__ZN__lh__ACQ_1.ead enableCache 0 status done depFiles /home/linux/ieng6/cs241asp25/cs241asp25bu/lab5/run_siliconsmart/LIB_SS_0.9_-40_ALL/netlists/ND2D1.cdl sifCksum 149b837947978f34e71b667646eb75ff}}}
Info:    _SIS_CLIENT_RESULT_END
Info:    __recordTaskStats__ ND2D1 delay__A2__hl__ZN__lh__ACQ_1 0.09 0.0 0.95 0.09 1 3.67716813087 ieng6-ece-08.ucsd.edu 1748034297.91 1748034301.58
Info:    Loading information for cell ND2D4... (SMSC-60)
Info:    Current directory '/home/linux/ieng6/cs241asp25/cs241asp25bu/lab5/run_siliconsmart/LIB_SS_0.9_-40_ALL' (SIM-68)
Info:    Working in directory '/home/linux/ieng6/cs241asp25/cs241asp25bu/lab5/run_siliconsmart/LIB_SS_0.9_-40_ALL/temp/siliconsmart.ieng6-ece-08.150149.25483/delay__A1__lh__ZN__hl__ACQ_1.sif_0' (SIM-69)
Info:    Executing 'hspice deck.cir -o deck' (SIM-30)
Warning: return code 0 (hspice: No such file or directory)
Info:    Simulation delay__A1__lh__ZN__hl__ACQ_1.sif for cell ND2D4 completed successfully. (SMSC-103)
Info:    IO Retry 0
Info:    set _SIS_CLIENT_RESULT_ {{ND2D4 delay__A1__lh__ZN__hl__ACQ_1 {sifTS 0.0 sifName /home/linux/ieng6/cs241asp25/cs241asp25bu/lab5/run_siliconsmart/LIB_SS_0.9_-40_ALL/temp/siliconsmart.ieng6-ece-08.150149.25483/delay__A1__lh__ZN__hl__ACQ_1.sif eadCksum 12f072292e108d37b3c17ce45394e00e simulationCount 1 exportVars {} errorList {} sofName /home/linux/ieng6/cs241asp25/cs241asp25bu/lab5/run_siliconsmart/LIB_SS_0.9_-40_ALL/temp/siliconsmart.ieng6-ece-08.150149.25483/delay__A1__lh__ZN__hl__ACQ_1.sof eadTS 0.0 eadName /home/linux/ieng6/cs241asp25/cs241asp25bu/lab5/run_siliconsmart/LIB_SS_0.9_-40_ALL/temp/siliconsmart.ieng6-ece-08.150149.25483/delay__A1__lh__ZN__hl__ACQ_1.ead enableCache 0 status done depFiles /home/linux/ieng6/cs241asp25/cs241asp25bu/lab5/run_siliconsmart/LIB_SS_0.9_-40_ALL/netlists/ND2D4.cdl sifCksum 1588a60f2686011ab8505bd7cc17e7b8}}}
Info:    _SIS_CLIENT_RESULT_END
Info:    __recordTaskStats__ ND2D4 delay__A1__lh__ZN__hl__ACQ_1 0.12 0.01 1.4 0.09 1 6.82353591919 ieng6-ece-08.ucsd.edu 1748034301.58 1748034308.41
Info:    Loading information for cell NR2D2... (SMSC-60)
Info:    Current directory '/home/linux/ieng6/cs241asp25/cs241asp25bu/lab5/run_siliconsmart/LIB_SS_0.9_-40_ALL' (SIM-68)
Info:    Working in directory '/home/linux/ieng6/cs241asp25/cs241asp25bu/lab5/run_siliconsmart/LIB_SS_0.9_-40_ALL/temp/siliconsmart.ieng6-ece-08.150149.25483/Cin__A2__lh__ACQ_1.sif_0' (SIM-69)
Info:    Executing 'hspice deck.cir -o deck' (SIM-30)
Warning: return code 0 (hspice: No such file or directory)
Info:    Simulation Cin__A2__lh__ACQ_1.sif for cell NR2D2 completed successfully. (SMSC-103)
Info:    IO Retry 0
Info:    set _SIS_CLIENT_RESULT_ {{NR2D2 Cin__A2__lh__ACQ_1 {sifTS 0.0 sifName /home/linux/ieng6/cs241asp25/cs241asp25bu/lab5/run_siliconsmart/LIB_SS_0.9_-40_ALL/temp/siliconsmart.ieng6-ece-08.150149.25483/Cin__A2__lh__ACQ_1.sif eadCksum cb4748f1a2d9a443d0c55edbf2b74f7a simulationCount 1 exportVars {} errorList {} sofName /home/linux/ieng6/cs241asp25/cs241asp25bu/lab5/run_siliconsmart/LIB_SS_0.9_-40_ALL/temp/siliconsmart.ieng6-ece-08.150149.25483/Cin__A2__lh__ACQ_1.sof eadTS 0.0 eadName /home/linux/ieng6/cs241asp25/cs241asp25bu/lab5/run_siliconsmart/LIB_SS_0.9_-40_ALL/temp/siliconsmart.ieng6-ece-08.150149.25483/Cin__A2__lh__ACQ_1.ead enableCache 0 status done depFiles /home/linux/ieng6/cs241asp25/cs241asp25bu/lab5/run_siliconsmart/LIB_SS_0.9_-40_ALL/netlists/NR2D2.cdl sifCksum 34a3f798f7309c0a944e2e4a809d697b}}}
Info:    _SIS_CLIENT_RESULT_END
Info:    __recordTaskStats__ NR2D2 Cin__A2__lh__ACQ_1 0.06 0.01 0.55 0.07 1 2.05012488365 ieng6-ece-08.ucsd.edu 1748034308.42 1748034310.47
Info:    Loading information for cell NR2D4... (SMSC-60)
Info:    Current directory '/home/linux/ieng6/cs241asp25/cs241asp25bu/lab5/run_siliconsmart/LIB_SS_0.9_-40_ALL' (SIM-68)
Info:    Working in directory '/home/linux/ieng6/cs241asp25/cs241asp25bu/lab5/run_siliconsmart/LIB_SS_0.9_-40_ALL/temp/siliconsmart.ieng6-ece-08.150149.25483/Cin__A1__lh__ACQ_1.sif_0' (SIM-69)
Info:    Executing 'hspice deck.cir -o deck' (SIM-30)
Warning: return code 0 (hspice: No such file or directory)
Info:    Simulation Cin__A1__lh__ACQ_1.sif for cell NR2D4 completed successfully. (SMSC-103)
Info:    IO Retry 0
Info:    set _SIS_CLIENT_RESULT_ {{NR2D4 Cin__A1__lh__ACQ_1 {sifTS 0.0 sifName /home/linux/ieng6/cs241asp25/cs241asp25bu/lab5/run_siliconsmart/LIB_SS_0.9_-40_ALL/temp/siliconsmart.ieng6-ece-08.150149.25483/Cin__A1__lh__ACQ_1.sif eadCksum da073be6c7fd80eb21ac0ef841e99cc5 simulationCount 1 exportVars {} errorList {} sofName /home/linux/ieng6/cs241asp25/cs241asp25bu/lab5/run_siliconsmart/LIB_SS_0.9_-40_ALL/temp/siliconsmart.ieng6-ece-08.150149.25483/Cin__A1__lh__ACQ_1.sof eadTS 0.0 eadName /home/linux/ieng6/cs241asp25/cs241asp25bu/lab5/run_siliconsmart/LIB_SS_0.9_-40_ALL/temp/siliconsmart.ieng6-ece-08.150149.25483/Cin__A1__lh__ACQ_1.ead enableCache 0 status done depFiles /home/linux/ieng6/cs241asp25/cs241asp25bu/lab5/run_siliconsmart/LIB_SS_0.9_-40_ALL/netlists/NR2D4.cdl sifCksum 701afa16dddf3ca5ef788de9a1677341}}}
Info:    _SIS_CLIENT_RESULT_END
Info:    __recordTaskStats__ NR2D4 Cin__A1__lh__ACQ_1 0.07 0.01 0.39 0.06 1 2.63902878761 ieng6-ece-08.ucsd.edu 1748034310.47 1748034313.11
Info:    Loading information for cell NR2D8... (SMSC-60)
Info:    Current directory '/home/linux/ieng6/cs241asp25/cs241asp25bu/lab5/run_siliconsmart/LIB_SS_0.9_-40_ALL' (SIM-68)
Info:    Working in directory '/home/linux/ieng6/cs241asp25/cs241asp25bu/lab5/run_siliconsmart/LIB_SS_0.9_-40_ALL/temp/siliconsmart.ieng6-ece-08.150149.25483/delay__A2__hl__ZN__lh__ACQ_1.sif_0' (SIM-69)
Info:    Executing 'hspice deck.cir -o deck' (SIM-30)
Warning: return code 0 (hspice: No such file or directory)
Info:    Simulation delay__A2__hl__ZN__lh__ACQ_1.sif for cell NR2D8 completed successfully. (SMSC-103)
Info:    IO Retry 0
Info:    set _SIS_CLIENT_RESULT_ {{NR2D8 delay__A2__hl__ZN__lh__ACQ_1 {sifTS 0.0 sifName /home/linux/ieng6/cs241asp25/cs241asp25bu/lab5/run_siliconsmart/LIB_SS_0.9_-40_ALL/temp/siliconsmart.ieng6-ece-08.150149.25483/delay__A2__hl__ZN__lh__ACQ_1.sif eadCksum 6abdcb551211cf6264fcfd3e7d61658e simulationCount 1 exportVars {} errorList {} sofName /home/linux/ieng6/cs241asp25/cs241asp25bu/lab5/run_siliconsmart/LIB_SS_0.9_-40_ALL/temp/siliconsmart.ieng6-ece-08.150149.25483/delay__A2__hl__ZN__lh__ACQ_1.sof eadTS 0.0 eadName /home/linux/ieng6/cs241asp25/cs241asp25bu/lab5/run_siliconsmart/LIB_SS_0.9_-40_ALL/temp/siliconsmart.ieng6-ece-08.150149.25483/delay__A2__hl__ZN__lh__ACQ_1.ead enableCache 0 status done depFiles /home/linux/ieng6/cs241asp25/cs241asp25bu/lab5/run_siliconsmart/LIB_SS_0.9_-40_ALL/netlists/NR2D8.cdl sifCksum 9b3770161b0799cf7660a447637d4e9d}}}
Info:    _SIS_CLIENT_RESULT_END
Info:    __recordTaskStats__ NR2D8 delay__A2__hl__ZN__lh__ACQ_1 0.12 0.0 2.34 0.1 1 10.8543119431 ieng6-ece-08.ucsd.edu 1748034313.11 1748034323.96
Info:    Loading information for cell XNR2D0... (SMSC-60)
Info:    Current directory '/home/linux/ieng6/cs241asp25/cs241asp25bu/lab5/run_siliconsmart/LIB_SS_0.9_-40_ALL' (SIM-68)
Info:    Working in directory '/home/linux/ieng6/cs241asp25/cs241asp25bu/lab5/run_siliconsmart/LIB_SS_0.9_-40_ALL/temp/siliconsmart.ieng6-ece-08.150149.25483/delay__A2__hl__ZN__lh__ACQ_1.sif_0' (SIM-69)
Info:    Executing 'hspice deck.cir -o deck' (SIM-30)
Warning: return code 0 (hspice: No such file or directory)
Info:    Simulation delay__A2__hl__ZN__lh__ACQ_1.sif for cell XNR2D0 completed successfully. (SMSC-103)
Info:    IO Retry 0
Info:    set _SIS_CLIENT_RESULT_ {{XNR2D0 delay__A2__hl__ZN__lh__ACQ_1 {sifTS 0.0 sifName /home/linux/ieng6/cs241asp25/cs241asp25bu/lab5/run_siliconsmart/LIB_SS_0.9_-40_ALL/temp/siliconsmart.ieng6-ece-08.150149.25483/delay__A2__hl__ZN__lh__ACQ_1.sif eadCksum 9c845d108c66e32698e2f823d016f97f simulationCount 1 exportVars {} errorList {} sofName /home/linux/ieng6/cs241asp25/cs241asp25bu/lab5/run_siliconsmart/LIB_SS_0.9_-40_ALL/temp/siliconsmart.ieng6-ece-08.150149.25483/delay__A2__hl__ZN__lh__ACQ_1.sof eadTS 0.0 eadName /home/linux/ieng6/cs241asp25/cs241asp25bu/lab5/run_siliconsmart/LIB_SS_0.9_-40_ALL/temp/siliconsmart.ieng6-ece-08.150149.25483/delay__A2__hl__ZN__lh__ACQ_1.ead enableCache 0 status done depFiles /home/linux/ieng6/cs241asp25/cs241asp25bu/lab5/run_siliconsmart/LIB_SS_0.9_-40_ALL/netlists/XNR2D0.cdl sifCksum 172738774ad6d4236a3a25925e3494ba}}}
Info:    _SIS_CLIENT_RESULT_END
Info:    __recordTaskStats__ XNR2D0 delay__A2__hl__ZN__lh__ACQ_1 0.11 0.01 1.47 0.1 1 7.99245214462 ieng6-ece-08.ucsd.edu 1748034324.0 1748034332.0
Info:    Loading information for cell XOR2D0... (SMSC-60)
Info:    Current directory '/home/linux/ieng6/cs241asp25/cs241asp25bu/lab5/run_siliconsmart/LIB_SS_0.9_-40_ALL' (SIM-68)
Info:    Working in directory '/home/linux/ieng6/cs241asp25/cs241asp25bu/lab5/run_siliconsmart/LIB_SS_0.9_-40_ALL/temp/siliconsmart.ieng6-ece-08.150149.25483/leakage_power__ACQ_1.sif_0' (SIM-69)
Info:    Executing 'hspice deck.cir -o deck' (SIM-30)
Warning: return code 0 (hspice: No such file or directory)
Info:    Simulation leakage_power__ACQ_1.sif for cell XOR2D0 completed successfully. (SMSC-103)
Info:    IO Retry 0
Info:    set _SIS_CLIENT_RESULT_ {{XOR2D0 leakage_power__ACQ_1 {sifTS 0.0 sifName /home/linux/ieng6/cs241asp25/cs241asp25bu/lab5/run_siliconsmart/LIB_SS_0.9_-40_ALL/temp/siliconsmart.ieng6-ece-08.150149.25483/leakage_power__ACQ_1.sif eadCksum 5f143e8aad95ad22b30f6a2f83861b1c simulationCount 1 exportVars {} errorList {} sofName /home/linux/ieng6/cs241asp25/cs241asp25bu/lab5/run_siliconsmart/LIB_SS_0.9_-40_ALL/temp/siliconsmart.ieng6-ece-08.150149.25483/leakage_power__ACQ_1.sof eadTS 0.0 eadName /home/linux/ieng6/cs241asp25/cs241asp25bu/lab5/run_siliconsmart/LIB_SS_0.9_-40_ALL/temp/siliconsmart.ieng6-ece-08.150149.25483/leakage_power__ACQ_1.ead enableCache 0 status done depFiles /home/linux/ieng6/cs241asp25/cs241asp25bu/lab5/run_siliconsmart/LIB_SS_0.9_-40_ALL/netlists/XOR2D0.cdl sifCksum d206922773fdf61590f88a64317a2ec4}}}
Info:    _SIS_CLIENT_RESULT_END
Info:    __recordTaskStats__ XOR2D0 leakage_power__ACQ_1 0.07 0.01 0.26 0.06 1 1.79573011398 ieng6-ece-08.ucsd.edu 1748034332.0 1748034333.79
Info:    Loading information for cell XOR2D0... (SMSC-60)
Info:    Current directory '/home/linux/ieng6/cs241asp25/cs241asp25bu/lab5/run_siliconsmart/LIB_SS_0.9_-40_ALL' (SIM-68)
Info:    Working in directory '/home/linux/ieng6/cs241asp25/cs241asp25bu/lab5/run_siliconsmart/LIB_SS_0.9_-40_ALL/temp/siliconsmart.ieng6-ece-08.150149.25483/delay__A2__hl__Z__lh__ACQ_1.sif_0' (SIM-69)
Info:    Executing 'hspice deck.cir -o deck' (SIM-30)
Warning: return code 0 (hspice: No such file or directory)
Info:    Simulation delay__A2__hl__Z__lh__ACQ_1.sif for cell XOR2D0 completed successfully. (SMSC-103)
Info:    IO Retry 0
Info:    set _SIS_CLIENT_RESULT_ {{XOR2D0 delay__A2__hl__Z__lh__ACQ_1 {sifTS 0.0 sifName /home/linux/ieng6/cs241asp25/cs241asp25bu/lab5/run_siliconsmart/LIB_SS_0.9_-40_ALL/temp/siliconsmart.ieng6-ece-08.150149.25483/delay__A2__hl__Z__lh__ACQ_1.sif eadCksum 723c474175843ff5e4c57ec8377dc523 simulationCount 1 exportVars {} errorList {} sofName /home/linux/ieng6/cs241asp25/cs241asp25bu/lab5/run_siliconsmart/LIB_SS_0.9_-40_ALL/temp/siliconsmart.ieng6-ece-08.150149.25483/delay__A2__hl__Z__lh__ACQ_1.sof eadTS 0.0 eadName /home/linux/ieng6/cs241asp25/cs241asp25bu/lab5/run_siliconsmart/LIB_SS_0.9_-40_ALL/temp/siliconsmart.ieng6-ece-08.150149.25483/delay__A2__hl__Z__lh__ACQ_1.ead enableCache 0 status done depFiles /home/linux/ieng6/cs241asp25/cs241asp25bu/lab5/run_siliconsmart/LIB_SS_0.9_-40_ALL/netlists/XOR2D0.cdl sifCksum 6803b3a0be19df0219ba8051bb713781}}}
Info:    _SIS_CLIENT_RESULT_END
Info:    __recordTaskStats__ XOR2D0 delay__A2__hl__Z__lh__ACQ_1 0.09 0.01 1.5 0.09 1 6.88621592522 ieng6-ece-08.ucsd.edu 1748034333.79 1748034340.68
Info:    Loading information for cell BUFFD0... (SMSC-60)
Info:    Current directory '/home/linux/ieng6/cs241asp25/cs241asp25bu/lab5/run_siliconsmart/LIB_SS_0.9_-40_ALL' (SIM-68)
Info:    Working in directory '/home/linux/ieng6/cs241asp25/cs241asp25bu/lab5/run_siliconsmart/LIB_SS_0.9_-40_ALL/temp/siliconsmart.ieng6-ece-08.150149.25483/leakage_power__ACQ_1.sif_0' (SIM-69)
Info:    Executing 'hspice deck.cir -o deck' (SIM-30)
Warning: return code 0 (hspice: No such file or directory)
Info:    Simulation leakage_power__ACQ_1.sif for cell BUFFD0 completed successfully. (SMSC-103)
Info:    IO Retry 0
Info:    set _SIS_CLIENT_RESULT_ {{BUFFD0 leakage_power__ACQ_1 {sifTS 0.0 sifName /home/linux/ieng6/cs241asp25/cs241asp25bu/lab5/run_siliconsmart/LIB_SS_0.9_-40_ALL/temp/siliconsmart.ieng6-ece-08.150149.25483/leakage_power__ACQ_1.sif eadCksum ac4e3339ca5b4625695536af9cfbae7f simulationCount 1 exportVars {} errorList {} sofName /home/linux/ieng6/cs241asp25/cs241asp25bu/lab5/run_siliconsmart/LIB_SS_0.9_-40_ALL/temp/siliconsmart.ieng6-ece-08.150149.25483/leakage_power__ACQ_1.sof eadTS 0.0 eadName /home/linux/ieng6/cs241asp25/cs241asp25bu/lab5/run_siliconsmart/LIB_SS_0.9_-40_ALL/temp/siliconsmart.ieng6-ece-08.150149.25483/leakage_power__ACQ_1.ead enableCache 0 status done depFiles /home/linux/ieng6/cs241asp25/cs241asp25bu/lab5/run_siliconsmart/LIB_SS_0.9_-40_ALL/netlists/BUFFD0.cdl sifCksum 7670f22adcf7907a144a928cef224138}}}
Info:    _SIS_CLIENT_RESULT_END
Info:    __recordTaskStats__ BUFFD0 leakage_power__ACQ_1 0.06 0.01 0.3 0.07 1 1.84817099571 ieng6-ece-08.ucsd.edu 1748034340.68 1748034342.53
Info:    Loading information for cell BUFFD12... (SMSC-60)
Info:    Current directory '/home/linux/ieng6/cs241asp25/cs241asp25bu/lab5/run_siliconsmart/LIB_SS_0.9_-40_ALL' (SIM-68)
Info:    Working in directory '/home/linux/ieng6/cs241asp25/cs241asp25bu/lab5/run_siliconsmart/LIB_SS_0.9_-40_ALL/temp/siliconsmart.ieng6-ece-08.150149.25483/leakage_power__ACQ_2.sif_0' (SIM-69)
Info:    Executing 'hspice deck.cir -o deck' (SIM-30)
Warning: return code 0 (hspice: No such file or directory)
Info:    Simulation leakage_power__ACQ_2.sif for cell BUFFD12 completed successfully. (SMSC-103)
Info:    IO Retry 0
Info:    set _SIS_CLIENT_RESULT_ {{BUFFD12 leakage_power__ACQ_2 {sifTS 0.0 sifName /home/linux/ieng6/cs241asp25/cs241asp25bu/lab5/run_siliconsmart/LIB_SS_0.9_-40_ALL/temp/siliconsmart.ieng6-ece-08.150149.25483/leakage_power__ACQ_2.sif eadCksum aad254b75dc412c6b84a3ef077071868 simulationCount 1 exportVars {} errorList {} sofName /home/linux/ieng6/cs241asp25/cs241asp25bu/lab5/run_siliconsmart/LIB_SS_0.9_-40_ALL/temp/siliconsmart.ieng6-ece-08.150149.25483/leakage_power__ACQ_2.sof eadTS 0.0 eadName /home/linux/ieng6/cs241asp25/cs241asp25bu/lab5/run_siliconsmart/LIB_SS_0.9_-40_ALL/temp/siliconsmart.ieng6-ece-08.150149.25483/leakage_power__ACQ_2.ead enableCache 0 status done depFiles /home/linux/ieng6/cs241asp25/cs241asp25bu/lab5/run_siliconsmart/LIB_SS_0.9_-40_ALL/netlists/BUFFD12.cdl sifCksum 9cdf5247c83956bfb934d9ad605614ac}}}
Info:    _SIS_CLIENT_RESULT_END
Info:    __recordTaskStats__ BUFFD12 leakage_power__ACQ_2 0.05 0.01 0.35 0.06 1 2.24370408058 ieng6-ece-08.ucsd.edu 1748034342.53 1748034344.78
Info:    Loading information for cell BUFFD4... (SMSC-60)
Info:    Current directory '/home/linux/ieng6/cs241asp25/cs241asp25bu/lab5/run_siliconsmart/LIB_SS_0.9_-40_ALL' (SIM-68)
Info:    Working in directory '/home/linux/ieng6/cs241asp25/cs241asp25bu/lab5/run_siliconsmart/LIB_SS_0.9_-40_ALL/temp/siliconsmart.ieng6-ece-08.150149.25483/leakage_power__ACQ_1.sif_0' (SIM-69)
Info:    Executing 'hspice deck.cir -o deck' (SIM-30)
Warning: return code 0 (hspice: No such file or directory)
Info:    Simulation leakage_power__ACQ_1.sif for cell BUFFD4 completed successfully. (SMSC-103)
Info:    IO Retry 0
Info:    set _SIS_CLIENT_RESULT_ {{BUFFD4 leakage_power__ACQ_1 {sifTS 0.0 sifName /home/linux/ieng6/cs241asp25/cs241asp25bu/lab5/run_siliconsmart/LIB_SS_0.9_-40_ALL/temp/siliconsmart.ieng6-ece-08.150149.25483/leakage_power__ACQ_1.sif eadCksum 9b3775a31eeef40b34932e5f46e4b3d7 simulationCount 1 exportVars {} errorList {} sofName /home/linux/ieng6/cs241asp25/cs241asp25bu/lab5/run_siliconsmart/LIB_SS_0.9_-40_ALL/temp/siliconsmart.ieng6-ece-08.150149.25483/leakage_power__ACQ_1.sof eadTS 0.0 eadName /home/linux/ieng6/cs241asp25/cs241asp25bu/lab5/run_siliconsmart/LIB_SS_0.9_-40_ALL/temp/siliconsmart.ieng6-ece-08.150149.25483/leakage_power__ACQ_1.ead enableCache 0 status done depFiles /home/linux/ieng6/cs241asp25/cs241asp25bu/lab5/run_siliconsmart/LIB_SS_0.9_-40_ALL/netlists/BUFFD4.cdl sifCksum 023241fae74085e6d91d59cca2f6ea2b}}}
Info:    _SIS_CLIENT_RESULT_END
Info:    __recordTaskStats__ BUFFD4 leakage_power__ACQ_1 0.06 0.0 0.24 0.06 1 1.77487492561 ieng6-ece-08.ucsd.edu 1748034344.78 1748034346.55
Info:    Loading information for cell INVD0... (SMSC-60)
Info:    Current directory '/home/linux/ieng6/cs241asp25/cs241asp25bu/lab5/run_siliconsmart/LIB_SS_0.9_-40_ALL' (SIM-68)
Info:    Working in directory '/home/linux/ieng6/cs241asp25/cs241asp25bu/lab5/run_siliconsmart/LIB_SS_0.9_-40_ALL/temp/siliconsmart.ieng6-ece-08.150149.25483/leakage_power__ACQ_1.sif_0' (SIM-69)
Info:    Executing 'hspice deck.cir -o deck' (SIM-30)
Warning: return code 0 (hspice: No such file or directory)
Info:    Simulation leakage_power__ACQ_1.sif for cell INVD0 completed successfully. (SMSC-103)
Info:    IO Retry 0
Info:    set _SIS_CLIENT_RESULT_ {{INVD0 leakage_power__ACQ_1 {sifTS 0.0 sifName /home/linux/ieng6/cs241asp25/cs241asp25bu/lab5/run_siliconsmart/LIB_SS_0.9_-40_ALL/temp/siliconsmart.ieng6-ece-08.150149.25483/leakage_power__ACQ_1.sif eadCksum bec74238f8483398d403438fdc8c2555 simulationCount 1 exportVars {} errorList {} sofName /home/linux/ieng6/cs241asp25/cs241asp25bu/lab5/run_siliconsmart/LIB_SS_0.9_-40_ALL/temp/siliconsmart.ieng6-ece-08.150149.25483/leakage_power__ACQ_1.sof eadTS 0.0 eadName /home/linux/ieng6/cs241asp25/cs241asp25bu/lab5/run_siliconsmart/LIB_SS_0.9_-40_ALL/temp/siliconsmart.ieng6-ece-08.150149.25483/leakage_power__ACQ_1.ead enableCache 0 status done depFiles /home/linux/ieng6/cs241asp25/cs241asp25bu/lab5/run_siliconsmart/LIB_SS_0.9_-40_ALL/netlists/INVD0.cdl sifCksum b103cc43c513be439591951224b8072f}}}
Info:    _SIS_CLIENT_RESULT_END
Info:    __recordTaskStats__ INVD0 leakage_power__ACQ_1 0.06 0.01 0.26 0.06 1 1.86834788322 ieng6-ece-08.ucsd.edu 1748034346.55 1748034348.42
Info:    Loading information for cell INVD12... (SMSC-60)
Info:    Current directory '/home/linux/ieng6/cs241asp25/cs241asp25bu/lab5/run_siliconsmart/LIB_SS_0.9_-40_ALL' (SIM-68)
Info:    Working in directory '/home/linux/ieng6/cs241asp25/cs241asp25bu/lab5/run_siliconsmart/LIB_SS_0.9_-40_ALL/temp/siliconsmart.ieng6-ece-08.150149.25483/delay__I__lh__ZN__hl__ACQ_1.sif_0' (SIM-69)
Info:    Executing 'hspice deck.cir -o deck' (SIM-30)
Warning: return code 0 (hspice: No such file or directory)
Info:    Simulation delay__I__lh__ZN__hl__ACQ_1.sif for cell INVD12 completed successfully. (SMSC-103)
Info:    IO Retry 0
Info:    set _SIS_CLIENT_RESULT_ {{INVD12 delay__I__lh__ZN__hl__ACQ_1 {sifTS 0.0 sifName /home/linux/ieng6/cs241asp25/cs241asp25bu/lab5/run_siliconsmart/LIB_SS_0.9_-40_ALL/temp/siliconsmart.ieng6-ece-08.150149.25483/delay__I__lh__ZN__hl__ACQ_1.sif eadCksum e0365abe907496bc20a2d0d7bb693e13 simulationCount 1 exportVars {} errorList {} sofName /home/linux/ieng6/cs241asp25/cs241asp25bu/lab5/run_siliconsmart/LIB_SS_0.9_-40_ALL/temp/siliconsmart.ieng6-ece-08.150149.25483/delay__I__lh__ZN__hl__ACQ_1.sof eadTS 0.0 eadName /home/linux/ieng6/cs241asp25/cs241asp25bu/lab5/run_siliconsmart/LIB_SS_0.9_-40_ALL/temp/siliconsmart.ieng6-ece-08.150149.25483/delay__I__lh__ZN__hl__ACQ_1.ead enableCache 0 status done depFiles /home/linux/ieng6/cs241asp25/cs241asp25bu/lab5/run_siliconsmart/LIB_SS_0.9_-40_ALL/netlists/INVD12.cdl sifCksum 1b8f451ecb2bcf92f4d38960441cc393}}}
Info:    _SIS_CLIENT_RESULT_END
Info:    __recordTaskStats__ INVD12 delay__I__lh__ZN__hl__ACQ_1 0.1 0.01 1.79 0.1 1 7.94701600075 ieng6-ece-08.ucsd.edu 1748034348.42 1748034356.37
Info:    The char directory is /home/linux/ieng6/cs241asp25/cs241asp25bu/lab5/run_siliconsmart/LIB_SS_0.9_-40_ALL
Warning: Operating condition 'SS_0.9_-40_ALL' already exists, skipped.
Info:    Initializing modeler.
Info:    Creating recharacterized libraries. 
Info:    Reading /home/linux/ieng6/cs241asp25/cs241asp25bu/lab5/run_siliconsmart/LIB_SS_0.9_-40_ALL/models/liberty/cellmodels/header.lib ...
Info:    Reading /home/linux/ieng6/cs241asp25/cs241asp25bu/lab5/run_siliconsmart/LIB_SS_0.9_-40_ALL/models/liberty/cellmodels/MUX2D1.lib ...
Info:    Writing libraries ...
Warning: Power model 937 (internal_power_group:935) for rise_power for related_pin S to Z  with when: none could not be recharacterized, therefore deleting this model..
Warning: Power model 938 (internal_power_group:936) for fall_power for related_pin S to Z  with when: none could not be recharacterized, therefore deleting this model..
Info:    Creating Liberty file "/home/linux/ieng6/cs241asp25/cs241asp25bu/lab5/run_siliconsmart/LIB_SS_0.9_-40_ALL/models/liberty/cells/MUX2D1_SS_0.9_-40_ALL.lib".
Info:    re-positioning normalized_driver_waveform (ndw_ntin_nvolt_7x13) after templates
Info:    __recordTaskStats__ MUX2D1 modeling 1.12 0.02 0.02 0.04 1 6.31545305252 ieng6-ece-08.ucsd.edu 1748034363.23 1748034369.55
Info:    set _SIS_CLIENT_RESULT_ {{MUX2D1 modeling {status done exportVars {} errorList {} sifName {} sofName {} eadName {} depFiles {} tmpHeader {SS_0.9_-40_ALL /home/linux/ieng6/cs241asp25/cs241asp25bu/lab5/run_siliconsmart/LIB_SS_0.9_-40_ALL/runtime/modeling/merge/MUX2D1_SS_0.9_-40_ALL.header} tmpBody {SS_0.9_-40_ALL_MUX2D1 /home/linux/ieng6/cs241asp25/cs241asp25bu/lab5/run_siliconsmart/LIB_SS_0.9_-40_ALL/runtime/modeling/merge/MUX2D1_SS_0.9_-40_ALL.body}}}}
Info:    _SIS_CLIENT_RESULT_END
Info:    Initializing modeler.
Info:    Creating recharacterized libraries. 
Info:    Reading /home/linux/ieng6/cs241asp25/cs241asp25bu/lab5/run_siliconsmart/LIB_SS_0.9_-40_ALL/models/liberty/cellmodels/header.lib ...
Info:    Reading /home/linux/ieng6/cs241asp25/cs241asp25bu/lab5/run_siliconsmart/LIB_SS_0.9_-40_ALL/models/liberty/cellmodels/XNR2D4.lib ...
Info:    Writing libraries ...
Warning: Power model 1947 (internal_power_group:1945) for fall_power for related_pin A1 to ZN  with when: none could not be recharacterized, therefore deleting this model..
Warning: Power model 1946 (internal_power_group:1944) for rise_power for related_pin A1 to ZN  with when: none could not be recharacterized, therefore deleting this model..
Warning: Power model 1961 (internal_power_group:1959) for fall_power for related_pin A2 to ZN  with when: none could not be recharacterized, therefore deleting this model..
Warning: Power model 1960 (internal_power_group:1958) for rise_power for related_pin A2 to ZN  with when: none could not be recharacterized, therefore deleting this model..
Info:    Creating Liberty file "/home/linux/ieng6/cs241asp25/cs241asp25bu/lab5/run_siliconsmart/LIB_SS_0.9_-40_ALL/models/liberty/cells/XNR2D4_SS_0.9_-40_ALL.lib".
Info:    __recordTaskStats__ XNR2D4 modeling 1.05 0.02 0.01 0.03 1 4.00437092781 ieng6-ece-08.ucsd.edu 1748034369.57 1748034373.57
Info:    set _SIS_CLIENT_RESULT_ {{XNR2D4 modeling {status done exportVars {} errorList {warning {Power model 937 (internal_power_group:935) for rise_power for related_pin S to Z  with when: none could not be recharacterized, therefore deleting this model..} warning {Power model 938 (internal_power_group:936) for fall_power for related_pin S to Z  with when: none could not be recharacterized, therefore deleting this model..}} sifName {} sofName {} eadName {} depFiles {} tmpHeader {SS_0.9_-40_ALL /home/linux/ieng6/cs241asp25/cs241asp25bu/lab5/run_siliconsmart/LIB_SS_0.9_-40_ALL/runtime/modeling/merge/XNR2D4_SS_0.9_-40_ALL.header} tmpBody {SS_0.9_-40_ALL_XNR2D4 /home/linux/ieng6/cs241asp25/cs241asp25bu/lab5/run_siliconsmart/LIB_SS_0.9_-40_ALL/runtime/modeling/merge/XNR2D4_SS_0.9_-40_ALL.body}}}}
Info:    _SIS_CLIENT_RESULT_END
Info:    CDPL worker exited normally.
Info:    Maximum virtual memory size: 654.95MB
Info:    Switching log to /home/linux/ieng6/cs241asp25/cs241asp25bu/lab5/run_siliconsmart/LIB_SS_0.9_-40_ALL/runtime/cdpl/sis.W1.ieng6-ece-08.ucsd.edu.25483.log at Fri May 23 14:06:37 2025
.
----------------------------------------------------------------------
----------------------------------------------------------------------
Info:    Switching log from /home/linux/ieng6/cs241asp25/cs241asp25bu/lab5/run_siliconsmart/LIB_SS_0.9_-40_ALL/temp/sis.cs241asp25bu.25483.log at Fri May 23 14:06:37 2025
Info:    Log written by SiliconSmart version L-2016.06-SP1-2 on Fri May 23 14:06:37 2025
Info:    Build date: Dec 07, 2016 16:59:49
Info:    SiliconSmart Path: /acsnfs3/software/SiliconSmartAce-2016.06-SP1-2/linux64/bin/siliconsmart
Info:    Host Name: ieng6-ece-08.ucsd.edu, User Name: cs241asp25bu, PID: 25483
Info:    CPU: 8 x 2195 MHz, Intel(R) Xeon(R) Gold 5220 CPU @ 2.20GHz (2 socket, 4 core)
Info:    Memory: 32 GB RAM, 1 GB Swap
Info:    Directory: /home/linux/ieng6/cs241asp25/cs241asp25bu/lab5/run_siliconsmart/LIB_SS_0.9_-40_ALL
Info:    Maximum virtual memory size: 654.95MB
Info:    Maximum virtual memory size: 654.953 MB
