----------------------------------------------------------------------
Info:    Log written by SiliconSmart version L-2016.06-SP1-2 on Fri May 23 13:30:26 2025
Info:    Build date: Dec 07, 2016 16:59:49
Info:    SiliconSmart Path: /acsnfs3/software/SiliconSmartAce-2016.06-SP1-2/linux64/bin/siliconsmart
Info:    Host Name: ieng6-ece-08.ucsd.edu, User Name: cs241asp25bu, PID: 5503
Info:    CPU: 8 x 2195 MHz, Intel(R) Xeon(R) Gold 5220 CPU @ 2.20GHz (2 socket, 4 core)
Info:    Memory: 32 GB RAM, 1 GB Swap
Info:    Directory: /home/linux/ieng6/cs241asp25/cs241asp25bu/lab5/run_siliconsmart/LIB_FF_1.1_-40_ALL
Info:    Maximum virtual memory size: 587.09MB
Command-line: /acsnfs3/software/SiliconSmartAce-2016.06-SP1-2/linux64/bin/siliconsmart -server /home/linux/ieng6/cs241asp25/cs241asp25bu/lab5/run_siliconsmart/LIB_FF_1.1_-40_ALL/runtime/cdpl/driver_4133.tcl
Fri May 23 13:30:26 2025: Establishing connection to license server
The char directory is /home/linux/ieng6/cs241asp25/cs241asp25bu/lab5/run_siliconsmart/LIB_FF_1.1_-40_ALL
Warning: Operating condition 'FF_1.1_-40_ALL' already exists, skipped.
Info:    Reading instance file for cell AN2D1... (SMSC-23)
Info:    Generating timing tests.
Info:    Generating power tests.
Info:    Generating template at Fri May 23 13:30:26 2025 
Info:    Done generating template at Fri May 23 13:30:26 2025
Info:    Generate Templates: Maximum virtual memory size: 623.242 MB
Info:    Cell AN2D1 configured for characterization. (SMSC-24)
Info:    __recordTaskStats__ AN2D1 configure 0.27 0.01 0.0 0.0 1 0.512294054031 ieng6-ece-08.ucsd.edu 1748032226.37 1748032226.88
Info:    set _SIS_CLIENT_RESULT_ {{AN2D1 configuration {status done exportVars {} errorList {} sifName {} sofName {} eadName {} depFiles {}}}}
Info:    _SIS_CLIENT_RESULT_END
Info:    Reading instance file for cell AN2XD1... (SMSC-23)
Info:    Generating timing tests.
Info:    Generating power tests.
Info:    Generating template at Fri May 23 13:30:26 2025 
Info:    Done generating template at Fri May 23 13:30:27 2025
Info:    Generate Templates: Maximum virtual memory size: 624.258 MB
Info:    Cell AN2XD1 configured for characterization. (SMSC-24)
Info:    __recordTaskStats__ AN2XD1 configure 0.24 0.01 0.0 0.0 1 0.422739982605 ieng6-ece-08.ucsd.edu 1748032226.88 1748032227.31
Info:    set _SIS_CLIENT_RESULT_ {{AN2XD1 configuration {status done exportVars {} errorList {} sifName {} sofName {} eadName {} depFiles {}}}}
Info:    _SIS_CLIENT_RESULT_END
Info:    Reading instance file for cell BUFFD12... (SMSC-23)
Info:    Generating timing tests.
Info:    Generating power tests.
Info:    Generating template at Fri May 23 13:30:27 2025 
Info:    Done generating template at Fri May 23 13:30:27 2025
Info:    Generate Templates: Maximum virtual memory size: 624.258 MB
Info:    Cell BUFFD12 configured for characterization. (SMSC-24)
Info:    __recordTaskStats__ BUFFD12 configure 0.1 0.0 0.0 0.0 1 0.271772861481 ieng6-ece-08.ucsd.edu 1748032227.31 1748032227.58
Info:    set _SIS_CLIENT_RESULT_ {{BUFFD12 configuration {status done exportVars {} errorList {} sifName {} sofName {} eadName {} depFiles {}}}}
Info:    _SIS_CLIENT_RESULT_END
Info:    Reading instance file for cell BUFFD4... (SMSC-23)
Info:    Generating timing tests.
Info:    Generating power tests.
Info:    Generating template at Fri May 23 13:30:27 2025 
Info:    Done generating template at Fri May 23 13:30:27 2025
Info:    Generate Templates: Maximum virtual memory size: 624.258 MB
Info:    Cell BUFFD4 configured for characterization. (SMSC-24)
Info:    __recordTaskStats__ BUFFD4 configure 0.12 0.0 0.0 0.0 1 0.157512187958 ieng6-ece-08.ucsd.edu 1748032227.58 1748032227.74
Info:    set _SIS_CLIENT_RESULT_ {{BUFFD4 configuration {status done exportVars {} errorList {} sifName {} sofName {} eadName {} depFiles {}}}}
Info:    _SIS_CLIENT_RESULT_END
Info:    Reading instance file for cell INVD16... (SMSC-23)
Info:    Generating timing tests.
Info:    Generating power tests.
Info:    Generating template at Fri May 23 13:30:28 2025 
Info:    Done generating template at Fri May 23 13:30:28 2025
Info:    Generate Templates: Maximum virtual memory size: 624.258 MB
Info:    Cell INVD16 configured for characterization. (SMSC-24)
Info:    __recordTaskStats__ INVD16 configure 0.11 0.01 0.0 0.0 1 0.193029880524 ieng6-ece-08.ucsd.edu 1748032228.46 1748032228.65
Info:    set _SIS_CLIENT_RESULT_ {{INVD16 configuration {status done exportVars {} errorList {} sifName {} sofName {} eadName {} depFiles {}}}}
Info:    _SIS_CLIENT_RESULT_END
Info:    Reading instance file for cell LHQD2... (SMSC-23)
Info:    Generating timing tests.
Info:    Generating power tests.
Info:    Generating template at Fri May 23 13:30:28 2025 
Info:    Done generating template at Fri May 23 13:30:28 2025
Info:    Generate Templates: Maximum virtual memory size: 626.805 MB
Info:    Cell LHQD2 configured for characterization. (SMSC-24)
Info:    __recordTaskStats__ LHQD2 configure 0.36 0.0 0.0 0.0 1 0.802896976471 ieng6-ece-08.ucsd.edu 1748032228.65 1748032229.45
Info:    set _SIS_CLIENT_RESULT_ {{LHQD2 configuration {status done exportVars {} errorList {} sifName {} sofName {} eadName {} depFiles {}}}}
Info:    _SIS_CLIENT_RESULT_END
Info:    Reading instance file for cell NR2D2... (SMSC-23)
Info:    Generating timing tests.
Info:    Generating power tests.
Info:    Generating template at Fri May 23 13:30:29 2025 
Info:    Done generating template at Fri May 23 13:30:29 2025
Info:    Generate Templates: Maximum virtual memory size: 627.883 MB
Info:    Cell NR2D2 configured for characterization. (SMSC-24)
Info:    __recordTaskStats__ NR2D2 configure 0.29 0.01 0.0 0.0 1 0.780786037445 ieng6-ece-08.ucsd.edu 1748032229.46 1748032230.24
Info:    set _SIS_CLIENT_RESULT_ {{NR2D2 configuration {status done exportVars {} errorList {} sifName {} sofName {} eadName {} depFiles {}}}}
Info:    _SIS_CLIENT_RESULT_END
Info:    Reading instance file for cell XNR2D0... (SMSC-23)
Info:    Generating timing tests.
Info:    Generating power tests.
Info:    Generating template at Fri May 23 13:30:30 2025 
Warning: XNR2D0:For test delay__A1__lh__ZN__lh following when conditions are not possible ['!A2']
Warning: XNR2D0:For test delay__A1__lh__ZN__hl following when conditions are not possible ['A2']
Warning: XNR2D0:For test delay__A1__hl__ZN__lh following when conditions are not possible ['A2']
Warning: XNR2D0:For test delay__A1__hl__ZN__hl following when conditions are not possible ['!A2']
Warning: XNR2D0:For test delay__A2__lh__ZN__lh following when conditions are not possible ['!A1']
Warning: XNR2D0:For test delay__A2__lh__ZN__hl following when conditions are not possible ['A1']
Warning: XNR2D0:For test delay__A2__hl__ZN__lh following when conditions are not possible ['A1']
Warning: XNR2D0:For test delay__A2__hl__ZN__hl following when conditions are not possible ['!A1']
Warning: XNR2D0:For test energy__A1__lh__ZN__lh following when conditions are not possible ['!A2']
Warning: XNR2D0:For test energy__A1__lh__ZN__hl following when conditions are not possible ['A2']
Warning: XNR2D0:For test energy__A1__hl__ZN__lh following when conditions are not possible ['A2']
Warning: XNR2D0:For test energy__A1__hl__ZN__hl following when conditions are not possible ['!A2']
Warning: XNR2D0:For test energy__A2__lh__ZN__lh following when conditions are not possible ['!A1']
Warning: XNR2D0:For test energy__A2__lh__ZN__hl following when conditions are not possible ['A1']
Warning: XNR2D0:For test energy__A2__hl__ZN__lh following when conditions are not possible ['A1']
Warning: XNR2D0:For test energy__A2__hl__ZN__hl following when conditions are not possible ['!A1']
Info:    Done generating template at Fri May 23 13:30:31 2025
Info:    Generate Templates: Maximum virtual memory size: 627.883 MB
Info:    Cell XNR2D0 configured for characterization. (SMSC-24)
Info:    __recordTaskStats__ XNR2D0 configure 0.37 0.0 0.0 0.0 1 1.49320006371 ieng6-ece-08.ucsd.edu 1748032230.26 1748032231.75
Info:    set _SIS_CLIENT_RESULT_ {{XNR2D0 configuration {status done exportVars {} errorList {} sifName {} sofName {} eadName {} depFiles {}}}}
Info:    _SIS_CLIENT_RESULT_END
Info:    The char directory is /home/linux/ieng6/cs241asp25/cs241asp25bu/lab5/run_siliconsmart/LIB_FF_1.1_-40_ALL
Warning: Operating condition 'FF_1.1_-40_ALL' already exists, skipped.
Info:    The char directory is /home/linux/ieng6/cs241asp25/cs241asp25bu/lab5/run_siliconsmart/LIB_FF_1.1_-40_ALL
Warning: Operating condition 'FF_1.1_-40_ALL' already exists, skipped.
Info:    Loading information for cell DFCSNQD1... (SMSC-60)
Info:    Start Search.seeded_binary.opt_asynch_recovery on asynch_recovery (SIM-43)
Info:    Current directory '/home/linux/ieng6/cs241asp25/cs241asp25bu/lab5/run_siliconsmart/LIB_FF_1.1_-40_ALL' (SIM-68)
Info:    Working in directory '/home/linux/ieng6/cs241asp25/cs241asp25bu/lab5/run_siliconsmart/LIB_FF_1.1_-40_ALL/temp/siliconsmart.ieng6-ece-08.150149.5503/asynch_recover__CDN__lh__SDN__lh__ACQ_1.sif_0' (SIM-69)
Info:    Executing 'hspice deck.cir -o deck' (SIM-30)
Warning: return code 0 (hspice: No such file or directory)
Info:    Current directory '/home/linux/ieng6/cs241asp25/cs241asp25bu/lab5/run_siliconsmart/LIB_FF_1.1_-40_ALL' (SIM-68)
Info:    Working in directory '/home/linux/ieng6/cs241asp25/cs241asp25bu/lab5/run_siliconsmart/LIB_FF_1.1_-40_ALL/temp/siliconsmart.ieng6-ece-08.150149.5503/asynch_recover__CDN__lh__SDN__lh__ACQ_1.sif_1' (SIM-69)
Info:    Executing 'hspice deck.cir -o deck' (SIM-30)
Warning: return code 0 (hspice: No such file or directory)
Info:    Current directory '/home/linux/ieng6/cs241asp25/cs241asp25bu/lab5/run_siliconsmart/LIB_FF_1.1_-40_ALL' (SIM-68)
Info:    Working in directory '/home/linux/ieng6/cs241asp25/cs241asp25bu/lab5/run_siliconsmart/LIB_FF_1.1_-40_ALL/temp/siliconsmart.ieng6-ece-08.150149.5503/asynch_recover__CDN__lh__SDN__lh__ACQ_1.sif_2' (SIM-69)
Info:    Executing 'hspice deck.cir -o deck' (SIM-30)
Warning: return code 0 (hspice: No such file or directory)
Info:    Current directory '/home/linux/ieng6/cs241asp25/cs241asp25bu/lab5/run_siliconsmart/LIB_FF_1.1_-40_ALL' (SIM-68)
Info:    Working in directory '/home/linux/ieng6/cs241asp25/cs241asp25bu/lab5/run_siliconsmart/LIB_FF_1.1_-40_ALL/temp/siliconsmart.ieng6-ece-08.150149.5503/asynch_recover__CDN__lh__SDN__lh__ACQ_1.sif_3' (SIM-69)
Info:    Executing 'hspice deck.cir -o deck' (SIM-30)
Warning: return code 0 (hspice: No such file or directory)
Info:    Current directory '/home/linux/ieng6/cs241asp25/cs241asp25bu/lab5/run_siliconsmart/LIB_FF_1.1_-40_ALL' (SIM-68)
Info:    Working in directory '/home/linux/ieng6/cs241asp25/cs241asp25bu/lab5/run_siliconsmart/LIB_FF_1.1_-40_ALL/temp/siliconsmart.ieng6-ece-08.150149.5503/asynch_recover__CDN__lh__SDN__lh__ACQ_1.sif_4' (SIM-69)
Info:    Executing 'hspice deck.cir -o deck' (SIM-30)
Warning: return code 0 (hspice: No such file or directory)
Info:    Current directory '/home/linux/ieng6/cs241asp25/cs241asp25bu/lab5/run_siliconsmart/LIB_FF_1.1_-40_ALL' (SIM-68)
Info:    Working in directory '/home/linux/ieng6/cs241asp25/cs241asp25bu/lab5/run_siliconsmart/LIB_FF_1.1_-40_ALL/temp/siliconsmart.ieng6-ece-08.150149.5503/asynch_recover__CDN__lh__SDN__lh__ACQ_1.sif_5' (SIM-69)
Info:    Executing 'hspice deck.cir -o deck' (SIM-30)
Warning: return code 0 (hspice: No such file or directory)
Info:    Simulation asynch_recover__CDN__lh__SDN__lh__ACQ_1.sif for cell DFCSNQD1 completed successfully. (SMSC-103)
Info:    IO Retry 0
Info:    set _SIS_CLIENT_RESULT_ {{DFCSNQD1 asynch_recover__CDN__lh__SDN__lh__ACQ_1 {sifTS 0.0 sifName /home/linux/ieng6/cs241asp25/cs241asp25bu/lab5/run_siliconsmart/LIB_FF_1.1_-40_ALL/temp/siliconsmart.ieng6-ece-08.150149.5503/asynch_recover__CDN__lh__SDN__lh__ACQ_1.sif eadCksum b64792bf98a6f7ef074f77febb3318d4 simulationCount 6 exportVars {} errorList {} sofName /home/linux/ieng6/cs241asp25/cs241asp25bu/lab5/run_siliconsmart/LIB_FF_1.1_-40_ALL/temp/siliconsmart.ieng6-ece-08.150149.5503/asynch_recover__CDN__lh__SDN__lh__ACQ_1.sof eadTS 0.0 eadName /home/linux/ieng6/cs241asp25/cs241asp25bu/lab5/run_siliconsmart/LIB_FF_1.1_-40_ALL/temp/siliconsmart.ieng6-ece-08.150149.5503/asynch_recover__CDN__lh__SDN__lh__ACQ_1.ead enableCache 0 status done depFiles /home/linux/ieng6/cs241asp25/cs241asp25bu/lab5/run_siliconsmart/LIB_FF_1.1_-40_ALL/netlists/DFCSNQD1.cdl sifCksum b8628aa26b389ea8498cce69fd5b8e01}}}
Info:    _SIS_CLIENT_RESULT_END
Info:    __recordTaskStats__ DFCSNQD1 asynch_recover__CDN__lh__SDN__lh__ACQ_1 0.19 0.03 6.3 0.47 6 20.1663639545 ieng6-ece-08.ucsd.edu 1748032263.42 1748032283.59
Info:    Loading information for cell DFCSNQD4... (SMSC-60)
Info:    Current directory '/home/linux/ieng6/cs241asp25/cs241asp25bu/lab5/run_siliconsmart/LIB_FF_1.1_-40_ALL' (SIM-68)
Info:    Working in directory '/home/linux/ieng6/cs241asp25/cs241asp25bu/lab5/run_siliconsmart/LIB_FF_1.1_-40_ALL/temp/siliconsmart.ieng6-ece-08.150149.5503/delay__CDN__hl__Q__hl__ACQ_1.sif_0' (SIM-69)
Info:    Executing 'hspice deck.cir -o deck' (SIM-30)
Warning: return code 0 (hspice: No such file or directory)
Info:    Simulation delay__CDN__hl__Q__hl__ACQ_1.sif for cell DFCSNQD4 completed successfully. (SMSC-103)
Info:    IO Retry 0
Info:    set _SIS_CLIENT_RESULT_ {{DFCSNQD4 delay__CDN__hl__Q__hl__ACQ_1 {sifTS 0.0 sifName /home/linux/ieng6/cs241asp25/cs241asp25bu/lab5/run_siliconsmart/LIB_FF_1.1_-40_ALL/temp/siliconsmart.ieng6-ece-08.150149.5503/delay__CDN__hl__Q__hl__ACQ_1.sif eadCksum 6147e90e42e43f080caa5fb572e8246c simulationCount 1 exportVars {} errorList {} sofName /home/linux/ieng6/cs241asp25/cs241asp25bu/lab5/run_siliconsmart/LIB_FF_1.1_-40_ALL/temp/siliconsmart.ieng6-ece-08.150149.5503/delay__CDN__hl__Q__hl__ACQ_1.sof eadTS 0.0 eadName /home/linux/ieng6/cs241asp25/cs241asp25bu/lab5/run_siliconsmart/LIB_FF_1.1_-40_ALL/temp/siliconsmart.ieng6-ece-08.150149.5503/delay__CDN__hl__Q__hl__ACQ_1.ead enableCache 0 status done depFiles /home/linux/ieng6/cs241asp25/cs241asp25bu/lab5/run_siliconsmart/LIB_FF_1.1_-40_ALL/netlists/DFCSNQD4.cdl sifCksum 07e1817313b7f2fdf844985a7b45f9c5}}}
Info:    _SIS_CLIENT_RESULT_END
Info:    __recordTaskStats__ DFCSNQD4 delay__CDN__hl__Q__hl__ACQ_1 0.15 0.0 2.79 0.11 1 12.2594890594 ieng6-ece-08.ucsd.edu 1748032283.59 1748032295.85
Info:    Loading information for cell DFCSNQD4... (SMSC-60)
Info:    Current directory '/home/linux/ieng6/cs241asp25/cs241asp25bu/lab5/run_siliconsmart/LIB_FF_1.1_-40_ALL' (SIM-68)
Info:    Working in directory '/home/linux/ieng6/cs241asp25/cs241asp25bu/lab5/run_siliconsmart/LIB_FF_1.1_-40_ALL/temp/siliconsmart.ieng6-ece-08.150149.5503/Cin__CDN__hl__ACQ_1.sif_0' (SIM-69)
Info:    Executing 'hspice deck.cir -o deck' (SIM-30)
Warning: return code 0 (hspice: No such file or directory)
Info:    Simulation Cin__CDN__hl__ACQ_1.sif for cell DFCSNQD4 completed successfully. (SMSC-103)
Info:    IO Retry 0
Info:    set _SIS_CLIENT_RESULT_ {{DFCSNQD4 Cin__CDN__hl__ACQ_1 {sifTS 0.0 sifName /home/linux/ieng6/cs241asp25/cs241asp25bu/lab5/run_siliconsmart/LIB_FF_1.1_-40_ALL/temp/siliconsmart.ieng6-ece-08.150149.5503/Cin__CDN__hl__ACQ_1.sif eadCksum 46d8e0425ba1543855da47f83531b197 simulationCount 1 exportVars {} errorList {} sofName /home/linux/ieng6/cs241asp25/cs241asp25bu/lab5/run_siliconsmart/LIB_FF_1.1_-40_ALL/temp/siliconsmart.ieng6-ece-08.150149.5503/Cin__CDN__hl__ACQ_1.sof eadTS 0.0 eadName /home/linux/ieng6/cs241asp25/cs241asp25bu/lab5/run_siliconsmart/LIB_FF_1.1_-40_ALL/temp/siliconsmart.ieng6-ece-08.150149.5503/Cin__CDN__hl__ACQ_1.ead enableCache 0 status done depFiles /home/linux/ieng6/cs241asp25/cs241asp25bu/lab5/run_siliconsmart/LIB_FF_1.1_-40_ALL/netlists/DFCSNQD4.cdl sifCksum 927ae1fed6e316d0f197fed90f992765}}}
Info:    _SIS_CLIENT_RESULT_END
Info:    __recordTaskStats__ DFCSNQD4 Cin__CDN__hl__ACQ_1 0.07 0.01 0.61 0.06 1 2.28010487556 ieng6-ece-08.ucsd.edu 1748032295.87 1748032298.15
Info:    Loading information for cell DFCSNQD4... (SMSC-60)
Info:    Current directory '/home/linux/ieng6/cs241asp25/cs241asp25bu/lab5/run_siliconsmart/LIB_FF_1.1_-40_ALL' (SIM-68)
Info:    Working in directory '/home/linux/ieng6/cs241asp25/cs241asp25bu/lab5/run_siliconsmart/LIB_FF_1.1_-40_ALL/temp/siliconsmart.ieng6-ece-08.150149.5503/Cin__CDN__lh_2__ACQ_1.sif_0' (SIM-69)
Info:    Executing 'hspice deck.cir -o deck' (SIM-30)
Warning: return code 0 (hspice: No such file or directory)
Info:    Simulation Cin__CDN__lh_2__ACQ_1.sif for cell DFCSNQD4 completed successfully. (SMSC-103)
Info:    IO Retry 0
Info:    set _SIS_CLIENT_RESULT_ {{DFCSNQD4 Cin__CDN__lh_2__ACQ_1 {sifTS 0.0 sifName /home/linux/ieng6/cs241asp25/cs241asp25bu/lab5/run_siliconsmart/LIB_FF_1.1_-40_ALL/temp/siliconsmart.ieng6-ece-08.150149.5503/Cin__CDN__lh_2__ACQ_1.sif eadCksum 7b0eaaed22ef3f610012c142f28e7e80 simulationCount 1 exportVars {} errorList {} sofName /home/linux/ieng6/cs241asp25/cs241asp25bu/lab5/run_siliconsmart/LIB_FF_1.1_-40_ALL/temp/siliconsmart.ieng6-ece-08.150149.5503/Cin__CDN__lh_2__ACQ_1.sof eadTS 0.0 eadName /home/linux/ieng6/cs241asp25/cs241asp25bu/lab5/run_siliconsmart/LIB_FF_1.1_-40_ALL/temp/siliconsmart.ieng6-ece-08.150149.5503/Cin__CDN__lh_2__ACQ_1.ead enableCache 0 status done depFiles /home/linux/ieng6/cs241asp25/cs241asp25bu/lab5/run_siliconsmart/LIB_FF_1.1_-40_ALL/netlists/DFCSNQD4.cdl sifCksum bbb4aae8ba42b405d3d6cb0a7c42ad1d}}}
Info:    _SIS_CLIENT_RESULT_END
Info:    __recordTaskStats__ DFCSNQD4 Cin__CDN__lh_2__ACQ_1 0.08 0.0 1.09 0.07 1 3.70771694183 ieng6-ece-08.ucsd.edu 1748032298.15 1748032301.86
Info:    Loading information for cell LHQD2... (SMSC-60)
Info:    Current directory '/home/linux/ieng6/cs241asp25/cs241asp25bu/lab5/run_siliconsmart/LIB_FF_1.1_-40_ALL' (SIM-68)
Info:    Working in directory '/home/linux/ieng6/cs241asp25/cs241asp25bu/lab5/run_siliconsmart/LIB_FF_1.1_-40_ALL/temp/siliconsmart.ieng6-ece-08.150149.5503/leakage_power__ACQ_2.sif_0' (SIM-69)
Info:    Executing 'hspice deck.cir -o deck' (SIM-30)
Warning: return code 0 (hspice: No such file or directory)
Info:    Simulation leakage_power__ACQ_2.sif for cell LHQD2 completed successfully. (SMSC-103)
Info:    IO Retry 0
Info:    set _SIS_CLIENT_RESULT_ {{LHQD2 leakage_power__ACQ_2 {sifTS 0.0 sifName /home/linux/ieng6/cs241asp25/cs241asp25bu/lab5/run_siliconsmart/LIB_FF_1.1_-40_ALL/temp/siliconsmart.ieng6-ece-08.150149.5503/leakage_power__ACQ_2.sif eadCksum 7bef4ea77164d87f236037e0aa54a2c3 simulationCount 1 exportVars {} errorList {} sofName /home/linux/ieng6/cs241asp25/cs241asp25bu/lab5/run_siliconsmart/LIB_FF_1.1_-40_ALL/temp/siliconsmart.ieng6-ece-08.150149.5503/leakage_power__ACQ_2.sof eadTS 0.0 eadName /home/linux/ieng6/cs241asp25/cs241asp25bu/lab5/run_siliconsmart/LIB_FF_1.1_-40_ALL/temp/siliconsmart.ieng6-ece-08.150149.5503/leakage_power__ACQ_2.ead enableCache 0 status done depFiles /home/linux/ieng6/cs241asp25/cs241asp25bu/lab5/run_siliconsmart/LIB_FF_1.1_-40_ALL/netlists/LHQD2.cdl sifCksum 9276f9a575a60f2275e1ad8f1384070a}}}
Info:    _SIS_CLIENT_RESULT_END
Info:    __recordTaskStats__ LHQD2 leakage_power__ACQ_2 0.07 0.01 0.31 0.07 1 1.64469003677 ieng6-ece-08.ucsd.edu 1748032301.86 1748032303.51
Info:    Loading information for cell LHQD2... (SMSC-60)
Info:    Current directory '/home/linux/ieng6/cs241asp25/cs241asp25bu/lab5/run_siliconsmart/LIB_FF_1.1_-40_ALL' (SIM-68)
Info:    Working in directory '/home/linux/ieng6/cs241asp25/cs241asp25bu/lab5/run_siliconsmart/LIB_FF_1.1_-40_ALL/temp/siliconsmart.ieng6-ece-08.150149.5503/Cin__D__hl__ACQ_1.sif_0' (SIM-69)
Info:    Executing 'hspice deck.cir -o deck' (SIM-30)
Warning: return code 0 (hspice: No such file or directory)
Info:    Simulation Cin__D__hl__ACQ_1.sif for cell LHQD2 completed successfully. (SMSC-103)
Info:    IO Retry 0
Info:    set _SIS_CLIENT_RESULT_ {{LHQD2 Cin__D__hl__ACQ_1 {sifTS 0.0 sifName /home/linux/ieng6/cs241asp25/cs241asp25bu/lab5/run_siliconsmart/LIB_FF_1.1_-40_ALL/temp/siliconsmart.ieng6-ece-08.150149.5503/Cin__D__hl__ACQ_1.sif eadCksum 55123a8a5e296dbae70255af4e9ce0fe simulationCount 1 exportVars {} errorList {} sofName /home/linux/ieng6/cs241asp25/cs241asp25bu/lab5/run_siliconsmart/LIB_FF_1.1_-40_ALL/temp/siliconsmart.ieng6-ece-08.150149.5503/Cin__D__hl__ACQ_1.sof eadTS 0.0 eadName /home/linux/ieng6/cs241asp25/cs241asp25bu/lab5/run_siliconsmart/LIB_FF_1.1_-40_ALL/temp/siliconsmart.ieng6-ece-08.150149.5503/Cin__D__hl__ACQ_1.ead enableCache 0 status done depFiles /home/linux/ieng6/cs241asp25/cs241asp25bu/lab5/run_siliconsmart/LIB_FF_1.1_-40_ALL/netlists/LHQD2.cdl sifCksum 67678a20ae150aba8d7d25a202f48b93}}}
Info:    _SIS_CLIENT_RESULT_END
Info:    __recordTaskStats__ LHQD2 Cin__D__hl__ACQ_1 0.06 0.01 0.56 0.07 1 2.09725999832 ieng6-ece-08.ucsd.edu 1748032303.51 1748032305.6
Info:    Loading information for cell LHQD2... (SMSC-60)
Info:    Current directory '/home/linux/ieng6/cs241asp25/cs241asp25bu/lab5/run_siliconsmart/LIB_FF_1.1_-40_ALL' (SIM-68)
Info:    Working in directory '/home/linux/ieng6/cs241asp25/cs241asp25bu/lab5/run_siliconsmart/LIB_FF_1.1_-40_ALL/temp/siliconsmart.ieng6-ece-08.150149.5503/delay__D__lh__Q__lh__ACQ_1.sif_0' (SIM-69)
Info:    Executing 'hspice deck.cir -o deck' (SIM-30)
Warning: return code 0 (hspice: No such file or directory)
Info:    Simulation delay__D__lh__Q__lh__ACQ_1.sif for cell LHQD2 completed successfully. (SMSC-103)
Info:    IO Retry 0
Info:    set _SIS_CLIENT_RESULT_ {{LHQD2 delay__D__lh__Q__lh__ACQ_1 {sifTS 0.0 sifName /home/linux/ieng6/cs241asp25/cs241asp25bu/lab5/run_siliconsmart/LIB_FF_1.1_-40_ALL/temp/siliconsmart.ieng6-ece-08.150149.5503/delay__D__lh__Q__lh__ACQ_1.sif eadCksum 12c877ae8e2d39ab3f61b22df81ce77c simulationCount 1 exportVars {} errorList {} sofName /home/linux/ieng6/cs241asp25/cs241asp25bu/lab5/run_siliconsmart/LIB_FF_1.1_-40_ALL/temp/siliconsmart.ieng6-ece-08.150149.5503/delay__D__lh__Q__lh__ACQ_1.sof eadTS 0.0 eadName /home/linux/ieng6/cs241asp25/cs241asp25bu/lab5/run_siliconsmart/LIB_FF_1.1_-40_ALL/temp/siliconsmart.ieng6-ece-08.150149.5503/delay__D__lh__Q__lh__ACQ_1.ead enableCache 0 status done depFiles /home/linux/ieng6/cs241asp25/cs241asp25bu/lab5/run_siliconsmart/LIB_FF_1.1_-40_ALL/netlists/LHQD2.cdl sifCksum eae9eec9009ce2c4d6b42066aee9776e}}}
Info:    _SIS_CLIENT_RESULT_END
Info:    __recordTaskStats__ LHQD2 delay__D__lh__Q__lh__ACQ_1 0.1 0.01 1.96 0.09 1 7.91490292549 ieng6-ece-08.ucsd.edu 1748032305.61 1748032313.52
Info:    Loading information for cell AOI21D0... (SMSC-60)
Info:    Current directory '/home/linux/ieng6/cs241asp25/cs241asp25bu/lab5/run_siliconsmart/LIB_FF_1.1_-40_ALL' (SIM-68)
Info:    Working in directory '/home/linux/ieng6/cs241asp25/cs241asp25bu/lab5/run_siliconsmart/LIB_FF_1.1_-40_ALL/temp/siliconsmart.ieng6-ece-08.150149.5503/delay__B__lh__ZN__hl__ACQ_1.sif_0' (SIM-69)
Info:    Executing 'hspice deck.cir -o deck' (SIM-30)
Warning: return code 0 (hspice: No such file or directory)
Info:    Simulation delay__B__lh__ZN__hl__ACQ_1.sif for cell AOI21D0 completed successfully. (SMSC-103)
Info:    IO Retry 0
Info:    set _SIS_CLIENT_RESULT_ {{AOI21D0 delay__B__lh__ZN__hl__ACQ_1 {sifTS 0.0 sifName /home/linux/ieng6/cs241asp25/cs241asp25bu/lab5/run_siliconsmart/LIB_FF_1.1_-40_ALL/temp/siliconsmart.ieng6-ece-08.150149.5503/delay__B__lh__ZN__hl__ACQ_1.sif eadCksum a792d2c5e17b4797e5ea4fba3ff0c75b simulationCount 1 exportVars {} errorList {} sofName /home/linux/ieng6/cs241asp25/cs241asp25bu/lab5/run_siliconsmart/LIB_FF_1.1_-40_ALL/temp/siliconsmart.ieng6-ece-08.150149.5503/delay__B__lh__ZN__hl__ACQ_1.sof eadTS 0.0 eadName /home/linux/ieng6/cs241asp25/cs241asp25bu/lab5/run_siliconsmart/LIB_FF_1.1_-40_ALL/temp/siliconsmart.ieng6-ece-08.150149.5503/delay__B__lh__ZN__hl__ACQ_1.ead enableCache 0 status done depFiles /home/linux/ieng6/cs241asp25/cs241asp25bu/lab5/run_siliconsmart/LIB_FF_1.1_-40_ALL/netlists/AOI21D0.cdl sifCksum 2f87615cbd169f022f118f46ed7664cd}}}
Info:    _SIS_CLIENT_RESULT_END
Info:    __recordTaskStats__ AOI21D0 delay__B__lh__ZN__hl__ACQ_1 0.12 0.01 1.14 0.09 1 4.00919604301 ieng6-ece-08.ucsd.edu 1748032313.52 1748032317.53
Info:    Loading information for cell AOI21D2... (SMSC-60)
Info:    Current directory '/home/linux/ieng6/cs241asp25/cs241asp25bu/lab5/run_siliconsmart/LIB_FF_1.1_-40_ALL' (SIM-68)
Info:    Working in directory '/home/linux/ieng6/cs241asp25/cs241asp25bu/lab5/run_siliconsmart/LIB_FF_1.1_-40_ALL/temp/siliconsmart.ieng6-ece-08.150149.5503/delay__A1__lh__ZN__hl__ACQ_1.sif_0' (SIM-69)
Info:    Executing 'hspice deck.cir -o deck' (SIM-30)
Warning: return code 0 (hspice: No such file or directory)
Info:    Simulation delay__A1__lh__ZN__hl__ACQ_1.sif for cell AOI21D2 completed successfully. (SMSC-103)
Info:    IO Retry 0
Info:    set _SIS_CLIENT_RESULT_ {{AOI21D2 delay__A1__lh__ZN__hl__ACQ_1 {sifTS 0.0 sifName /home/linux/ieng6/cs241asp25/cs241asp25bu/lab5/run_siliconsmart/LIB_FF_1.1_-40_ALL/temp/siliconsmart.ieng6-ece-08.150149.5503/delay__A1__lh__ZN__hl__ACQ_1.sif eadCksum 91face895275b37ae9e8ab208bb28223 simulationCount 1 exportVars {} errorList {} sofName /home/linux/ieng6/cs241asp25/cs241asp25bu/lab5/run_siliconsmart/LIB_FF_1.1_-40_ALL/temp/siliconsmart.ieng6-ece-08.150149.5503/delay__A1__lh__ZN__hl__ACQ_1.sof eadTS 0.0 eadName /home/linux/ieng6/cs241asp25/cs241asp25bu/lab5/run_siliconsmart/LIB_FF_1.1_-40_ALL/temp/siliconsmart.ieng6-ece-08.150149.5503/delay__A1__lh__ZN__hl__ACQ_1.ead enableCache 0 status done depFiles /home/linux/ieng6/cs241asp25/cs241asp25bu/lab5/run_siliconsmart/LIB_FF_1.1_-40_ALL/netlists/AOI21D2.cdl sifCksum 5eeaa14b4f50d1814c737fab5af5e60b}}}
Info:    _SIS_CLIENT_RESULT_END
Info:    __recordTaskStats__ AOI21D2 delay__A1__lh__ZN__hl__ACQ_1 0.12 0.01 1.34 0.1 1 5.69787597656 ieng6-ece-08.ucsd.edu 1748032317.54 1748032323.24
Info:    Loading information for cell MUX2D0... (SMSC-60)
Info:    Current directory '/home/linux/ieng6/cs241asp25/cs241asp25bu/lab5/run_siliconsmart/LIB_FF_1.1_-40_ALL' (SIM-68)
Info:    Working in directory '/home/linux/ieng6/cs241asp25/cs241asp25bu/lab5/run_siliconsmart/LIB_FF_1.1_-40_ALL/temp/siliconsmart.ieng6-ece-08.150149.5503/delay__I0__lh__Z__lh__ACQ_1.sif_0' (SIM-69)
Info:    Executing 'hspice deck.cir -o deck' (SIM-30)
Warning: return code 0 (hspice: No such file or directory)
Info:    Simulation delay__I0__lh__Z__lh__ACQ_1.sif for cell MUX2D0 completed successfully. (SMSC-103)
Info:    IO Retry 0
Info:    set _SIS_CLIENT_RESULT_ {{MUX2D0 delay__I0__lh__Z__lh__ACQ_1 {sifTS 0.0 sifName /home/linux/ieng6/cs241asp25/cs241asp25bu/lab5/run_siliconsmart/LIB_FF_1.1_-40_ALL/temp/siliconsmart.ieng6-ece-08.150149.5503/delay__I0__lh__Z__lh__ACQ_1.sif eadCksum 8f814407e91737ea028db8bf9bbd950d simulationCount 1 exportVars {} errorList {} sofName /home/linux/ieng6/cs241asp25/cs241asp25bu/lab5/run_siliconsmart/LIB_FF_1.1_-40_ALL/temp/siliconsmart.ieng6-ece-08.150149.5503/delay__I0__lh__Z__lh__ACQ_1.sof eadTS 0.0 eadName /home/linux/ieng6/cs241asp25/cs241asp25bu/lab5/run_siliconsmart/LIB_FF_1.1_-40_ALL/temp/siliconsmart.ieng6-ece-08.150149.5503/delay__I0__lh__Z__lh__ACQ_1.ead enableCache 0 status done depFiles /home/linux/ieng6/cs241asp25/cs241asp25bu/lab5/run_siliconsmart/LIB_FF_1.1_-40_ALL/netlists/MUX2D0.cdl sifCksum 13dd196e3621b6adf847533c3ec3ea7e}}}
Info:    _SIS_CLIENT_RESULT_END
Info:    __recordTaskStats__ MUX2D0 delay__I0__lh__Z__lh__ACQ_1 0.12 0.01 1.46 0.08 1 5.37416100502 ieng6-ece-08.ucsd.edu 1748032323.24 1748032328.61
Info:    Loading information for cell MUX2D1... (SMSC-60)
Info:    Current directory '/home/linux/ieng6/cs241asp25/cs241asp25bu/lab5/run_siliconsmart/LIB_FF_1.1_-40_ALL' (SIM-68)
Info:    Working in directory '/home/linux/ieng6/cs241asp25/cs241asp25bu/lab5/run_siliconsmart/LIB_FF_1.1_-40_ALL/temp/siliconsmart.ieng6-ece-08.150149.5503/leakage_power__ACQ_4.sif_0' (SIM-69)
Info:    Executing 'hspice deck.cir -o deck' (SIM-30)
Warning: return code 0 (hspice: No such file or directory)
Info:    Simulation leakage_power__ACQ_4.sif for cell MUX2D1 completed successfully. (SMSC-103)
Info:    IO Retry 0
Info:    set _SIS_CLIENT_RESULT_ {{MUX2D1 leakage_power__ACQ_4 {sifTS 0.0 sifName /home/linux/ieng6/cs241asp25/cs241asp25bu/lab5/run_siliconsmart/LIB_FF_1.1_-40_ALL/temp/siliconsmart.ieng6-ece-08.150149.5503/leakage_power__ACQ_4.sif eadCksum 30dc90dccda10fccb01ae55680bc2cf5 simulationCount 1 exportVars {} errorList {} sofName /home/linux/ieng6/cs241asp25/cs241asp25bu/lab5/run_siliconsmart/LIB_FF_1.1_-40_ALL/temp/siliconsmart.ieng6-ece-08.150149.5503/leakage_power__ACQ_4.sof eadTS 0.0 eadName /home/linux/ieng6/cs241asp25/cs241asp25bu/lab5/run_siliconsmart/LIB_FF_1.1_-40_ALL/temp/siliconsmart.ieng6-ece-08.150149.5503/leakage_power__ACQ_4.ead enableCache 0 status done depFiles /home/linux/ieng6/cs241asp25/cs241asp25bu/lab5/run_siliconsmart/LIB_FF_1.1_-40_ALL/netlists/MUX2D1.cdl sifCksum 72ea278585a28d186739167a8bd05986}}}
Info:    _SIS_CLIENT_RESULT_END
Info:    __recordTaskStats__ MUX2D1 leakage_power__ACQ_4 0.08 0.01 0.29 0.07 1 1.48304891586 ieng6-ece-08.ucsd.edu 1748032328.62 1748032330.1
Info:    Loading information for cell MUX2D1... (SMSC-60)
Info:    Current directory '/home/linux/ieng6/cs241asp25/cs241asp25bu/lab5/run_siliconsmart/LIB_FF_1.1_-40_ALL' (SIM-68)
Info:    Working in directory '/home/linux/ieng6/cs241asp25/cs241asp25bu/lab5/run_siliconsmart/LIB_FF_1.1_-40_ALL/temp/siliconsmart.ieng6-ece-08.150149.5503/delay__S__hl__Z__lh__ACQ_1.sif_0' (SIM-69)
Info:    Executing 'hspice deck.cir -o deck' (SIM-30)
Warning: return code 0 (hspice: No such file or directory)
Info:    Simulation delay__S__hl__Z__lh__ACQ_1.sif for cell MUX2D1 completed successfully. (SMSC-103)
Info:    IO Retry 0
Info:    set _SIS_CLIENT_RESULT_ {{MUX2D1 delay__S__hl__Z__lh__ACQ_1 {sifTS 0.0 sifName /home/linux/ieng6/cs241asp25/cs241asp25bu/lab5/run_siliconsmart/LIB_FF_1.1_-40_ALL/temp/siliconsmart.ieng6-ece-08.150149.5503/delay__S__hl__Z__lh__ACQ_1.sif eadCksum 22eb3bcd5e67bfa39eb74b27380919a9 simulationCount 1 exportVars {} errorList {} sofName /home/linux/ieng6/cs241asp25/cs241asp25bu/lab5/run_siliconsmart/LIB_FF_1.1_-40_ALL/temp/siliconsmart.ieng6-ece-08.150149.5503/delay__S__hl__Z__lh__ACQ_1.sof eadTS 0.0 eadName /home/linux/ieng6/cs241asp25/cs241asp25bu/lab5/run_siliconsmart/LIB_FF_1.1_-40_ALL/temp/siliconsmart.ieng6-ece-08.150149.5503/delay__S__hl__Z__lh__ACQ_1.ead enableCache 0 status done depFiles /home/linux/ieng6/cs241asp25/cs241asp25bu/lab5/run_siliconsmart/LIB_FF_1.1_-40_ALL/netlists/MUX2D1.cdl sifCksum 778570f306c227ddd8015d8f84e5413e}}}
Info:    _SIS_CLIENT_RESULT_END
Info:    __recordTaskStats__ MUX2D1 delay__S__hl__Z__lh__ACQ_1 0.1 0.0 1.47 0.09 1 4.72203397751 ieng6-ece-08.ucsd.edu 1748032330.11 1748032334.83
Info:    Loading information for cell MUX2D4... (SMSC-60)
Info:    Current directory '/home/linux/ieng6/cs241asp25/cs241asp25bu/lab5/run_siliconsmart/LIB_FF_1.1_-40_ALL' (SIM-68)
Info:    Working in directory '/home/linux/ieng6/cs241asp25/cs241asp25bu/lab5/run_siliconsmart/LIB_FF_1.1_-40_ALL/temp/siliconsmart.ieng6-ece-08.150149.5503/leakage_power__ACQ_1.sif_0' (SIM-69)
Info:    Executing 'hspice deck.cir -o deck' (SIM-30)
Warning: return code 0 (hspice: No such file or directory)
Info:    Simulation leakage_power__ACQ_1.sif for cell MUX2D4 completed successfully. (SMSC-103)
Info:    IO Retry 0
Info:    set _SIS_CLIENT_RESULT_ {{MUX2D4 leakage_power__ACQ_1 {sifTS 0.0 sifName /home/linux/ieng6/cs241asp25/cs241asp25bu/lab5/run_siliconsmart/LIB_FF_1.1_-40_ALL/temp/siliconsmart.ieng6-ece-08.150149.5503/leakage_power__ACQ_1.sif eadCksum 84c311fad41579f51f71ad45cbedf141 simulationCount 1 exportVars {} errorList {} sofName /home/linux/ieng6/cs241asp25/cs241asp25bu/lab5/run_siliconsmart/LIB_FF_1.1_-40_ALL/temp/siliconsmart.ieng6-ece-08.150149.5503/leakage_power__ACQ_1.sof eadTS 0.0 eadName /home/linux/ieng6/cs241asp25/cs241asp25bu/lab5/run_siliconsmart/LIB_FF_1.1_-40_ALL/temp/siliconsmart.ieng6-ece-08.150149.5503/leakage_power__ACQ_1.ead enableCache 0 status done depFiles /home/linux/ieng6/cs241asp25/cs241asp25bu/lab5/run_siliconsmart/LIB_FF_1.1_-40_ALL/netlists/MUX2D4.cdl sifCksum d3f0239c14bf40f56b6b4c36fb3c6fb1}}}
Info:    _SIS_CLIENT_RESULT_END
Info:    __recordTaskStats__ MUX2D4 leakage_power__ACQ_1 0.08 0.01 0.31 0.07 1 1.67876601219 ieng6-ece-08.ucsd.edu 1748032334.84 1748032336.52
Info:    Loading information for cell OAI21D0... (SMSC-60)
Info:    Current directory '/home/linux/ieng6/cs241asp25/cs241asp25bu/lab5/run_siliconsmart/LIB_FF_1.1_-40_ALL' (SIM-68)
Info:    Working in directory '/home/linux/ieng6/cs241asp25/cs241asp25bu/lab5/run_siliconsmart/LIB_FF_1.1_-40_ALL/temp/siliconsmart.ieng6-ece-08.150149.5503/Cin__A2__hl__ACQ_1.sif_0' (SIM-69)
Info:    Executing 'hspice deck.cir -o deck' (SIM-30)
Warning: return code 0 (hspice: No such file or directory)
Info:    Simulation Cin__A2__hl__ACQ_1.sif for cell OAI21D0 completed successfully. (SMSC-103)
Info:    IO Retry 0
Info:    set _SIS_CLIENT_RESULT_ {{OAI21D0 Cin__A2__hl__ACQ_1 {sifTS 0.0 sifName /home/linux/ieng6/cs241asp25/cs241asp25bu/lab5/run_siliconsmart/LIB_FF_1.1_-40_ALL/temp/siliconsmart.ieng6-ece-08.150149.5503/Cin__A2__hl__ACQ_1.sif eadCksum c989d666d52351f939b4ec16173410a1 simulationCount 1 exportVars {} errorList {} sofName /home/linux/ieng6/cs241asp25/cs241asp25bu/lab5/run_siliconsmart/LIB_FF_1.1_-40_ALL/temp/siliconsmart.ieng6-ece-08.150149.5503/Cin__A2__hl__ACQ_1.sof eadTS 0.0 eadName /home/linux/ieng6/cs241asp25/cs241asp25bu/lab5/run_siliconsmart/LIB_FF_1.1_-40_ALL/temp/siliconsmart.ieng6-ece-08.150149.5503/Cin__A2__hl__ACQ_1.ead enableCache 0 status done depFiles /home/linux/ieng6/cs241asp25/cs241asp25bu/lab5/run_siliconsmart/LIB_FF_1.1_-40_ALL/netlists/OAI21D0.cdl sifCksum 36e0b36d28dce15784e8f4141b2278c3}}}
Info:    _SIS_CLIENT_RESULT_END
Info:    __recordTaskStats__ OAI21D0 Cin__A2__hl__ACQ_1 0.08 0.01 0.35 0.06 1 1.76760196686 ieng6-ece-08.ucsd.edu 1748032336.53 1748032338.3
Info:    Loading information for cell OAI21D0... (SMSC-60)
Info:    Current directory '/home/linux/ieng6/cs241asp25/cs241asp25bu/lab5/run_siliconsmart/LIB_FF_1.1_-40_ALL' (SIM-68)
Info:    Working in directory '/home/linux/ieng6/cs241asp25/cs241asp25bu/lab5/run_siliconsmart/LIB_FF_1.1_-40_ALL/temp/siliconsmart.ieng6-ece-08.150149.5503/delay__A1__hl__ZN__lh__ACQ_1.sif_0' (SIM-69)
Info:    Executing 'hspice deck.cir -o deck' (SIM-30)
Warning: return code 0 (hspice: No such file or directory)
Info:    Simulation delay__A1__hl__ZN__lh__ACQ_1.sif for cell OAI21D0 completed successfully. (SMSC-103)
Info:    IO Retry 0
Info:    set _SIS_CLIENT_RESULT_ {{OAI21D0 delay__A1__hl__ZN__lh__ACQ_1 {sifTS 0.0 sifName /home/linux/ieng6/cs241asp25/cs241asp25bu/lab5/run_siliconsmart/LIB_FF_1.1_-40_ALL/temp/siliconsmart.ieng6-ece-08.150149.5503/delay__A1__hl__ZN__lh__ACQ_1.sif eadCksum 3976f225262bf67d21bf105ea313b9cd simulationCount 1 exportVars {} errorList {} sofName /home/linux/ieng6/cs241asp25/cs241asp25bu/lab5/run_siliconsmart/LIB_FF_1.1_-40_ALL/temp/siliconsmart.ieng6-ece-08.150149.5503/delay__A1__hl__ZN__lh__ACQ_1.sof eadTS 0.0 eadName /home/linux/ieng6/cs241asp25/cs241asp25bu/lab5/run_siliconsmart/LIB_FF_1.1_-40_ALL/temp/siliconsmart.ieng6-ece-08.150149.5503/delay__A1__hl__ZN__lh__ACQ_1.ead enableCache 0 status done depFiles /home/linux/ieng6/cs241asp25/cs241asp25bu/lab5/run_siliconsmart/LIB_FF_1.1_-40_ALL/netlists/OAI21D0.cdl sifCksum 9a45dbf118b2b4f96fbcda154a0df8d1}}}
Info:    _SIS_CLIENT_RESULT_END
Info:    __recordTaskStats__ OAI21D0 delay__A1__hl__ZN__lh__ACQ_1 0.11 0.0 1.01 0.08 1 3.66316485405 ieng6-ece-08.ucsd.edu 1748032338.3 1748032341.96
Info:    Loading information for cell OAI21D1... (SMSC-60)
Info:    Current directory '/home/linux/ieng6/cs241asp25/cs241asp25bu/lab5/run_siliconsmart/LIB_FF_1.1_-40_ALL' (SIM-68)
Info:    Working in directory '/home/linux/ieng6/cs241asp25/cs241asp25bu/lab5/run_siliconsmart/LIB_FF_1.1_-40_ALL/temp/siliconsmart.ieng6-ece-08.150149.5503/delay__B__hl__ZN__lh__ACQ_1.sif_0' (SIM-69)
Info:    Executing 'hspice deck.cir -o deck' (SIM-30)
Warning: return code 0 (hspice: No such file or directory)
Info:    Simulation delay__B__hl__ZN__lh__ACQ_1.sif for cell OAI21D1 completed successfully. (SMSC-103)
Info:    IO Retry 0
Info:    set _SIS_CLIENT_RESULT_ {{OAI21D1 delay__B__hl__ZN__lh__ACQ_1 {sifTS 0.0 sifName /home/linux/ieng6/cs241asp25/cs241asp25bu/lab5/run_siliconsmart/LIB_FF_1.1_-40_ALL/temp/siliconsmart.ieng6-ece-08.150149.5503/delay__B__hl__ZN__lh__ACQ_1.sif eadCksum 79f44f8c6fa05987daa1a91b7bff0d4d simulationCount 1 exportVars {} errorList {} sofName /home/linux/ieng6/cs241asp25/cs241asp25bu/lab5/run_siliconsmart/LIB_FF_1.1_-40_ALL/temp/siliconsmart.ieng6-ece-08.150149.5503/delay__B__hl__ZN__lh__ACQ_1.sof eadTS 0.0 eadName /home/linux/ieng6/cs241asp25/cs241asp25bu/lab5/run_siliconsmart/LIB_FF_1.1_-40_ALL/temp/siliconsmart.ieng6-ece-08.150149.5503/delay__B__hl__ZN__lh__ACQ_1.ead enableCache 0 status done depFiles /home/linux/ieng6/cs241asp25/cs241asp25bu/lab5/run_siliconsmart/LIB_FF_1.1_-40_ALL/netlists/OAI21D1.cdl sifCksum ced785063f923d921bdb89c6ee422071}}}
Info:    _SIS_CLIENT_RESULT_END
Info:    __recordTaskStats__ OAI21D1 delay__B__hl__ZN__lh__ACQ_1 0.12 0.01 1.17 0.09 1 4.19194698334 ieng6-ece-08.ucsd.edu 1748032341.96 1748032346.15
Info:    Loading information for cell OAI21D4... (SMSC-60)
Info:    Current directory '/home/linux/ieng6/cs241asp25/cs241asp25bu/lab5/run_siliconsmart/LIB_FF_1.1_-40_ALL' (SIM-68)
Info:    Working in directory '/home/linux/ieng6/cs241asp25/cs241asp25bu/lab5/run_siliconsmart/LIB_FF_1.1_-40_ALL/temp/siliconsmart.ieng6-ece-08.150149.5503/delay__B__hl__ZN__lh__ACQ_1.sif_0' (SIM-69)
Info:    Executing 'hspice deck.cir -o deck' (SIM-30)
Warning: return code 0 (hspice: No such file or directory)
Info:    Simulation delay__B__hl__ZN__lh__ACQ_1.sif for cell OAI21D4 completed successfully. (SMSC-103)
Info:    IO Retry 0
Info:    set _SIS_CLIENT_RESULT_ {{OAI21D4 delay__B__hl__ZN__lh__ACQ_1 {sifTS 0.0 sifName /home/linux/ieng6/cs241asp25/cs241asp25bu/lab5/run_siliconsmart/LIB_FF_1.1_-40_ALL/temp/siliconsmart.ieng6-ece-08.150149.5503/delay__B__hl__ZN__lh__ACQ_1.sif eadCksum 3699c2817098b697d5fa1e60a5f8bbe0 simulationCount 1 exportVars {} errorList {} sofName /home/linux/ieng6/cs241asp25/cs241asp25bu/lab5/run_siliconsmart/LIB_FF_1.1_-40_ALL/temp/siliconsmart.ieng6-ece-08.150149.5503/delay__B__hl__ZN__lh__ACQ_1.sof eadTS 0.0 eadName /home/linux/ieng6/cs241asp25/cs241asp25bu/lab5/run_siliconsmart/LIB_FF_1.1_-40_ALL/temp/siliconsmart.ieng6-ece-08.150149.5503/delay__B__hl__ZN__lh__ACQ_1.ead enableCache 0 status done depFiles /home/linux/ieng6/cs241asp25/cs241asp25bu/lab5/run_siliconsmart/LIB_FF_1.1_-40_ALL/netlists/OAI21D4.cdl sifCksum 08ca76b6023efdf3b7141e050b05a9c5}}}
Info:    _SIS_CLIENT_RESULT_END
Info:    __recordTaskStats__ OAI21D4 delay__B__hl__ZN__lh__ACQ_1 0.13 0.01 2.19 0.12 1 7.71354317665 ieng6-ece-08.ucsd.edu 1748032346.17 1748032353.88
Info:    Loading information for cell AN2D8... (SMSC-60)
Info:    Current directory '/home/linux/ieng6/cs241asp25/cs241asp25bu/lab5/run_siliconsmart/LIB_FF_1.1_-40_ALL' (SIM-68)
Info:    Working in directory '/home/linux/ieng6/cs241asp25/cs241asp25bu/lab5/run_siliconsmart/LIB_FF_1.1_-40_ALL/temp/siliconsmart.ieng6-ece-08.150149.5503/delay__A2__lh__Z__lh__ACQ_1.sif_0' (SIM-69)
Info:    Executing 'hspice deck.cir -o deck' (SIM-30)
Warning: return code 0 (hspice: No such file or directory)
Info:    Simulation delay__A2__lh__Z__lh__ACQ_1.sif for cell AN2D8 completed successfully. (SMSC-103)
Info:    IO Retry 0
Info:    set _SIS_CLIENT_RESULT_ {{AN2D8 delay__A2__lh__Z__lh__ACQ_1 {sifTS 0.0 sifName /home/linux/ieng6/cs241asp25/cs241asp25bu/lab5/run_siliconsmart/LIB_FF_1.1_-40_ALL/temp/siliconsmart.ieng6-ece-08.150149.5503/delay__A2__lh__Z__lh__ACQ_1.sif eadCksum b85ce107bfca6313da32c2549332341c simulationCount 1 exportVars {} errorList {} sofName /home/linux/ieng6/cs241asp25/cs241asp25bu/lab5/run_siliconsmart/LIB_FF_1.1_-40_ALL/temp/siliconsmart.ieng6-ece-08.150149.5503/delay__A2__lh__Z__lh__ACQ_1.sof eadTS 0.0 eadName /home/linux/ieng6/cs241asp25/cs241asp25bu/lab5/run_siliconsmart/LIB_FF_1.1_-40_ALL/temp/siliconsmart.ieng6-ece-08.150149.5503/delay__A2__lh__Z__lh__ACQ_1.ead enableCache 0 status done depFiles /home/linux/ieng6/cs241asp25/cs241asp25bu/lab5/run_siliconsmart/LIB_FF_1.1_-40_ALL/netlists/AN2D8.cdl sifCksum 0ea569208ed918fbb9920000fdcd09ea}}}
Info:    _SIS_CLIENT_RESULT_END
Info:    __recordTaskStats__ AN2D8 delay__A2__lh__Z__lh__ACQ_1 0.11 0.01 2.26 0.1 1 9.12860989571 ieng6-ece-08.ucsd.edu 1748032353.89 1748032363.02
Info:    Loading information for cell ND2D8... (SMSC-60)
Info:    Current directory '/home/linux/ieng6/cs241asp25/cs241asp25bu/lab5/run_siliconsmart/LIB_FF_1.1_-40_ALL' (SIM-68)
Info:    Working in directory '/home/linux/ieng6/cs241asp25/cs241asp25bu/lab5/run_siliconsmart/LIB_FF_1.1_-40_ALL/temp/siliconsmart.ieng6-ece-08.150149.5503/delay__A1__lh__ZN__hl__ACQ_1.sif_0' (SIM-69)
Info:    Executing 'hspice deck.cir -o deck' (SIM-30)
Warning: return code 0 (hspice: No such file or directory)
Info:    Simulation delay__A1__lh__ZN__hl__ACQ_1.sif for cell ND2D8 completed successfully. (SMSC-103)
Info:    IO Retry 0
Info:    set _SIS_CLIENT_RESULT_ {{ND2D8 delay__A1__lh__ZN__hl__ACQ_1 {sifTS 0.0 sifName /home/linux/ieng6/cs241asp25/cs241asp25bu/lab5/run_siliconsmart/LIB_FF_1.1_-40_ALL/temp/siliconsmart.ieng6-ece-08.150149.5503/delay__A1__lh__ZN__hl__ACQ_1.sif eadCksum 438e79cbff43df7fe96f89ab49adf025 simulationCount 1 exportVars {} errorList {} sofName /home/linux/ieng6/cs241asp25/cs241asp25bu/lab5/run_siliconsmart/LIB_FF_1.1_-40_ALL/temp/siliconsmart.ieng6-ece-08.150149.5503/delay__A1__lh__ZN__hl__ACQ_1.sof eadTS 0.0 eadName /home/linux/ieng6/cs241asp25/cs241asp25bu/lab5/run_siliconsmart/LIB_FF_1.1_-40_ALL/temp/siliconsmart.ieng6-ece-08.150149.5503/delay__A1__lh__ZN__hl__ACQ_1.ead enableCache 0 status done depFiles /home/linux/ieng6/cs241asp25/cs241asp25bu/lab5/run_siliconsmart/LIB_FF_1.1_-40_ALL/netlists/ND2D8.cdl sifCksum 32987ded09858c85347bf43197fbfb69}}}
Info:    _SIS_CLIENT_RESULT_END
Info:    __recordTaskStats__ ND2D8 delay__A1__lh__ZN__hl__ACQ_1 0.11 0.0 2.09 0.09 1 8.07041096687 ieng6-ece-08.ucsd.edu 1748032363.02 1748032371.09
Info:    Loading information for cell NR2D8... (SMSC-60)
Info:    Current directory '/home/linux/ieng6/cs241asp25/cs241asp25bu/lab5/run_siliconsmart/LIB_FF_1.1_-40_ALL' (SIM-68)
Info:    Working in directory '/home/linux/ieng6/cs241asp25/cs241asp25bu/lab5/run_siliconsmart/LIB_FF_1.1_-40_ALL/temp/siliconsmart.ieng6-ece-08.150149.5503/leakage_power__ACQ_2.sif_0' (SIM-69)
Info:    Executing 'hspice deck.cir -o deck' (SIM-30)
Warning: return code 0 (hspice: No such file or directory)
Info:    Simulation leakage_power__ACQ_2.sif for cell NR2D8 completed successfully. (SMSC-103)
Info:    IO Retry 0
Info:    set _SIS_CLIENT_RESULT_ {{NR2D8 leakage_power__ACQ_2 {sifTS 0.0 sifName /home/linux/ieng6/cs241asp25/cs241asp25bu/lab5/run_siliconsmart/LIB_FF_1.1_-40_ALL/temp/siliconsmart.ieng6-ece-08.150149.5503/leakage_power__ACQ_2.sif eadCksum d6725d26fc2f0ba363dd03d720111ccb simulationCount 1 exportVars {} errorList {} sofName /home/linux/ieng6/cs241asp25/cs241asp25bu/lab5/run_siliconsmart/LIB_FF_1.1_-40_ALL/temp/siliconsmart.ieng6-ece-08.150149.5503/leakage_power__ACQ_2.sof eadTS 0.0 eadName /home/linux/ieng6/cs241asp25/cs241asp25bu/lab5/run_siliconsmart/LIB_FF_1.1_-40_ALL/temp/siliconsmart.ieng6-ece-08.150149.5503/leakage_power__ACQ_2.ead enableCache 0 status done depFiles /home/linux/ieng6/cs241asp25/cs241asp25bu/lab5/run_siliconsmart/LIB_FF_1.1_-40_ALL/netlists/NR2D8.cdl sifCksum c81fe9b30ff11adba0dd0b62de979bc4}}}
Info:    _SIS_CLIENT_RESULT_END
Info:    __recordTaskStats__ NR2D8 leakage_power__ACQ_2 0.07 0.01 0.29 0.07 1 1.76315808296 ieng6-ece-08.ucsd.edu 1748032371.1 1748032372.86
Info:    Loading information for cell OR2D0... (SMSC-60)
Info:    Current directory '/home/linux/ieng6/cs241asp25/cs241asp25bu/lab5/run_siliconsmart/LIB_FF_1.1_-40_ALL' (SIM-68)
Info:    Working in directory '/home/linux/ieng6/cs241asp25/cs241asp25bu/lab5/run_siliconsmart/LIB_FF_1.1_-40_ALL/temp/siliconsmart.ieng6-ece-08.150149.5503/leakage_power__ACQ_1.sif_0' (SIM-69)
Info:    Executing 'hspice deck.cir -o deck' (SIM-30)
Warning: return code 0 (hspice: No such file or directory)
Info:    Simulation leakage_power__ACQ_1.sif for cell OR2D0 completed successfully. (SMSC-103)
Info:    IO Retry 0
Info:    set _SIS_CLIENT_RESULT_ {{OR2D0 leakage_power__ACQ_1 {sifTS 0.0 sifName /home/linux/ieng6/cs241asp25/cs241asp25bu/lab5/run_siliconsmart/LIB_FF_1.1_-40_ALL/temp/siliconsmart.ieng6-ece-08.150149.5503/leakage_power__ACQ_1.sif eadCksum 58d2ca396ee03adac41937cdeb8a8c49 simulationCount 1 exportVars {} errorList {} sofName /home/linux/ieng6/cs241asp25/cs241asp25bu/lab5/run_siliconsmart/LIB_FF_1.1_-40_ALL/temp/siliconsmart.ieng6-ece-08.150149.5503/leakage_power__ACQ_1.sof eadTS 0.0 eadName /home/linux/ieng6/cs241asp25/cs241asp25bu/lab5/run_siliconsmart/LIB_FF_1.1_-40_ALL/temp/siliconsmart.ieng6-ece-08.150149.5503/leakage_power__ACQ_1.ead enableCache 0 status done depFiles /home/linux/ieng6/cs241asp25/cs241asp25bu/lab5/run_siliconsmart/LIB_FF_1.1_-40_ALL/netlists/OR2D0.cdl sifCksum b4b9559ea8349486bb04c15697af8922}}}
Info:    _SIS_CLIENT_RESULT_END
Info:    __recordTaskStats__ OR2D0 leakage_power__ACQ_1 0.07 0.01 0.29 0.06 1 1.66477322578 ieng6-ece-08.ucsd.edu 1748032372.86 1748032374.53
Info:    Loading information for cell OR2D1... (SMSC-60)
Info:    Current directory '/home/linux/ieng6/cs241asp25/cs241asp25bu/lab5/run_siliconsmart/LIB_FF_1.1_-40_ALL' (SIM-68)
Info:    Working in directory '/home/linux/ieng6/cs241asp25/cs241asp25bu/lab5/run_siliconsmart/LIB_FF_1.1_-40_ALL/temp/siliconsmart.ieng6-ece-08.150149.5503/delay__A2__lh__Z__lh__ACQ_1.sif_0' (SIM-69)
Info:    Executing 'hspice deck.cir -o deck' (SIM-30)
Warning: return code 0 (hspice: No such file or directory)
Info:    Simulation delay__A2__lh__Z__lh__ACQ_1.sif for cell OR2D1 completed successfully. (SMSC-103)
Info:    IO Retry 0
Info:    set _SIS_CLIENT_RESULT_ {{OR2D1 delay__A2__lh__Z__lh__ACQ_1 {sifTS 0.0 sifName /home/linux/ieng6/cs241asp25/cs241asp25bu/lab5/run_siliconsmart/LIB_FF_1.1_-40_ALL/temp/siliconsmart.ieng6-ece-08.150149.5503/delay__A2__lh__Z__lh__ACQ_1.sif eadCksum 3fbc9eefa0596faa188ba6a3901778a6 simulationCount 1 exportVars {} errorList {} sofName /home/linux/ieng6/cs241asp25/cs241asp25bu/lab5/run_siliconsmart/LIB_FF_1.1_-40_ALL/temp/siliconsmart.ieng6-ece-08.150149.5503/delay__A2__lh__Z__lh__ACQ_1.sof eadTS 0.0 eadName /home/linux/ieng6/cs241asp25/cs241asp25bu/lab5/run_siliconsmart/LIB_FF_1.1_-40_ALL/temp/siliconsmart.ieng6-ece-08.150149.5503/delay__A2__lh__Z__lh__ACQ_1.ead enableCache 0 status done depFiles /home/linux/ieng6/cs241asp25/cs241asp25bu/lab5/run_siliconsmart/LIB_FF_1.1_-40_ALL/netlists/OR2D1.cdl sifCksum bf1136bdfe263ed41502e3eca976d659}}}
Info:    _SIS_CLIENT_RESULT_END
Info:    __recordTaskStats__ OR2D1 delay__A2__lh__Z__lh__ACQ_1 0.1 0.01 1.15 0.11 1 4.09700798988 ieng6-ece-08.ucsd.edu 1748032374.53 1748032378.63
Info:    Loading information for cell OR2XD1... (SMSC-60)
Info:    Current directory '/home/linux/ieng6/cs241asp25/cs241asp25bu/lab5/run_siliconsmart/LIB_FF_1.1_-40_ALL' (SIM-68)
Info:    Working in directory '/home/linux/ieng6/cs241asp25/cs241asp25bu/lab5/run_siliconsmart/LIB_FF_1.1_-40_ALL/temp/siliconsmart.ieng6-ece-08.150149.5503/leakage_power__ACQ_2.sif_0' (SIM-69)
Info:    Executing 'hspice deck.cir -o deck' (SIM-30)
Warning: return code 0 (hspice: No such file or directory)
Info:    Simulation leakage_power__ACQ_2.sif for cell OR2XD1 completed successfully. (SMSC-103)
Info:    IO Retry 0
Info:    set _SIS_CLIENT_RESULT_ {{OR2XD1 leakage_power__ACQ_2 {sifTS 0.0 sifName /home/linux/ieng6/cs241asp25/cs241asp25bu/lab5/run_siliconsmart/LIB_FF_1.1_-40_ALL/temp/siliconsmart.ieng6-ece-08.150149.5503/leakage_power__ACQ_2.sif eadCksum 77118bfbf75c304c0ef414e33feabc21 simulationCount 1 exportVars {} errorList {} sofName /home/linux/ieng6/cs241asp25/cs241asp25bu/lab5/run_siliconsmart/LIB_FF_1.1_-40_ALL/temp/siliconsmart.ieng6-ece-08.150149.5503/leakage_power__ACQ_2.sof eadTS 0.0 eadName /home/linux/ieng6/cs241asp25/cs241asp25bu/lab5/run_siliconsmart/LIB_FF_1.1_-40_ALL/temp/siliconsmart.ieng6-ece-08.150149.5503/leakage_power__ACQ_2.ead enableCache 0 status done depFiles /home/linux/ieng6/cs241asp25/cs241asp25bu/lab5/run_siliconsmart/LIB_FF_1.1_-40_ALL/netlists/OR2XD1.cdl sifCksum 0ffa7a322dd87788367a6ac9bfd96cb1}}}
Info:    _SIS_CLIENT_RESULT_END
Info:    __recordTaskStats__ OR2XD1 leakage_power__ACQ_2 0.06 0.01 0.23 0.06 1 1.32429099083 ieng6-ece-08.ucsd.edu 1748032378.63 1748032379.96
Info:    Loading information for cell XNR2D0... (SMSC-60)
Info:    Current directory '/home/linux/ieng6/cs241asp25/cs241asp25bu/lab5/run_siliconsmart/LIB_FF_1.1_-40_ALL' (SIM-68)
Info:    Working in directory '/home/linux/ieng6/cs241asp25/cs241asp25bu/lab5/run_siliconsmart/LIB_FF_1.1_-40_ALL/temp/siliconsmart.ieng6-ece-08.150149.5503/delay__A1__hl__ZN__lh__ACQ_1.sif_0' (SIM-69)
Info:    Executing 'hspice deck.cir -o deck' (SIM-30)
Warning: return code 0 (hspice: No such file or directory)
Info:    Simulation delay__A1__hl__ZN__lh__ACQ_1.sif for cell XNR2D0 completed successfully. (SMSC-103)
Info:    IO Retry 0
Info:    set _SIS_CLIENT_RESULT_ {{XNR2D0 delay__A1__hl__ZN__lh__ACQ_1 {sifTS 0.0 sifName /home/linux/ieng6/cs241asp25/cs241asp25bu/lab5/run_siliconsmart/LIB_FF_1.1_-40_ALL/temp/siliconsmart.ieng6-ece-08.150149.5503/delay__A1__hl__ZN__lh__ACQ_1.sif eadCksum 7ee564654dcbf0388254086b46ccf2c4 simulationCount 1 exportVars {} errorList {} sofName /home/linux/ieng6/cs241asp25/cs241asp25bu/lab5/run_siliconsmart/LIB_FF_1.1_-40_ALL/temp/siliconsmart.ieng6-ece-08.150149.5503/delay__A1__hl__ZN__lh__ACQ_1.sof eadTS 0.0 eadName /home/linux/ieng6/cs241asp25/cs241asp25bu/lab5/run_siliconsmart/LIB_FF_1.1_-40_ALL/temp/siliconsmart.ieng6-ece-08.150149.5503/delay__A1__hl__ZN__lh__ACQ_1.ead enableCache 0 status done depFiles /home/linux/ieng6/cs241asp25/cs241asp25bu/lab5/run_siliconsmart/LIB_FF_1.1_-40_ALL/netlists/XNR2D0.cdl sifCksum 467ca1a43f64591896513d873b2d25ab}}}
Info:    _SIS_CLIENT_RESULT_END
Info:    __recordTaskStats__ XNR2D0 delay__A1__hl__ZN__lh__ACQ_1 0.12 0.01 1.46 0.1 1 6.10569095612 ieng6-ece-08.ucsd.edu 1748032379.96 1748032386.06
Info:    Loading information for cell XNR2D4... (SMSC-60)
Info:    Current directory '/home/linux/ieng6/cs241asp25/cs241asp25bu/lab5/run_siliconsmart/LIB_FF_1.1_-40_ALL' (SIM-68)
Info:    Working in directory '/home/linux/ieng6/cs241asp25/cs241asp25bu/lab5/run_siliconsmart/LIB_FF_1.1_-40_ALL/temp/siliconsmart.ieng6-ece-08.150149.5503/delay__A1__hl__ZN__lh__ACQ_1.sif_0' (SIM-69)
Info:    Executing 'hspice deck.cir -o deck' (SIM-30)
Warning: return code 0 (hspice: No such file or directory)
Info:    Simulation delay__A1__hl__ZN__lh__ACQ_1.sif for cell XNR2D4 completed successfully. (SMSC-103)
Info:    IO Retry 0
Info:    set _SIS_CLIENT_RESULT_ {{XNR2D4 delay__A1__hl__ZN__lh__ACQ_1 {sifTS 0.0 sifName /home/linux/ieng6/cs241asp25/cs241asp25bu/lab5/run_siliconsmart/LIB_FF_1.1_-40_ALL/temp/siliconsmart.ieng6-ece-08.150149.5503/delay__A1__hl__ZN__lh__ACQ_1.sif eadCksum 95b68db083c5ec406db1dc4e84961f04 simulationCount 1 exportVars {} errorList {} sofName /home/linux/ieng6/cs241asp25/cs241asp25bu/lab5/run_siliconsmart/LIB_FF_1.1_-40_ALL/temp/siliconsmart.ieng6-ece-08.150149.5503/delay__A1__hl__ZN__lh__ACQ_1.sof eadTS 0.0 eadName /home/linux/ieng6/cs241asp25/cs241asp25bu/lab5/run_siliconsmart/LIB_FF_1.1_-40_ALL/temp/siliconsmart.ieng6-ece-08.150149.5503/delay__A1__hl__ZN__lh__ACQ_1.ead enableCache 0 status done depFiles /home/linux/ieng6/cs241asp25/cs241asp25bu/lab5/run_siliconsmart/LIB_FF_1.1_-40_ALL/netlists/XNR2D4.cdl sifCksum 4162750baa33b14540f8ed9109bcf783}}}
Info:    _SIS_CLIENT_RESULT_END
Info:    __recordTaskStats__ XNR2D4 delay__A1__hl__ZN__lh__ACQ_1 0.18 0.0 2.21 0.1 1 10.8346648216 ieng6-ece-08.ucsd.edu 1748032386.06 1748032396.9
Info:    Loading information for cell BUFFD16... (SMSC-60)
Info:    Current directory '/home/linux/ieng6/cs241asp25/cs241asp25bu/lab5/run_siliconsmart/LIB_FF_1.1_-40_ALL' (SIM-68)
Info:    Working in directory '/home/linux/ieng6/cs241asp25/cs241asp25bu/lab5/run_siliconsmart/LIB_FF_1.1_-40_ALL/temp/siliconsmart.ieng6-ece-08.150149.5503/delay__I__hl__Z__hl__ACQ_1.sif_0' (SIM-69)
Info:    Executing 'hspice deck.cir -o deck' (SIM-30)
Warning: return code 0 (hspice: No such file or directory)
Info:    Simulation delay__I__hl__Z__hl__ACQ_1.sif for cell BUFFD16 completed successfully. (SMSC-103)
Info:    IO Retry 0
Info:    set _SIS_CLIENT_RESULT_ {{BUFFD16 delay__I__hl__Z__hl__ACQ_1 {sifTS 0.0 sifName /home/linux/ieng6/cs241asp25/cs241asp25bu/lab5/run_siliconsmart/LIB_FF_1.1_-40_ALL/temp/siliconsmart.ieng6-ece-08.150149.5503/delay__I__hl__Z__hl__ACQ_1.sif eadCksum 85a283177454fff0f4e0984c25e5fe24 simulationCount 1 exportVars {} errorList {} sofName /home/linux/ieng6/cs241asp25/cs241asp25bu/lab5/run_siliconsmart/LIB_FF_1.1_-40_ALL/temp/siliconsmart.ieng6-ece-08.150149.5503/delay__I__hl__Z__hl__ACQ_1.sof eadTS 0.0 eadName /home/linux/ieng6/cs241asp25/cs241asp25bu/lab5/run_siliconsmart/LIB_FF_1.1_-40_ALL/temp/siliconsmart.ieng6-ece-08.150149.5503/delay__I__hl__Z__hl__ACQ_1.ead enableCache 0 status done depFiles /home/linux/ieng6/cs241asp25/cs241asp25bu/lab5/run_siliconsmart/LIB_FF_1.1_-40_ALL/netlists/BUFFD16.cdl sifCksum 50fa0b8f4e053824ed628c5d50107555}}}
Info:    _SIS_CLIENT_RESULT_END
Info:    __recordTaskStats__ BUFFD16 delay__I__hl__Z__hl__ACQ_1 0.11 0.01 2.82 0.11 1 11.9297749996 ieng6-ece-08.ucsd.edu 1748032396.9 1748032408.83
Info:    The char directory is /home/linux/ieng6/cs241asp25/cs241asp25bu/lab5/run_siliconsmart/LIB_FF_1.1_-40_ALL
Warning: Operating condition 'FF_1.1_-40_ALL' already exists, skipped.
Info:    Initializing modeler.
Info:    Creating recharacterized libraries. 
Info:    Reading /home/linux/ieng6/cs241asp25/cs241asp25bu/lab5/run_siliconsmart/LIB_FF_1.1_-40_ALL/models/liberty/cellmodels/header.lib ...
Info:    Reading /home/linux/ieng6/cs241asp25/cs241asp25bu/lab5/run_siliconsmart/LIB_FF_1.1_-40_ALL/models/liberty/cellmodels/OAI21D0.lib ...
Info:    Writing libraries ...
Info:    Creating Liberty file "/home/linux/ieng6/cs241asp25/cs241asp25bu/lab5/run_siliconsmart/LIB_FF_1.1_-40_ALL/models/liberty/cells/OAI21D0_FF_1.1_-40_ALL.lib".
Info:    re-positioning normalized_driver_waveform (ndw_ntin_nvolt_7x13) after templates
Info:    __recordTaskStats__ OAI21D0 modeling 0.95 0.02 0.01 0.04 1 3.71741485596 ieng6-ece-08.ucsd.edu 1748032417.39 1748032421.11
Info:    set _SIS_CLIENT_RESULT_ {{OAI21D0 modeling {status done exportVars {} errorList {} sifName {} sofName {} eadName {} depFiles {} tmpHeader {FF_1.1_-40_ALL /home/linux/ieng6/cs241asp25/cs241asp25bu/lab5/run_siliconsmart/LIB_FF_1.1_-40_ALL/runtime/modeling/merge/OAI21D0_FF_1.1_-40_ALL.header} tmpBody {FF_1.1_-40_ALL_OAI21D0 /home/linux/ieng6/cs241asp25/cs241asp25bu/lab5/run_siliconsmart/LIB_FF_1.1_-40_ALL/runtime/modeling/merge/OAI21D0_FF_1.1_-40_ALL.body}}}}
Info:    _SIS_CLIENT_RESULT_END
Info:    Initializing modeler.
Info:    Creating recharacterized libraries. 
Info:    Reading /home/linux/ieng6/cs241asp25/cs241asp25bu/lab5/run_siliconsmart/LIB_FF_1.1_-40_ALL/models/liberty/cellmodels/header.lib ...
Info:    Reading /home/linux/ieng6/cs241asp25/cs241asp25bu/lab5/run_siliconsmart/LIB_FF_1.1_-40_ALL/models/liberty/cellmodels/NR2D8.lib ...
Info:    Writing libraries ...
Info:    Creating Liberty file "/home/linux/ieng6/cs241asp25/cs241asp25bu/lab5/run_siliconsmart/LIB_FF_1.1_-40_ALL/models/liberty/cells/NR2D8_FF_1.1_-40_ALL.lib".
Info:    __recordTaskStats__ NR2D8 modeling 0.81 0.03 0.01 0.04 1 3.14534687996 ieng6-ece-08.ucsd.edu 1748032421.11 1748032424.26
Info:    set _SIS_CLIENT_RESULT_ {{NR2D8 modeling {status done exportVars {} errorList {} sifName {} sofName {} eadName {} depFiles {} tmpHeader {FF_1.1_-40_ALL /home/linux/ieng6/cs241asp25/cs241asp25bu/lab5/run_siliconsmart/LIB_FF_1.1_-40_ALL/runtime/modeling/merge/NR2D8_FF_1.1_-40_ALL.header} tmpBody {FF_1.1_-40_ALL_NR2D8 /home/linux/ieng6/cs241asp25/cs241asp25bu/lab5/run_siliconsmart/LIB_FF_1.1_-40_ALL/runtime/modeling/merge/NR2D8_FF_1.1_-40_ALL.body}}}}
Info:    _SIS_CLIENT_RESULT_END
Info:    Initializing modeler.
Info:    Creating recharacterized libraries. 
Info:    Reading /home/linux/ieng6/cs241asp25/cs241asp25bu/lab5/run_siliconsmart/LIB_FF_1.1_-40_ALL/models/liberty/cellmodels/header.lib ...
Info:    Reading /home/linux/ieng6/cs241asp25/cs241asp25bu/lab5/run_siliconsmart/LIB_FF_1.1_-40_ALL/models/liberty/cellmodels/INVD0.lib ...
Info:    Writing libraries ...
Info:    Creating Liberty file "/home/linux/ieng6/cs241asp25/cs241asp25bu/lab5/run_siliconsmart/LIB_FF_1.1_-40_ALL/models/liberty/cells/INVD0_FF_1.1_-40_ALL.lib".
Info:    __recordTaskStats__ INVD0 modeling 0.74 0.02 0.01 0.03 1 1.99559402466 ieng6-ece-08.ucsd.edu 1748032424.27 1748032426.26
Info:    set _SIS_CLIENT_RESULT_ {{INVD0 modeling {status done exportVars {} errorList {} sifName {} sofName {} eadName {} depFiles {} tmpHeader {FF_1.1_-40_ALL /home/linux/ieng6/cs241asp25/cs241asp25bu/lab5/run_siliconsmart/LIB_FF_1.1_-40_ALL/runtime/modeling/merge/INVD0_FF_1.1_-40_ALL.header} tmpBody {FF_1.1_-40_ALL_INVD0 /home/linux/ieng6/cs241asp25/cs241asp25bu/lab5/run_siliconsmart/LIB_FF_1.1_-40_ALL/runtime/modeling/merge/INVD0_FF_1.1_-40_ALL.body}}}}
Info:    _SIS_CLIENT_RESULT_END
Info:    CDPL worker exited normally.
Info:    Maximum virtual memory size: 655.96MB
Info:    Switching log to /home/linux/ieng6/cs241asp25/cs241asp25bu/lab5/run_siliconsmart/LIB_FF_1.1_-40_ALL/runtime/cdpl/sis.W2.ieng6-ece-08.ucsd.edu.5503.log at Fri May 23 13:34:10 2025
.
----------------------------------------------------------------------
----------------------------------------------------------------------
Info:    Switching log from /home/linux/ieng6/cs241asp25/cs241asp25bu/lab5/run_siliconsmart/LIB_FF_1.1_-40_ALL/temp/sis.cs241asp25bu.5503.log at Fri May 23 13:34:10 2025
Info:    Log written by SiliconSmart version L-2016.06-SP1-2 on Fri May 23 13:34:10 2025
Info:    Build date: Dec 07, 2016 16:59:49
Info:    SiliconSmart Path: /acsnfs3/software/SiliconSmartAce-2016.06-SP1-2/linux64/bin/siliconsmart
Info:    Host Name: ieng6-ece-08.ucsd.edu, User Name: cs241asp25bu, PID: 5503
Info:    CPU: 8 x 2195 MHz, Intel(R) Xeon(R) Gold 5220 CPU @ 2.20GHz (2 socket, 4 core)
Info:    Memory: 32 GB RAM, 1 GB Swap
Info:    Directory: /home/linux/ieng6/cs241asp25/cs241asp25bu/lab5/run_siliconsmart/LIB_FF_1.1_-40_ALL
Info:    Maximum virtual memory size: 655.96MB
Info:    Maximum virtual memory size: 655.961 MB
