----------------------------------------------------------------------
Info:    Log written by SiliconSmart version L-2016.06-SP1-2 on Fri May 23 13:30:30 2025
Info:    Build date: Dec 07, 2016 16:59:49
Info:    SiliconSmart Path: /acsnfs3/software/SiliconSmartAce-2016.06-SP1-2/linux64/bin/siliconsmart
Info:    Host Name: ieng6-ece-08.ucsd.edu, User Name: cs241asp25bu, PID: 6065
Info:    CPU: 8 x 2195 MHz, Intel(R) Xeon(R) Gold 5220 CPU @ 2.20GHz (2 socket, 4 core)
Info:    Memory: 32 GB RAM, 1 GB Swap
Info:    Directory: /home/linux/ieng6/cs241asp25/cs241asp25bu/lab5/run_siliconsmart/LIB_FF_1.1_-40_ALL
Info:    Maximum virtual memory size: 587.09MB
Command-line: /acsnfs3/software/SiliconSmartAce-2016.06-SP1-2/linux64/bin/siliconsmart -server /home/linux/ieng6/cs241asp25/cs241asp25bu/lab5/run_siliconsmart/LIB_FF_1.1_-40_ALL/runtime/cdpl/driver_4133.tcl
Fri May 23 13:30:29 2025: Establishing connection to license server
The char directory is /home/linux/ieng6/cs241asp25/cs241asp25bu/lab5/run_siliconsmart/LIB_FF_1.1_-40_ALL
Warning: Operating condition 'FF_1.1_-40_ALL' already exists, skipped.
Info:    Reading instance file for cell OR2D4... (SMSC-23)
Info:    Generating timing tests.
Info:    Generating power tests.
Info:    Generating template at Fri May 23 13:30:30 2025 
Info:    Done generating template at Fri May 23 13:30:30 2025
Info:    Generate Templates: Maximum virtual memory size: 623.246 MB
Info:    Cell OR2D4 configured for characterization. (SMSC-24)
Info:    __recordTaskStats__ OR2D4 configure 0.26 0.01 0.0 0.0 1 0.701356887817 ieng6-ece-08.ucsd.edu 1748032230.14 1748032230.84
Info:    set _SIS_CLIENT_RESULT_ {{OR2D4 configuration {status done exportVars {} errorList {} sifName {} sofName {} eadName {} depFiles {}}}}
Info:    _SIS_CLIENT_RESULT_END
Info:    Reading instance file for cell XOR2D1... (SMSC-23)
Info:    Generating timing tests.
Info:    Generating power tests.
Info:    Generating template at Fri May 23 13:30:30 2025 
Warning: XOR2D1:For test delay__A1__lh__Z__lh following when conditions are not possible ['A2']
Warning: XOR2D1:For test delay__A1__lh__Z__hl following when conditions are not possible ['!A2']
Warning: XOR2D1:For test delay__A1__hl__Z__lh following when conditions are not possible ['!A2']
Warning: XOR2D1:For test delay__A1__hl__Z__hl following when conditions are not possible ['A2']
Warning: XOR2D1:For test delay__A2__lh__Z__lh following when conditions are not possible ['A1']
Warning: XOR2D1:For test delay__A2__lh__Z__hl following when conditions are not possible ['!A1']
Warning: XOR2D1:For test delay__A2__hl__Z__lh following when conditions are not possible ['!A1']
Warning: XOR2D1:For test delay__A2__hl__Z__hl following when conditions are not possible ['A1']
Warning: XOR2D1:For test energy__A1__lh__Z__lh following when conditions are not possible ['A2']
Warning: XOR2D1:For test energy__A1__lh__Z__hl following when conditions are not possible ['!A2']
Warning: XOR2D1:For test energy__A1__hl__Z__lh following when conditions are not possible ['!A2']
Warning: XOR2D1:For test energy__A1__hl__Z__hl following when conditions are not possible ['A2']
Warning: XOR2D1:For test energy__A2__lh__Z__lh following when conditions are not possible ['A1']
Warning: XOR2D1:For test energy__A2__lh__Z__hl following when conditions are not possible ['!A1']
Warning: XOR2D1:For test energy__A2__hl__Z__lh following when conditions are not possible ['!A1']
Warning: XOR2D1:For test energy__A2__hl__Z__hl following when conditions are not possible ['A1']
Info:    Done generating template at Fri May 23 13:30:31 2025
Info:    Generate Templates: Maximum virtual memory size: 624.262 MB
Info:    Cell XOR2D1 configured for characterization. (SMSC-24)
Info:    __recordTaskStats__ XOR2D1 configure 0.37 0.01 0.0 0.0 1 0.940649032593 ieng6-ece-08.ucsd.edu 1748032230.85 1748032231.79
Info:    set _SIS_CLIENT_RESULT_ {{XOR2D1 configuration {status done exportVars {} errorList {} sifName {} sofName {} eadName {} depFiles {}}}}
Info:    _SIS_CLIENT_RESULT_END
Info:    The char directory is /home/linux/ieng6/cs241asp25/cs241asp25bu/lab5/run_siliconsmart/LIB_FF_1.1_-40_ALL
Warning: Operating condition 'FF_1.1_-40_ALL' already exists, skipped.
Info:    The char directory is /home/linux/ieng6/cs241asp25/cs241asp25bu/lab5/run_siliconsmart/LIB_FF_1.1_-40_ALL
Warning: Operating condition 'FF_1.1_-40_ALL' already exists, skipped.
Info:    Loading information for cell DFCSNQD1... (SMSC-60)
Info:    Start Search.seeded_binary.opt_removal on removal (SIM-43)
Info:    Current directory '/home/linux/ieng6/cs241asp25/cs241asp25bu/lab5/run_siliconsmart/LIB_FF_1.1_-40_ALL' (SIM-68)
Info:    Working in directory '/home/linux/ieng6/cs241asp25/cs241asp25bu/lab5/run_siliconsmart/LIB_FF_1.1_-40_ALL/temp/siliconsmart.ieng6-ece-08.150149.6065/removal__SDN__lh__CP__lh__ACQ_1.sif_0' (SIM-69)
Info:    Executing 'hspice deck.cir -o deck' (SIM-30)
Warning: return code 0 (hspice: No such file or directory)
Info:    Current directory '/home/linux/ieng6/cs241asp25/cs241asp25bu/lab5/run_siliconsmart/LIB_FF_1.1_-40_ALL' (SIM-68)
Info:    Working in directory '/home/linux/ieng6/cs241asp25/cs241asp25bu/lab5/run_siliconsmart/LIB_FF_1.1_-40_ALL/temp/siliconsmart.ieng6-ece-08.150149.6065/removal__SDN__lh__CP__lh__ACQ_1.sif_1' (SIM-69)
Info:    Executing 'hspice deck.cir -o deck' (SIM-30)
Warning: return code 0 (hspice: No such file or directory)
Info:    Current directory '/home/linux/ieng6/cs241asp25/cs241asp25bu/lab5/run_siliconsmart/LIB_FF_1.1_-40_ALL' (SIM-68)
Info:    Working in directory '/home/linux/ieng6/cs241asp25/cs241asp25bu/lab5/run_siliconsmart/LIB_FF_1.1_-40_ALL/temp/siliconsmart.ieng6-ece-08.150149.6065/removal__SDN__lh__CP__lh__ACQ_1.sif_2' (SIM-69)
Info:    Executing 'hspice deck.cir -o deck' (SIM-30)
Warning: return code 0 (hspice: No such file or directory)
Info:    Current directory '/home/linux/ieng6/cs241asp25/cs241asp25bu/lab5/run_siliconsmart/LIB_FF_1.1_-40_ALL' (SIM-68)
Info:    Working in directory '/home/linux/ieng6/cs241asp25/cs241asp25bu/lab5/run_siliconsmart/LIB_FF_1.1_-40_ALL/temp/siliconsmart.ieng6-ece-08.150149.6065/removal__SDN__lh__CP__lh__ACQ_1.sif_3' (SIM-69)
Info:    Executing 'hspice deck.cir -o deck' (SIM-30)
Warning: return code 0 (hspice: No such file or directory)
Info:    Current directory '/home/linux/ieng6/cs241asp25/cs241asp25bu/lab5/run_siliconsmart/LIB_FF_1.1_-40_ALL' (SIM-68)
Info:    Working in directory '/home/linux/ieng6/cs241asp25/cs241asp25bu/lab5/run_siliconsmart/LIB_FF_1.1_-40_ALL/temp/siliconsmart.ieng6-ece-08.150149.6065/removal__SDN__lh__CP__lh__ACQ_1.sif_4' (SIM-69)
Info:    Executing 'hspice deck.cir -o deck' (SIM-30)
Warning: return code 0 (hspice: No such file or directory)
Info:    Current directory '/home/linux/ieng6/cs241asp25/cs241asp25bu/lab5/run_siliconsmart/LIB_FF_1.1_-40_ALL' (SIM-68)
Info:    Working in directory '/home/linux/ieng6/cs241asp25/cs241asp25bu/lab5/run_siliconsmart/LIB_FF_1.1_-40_ALL/temp/siliconsmart.ieng6-ece-08.150149.6065/removal__SDN__lh__CP__lh__ACQ_1.sif_5' (SIM-69)
Info:    Executing 'hspice deck.cir -o deck' (SIM-30)
Warning: return code 0 (hspice: No such file or directory)
Info:    Simulation removal__SDN__lh__CP__lh__ACQ_1.sif for cell DFCSNQD1 completed successfully. (SMSC-103)
Info:    IO Retry 0
Info:    set _SIS_CLIENT_RESULT_ {{DFCSNQD1 removal__SDN__lh__CP__lh__ACQ_1 {sifTS 0.0 sifName /home/linux/ieng6/cs241asp25/cs241asp25bu/lab5/run_siliconsmart/LIB_FF_1.1_-40_ALL/temp/siliconsmart.ieng6-ece-08.150149.6065/removal__SDN__lh__CP__lh__ACQ_1.sif eadCksum aaa8dcae7682a092df97575fc37d4d22 simulationCount 6 exportVars {} errorList {} sofName /home/linux/ieng6/cs241asp25/cs241asp25bu/lab5/run_siliconsmart/LIB_FF_1.1_-40_ALL/temp/siliconsmart.ieng6-ece-08.150149.6065/removal__SDN__lh__CP__lh__ACQ_1.sof eadTS 0.0 eadName /home/linux/ieng6/cs241asp25/cs241asp25bu/lab5/run_siliconsmart/LIB_FF_1.1_-40_ALL/temp/siliconsmart.ieng6-ece-08.150149.6065/removal__SDN__lh__CP__lh__ACQ_1.ead enableCache 0 status done depFiles /home/linux/ieng6/cs241asp25/cs241asp25bu/lab5/run_siliconsmart/LIB_FF_1.1_-40_ALL/netlists/DFCSNQD1.cdl sifCksum 6f0df79a2430d2e7689d8c07daabc16a}}}
Info:    _SIS_CLIENT_RESULT_END
Info:    __recordTaskStats__ DFCSNQD1 removal__SDN__lh__CP__lh__ACQ_1 0.19 0.03 7.25 0.47 6 24.3343420029 ieng6-ece-08.ucsd.edu 1748032264.07 1748032288.4
Info:    Loading information for cell DFCSNQD4... (SMSC-60)
Info:    Start Search.expand.opt_cmpw on cmpw (SIM-43)
Info:    Current directory '/home/linux/ieng6/cs241asp25/cs241asp25bu/lab5/run_siliconsmart/LIB_FF_1.1_-40_ALL' (SIM-68)
Info:    Working in directory '/home/linux/ieng6/cs241asp25/cs241asp25bu/lab5/run_siliconsmart/LIB_FF_1.1_-40_ALL/temp/siliconsmart.ieng6-ece-08.150149.6065/cmpw__CDN__hl__CDN__lh__ACQ_1.sif_0' (SIM-69)
Info:    Executing 'hspice deck.cir -o deck' (SIM-30)
Warning: return code 0 (hspice: No such file or directory)
Info:    Simulation cmpw__CDN__hl__CDN__lh__ACQ_1.sif for cell DFCSNQD4 completed successfully. (SMSC-103)
Info:    IO Retry 0
Info:    set _SIS_CLIENT_RESULT_ {{DFCSNQD4 cmpw__CDN__hl__CDN__lh__ACQ_1 {sifTS 0.0 sifName /home/linux/ieng6/cs241asp25/cs241asp25bu/lab5/run_siliconsmart/LIB_FF_1.1_-40_ALL/temp/siliconsmart.ieng6-ece-08.150149.6065/cmpw__CDN__hl__CDN__lh__ACQ_1.sif eadCksum 455a7be64d0452ee637933c3099e0afc simulationCount 1 exportVars {} errorList {} sofName /home/linux/ieng6/cs241asp25/cs241asp25bu/lab5/run_siliconsmart/LIB_FF_1.1_-40_ALL/temp/siliconsmart.ieng6-ece-08.150149.6065/cmpw__CDN__hl__CDN__lh__ACQ_1.sof eadTS 0.0 eadName /home/linux/ieng6/cs241asp25/cs241asp25bu/lab5/run_siliconsmart/LIB_FF_1.1_-40_ALL/temp/siliconsmart.ieng6-ece-08.150149.6065/cmpw__CDN__hl__CDN__lh__ACQ_1.ead enableCache 0 status done depFiles /home/linux/ieng6/cs241asp25/cs241asp25bu/lab5/run_siliconsmart/LIB_FF_1.1_-40_ALL/netlists/DFCSNQD4.cdl sifCksum f0db86655a5be860fe7088b1a6099c48}}}
Info:    _SIS_CLIENT_RESULT_END
Info:    __recordTaskStats__ DFCSNQD4 cmpw__CDN__hl__CDN__lh__ACQ_1 0.12 0.0 0.47 0.06 1 2.59493088722 ieng6-ece-08.ucsd.edu 1748032288.4 1748032290.99
Info:    Loading information for cell DFCSNQD4... (SMSC-60)
Info:    Start Search.expand.opt_cmpw on cmpw (SIM-43)
Info:    Current directory '/home/linux/ieng6/cs241asp25/cs241asp25bu/lab5/run_siliconsmart/LIB_FF_1.1_-40_ALL' (SIM-68)
Info:    Working in directory '/home/linux/ieng6/cs241asp25/cs241asp25bu/lab5/run_siliconsmart/LIB_FF_1.1_-40_ALL/temp/siliconsmart.ieng6-ece-08.150149.6065/cmpw__CP__lh__CP__hl__ACQ_1.sif_0' (SIM-69)
Info:    Executing 'hspice deck.cir -o deck' (SIM-30)
Warning: return code 0 (hspice: No such file or directory)
Info:    Simulation cmpw__CP__lh__CP__hl__ACQ_1.sif for cell DFCSNQD4 completed successfully. (SMSC-103)
Info:    IO Retry 0
Info:    set _SIS_CLIENT_RESULT_ {{DFCSNQD4 cmpw__CP__lh__CP__hl__ACQ_1 {sifTS 0.0 sifName /home/linux/ieng6/cs241asp25/cs241asp25bu/lab5/run_siliconsmart/LIB_FF_1.1_-40_ALL/temp/siliconsmart.ieng6-ece-08.150149.6065/cmpw__CP__lh__CP__hl__ACQ_1.sif eadCksum cbd03d9f1667c4131dc7c3941a8ee43c simulationCount 1 exportVars {} errorList {} sofName /home/linux/ieng6/cs241asp25/cs241asp25bu/lab5/run_siliconsmart/LIB_FF_1.1_-40_ALL/temp/siliconsmart.ieng6-ece-08.150149.6065/cmpw__CP__lh__CP__hl__ACQ_1.sof eadTS 0.0 eadName /home/linux/ieng6/cs241asp25/cs241asp25bu/lab5/run_siliconsmart/LIB_FF_1.1_-40_ALL/temp/siliconsmart.ieng6-ece-08.150149.6065/cmpw__CP__lh__CP__hl__ACQ_1.ead enableCache 0 status done depFiles /home/linux/ieng6/cs241asp25/cs241asp25bu/lab5/run_siliconsmart/LIB_FF_1.1_-40_ALL/netlists/DFCSNQD4.cdl sifCksum d3f8784e1ec597fb4feec143f2867d0e}}}
Info:    _SIS_CLIENT_RESULT_END
Info:    __recordTaskStats__ DFCSNQD4 cmpw__CP__lh__CP__hl__ACQ_1 0.08 0.01 0.42 0.06 1 1.8069229126 ieng6-ece-08.ucsd.edu 1748032291.01 1748032292.81
Info:    Loading information for cell DFCSNQD4... (SMSC-60)
Info:    Current directory '/home/linux/ieng6/cs241asp25/cs241asp25bu/lab5/run_siliconsmart/LIB_FF_1.1_-40_ALL' (SIM-68)
Info:    Working in directory '/home/linux/ieng6/cs241asp25/cs241asp25bu/lab5/run_siliconsmart/LIB_FF_1.1_-40_ALL/temp/siliconsmart.ieng6-ece-08.150149.6065/leakage_power__ACQ_9.sif_0' (SIM-69)
Info:    Executing 'hspice deck.cir -o deck' (SIM-30)
Warning: return code 0 (hspice: No such file or directory)
Info:    Simulation leakage_power__ACQ_9.sif for cell DFCSNQD4 completed successfully. (SMSC-103)
Info:    IO Retry 0
Info:    set _SIS_CLIENT_RESULT_ {{DFCSNQD4 leakage_power__ACQ_9 {sifTS 0.0 sifName /home/linux/ieng6/cs241asp25/cs241asp25bu/lab5/run_siliconsmart/LIB_FF_1.1_-40_ALL/temp/siliconsmart.ieng6-ece-08.150149.6065/leakage_power__ACQ_9.sif eadCksum 29bd6448dc03d0cd509512ddc1fa7825 simulationCount 1 exportVars {} errorList {} sofName /home/linux/ieng6/cs241asp25/cs241asp25bu/lab5/run_siliconsmart/LIB_FF_1.1_-40_ALL/temp/siliconsmart.ieng6-ece-08.150149.6065/leakage_power__ACQ_9.sof eadTS 0.0 eadName /home/linux/ieng6/cs241asp25/cs241asp25bu/lab5/run_siliconsmart/LIB_FF_1.1_-40_ALL/temp/siliconsmart.ieng6-ece-08.150149.6065/leakage_power__ACQ_9.ead enableCache 0 status done depFiles /home/linux/ieng6/cs241asp25/cs241asp25bu/lab5/run_siliconsmart/LIB_FF_1.1_-40_ALL/netlists/DFCSNQD4.cdl sifCksum 6338adbb5091709f2b36382595c547bb}}}
Info:    _SIS_CLIENT_RESULT_END
Info:    __recordTaskStats__ DFCSNQD4 leakage_power__ACQ_9 0.11 0.0 0.32 0.07 1 2.14260697365 ieng6-ece-08.ucsd.edu 1748032292.81 1748032294.96
Info:    Loading information for cell DFCSNQD4... (SMSC-60)
Info:    Start Search.seeded_expand.opt_width on width (SIM-43)
Info:    Current directory '/home/linux/ieng6/cs241asp25/cs241asp25bu/lab5/run_siliconsmart/LIB_FF_1.1_-40_ALL' (SIM-68)
Info:    Working in directory '/home/linux/ieng6/cs241asp25/cs241asp25bu/lab5/run_siliconsmart/LIB_FF_1.1_-40_ALL/temp/siliconsmart.ieng6-ece-08.150149.6065/combined_setup_hold__D__hl__CP__lh__ACQ_1.sif_0' (SIM-69)
Info:    Executing 'hspice deck.cir -o deck' (SIM-30)
Warning: return code 0 (hspice: No such file or directory)
Info:    Current directory '/home/linux/ieng6/cs241asp25/cs241asp25bu/lab5/run_siliconsmart/LIB_FF_1.1_-40_ALL' (SIM-68)
Info:    Working in directory '/home/linux/ieng6/cs241asp25/cs241asp25bu/lab5/run_siliconsmart/LIB_FF_1.1_-40_ALL/temp/siliconsmart.ieng6-ece-08.150149.6065/combined_setup_hold__D__hl__CP__lh__ACQ_1.sif_1' (SIM-69)
Info:    Executing 'hspice deck.cir -o deck' (SIM-30)
Warning: return code 0 (hspice: No such file or directory)
Info:    Current directory '/home/linux/ieng6/cs241asp25/cs241asp25bu/lab5/run_siliconsmart/LIB_FF_1.1_-40_ALL' (SIM-68)
Info:    Working in directory '/home/linux/ieng6/cs241asp25/cs241asp25bu/lab5/run_siliconsmart/LIB_FF_1.1_-40_ALL/temp/siliconsmart.ieng6-ece-08.150149.6065/combined_setup_hold__D__hl__CP__lh__ACQ_1.sif_2' (SIM-69)
Info:    Executing 'hspice deck.cir -o deck' (SIM-30)
Warning: return code 0 (hspice: No such file or directory)
Info:    Current directory '/home/linux/ieng6/cs241asp25/cs241asp25bu/lab5/run_siliconsmart/LIB_FF_1.1_-40_ALL' (SIM-68)
Info:    Working in directory '/home/linux/ieng6/cs241asp25/cs241asp25bu/lab5/run_siliconsmart/LIB_FF_1.1_-40_ALL/temp/siliconsmart.ieng6-ece-08.150149.6065/combined_setup_hold__D__hl__CP__lh__ACQ_1.sif_3' (SIM-69)
Info:    Executing 'hspice deck.cir -o deck' (SIM-30)
Warning: return code 0 (hspice: No such file or directory)
Info:    Current directory '/home/linux/ieng6/cs241asp25/cs241asp25bu/lab5/run_siliconsmart/LIB_FF_1.1_-40_ALL' (SIM-68)
Info:    Working in directory '/home/linux/ieng6/cs241asp25/cs241asp25bu/lab5/run_siliconsmart/LIB_FF_1.1_-40_ALL/temp/siliconsmart.ieng6-ece-08.150149.6065/combined_setup_hold__D__hl__CP__lh__ACQ_1.sif_4' (SIM-69)
Info:    Executing 'hspice deck.cir -o deck' (SIM-30)
Warning: return code 0 (hspice: No such file or directory)
Info:    Current directory '/home/linux/ieng6/cs241asp25/cs241asp25bu/lab5/run_siliconsmart/LIB_FF_1.1_-40_ALL' (SIM-68)
Info:    Working in directory '/home/linux/ieng6/cs241asp25/cs241asp25bu/lab5/run_siliconsmart/LIB_FF_1.1_-40_ALL/temp/siliconsmart.ieng6-ece-08.150149.6065/combined_setup_hold__D__hl__CP__lh__ACQ_1.sif_5' (SIM-69)
Info:    Executing 'hspice deck.cir -o deck' (SIM-30)
Warning: return code 0 (hspice: No such file or directory)
Info:    Current directory '/home/linux/ieng6/cs241asp25/cs241asp25bu/lab5/run_siliconsmart/LIB_FF_1.1_-40_ALL' (SIM-68)
Info:    Working in directory '/home/linux/ieng6/cs241asp25/cs241asp25bu/lab5/run_siliconsmart/LIB_FF_1.1_-40_ALL/temp/siliconsmart.ieng6-ece-08.150149.6065/combined_setup_hold__D__hl__CP__lh__ACQ_1.sif_6' (SIM-69)
Info:    Executing 'hspice deck.cir -o deck' (SIM-30)
Warning: return code 0 (hspice: No such file or directory)
Info:    Current directory '/home/linux/ieng6/cs241asp25/cs241asp25bu/lab5/run_siliconsmart/LIB_FF_1.1_-40_ALL' (SIM-68)
Info:    Working in directory '/home/linux/ieng6/cs241asp25/cs241asp25bu/lab5/run_siliconsmart/LIB_FF_1.1_-40_ALL/temp/siliconsmart.ieng6-ece-08.150149.6065/combined_setup_hold__D__hl__CP__lh__ACQ_1.sif_7' (SIM-69)
Info:    Executing 'hspice deck.cir -o deck' (SIM-30)
Warning: return code 0 (hspice: No such file or directory)
Info:    Current directory '/home/linux/ieng6/cs241asp25/cs241asp25bu/lab5/run_siliconsmart/LIB_FF_1.1_-40_ALL' (SIM-68)
Info:    Working in directory '/home/linux/ieng6/cs241asp25/cs241asp25bu/lab5/run_siliconsmart/LIB_FF_1.1_-40_ALL/temp/siliconsmart.ieng6-ece-08.150149.6065/combined_setup_hold__D__hl__CP__lh__ACQ_1.sif_8' (SIM-69)
Info:    Executing 'hspice deck.cir -o deck' (SIM-30)
Warning: return code 0 (hspice: No such file or directory)
Info:    Current directory '/home/linux/ieng6/cs241asp25/cs241asp25bu/lab5/run_siliconsmart/LIB_FF_1.1_-40_ALL' (SIM-68)
Info:    Working in directory '/home/linux/ieng6/cs241asp25/cs241asp25bu/lab5/run_siliconsmart/LIB_FF_1.1_-40_ALL/temp/siliconsmart.ieng6-ece-08.150149.6065/combined_setup_hold__D__hl__CP__lh__ACQ_1.sif_9' (SIM-69)
Info:    Executing 'hspice deck.cir -o deck' (SIM-30)
Warning: return code 0 (hspice: No such file or directory)
Info:    Start Search.seeded_expand.opt_hold on hold (SIM-43)
Info:    Current directory '/home/linux/ieng6/cs241asp25/cs241asp25bu/lab5/run_siliconsmart/LIB_FF_1.1_-40_ALL' (SIM-68)
Info:    Working in directory '/home/linux/ieng6/cs241asp25/cs241asp25bu/lab5/run_siliconsmart/LIB_FF_1.1_-40_ALL/temp/siliconsmart.ieng6-ece-08.150149.6065/combined_setup_hold__D__hl__CP__lh__ACQ_1.sif_10' (SIM-69)
Info:    Executing 'hspice deck.cir -o deck' (SIM-30)
Warning: return code 0 (hspice: No such file or directory)
Info:    Start Search.refine.opt_setup on setup (SIM-43)
Info:    Current directory '/home/linux/ieng6/cs241asp25/cs241asp25bu/lab5/run_siliconsmart/LIB_FF_1.1_-40_ALL' (SIM-68)
Info:    Working in directory '/home/linux/ieng6/cs241asp25/cs241asp25bu/lab5/run_siliconsmart/LIB_FF_1.1_-40_ALL/temp/siliconsmart.ieng6-ece-08.150149.6065/combined_setup_hold__D__hl__CP__lh__ACQ_1.sif_11' (SIM-69)
Info:    Executing 'hspice deck.cir -o deck' (SIM-30)
Warning: return code 0 (hspice: No such file or directory)
Info:    Current directory '/home/linux/ieng6/cs241asp25/cs241asp25bu/lab5/run_siliconsmart/LIB_FF_1.1_-40_ALL' (SIM-68)
Info:    Working in directory '/home/linux/ieng6/cs241asp25/cs241asp25bu/lab5/run_siliconsmart/LIB_FF_1.1_-40_ALL/temp/siliconsmart.ieng6-ece-08.150149.6065/combined_setup_hold__D__hl__CP__lh__ACQ_1.sif_12' (SIM-69)
Info:    Executing 'hspice deck.cir -o deck' (SIM-30)
Warning: return code 0 (hspice: No such file or directory)
Info:    Simulation combined_setup_hold__D__hl__CP__lh__ACQ_1.sif for cell DFCSNQD4 completed successfully. (SMSC-103)
Info:    IO Retry 0
Info:    set _SIS_CLIENT_RESULT_ {{DFCSNQD4 combined_setup_hold__D__hl__CP__lh__ACQ_1 {sifTS 0.0 sifName /home/linux/ieng6/cs241asp25/cs241asp25bu/lab5/run_siliconsmart/LIB_FF_1.1_-40_ALL/temp/siliconsmart.ieng6-ece-08.150149.6065/combined_setup_hold__D__hl__CP__lh__ACQ_1.sif eadCksum ca16e6ae64135cc43b9bb1ec75efee32 simulationCount 13 exportVars {} errorList {} sofName /home/linux/ieng6/cs241asp25/cs241asp25bu/lab5/run_siliconsmart/LIB_FF_1.1_-40_ALL/temp/siliconsmart.ieng6-ece-08.150149.6065/combined_setup_hold__D__hl__CP__lh__ACQ_1.sof eadTS 0.0 eadName /home/linux/ieng6/cs241asp25/cs241asp25bu/lab5/run_siliconsmart/LIB_FF_1.1_-40_ALL/temp/siliconsmart.ieng6-ece-08.150149.6065/combined_setup_hold__D__hl__CP__lh__ACQ_1.ead enableCache 0 status done depFiles /home/linux/ieng6/cs241asp25/cs241asp25bu/lab5/run_siliconsmart/LIB_FF_1.1_-40_ALL/netlists/DFCSNQD4.cdl sifCksum 56964bfa218c151e4c816dd2fdc24214}}}
Info:    _SIS_CLIENT_RESULT_END
Info:    __recordTaskStats__ DFCSNQD4 combined_setup_hold__D__hl__CP__lh__ACQ_1 0.23 0.05 17.88 1.03 13 59.7539451122 ieng6-ece-08.ucsd.edu 1748032294.96 1748032354.71
Info:    Loading information for cell AN2XD1... (SMSC-60)
Info:    Current directory '/home/linux/ieng6/cs241asp25/cs241asp25bu/lab5/run_siliconsmart/LIB_FF_1.1_-40_ALL' (SIM-68)
Info:    Working in directory '/home/linux/ieng6/cs241asp25/cs241asp25bu/lab5/run_siliconsmart/LIB_FF_1.1_-40_ALL/temp/siliconsmart.ieng6-ece-08.150149.6065/Cin__A1__lh__ACQ_1.sif_0' (SIM-69)
Info:    Executing 'hspice deck.cir -o deck' (SIM-30)
Warning: return code 0 (hspice: No such file or directory)
Info:    Simulation Cin__A1__lh__ACQ_1.sif for cell AN2XD1 completed successfully. (SMSC-103)
Info:    IO Retry 0
Info:    set _SIS_CLIENT_RESULT_ {{AN2XD1 Cin__A1__lh__ACQ_1 {sifTS 0.0 sifName /home/linux/ieng6/cs241asp25/cs241asp25bu/lab5/run_siliconsmart/LIB_FF_1.1_-40_ALL/temp/siliconsmart.ieng6-ece-08.150149.6065/Cin__A1__lh__ACQ_1.sif eadCksum 08a025e2b09c95a18d0ab79b0b68409f simulationCount 1 exportVars {} errorList {} sofName /home/linux/ieng6/cs241asp25/cs241asp25bu/lab5/run_siliconsmart/LIB_FF_1.1_-40_ALL/temp/siliconsmart.ieng6-ece-08.150149.6065/Cin__A1__lh__ACQ_1.sof eadTS 0.0 eadName /home/linux/ieng6/cs241asp25/cs241asp25bu/lab5/run_siliconsmart/LIB_FF_1.1_-40_ALL/temp/siliconsmart.ieng6-ece-08.150149.6065/Cin__A1__lh__ACQ_1.ead enableCache 0 status done depFiles /home/linux/ieng6/cs241asp25/cs241asp25bu/lab5/run_siliconsmart/LIB_FF_1.1_-40_ALL/netlists/AN2XD1.cdl sifCksum 080caf4d5320cb91b4e55e7ab3d41bda}}}
Info:    _SIS_CLIENT_RESULT_END
Info:    __recordTaskStats__ AN2XD1 Cin__A1__lh__ACQ_1 0.06 0.01 0.39 0.07 1 1.66086506844 ieng6-ece-08.ucsd.edu 1748032354.72 1748032356.38
Info:    Loading information for cell ND2D0... (SMSC-60)
Info:    Current directory '/home/linux/ieng6/cs241asp25/cs241asp25bu/lab5/run_siliconsmart/LIB_FF_1.1_-40_ALL' (SIM-68)
Info:    Working in directory '/home/linux/ieng6/cs241asp25/cs241asp25bu/lab5/run_siliconsmart/LIB_FF_1.1_-40_ALL/temp/siliconsmart.ieng6-ece-08.150149.6065/Cin__A2__lh__ACQ_1.sif_0' (SIM-69)
Info:    Executing 'hspice deck.cir -o deck' (SIM-30)
Warning: return code 0 (hspice: No such file or directory)
Info:    Simulation Cin__A2__lh__ACQ_1.sif for cell ND2D0 completed successfully. (SMSC-103)
Info:    IO Retry 0
Info:    set _SIS_CLIENT_RESULT_ {{ND2D0 Cin__A2__lh__ACQ_1 {sifTS 0.0 sifName /home/linux/ieng6/cs241asp25/cs241asp25bu/lab5/run_siliconsmart/LIB_FF_1.1_-40_ALL/temp/siliconsmart.ieng6-ece-08.150149.6065/Cin__A2__lh__ACQ_1.sif eadCksum bb6bd601a9955f98c011e2bc35d04eb5 simulationCount 1 exportVars {} errorList {} sofName /home/linux/ieng6/cs241asp25/cs241asp25bu/lab5/run_siliconsmart/LIB_FF_1.1_-40_ALL/temp/siliconsmart.ieng6-ece-08.150149.6065/Cin__A2__lh__ACQ_1.sof eadTS 0.0 eadName /home/linux/ieng6/cs241asp25/cs241asp25bu/lab5/run_siliconsmart/LIB_FF_1.1_-40_ALL/temp/siliconsmart.ieng6-ece-08.150149.6065/Cin__A2__lh__ACQ_1.ead enableCache 0 status done depFiles /home/linux/ieng6/cs241asp25/cs241asp25bu/lab5/run_siliconsmart/LIB_FF_1.1_-40_ALL/netlists/ND2D0.cdl sifCksum cab6be1d70547f0ca5f55b6ed0501bd4}}}
Info:    _SIS_CLIENT_RESULT_END
Info:    __recordTaskStats__ ND2D0 Cin__A2__lh__ACQ_1 0.07 0.0 0.24 0.06 1 1.54825401306 ieng6-ece-08.ucsd.edu 1748032356.39 1748032357.94
Info:    Loading information for cell ND2D1... (SMSC-60)
Info:    Current directory '/home/linux/ieng6/cs241asp25/cs241asp25bu/lab5/run_siliconsmart/LIB_FF_1.1_-40_ALL' (SIM-68)
Info:    Working in directory '/home/linux/ieng6/cs241asp25/cs241asp25bu/lab5/run_siliconsmart/LIB_FF_1.1_-40_ALL/temp/siliconsmart.ieng6-ece-08.150149.6065/Cin__A2__lh__ACQ_1.sif_0' (SIM-69)
Info:    Executing 'hspice deck.cir -o deck' (SIM-30)
Warning: return code 0 (hspice: No such file or directory)
Info:    Simulation Cin__A2__lh__ACQ_1.sif for cell ND2D1 completed successfully. (SMSC-103)
Info:    IO Retry 0
Info:    set _SIS_CLIENT_RESULT_ {{ND2D1 Cin__A2__lh__ACQ_1 {sifTS 0.0 sifName /home/linux/ieng6/cs241asp25/cs241asp25bu/lab5/run_siliconsmart/LIB_FF_1.1_-40_ALL/temp/siliconsmart.ieng6-ece-08.150149.6065/Cin__A2__lh__ACQ_1.sif eadCksum 61ae53eabdc26cd34e44356f12043dd5 simulationCount 1 exportVars {} errorList {} sofName /home/linux/ieng6/cs241asp25/cs241asp25bu/lab5/run_siliconsmart/LIB_FF_1.1_-40_ALL/temp/siliconsmart.ieng6-ece-08.150149.6065/Cin__A2__lh__ACQ_1.sof eadTS 0.0 eadName /home/linux/ieng6/cs241asp25/cs241asp25bu/lab5/run_siliconsmart/LIB_FF_1.1_-40_ALL/temp/siliconsmart.ieng6-ece-08.150149.6065/Cin__A2__lh__ACQ_1.ead enableCache 0 status done depFiles /home/linux/ieng6/cs241asp25/cs241asp25bu/lab5/run_siliconsmart/LIB_FF_1.1_-40_ALL/netlists/ND2D1.cdl sifCksum f698ac9b216c20eced48d0cef01ab0e4}}}
Info:    _SIS_CLIENT_RESULT_END
Info:    __recordTaskStats__ ND2D1 Cin__A2__lh__ACQ_1 0.07 0.01 0.27 0.07 1 1.90220999718 ieng6-ece-08.ucsd.edu 1748032357.95 1748032359.85
Info:    Loading information for cell ND2D3... (SMSC-60)
Info:    Current directory '/home/linux/ieng6/cs241asp25/cs241asp25bu/lab5/run_siliconsmart/LIB_FF_1.1_-40_ALL' (SIM-68)
Info:    Working in directory '/home/linux/ieng6/cs241asp25/cs241asp25bu/lab5/run_siliconsmart/LIB_FF_1.1_-40_ALL/temp/siliconsmart.ieng6-ece-08.150149.6065/Cin__A1__lh__ACQ_1.sif_0' (SIM-69)
Info:    Executing 'hspice deck.cir -o deck' (SIM-30)
Warning: return code 0 (hspice: No such file or directory)
Info:    Simulation Cin__A1__lh__ACQ_1.sif for cell ND2D3 completed successfully. (SMSC-103)
Info:    IO Retry 0
Info:    set _SIS_CLIENT_RESULT_ {{ND2D3 Cin__A1__lh__ACQ_1 {sifTS 0.0 sifName /home/linux/ieng6/cs241asp25/cs241asp25bu/lab5/run_siliconsmart/LIB_FF_1.1_-40_ALL/temp/siliconsmart.ieng6-ece-08.150149.6065/Cin__A1__lh__ACQ_1.sif eadCksum 7b4c80e5cd034187d18f736c64e13d6d simulationCount 1 exportVars {} errorList {} sofName /home/linux/ieng6/cs241asp25/cs241asp25bu/lab5/run_siliconsmart/LIB_FF_1.1_-40_ALL/temp/siliconsmart.ieng6-ece-08.150149.6065/Cin__A1__lh__ACQ_1.sof eadTS 0.0 eadName /home/linux/ieng6/cs241asp25/cs241asp25bu/lab5/run_siliconsmart/LIB_FF_1.1_-40_ALL/temp/siliconsmart.ieng6-ece-08.150149.6065/Cin__A1__lh__ACQ_1.ead enableCache 0 status done depFiles /home/linux/ieng6/cs241asp25/cs241asp25bu/lab5/run_siliconsmart/LIB_FF_1.1_-40_ALL/netlists/ND2D3.cdl sifCksum 008cd6ec9844f5586310e3d415e53468}}}
Info:    _SIS_CLIENT_RESULT_END
Info:    __recordTaskStats__ ND2D3 Cin__A1__lh__ACQ_1 0.07 0.01 0.5 0.06 1 2.8600769043 ieng6-ece-08.ucsd.edu 1748032359.86 1748032362.72
Info:    Loading information for cell ND2D4... (SMSC-60)
Info:    Current directory '/home/linux/ieng6/cs241asp25/cs241asp25bu/lab5/run_siliconsmart/LIB_FF_1.1_-40_ALL' (SIM-68)
Info:    Working in directory '/home/linux/ieng6/cs241asp25/cs241asp25bu/lab5/run_siliconsmart/LIB_FF_1.1_-40_ALL/temp/siliconsmart.ieng6-ece-08.150149.6065/delay__A2__hl__ZN__lh__ACQ_1.sif_0' (SIM-69)
Info:    Executing 'hspice deck.cir -o deck' (SIM-30)
Warning: return code 0 (hspice: No such file or directory)
Info:    Simulation delay__A2__hl__ZN__lh__ACQ_1.sif for cell ND2D4 completed successfully. (SMSC-103)
Info:    IO Retry 0
Info:    set _SIS_CLIENT_RESULT_ {{ND2D4 delay__A2__hl__ZN__lh__ACQ_1 {sifTS 0.0 sifName /home/linux/ieng6/cs241asp25/cs241asp25bu/lab5/run_siliconsmart/LIB_FF_1.1_-40_ALL/temp/siliconsmart.ieng6-ece-08.150149.6065/delay__A2__hl__ZN__lh__ACQ_1.sif eadCksum 60750e17da387dc874d334080b800407 simulationCount 1 exportVars {} errorList {} sofName /home/linux/ieng6/cs241asp25/cs241asp25bu/lab5/run_siliconsmart/LIB_FF_1.1_-40_ALL/temp/siliconsmart.ieng6-ece-08.150149.6065/delay__A2__hl__ZN__lh__ACQ_1.sof eadTS 0.0 eadName /home/linux/ieng6/cs241asp25/cs241asp25bu/lab5/run_siliconsmart/LIB_FF_1.1_-40_ALL/temp/siliconsmart.ieng6-ece-08.150149.6065/delay__A2__hl__ZN__lh__ACQ_1.ead enableCache 0 status done depFiles /home/linux/ieng6/cs241asp25/cs241asp25bu/lab5/run_siliconsmart/LIB_FF_1.1_-40_ALL/netlists/ND2D4.cdl sifCksum c45b96c0bb1051e580cab0f8aeffcf22}}}
Info:    _SIS_CLIENT_RESULT_END
Info:    __recordTaskStats__ ND2D4 delay__A2__hl__ZN__lh__ACQ_1 0.12 0.0 1.56 0.09 1 6.56443691254 ieng6-ece-08.ucsd.edu 1748032362.72 1748032369.29
Info:    Loading information for cell NR2D3... (SMSC-60)
Info:    Current directory '/home/linux/ieng6/cs241asp25/cs241asp25bu/lab5/run_siliconsmart/LIB_FF_1.1_-40_ALL' (SIM-68)
Info:    Working in directory '/home/linux/ieng6/cs241asp25/cs241asp25bu/lab5/run_siliconsmart/LIB_FF_1.1_-40_ALL/temp/siliconsmart.ieng6-ece-08.150149.6065/Cin__A2__lh__ACQ_1.sif_0' (SIM-69)
Info:    Executing 'hspice deck.cir -o deck' (SIM-30)
Warning: return code 0 (hspice: No such file or directory)
Info:    Simulation Cin__A2__lh__ACQ_1.sif for cell NR2D3 completed successfully. (SMSC-103)
Info:    IO Retry 0
Info:    set _SIS_CLIENT_RESULT_ {{NR2D3 Cin__A2__lh__ACQ_1 {sifTS 0.0 sifName /home/linux/ieng6/cs241asp25/cs241asp25bu/lab5/run_siliconsmart/LIB_FF_1.1_-40_ALL/temp/siliconsmart.ieng6-ece-08.150149.6065/Cin__A2__lh__ACQ_1.sif eadCksum 383ac5b683d50e21112e50de37158b7e simulationCount 1 exportVars {} errorList {} sofName /home/linux/ieng6/cs241asp25/cs241asp25bu/lab5/run_siliconsmart/LIB_FF_1.1_-40_ALL/temp/siliconsmart.ieng6-ece-08.150149.6065/Cin__A2__lh__ACQ_1.sof eadTS 0.0 eadName /home/linux/ieng6/cs241asp25/cs241asp25bu/lab5/run_siliconsmart/LIB_FF_1.1_-40_ALL/temp/siliconsmart.ieng6-ece-08.150149.6065/Cin__A2__lh__ACQ_1.ead enableCache 0 status done depFiles /home/linux/ieng6/cs241asp25/cs241asp25bu/lab5/run_siliconsmart/LIB_FF_1.1_-40_ALL/netlists/NR2D3.cdl sifCksum 50a59507d35565700e18cdc44949b83b}}}
Info:    _SIS_CLIENT_RESULT_END
Info:    __recordTaskStats__ NR2D3 Cin__A2__lh__ACQ_1 0.06 0.01 0.55 0.06 1 2.45009899139 ieng6-ece-08.ucsd.edu 1748032369.29 1748032371.74
Info:    Loading information for cell NR2D8... (SMSC-60)
Info:    Current directory '/home/linux/ieng6/cs241asp25/cs241asp25bu/lab5/run_siliconsmart/LIB_FF_1.1_-40_ALL' (SIM-68)
Info:    Working in directory '/home/linux/ieng6/cs241asp25/cs241asp25bu/lab5/run_siliconsmart/LIB_FF_1.1_-40_ALL/temp/siliconsmart.ieng6-ece-08.150149.6065/Cin__A2__lh__ACQ_1.sif_0' (SIM-69)
Info:    Executing 'hspice deck.cir -o deck' (SIM-30)
Warning: return code 0 (hspice: No such file or directory)
Info:    Simulation Cin__A2__lh__ACQ_1.sif for cell NR2D8 completed successfully. (SMSC-103)
Info:    IO Retry 0
Info:    set _SIS_CLIENT_RESULT_ {{NR2D8 Cin__A2__lh__ACQ_1 {sifTS 0.0 sifName /home/linux/ieng6/cs241asp25/cs241asp25bu/lab5/run_siliconsmart/LIB_FF_1.1_-40_ALL/temp/siliconsmart.ieng6-ece-08.150149.6065/Cin__A2__lh__ACQ_1.sif eadCksum 0d812fa36c317fdc4713f26f8fe01c71 simulationCount 1 exportVars {} errorList {} sofName /home/linux/ieng6/cs241asp25/cs241asp25bu/lab5/run_siliconsmart/LIB_FF_1.1_-40_ALL/temp/siliconsmart.ieng6-ece-08.150149.6065/Cin__A2__lh__ACQ_1.sof eadTS 0.0 eadName /home/linux/ieng6/cs241asp25/cs241asp25bu/lab5/run_siliconsmart/LIB_FF_1.1_-40_ALL/temp/siliconsmart.ieng6-ece-08.150149.6065/Cin__A2__lh__ACQ_1.ead enableCache 0 status done depFiles /home/linux/ieng6/cs241asp25/cs241asp25bu/lab5/run_siliconsmart/LIB_FF_1.1_-40_ALL/netlists/NR2D8.cdl sifCksum 98e282b94d551e0d124a7563071052a5}}}
Info:    _SIS_CLIENT_RESULT_END
Info:    __recordTaskStats__ NR2D8 Cin__A2__lh__ACQ_1 0.07 0.01 0.53 0.07 1 2.54573082924 ieng6-ece-08.ucsd.edu 1748032371.74 1748032374.28
Info:    Loading information for cell OR2D1... (SMSC-60)
Info:    Current directory '/home/linux/ieng6/cs241asp25/cs241asp25bu/lab5/run_siliconsmart/LIB_FF_1.1_-40_ALL' (SIM-68)
Info:    Working in directory '/home/linux/ieng6/cs241asp25/cs241asp25bu/lab5/run_siliconsmart/LIB_FF_1.1_-40_ALL/temp/siliconsmart.ieng6-ece-08.150149.6065/leakage_power__ACQ_1.sif_0' (SIM-69)
Info:    Executing 'hspice deck.cir -o deck' (SIM-30)
Warning: return code 0 (hspice: No such file or directory)
Info:    Simulation leakage_power__ACQ_1.sif for cell OR2D1 completed successfully. (SMSC-103)
Info:    IO Retry 0
Info:    set _SIS_CLIENT_RESULT_ {{OR2D1 leakage_power__ACQ_1 {sifTS 0.0 sifName /home/linux/ieng6/cs241asp25/cs241asp25bu/lab5/run_siliconsmart/LIB_FF_1.1_-40_ALL/temp/siliconsmart.ieng6-ece-08.150149.6065/leakage_power__ACQ_1.sif eadCksum d5bfa00c1e82c9b731792eeb1fc58744 simulationCount 1 exportVars {} errorList {} sofName /home/linux/ieng6/cs241asp25/cs241asp25bu/lab5/run_siliconsmart/LIB_FF_1.1_-40_ALL/temp/siliconsmart.ieng6-ece-08.150149.6065/leakage_power__ACQ_1.sof eadTS 0.0 eadName /home/linux/ieng6/cs241asp25/cs241asp25bu/lab5/run_siliconsmart/LIB_FF_1.1_-40_ALL/temp/siliconsmart.ieng6-ece-08.150149.6065/leakage_power__ACQ_1.ead enableCache 0 status done depFiles /home/linux/ieng6/cs241asp25/cs241asp25bu/lab5/run_siliconsmart/LIB_FF_1.1_-40_ALL/netlists/OR2D1.cdl sifCksum 4ef8704bd47128c0e9c4eee0e15f5ed1}}}
Info:    _SIS_CLIENT_RESULT_END
Info:    __recordTaskStats__ OR2D1 leakage_power__ACQ_1 0.07 0.0 0.28 0.06 1 1.78617191315 ieng6-ece-08.ucsd.edu 1748032374.29 1748032376.07
Info:    Loading information for cell OR2D2... (SMSC-60)
Info:    Current directory '/home/linux/ieng6/cs241asp25/cs241asp25bu/lab5/run_siliconsmart/LIB_FF_1.1_-40_ALL' (SIM-68)
Info:    Working in directory '/home/linux/ieng6/cs241asp25/cs241asp25bu/lab5/run_siliconsmart/LIB_FF_1.1_-40_ALL/temp/siliconsmart.ieng6-ece-08.150149.6065/delay__A2__lh__Z__lh__ACQ_1.sif_0' (SIM-69)
Info:    Executing 'hspice deck.cir -o deck' (SIM-30)
Warning: return code 0 (hspice: No such file or directory)
Info:    Simulation delay__A2__lh__Z__lh__ACQ_1.sif for cell OR2D2 completed successfully. (SMSC-103)
Info:    IO Retry 0
Info:    set _SIS_CLIENT_RESULT_ {{OR2D2 delay__A2__lh__Z__lh__ACQ_1 {sifTS 0.0 sifName /home/linux/ieng6/cs241asp25/cs241asp25bu/lab5/run_siliconsmart/LIB_FF_1.1_-40_ALL/temp/siliconsmart.ieng6-ece-08.150149.6065/delay__A2__lh__Z__lh__ACQ_1.sif eadCksum 62b0c1c2616c1458767b4728891db154 simulationCount 1 exportVars {} errorList {} sofName /home/linux/ieng6/cs241asp25/cs241asp25bu/lab5/run_siliconsmart/LIB_FF_1.1_-40_ALL/temp/siliconsmart.ieng6-ece-08.150149.6065/delay__A2__lh__Z__lh__ACQ_1.sof eadTS 0.0 eadName /home/linux/ieng6/cs241asp25/cs241asp25bu/lab5/run_siliconsmart/LIB_FF_1.1_-40_ALL/temp/siliconsmart.ieng6-ece-08.150149.6065/delay__A2__lh__Z__lh__ACQ_1.ead enableCache 0 status done depFiles /home/linux/ieng6/cs241asp25/cs241asp25bu/lab5/run_siliconsmart/LIB_FF_1.1_-40_ALL/netlists/OR2D2.cdl sifCksum b57d96a10ccad193d64d9b08b2a82096}}}
Info:    _SIS_CLIENT_RESULT_END
Info:    __recordTaskStats__ OR2D2 delay__A2__lh__Z__lh__ACQ_1 0.11 0.01 1.24 0.09 1 4.96984887123 ieng6-ece-08.ucsd.edu 1748032376.1 1748032381.07
Info:    Loading information for cell XNR2D1... (SMSC-60)
Info:    Current directory '/home/linux/ieng6/cs241asp25/cs241asp25bu/lab5/run_siliconsmart/LIB_FF_1.1_-40_ALL' (SIM-68)
Info:    Working in directory '/home/linux/ieng6/cs241asp25/cs241asp25bu/lab5/run_siliconsmart/LIB_FF_1.1_-40_ALL/temp/siliconsmart.ieng6-ece-08.150149.6065/delay__A2__hl__ZN__hl__ACQ_1.sif_0' (SIM-69)
Info:    Executing 'hspice deck.cir -o deck' (SIM-30)
Warning: return code 0 (hspice: No such file or directory)
Info:    Simulation delay__A2__hl__ZN__hl__ACQ_1.sif for cell XNR2D1 completed successfully. (SMSC-103)
Info:    IO Retry 0
Info:    set _SIS_CLIENT_RESULT_ {{XNR2D1 delay__A2__hl__ZN__hl__ACQ_1 {sifTS 0.0 sifName /home/linux/ieng6/cs241asp25/cs241asp25bu/lab5/run_siliconsmart/LIB_FF_1.1_-40_ALL/temp/siliconsmart.ieng6-ece-08.150149.6065/delay__A2__hl__ZN__hl__ACQ_1.sif eadCksum 047a282ed831f97ffc26d1ee5d907b6b simulationCount 1 exportVars {} errorList {} sofName /home/linux/ieng6/cs241asp25/cs241asp25bu/lab5/run_siliconsmart/LIB_FF_1.1_-40_ALL/temp/siliconsmart.ieng6-ece-08.150149.6065/delay__A2__hl__ZN__hl__ACQ_1.sof eadTS 0.0 eadName /home/linux/ieng6/cs241asp25/cs241asp25bu/lab5/run_siliconsmart/LIB_FF_1.1_-40_ALL/temp/siliconsmart.ieng6-ece-08.150149.6065/delay__A2__hl__ZN__hl__ACQ_1.ead enableCache 0 status done depFiles /home/linux/ieng6/cs241asp25/cs241asp25bu/lab5/run_siliconsmart/LIB_FF_1.1_-40_ALL/netlists/XNR2D1.cdl sifCksum bbfcf7a828a9ad088060b00db4d05e30}}}
Info:    _SIS_CLIENT_RESULT_END
Info:    __recordTaskStats__ XNR2D1 delay__A2__hl__ZN__hl__ACQ_1 0.12 0.01 1.44 0.09 1 6.23172092438 ieng6-ece-08.ucsd.edu 1748032381.08 1748032387.31
Info:    Loading information for cell XOR2D0... (SMSC-60)
Info:    Current directory '/home/linux/ieng6/cs241asp25/cs241asp25bu/lab5/run_siliconsmart/LIB_FF_1.1_-40_ALL' (SIM-68)
Info:    Working in directory '/home/linux/ieng6/cs241asp25/cs241asp25bu/lab5/run_siliconsmart/LIB_FF_1.1_-40_ALL/temp/siliconsmart.ieng6-ece-08.150149.6065/leakage_power__ACQ_1.sif_0' (SIM-69)
Info:    Executing 'hspice deck.cir -o deck' (SIM-30)
Warning: return code 0 (hspice: No such file or directory)
Info:    Simulation leakage_power__ACQ_1.sif for cell XOR2D0 completed successfully. (SMSC-103)
Info:    IO Retry 0
Info:    set _SIS_CLIENT_RESULT_ {{XOR2D0 leakage_power__ACQ_1 {sifTS 0.0 sifName /home/linux/ieng6/cs241asp25/cs241asp25bu/lab5/run_siliconsmart/LIB_FF_1.1_-40_ALL/temp/siliconsmart.ieng6-ece-08.150149.6065/leakage_power__ACQ_1.sif eadCksum 729bbe62d91dc5c9c91f0c7fef03589c simulationCount 1 exportVars {} errorList {} sofName /home/linux/ieng6/cs241asp25/cs241asp25bu/lab5/run_siliconsmart/LIB_FF_1.1_-40_ALL/temp/siliconsmart.ieng6-ece-08.150149.6065/leakage_power__ACQ_1.sof eadTS 0.0 eadName /home/linux/ieng6/cs241asp25/cs241asp25bu/lab5/run_siliconsmart/LIB_FF_1.1_-40_ALL/temp/siliconsmart.ieng6-ece-08.150149.6065/leakage_power__ACQ_1.ead enableCache 0 status done depFiles /home/linux/ieng6/cs241asp25/cs241asp25bu/lab5/run_siliconsmart/LIB_FF_1.1_-40_ALL/netlists/XOR2D0.cdl sifCksum f85a6c53adec9f93631473fea5067c24}}}
Info:    _SIS_CLIENT_RESULT_END
Info:    __recordTaskStats__ XOR2D0 leakage_power__ACQ_1 0.06 0.01 0.23 0.06 1 1.60579776764 ieng6-ece-08.ucsd.edu 1748032387.31 1748032388.92
Info:    Loading information for cell XOR2D1... (SMSC-60)
Info:    Current directory '/home/linux/ieng6/cs241asp25/cs241asp25bu/lab5/run_siliconsmart/LIB_FF_1.1_-40_ALL' (SIM-68)
Info:    Working in directory '/home/linux/ieng6/cs241asp25/cs241asp25bu/lab5/run_siliconsmart/LIB_FF_1.1_-40_ALL/temp/siliconsmart.ieng6-ece-08.150149.6065/delay__A1__hl__Z__hl__ACQ_1.sif_0' (SIM-69)
Info:    Executing 'hspice deck.cir -o deck' (SIM-30)
Warning: return code 0 (hspice: No such file or directory)
Info:    Simulation delay__A1__hl__Z__hl__ACQ_1.sif for cell XOR2D1 completed successfully. (SMSC-103)
Info:    IO Retry 0
Info:    set _SIS_CLIENT_RESULT_ {{XOR2D1 delay__A1__hl__Z__hl__ACQ_1 {sifTS 0.0 sifName /home/linux/ieng6/cs241asp25/cs241asp25bu/lab5/run_siliconsmart/LIB_FF_1.1_-40_ALL/temp/siliconsmart.ieng6-ece-08.150149.6065/delay__A1__hl__Z__hl__ACQ_1.sif eadCksum f21ae6c086616b462e48c62e4c5f4d1c simulationCount 1 exportVars {} errorList {} sofName /home/linux/ieng6/cs241asp25/cs241asp25bu/lab5/run_siliconsmart/LIB_FF_1.1_-40_ALL/temp/siliconsmart.ieng6-ece-08.150149.6065/delay__A1__hl__Z__hl__ACQ_1.sof eadTS 0.0 eadName /home/linux/ieng6/cs241asp25/cs241asp25bu/lab5/run_siliconsmart/LIB_FF_1.1_-40_ALL/temp/siliconsmart.ieng6-ece-08.150149.6065/delay__A1__hl__Z__hl__ACQ_1.ead enableCache 0 status done depFiles /home/linux/ieng6/cs241asp25/cs241asp25bu/lab5/run_siliconsmart/LIB_FF_1.1_-40_ALL/netlists/XOR2D1.cdl sifCksum f05d369b87b1b52bc101c6d9dc38de88}}}
Info:    _SIS_CLIENT_RESULT_END
Info:    __recordTaskStats__ XOR2D1 delay__A1__hl__Z__hl__ACQ_1 0.11 0.0 1.45 0.09 1 6.18616390228 ieng6-ece-08.ucsd.edu 1748032388.92 1748032395.1
Info:    Loading information for cell BUFFD0... (SMSC-60)
Info:    Current directory '/home/linux/ieng6/cs241asp25/cs241asp25bu/lab5/run_siliconsmart/LIB_FF_1.1_-40_ALL' (SIM-68)
Info:    Working in directory '/home/linux/ieng6/cs241asp25/cs241asp25bu/lab5/run_siliconsmart/LIB_FF_1.1_-40_ALL/temp/siliconsmart.ieng6-ece-08.150149.6065/delay__I__hl__Z__hl__ACQ_1.sif_0' (SIM-69)
Info:    Executing 'hspice deck.cir -o deck' (SIM-30)
Warning: return code 0 (hspice: No such file or directory)
Info:    Simulation delay__I__hl__Z__hl__ACQ_1.sif for cell BUFFD0 completed successfully. (SMSC-103)
Info:    IO Retry 0
Info:    set _SIS_CLIENT_RESULT_ {{BUFFD0 delay__I__hl__Z__hl__ACQ_1 {sifTS 0.0 sifName /home/linux/ieng6/cs241asp25/cs241asp25bu/lab5/run_siliconsmart/LIB_FF_1.1_-40_ALL/temp/siliconsmart.ieng6-ece-08.150149.6065/delay__I__hl__Z__hl__ACQ_1.sif eadCksum 5affe82c970bc741d78ce21e47adf49e simulationCount 1 exportVars {} errorList {} sofName /home/linux/ieng6/cs241asp25/cs241asp25bu/lab5/run_siliconsmart/LIB_FF_1.1_-40_ALL/temp/siliconsmart.ieng6-ece-08.150149.6065/delay__I__hl__Z__hl__ACQ_1.sof eadTS 0.0 eadName /home/linux/ieng6/cs241asp25/cs241asp25bu/lab5/run_siliconsmart/LIB_FF_1.1_-40_ALL/temp/siliconsmart.ieng6-ece-08.150149.6065/delay__I__hl__Z__hl__ACQ_1.ead enableCache 0 status done depFiles /home/linux/ieng6/cs241asp25/cs241asp25bu/lab5/run_siliconsmart/LIB_FF_1.1_-40_ALL/netlists/BUFFD0.cdl sifCksum 5c475bde0cfbbc0efb5bad9aa665c5ec}}}
Info:    _SIS_CLIENT_RESULT_END
Info:    __recordTaskStats__ BUFFD0 delay__I__hl__Z__hl__ACQ_1 0.1 0.01 1.03 0.08 1 3.23694682121 ieng6-ece-08.ucsd.edu 1748032395.1 1748032398.34
Info:    Loading information for cell BUFFD4... (SMSC-60)
Info:    Current directory '/home/linux/ieng6/cs241asp25/cs241asp25bu/lab5/run_siliconsmart/LIB_FF_1.1_-40_ALL' (SIM-68)
Info:    Working in directory '/home/linux/ieng6/cs241asp25/cs241asp25bu/lab5/run_siliconsmart/LIB_FF_1.1_-40_ALL/temp/siliconsmart.ieng6-ece-08.150149.6065/delay__I__hl__Z__hl__ACQ_1.sif_0' (SIM-69)
Info:    Executing 'hspice deck.cir -o deck' (SIM-30)
Warning: return code 0 (hspice: No such file or directory)
Info:    Simulation delay__I__hl__Z__hl__ACQ_1.sif for cell BUFFD4 completed successfully. (SMSC-103)
Info:    IO Retry 0
Info:    set _SIS_CLIENT_RESULT_ {{BUFFD4 delay__I__hl__Z__hl__ACQ_1 {sifTS 0.0 sifName /home/linux/ieng6/cs241asp25/cs241asp25bu/lab5/run_siliconsmart/LIB_FF_1.1_-40_ALL/temp/siliconsmart.ieng6-ece-08.150149.6065/delay__I__hl__Z__hl__ACQ_1.sif eadCksum 10e76d30195a0adad132f51887b86c4d simulationCount 1 exportVars {} errorList {} sofName /home/linux/ieng6/cs241asp25/cs241asp25bu/lab5/run_siliconsmart/LIB_FF_1.1_-40_ALL/temp/siliconsmart.ieng6-ece-08.150149.6065/delay__I__hl__Z__hl__ACQ_1.sof eadTS 0.0 eadName /home/linux/ieng6/cs241asp25/cs241asp25bu/lab5/run_siliconsmart/LIB_FF_1.1_-40_ALL/temp/siliconsmart.ieng6-ece-08.150149.6065/delay__I__hl__Z__hl__ACQ_1.ead enableCache 0 status done depFiles /home/linux/ieng6/cs241asp25/cs241asp25bu/lab5/run_siliconsmart/LIB_FF_1.1_-40_ALL/netlists/BUFFD4.cdl sifCksum bf8074ff0ec5d8f9f710ff38cf2c6318}}}
Info:    _SIS_CLIENT_RESULT_END
Info:    __recordTaskStats__ BUFFD4 delay__I__hl__Z__hl__ACQ_1 0.11 0.01 1.37 0.1 1 5.9583029747 ieng6-ece-08.ucsd.edu 1748032398.34 1748032404.3
Info:    Loading information for cell INVD24... (SMSC-60)
Info:    Current directory '/home/linux/ieng6/cs241asp25/cs241asp25bu/lab5/run_siliconsmart/LIB_FF_1.1_-40_ALL' (SIM-68)
Info:    Working in directory '/home/linux/ieng6/cs241asp25/cs241asp25bu/lab5/run_siliconsmart/LIB_FF_1.1_-40_ALL/temp/siliconsmart.ieng6-ece-08.150149.6065/delay__I__hl__ZN__lh__ACQ_1.sif_0' (SIM-69)
Info:    Executing 'hspice deck.cir -o deck' (SIM-30)
Warning: return code 0 (hspice: No such file or directory)
Info:    Simulation delay__I__hl__ZN__lh__ACQ_1.sif for cell INVD24 completed successfully. (SMSC-103)
Info:    IO Retry 0
Info:    set _SIS_CLIENT_RESULT_ {{INVD24 delay__I__hl__ZN__lh__ACQ_1 {sifTS 0.0 sifName /home/linux/ieng6/cs241asp25/cs241asp25bu/lab5/run_siliconsmart/LIB_FF_1.1_-40_ALL/temp/siliconsmart.ieng6-ece-08.150149.6065/delay__I__hl__ZN__lh__ACQ_1.sif eadCksum 097198fb231d832dde17ae378d2b3301 simulationCount 1 exportVars {} errorList {} sofName /home/linux/ieng6/cs241asp25/cs241asp25bu/lab5/run_siliconsmart/LIB_FF_1.1_-40_ALL/temp/siliconsmart.ieng6-ece-08.150149.6065/delay__I__hl__ZN__lh__ACQ_1.sof eadTS 0.0 eadName /home/linux/ieng6/cs241asp25/cs241asp25bu/lab5/run_siliconsmart/LIB_FF_1.1_-40_ALL/temp/siliconsmart.ieng6-ece-08.150149.6065/delay__I__hl__ZN__lh__ACQ_1.ead enableCache 0 status done depFiles /home/linux/ieng6/cs241asp25/cs241asp25bu/lab5/run_siliconsmart/LIB_FF_1.1_-40_ALL/netlists/INVD24.cdl sifCksum bdcfd6c658fa68d8f82dba1d67632eef}}}
Info:    _SIS_CLIENT_RESULT_END
Info:    __recordTaskStats__ INVD24 delay__I__hl__ZN__lh__ACQ_1 0.11 0.01 2.74 0.1 1 6.59192800522 ieng6-ece-08.ucsd.edu 1748032404.31 1748032410.9
Info:    The char directory is /home/linux/ieng6/cs241asp25/cs241asp25bu/lab5/run_siliconsmart/LIB_FF_1.1_-40_ALL
Warning: Operating condition 'FF_1.1_-40_ALL' already exists, skipped.
Info:    Initializing modeler.
Info:    Creating recharacterized libraries. 
Info:    Reading /home/linux/ieng6/cs241asp25/cs241asp25bu/lab5/run_siliconsmart/LIB_FF_1.1_-40_ALL/models/liberty/cellmodels/header.lib ...
Info:    Reading /home/linux/ieng6/cs241asp25/cs241asp25bu/lab5/run_siliconsmart/LIB_FF_1.1_-40_ALL/models/liberty/cellmodels/ND2D1.lib ...
Info:    Writing libraries ...
Info:    Creating Liberty file "/home/linux/ieng6/cs241asp25/cs241asp25bu/lab5/run_siliconsmart/LIB_FF_1.1_-40_ALL/models/liberty/cells/ND2D1_FF_1.1_-40_ALL.lib".
Info:    re-positioning normalized_driver_waveform (ndw_ntin_nvolt_7x13) after templates
Info:    __recordTaskStats__ ND2D1 modeling 0.84 0.02 0.01 0.03 1 3.62391519547 ieng6-ece-08.ucsd.edu 1748032419.09 1748032422.72
Info:    set _SIS_CLIENT_RESULT_ {{ND2D1 modeling {status done exportVars {} errorList {} sifName {} sofName {} eadName {} depFiles {} tmpHeader {FF_1.1_-40_ALL /home/linux/ieng6/cs241asp25/cs241asp25bu/lab5/run_siliconsmart/LIB_FF_1.1_-40_ALL/runtime/modeling/merge/ND2D1_FF_1.1_-40_ALL.header} tmpBody {FF_1.1_-40_ALL_ND2D1 /home/linux/ieng6/cs241asp25/cs241asp25bu/lab5/run_siliconsmart/LIB_FF_1.1_-40_ALL/runtime/modeling/merge/ND2D1_FF_1.1_-40_ALL.body}}}}
Info:    _SIS_CLIENT_RESULT_END
Info:    Initializing modeler.
Info:    Creating recharacterized libraries. 
Info:    Reading /home/linux/ieng6/cs241asp25/cs241asp25bu/lab5/run_siliconsmart/LIB_FF_1.1_-40_ALL/models/liberty/cellmodels/header.lib ...
Info:    Reading /home/linux/ieng6/cs241asp25/cs241asp25bu/lab5/run_siliconsmart/LIB_FF_1.1_-40_ALL/models/liberty/cellmodels/BUFFD1.lib ...
Info:    Writing libraries ...
Info:    Creating Liberty file "/home/linux/ieng6/cs241asp25/cs241asp25bu/lab5/run_siliconsmart/LIB_FF_1.1_-40_ALL/models/liberty/cells/BUFFD1_FF_1.1_-40_ALL.lib".
Info:    __recordTaskStats__ BUFFD1 modeling 0.7 0.02 0.01 0.04 1 2.82893610001 ieng6-ece-08.ucsd.edu 1748032422.73 1748032425.56
Info:    set _SIS_CLIENT_RESULT_ {{BUFFD1 modeling {status done exportVars {} errorList {} sifName {} sofName {} eadName {} depFiles {} tmpHeader {FF_1.1_-40_ALL /home/linux/ieng6/cs241asp25/cs241asp25bu/lab5/run_siliconsmart/LIB_FF_1.1_-40_ALL/runtime/modeling/merge/BUFFD1_FF_1.1_-40_ALL.header} tmpBody {FF_1.1_-40_ALL_BUFFD1 /home/linux/ieng6/cs241asp25/cs241asp25bu/lab5/run_siliconsmart/LIB_FF_1.1_-40_ALL/runtime/modeling/merge/BUFFD1_FF_1.1_-40_ALL.body}}}}
Info:    _SIS_CLIENT_RESULT_END
Info:    CDPL worker exited normally.
Info:    Maximum virtual memory size: 645.53MB
Info:    Switching log to /home/linux/ieng6/cs241asp25/cs241asp25bu/lab5/run_siliconsmart/LIB_FF_1.1_-40_ALL/runtime/cdpl/sis.W13.ieng6-ece-08.ucsd.edu.6065.log at Fri May 23 13:34:10 2025
.
----------------------------------------------------------------------
----------------------------------------------------------------------
Info:    Switching log from /home/linux/ieng6/cs241asp25/cs241asp25bu/lab5/run_siliconsmart/LIB_FF_1.1_-40_ALL/temp/sis.cs241asp25bu.6065.log at Fri May 23 13:34:10 2025
Info:    Log written by SiliconSmart version L-2016.06-SP1-2 on Fri May 23 13:34:10 2025
Info:    Build date: Dec 07, 2016 16:59:49
Info:    SiliconSmart Path: /acsnfs3/software/SiliconSmartAce-2016.06-SP1-2/linux64/bin/siliconsmart
Info:    Host Name: ieng6-ece-08.ucsd.edu, User Name: cs241asp25bu, PID: 6065
Info:    CPU: 8 x 2195 MHz, Intel(R) Xeon(R) Gold 5220 CPU @ 2.20GHz (2 socket, 4 core)
Info:    Memory: 32 GB RAM, 1 GB Swap
Info:    Directory: /home/linux/ieng6/cs241asp25/cs241asp25bu/lab5/run_siliconsmart/LIB_FF_1.1_-40_ALL
Info:    Maximum virtual memory size: 645.53MB
Info:    Maximum virtual memory size: 645.527 MB
