----------------------------------------------------------------------
Info:    Log written by SiliconSmart version L-2016.06-SP1-2 on Fri May 23 13:50:34 2025
Info:    Build date: Dec 07, 2016 16:59:49
Info:    SiliconSmart Path: /acsnfs3/software/SiliconSmartAce-2016.06-SP1-2/linux64/bin/siliconsmart
Info:    Host Name: ieng6-ece-08.ucsd.edu, User Name: cs241asp25bu, PID: 7183
Info:    CPU: 8 x 2195 MHz, Intel(R) Xeon(R) Gold 5220 CPU @ 2.20GHz (2 socket, 4 core)
Info:    Memory: 32 GB RAM, 1 GB Swap
Info:    Directory: /home/linux/ieng6/cs241asp25/cs241asp25bu/lab5/run_siliconsmart/LIB_FF_1.1_-40_ALL
Info:    Maximum virtual memory size: 587.09MB
Command-line: /acsnfs3/software/SiliconSmartAce-2016.06-SP1-2/linux64/bin/siliconsmart -server /home/linux/ieng6/cs241asp25/cs241asp25bu/lab5/run_siliconsmart/LIB_FF_1.1_-40_ALL/runtime/cdpl/driver_5110.tcl
Fri May 23 13:50:33 2025: Establishing connection to license server
The char directory is /home/linux/ieng6/cs241asp25/cs241asp25bu/lab5/run_siliconsmart/LIB_FF_1.1_-40_ALL
Warning: Operating condition 'FF_1.1_-40_ALL' already exists, skipped.
Info:    Reading instance file for cell XOR2D1... (SMSC-23)
Info:    Generating timing tests.
Info:    Generating power tests.
Info:    Generating template at Fri May 23 13:50:34 2025 
Warning: XOR2D1:For test delay__A1__lh__Z__lh following when conditions are not possible ['A2']
Warning: XOR2D1:For test delay__A1__lh__Z__hl following when conditions are not possible ['!A2']
Warning: XOR2D1:For test delay__A1__hl__Z__lh following when conditions are not possible ['!A2']
Warning: XOR2D1:For test delay__A1__hl__Z__hl following when conditions are not possible ['A2']
Warning: XOR2D1:For test delay__A2__lh__Z__lh following when conditions are not possible ['A1']
Warning: XOR2D1:For test delay__A2__lh__Z__hl following when conditions are not possible ['!A1']
Warning: XOR2D1:For test delay__A2__hl__Z__lh following when conditions are not possible ['!A1']
Warning: XOR2D1:For test delay__A2__hl__Z__hl following when conditions are not possible ['A1']
Warning: XOR2D1:For test energy__A1__lh__Z__lh following when conditions are not possible ['A2']
Warning: XOR2D1:For test energy__A1__lh__Z__hl following when conditions are not possible ['!A2']
Warning: XOR2D1:For test energy__A1__hl__Z__lh following when conditions are not possible ['!A2']
Warning: XOR2D1:For test energy__A1__hl__Z__hl following when conditions are not possible ['A2']
Warning: XOR2D1:For test energy__A2__lh__Z__lh following when conditions are not possible ['A1']
Warning: XOR2D1:For test energy__A2__lh__Z__hl following when conditions are not possible ['!A1']
Warning: XOR2D1:For test energy__A2__hl__Z__lh following when conditions are not possible ['!A1']
Warning: XOR2D1:For test energy__A2__hl__Z__hl following when conditions are not possible ['A1']
Info:    Done generating template at Fri May 23 13:50:34 2025
Info:    Generate Templates: Maximum virtual memory size: 623.246 MB
Info:    Cell XOR2D1 configured for characterization. (SMSC-24)
Info:    __recordTaskStats__ XOR2D1 configure 0.38 0.0 0.0 0.0 1 0.783610105515 ieng6-ece-08.ucsd.edu 1748033434.14 1748033434.92
Info:    set _SIS_CLIENT_RESULT_ {{XOR2D1 configuration {status done exportVars {} errorList {} sifName {} sofName {} eadName {} depFiles {}}}}
Info:    _SIS_CLIENT_RESULT_END
Info:    The char directory is /home/linux/ieng6/cs241asp25/cs241asp25bu/lab5/run_siliconsmart/LIB_FF_1.1_-40_ALL
Warning: Operating condition 'FF_1.1_-40_ALL' already exists, skipped.
Info:    The char directory is /home/linux/ieng6/cs241asp25/cs241asp25bu/lab5/run_siliconsmart/LIB_FF_1.1_-40_ALL
Warning: Operating condition 'FF_1.1_-40_ALL' already exists, skipped.
Info:    Loading information for cell DFCSNQD1... (SMSC-60)
Info:    Current directory '/home/linux/ieng6/cs241asp25/cs241asp25bu/lab5/run_siliconsmart/LIB_FF_1.1_-40_ALL' (SIM-68)
Info:    Working in directory '/home/linux/ieng6/cs241asp25/cs241asp25bu/lab5/run_siliconsmart/LIB_FF_1.1_-40_ALL/temp/siliconsmart.ieng6-ece-08.150149.7183/leakage_power__ACQ_9.sif_0' (SIM-69)
Info:    Executing 'hspice deck.cir -o deck' (SIM-30)
Warning: return code 0 (hspice: No such file or directory)
Info:    Simulation leakage_power__ACQ_9.sif for cell DFCSNQD1 completed successfully. (SMSC-103)
Info:    IO Retry 0
Info:    set _SIS_CLIENT_RESULT_ {{DFCSNQD1 leakage_power__ACQ_9 {sifTS 0.0 sifName /home/linux/ieng6/cs241asp25/cs241asp25bu/lab5/run_siliconsmart/LIB_FF_1.1_-40_ALL/temp/siliconsmart.ieng6-ece-08.150149.7183/leakage_power__ACQ_9.sif eadCksum 368073ce23239af1427ff416fc88936b simulationCount 1 exportVars {} errorList {} sofName /home/linux/ieng6/cs241asp25/cs241asp25bu/lab5/run_siliconsmart/LIB_FF_1.1_-40_ALL/temp/siliconsmart.ieng6-ece-08.150149.7183/leakage_power__ACQ_9.sof eadTS 0.0 eadName /home/linux/ieng6/cs241asp25/cs241asp25bu/lab5/run_siliconsmart/LIB_FF_1.1_-40_ALL/temp/siliconsmart.ieng6-ece-08.150149.7183/leakage_power__ACQ_9.ead enableCache 0 status done depFiles /home/linux/ieng6/cs241asp25/cs241asp25bu/lab5/run_siliconsmart/LIB_FF_1.1_-40_ALL/netlists/DFCSNQD1.cdl sifCksum 59b8342ce88e43e95e4ed0abc0f27539}}}
Info:    _SIS_CLIENT_RESULT_END
Info:    __recordTaskStats__ DFCSNQD1 leakage_power__ACQ_9 0.13 0.01 0.38 0.08 1 3.22145485878 ieng6-ece-08.ucsd.edu 1748033468.67 1748033471.89
Info:    Loading information for cell DFCSNQD2... (SMSC-60)
Info:    Current directory '/home/linux/ieng6/cs241asp25/cs241asp25bu/lab5/run_siliconsmart/LIB_FF_1.1_-40_ALL' (SIM-68)
Info:    Working in directory '/home/linux/ieng6/cs241asp25/cs241asp25bu/lab5/run_siliconsmart/LIB_FF_1.1_-40_ALL/temp/siliconsmart.ieng6-ece-08.150149.7183/energy__D__lh__ACQ_1.sif_0' (SIM-69)
Info:    Executing 'hspice deck.cir -o deck' (SIM-30)
Warning: return code 0 (hspice: No such file or directory)
Info:    Simulation energy__D__lh__ACQ_1.sif for cell DFCSNQD2 completed successfully. (SMSC-103)
Info:    IO Retry 0
Info:    set _SIS_CLIENT_RESULT_ {{DFCSNQD2 energy__D__lh__ACQ_1 {sifTS 0.0 sifName /home/linux/ieng6/cs241asp25/cs241asp25bu/lab5/run_siliconsmart/LIB_FF_1.1_-40_ALL/temp/siliconsmart.ieng6-ece-08.150149.7183/energy__D__lh__ACQ_1.sif eadCksum f7be3b62e404aae4d09551e4e84346f1 simulationCount 1 exportVars {} errorList {} sofName /home/linux/ieng6/cs241asp25/cs241asp25bu/lab5/run_siliconsmart/LIB_FF_1.1_-40_ALL/temp/siliconsmart.ieng6-ece-08.150149.7183/energy__D__lh__ACQ_1.sof eadTS 0.0 eadName /home/linux/ieng6/cs241asp25/cs241asp25bu/lab5/run_siliconsmart/LIB_FF_1.1_-40_ALL/temp/siliconsmart.ieng6-ece-08.150149.7183/energy__D__lh__ACQ_1.ead enableCache 0 status done depFiles /home/linux/ieng6/cs241asp25/cs241asp25bu/lab5/run_siliconsmart/LIB_FF_1.1_-40_ALL/netlists/DFCSNQD2.cdl sifCksum 19533df5b8cceebdc84f451c14bc5c07}}}
Info:    _SIS_CLIENT_RESULT_END
Info:    __recordTaskStats__ DFCSNQD2 energy__D__lh__ACQ_1 0.13 0.0 0.88 0.07 1 3.45701003075 ieng6-ece-08.ucsd.edu 1748033471.89 1748033475.35
Info:    Loading information for cell DFCSNQD2... (SMSC-60)
Info:    Start Search.expand.opt_cmpw on cmpw (SIM-43)
Info:    Current directory '/home/linux/ieng6/cs241asp25/cs241asp25bu/lab5/run_siliconsmart/LIB_FF_1.1_-40_ALL' (SIM-68)
Info:    Working in directory '/home/linux/ieng6/cs241asp25/cs241asp25bu/lab5/run_siliconsmart/LIB_FF_1.1_-40_ALL/temp/siliconsmart.ieng6-ece-08.150149.7183/cmpw__CP__lh__CP__hl__ACQ_1.sif_0' (SIM-69)
Info:    Executing 'hspice deck.cir -o deck' (SIM-30)
Warning: return code 0 (hspice: No such file or directory)
Info:    Simulation cmpw__CP__lh__CP__hl__ACQ_1.sif for cell DFCSNQD2 completed successfully. (SMSC-103)
Info:    IO Retry 0
Info:    set _SIS_CLIENT_RESULT_ {{DFCSNQD2 cmpw__CP__lh__CP__hl__ACQ_1 {sifTS 0.0 sifName /home/linux/ieng6/cs241asp25/cs241asp25bu/lab5/run_siliconsmart/LIB_FF_1.1_-40_ALL/temp/siliconsmart.ieng6-ece-08.150149.7183/cmpw__CP__lh__CP__hl__ACQ_1.sif eadCksum 0df43dd74f3c0247438c54d6c6b57aca simulationCount 1 exportVars {} errorList {} sofName /home/linux/ieng6/cs241asp25/cs241asp25bu/lab5/run_siliconsmart/LIB_FF_1.1_-40_ALL/temp/siliconsmart.ieng6-ece-08.150149.7183/cmpw__CP__lh__CP__hl__ACQ_1.sof eadTS 0.0 eadName /home/linux/ieng6/cs241asp25/cs241asp25bu/lab5/run_siliconsmart/LIB_FF_1.1_-40_ALL/temp/siliconsmart.ieng6-ece-08.150149.7183/cmpw__CP__lh__CP__hl__ACQ_1.ead enableCache 0 status done depFiles /home/linux/ieng6/cs241asp25/cs241asp25bu/lab5/run_siliconsmart/LIB_FF_1.1_-40_ALL/netlists/DFCSNQD2.cdl sifCksum 03917fe69eed90cfd6863444df5e1186}}}
Info:    _SIS_CLIENT_RESULT_END
Info:    __recordTaskStats__ DFCSNQD2 cmpw__CP__lh__CP__hl__ACQ_1 0.08 0.01 0.54 0.08 1 2.26159191132 ieng6-ece-08.ucsd.edu 1748033475.35 1748033477.61
Info:    Loading information for cell DFCSNQD2... (SMSC-60)
Info:    Current directory '/home/linux/ieng6/cs241asp25/cs241asp25bu/lab5/run_siliconsmart/LIB_FF_1.1_-40_ALL' (SIM-68)
Info:    Working in directory '/home/linux/ieng6/cs241asp25/cs241asp25bu/lab5/run_siliconsmart/LIB_FF_1.1_-40_ALL/temp/siliconsmart.ieng6-ece-08.150149.7183/leakage_power__ACQ_10.sif_0' (SIM-69)
Info:    Executing 'hspice deck.cir -o deck' (SIM-30)
Warning: return code 0 (hspice: No such file or directory)
Info:    Simulation leakage_power__ACQ_10.sif for cell DFCSNQD2 completed successfully. (SMSC-103)
Warning: SIS_SERVER_WARN_MSGDFCSNQD2: leakage_power__ACQ_10 state: CDN !CP !D SDN: leakage current does not sum to 0 (tolerance 1.0e-6)
Warning: SIS_SERVER_WARN_MSGDFCSNQD2: leakage_power__ACQ_10 state: CDN !CP D SDN: leakage current does not sum to 0 (tolerance 1.0e-6)
Warning: SIS_SERVER_WARN_MSGDFCSNQD2: leakage_power__ACQ_10 state: CDN CP !D SDN: leakage current does not sum to 0 (tolerance 1.0e-6)
Warning: SIS_SERVER_WARN_MSGDFCSNQD2: leakage_power__ACQ_10 state: CDN CP D SDN: leakage current does not sum to 0 (tolerance 1.0e-6)
Info:    IO Retry 0
Info:    set _SIS_CLIENT_RESULT_ {{DFCSNQD2 leakage_power__ACQ_10 {sifTS 0.0 sifName /home/linux/ieng6/cs241asp25/cs241asp25bu/lab5/run_siliconsmart/LIB_FF_1.1_-40_ALL/temp/siliconsmart.ieng6-ece-08.150149.7183/leakage_power__ACQ_10.sif eadCksum e345935d745daa302054d375f0049617 simulationCount 1 exportVars {} errorList {warning {DFCSNQD2: leakage_power__ACQ_10 state: CDN !CP !D SDN: leakage current does not sum to 0 (tolerance 1.0e-6)
} warning {DFCSNQD2: leakage_power__ACQ_10 state: CDN !CP D SDN: leakage current does not sum to 0 (tolerance 1.0e-6)
} warning {DFCSNQD2: leakage_power__ACQ_10 state: CDN CP !D SDN: leakage current does not sum to 0 (tolerance 1.0e-6)
} warning {DFCSNQD2: leakage_power__ACQ_10 state: CDN CP D SDN: leakage current does not sum to 0 (tolerance 1.0e-6)
}} sofName /home/linux/ieng6/cs241asp25/cs241asp25bu/lab5/run_siliconsmart/LIB_FF_1.1_-40_ALL/temp/siliconsmart.ieng6-ece-08.150149.7183/leakage_power__ACQ_10.sof eadTS 0.0 eadName /home/linux/ieng6/cs241asp25/cs241asp25bu/lab5/run_siliconsmart/LIB_FF_1.1_-40_ALL/temp/siliconsmart.ieng6-ece-08.150149.7183/leakage_power__ACQ_10.ead enableCache 0 status done depFiles /home/linux/ieng6/cs241asp25/cs241asp25bu/lab5/run_siliconsmart/LIB_FF_1.1_-40_ALL/netlists/DFCSNQD2.cdl sifCksum 3d9939a9604ce469e72955d207aac1c6}}}
Info:    _SIS_CLIENT_RESULT_END
Info:    __recordTaskStats__ DFCSNQD2 leakage_power__ACQ_10 0.08 0.0 0.52 0.05 1 2.4942471981 ieng6-ece-08.ucsd.edu 1748033477.62 1748033480.12
Info:    Loading information for cell DFCSNQD2... (SMSC-60)
Info:    Current directory '/home/linux/ieng6/cs241asp25/cs241asp25bu/lab5/run_siliconsmart/LIB_FF_1.1_-40_ALL' (SIM-68)
Info:    Working in directory '/home/linux/ieng6/cs241asp25/cs241asp25bu/lab5/run_siliconsmart/LIB_FF_1.1_-40_ALL/temp/siliconsmart.ieng6-ece-08.150149.7183/energy__SDN__lh__ACQ_1.sif_0' (SIM-69)
Info:    Executing 'hspice deck.cir -o deck' (SIM-30)
Warning: return code 0 (hspice: No such file or directory)
Info:    Simulation energy__SDN__lh__ACQ_1.sif for cell DFCSNQD2 completed successfully. (SMSC-103)
Info:    IO Retry 0
Info:    set _SIS_CLIENT_RESULT_ {{DFCSNQD2 energy__SDN__lh__ACQ_1 {sifTS 0.0 sifName /home/linux/ieng6/cs241asp25/cs241asp25bu/lab5/run_siliconsmart/LIB_FF_1.1_-40_ALL/temp/siliconsmart.ieng6-ece-08.150149.7183/energy__SDN__lh__ACQ_1.sif eadCksum b7e2330632c85e4f1ab15d85ff47c9f4 simulationCount 1 exportVars {} errorList {} sofName /home/linux/ieng6/cs241asp25/cs241asp25bu/lab5/run_siliconsmart/LIB_FF_1.1_-40_ALL/temp/siliconsmart.ieng6-ece-08.150149.7183/energy__SDN__lh__ACQ_1.sof eadTS 0.0 eadName /home/linux/ieng6/cs241asp25/cs241asp25bu/lab5/run_siliconsmart/LIB_FF_1.1_-40_ALL/temp/siliconsmart.ieng6-ece-08.150149.7183/energy__SDN__lh__ACQ_1.ead enableCache 0 status done depFiles /home/linux/ieng6/cs241asp25/cs241asp25bu/lab5/run_siliconsmart/LIB_FF_1.1_-40_ALL/netlists/DFCSNQD2.cdl sifCksum b2d717fceccd2ab7e092f64098bbbe05}}}
Info:    _SIS_CLIENT_RESULT_END
Info:    __recordTaskStats__ DFCSNQD2 energy__SDN__lh__ACQ_1 0.09 0.01 0.78 0.08 1 3.11410093307 ieng6-ece-08.ucsd.edu 1748033480.13 1748033483.24
Info:    Loading information for cell DFCSNQD2... (SMSC-60)
Info:    Current directory '/home/linux/ieng6/cs241asp25/cs241asp25bu/lab5/run_siliconsmart/LIB_FF_1.1_-40_ALL' (SIM-68)
Info:    Working in directory '/home/linux/ieng6/cs241asp25/cs241asp25bu/lab5/run_siliconsmart/LIB_FF_1.1_-40_ALL/temp/siliconsmart.ieng6-ece-08.150149.7183/energy__SDN__hl__ACQ_1.sif_0' (SIM-69)
Info:    Executing 'hspice deck.cir -o deck' (SIM-30)
Warning: return code 0 (hspice: No such file or directory)
Info:    Simulation energy__SDN__hl__ACQ_1.sif for cell DFCSNQD2 completed successfully. (SMSC-103)
Info:    IO Retry 0
Info:    set _SIS_CLIENT_RESULT_ {{DFCSNQD2 energy__SDN__hl__ACQ_1 {sifTS 0.0 sifName /home/linux/ieng6/cs241asp25/cs241asp25bu/lab5/run_siliconsmart/LIB_FF_1.1_-40_ALL/temp/siliconsmart.ieng6-ece-08.150149.7183/energy__SDN__hl__ACQ_1.sif eadCksum cdeb917b1d778be04358c162ae2c898b simulationCount 1 exportVars {} errorList {} sofName /home/linux/ieng6/cs241asp25/cs241asp25bu/lab5/run_siliconsmart/LIB_FF_1.1_-40_ALL/temp/siliconsmart.ieng6-ece-08.150149.7183/energy__SDN__hl__ACQ_1.sof eadTS 0.0 eadName /home/linux/ieng6/cs241asp25/cs241asp25bu/lab5/run_siliconsmart/LIB_FF_1.1_-40_ALL/temp/siliconsmart.ieng6-ece-08.150149.7183/energy__SDN__hl__ACQ_1.ead enableCache 0 status done depFiles /home/linux/ieng6/cs241asp25/cs241asp25bu/lab5/run_siliconsmart/LIB_FF_1.1_-40_ALL/netlists/DFCSNQD2.cdl sifCksum 668ae7bc77107c89548f3b4e2ba5a720}}}
Info:    _SIS_CLIENT_RESULT_END
Info:    __recordTaskStats__ DFCSNQD2 energy__SDN__hl__ACQ_1 0.11 0.0 0.95 0.09 1 3.37411308289 ieng6-ece-08.ucsd.edu 1748033483.24 1748033486.62
Info:    Loading information for cell DFCSNQD2... (SMSC-60)
Info:    Current directory '/home/linux/ieng6/cs241asp25/cs241asp25bu/lab5/run_siliconsmart/LIB_FF_1.1_-40_ALL' (SIM-68)
Info:    Working in directory '/home/linux/ieng6/cs241asp25/cs241asp25bu/lab5/run_siliconsmart/LIB_FF_1.1_-40_ALL/temp/siliconsmart.ieng6-ece-08.150149.7183/energy__CDN__lh__Q__lh__ACQ_1.sif_0' (SIM-69)
Info:    Executing 'hspice deck.cir -o deck' (SIM-30)
Warning: return code 0 (hspice: No such file or directory)
Info:    Simulation energy__CDN__lh__Q__lh__ACQ_1.sif for cell DFCSNQD2 completed successfully. (SMSC-103)
Info:    IO Retry 0
Info:    set _SIS_CLIENT_RESULT_ {{DFCSNQD2 energy__CDN__lh__Q__lh__ACQ_1 {sifTS 0.0 sifName /home/linux/ieng6/cs241asp25/cs241asp25bu/lab5/run_siliconsmart/LIB_FF_1.1_-40_ALL/temp/siliconsmart.ieng6-ece-08.150149.7183/energy__CDN__lh__Q__lh__ACQ_1.sif eadCksum bccd8cd7d0c09c0d236c929f1203fcb3 simulationCount 1 exportVars {} errorList {} sofName /home/linux/ieng6/cs241asp25/cs241asp25bu/lab5/run_siliconsmart/LIB_FF_1.1_-40_ALL/temp/siliconsmart.ieng6-ece-08.150149.7183/energy__CDN__lh__Q__lh__ACQ_1.sof eadTS 0.0 eadName /home/linux/ieng6/cs241asp25/cs241asp25bu/lab5/run_siliconsmart/LIB_FF_1.1_-40_ALL/temp/siliconsmart.ieng6-ece-08.150149.7183/energy__CDN__lh__Q__lh__ACQ_1.ead enableCache 0 status done depFiles /home/linux/ieng6/cs241asp25/cs241asp25bu/lab5/run_siliconsmart/LIB_FF_1.1_-40_ALL/netlists/DFCSNQD2.cdl sifCksum ea18cb5ff57124d0300e5185449c1c5d}}}
Info:    _SIS_CLIENT_RESULT_END
Info:    __recordTaskStats__ DFCSNQD2 energy__CDN__lh__Q__lh__ACQ_1 0.1 0.01 2.65 0.1 1 10.7228732109 ieng6-ece-08.ucsd.edu 1748033486.62 1748033497.34
Info:    Loading information for cell DFCSNQD4... (SMSC-60)
Info:    Start Search.seeded_binary.opt_removal on removal (SIM-43)
Info:    Current directory '/home/linux/ieng6/cs241asp25/cs241asp25bu/lab5/run_siliconsmart/LIB_FF_1.1_-40_ALL' (SIM-68)
Info:    Working in directory '/home/linux/ieng6/cs241asp25/cs241asp25bu/lab5/run_siliconsmart/LIB_FF_1.1_-40_ALL/temp/siliconsmart.ieng6-ece-08.150149.7183/removal__SDN__lh__CP__lh__ACQ_1.sif_0' (SIM-69)
Info:    Executing 'hspice deck.cir -o deck' (SIM-30)
Warning: return code 0 (hspice: No such file or directory)
Info:    Current directory '/home/linux/ieng6/cs241asp25/cs241asp25bu/lab5/run_siliconsmart/LIB_FF_1.1_-40_ALL' (SIM-68)
Info:    Working in directory '/home/linux/ieng6/cs241asp25/cs241asp25bu/lab5/run_siliconsmart/LIB_FF_1.1_-40_ALL/temp/siliconsmart.ieng6-ece-08.150149.7183/removal__SDN__lh__CP__lh__ACQ_1.sif_1' (SIM-69)
Info:    Executing 'hspice deck.cir -o deck' (SIM-30)
Warning: return code 0 (hspice: No such file or directory)
Info:    Current directory '/home/linux/ieng6/cs241asp25/cs241asp25bu/lab5/run_siliconsmart/LIB_FF_1.1_-40_ALL' (SIM-68)
Info:    Working in directory '/home/linux/ieng6/cs241asp25/cs241asp25bu/lab5/run_siliconsmart/LIB_FF_1.1_-40_ALL/temp/siliconsmart.ieng6-ece-08.150149.7183/removal__SDN__lh__CP__lh__ACQ_1.sif_2' (SIM-69)
Info:    Executing 'hspice deck.cir -o deck' (SIM-30)
Warning: return code 0 (hspice: No such file or directory)
Info:    Current directory '/home/linux/ieng6/cs241asp25/cs241asp25bu/lab5/run_siliconsmart/LIB_FF_1.1_-40_ALL' (SIM-68)
Info:    Working in directory '/home/linux/ieng6/cs241asp25/cs241asp25bu/lab5/run_siliconsmart/LIB_FF_1.1_-40_ALL/temp/siliconsmart.ieng6-ece-08.150149.7183/removal__SDN__lh__CP__lh__ACQ_1.sif_3' (SIM-69)
Info:    Executing 'hspice deck.cir -o deck' (SIM-30)
Warning: return code 0 (hspice: No such file or directory)
Info:    Current directory '/home/linux/ieng6/cs241asp25/cs241asp25bu/lab5/run_siliconsmart/LIB_FF_1.1_-40_ALL' (SIM-68)
Info:    Working in directory '/home/linux/ieng6/cs241asp25/cs241asp25bu/lab5/run_siliconsmart/LIB_FF_1.1_-40_ALL/temp/siliconsmart.ieng6-ece-08.150149.7183/removal__SDN__lh__CP__lh__ACQ_1.sif_4' (SIM-69)
Info:    Executing 'hspice deck.cir -o deck' (SIM-30)
Warning: return code 0 (hspice: No such file or directory)
Info:    Current directory '/home/linux/ieng6/cs241asp25/cs241asp25bu/lab5/run_siliconsmart/LIB_FF_1.1_-40_ALL' (SIM-68)
Info:    Working in directory '/home/linux/ieng6/cs241asp25/cs241asp25bu/lab5/run_siliconsmart/LIB_FF_1.1_-40_ALL/temp/siliconsmart.ieng6-ece-08.150149.7183/removal__SDN__lh__CP__lh__ACQ_1.sif_5' (SIM-69)
Info:    Executing 'hspice deck.cir -o deck' (SIM-30)
Warning: return code 0 (hspice: No such file or directory)
Info:    Simulation removal__SDN__lh__CP__lh__ACQ_1.sif for cell DFCSNQD4 completed successfully. (SMSC-103)
Info:    IO Retry 0
Info:    set _SIS_CLIENT_RESULT_ {{DFCSNQD4 removal__SDN__lh__CP__lh__ACQ_1 {sifTS 0.0 sifName /home/linux/ieng6/cs241asp25/cs241asp25bu/lab5/run_siliconsmart/LIB_FF_1.1_-40_ALL/temp/siliconsmart.ieng6-ece-08.150149.7183/removal__SDN__lh__CP__lh__ACQ_1.sif eadCksum 14473a169eda41e3d5d03f98d143f72d simulationCount 6 exportVars {} errorList {} sofName /home/linux/ieng6/cs241asp25/cs241asp25bu/lab5/run_siliconsmart/LIB_FF_1.1_-40_ALL/temp/siliconsmart.ieng6-ece-08.150149.7183/removal__SDN__lh__CP__lh__ACQ_1.sof eadTS 0.0 eadName /home/linux/ieng6/cs241asp25/cs241asp25bu/lab5/run_siliconsmart/LIB_FF_1.1_-40_ALL/temp/siliconsmart.ieng6-ece-08.150149.7183/removal__SDN__lh__CP__lh__ACQ_1.ead enableCache 0 status done depFiles /home/linux/ieng6/cs241asp25/cs241asp25bu/lab5/run_siliconsmart/LIB_FF_1.1_-40_ALL/netlists/DFCSNQD4.cdl sifCksum 6aa52a344842c96849294f2f6bdd9319}}}
Info:    _SIS_CLIENT_RESULT_END
Info:    __recordTaskStats__ DFCSNQD4 removal__SDN__lh__CP__lh__ACQ_1 0.17 0.02 8.36 0.49 6 29.9893100262 ieng6-ece-08.ucsd.edu 1748033497.36 1748033527.35
Info:    Loading information for cell AOI21D4... (SMSC-60)
Info:    Current directory '/home/linux/ieng6/cs241asp25/cs241asp25bu/lab5/run_siliconsmart/LIB_FF_1.1_-40_ALL' (SIM-68)
Info:    Working in directory '/home/linux/ieng6/cs241asp25/cs241asp25bu/lab5/run_siliconsmart/LIB_FF_1.1_-40_ALL/temp/siliconsmart.ieng6-ece-08.150149.7183/leakage_power__ACQ_2.sif_0' (SIM-69)
Info:    Executing 'hspice deck.cir -o deck' (SIM-30)
Warning: return code 0 (hspice: No such file or directory)
Info:    Simulation leakage_power__ACQ_2.sif for cell AOI21D4 completed successfully. (SMSC-103)
Info:    IO Retry 0
Info:    set _SIS_CLIENT_RESULT_ {{AOI21D4 leakage_power__ACQ_2 {sifTS 0.0 sifName /home/linux/ieng6/cs241asp25/cs241asp25bu/lab5/run_siliconsmart/LIB_FF_1.1_-40_ALL/temp/siliconsmart.ieng6-ece-08.150149.7183/leakage_power__ACQ_2.sif eadCksum 06c0c6f0af99e778a7f8e5db06fae3b4 simulationCount 1 exportVars {} errorList {} sofName /home/linux/ieng6/cs241asp25/cs241asp25bu/lab5/run_siliconsmart/LIB_FF_1.1_-40_ALL/temp/siliconsmart.ieng6-ece-08.150149.7183/leakage_power__ACQ_2.sof eadTS 0.0 eadName /home/linux/ieng6/cs241asp25/cs241asp25bu/lab5/run_siliconsmart/LIB_FF_1.1_-40_ALL/temp/siliconsmart.ieng6-ece-08.150149.7183/leakage_power__ACQ_2.ead enableCache 0 status done depFiles /home/linux/ieng6/cs241asp25/cs241asp25bu/lab5/run_siliconsmart/LIB_FF_1.1_-40_ALL/netlists/AOI21D4.cdl sifCksum ecd2bfefa567c7b49030fdc4931160ed}}}
Info:    _SIS_CLIENT_RESULT_END
Info:    __recordTaskStats__ AOI21D4 leakage_power__ACQ_2 0.08 0.01 0.39 0.06 1 2.45557188988 ieng6-ece-08.ucsd.edu 1748033527.4 1748033529.86
Info:    Loading information for cell MUX2D0... (SMSC-60)
Info:    Current directory '/home/linux/ieng6/cs241asp25/cs241asp25bu/lab5/run_siliconsmart/LIB_FF_1.1_-40_ALL' (SIM-68)
Info:    Working in directory '/home/linux/ieng6/cs241asp25/cs241asp25bu/lab5/run_siliconsmart/LIB_FF_1.1_-40_ALL/temp/siliconsmart.ieng6-ece-08.150149.7183/Cin__I1__lh__ACQ_1.sif_0' (SIM-69)
Info:    Executing 'hspice deck.cir -o deck' (SIM-30)
Warning: return code 0 (hspice: No such file or directory)
Info:    Simulation Cin__I1__lh__ACQ_1.sif for cell MUX2D0 completed successfully. (SMSC-103)
Info:    IO Retry 0
Info:    set _SIS_CLIENT_RESULT_ {{MUX2D0 Cin__I1__lh__ACQ_1 {sifTS 0.0 sifName /home/linux/ieng6/cs241asp25/cs241asp25bu/lab5/run_siliconsmart/LIB_FF_1.1_-40_ALL/temp/siliconsmart.ieng6-ece-08.150149.7183/Cin__I1__lh__ACQ_1.sif eadCksum 9802eb1c7c73cf0c089fea2c7097d664 simulationCount 1 exportVars {} errorList {} sofName /home/linux/ieng6/cs241asp25/cs241asp25bu/lab5/run_siliconsmart/LIB_FF_1.1_-40_ALL/temp/siliconsmart.ieng6-ece-08.150149.7183/Cin__I1__lh__ACQ_1.sof eadTS 0.0 eadName /home/linux/ieng6/cs241asp25/cs241asp25bu/lab5/run_siliconsmart/LIB_FF_1.1_-40_ALL/temp/siliconsmart.ieng6-ece-08.150149.7183/Cin__I1__lh__ACQ_1.ead enableCache 0 status done depFiles /home/linux/ieng6/cs241asp25/cs241asp25bu/lab5/run_siliconsmart/LIB_FF_1.1_-40_ALL/netlists/MUX2D0.cdl sifCksum fcd1393630ce85bfaa3454d35092651b}}}
Info:    _SIS_CLIENT_RESULT_END
Info:    __recordTaskStats__ MUX2D0 Cin__I1__lh__ACQ_1 0.07 0.01 0.42 0.06 1 2.5460319519 ieng6-ece-08.ucsd.edu 1748033529.87 1748033532.41
Info:    Loading information for cell MUX2D0... (SMSC-60)
Info:    Current directory '/home/linux/ieng6/cs241asp25/cs241asp25bu/lab5/run_siliconsmart/LIB_FF_1.1_-40_ALL' (SIM-68)
Info:    Working in directory '/home/linux/ieng6/cs241asp25/cs241asp25bu/lab5/run_siliconsmart/LIB_FF_1.1_-40_ALL/temp/siliconsmart.ieng6-ece-08.150149.7183/delay__S__hl__Z__lh__ACQ_1.sif_0' (SIM-69)
Info:    Executing 'hspice deck.cir -o deck' (SIM-30)
Warning: return code 0 (hspice: No such file or directory)
Info:    Simulation delay__S__hl__Z__lh__ACQ_1.sif for cell MUX2D0 completed successfully. (SMSC-103)
Info:    IO Retry 0
Info:    set _SIS_CLIENT_RESULT_ {{MUX2D0 delay__S__hl__Z__lh__ACQ_1 {sifTS 0.0 sifName /home/linux/ieng6/cs241asp25/cs241asp25bu/lab5/run_siliconsmart/LIB_FF_1.1_-40_ALL/temp/siliconsmart.ieng6-ece-08.150149.7183/delay__S__hl__Z__lh__ACQ_1.sif eadCksum c6f01f2b2872761b7f51fb2c847792b9 simulationCount 1 exportVars {} errorList {} sofName /home/linux/ieng6/cs241asp25/cs241asp25bu/lab5/run_siliconsmart/LIB_FF_1.1_-40_ALL/temp/siliconsmart.ieng6-ece-08.150149.7183/delay__S__hl__Z__lh__ACQ_1.sof eadTS 0.0 eadName /home/linux/ieng6/cs241asp25/cs241asp25bu/lab5/run_siliconsmart/LIB_FF_1.1_-40_ALL/temp/siliconsmart.ieng6-ece-08.150149.7183/delay__S__hl__Z__lh__ACQ_1.ead enableCache 0 status done depFiles /home/linux/ieng6/cs241asp25/cs241asp25bu/lab5/run_siliconsmart/LIB_FF_1.1_-40_ALL/netlists/MUX2D0.cdl sifCksum d2c78b7e100bb471181d15e5ef12f2b9}}}
Info:    _SIS_CLIENT_RESULT_END
Info:    __recordTaskStats__ MUX2D0 delay__S__hl__Z__lh__ACQ_1 0.1 0.01 1.48 0.08 1 4.38207697868 ieng6-ece-08.ucsd.edu 1748033532.43 1748033536.81
Info:    Loading information for cell MUX2D2... (SMSC-60)
Info:    Current directory '/home/linux/ieng6/cs241asp25/cs241asp25bu/lab5/run_siliconsmart/LIB_FF_1.1_-40_ALL' (SIM-68)
Info:    Working in directory '/home/linux/ieng6/cs241asp25/cs241asp25bu/lab5/run_siliconsmart/LIB_FF_1.1_-40_ALL/temp/siliconsmart.ieng6-ece-08.150149.7183/delay__S__hl__Z__hl__ACQ_1.sif_0' (SIM-69)
Info:    Executing 'hspice deck.cir -o deck' (SIM-30)
Warning: return code 0 (hspice: No such file or directory)
Info:    Simulation delay__S__hl__Z__hl__ACQ_1.sif for cell MUX2D2 completed successfully. (SMSC-103)
Info:    IO Retry 0
Info:    set _SIS_CLIENT_RESULT_ {{MUX2D2 delay__S__hl__Z__hl__ACQ_1 {sifTS 0.0 sifName /home/linux/ieng6/cs241asp25/cs241asp25bu/lab5/run_siliconsmart/LIB_FF_1.1_-40_ALL/temp/siliconsmart.ieng6-ece-08.150149.7183/delay__S__hl__Z__hl__ACQ_1.sif eadCksum cd0659d1afebb1ad4d8fd1b74a6108b5 simulationCount 1 exportVars {} errorList {} sofName /home/linux/ieng6/cs241asp25/cs241asp25bu/lab5/run_siliconsmart/LIB_FF_1.1_-40_ALL/temp/siliconsmart.ieng6-ece-08.150149.7183/delay__S__hl__Z__hl__ACQ_1.sof eadTS 0.0 eadName /home/linux/ieng6/cs241asp25/cs241asp25bu/lab5/run_siliconsmart/LIB_FF_1.1_-40_ALL/temp/siliconsmart.ieng6-ece-08.150149.7183/delay__S__hl__Z__hl__ACQ_1.ead enableCache 0 status done depFiles /home/linux/ieng6/cs241asp25/cs241asp25bu/lab5/run_siliconsmart/LIB_FF_1.1_-40_ALL/netlists/MUX2D2.cdl sifCksum 0addadcbcf321afbc5d8ad6c64922304}}}
Info:    _SIS_CLIENT_RESULT_END
Info:    __recordTaskStats__ MUX2D2 delay__S__hl__Z__hl__ACQ_1 0.13 0.0 1.5 0.1 1 5.95803999901 ieng6-ece-08.ucsd.edu 1748033536.87 1748033542.83
Info:    Loading information for cell MUX2D4... (SMSC-60)
Info:    Current directory '/home/linux/ieng6/cs241asp25/cs241asp25bu/lab5/run_siliconsmart/LIB_FF_1.1_-40_ALL' (SIM-68)
Info:    Working in directory '/home/linux/ieng6/cs241asp25/cs241asp25bu/lab5/run_siliconsmart/LIB_FF_1.1_-40_ALL/temp/siliconsmart.ieng6-ece-08.150149.7183/Cin__S__lh__ACQ_1.sif_0' (SIM-69)
Info:    Executing 'hspice deck.cir -o deck' (SIM-30)
Warning: return code 0 (hspice: No such file or directory)
Info:    Simulation Cin__S__lh__ACQ_1.sif for cell MUX2D4 completed successfully. (SMSC-103)
Info:    IO Retry 0
Info:    set _SIS_CLIENT_RESULT_ {{MUX2D4 Cin__S__lh__ACQ_1 {sifTS 0.0 sifName /home/linux/ieng6/cs241asp25/cs241asp25bu/lab5/run_siliconsmart/LIB_FF_1.1_-40_ALL/temp/siliconsmart.ieng6-ece-08.150149.7183/Cin__S__lh__ACQ_1.sif eadCksum 59676409afe43fbe3ba6a96f549dc7ae simulationCount 1 exportVars {} errorList {} sofName /home/linux/ieng6/cs241asp25/cs241asp25bu/lab5/run_siliconsmart/LIB_FF_1.1_-40_ALL/temp/siliconsmart.ieng6-ece-08.150149.7183/Cin__S__lh__ACQ_1.sof eadTS 0.0 eadName /home/linux/ieng6/cs241asp25/cs241asp25bu/lab5/run_siliconsmart/LIB_FF_1.1_-40_ALL/temp/siliconsmart.ieng6-ece-08.150149.7183/Cin__S__lh__ACQ_1.ead enableCache 0 status done depFiles /home/linux/ieng6/cs241asp25/cs241asp25bu/lab5/run_siliconsmart/LIB_FF_1.1_-40_ALL/netlists/MUX2D4.cdl sifCksum c1d4f2e757f41659e029977b35f2962f}}}
Info:    _SIS_CLIENT_RESULT_END
Info:    __recordTaskStats__ MUX2D4 Cin__S__lh__ACQ_1 0.08 0.01 0.49 0.08 1 2.59302616119 ieng6-ece-08.ucsd.edu 1748033542.84 1748033545.44
Info:    Loading information for cell OAI21D1... (SMSC-60)
Info:    Current directory '/home/linux/ieng6/cs241asp25/cs241asp25bu/lab5/run_siliconsmart/LIB_FF_1.1_-40_ALL' (SIM-68)
Info:    Working in directory '/home/linux/ieng6/cs241asp25/cs241asp25bu/lab5/run_siliconsmart/LIB_FF_1.1_-40_ALL/temp/siliconsmart.ieng6-ece-08.150149.7183/Cin__A1__lh__ACQ_1.sif_0' (SIM-69)
Info:    Executing 'hspice deck.cir -o deck' (SIM-30)
Warning: return code 0 (hspice: No such file or directory)
Info:    Simulation Cin__A1__lh__ACQ_1.sif for cell OAI21D1 completed successfully. (SMSC-103)
Info:    IO Retry 0
Info:    set _SIS_CLIENT_RESULT_ {{OAI21D1 Cin__A1__lh__ACQ_1 {sifTS 0.0 sifName /home/linux/ieng6/cs241asp25/cs241asp25bu/lab5/run_siliconsmart/LIB_FF_1.1_-40_ALL/temp/siliconsmart.ieng6-ece-08.150149.7183/Cin__A1__lh__ACQ_1.sif eadCksum 162aa3f94cf4e0bd72349e67b5c3f27b simulationCount 1 exportVars {} errorList {} sofName /home/linux/ieng6/cs241asp25/cs241asp25bu/lab5/run_siliconsmart/LIB_FF_1.1_-40_ALL/temp/siliconsmart.ieng6-ece-08.150149.7183/Cin__A1__lh__ACQ_1.sof eadTS 0.0 eadName /home/linux/ieng6/cs241asp25/cs241asp25bu/lab5/run_siliconsmart/LIB_FF_1.1_-40_ALL/temp/siliconsmart.ieng6-ece-08.150149.7183/Cin__A1__lh__ACQ_1.ead enableCache 0 status done depFiles /home/linux/ieng6/cs241asp25/cs241asp25bu/lab5/run_siliconsmart/LIB_FF_1.1_-40_ALL/netlists/OAI21D1.cdl sifCksum e54185fd72fca57f4879311575f84db0}}}
Info:    _SIS_CLIENT_RESULT_END
Info:    __recordTaskStats__ OAI21D1 Cin__A1__lh__ACQ_1 0.07 0.01 0.4 0.07 1 2.08007311821 ieng6-ece-08.ucsd.edu 1748033545.44 1748033547.52
Info:    Loading information for cell OAI21D1... (SMSC-60)
Info:    Current directory '/home/linux/ieng6/cs241asp25/cs241asp25bu/lab5/run_siliconsmart/LIB_FF_1.1_-40_ALL' (SIM-68)
Info:    Working in directory '/home/linux/ieng6/cs241asp25/cs241asp25bu/lab5/run_siliconsmart/LIB_FF_1.1_-40_ALL/temp/siliconsmart.ieng6-ece-08.150149.7183/Cin__B__hl__ACQ_1.sif_0' (SIM-69)
Info:    Executing 'hspice deck.cir -o deck' (SIM-30)
Warning: return code 0 (hspice: No such file or directory)
Info:    Simulation Cin__B__hl__ACQ_1.sif for cell OAI21D1 completed successfully. (SMSC-103)
Info:    IO Retry 0
Info:    set _SIS_CLIENT_RESULT_ {{OAI21D1 Cin__B__hl__ACQ_1 {sifTS 0.0 sifName /home/linux/ieng6/cs241asp25/cs241asp25bu/lab5/run_siliconsmart/LIB_FF_1.1_-40_ALL/temp/siliconsmart.ieng6-ece-08.150149.7183/Cin__B__hl__ACQ_1.sif eadCksum 79ca307d27f3adee9e311ee975152316 simulationCount 1 exportVars {} errorList {} sofName /home/linux/ieng6/cs241asp25/cs241asp25bu/lab5/run_siliconsmart/LIB_FF_1.1_-40_ALL/temp/siliconsmart.ieng6-ece-08.150149.7183/Cin__B__hl__ACQ_1.sof eadTS 0.0 eadName /home/linux/ieng6/cs241asp25/cs241asp25bu/lab5/run_siliconsmart/LIB_FF_1.1_-40_ALL/temp/siliconsmart.ieng6-ece-08.150149.7183/Cin__B__hl__ACQ_1.ead enableCache 0 status done depFiles /home/linux/ieng6/cs241asp25/cs241asp25bu/lab5/run_siliconsmart/LIB_FF_1.1_-40_ALL/netlists/OAI21D1.cdl sifCksum 0ca9c00cd2fcdff5274a1cb56f8515f0}}}
Info:    _SIS_CLIENT_RESULT_END
Info:    __recordTaskStats__ OAI21D1 Cin__B__hl__ACQ_1 0.07 0.01 0.48 0.07 1 2.10898995399 ieng6-ece-08.ucsd.edu 1748033547.55 1748033549.66
Info:    Loading information for cell OAI21D4... (SMSC-60)
Info:    Current directory '/home/linux/ieng6/cs241asp25/cs241asp25bu/lab5/run_siliconsmart/LIB_FF_1.1_-40_ALL' (SIM-68)
Info:    Working in directory '/home/linux/ieng6/cs241asp25/cs241asp25bu/lab5/run_siliconsmart/LIB_FF_1.1_-40_ALL/temp/siliconsmart.ieng6-ece-08.150149.7183/Cin__A2__hl__ACQ_1.sif_0' (SIM-69)
Info:    Executing 'hspice deck.cir -o deck' (SIM-30)
Warning: return code 0 (hspice: No such file or directory)
Info:    Simulation Cin__A2__hl__ACQ_1.sif for cell OAI21D4 completed successfully. (SMSC-103)
Info:    IO Retry 0
Info:    set _SIS_CLIENT_RESULT_ {{OAI21D4 Cin__A2__hl__ACQ_1 {sifTS 0.0 sifName /home/linux/ieng6/cs241asp25/cs241asp25bu/lab5/run_siliconsmart/LIB_FF_1.1_-40_ALL/temp/siliconsmart.ieng6-ece-08.150149.7183/Cin__A2__hl__ACQ_1.sif eadCksum c6474d2c00051db4a999bcf19ca33ee0 simulationCount 1 exportVars {} errorList {} sofName /home/linux/ieng6/cs241asp25/cs241asp25bu/lab5/run_siliconsmart/LIB_FF_1.1_-40_ALL/temp/siliconsmart.ieng6-ece-08.150149.7183/Cin__A2__hl__ACQ_1.sof eadTS 0.0 eadName /home/linux/ieng6/cs241asp25/cs241asp25bu/lab5/run_siliconsmart/LIB_FF_1.1_-40_ALL/temp/siliconsmart.ieng6-ece-08.150149.7183/Cin__A2__hl__ACQ_1.ead enableCache 0 status done depFiles /home/linux/ieng6/cs241asp25/cs241asp25bu/lab5/run_siliconsmart/LIB_FF_1.1_-40_ALL/netlists/OAI21D4.cdl sifCksum a3f71fd5e105111c74c3074b0fe45175}}}
Info:    _SIS_CLIENT_RESULT_END
Info:    __recordTaskStats__ OAI21D4 Cin__A2__hl__ACQ_1 0.08 0.0 0.53 0.07 1 2.66425681114 ieng6-ece-08.ucsd.edu 1748033549.66 1748033552.32
Info:    Loading information for cell AN2D0... (SMSC-60)
Info:    Current directory '/home/linux/ieng6/cs241asp25/cs241asp25bu/lab5/run_siliconsmart/LIB_FF_1.1_-40_ALL' (SIM-68)
Info:    Working in directory '/home/linux/ieng6/cs241asp25/cs241asp25bu/lab5/run_siliconsmart/LIB_FF_1.1_-40_ALL/temp/siliconsmart.ieng6-ece-08.150149.7183/Cin__A1__lh__ACQ_1.sif_0' (SIM-69)
Info:    Executing 'hspice deck.cir -o deck' (SIM-30)
Warning: return code 0 (hspice: No such file or directory)
Info:    Simulation Cin__A1__lh__ACQ_1.sif for cell AN2D0 completed successfully. (SMSC-103)
Info:    IO Retry 0
Info:    set _SIS_CLIENT_RESULT_ {{AN2D0 Cin__A1__lh__ACQ_1 {sifTS 0.0 sifName /home/linux/ieng6/cs241asp25/cs241asp25bu/lab5/run_siliconsmart/LIB_FF_1.1_-40_ALL/temp/siliconsmart.ieng6-ece-08.150149.7183/Cin__A1__lh__ACQ_1.sif eadCksum 44f7ef82f495ac3b968e468484e8e9bc simulationCount 1 exportVars {} errorList {} sofName /home/linux/ieng6/cs241asp25/cs241asp25bu/lab5/run_siliconsmart/LIB_FF_1.1_-40_ALL/temp/siliconsmart.ieng6-ece-08.150149.7183/Cin__A1__lh__ACQ_1.sof eadTS 0.0 eadName /home/linux/ieng6/cs241asp25/cs241asp25bu/lab5/run_siliconsmart/LIB_FF_1.1_-40_ALL/temp/siliconsmart.ieng6-ece-08.150149.7183/Cin__A1__lh__ACQ_1.ead enableCache 0 status done depFiles /home/linux/ieng6/cs241asp25/cs241asp25bu/lab5/run_siliconsmart/LIB_FF_1.1_-40_ALL/netlists/AN2D0.cdl sifCksum b697bd8a227a17972a11314aa96c0c29}}}
Info:    _SIS_CLIENT_RESULT_END
Info:    __recordTaskStats__ AN2D0 Cin__A1__lh__ACQ_1 0.06 0.01 0.43 0.07 1 2.12807583809 ieng6-ece-08.ucsd.edu 1748033552.33 1748033554.46
Info:    Loading information for cell AN2D1... (SMSC-60)
Info:    Current directory '/home/linux/ieng6/cs241asp25/cs241asp25bu/lab5/run_siliconsmart/LIB_FF_1.1_-40_ALL' (SIM-68)
Info:    Working in directory '/home/linux/ieng6/cs241asp25/cs241asp25bu/lab5/run_siliconsmart/LIB_FF_1.1_-40_ALL/temp/siliconsmart.ieng6-ece-08.150149.7183/leakage_power__ACQ_4.sif_0' (SIM-69)
Info:    Executing 'hspice deck.cir -o deck' (SIM-30)
Warning: return code 0 (hspice: No such file or directory)
Info:    Simulation leakage_power__ACQ_4.sif for cell AN2D1 completed successfully. (SMSC-103)
Info:    IO Retry 0
Info:    set _SIS_CLIENT_RESULT_ {{AN2D1 leakage_power__ACQ_4 {sifTS 0.0 sifName /home/linux/ieng6/cs241asp25/cs241asp25bu/lab5/run_siliconsmart/LIB_FF_1.1_-40_ALL/temp/siliconsmart.ieng6-ece-08.150149.7183/leakage_power__ACQ_4.sif eadCksum 15678457156ea2ee92bfd4f589f63e38 simulationCount 1 exportVars {} errorList {} sofName /home/linux/ieng6/cs241asp25/cs241asp25bu/lab5/run_siliconsmart/LIB_FF_1.1_-40_ALL/temp/siliconsmart.ieng6-ece-08.150149.7183/leakage_power__ACQ_4.sof eadTS 0.0 eadName /home/linux/ieng6/cs241asp25/cs241asp25bu/lab5/run_siliconsmart/LIB_FF_1.1_-40_ALL/temp/siliconsmart.ieng6-ece-08.150149.7183/leakage_power__ACQ_4.ead enableCache 0 status done depFiles /home/linux/ieng6/cs241asp25/cs241asp25bu/lab5/run_siliconsmart/LIB_FF_1.1_-40_ALL/netlists/AN2D1.cdl sifCksum adfb49e85526466e22ed191f2ed116e2}}}
Info:    _SIS_CLIENT_RESULT_END
Info:    __recordTaskStats__ AN2D1 leakage_power__ACQ_4 0.07 0.01 0.31 0.07 1 2.09797501564 ieng6-ece-08.ucsd.edu 1748033554.47 1748033556.57
Info:    Loading information for cell AN2D2... (SMSC-60)
Info:    Current directory '/home/linux/ieng6/cs241asp25/cs241asp25bu/lab5/run_siliconsmart/LIB_FF_1.1_-40_ALL' (SIM-68)
Info:    Working in directory '/home/linux/ieng6/cs241asp25/cs241asp25bu/lab5/run_siliconsmart/LIB_FF_1.1_-40_ALL/temp/siliconsmart.ieng6-ece-08.150149.7183/leakage_power__ACQ_1.sif_0' (SIM-69)
Info:    Executing 'hspice deck.cir -o deck' (SIM-30)
Warning: return code 0 (hspice: No such file or directory)
Info:    Simulation leakage_power__ACQ_1.sif for cell AN2D2 completed successfully. (SMSC-103)
Info:    IO Retry 0
Info:    set _SIS_CLIENT_RESULT_ {{AN2D2 leakage_power__ACQ_1 {sifTS 0.0 sifName /home/linux/ieng6/cs241asp25/cs241asp25bu/lab5/run_siliconsmart/LIB_FF_1.1_-40_ALL/temp/siliconsmart.ieng6-ece-08.150149.7183/leakage_power__ACQ_1.sif eadCksum d4f1c1439151d2f0b33969ca7cb1ffa8 simulationCount 1 exportVars {} errorList {} sofName /home/linux/ieng6/cs241asp25/cs241asp25bu/lab5/run_siliconsmart/LIB_FF_1.1_-40_ALL/temp/siliconsmart.ieng6-ece-08.150149.7183/leakage_power__ACQ_1.sof eadTS 0.0 eadName /home/linux/ieng6/cs241asp25/cs241asp25bu/lab5/run_siliconsmart/LIB_FF_1.1_-40_ALL/temp/siliconsmart.ieng6-ece-08.150149.7183/leakage_power__ACQ_1.ead enableCache 0 status done depFiles /home/linux/ieng6/cs241asp25/cs241asp25bu/lab5/run_siliconsmart/LIB_FF_1.1_-40_ALL/netlists/AN2D2.cdl sifCksum 0bb105ab6efd1946f50b61c77605f123}}}
Info:    _SIS_CLIENT_RESULT_END
Info:    __recordTaskStats__ AN2D2 leakage_power__ACQ_1 0.06 0.01 0.68 0.07 1 2.19140100479 ieng6-ece-08.ucsd.edu 1748033556.58 1748033558.77
Info:    Loading information for cell AN2D8... (SMSC-60)
Info:    Current directory '/home/linux/ieng6/cs241asp25/cs241asp25bu/lab5/run_siliconsmart/LIB_FF_1.1_-40_ALL' (SIM-68)
Info:    Working in directory '/home/linux/ieng6/cs241asp25/cs241asp25bu/lab5/run_siliconsmart/LIB_FF_1.1_-40_ALL/temp/siliconsmart.ieng6-ece-08.150149.7183/leakage_power__ACQ_4.sif_0' (SIM-69)
Info:    Executing 'hspice deck.cir -o deck' (SIM-30)
Warning: return code 0 (hspice: No such file or directory)
Info:    Simulation leakage_power__ACQ_4.sif for cell AN2D8 completed successfully. (SMSC-103)
Info:    IO Retry 0
Info:    set _SIS_CLIENT_RESULT_ {{AN2D8 leakage_power__ACQ_4 {sifTS 0.0 sifName /home/linux/ieng6/cs241asp25/cs241asp25bu/lab5/run_siliconsmart/LIB_FF_1.1_-40_ALL/temp/siliconsmart.ieng6-ece-08.150149.7183/leakage_power__ACQ_4.sif eadCksum 404122187ae47fa50c55b7568723240b simulationCount 1 exportVars {} errorList {} sofName /home/linux/ieng6/cs241asp25/cs241asp25bu/lab5/run_siliconsmart/LIB_FF_1.1_-40_ALL/temp/siliconsmart.ieng6-ece-08.150149.7183/leakage_power__ACQ_4.sof eadTS 0.0 eadName /home/linux/ieng6/cs241asp25/cs241asp25bu/lab5/run_siliconsmart/LIB_FF_1.1_-40_ALL/temp/siliconsmart.ieng6-ece-08.150149.7183/leakage_power__ACQ_4.ead enableCache 0 status done depFiles /home/linux/ieng6/cs241asp25/cs241asp25bu/lab5/run_siliconsmart/LIB_FF_1.1_-40_ALL/netlists/AN2D8.cdl sifCksum f0152099e6b4da83c47d30bbd609a4f3}}}
Info:    _SIS_CLIENT_RESULT_END
Info:    __recordTaskStats__ AN2D8 leakage_power__ACQ_4 0.06 0.01 0.34 0.06 1 2.38242411613 ieng6-ece-08.ucsd.edu 1748033558.78 1748033561.16
Info:    Loading information for cell AN2XD1... (SMSC-60)
Info:    Current directory '/home/linux/ieng6/cs241asp25/cs241asp25bu/lab5/run_siliconsmart/LIB_FF_1.1_-40_ALL' (SIM-68)
Info:    Working in directory '/home/linux/ieng6/cs241asp25/cs241asp25bu/lab5/run_siliconsmart/LIB_FF_1.1_-40_ALL/temp/siliconsmart.ieng6-ece-08.150149.7183/delay__A2__hl__Z__hl__ACQ_1.sif_0' (SIM-69)
Info:    Executing 'hspice deck.cir -o deck' (SIM-30)
Warning: return code 0 (hspice: No such file or directory)
Info:    Simulation delay__A2__hl__Z__hl__ACQ_1.sif for cell AN2XD1 completed successfully. (SMSC-103)
Info:    IO Retry 0
Info:    set _SIS_CLIENT_RESULT_ {{AN2XD1 delay__A2__hl__Z__hl__ACQ_1 {sifTS 0.0 sifName /home/linux/ieng6/cs241asp25/cs241asp25bu/lab5/run_siliconsmart/LIB_FF_1.1_-40_ALL/temp/siliconsmart.ieng6-ece-08.150149.7183/delay__A2__hl__Z__hl__ACQ_1.sif eadCksum b33ab68a9d45f012b68885a1f9387a74 simulationCount 1 exportVars {} errorList {} sofName /home/linux/ieng6/cs241asp25/cs241asp25bu/lab5/run_siliconsmart/LIB_FF_1.1_-40_ALL/temp/siliconsmart.ieng6-ece-08.150149.7183/delay__A2__hl__Z__hl__ACQ_1.sof eadTS 0.0 eadName /home/linux/ieng6/cs241asp25/cs241asp25bu/lab5/run_siliconsmart/LIB_FF_1.1_-40_ALL/temp/siliconsmart.ieng6-ece-08.150149.7183/delay__A2__hl__Z__hl__ACQ_1.ead enableCache 0 status done depFiles /home/linux/ieng6/cs241asp25/cs241asp25bu/lab5/run_siliconsmart/LIB_FF_1.1_-40_ALL/netlists/AN2XD1.cdl sifCksum f9c9ec4b65b9daef15fe559c0b5dbc2c}}}
Info:    _SIS_CLIENT_RESULT_END
Info:    __recordTaskStats__ AN2XD1 delay__A2__hl__Z__hl__ACQ_1 0.12 0.01 1.15 0.09 1 4.08027100563 ieng6-ece-08.ucsd.edu 1748033561.16 1748033565.24
Info:    Loading information for cell ND2D2... (SMSC-60)
Info:    Current directory '/home/linux/ieng6/cs241asp25/cs241asp25bu/lab5/run_siliconsmart/LIB_FF_1.1_-40_ALL' (SIM-68)
Info:    Working in directory '/home/linux/ieng6/cs241asp25/cs241asp25bu/lab5/run_siliconsmart/LIB_FF_1.1_-40_ALL/temp/siliconsmart.ieng6-ece-08.150149.7183/delay__A2__hl__ZN__lh__ACQ_1.sif_0' (SIM-69)
Info:    Executing 'hspice deck.cir -o deck' (SIM-30)
Warning: return code 0 (hspice: No such file or directory)
Info:    Simulation delay__A2__hl__ZN__lh__ACQ_1.sif for cell ND2D2 completed successfully. (SMSC-103)
Info:    IO Retry 0
Info:    set _SIS_CLIENT_RESULT_ {{ND2D2 delay__A2__hl__ZN__lh__ACQ_1 {sifTS 0.0 sifName /home/linux/ieng6/cs241asp25/cs241asp25bu/lab5/run_siliconsmart/LIB_FF_1.1_-40_ALL/temp/siliconsmart.ieng6-ece-08.150149.7183/delay__A2__hl__ZN__lh__ACQ_1.sif eadCksum 122733cbffe452d476708fb0b2af079d simulationCount 1 exportVars {} errorList {} sofName /home/linux/ieng6/cs241asp25/cs241asp25bu/lab5/run_siliconsmart/LIB_FF_1.1_-40_ALL/temp/siliconsmart.ieng6-ece-08.150149.7183/delay__A2__hl__ZN__lh__ACQ_1.sof eadTS 0.0 eadName /home/linux/ieng6/cs241asp25/cs241asp25bu/lab5/run_siliconsmart/LIB_FF_1.1_-40_ALL/temp/siliconsmart.ieng6-ece-08.150149.7183/delay__A2__hl__ZN__lh__ACQ_1.ead enableCache 0 status done depFiles /home/linux/ieng6/cs241asp25/cs241asp25bu/lab5/run_siliconsmart/LIB_FF_1.1_-40_ALL/netlists/ND2D2.cdl sifCksum 6d95bbaf51519d4d126bf5385c126c3d}}}
Info:    _SIS_CLIENT_RESULT_END
Info:    __recordTaskStats__ ND2D2 delay__A2__hl__ZN__lh__ACQ_1 0.11 0.01 1.22 0.08 1 4.24255514145 ieng6-ece-08.ucsd.edu 1748033565.25 1748033569.49
Info:    Loading information for cell ND2D8... (SMSC-60)
Info:    Current directory '/home/linux/ieng6/cs241asp25/cs241asp25bu/lab5/run_siliconsmart/LIB_FF_1.1_-40_ALL' (SIM-68)
Info:    Working in directory '/home/linux/ieng6/cs241asp25/cs241asp25bu/lab5/run_siliconsmart/LIB_FF_1.1_-40_ALL/temp/siliconsmart.ieng6-ece-08.150149.7183/delay__A2__hl__ZN__lh__ACQ_1.sif_0' (SIM-69)
Info:    Executing 'hspice deck.cir -o deck' (SIM-30)
Warning: return code 0 (hspice: No such file or directory)
Info:    Simulation delay__A2__hl__ZN__lh__ACQ_1.sif for cell ND2D8 completed successfully. (SMSC-103)
Info:    IO Retry 0
Info:    set _SIS_CLIENT_RESULT_ {{ND2D8 delay__A2__hl__ZN__lh__ACQ_1 {sifTS 0.0 sifName /home/linux/ieng6/cs241asp25/cs241asp25bu/lab5/run_siliconsmart/LIB_FF_1.1_-40_ALL/temp/siliconsmart.ieng6-ece-08.150149.7183/delay__A2__hl__ZN__lh__ACQ_1.sif eadCksum 46de95f968e13238911c632450e0a1b8 simulationCount 1 exportVars {} errorList {} sofName /home/linux/ieng6/cs241asp25/cs241asp25bu/lab5/run_siliconsmart/LIB_FF_1.1_-40_ALL/temp/siliconsmart.ieng6-ece-08.150149.7183/delay__A2__hl__ZN__lh__ACQ_1.sof eadTS 0.0 eadName /home/linux/ieng6/cs241asp25/cs241asp25bu/lab5/run_siliconsmart/LIB_FF_1.1_-40_ALL/temp/siliconsmart.ieng6-ece-08.150149.7183/delay__A2__hl__ZN__lh__ACQ_1.ead enableCache 0 status done depFiles /home/linux/ieng6/cs241asp25/cs241asp25bu/lab5/run_siliconsmart/LIB_FF_1.1_-40_ALL/netlists/ND2D8.cdl sifCksum 70cdedda87ea217c13b8fdceaecd257b}}}
Info:    _SIS_CLIENT_RESULT_END
Info:    __recordTaskStats__ ND2D8 delay__A2__hl__ZN__lh__ACQ_1 0.12 0.0 2.33 0.1 1 6.17950582504 ieng6-ece-08.ucsd.edu 1748033569.51 1748033575.69
Info:    Loading information for cell NR2D4... (SMSC-60)
Info:    Current directory '/home/linux/ieng6/cs241asp25/cs241asp25bu/lab5/run_siliconsmart/LIB_FF_1.1_-40_ALL' (SIM-68)
Info:    Working in directory '/home/linux/ieng6/cs241asp25/cs241asp25bu/lab5/run_siliconsmart/LIB_FF_1.1_-40_ALL/temp/siliconsmart.ieng6-ece-08.150149.7183/Cin__A1__lh__ACQ_1.sif_0' (SIM-69)
Info:    Executing 'hspice deck.cir -o deck' (SIM-30)
Warning: return code 0 (hspice: No such file or directory)
Info:    Simulation Cin__A1__lh__ACQ_1.sif for cell NR2D4 completed successfully. (SMSC-103)
Info:    IO Retry 0
Info:    set _SIS_CLIENT_RESULT_ {{NR2D4 Cin__A1__lh__ACQ_1 {sifTS 0.0 sifName /home/linux/ieng6/cs241asp25/cs241asp25bu/lab5/run_siliconsmart/LIB_FF_1.1_-40_ALL/temp/siliconsmart.ieng6-ece-08.150149.7183/Cin__A1__lh__ACQ_1.sif eadCksum e5326b003d5dfa3e9471264cfb4b70c9 simulationCount 1 exportVars {} errorList {} sofName /home/linux/ieng6/cs241asp25/cs241asp25bu/lab5/run_siliconsmart/LIB_FF_1.1_-40_ALL/temp/siliconsmart.ieng6-ece-08.150149.7183/Cin__A1__lh__ACQ_1.sof eadTS 0.0 eadName /home/linux/ieng6/cs241asp25/cs241asp25bu/lab5/run_siliconsmart/LIB_FF_1.1_-40_ALL/temp/siliconsmart.ieng6-ece-08.150149.7183/Cin__A1__lh__ACQ_1.ead enableCache 0 status done depFiles /home/linux/ieng6/cs241asp25/cs241asp25bu/lab5/run_siliconsmart/LIB_FF_1.1_-40_ALL/netlists/NR2D4.cdl sifCksum 76eac974830d271bc56d953bcb0f97e5}}}
Info:    _SIS_CLIENT_RESULT_END
Info:    __recordTaskStats__ NR2D4 Cin__A1__lh__ACQ_1 0.07 0.01 0.64 0.07 1 2.98317694664 ieng6-ece-08.ucsd.edu 1748033575.73 1748033578.71
Info:    Loading information for cell OR2D0... (SMSC-60)
Info:    Current directory '/home/linux/ieng6/cs241asp25/cs241asp25bu/lab5/run_siliconsmart/LIB_FF_1.1_-40_ALL' (SIM-68)
Info:    Working in directory '/home/linux/ieng6/cs241asp25/cs241asp25bu/lab5/run_siliconsmart/LIB_FF_1.1_-40_ALL/temp/siliconsmart.ieng6-ece-08.150149.7183/leakage_power__ACQ_1.sif_0' (SIM-69)
Info:    Executing 'hspice deck.cir -o deck' (SIM-30)
Warning: return code 0 (hspice: No such file or directory)
Info:    Simulation leakage_power__ACQ_1.sif for cell OR2D0 completed successfully. (SMSC-103)
Info:    IO Retry 0
Info:    set _SIS_CLIENT_RESULT_ {{OR2D0 leakage_power__ACQ_1 {sifTS 0.0 sifName /home/linux/ieng6/cs241asp25/cs241asp25bu/lab5/run_siliconsmart/LIB_FF_1.1_-40_ALL/temp/siliconsmart.ieng6-ece-08.150149.7183/leakage_power__ACQ_1.sif eadCksum 58d2ca396ee03adac41937cdeb8a8c49 simulationCount 1 exportVars {} errorList {} sofName /home/linux/ieng6/cs241asp25/cs241asp25bu/lab5/run_siliconsmart/LIB_FF_1.1_-40_ALL/temp/siliconsmart.ieng6-ece-08.150149.7183/leakage_power__ACQ_1.sof eadTS 0.0 eadName /home/linux/ieng6/cs241asp25/cs241asp25bu/lab5/run_siliconsmart/LIB_FF_1.1_-40_ALL/temp/siliconsmart.ieng6-ece-08.150149.7183/leakage_power__ACQ_1.ead enableCache 0 status done depFiles /home/linux/ieng6/cs241asp25/cs241asp25bu/lab5/run_siliconsmart/LIB_FF_1.1_-40_ALL/netlists/OR2D0.cdl sifCksum b4b9559ea8349486bb04c15697af8922}}}
Info:    _SIS_CLIENT_RESULT_END
Info:    __recordTaskStats__ OR2D0 leakage_power__ACQ_1 0.06 0.01 0.23 0.07 1 1.90656590462 ieng6-ece-08.ucsd.edu 1748033578.74 1748033580.64
Info:    Loading information for cell OR2D1... (SMSC-60)
Info:    Current directory '/home/linux/ieng6/cs241asp25/cs241asp25bu/lab5/run_siliconsmart/LIB_FF_1.1_-40_ALL' (SIM-68)
Info:    Working in directory '/home/linux/ieng6/cs241asp25/cs241asp25bu/lab5/run_siliconsmart/LIB_FF_1.1_-40_ALL/temp/siliconsmart.ieng6-ece-08.150149.7183/leakage_power__ACQ_1.sif_0' (SIM-69)
Info:    Executing 'hspice deck.cir -o deck' (SIM-30)
Warning: return code 0 (hspice: No such file or directory)
Info:    Simulation leakage_power__ACQ_1.sif for cell OR2D1 completed successfully. (SMSC-103)
Info:    IO Retry 0
Info:    set _SIS_CLIENT_RESULT_ {{OR2D1 leakage_power__ACQ_1 {sifTS 0.0 sifName /home/linux/ieng6/cs241asp25/cs241asp25bu/lab5/run_siliconsmart/LIB_FF_1.1_-40_ALL/temp/siliconsmart.ieng6-ece-08.150149.7183/leakage_power__ACQ_1.sif eadCksum d5bfa00c1e82c9b731792eeb1fc58744 simulationCount 1 exportVars {} errorList {} sofName /home/linux/ieng6/cs241asp25/cs241asp25bu/lab5/run_siliconsmart/LIB_FF_1.1_-40_ALL/temp/siliconsmart.ieng6-ece-08.150149.7183/leakage_power__ACQ_1.sof eadTS 0.0 eadName /home/linux/ieng6/cs241asp25/cs241asp25bu/lab5/run_siliconsmart/LIB_FF_1.1_-40_ALL/temp/siliconsmart.ieng6-ece-08.150149.7183/leakage_power__ACQ_1.ead enableCache 0 status done depFiles /home/linux/ieng6/cs241asp25/cs241asp25bu/lab5/run_siliconsmart/LIB_FF_1.1_-40_ALL/netlists/OR2D1.cdl sifCksum 4ef8704bd47128c0e9c4eee0e15f5ed1}}}
Info:    _SIS_CLIENT_RESULT_END
Info:    __recordTaskStats__ OR2D1 leakage_power__ACQ_1 0.06 0.0 0.34 0.06 1 2.50964903831 ieng6-ece-08.ucsd.edu 1748033580.64 1748033583.15
Info:    Loading information for cell OR2D4... (SMSC-60)
Info:    Current directory '/home/linux/ieng6/cs241asp25/cs241asp25bu/lab5/run_siliconsmart/LIB_FF_1.1_-40_ALL' (SIM-68)
Info:    Working in directory '/home/linux/ieng6/cs241asp25/cs241asp25bu/lab5/run_siliconsmart/LIB_FF_1.1_-40_ALL/temp/siliconsmart.ieng6-ece-08.150149.7183/Cin__A2__hl__ACQ_1.sif_0' (SIM-69)
Info:    Executing 'hspice deck.cir -o deck' (SIM-30)
Warning: return code 0 (hspice: No such file or directory)
Info:    Simulation Cin__A2__hl__ACQ_1.sif for cell OR2D4 completed successfully. (SMSC-103)
Info:    IO Retry 0
Info:    set _SIS_CLIENT_RESULT_ {{OR2D4 Cin__A2__hl__ACQ_1 {sifTS 0.0 sifName /home/linux/ieng6/cs241asp25/cs241asp25bu/lab5/run_siliconsmart/LIB_FF_1.1_-40_ALL/temp/siliconsmart.ieng6-ece-08.150149.7183/Cin__A2__hl__ACQ_1.sif eadCksum 3236e9499b82385eefb3f14aca74a979 simulationCount 1 exportVars {} errorList {} sofName /home/linux/ieng6/cs241asp25/cs241asp25bu/lab5/run_siliconsmart/LIB_FF_1.1_-40_ALL/temp/siliconsmart.ieng6-ece-08.150149.7183/Cin__A2__hl__ACQ_1.sof eadTS 0.0 eadName /home/linux/ieng6/cs241asp25/cs241asp25bu/lab5/run_siliconsmart/LIB_FF_1.1_-40_ALL/temp/siliconsmart.ieng6-ece-08.150149.7183/Cin__A2__hl__ACQ_1.ead enableCache 0 status done depFiles /home/linux/ieng6/cs241asp25/cs241asp25bu/lab5/run_siliconsmart/LIB_FF_1.1_-40_ALL/netlists/OR2D4.cdl sifCksum 8dfe71da30c6a3f9974e9d5b986032ed}}}
Info:    _SIS_CLIENT_RESULT_END
Info:    __recordTaskStats__ OR2D4 Cin__A2__hl__ACQ_1 0.07 0.01 0.47 0.07 1 2.22779798508 ieng6-ece-08.ucsd.edu 1748033583.16 1748033585.38
Info:    Loading information for cell OR2XD1... (SMSC-60)
Info:    Current directory '/home/linux/ieng6/cs241asp25/cs241asp25bu/lab5/run_siliconsmart/LIB_FF_1.1_-40_ALL' (SIM-68)
Info:    Working in directory '/home/linux/ieng6/cs241asp25/cs241asp25bu/lab5/run_siliconsmart/LIB_FF_1.1_-40_ALL/temp/siliconsmart.ieng6-ece-08.150149.7183/Cin__A1__hl__ACQ_1.sif_0' (SIM-69)
Info:    Executing 'hspice deck.cir -o deck' (SIM-30)
Warning: return code 0 (hspice: No such file or directory)
Info:    Simulation Cin__A1__hl__ACQ_1.sif for cell OR2XD1 completed successfully. (SMSC-103)
Info:    IO Retry 0
Info:    set _SIS_CLIENT_RESULT_ {{OR2XD1 Cin__A1__hl__ACQ_1 {sifTS 0.0 sifName /home/linux/ieng6/cs241asp25/cs241asp25bu/lab5/run_siliconsmart/LIB_FF_1.1_-40_ALL/temp/siliconsmart.ieng6-ece-08.150149.7183/Cin__A1__hl__ACQ_1.sif eadCksum 5edaf08cd7c02867f91c7ea2cf47484a simulationCount 1 exportVars {} errorList {} sofName /home/linux/ieng6/cs241asp25/cs241asp25bu/lab5/run_siliconsmart/LIB_FF_1.1_-40_ALL/temp/siliconsmart.ieng6-ece-08.150149.7183/Cin__A1__hl__ACQ_1.sof eadTS 0.0 eadName /home/linux/ieng6/cs241asp25/cs241asp25bu/lab5/run_siliconsmart/LIB_FF_1.1_-40_ALL/temp/siliconsmart.ieng6-ece-08.150149.7183/Cin__A1__hl__ACQ_1.ead enableCache 0 status done depFiles /home/linux/ieng6/cs241asp25/cs241asp25bu/lab5/run_siliconsmart/LIB_FF_1.1_-40_ALL/netlists/OR2XD1.cdl sifCksum 0e4f5ad33c25316bafcf0f550b5db670}}}
Info:    _SIS_CLIENT_RESULT_END
Info:    __recordTaskStats__ OR2XD1 Cin__A1__hl__ACQ_1 0.06 0.01 0.55 0.07 1 2.52853417397 ieng6-ece-08.ucsd.edu 1748033585.38 1748033587.91
Info:    Loading information for cell XNR2D1... (SMSC-60)
Info:    Current directory '/home/linux/ieng6/cs241asp25/cs241asp25bu/lab5/run_siliconsmart/LIB_FF_1.1_-40_ALL' (SIM-68)
Info:    Working in directory '/home/linux/ieng6/cs241asp25/cs241asp25bu/lab5/run_siliconsmart/LIB_FF_1.1_-40_ALL/temp/siliconsmart.ieng6-ece-08.150149.7183/delay__A1__lh__ZN__lh__ACQ_1.sif_0' (SIM-69)
Info:    Executing 'hspice deck.cir -o deck' (SIM-30)
Warning: return code 0 (hspice: No such file or directory)
Info:    Simulation delay__A1__lh__ZN__lh__ACQ_1.sif for cell XNR2D1 completed successfully. (SMSC-103)
Info:    IO Retry 0
Info:    set _SIS_CLIENT_RESULT_ {{XNR2D1 delay__A1__lh__ZN__lh__ACQ_1 {sifTS 0.0 sifName /home/linux/ieng6/cs241asp25/cs241asp25bu/lab5/run_siliconsmart/LIB_FF_1.1_-40_ALL/temp/siliconsmart.ieng6-ece-08.150149.7183/delay__A1__lh__ZN__lh__ACQ_1.sif eadCksum d0715879d0640cf134c5259fad32918b simulationCount 1 exportVars {} errorList {} sofName /home/linux/ieng6/cs241asp25/cs241asp25bu/lab5/run_siliconsmart/LIB_FF_1.1_-40_ALL/temp/siliconsmart.ieng6-ece-08.150149.7183/delay__A1__lh__ZN__lh__ACQ_1.sof eadTS 0.0 eadName /home/linux/ieng6/cs241asp25/cs241asp25bu/lab5/run_siliconsmart/LIB_FF_1.1_-40_ALL/temp/siliconsmart.ieng6-ece-08.150149.7183/delay__A1__lh__ZN__lh__ACQ_1.ead enableCache 0 status done depFiles /home/linux/ieng6/cs241asp25/cs241asp25bu/lab5/run_siliconsmart/LIB_FF_1.1_-40_ALL/netlists/XNR2D1.cdl sifCksum 2272ea0a1a8baabe01ac8ec935588f36}}}
Info:    _SIS_CLIENT_RESULT_END
Info:    __recordTaskStats__ XNR2D1 delay__A1__lh__ZN__lh__ACQ_1 0.12 0.01 1.43 0.08 1 6.03231096268 ieng6-ece-08.ucsd.edu 1748033587.92 1748033593.95
Info:    Loading information for cell XOR2D0... (SMSC-60)
Info:    Current directory '/home/linux/ieng6/cs241asp25/cs241asp25bu/lab5/run_siliconsmart/LIB_FF_1.1_-40_ALL' (SIM-68)
Info:    Working in directory '/home/linux/ieng6/cs241asp25/cs241asp25bu/lab5/run_siliconsmart/LIB_FF_1.1_-40_ALL/temp/siliconsmart.ieng6-ece-08.150149.7183/delay__A2__lh__Z__lh__ACQ_1.sif_0' (SIM-69)
Info:    Executing 'hspice deck.cir -o deck' (SIM-30)
Warning: return code 0 (hspice: No such file or directory)
Info:    Simulation delay__A2__lh__Z__lh__ACQ_1.sif for cell XOR2D0 completed successfully. (SMSC-103)
Info:    IO Retry 0
Info:    set _SIS_CLIENT_RESULT_ {{XOR2D0 delay__A2__lh__Z__lh__ACQ_1 {sifTS 0.0 sifName /home/linux/ieng6/cs241asp25/cs241asp25bu/lab5/run_siliconsmart/LIB_FF_1.1_-40_ALL/temp/siliconsmart.ieng6-ece-08.150149.7183/delay__A2__lh__Z__lh__ACQ_1.sif eadCksum 20798c6468aa0c4fece41113a88584c2 simulationCount 1 exportVars {} errorList {} sofName /home/linux/ieng6/cs241asp25/cs241asp25bu/lab5/run_siliconsmart/LIB_FF_1.1_-40_ALL/temp/siliconsmart.ieng6-ece-08.150149.7183/delay__A2__lh__Z__lh__ACQ_1.sof eadTS 0.0 eadName /home/linux/ieng6/cs241asp25/cs241asp25bu/lab5/run_siliconsmart/LIB_FF_1.1_-40_ALL/temp/siliconsmart.ieng6-ece-08.150149.7183/delay__A2__lh__Z__lh__ACQ_1.ead enableCache 0 status done depFiles /home/linux/ieng6/cs241asp25/cs241asp25bu/lab5/run_siliconsmart/LIB_FF_1.1_-40_ALL/netlists/XOR2D0.cdl sifCksum d73b44ea6c79aaf89d82a7b9f26bd2c3}}}
Info:    _SIS_CLIENT_RESULT_END
Info:    __recordTaskStats__ XOR2D0 delay__A2__lh__Z__lh__ACQ_1 0.11 0.01 1.48 0.1 1 5.97736215591 ieng6-ece-08.ucsd.edu 1748033593.97 1748033599.95
Info:    Loading information for cell XOR2D2... (SMSC-60)
Info:    Current directory '/home/linux/ieng6/cs241asp25/cs241asp25bu/lab5/run_siliconsmart/LIB_FF_1.1_-40_ALL' (SIM-68)
Info:    Working in directory '/home/linux/ieng6/cs241asp25/cs241asp25bu/lab5/run_siliconsmart/LIB_FF_1.1_-40_ALL/temp/siliconsmart.ieng6-ece-08.150149.7183/delay__A2__lh__Z__lh__ACQ_1.sif_0' (SIM-69)
Info:    Executing 'hspice deck.cir -o deck' (SIM-30)
Warning: return code 0 (hspice: No such file or directory)
Info:    Simulation delay__A2__lh__Z__lh__ACQ_1.sif for cell XOR2D2 completed successfully. (SMSC-103)
Info:    IO Retry 0
Info:    set _SIS_CLIENT_RESULT_ {{XOR2D2 delay__A2__lh__Z__lh__ACQ_1 {sifTS 0.0 sifName /home/linux/ieng6/cs241asp25/cs241asp25bu/lab5/run_siliconsmart/LIB_FF_1.1_-40_ALL/temp/siliconsmart.ieng6-ece-08.150149.7183/delay__A2__lh__Z__lh__ACQ_1.sif eadCksum 1d006109e12294009b12514a1b777ecd simulationCount 1 exportVars {} errorList {} sofName /home/linux/ieng6/cs241asp25/cs241asp25bu/lab5/run_siliconsmart/LIB_FF_1.1_-40_ALL/temp/siliconsmart.ieng6-ece-08.150149.7183/delay__A2__lh__Z__lh__ACQ_1.sof eadTS 0.0 eadName /home/linux/ieng6/cs241asp25/cs241asp25bu/lab5/run_siliconsmart/LIB_FF_1.1_-40_ALL/temp/siliconsmart.ieng6-ece-08.150149.7183/delay__A2__lh__Z__lh__ACQ_1.ead enableCache 0 status done depFiles /home/linux/ieng6/cs241asp25/cs241asp25bu/lab5/run_siliconsmart/LIB_FF_1.1_-40_ALL/netlists/XOR2D2.cdl sifCksum 0c100af2f4a969f33a18e75ba1ba4b8d}}}
Info:    _SIS_CLIENT_RESULT_END
Info:    __recordTaskStats__ XOR2D2 delay__A2__lh__Z__lh__ACQ_1 0.12 0.01 1.57 0.1 1 4.02554392815 ieng6-ece-08.ucsd.edu 1748033599.97 1748033604.0
Info:    Loading information for cell BUFFD3... (SMSC-60)
Info:    Current directory '/home/linux/ieng6/cs241asp25/cs241asp25bu/lab5/run_siliconsmart/LIB_FF_1.1_-40_ALL' (SIM-68)
Info:    Working in directory '/home/linux/ieng6/cs241asp25/cs241asp25bu/lab5/run_siliconsmart/LIB_FF_1.1_-40_ALL/temp/siliconsmart.ieng6-ece-08.150149.7183/delay__I__lh__Z__lh__ACQ_1.sif_0' (SIM-69)
Info:    Executing 'hspice deck.cir -o deck' (SIM-30)
Warning: return code 0 (hspice: No such file or directory)
Info:    Simulation delay__I__lh__Z__lh__ACQ_1.sif for cell BUFFD3 completed successfully. (SMSC-103)
Info:    IO Retry 0
Info:    set _SIS_CLIENT_RESULT_ {{BUFFD3 delay__I__lh__Z__lh__ACQ_1 {sifTS 0.0 sifName /home/linux/ieng6/cs241asp25/cs241asp25bu/lab5/run_siliconsmart/LIB_FF_1.1_-40_ALL/temp/siliconsmart.ieng6-ece-08.150149.7183/delay__I__lh__Z__lh__ACQ_1.sif eadCksum ae655bd827e652e9eb33f9017427e4d6 simulationCount 1 exportVars {} errorList {} sofName /home/linux/ieng6/cs241asp25/cs241asp25bu/lab5/run_siliconsmart/LIB_FF_1.1_-40_ALL/temp/siliconsmart.ieng6-ece-08.150149.7183/delay__I__lh__Z__lh__ACQ_1.sof eadTS 0.0 eadName /home/linux/ieng6/cs241asp25/cs241asp25bu/lab5/run_siliconsmart/LIB_FF_1.1_-40_ALL/temp/siliconsmart.ieng6-ece-08.150149.7183/delay__I__lh__Z__lh__ACQ_1.ead enableCache 0 status done depFiles /home/linux/ieng6/cs241asp25/cs241asp25bu/lab5/run_siliconsmart/LIB_FF_1.1_-40_ALL/netlists/BUFFD3.cdl sifCksum 6c8c4a40d182dcde6aeb69a703ce71c2}}}
Info:    _SIS_CLIENT_RESULT_END
Info:    __recordTaskStats__ BUFFD3 delay__I__lh__Z__lh__ACQ_1 0.1 0.0 1.22 0.09 1 4.66736698151 ieng6-ece-08.ucsd.edu 1748033604.01 1748033608.67
Info:    Loading information for cell INVD2... (SMSC-60)
Info:    Current directory '/home/linux/ieng6/cs241asp25/cs241asp25bu/lab5/run_siliconsmart/LIB_FF_1.1_-40_ALL' (SIM-68)
Info:    Working in directory '/home/linux/ieng6/cs241asp25/cs241asp25bu/lab5/run_siliconsmart/LIB_FF_1.1_-40_ALL/temp/siliconsmart.ieng6-ece-08.150149.7183/leakage_power__ACQ_2.sif_0' (SIM-69)
Info:    Executing 'hspice deck.cir -o deck' (SIM-30)
Warning: return code 0 (hspice: No such file or directory)
Info:    Simulation leakage_power__ACQ_2.sif for cell INVD2 completed successfully. (SMSC-103)
Info:    IO Retry 0
Info:    set _SIS_CLIENT_RESULT_ {{INVD2 leakage_power__ACQ_2 {sifTS 0.0 sifName /home/linux/ieng6/cs241asp25/cs241asp25bu/lab5/run_siliconsmart/LIB_FF_1.1_-40_ALL/temp/siliconsmart.ieng6-ece-08.150149.7183/leakage_power__ACQ_2.sif eadCksum d7d00e1fed2e0031bafc5975f36199ee simulationCount 1 exportVars {} errorList {} sofName /home/linux/ieng6/cs241asp25/cs241asp25bu/lab5/run_siliconsmart/LIB_FF_1.1_-40_ALL/temp/siliconsmart.ieng6-ece-08.150149.7183/leakage_power__ACQ_2.sof eadTS 0.0 eadName /home/linux/ieng6/cs241asp25/cs241asp25bu/lab5/run_siliconsmart/LIB_FF_1.1_-40_ALL/temp/siliconsmart.ieng6-ece-08.150149.7183/leakage_power__ACQ_2.ead enableCache 0 status done depFiles /home/linux/ieng6/cs241asp25/cs241asp25bu/lab5/run_siliconsmart/LIB_FF_1.1_-40_ALL/netlists/INVD2.cdl sifCksum ba690fb042ccff56a82368ea76a21e9c}}}
Info:    _SIS_CLIENT_RESULT_END
Info:    __recordTaskStats__ INVD2 leakage_power__ACQ_2 0.05 0.01 0.3 0.06 1 1.53327298164 ieng6-ece-08.ucsd.edu 1748033608.68 1748033610.22
Info:    Loading information for cell INVD3... (SMSC-60)
Info:    Current directory '/home/linux/ieng6/cs241asp25/cs241asp25bu/lab5/run_siliconsmart/LIB_FF_1.1_-40_ALL' (SIM-68)
Info:    Working in directory '/home/linux/ieng6/cs241asp25/cs241asp25bu/lab5/run_siliconsmart/LIB_FF_1.1_-40_ALL/temp/siliconsmart.ieng6-ece-08.150149.7183/delay__I__lh__ZN__hl__ACQ_1.sif_0' (SIM-69)
Info:    Executing 'hspice deck.cir -o deck' (SIM-30)
Warning: return code 0 (hspice: No such file or directory)
Info:    Simulation delay__I__lh__ZN__hl__ACQ_1.sif for cell INVD3 completed successfully. (SMSC-103)
Info:    IO Retry 0
Info:    set _SIS_CLIENT_RESULT_ {{INVD3 delay__I__lh__ZN__hl__ACQ_1 {sifTS 0.0 sifName /home/linux/ieng6/cs241asp25/cs241asp25bu/lab5/run_siliconsmart/LIB_FF_1.1_-40_ALL/temp/siliconsmart.ieng6-ece-08.150149.7183/delay__I__lh__ZN__hl__ACQ_1.sif eadCksum 587d89c5db1543ef2bfdded5e49bd600 simulationCount 1 exportVars {} errorList {} sofName /home/linux/ieng6/cs241asp25/cs241asp25bu/lab5/run_siliconsmart/LIB_FF_1.1_-40_ALL/temp/siliconsmart.ieng6-ece-08.150149.7183/delay__I__lh__ZN__hl__ACQ_1.sof eadTS 0.0 eadName /home/linux/ieng6/cs241asp25/cs241asp25bu/lab5/run_siliconsmart/LIB_FF_1.1_-40_ALL/temp/siliconsmart.ieng6-ece-08.150149.7183/delay__I__lh__ZN__hl__ACQ_1.ead enableCache 0 status done depFiles /home/linux/ieng6/cs241asp25/cs241asp25bu/lab5/run_siliconsmart/LIB_FF_1.1_-40_ALL/netlists/INVD3.cdl sifCksum 5bdc0a34fe4b5f825ab7e82aa70c2878}}}
Info:    _SIS_CLIENT_RESULT_END
Info:    __recordTaskStats__ INVD3 delay__I__lh__ZN__hl__ACQ_1 0.1 0.01 1.05 0.09 1 3.62616801262 ieng6-ece-08.ucsd.edu 1748033610.23 1748033613.86
Info:    The char directory is /home/linux/ieng6/cs241asp25/cs241asp25bu/lab5/run_siliconsmart/LIB_FF_1.1_-40_ALL
Warning: Operating condition 'FF_1.1_-40_ALL' already exists, skipped.
Info:    Initializing modeler.
Info:    Creating recharacterized libraries. 
Info:    Reading /home/linux/ieng6/cs241asp25/cs241asp25bu/lab5/run_siliconsmart/LIB_FF_1.1_-40_ALL/models/liberty/cellmodels/header.lib ...
Info:    Reading /home/linux/ieng6/cs241asp25/cs241asp25bu/lab5/run_siliconsmart/LIB_FF_1.1_-40_ALL/models/liberty/cellmodels/MUX2D4.lib ...
Info:    Writing libraries ...
Warning: Power model 937 (internal_power_group:935) for rise_power for related_pin S to Z  with when: none could not be recharacterized, therefore deleting this model..
Warning: Power model 938 (internal_power_group:936) for fall_power for related_pin S to Z  with when: none could not be recharacterized, therefore deleting this model..
Info:    Creating Liberty file "/home/linux/ieng6/cs241asp25/cs241asp25bu/lab5/run_siliconsmart/LIB_FF_1.1_-40_ALL/models/liberty/cells/MUX2D4_FF_1.1_-40_ALL.lib".
Info:    re-positioning normalized_driver_waveform (ndw_ntin_nvolt_7x13) after templates
Info:    __recordTaskStats__ MUX2D4 modeling 1.12 0.03 0.01 0.04 1 3.23282217979 ieng6-ece-08.ucsd.edu 1748033621.86 1748033625.09
Info:    set _SIS_CLIENT_RESULT_ {{MUX2D4 modeling {status done exportVars {} errorList {} sifName {} sofName {} eadName {} depFiles {} tmpHeader {FF_1.1_-40_ALL /home/linux/ieng6/cs241asp25/cs241asp25bu/lab5/run_siliconsmart/LIB_FF_1.1_-40_ALL/runtime/modeling/merge/MUX2D4_FF_1.1_-40_ALL.header} tmpBody {FF_1.1_-40_ALL_MUX2D4 /home/linux/ieng6/cs241asp25/cs241asp25bu/lab5/run_siliconsmart/LIB_FF_1.1_-40_ALL/runtime/modeling/merge/MUX2D4_FF_1.1_-40_ALL.body}}}}
Info:    _SIS_CLIENT_RESULT_END
Info:    Initializing modeler.
Info:    Creating recharacterized libraries. 
Info:    Reading /home/linux/ieng6/cs241asp25/cs241asp25bu/lab5/run_siliconsmart/LIB_FF_1.1_-40_ALL/models/liberty/cellmodels/header.lib ...
Info:    Reading /home/linux/ieng6/cs241asp25/cs241asp25bu/lab5/run_siliconsmart/LIB_FF_1.1_-40_ALL/models/liberty/cellmodels/OR2D2.lib ...
Info:    Writing libraries ...
Info:    Creating Liberty file "/home/linux/ieng6/cs241asp25/cs241asp25bu/lab5/run_siliconsmart/LIB_FF_1.1_-40_ALL/models/liberty/cells/OR2D2_FF_1.1_-40_ALL.lib".
Info:    __recordTaskStats__ OR2D2 modeling 0.84 0.02 0.01 0.03 1 3.08403515816 ieng6-ece-08.ucsd.edu 1748033625.1 1748033628.19
Info:    set _SIS_CLIENT_RESULT_ {{OR2D2 modeling {status done exportVars {} errorList {warning {Power model 937 (internal_power_group:935) for rise_power for related_pin S to Z  with when: none could not be recharacterized, therefore deleting this model..} warning {Power model 938 (internal_power_group:936) for fall_power for related_pin S to Z  with when: none could not be recharacterized, therefore deleting this model..}} sifName {} sofName {} eadName {} depFiles {} tmpHeader {FF_1.1_-40_ALL /home/linux/ieng6/cs241asp25/cs241asp25bu/lab5/run_siliconsmart/LIB_FF_1.1_-40_ALL/runtime/modeling/merge/OR2D2_FF_1.1_-40_ALL.header} tmpBody {FF_1.1_-40_ALL_OR2D2 /home/linux/ieng6/cs241asp25/cs241asp25bu/lab5/run_siliconsmart/LIB_FF_1.1_-40_ALL/runtime/modeling/merge/OR2D2_FF_1.1_-40_ALL.body}}}}
Info:    _SIS_CLIENT_RESULT_END
Info:    Initializing modeler.
Info:    Creating recharacterized libraries. 
Info:    Reading /home/linux/ieng6/cs241asp25/cs241asp25bu/lab5/run_siliconsmart/LIB_FF_1.1_-40_ALL/models/liberty/cellmodels/header.lib ...
Info:    Reading /home/linux/ieng6/cs241asp25/cs241asp25bu/lab5/run_siliconsmart/LIB_FF_1.1_-40_ALL/models/liberty/cellmodels/INVD20.lib ...
Info:    Writing libraries ...
Info:    Creating Liberty file "/home/linux/ieng6/cs241asp25/cs241asp25bu/lab5/run_siliconsmart/LIB_FF_1.1_-40_ALL/models/liberty/cells/INVD20_FF_1.1_-40_ALL.lib".
Info:    __recordTaskStats__ INVD20 modeling 0.71 0.01 0.01 0.04 1 1.76946616173 ieng6-ece-08.ucsd.edu 1748033628.2 1748033629.97
Info:    set _SIS_CLIENT_RESULT_ {{INVD20 modeling {status done exportVars {} errorList {} sifName {} sofName {} eadName {} depFiles {} tmpHeader {FF_1.1_-40_ALL /home/linux/ieng6/cs241asp25/cs241asp25bu/lab5/run_siliconsmart/LIB_FF_1.1_-40_ALL/runtime/modeling/merge/INVD20_FF_1.1_-40_ALL.header} tmpBody {FF_1.1_-40_ALL_INVD20 /home/linux/ieng6/cs241asp25/cs241asp25bu/lab5/run_siliconsmart/LIB_FF_1.1_-40_ALL/runtime/modeling/merge/INVD20_FF_1.1_-40_ALL.body}}}}
Info:    _SIS_CLIENT_RESULT_END
Info:    CDPL worker exited normally.
Info:    Maximum virtual memory size: 657.46MB
Info:    Switching log to /home/linux/ieng6/cs241asp25/cs241asp25bu/lab5/run_siliconsmart/LIB_FF_1.1_-40_ALL/runtime/cdpl/sis.W19.ieng6-ece-08.ucsd.edu.7183.log at Fri May 23 13:54:15 2025
.
----------------------------------------------------------------------
----------------------------------------------------------------------
Info:    Switching log from /home/linux/ieng6/cs241asp25/cs241asp25bu/lab5/run_siliconsmart/LIB_FF_1.1_-40_ALL/temp/sis.cs241asp25bu.7183.log at Fri May 23 13:54:15 2025
Info:    Log written by SiliconSmart version L-2016.06-SP1-2 on Fri May 23 13:54:15 2025
Info:    Build date: Dec 07, 2016 16:59:49
Info:    SiliconSmart Path: /acsnfs3/software/SiliconSmartAce-2016.06-SP1-2/linux64/bin/siliconsmart
Info:    Host Name: ieng6-ece-08.ucsd.edu, User Name: cs241asp25bu, PID: 7183
Info:    CPU: 8 x 2195 MHz, Intel(R) Xeon(R) Gold 5220 CPU @ 2.20GHz (2 socket, 4 core)
Info:    Memory: 32 GB RAM, 1 GB Swap
Info:    Directory: /home/linux/ieng6/cs241asp25/cs241asp25bu/lab5/run_siliconsmart/LIB_FF_1.1_-40_ALL
Info:    Maximum virtual memory size: 657.46MB
Info:    Maximum virtual memory size: 657.465 MB
