----------------------------------------------------------------------
Info:    Log written by SiliconSmart version L-2016.06-SP1-2 on Fri May 23 13:31:09 2025
Info:    Build date: Dec 07, 2016 16:59:49
Info:    SiliconSmart Path: /acsnfs3/software/SiliconSmartAce-2016.06-SP1-2/linux64/bin/siliconsmart
Info:    Host Name: ieng6-ece-08.ucsd.edu, User Name: cs241asp25bu, PID: 8572
Info:    CPU: 8 x 2195 MHz, Intel(R) Xeon(R) Gold 5220 CPU @ 2.20GHz (2 socket, 4 core)
Info:    Memory: 32 GB RAM, 1 GB Swap
Info:    Directory: /home/linux/ieng6/cs241asp25/cs241asp25bu/lab5/run_siliconsmart/LIB_FF_1.1_-40_ALL
Info:    Maximum virtual memory size: 587.09MB
Command-line: /acsnfs3/software/SiliconSmartAce-2016.06-SP1-2/linux64/bin/siliconsmart -server /home/linux/ieng6/cs241asp25/cs241asp25bu/lab5/run_siliconsmart/LIB_FF_1.1_-40_ALL/runtime/cdpl/driver_4133.tcl
Fri May 23 13:31:08 2025: Establishing connection to license server
The char directory is /home/linux/ieng6/cs241asp25/cs241asp25bu/lab5/run_siliconsmart/LIB_FF_1.1_-40_ALL
Warning: Operating condition 'FF_1.1_-40_ALL' already exists, skipped.
Info:    Loading information for cell DFCSNQD2... (SMSC-60)
Info:    Current directory '/home/linux/ieng6/cs241asp25/cs241asp25bu/lab5/run_siliconsmart/LIB_FF_1.1_-40_ALL' (SIM-68)
Info:    Working in directory '/home/linux/ieng6/cs241asp25/cs241asp25bu/lab5/run_siliconsmart/LIB_FF_1.1_-40_ALL/temp/siliconsmart.ieng6-ece-08.150149.8572/Cin__CP__hl__ACQ_2.sif_0' (SIM-69)
Info:    Executing 'hspice deck.cir -o deck' (SIM-30)
Warning: return code 0 (hspice: No such file or directory)
Info:    Simulation Cin__CP__hl__ACQ_2.sif for cell DFCSNQD2 completed successfully. (SMSC-103)
Info:    IO Retry 0
Info:    set _SIS_CLIENT_RESULT_ {{DFCSNQD2 Cin__CP__hl__ACQ_2 {sifTS 0.0 sifName /home/linux/ieng6/cs241asp25/cs241asp25bu/lab5/run_siliconsmart/LIB_FF_1.1_-40_ALL/temp/siliconsmart.ieng6-ece-08.150149.8572/Cin__CP__hl__ACQ_2.sif eadCksum 4bf3e50688c9eeaafb57041fdffe24f8 simulationCount 1 exportVars {} errorList {} sofName /home/linux/ieng6/cs241asp25/cs241asp25bu/lab5/run_siliconsmart/LIB_FF_1.1_-40_ALL/temp/siliconsmart.ieng6-ece-08.150149.8572/Cin__CP__hl__ACQ_2.sof eadTS 0.0 eadName /home/linux/ieng6/cs241asp25/cs241asp25bu/lab5/run_siliconsmart/LIB_FF_1.1_-40_ALL/temp/siliconsmart.ieng6-ece-08.150149.8572/Cin__CP__hl__ACQ_2.ead enableCache 0 status done depFiles /home/linux/ieng6/cs241asp25/cs241asp25bu/lab5/run_siliconsmart/LIB_FF_1.1_-40_ALL/netlists/DFCSNQD2.cdl sifCksum 54949f264d1eb44e30dc56073e483611}}}
Info:    _SIS_CLIENT_RESULT_END
Info:    __recordTaskStats__ DFCSNQD2 Cin__CP__hl__ACQ_2 0.15 0.01 1.2 0.08 1 4.50047492981 ieng6-ece-08.ucsd.edu 1748032269.56 1748032274.06
Info:    Loading information for cell DFCSNQD2... (SMSC-60)
Info:    Current directory '/home/linux/ieng6/cs241asp25/cs241asp25bu/lab5/run_siliconsmart/LIB_FF_1.1_-40_ALL' (SIM-68)
Info:    Working in directory '/home/linux/ieng6/cs241asp25/cs241asp25bu/lab5/run_siliconsmart/LIB_FF_1.1_-40_ALL/temp/siliconsmart.ieng6-ece-08.150149.8572/leakage_power__ACQ_10.sif_0' (SIM-69)
Info:    Executing 'hspice deck.cir -o deck' (SIM-30)
Warning: return code 0 (hspice: No such file or directory)
Info:    Simulation leakage_power__ACQ_10.sif for cell DFCSNQD2 completed successfully. (SMSC-103)
Warning: SIS_SERVER_WARN_MSGDFCSNQD2: leakage_power__ACQ_10 state: CDN !CP !D SDN: leakage current does not sum to 0 (tolerance 1.0e-6)
Warning: SIS_SERVER_WARN_MSGDFCSNQD2: leakage_power__ACQ_10 state: CDN !CP D SDN: leakage current does not sum to 0 (tolerance 1.0e-6)
Warning: SIS_SERVER_WARN_MSGDFCSNQD2: leakage_power__ACQ_10 state: CDN CP !D SDN: leakage current does not sum to 0 (tolerance 1.0e-6)
Warning: SIS_SERVER_WARN_MSGDFCSNQD2: leakage_power__ACQ_10 state: CDN CP D SDN: leakage current does not sum to 0 (tolerance 1.0e-6)
Info:    IO Retry 0
Info:    set _SIS_CLIENT_RESULT_ {{DFCSNQD2 leakage_power__ACQ_10 {sifTS 0.0 sifName /home/linux/ieng6/cs241asp25/cs241asp25bu/lab5/run_siliconsmart/LIB_FF_1.1_-40_ALL/temp/siliconsmart.ieng6-ece-08.150149.8572/leakage_power__ACQ_10.sif eadCksum e345935d745daa302054d375f0049617 simulationCount 1 exportVars {} errorList {warning {DFCSNQD2: leakage_power__ACQ_10 state: CDN !CP !D SDN: leakage current does not sum to 0 (tolerance 1.0e-6)
} warning {DFCSNQD2: leakage_power__ACQ_10 state: CDN !CP D SDN: leakage current does not sum to 0 (tolerance 1.0e-6)
} warning {DFCSNQD2: leakage_power__ACQ_10 state: CDN CP !D SDN: leakage current does not sum to 0 (tolerance 1.0e-6)
} warning {DFCSNQD2: leakage_power__ACQ_10 state: CDN CP D SDN: leakage current does not sum to 0 (tolerance 1.0e-6)
}} sofName /home/linux/ieng6/cs241asp25/cs241asp25bu/lab5/run_siliconsmart/LIB_FF_1.1_-40_ALL/temp/siliconsmart.ieng6-ece-08.150149.8572/leakage_power__ACQ_10.sof eadTS 0.0 eadName /home/linux/ieng6/cs241asp25/cs241asp25bu/lab5/run_siliconsmart/LIB_FF_1.1_-40_ALL/temp/siliconsmart.ieng6-ece-08.150149.8572/leakage_power__ACQ_10.ead enableCache 0 status done depFiles /home/linux/ieng6/cs241asp25/cs241asp25bu/lab5/run_siliconsmart/LIB_FF_1.1_-40_ALL/netlists/DFCSNQD2.cdl sifCksum 3d9939a9604ce469e72955d207aac1c6}}}
Info:    _SIS_CLIENT_RESULT_END
Info:    __recordTaskStats__ DFCSNQD2 leakage_power__ACQ_10 0.08 0.01 0.41 0.06 1 1.89242005348 ieng6-ece-08.ucsd.edu 1748032274.07 1748032275.96
Info:    Loading information for cell DFCSNQD2... (SMSC-60)
Info:    Current directory '/home/linux/ieng6/cs241asp25/cs241asp25bu/lab5/run_siliconsmart/LIB_FF_1.1_-40_ALL' (SIM-68)
Info:    Working in directory '/home/linux/ieng6/cs241asp25/cs241asp25bu/lab5/run_siliconsmart/LIB_FF_1.1_-40_ALL/temp/siliconsmart.ieng6-ece-08.150149.8572/energy__SDN__lh__ACQ_1.sif_0' (SIM-69)
Info:    Executing 'hspice deck.cir -o deck' (SIM-30)
Warning: return code 0 (hspice: No such file or directory)
Info:    Simulation energy__SDN__lh__ACQ_1.sif for cell DFCSNQD2 completed successfully. (SMSC-103)
Info:    IO Retry 0
Info:    set _SIS_CLIENT_RESULT_ {{DFCSNQD2 energy__SDN__lh__ACQ_1 {sifTS 0.0 sifName /home/linux/ieng6/cs241asp25/cs241asp25bu/lab5/run_siliconsmart/LIB_FF_1.1_-40_ALL/temp/siliconsmart.ieng6-ece-08.150149.8572/energy__SDN__lh__ACQ_1.sif eadCksum b7e2330632c85e4f1ab15d85ff47c9f4 simulationCount 1 exportVars {} errorList {} sofName /home/linux/ieng6/cs241asp25/cs241asp25bu/lab5/run_siliconsmart/LIB_FF_1.1_-40_ALL/temp/siliconsmart.ieng6-ece-08.150149.8572/energy__SDN__lh__ACQ_1.sof eadTS 0.0 eadName /home/linux/ieng6/cs241asp25/cs241asp25bu/lab5/run_siliconsmart/LIB_FF_1.1_-40_ALL/temp/siliconsmart.ieng6-ece-08.150149.8572/energy__SDN__lh__ACQ_1.ead enableCache 0 status done depFiles /home/linux/ieng6/cs241asp25/cs241asp25bu/lab5/run_siliconsmart/LIB_FF_1.1_-40_ALL/netlists/DFCSNQD2.cdl sifCksum b2d717fceccd2ab7e092f64098bbbe05}}}
Info:    _SIS_CLIENT_RESULT_END
Info:    __recordTaskStats__ DFCSNQD2 energy__SDN__lh__ACQ_1 0.07 0.0 0.87 0.08 1 2.7431230545 ieng6-ece-08.ucsd.edu 1748032275.96 1748032278.7
Info:    Loading information for cell DFCSNQD2... (SMSC-60)
Info:    Current directory '/home/linux/ieng6/cs241asp25/cs241asp25bu/lab5/run_siliconsmart/LIB_FF_1.1_-40_ALL' (SIM-68)
Info:    Working in directory '/home/linux/ieng6/cs241asp25/cs241asp25bu/lab5/run_siliconsmart/LIB_FF_1.1_-40_ALL/temp/siliconsmart.ieng6-ece-08.150149.8572/Cin__CDN__hl__ACQ_1.sif_0' (SIM-69)
Info:    Executing 'hspice deck.cir -o deck' (SIM-30)
Warning: return code 0 (hspice: No such file or directory)
Info:    Simulation Cin__CDN__hl__ACQ_1.sif for cell DFCSNQD2 completed successfully. (SMSC-103)
Info:    IO Retry 0
Info:    set _SIS_CLIENT_RESULT_ {{DFCSNQD2 Cin__CDN__hl__ACQ_1 {sifTS 0.0 sifName /home/linux/ieng6/cs241asp25/cs241asp25bu/lab5/run_siliconsmart/LIB_FF_1.1_-40_ALL/temp/siliconsmart.ieng6-ece-08.150149.8572/Cin__CDN__hl__ACQ_1.sif eadCksum ceaadd5d1f58edf810f096956b83b07c simulationCount 1 exportVars {} errorList {} sofName /home/linux/ieng6/cs241asp25/cs241asp25bu/lab5/run_siliconsmart/LIB_FF_1.1_-40_ALL/temp/siliconsmart.ieng6-ece-08.150149.8572/Cin__CDN__hl__ACQ_1.sof eadTS 0.0 eadName /home/linux/ieng6/cs241asp25/cs241asp25bu/lab5/run_siliconsmart/LIB_FF_1.1_-40_ALL/temp/siliconsmart.ieng6-ece-08.150149.8572/Cin__CDN__hl__ACQ_1.ead enableCache 0 status done depFiles /home/linux/ieng6/cs241asp25/cs241asp25bu/lab5/run_siliconsmart/LIB_FF_1.1_-40_ALL/netlists/DFCSNQD2.cdl sifCksum 84d0fa4e7bc32c6b3bf7b90eb99075a4}}}
Info:    _SIS_CLIENT_RESULT_END
Info:    __recordTaskStats__ DFCSNQD2 Cin__CDN__hl__ACQ_1 0.07 0.01 0.72 0.07 1 2.58607983589 ieng6-ece-08.ucsd.edu 1748032278.72 1748032281.3
Info:    Loading information for cell DFCSNQD2... (SMSC-60)
Info:    Current directory '/home/linux/ieng6/cs241asp25/cs241asp25bu/lab5/run_siliconsmart/LIB_FF_1.1_-40_ALL' (SIM-68)
Info:    Working in directory '/home/linux/ieng6/cs241asp25/cs241asp25bu/lab5/run_siliconsmart/LIB_FF_1.1_-40_ALL/temp/siliconsmart.ieng6-ece-08.150149.8572/energy__CDN__lh__Q__lh__ACQ_1.sif_0' (SIM-69)
Info:    Executing 'hspice deck.cir -o deck' (SIM-30)
Warning: return code 0 (hspice: No such file or directory)
Info:    Simulation energy__CDN__lh__Q__lh__ACQ_1.sif for cell DFCSNQD2 completed successfully. (SMSC-103)
Info:    IO Retry 0
Info:    set _SIS_CLIENT_RESULT_ {{DFCSNQD2 energy__CDN__lh__Q__lh__ACQ_1 {sifTS 0.0 sifName /home/linux/ieng6/cs241asp25/cs241asp25bu/lab5/run_siliconsmart/LIB_FF_1.1_-40_ALL/temp/siliconsmart.ieng6-ece-08.150149.8572/energy__CDN__lh__Q__lh__ACQ_1.sif eadCksum bccd8cd7d0c09c0d236c929f1203fcb3 simulationCount 1 exportVars {} errorList {} sofName /home/linux/ieng6/cs241asp25/cs241asp25bu/lab5/run_siliconsmart/LIB_FF_1.1_-40_ALL/temp/siliconsmart.ieng6-ece-08.150149.8572/energy__CDN__lh__Q__lh__ACQ_1.sof eadTS 0.0 eadName /home/linux/ieng6/cs241asp25/cs241asp25bu/lab5/run_siliconsmart/LIB_FF_1.1_-40_ALL/temp/siliconsmart.ieng6-ece-08.150149.8572/energy__CDN__lh__Q__lh__ACQ_1.ead enableCache 0 status done depFiles /home/linux/ieng6/cs241asp25/cs241asp25bu/lab5/run_siliconsmart/LIB_FF_1.1_-40_ALL/netlists/DFCSNQD2.cdl sifCksum ea18cb5ff57124d0300e5185449c1c5d}}}
Info:    _SIS_CLIENT_RESULT_END
Info:    __recordTaskStats__ DFCSNQD2 energy__CDN__lh__Q__lh__ACQ_1 0.1 0.01 2.61 0.09 1 11.1076171398 ieng6-ece-08.ucsd.edu 1748032281.3 1748032292.41
Info:    Loading information for cell DFCSNQD4... (SMSC-60)
Info:    Start Search.seeded_binary.opt_recovery on recovery (SIM-43)
Info:    Current directory '/home/linux/ieng6/cs241asp25/cs241asp25bu/lab5/run_siliconsmart/LIB_FF_1.1_-40_ALL' (SIM-68)
Info:    Working in directory '/home/linux/ieng6/cs241asp25/cs241asp25bu/lab5/run_siliconsmart/LIB_FF_1.1_-40_ALL/temp/siliconsmart.ieng6-ece-08.150149.8572/recover__CDN__lh__CP__lh__ACQ_1.sif_0' (SIM-69)
Info:    Executing 'hspice deck.cir -o deck' (SIM-30)
Warning: return code 0 (hspice: No such file or directory)
Info:    Current directory '/home/linux/ieng6/cs241asp25/cs241asp25bu/lab5/run_siliconsmart/LIB_FF_1.1_-40_ALL' (SIM-68)
Info:    Working in directory '/home/linux/ieng6/cs241asp25/cs241asp25bu/lab5/run_siliconsmart/LIB_FF_1.1_-40_ALL/temp/siliconsmart.ieng6-ece-08.150149.8572/recover__CDN__lh__CP__lh__ACQ_1.sif_1' (SIM-69)
Info:    Executing 'hspice deck.cir -o deck' (SIM-30)
Warning: return code 0 (hspice: No such file or directory)
Info:    Current directory '/home/linux/ieng6/cs241asp25/cs241asp25bu/lab5/run_siliconsmart/LIB_FF_1.1_-40_ALL' (SIM-68)
Info:    Working in directory '/home/linux/ieng6/cs241asp25/cs241asp25bu/lab5/run_siliconsmart/LIB_FF_1.1_-40_ALL/temp/siliconsmart.ieng6-ece-08.150149.8572/recover__CDN__lh__CP__lh__ACQ_1.sif_2' (SIM-69)
Info:    Executing 'hspice deck.cir -o deck' (SIM-30)
Warning: return code 0 (hspice: No such file or directory)
Info:    Current directory '/home/linux/ieng6/cs241asp25/cs241asp25bu/lab5/run_siliconsmart/LIB_FF_1.1_-40_ALL' (SIM-68)
Info:    Working in directory '/home/linux/ieng6/cs241asp25/cs241asp25bu/lab5/run_siliconsmart/LIB_FF_1.1_-40_ALL/temp/siliconsmart.ieng6-ece-08.150149.8572/recover__CDN__lh__CP__lh__ACQ_1.sif_3' (SIM-69)
Info:    Executing 'hspice deck.cir -o deck' (SIM-30)
Warning: return code 0 (hspice: No such file or directory)
Info:    Current directory '/home/linux/ieng6/cs241asp25/cs241asp25bu/lab5/run_siliconsmart/LIB_FF_1.1_-40_ALL' (SIM-68)
Info:    Working in directory '/home/linux/ieng6/cs241asp25/cs241asp25bu/lab5/run_siliconsmart/LIB_FF_1.1_-40_ALL/temp/siliconsmart.ieng6-ece-08.150149.8572/recover__CDN__lh__CP__lh__ACQ_1.sif_4' (SIM-69)
Info:    Executing 'hspice deck.cir -o deck' (SIM-30)
Warning: return code 0 (hspice: No such file or directory)
Info:    Current directory '/home/linux/ieng6/cs241asp25/cs241asp25bu/lab5/run_siliconsmart/LIB_FF_1.1_-40_ALL' (SIM-68)
Info:    Working in directory '/home/linux/ieng6/cs241asp25/cs241asp25bu/lab5/run_siliconsmart/LIB_FF_1.1_-40_ALL/temp/siliconsmart.ieng6-ece-08.150149.8572/recover__CDN__lh__CP__lh__ACQ_1.sif_5' (SIM-69)
Info:    Executing 'hspice deck.cir -o deck' (SIM-30)
Warning: return code 0 (hspice: No such file or directory)
Info:    Current directory '/home/linux/ieng6/cs241asp25/cs241asp25bu/lab5/run_siliconsmart/LIB_FF_1.1_-40_ALL' (SIM-68)
Info:    Working in directory '/home/linux/ieng6/cs241asp25/cs241asp25bu/lab5/run_siliconsmart/LIB_FF_1.1_-40_ALL/temp/siliconsmart.ieng6-ece-08.150149.8572/recover__CDN__lh__CP__lh__ACQ_1.sif_6' (SIM-69)
Info:    Executing 'hspice deck.cir -o deck' (SIM-30)
Warning: return code 0 (hspice: No such file or directory)
Info:    Current directory '/home/linux/ieng6/cs241asp25/cs241asp25bu/lab5/run_siliconsmart/LIB_FF_1.1_-40_ALL' (SIM-68)
Info:    Working in directory '/home/linux/ieng6/cs241asp25/cs241asp25bu/lab5/run_siliconsmart/LIB_FF_1.1_-40_ALL/temp/siliconsmart.ieng6-ece-08.150149.8572/recover__CDN__lh__CP__lh__ACQ_1.sif_7' (SIM-69)
Info:    Executing 'hspice deck.cir -o deck' (SIM-30)
Warning: return code 0 (hspice: No such file or directory)
Info:    Simulation recover__CDN__lh__CP__lh__ACQ_1.sif for cell DFCSNQD4 completed successfully. (SMSC-103)
Info:    IO Retry 0
Info:    set _SIS_CLIENT_RESULT_ {{DFCSNQD4 recover__CDN__lh__CP__lh__ACQ_1 {sifTS 0.0 sifName /home/linux/ieng6/cs241asp25/cs241asp25bu/lab5/run_siliconsmart/LIB_FF_1.1_-40_ALL/temp/siliconsmart.ieng6-ece-08.150149.8572/recover__CDN__lh__CP__lh__ACQ_1.sif eadCksum b879e6c1c88c46c17f9f4ac12b47ce05 simulationCount 8 exportVars {{value {{ order { slew_CDN slew_CP } slew_CDN { 2.8e-12 4.2e-11 3.544e-10 } slew_CP { 2.8e-12 4.2e-11 3.544e-10 } values { -4.66636e-11 -5.51962e-11 -7.27403e-11 -5.79521e-11 -6.49971e-11 -8.51072e-11 -1.56876e-10 -1.62895e-10 -1.81441e-10 } }} variable recover__CDN__lh__CP__lh opCond FF_1.1_-40_ALL}} errorList {} sofName /home/linux/ieng6/cs241asp25/cs241asp25bu/lab5/run_siliconsmart/LIB_FF_1.1_-40_ALL/temp/siliconsmart.ieng6-ece-08.150149.8572/recover__CDN__lh__CP__lh__ACQ_1.sof eadTS 0.0 eadName /home/linux/ieng6/cs241asp25/cs241asp25bu/lab5/run_siliconsmart/LIB_FF_1.1_-40_ALL/temp/siliconsmart.ieng6-ece-08.150149.8572/recover__CDN__lh__CP__lh__ACQ_1.ead enableCache 0 status done depFiles /home/linux/ieng6/cs241asp25/cs241asp25bu/lab5/run_siliconsmart/LIB_FF_1.1_-40_ALL/netlists/DFCSNQD4.cdl sifCksum 90ae87bf569113fee57dbd437570d90f}}}
Info:    _SIS_CLIENT_RESULT_END
Info:    __recordTaskStats__ DFCSNQD4 recover__CDN__lh__CP__lh__ACQ_1 0.17 0.03 9.93 0.64 8 34.7212910652 ieng6-ece-08.ucsd.edu 1748032292.41 1748032327.13
Info:    Loading information for cell MUX2D0... (SMSC-60)
Info:    Current directory '/home/linux/ieng6/cs241asp25/cs241asp25bu/lab5/run_siliconsmart/LIB_FF_1.1_-40_ALL' (SIM-68)
Info:    Working in directory '/home/linux/ieng6/cs241asp25/cs241asp25bu/lab5/run_siliconsmart/LIB_FF_1.1_-40_ALL/temp/siliconsmart.ieng6-ece-08.150149.8572/Cin__S__lh__ACQ_1.sif_0' (SIM-69)
Info:    Executing 'hspice deck.cir -o deck' (SIM-30)
Warning: return code 0 (hspice: No such file or directory)
Info:    Simulation Cin__S__lh__ACQ_1.sif for cell MUX2D0 completed successfully. (SMSC-103)
Info:    IO Retry 0
Info:    set _SIS_CLIENT_RESULT_ {{MUX2D0 Cin__S__lh__ACQ_1 {sifTS 0.0 sifName /home/linux/ieng6/cs241asp25/cs241asp25bu/lab5/run_siliconsmart/LIB_FF_1.1_-40_ALL/temp/siliconsmart.ieng6-ece-08.150149.8572/Cin__S__lh__ACQ_1.sif eadCksum a58eaf6791e3feaf046bf087b1330c73 simulationCount 1 exportVars {} errorList {} sofName /home/linux/ieng6/cs241asp25/cs241asp25bu/lab5/run_siliconsmart/LIB_FF_1.1_-40_ALL/temp/siliconsmart.ieng6-ece-08.150149.8572/Cin__S__lh__ACQ_1.sof eadTS 0.0 eadName /home/linux/ieng6/cs241asp25/cs241asp25bu/lab5/run_siliconsmart/LIB_FF_1.1_-40_ALL/temp/siliconsmart.ieng6-ece-08.150149.8572/Cin__S__lh__ACQ_1.ead enableCache 0 status done depFiles /home/linux/ieng6/cs241asp25/cs241asp25bu/lab5/run_siliconsmart/LIB_FF_1.1_-40_ALL/netlists/MUX2D0.cdl sifCksum 976a09339882f3276773780586c481f7}}}
Info:    _SIS_CLIENT_RESULT_END
Info:    __recordTaskStats__ MUX2D0 Cin__S__lh__ACQ_1 0.07 0.01 0.52 0.07 1 2.02670502663 ieng6-ece-08.ucsd.edu 1748032327.13 1748032329.16
Info:    Loading information for cell MUX2D1... (SMSC-60)
Info:    Current directory '/home/linux/ieng6/cs241asp25/cs241asp25bu/lab5/run_siliconsmart/LIB_FF_1.1_-40_ALL' (SIM-68)
Info:    Working in directory '/home/linux/ieng6/cs241asp25/cs241asp25bu/lab5/run_siliconsmart/LIB_FF_1.1_-40_ALL/temp/siliconsmart.ieng6-ece-08.150149.8572/delay__I1__hl__Z__hl__ACQ_1.sif_0' (SIM-69)
Info:    Executing 'hspice deck.cir -o deck' (SIM-30)
Warning: return code 0 (hspice: No such file or directory)
Info:    Simulation delay__I1__hl__Z__hl__ACQ_1.sif for cell MUX2D1 completed successfully. (SMSC-103)
Info:    IO Retry 0
Info:    set _SIS_CLIENT_RESULT_ {{MUX2D1 delay__I1__hl__Z__hl__ACQ_1 {sifTS 0.0 sifName /home/linux/ieng6/cs241asp25/cs241asp25bu/lab5/run_siliconsmart/LIB_FF_1.1_-40_ALL/temp/siliconsmart.ieng6-ece-08.150149.8572/delay__I1__hl__Z__hl__ACQ_1.sif eadCksum c5a6c888fe0b487c2ecf19f50211aaba simulationCount 1 exportVars {} errorList {} sofName /home/linux/ieng6/cs241asp25/cs241asp25bu/lab5/run_siliconsmart/LIB_FF_1.1_-40_ALL/temp/siliconsmart.ieng6-ece-08.150149.8572/delay__I1__hl__Z__hl__ACQ_1.sof eadTS 0.0 eadName /home/linux/ieng6/cs241asp25/cs241asp25bu/lab5/run_siliconsmart/LIB_FF_1.1_-40_ALL/temp/siliconsmart.ieng6-ece-08.150149.8572/delay__I1__hl__Z__hl__ACQ_1.ead enableCache 0 status done depFiles /home/linux/ieng6/cs241asp25/cs241asp25bu/lab5/run_siliconsmart/LIB_FF_1.1_-40_ALL/netlists/MUX2D1.cdl sifCksum dbb295819ff18c0dbff0cf9007d8ffad}}}
Info:    _SIS_CLIENT_RESULT_END
Info:    __recordTaskStats__ MUX2D1 delay__I1__hl__Z__hl__ACQ_1 0.15 0.0 1.34 0.1 1 4.50987410545 ieng6-ece-08.ucsd.edu 1748032329.17 1748032333.68
Info:    Loading information for cell MUX2D4... (SMSC-60)
Info:    Current directory '/home/linux/ieng6/cs241asp25/cs241asp25bu/lab5/run_siliconsmart/LIB_FF_1.1_-40_ALL' (SIM-68)
Info:    Working in directory '/home/linux/ieng6/cs241asp25/cs241asp25bu/lab5/run_siliconsmart/LIB_FF_1.1_-40_ALL/temp/siliconsmart.ieng6-ece-08.150149.8572/delay__I0__lh__Z__lh__ACQ_1.sif_0' (SIM-69)
Info:    Executing 'hspice deck.cir -o deck' (SIM-30)
Warning: return code 0 (hspice: No such file or directory)
Info:    Simulation delay__I0__lh__Z__lh__ACQ_1.sif for cell MUX2D4 completed successfully. (SMSC-103)
Info:    IO Retry 0
Info:    set _SIS_CLIENT_RESULT_ {{MUX2D4 delay__I0__lh__Z__lh__ACQ_1 {sifTS 0.0 sifName /home/linux/ieng6/cs241asp25/cs241asp25bu/lab5/run_siliconsmart/LIB_FF_1.1_-40_ALL/temp/siliconsmart.ieng6-ece-08.150149.8572/delay__I0__lh__Z__lh__ACQ_1.sif eadCksum 158825b212669932c06000c769b0bb83 simulationCount 1 exportVars {} errorList {} sofName /home/linux/ieng6/cs241asp25/cs241asp25bu/lab5/run_siliconsmart/LIB_FF_1.1_-40_ALL/temp/siliconsmart.ieng6-ece-08.150149.8572/delay__I0__lh__Z__lh__ACQ_1.sof eadTS 0.0 eadName /home/linux/ieng6/cs241asp25/cs241asp25bu/lab5/run_siliconsmart/LIB_FF_1.1_-40_ALL/temp/siliconsmart.ieng6-ece-08.150149.8572/delay__I0__lh__Z__lh__ACQ_1.ead enableCache 0 status done depFiles /home/linux/ieng6/cs241asp25/cs241asp25bu/lab5/run_siliconsmart/LIB_FF_1.1_-40_ALL/netlists/MUX2D4.cdl sifCksum d319098d86cd18c3bfc867428b1b10a9}}}
Info:    _SIS_CLIENT_RESULT_END
Info:    __recordTaskStats__ MUX2D4 delay__I0__lh__Z__lh__ACQ_1 0.13 0.01 1.82 0.09 1 7.64210796356 ieng6-ece-08.ucsd.edu 1748032333.68 1748032341.32
Info:    Loading information for cell OAI21D1... (SMSC-60)
Info:    Current directory '/home/linux/ieng6/cs241asp25/cs241asp25bu/lab5/run_siliconsmart/LIB_FF_1.1_-40_ALL' (SIM-68)
Info:    Working in directory '/home/linux/ieng6/cs241asp25/cs241asp25bu/lab5/run_siliconsmart/LIB_FF_1.1_-40_ALL/temp/siliconsmart.ieng6-ece-08.150149.8572/delay__A2__lh__ZN__hl__ACQ_1.sif_0' (SIM-69)
Info:    Executing 'hspice deck.cir -o deck' (SIM-30)
Warning: return code 0 (hspice: No such file or directory)
Info:    Simulation delay__A2__lh__ZN__hl__ACQ_1.sif for cell OAI21D1 completed successfully. (SMSC-103)
Info:    IO Retry 0
Info:    set _SIS_CLIENT_RESULT_ {{OAI21D1 delay__A2__lh__ZN__hl__ACQ_1 {sifTS 0.0 sifName /home/linux/ieng6/cs241asp25/cs241asp25bu/lab5/run_siliconsmart/LIB_FF_1.1_-40_ALL/temp/siliconsmart.ieng6-ece-08.150149.8572/delay__A2__lh__ZN__hl__ACQ_1.sif eadCksum 140314a6f2cfb7f0d00a6c1e39812e74 simulationCount 1 exportVars {} errorList {} sofName /home/linux/ieng6/cs241asp25/cs241asp25bu/lab5/run_siliconsmart/LIB_FF_1.1_-40_ALL/temp/siliconsmart.ieng6-ece-08.150149.8572/delay__A2__lh__ZN__hl__ACQ_1.sof eadTS 0.0 eadName /home/linux/ieng6/cs241asp25/cs241asp25bu/lab5/run_siliconsmart/LIB_FF_1.1_-40_ALL/temp/siliconsmart.ieng6-ece-08.150149.8572/delay__A2__lh__ZN__hl__ACQ_1.ead enableCache 0 status done depFiles /home/linux/ieng6/cs241asp25/cs241asp25bu/lab5/run_siliconsmart/LIB_FF_1.1_-40_ALL/netlists/OAI21D1.cdl sifCksum 1b17833a4e1d6d6d7c71c671a9e7c9fd}}}
Info:    _SIS_CLIENT_RESULT_END
Info:    __recordTaskStats__ OAI21D1 delay__A2__lh__ZN__hl__ACQ_1 0.12 0.01 1.13 0.09 1 3.80509305 ieng6-ece-08.ucsd.edu 1748032341.34 1748032345.15
Info:    Loading information for cell OAI21D4... (SMSC-60)
Info:    Current directory '/home/linux/ieng6/cs241asp25/cs241asp25bu/lab5/run_siliconsmart/LIB_FF_1.1_-40_ALL' (SIM-68)
Info:    Working in directory '/home/linux/ieng6/cs241asp25/cs241asp25bu/lab5/run_siliconsmart/LIB_FF_1.1_-40_ALL/temp/siliconsmart.ieng6-ece-08.150149.8572/delay__A2__hl__ZN__lh__ACQ_1.sif_0' (SIM-69)
Info:    Executing 'hspice deck.cir -o deck' (SIM-30)
Warning: return code 0 (hspice: No such file or directory)
Info:    Simulation delay__A2__hl__ZN__lh__ACQ_1.sif for cell OAI21D4 completed successfully. (SMSC-103)
Info:    IO Retry 0
Info:    set _SIS_CLIENT_RESULT_ {{OAI21D4 delay__A2__hl__ZN__lh__ACQ_1 {sifTS 0.0 sifName /home/linux/ieng6/cs241asp25/cs241asp25bu/lab5/run_siliconsmart/LIB_FF_1.1_-40_ALL/temp/siliconsmart.ieng6-ece-08.150149.8572/delay__A2__hl__ZN__lh__ACQ_1.sif eadCksum 57671fe33a620bbbb25b99ef13c56e87 simulationCount 1 exportVars {} errorList {} sofName /home/linux/ieng6/cs241asp25/cs241asp25bu/lab5/run_siliconsmart/LIB_FF_1.1_-40_ALL/temp/siliconsmart.ieng6-ece-08.150149.8572/delay__A2__hl__ZN__lh__ACQ_1.sof eadTS 0.0 eadName /home/linux/ieng6/cs241asp25/cs241asp25bu/lab5/run_siliconsmart/LIB_FF_1.1_-40_ALL/temp/siliconsmart.ieng6-ece-08.150149.8572/delay__A2__hl__ZN__lh__ACQ_1.ead enableCache 0 status done depFiles /home/linux/ieng6/cs241asp25/cs241asp25bu/lab5/run_siliconsmart/LIB_FF_1.1_-40_ALL/netlists/OAI21D4.cdl sifCksum d2d45c4c23bf2d7a543715870bd590c7}}}
Info:    _SIS_CLIENT_RESULT_END
Info:    __recordTaskStats__ OAI21D4 delay__A2__hl__ZN__lh__ACQ_1 0.12 0.01 1.96 0.09 1 7.37597799301 ieng6-ece-08.ucsd.edu 1748032345.16 1748032352.54
Info:    Loading information for cell AN2D4... (SMSC-60)
Info:    Current directory '/home/linux/ieng6/cs241asp25/cs241asp25bu/lab5/run_siliconsmart/LIB_FF_1.1_-40_ALL' (SIM-68)
Info:    Working in directory '/home/linux/ieng6/cs241asp25/cs241asp25bu/lab5/run_siliconsmart/LIB_FF_1.1_-40_ALL/temp/siliconsmart.ieng6-ece-08.150149.8572/leakage_power__ACQ_4.sif_0' (SIM-69)
Info:    Executing 'hspice deck.cir -o deck' (SIM-30)
Warning: return code 0 (hspice: No such file or directory)
Info:    Simulation leakage_power__ACQ_4.sif for cell AN2D4 completed successfully. (SMSC-103)
Info:    IO Retry 0
Info:    set _SIS_CLIENT_RESULT_ {{AN2D4 leakage_power__ACQ_4 {sifTS 0.0 sifName /home/linux/ieng6/cs241asp25/cs241asp25bu/lab5/run_siliconsmart/LIB_FF_1.1_-40_ALL/temp/siliconsmart.ieng6-ece-08.150149.8572/leakage_power__ACQ_4.sif eadCksum 424cafac45c41859e16188e41421c271 simulationCount 1 exportVars {} errorList {} sofName /home/linux/ieng6/cs241asp25/cs241asp25bu/lab5/run_siliconsmart/LIB_FF_1.1_-40_ALL/temp/siliconsmart.ieng6-ece-08.150149.8572/leakage_power__ACQ_4.sof eadTS 0.0 eadName /home/linux/ieng6/cs241asp25/cs241asp25bu/lab5/run_siliconsmart/LIB_FF_1.1_-40_ALL/temp/siliconsmart.ieng6-ece-08.150149.8572/leakage_power__ACQ_4.ead enableCache 0 status done depFiles /home/linux/ieng6/cs241asp25/cs241asp25bu/lab5/run_siliconsmart/LIB_FF_1.1_-40_ALL/netlists/AN2D4.cdl sifCksum 5f140703f4e083ac305a14cf47713bb2}}}
Info:    _SIS_CLIENT_RESULT_END
Info:    __recordTaskStats__ AN2D4 leakage_power__ACQ_4 0.07 0.01 0.31 0.07 1 1.59407901764 ieng6-ece-08.ucsd.edu 1748032352.55 1748032354.14
Info:    Loading information for cell AN2XD1... (SMSC-60)
Info:    Current directory '/home/linux/ieng6/cs241asp25/cs241asp25bu/lab5/run_siliconsmart/LIB_FF_1.1_-40_ALL' (SIM-68)
Info:    Working in directory '/home/linux/ieng6/cs241asp25/cs241asp25bu/lab5/run_siliconsmart/LIB_FF_1.1_-40_ALL/temp/siliconsmart.ieng6-ece-08.150149.8572/Cin__A2__hl__ACQ_1.sif_0' (SIM-69)
Info:    Executing 'hspice deck.cir -o deck' (SIM-30)
Warning: return code 0 (hspice: No such file or directory)
Info:    Simulation Cin__A2__hl__ACQ_1.sif for cell AN2XD1 completed successfully. (SMSC-103)
Info:    IO Retry 0
Info:    set _SIS_CLIENT_RESULT_ {{AN2XD1 Cin__A2__hl__ACQ_1 {sifTS 0.0 sifName /home/linux/ieng6/cs241asp25/cs241asp25bu/lab5/run_siliconsmart/LIB_FF_1.1_-40_ALL/temp/siliconsmart.ieng6-ece-08.150149.8572/Cin__A2__hl__ACQ_1.sif eadCksum 6309268141881739c8783e2d78497d3f simulationCount 1 exportVars {} errorList {} sofName /home/linux/ieng6/cs241asp25/cs241asp25bu/lab5/run_siliconsmart/LIB_FF_1.1_-40_ALL/temp/siliconsmart.ieng6-ece-08.150149.8572/Cin__A2__hl__ACQ_1.sof eadTS 0.0 eadName /home/linux/ieng6/cs241asp25/cs241asp25bu/lab5/run_siliconsmart/LIB_FF_1.1_-40_ALL/temp/siliconsmart.ieng6-ece-08.150149.8572/Cin__A2__hl__ACQ_1.ead enableCache 0 status done depFiles /home/linux/ieng6/cs241asp25/cs241asp25bu/lab5/run_siliconsmart/LIB_FF_1.1_-40_ALL/netlists/AN2XD1.cdl sifCksum 42acd1b74bbfdb2e37c7c9cc722a0d58}}}
Info:    _SIS_CLIENT_RESULT_END
Info:    __recordTaskStats__ AN2XD1 Cin__A2__hl__ACQ_1 0.07 0.01 0.36 0.07 1 2.14343309402 ieng6-ece-08.ucsd.edu 1748032354.14 1748032356.29
Info:    Loading information for cell ND2D0... (SMSC-60)
Info:    Current directory '/home/linux/ieng6/cs241asp25/cs241asp25bu/lab5/run_siliconsmart/LIB_FF_1.1_-40_ALL' (SIM-68)
Info:    Working in directory '/home/linux/ieng6/cs241asp25/cs241asp25bu/lab5/run_siliconsmart/LIB_FF_1.1_-40_ALL/temp/siliconsmart.ieng6-ece-08.150149.8572/delay__A1__lh__ZN__hl__ACQ_1.sif_0' (SIM-69)
Info:    Executing 'hspice deck.cir -o deck' (SIM-30)
Warning: return code 0 (hspice: No such file or directory)
Info:    Simulation delay__A1__lh__ZN__hl__ACQ_1.sif for cell ND2D0 completed successfully. (SMSC-103)
Info:    IO Retry 0
Info:    set _SIS_CLIENT_RESULT_ {{ND2D0 delay__A1__lh__ZN__hl__ACQ_1 {sifTS 0.0 sifName /home/linux/ieng6/cs241asp25/cs241asp25bu/lab5/run_siliconsmart/LIB_FF_1.1_-40_ALL/temp/siliconsmart.ieng6-ece-08.150149.8572/delay__A1__lh__ZN__hl__ACQ_1.sif eadCksum 025c8fc539aa847c7187ac7c58df3621 simulationCount 1 exportVars {} errorList {} sofName /home/linux/ieng6/cs241asp25/cs241asp25bu/lab5/run_siliconsmart/LIB_FF_1.1_-40_ALL/temp/siliconsmart.ieng6-ece-08.150149.8572/delay__A1__lh__ZN__hl__ACQ_1.sof eadTS 0.0 eadName /home/linux/ieng6/cs241asp25/cs241asp25bu/lab5/run_siliconsmart/LIB_FF_1.1_-40_ALL/temp/siliconsmart.ieng6-ece-08.150149.8572/delay__A1__lh__ZN__hl__ACQ_1.ead enableCache 0 status done depFiles /home/linux/ieng6/cs241asp25/cs241asp25bu/lab5/run_siliconsmart/LIB_FF_1.1_-40_ALL/netlists/ND2D0.cdl sifCksum 9da2ce30fa329ed1fc61691d631f20fc}}}
Info:    _SIS_CLIENT_RESULT_END
Info:    __recordTaskStats__ ND2D0 delay__A1__lh__ZN__hl__ACQ_1 0.11 0.0 0.97 0.09 1 3.72625184059 ieng6-ece-08.ucsd.edu 1748032356.3 1748032360.02
Info:    Loading information for cell ND2D3... (SMSC-60)
Info:    Current directory '/home/linux/ieng6/cs241asp25/cs241asp25bu/lab5/run_siliconsmart/LIB_FF_1.1_-40_ALL' (SIM-68)
Info:    Working in directory '/home/linux/ieng6/cs241asp25/cs241asp25bu/lab5/run_siliconsmart/LIB_FF_1.1_-40_ALL/temp/siliconsmart.ieng6-ece-08.150149.8572/delay__A1__lh__ZN__hl__ACQ_1.sif_0' (SIM-69)
Info:    Executing 'hspice deck.cir -o deck' (SIM-30)
Warning: return code 0 (hspice: No such file or directory)
Info:    Simulation delay__A1__lh__ZN__hl__ACQ_1.sif for cell ND2D3 completed successfully. (SMSC-103)
Info:    IO Retry 0
Info:    set _SIS_CLIENT_RESULT_ {{ND2D3 delay__A1__lh__ZN__hl__ACQ_1 {sifTS 0.0 sifName /home/linux/ieng6/cs241asp25/cs241asp25bu/lab5/run_siliconsmart/LIB_FF_1.1_-40_ALL/temp/siliconsmart.ieng6-ece-08.150149.8572/delay__A1__lh__ZN__hl__ACQ_1.sif eadCksum dd8a5393273a71c5c05556faee3ceba4 simulationCount 1 exportVars {} errorList {} sofName /home/linux/ieng6/cs241asp25/cs241asp25bu/lab5/run_siliconsmart/LIB_FF_1.1_-40_ALL/temp/siliconsmart.ieng6-ece-08.150149.8572/delay__A1__lh__ZN__hl__ACQ_1.sof eadTS 0.0 eadName /home/linux/ieng6/cs241asp25/cs241asp25bu/lab5/run_siliconsmart/LIB_FF_1.1_-40_ALL/temp/siliconsmart.ieng6-ece-08.150149.8572/delay__A1__lh__ZN__hl__ACQ_1.ead enableCache 0 status done depFiles /home/linux/ieng6/cs241asp25/cs241asp25bu/lab5/run_siliconsmart/LIB_FF_1.1_-40_ALL/netlists/ND2D3.cdl sifCksum c8f5e366fac5a1a932c8547febe29837}}}
Info:    _SIS_CLIENT_RESULT_END
Info:    __recordTaskStats__ ND2D3 delay__A1__lh__ZN__hl__ACQ_1 0.11 0.01 1.28 0.1 1 4.82341909409 ieng6-ece-08.ucsd.edu 1748032360.02 1748032364.85
Info:    Loading information for cell NR2D0... (SMSC-60)
Info:    Current directory '/home/linux/ieng6/cs241asp25/cs241asp25bu/lab5/run_siliconsmart/LIB_FF_1.1_-40_ALL' (SIM-68)
Info:    Working in directory '/home/linux/ieng6/cs241asp25/cs241asp25bu/lab5/run_siliconsmart/LIB_FF_1.1_-40_ALL/temp/siliconsmart.ieng6-ece-08.150149.8572/delay__A1__hl__ZN__lh__ACQ_1.sif_0' (SIM-69)
Info:    Executing 'hspice deck.cir -o deck' (SIM-30)
Warning: return code 0 (hspice: No such file or directory)
Info:    Simulation delay__A1__hl__ZN__lh__ACQ_1.sif for cell NR2D0 completed successfully. (SMSC-103)
Info:    IO Retry 0
Info:    set _SIS_CLIENT_RESULT_ {{NR2D0 delay__A1__hl__ZN__lh__ACQ_1 {sifTS 0.0 sifName /home/linux/ieng6/cs241asp25/cs241asp25bu/lab5/run_siliconsmart/LIB_FF_1.1_-40_ALL/temp/siliconsmart.ieng6-ece-08.150149.8572/delay__A1__hl__ZN__lh__ACQ_1.sif eadCksum e10f2e762175c250e4894b3ce8905885 simulationCount 1 exportVars {} errorList {} sofName /home/linux/ieng6/cs241asp25/cs241asp25bu/lab5/run_siliconsmart/LIB_FF_1.1_-40_ALL/temp/siliconsmart.ieng6-ece-08.150149.8572/delay__A1__hl__ZN__lh__ACQ_1.sof eadTS 0.0 eadName /home/linux/ieng6/cs241asp25/cs241asp25bu/lab5/run_siliconsmart/LIB_FF_1.1_-40_ALL/temp/siliconsmart.ieng6-ece-08.150149.8572/delay__A1__hl__ZN__lh__ACQ_1.ead enableCache 0 status done depFiles /home/linux/ieng6/cs241asp25/cs241asp25bu/lab5/run_siliconsmart/LIB_FF_1.1_-40_ALL/netlists/NR2D0.cdl sifCksum 56069b90b0e9e05845048c53f76653e1}}}
Info:    _SIS_CLIENT_RESULT_END
Info:    __recordTaskStats__ NR2D0 delay__A1__hl__ZN__lh__ACQ_1 0.12 0.01 0.88 0.09 1 3.47995090485 ieng6-ece-08.ucsd.edu 1748032364.85 1748032368.33
Info:    Loading information for cell NR2D3... (SMSC-60)
Info:    Current directory '/home/linux/ieng6/cs241asp25/cs241asp25bu/lab5/run_siliconsmart/LIB_FF_1.1_-40_ALL' (SIM-68)
Info:    Working in directory '/home/linux/ieng6/cs241asp25/cs241asp25bu/lab5/run_siliconsmart/LIB_FF_1.1_-40_ALL/temp/siliconsmart.ieng6-ece-08.150149.8572/Cin__A1__lh__ACQ_1.sif_0' (SIM-69)
Info:    Executing 'hspice deck.cir -o deck' (SIM-30)
Warning: return code 0 (hspice: No such file or directory)
Info:    Simulation Cin__A1__lh__ACQ_1.sif for cell NR2D3 completed successfully. (SMSC-103)
Info:    IO Retry 0
Info:    set _SIS_CLIENT_RESULT_ {{NR2D3 Cin__A1__lh__ACQ_1 {sifTS 0.0 sifName /home/linux/ieng6/cs241asp25/cs241asp25bu/lab5/run_siliconsmart/LIB_FF_1.1_-40_ALL/temp/siliconsmart.ieng6-ece-08.150149.8572/Cin__A1__lh__ACQ_1.sif eadCksum 94b5ff33e09e89096049886eedee85e7 simulationCount 1 exportVars {} errorList {} sofName /home/linux/ieng6/cs241asp25/cs241asp25bu/lab5/run_siliconsmart/LIB_FF_1.1_-40_ALL/temp/siliconsmart.ieng6-ece-08.150149.8572/Cin__A1__lh__ACQ_1.sof eadTS 0.0 eadName /home/linux/ieng6/cs241asp25/cs241asp25bu/lab5/run_siliconsmart/LIB_FF_1.1_-40_ALL/temp/siliconsmart.ieng6-ece-08.150149.8572/Cin__A1__lh__ACQ_1.ead enableCache 0 status done depFiles /home/linux/ieng6/cs241asp25/cs241asp25bu/lab5/run_siliconsmart/LIB_FF_1.1_-40_ALL/netlists/NR2D3.cdl sifCksum 0ac2dd083e2ad9c2d38dd6c9bd4bf2f8}}}
Info:    _SIS_CLIENT_RESULT_END
Info:    __recordTaskStats__ NR2D3 Cin__A1__lh__ACQ_1 0.07 0.01 0.35 0.07 1 2.07810807228 ieng6-ece-08.ucsd.edu 1748032368.34 1748032370.41
Info:    Loading information for cell NR2D4... (SMSC-60)
Info:    Current directory '/home/linux/ieng6/cs241asp25/cs241asp25bu/lab5/run_siliconsmart/LIB_FF_1.1_-40_ALL' (SIM-68)
Info:    Working in directory '/home/linux/ieng6/cs241asp25/cs241asp25bu/lab5/run_siliconsmart/LIB_FF_1.1_-40_ALL/temp/siliconsmart.ieng6-ece-08.150149.8572/Cin__A1__hl__ACQ_1.sif_0' (SIM-69)
Info:    Executing 'hspice deck.cir -o deck' (SIM-30)
Warning: return code 0 (hspice: No such file or directory)
Info:    Simulation Cin__A1__hl__ACQ_1.sif for cell NR2D4 completed successfully. (SMSC-103)
Info:    IO Retry 0
Info:    set _SIS_CLIENT_RESULT_ {{NR2D4 Cin__A1__hl__ACQ_1 {sifTS 0.0 sifName /home/linux/ieng6/cs241asp25/cs241asp25bu/lab5/run_siliconsmart/LIB_FF_1.1_-40_ALL/temp/siliconsmart.ieng6-ece-08.150149.8572/Cin__A1__hl__ACQ_1.sif eadCksum d212ebdcb74a834a580517322cc12139 simulationCount 1 exportVars {} errorList {} sofName /home/linux/ieng6/cs241asp25/cs241asp25bu/lab5/run_siliconsmart/LIB_FF_1.1_-40_ALL/temp/siliconsmart.ieng6-ece-08.150149.8572/Cin__A1__hl__ACQ_1.sof eadTS 0.0 eadName /home/linux/ieng6/cs241asp25/cs241asp25bu/lab5/run_siliconsmart/LIB_FF_1.1_-40_ALL/temp/siliconsmart.ieng6-ece-08.150149.8572/Cin__A1__hl__ACQ_1.ead enableCache 0 status done depFiles /home/linux/ieng6/cs241asp25/cs241asp25bu/lab5/run_siliconsmart/LIB_FF_1.1_-40_ALL/netlists/NR2D4.cdl sifCksum e753c39ad92ea8ee75439d93f6e3009b}}}
Info:    _SIS_CLIENT_RESULT_END
Info:    __recordTaskStats__ NR2D4 Cin__A1__hl__ACQ_1 0.07 0.0 0.41 0.06 1 2.03784680367 ieng6-ece-08.ucsd.edu 1748032370.42 1748032372.46
Info:    Loading information for cell OR2D0... (SMSC-60)
Info:    Current directory '/home/linux/ieng6/cs241asp25/cs241asp25bu/lab5/run_siliconsmart/LIB_FF_1.1_-40_ALL' (SIM-68)
Info:    Working in directory '/home/linux/ieng6/cs241asp25/cs241asp25bu/lab5/run_siliconsmart/LIB_FF_1.1_-40_ALL/temp/siliconsmart.ieng6-ece-08.150149.8572/Cin__A1__lh__ACQ_1.sif_0' (SIM-69)
Info:    Executing 'hspice deck.cir -o deck' (SIM-30)
Warning: return code 0 (hspice: No such file or directory)
Info:    Simulation Cin__A1__lh__ACQ_1.sif for cell OR2D0 completed successfully. (SMSC-103)
Info:    IO Retry 0
Info:    set _SIS_CLIENT_RESULT_ {{OR2D0 Cin__A1__lh__ACQ_1 {sifTS 0.0 sifName /home/linux/ieng6/cs241asp25/cs241asp25bu/lab5/run_siliconsmart/LIB_FF_1.1_-40_ALL/temp/siliconsmart.ieng6-ece-08.150149.8572/Cin__A1__lh__ACQ_1.sif eadCksum 39f26bdd50636e9a5903e80be07738a8 simulationCount 1 exportVars {} errorList {} sofName /home/linux/ieng6/cs241asp25/cs241asp25bu/lab5/run_siliconsmart/LIB_FF_1.1_-40_ALL/temp/siliconsmart.ieng6-ece-08.150149.8572/Cin__A1__lh__ACQ_1.sof eadTS 0.0 eadName /home/linux/ieng6/cs241asp25/cs241asp25bu/lab5/run_siliconsmart/LIB_FF_1.1_-40_ALL/temp/siliconsmart.ieng6-ece-08.150149.8572/Cin__A1__lh__ACQ_1.ead enableCache 0 status done depFiles /home/linux/ieng6/cs241asp25/cs241asp25bu/lab5/run_siliconsmart/LIB_FF_1.1_-40_ALL/netlists/OR2D0.cdl sifCksum fe397a73820acd3c19294aae8d50d49c}}}
Info:    _SIS_CLIENT_RESULT_END
Info:    __recordTaskStats__ OR2D0 Cin__A1__lh__ACQ_1 0.07 0.01 0.29 0.07 1 1.6137201786 ieng6-ece-08.ucsd.edu 1748032372.46 1748032374.08
Info:    Loading information for cell OR2D1... (SMSC-60)
Info:    Current directory '/home/linux/ieng6/cs241asp25/cs241asp25bu/lab5/run_siliconsmart/LIB_FF_1.1_-40_ALL' (SIM-68)
Info:    Working in directory '/home/linux/ieng6/cs241asp25/cs241asp25bu/lab5/run_siliconsmart/LIB_FF_1.1_-40_ALL/temp/siliconsmart.ieng6-ece-08.150149.8572/delay__A1__lh__Z__lh__ACQ_1.sif_0' (SIM-69)
Info:    Executing 'hspice deck.cir -o deck' (SIM-30)
Warning: return code 0 (hspice: No such file or directory)
Info:    Simulation delay__A1__lh__Z__lh__ACQ_1.sif for cell OR2D1 completed successfully. (SMSC-103)
Info:    IO Retry 0
Info:    set _SIS_CLIENT_RESULT_ {{OR2D1 delay__A1__lh__Z__lh__ACQ_1 {sifTS 0.0 sifName /home/linux/ieng6/cs241asp25/cs241asp25bu/lab5/run_siliconsmart/LIB_FF_1.1_-40_ALL/temp/siliconsmart.ieng6-ece-08.150149.8572/delay__A1__lh__Z__lh__ACQ_1.sif eadCksum f11af08b4cf6464beda3081a85922359 simulationCount 1 exportVars {} errorList {} sofName /home/linux/ieng6/cs241asp25/cs241asp25bu/lab5/run_siliconsmart/LIB_FF_1.1_-40_ALL/temp/siliconsmart.ieng6-ece-08.150149.8572/delay__A1__lh__Z__lh__ACQ_1.sof eadTS 0.0 eadName /home/linux/ieng6/cs241asp25/cs241asp25bu/lab5/run_siliconsmart/LIB_FF_1.1_-40_ALL/temp/siliconsmart.ieng6-ece-08.150149.8572/delay__A1__lh__Z__lh__ACQ_1.ead enableCache 0 status done depFiles /home/linux/ieng6/cs241asp25/cs241asp25bu/lab5/run_siliconsmart/LIB_FF_1.1_-40_ALL/netlists/OR2D1.cdl sifCksum 2252f639e2fc1a00b1db695195a52d2c}}}
Info:    _SIS_CLIENT_RESULT_END
Info:    __recordTaskStats__ OR2D1 delay__A1__lh__Z__lh__ACQ_1 0.12 0.0 1.09 0.09 1 4.20726394653 ieng6-ece-08.ucsd.edu 1748032374.08 1748032378.29
Info:    Loading information for cell OR2XD1... (SMSC-60)
Info:    Current directory '/home/linux/ieng6/cs241asp25/cs241asp25bu/lab5/run_siliconsmart/LIB_FF_1.1_-40_ALL' (SIM-68)
Info:    Working in directory '/home/linux/ieng6/cs241asp25/cs241asp25bu/lab5/run_siliconsmart/LIB_FF_1.1_-40_ALL/temp/siliconsmart.ieng6-ece-08.150149.8572/delay__A1__lh__Z__lh__ACQ_1.sif_0' (SIM-69)
Info:    Executing 'hspice deck.cir -o deck' (SIM-30)
Warning: return code 0 (hspice: No such file or directory)
Info:    Simulation delay__A1__lh__Z__lh__ACQ_1.sif for cell OR2XD1 completed successfully. (SMSC-103)
Info:    IO Retry 0
Info:    set _SIS_CLIENT_RESULT_ {{OR2XD1 delay__A1__lh__Z__lh__ACQ_1 {sifTS 0.0 sifName /home/linux/ieng6/cs241asp25/cs241asp25bu/lab5/run_siliconsmart/LIB_FF_1.1_-40_ALL/temp/siliconsmart.ieng6-ece-08.150149.8572/delay__A1__lh__Z__lh__ACQ_1.sif eadCksum 917a1ef3966831c7fe6d269a9e339ce8 simulationCount 1 exportVars {} errorList {} sofName /home/linux/ieng6/cs241asp25/cs241asp25bu/lab5/run_siliconsmart/LIB_FF_1.1_-40_ALL/temp/siliconsmart.ieng6-ece-08.150149.8572/delay__A1__lh__Z__lh__ACQ_1.sof eadTS 0.0 eadName /home/linux/ieng6/cs241asp25/cs241asp25bu/lab5/run_siliconsmart/LIB_FF_1.1_-40_ALL/temp/siliconsmart.ieng6-ece-08.150149.8572/delay__A1__lh__Z__lh__ACQ_1.ead enableCache 0 status done depFiles /home/linux/ieng6/cs241asp25/cs241asp25bu/lab5/run_siliconsmart/LIB_FF_1.1_-40_ALL/netlists/OR2XD1.cdl sifCksum 24dffcf469b433e0af1028c23e6ea090}}}
Info:    _SIS_CLIENT_RESULT_END
Info:    __recordTaskStats__ OR2XD1 delay__A1__lh__Z__lh__ACQ_1 0.11 0.01 1.1 0.1 1 3.89883208275 ieng6-ece-08.ucsd.edu 1748032378.3 1748032382.2
Info:    Loading information for cell XNR2D1... (SMSC-60)
Info:    Current directory '/home/linux/ieng6/cs241asp25/cs241asp25bu/lab5/run_siliconsmart/LIB_FF_1.1_-40_ALL' (SIM-68)
Info:    Working in directory '/home/linux/ieng6/cs241asp25/cs241asp25bu/lab5/run_siliconsmart/LIB_FF_1.1_-40_ALL/temp/siliconsmart.ieng6-ece-08.150149.8572/delay__A1__hl__ZN__hl__ACQ_1.sif_0' (SIM-69)
Info:    Executing 'hspice deck.cir -o deck' (SIM-30)
Warning: return code 0 (hspice: No such file or directory)
Info:    Simulation delay__A1__hl__ZN__hl__ACQ_1.sif for cell XNR2D1 completed successfully. (SMSC-103)
Info:    IO Retry 0
Info:    set _SIS_CLIENT_RESULT_ {{XNR2D1 delay__A1__hl__ZN__hl__ACQ_1 {sifTS 0.0 sifName /home/linux/ieng6/cs241asp25/cs241asp25bu/lab5/run_siliconsmart/LIB_FF_1.1_-40_ALL/temp/siliconsmart.ieng6-ece-08.150149.8572/delay__A1__hl__ZN__hl__ACQ_1.sif eadCksum 71e8d3f052531df23a0900185de85d64 simulationCount 1 exportVars {} errorList {} sofName /home/linux/ieng6/cs241asp25/cs241asp25bu/lab5/run_siliconsmart/LIB_FF_1.1_-40_ALL/temp/siliconsmart.ieng6-ece-08.150149.8572/delay__A1__hl__ZN__hl__ACQ_1.sof eadTS 0.0 eadName /home/linux/ieng6/cs241asp25/cs241asp25bu/lab5/run_siliconsmart/LIB_FF_1.1_-40_ALL/temp/siliconsmart.ieng6-ece-08.150149.8572/delay__A1__hl__ZN__hl__ACQ_1.ead enableCache 0 status done depFiles /home/linux/ieng6/cs241asp25/cs241asp25bu/lab5/run_siliconsmart/LIB_FF_1.1_-40_ALL/netlists/XNR2D1.cdl sifCksum 8568b02eccb876776fd187c6ee88ad38}}}
Info:    _SIS_CLIENT_RESULT_END
Info:    __recordTaskStats__ XNR2D1 delay__A1__hl__ZN__hl__ACQ_1 0.11 0.01 1.44 0.1 1 5.27056884766 ieng6-ece-08.ucsd.edu 1748032382.2 1748032387.47
Info:    Loading information for cell XOR2D0... (SMSC-60)
Info:    Current directory '/home/linux/ieng6/cs241asp25/cs241asp25bu/lab5/run_siliconsmart/LIB_FF_1.1_-40_ALL' (SIM-68)
Info:    Working in directory '/home/linux/ieng6/cs241asp25/cs241asp25bu/lab5/run_siliconsmart/LIB_FF_1.1_-40_ALL/temp/siliconsmart.ieng6-ece-08.150149.8572/delay__A2__hl__Z__hl__ACQ_1.sif_0' (SIM-69)
Info:    Executing 'hspice deck.cir -o deck' (SIM-30)
Warning: return code 0 (hspice: No such file or directory)
Info:    Simulation delay__A2__hl__Z__hl__ACQ_1.sif for cell XOR2D0 completed successfully. (SMSC-103)
Info:    IO Retry 0
Info:    set _SIS_CLIENT_RESULT_ {{XOR2D0 delay__A2__hl__Z__hl__ACQ_1 {sifTS 0.0 sifName /home/linux/ieng6/cs241asp25/cs241asp25bu/lab5/run_siliconsmart/LIB_FF_1.1_-40_ALL/temp/siliconsmart.ieng6-ece-08.150149.8572/delay__A2__hl__Z__hl__ACQ_1.sif eadCksum fef01317de28962fd3a66e8f0dff7ce3 simulationCount 1 exportVars {} errorList {} sofName /home/linux/ieng6/cs241asp25/cs241asp25bu/lab5/run_siliconsmart/LIB_FF_1.1_-40_ALL/temp/siliconsmart.ieng6-ece-08.150149.8572/delay__A2__hl__Z__hl__ACQ_1.sof eadTS 0.0 eadName /home/linux/ieng6/cs241asp25/cs241asp25bu/lab5/run_siliconsmart/LIB_FF_1.1_-40_ALL/temp/siliconsmart.ieng6-ece-08.150149.8572/delay__A2__hl__Z__hl__ACQ_1.ead enableCache 0 status done depFiles /home/linux/ieng6/cs241asp25/cs241asp25bu/lab5/run_siliconsmart/LIB_FF_1.1_-40_ALL/netlists/XOR2D0.cdl sifCksum dbe86d2775ac4ee2d409e15573ce9bf7}}}
Info:    _SIS_CLIENT_RESULT_END
Info:    __recordTaskStats__ XOR2D0 delay__A2__hl__Z__hl__ACQ_1 0.11 0.0 1.41 0.1 1 5.97595310211 ieng6-ece-08.ucsd.edu 1748032387.48 1748032393.45
Info:    Loading information for cell XOR2D2... (SMSC-60)
Info:    Current directory '/home/linux/ieng6/cs241asp25/cs241asp25bu/lab5/run_siliconsmart/LIB_FF_1.1_-40_ALL' (SIM-68)
Info:    Working in directory '/home/linux/ieng6/cs241asp25/cs241asp25bu/lab5/run_siliconsmart/LIB_FF_1.1_-40_ALL/temp/siliconsmart.ieng6-ece-08.150149.8572/delay__A2__lh__Z__lh__ACQ_1.sif_0' (SIM-69)
Info:    Executing 'hspice deck.cir -o deck' (SIM-30)
Warning: return code 0 (hspice: No such file or directory)
Info:    Simulation delay__A2__lh__Z__lh__ACQ_1.sif for cell XOR2D2 completed successfully. (SMSC-103)
Info:    IO Retry 0
Info:    set _SIS_CLIENT_RESULT_ {{XOR2D2 delay__A2__lh__Z__lh__ACQ_1 {sifTS 0.0 sifName /home/linux/ieng6/cs241asp25/cs241asp25bu/lab5/run_siliconsmart/LIB_FF_1.1_-40_ALL/temp/siliconsmart.ieng6-ece-08.150149.8572/delay__A2__lh__Z__lh__ACQ_1.sif eadCksum 1d006109e12294009b12514a1b777ecd simulationCount 1 exportVars {} errorList {} sofName /home/linux/ieng6/cs241asp25/cs241asp25bu/lab5/run_siliconsmart/LIB_FF_1.1_-40_ALL/temp/siliconsmart.ieng6-ece-08.150149.8572/delay__A2__lh__Z__lh__ACQ_1.sof eadTS 0.0 eadName /home/linux/ieng6/cs241asp25/cs241asp25bu/lab5/run_siliconsmart/LIB_FF_1.1_-40_ALL/temp/siliconsmart.ieng6-ece-08.150149.8572/delay__A2__lh__Z__lh__ACQ_1.ead enableCache 0 status done depFiles /home/linux/ieng6/cs241asp25/cs241asp25bu/lab5/run_siliconsmart/LIB_FF_1.1_-40_ALL/netlists/XOR2D2.cdl sifCksum 0c100af2f4a969f33a18e75ba1ba4b8d}}}
Info:    _SIS_CLIENT_RESULT_END
Info:    __recordTaskStats__ XOR2D2 delay__A2__lh__Z__lh__ACQ_1 0.11 0.01 1.6 0.1 1 6.90573787689 ieng6-ece-08.ucsd.edu 1748032393.45 1748032400.36
Info:    Loading information for cell INVD0... (SMSC-60)
Info:    Current directory '/home/linux/ieng6/cs241asp25/cs241asp25bu/lab5/run_siliconsmart/LIB_FF_1.1_-40_ALL' (SIM-68)
Info:    Working in directory '/home/linux/ieng6/cs241asp25/cs241asp25bu/lab5/run_siliconsmart/LIB_FF_1.1_-40_ALL/temp/siliconsmart.ieng6-ece-08.150149.8572/delay__I__lh__ZN__hl__ACQ_1.sif_0' (SIM-69)
Info:    Executing 'hspice deck.cir -o deck' (SIM-30)
Warning: return code 0 (hspice: No such file or directory)
Info:    Simulation delay__I__lh__ZN__hl__ACQ_1.sif for cell INVD0 completed successfully. (SMSC-103)
Info:    IO Retry 0
Info:    set _SIS_CLIENT_RESULT_ {{INVD0 delay__I__lh__ZN__hl__ACQ_1 {sifTS 0.0 sifName /home/linux/ieng6/cs241asp25/cs241asp25bu/lab5/run_siliconsmart/LIB_FF_1.1_-40_ALL/temp/siliconsmart.ieng6-ece-08.150149.8572/delay__I__lh__ZN__hl__ACQ_1.sif eadCksum b8d367309b6c5302fc9b62aebd89d2e3 simulationCount 1 exportVars {} errorList {} sofName /home/linux/ieng6/cs241asp25/cs241asp25bu/lab5/run_siliconsmart/LIB_FF_1.1_-40_ALL/temp/siliconsmart.ieng6-ece-08.150149.8572/delay__I__lh__ZN__hl__ACQ_1.sof eadTS 0.0 eadName /home/linux/ieng6/cs241asp25/cs241asp25bu/lab5/run_siliconsmart/LIB_FF_1.1_-40_ALL/temp/siliconsmart.ieng6-ece-08.150149.8572/delay__I__lh__ZN__hl__ACQ_1.ead enableCache 0 status done depFiles /home/linux/ieng6/cs241asp25/cs241asp25bu/lab5/run_siliconsmart/LIB_FF_1.1_-40_ALL/netlists/INVD0.cdl sifCksum ee01ae7a5e56e5e9de58e88a4c41fa73}}}
Info:    _SIS_CLIENT_RESULT_END
Info:    __recordTaskStats__ INVD0 delay__I__lh__ZN__hl__ACQ_1 0.1 0.01 0.88 0.08 1 3.88716602325 ieng6-ece-08.ucsd.edu 1748032400.39 1748032404.27
Info:    Loading information for cell INVD24... (SMSC-60)
Info:    Current directory '/home/linux/ieng6/cs241asp25/cs241asp25bu/lab5/run_siliconsmart/LIB_FF_1.1_-40_ALL' (SIM-68)
Info:    Working in directory '/home/linux/ieng6/cs241asp25/cs241asp25bu/lab5/run_siliconsmart/LIB_FF_1.1_-40_ALL/temp/siliconsmart.ieng6-ece-08.150149.8572/leakage_power__ACQ_1.sif_0' (SIM-69)
Info:    Executing 'hspice deck.cir -o deck' (SIM-30)
Warning: return code 0 (hspice: No such file or directory)
Info:    Simulation leakage_power__ACQ_1.sif for cell INVD24 completed successfully. (SMSC-103)
Info:    IO Retry 0
Info:    set _SIS_CLIENT_RESULT_ {{INVD24 leakage_power__ACQ_1 {sifTS 0.0 sifName /home/linux/ieng6/cs241asp25/cs241asp25bu/lab5/run_siliconsmart/LIB_FF_1.1_-40_ALL/temp/siliconsmart.ieng6-ece-08.150149.8572/leakage_power__ACQ_1.sif eadCksum 98d0a23b1b15daf21fd3cf4df738cde2 simulationCount 1 exportVars {} errorList {} sofName /home/linux/ieng6/cs241asp25/cs241asp25bu/lab5/run_siliconsmart/LIB_FF_1.1_-40_ALL/temp/siliconsmart.ieng6-ece-08.150149.8572/leakage_power__ACQ_1.sof eadTS 0.0 eadName /home/linux/ieng6/cs241asp25/cs241asp25bu/lab5/run_siliconsmart/LIB_FF_1.1_-40_ALL/temp/siliconsmart.ieng6-ece-08.150149.8572/leakage_power__ACQ_1.ead enableCache 0 status done depFiles /home/linux/ieng6/cs241asp25/cs241asp25bu/lab5/run_siliconsmart/LIB_FF_1.1_-40_ALL/netlists/INVD24.cdl sifCksum b88008e3d4f9ce744ac51ef68e399c5c}}}
Info:    _SIS_CLIENT_RESULT_END
Info:    __recordTaskStats__ INVD24 leakage_power__ACQ_1 0.06 0.01 0.29 0.06 1 1.92412805557 ieng6-ece-08.ucsd.edu 1748032404.28 1748032406.21
Info:    Loading information for cell INVD6... (SMSC-60)
Info:    Current directory '/home/linux/ieng6/cs241asp25/cs241asp25bu/lab5/run_siliconsmart/LIB_FF_1.1_-40_ALL' (SIM-68)
Info:    Working in directory '/home/linux/ieng6/cs241asp25/cs241asp25bu/lab5/run_siliconsmart/LIB_FF_1.1_-40_ALL/temp/siliconsmart.ieng6-ece-08.150149.8572/delay__I__lh__ZN__hl__ACQ_1.sif_0' (SIM-69)
Info:    Executing 'hspice deck.cir -o deck' (SIM-30)
Warning: return code 0 (hspice: No such file or directory)
Info:    Simulation delay__I__lh__ZN__hl__ACQ_1.sif for cell INVD6 completed successfully. (SMSC-103)
Info:    IO Retry 0
Info:    set _SIS_CLIENT_RESULT_ {{INVD6 delay__I__lh__ZN__hl__ACQ_1 {sifTS 0.0 sifName /home/linux/ieng6/cs241asp25/cs241asp25bu/lab5/run_siliconsmart/LIB_FF_1.1_-40_ALL/temp/siliconsmart.ieng6-ece-08.150149.8572/delay__I__lh__ZN__hl__ACQ_1.sif eadCksum ab2daffe9165c67d31110aa133f54c32 simulationCount 1 exportVars {} errorList {} sofName /home/linux/ieng6/cs241asp25/cs241asp25bu/lab5/run_siliconsmart/LIB_FF_1.1_-40_ALL/temp/siliconsmart.ieng6-ece-08.150149.8572/delay__I__lh__ZN__hl__ACQ_1.sof eadTS 0.0 eadName /home/linux/ieng6/cs241asp25/cs241asp25bu/lab5/run_siliconsmart/LIB_FF_1.1_-40_ALL/temp/siliconsmart.ieng6-ece-08.150149.8572/delay__I__lh__ZN__hl__ACQ_1.ead enableCache 0 status done depFiles /home/linux/ieng6/cs241asp25/cs241asp25bu/lab5/run_siliconsmart/LIB_FF_1.1_-40_ALL/netlists/INVD6.cdl sifCksum 91b8585ea62707ad0d5e3e40bea857a4}}}
Info:    _SIS_CLIENT_RESULT_END
Info:    __recordTaskStats__ INVD6 delay__I__lh__ZN__hl__ACQ_1 0.1 0.01 1.24 0.1 1 3.66467213631 ieng6-ece-08.ucsd.edu 1748032406.21 1748032409.87
Info:    The char directory is /home/linux/ieng6/cs241asp25/cs241asp25bu/lab5/run_siliconsmart/LIB_FF_1.1_-40_ALL
Warning: Operating condition 'FF_1.1_-40_ALL' already exists, skipped.
Info:    Initializing modeler.
Info:    Creating recharacterized libraries. 
Info:    Reading /home/linux/ieng6/cs241asp25/cs241asp25bu/lab5/run_siliconsmart/LIB_FF_1.1_-40_ALL/models/liberty/cellmodels/header.lib ...
Info:    Reading /home/linux/ieng6/cs241asp25/cs241asp25bu/lab5/run_siliconsmart/LIB_FF_1.1_-40_ALL/models/liberty/cellmodels/AN2D0.lib ...
Info:    Writing libraries ...
Info:    Creating Liberty file "/home/linux/ieng6/cs241asp25/cs241asp25bu/lab5/run_siliconsmart/LIB_FF_1.1_-40_ALL/models/liberty/cells/AN2D0_FF_1.1_-40_ALL.lib".
Info:    re-positioning normalized_driver_waveform (ndw_ntin_nvolt_7x13) after templates
Info:    __recordTaskStats__ AN2D0 modeling 0.84 0.02 0.02 0.03 1 3.9452559948 ieng6-ece-08.ucsd.edu 1748032418.12 1748032422.06
Info:    set _SIS_CLIENT_RESULT_ {{AN2D0 modeling {status done exportVars {} errorList {} sifName {} sofName {} eadName {} depFiles {} tmpHeader {FF_1.1_-40_ALL /home/linux/ieng6/cs241asp25/cs241asp25bu/lab5/run_siliconsmart/LIB_FF_1.1_-40_ALL/runtime/modeling/merge/AN2D0_FF_1.1_-40_ALL.header} tmpBody {FF_1.1_-40_ALL_AN2D0 /home/linux/ieng6/cs241asp25/cs241asp25bu/lab5/run_siliconsmart/LIB_FF_1.1_-40_ALL/runtime/modeling/merge/AN2D0_FF_1.1_-40_ALL.body}}}}
Info:    _SIS_CLIENT_RESULT_END
Info:    Initializing modeler.
Info:    Creating recharacterized libraries. 
Info:    Reading /home/linux/ieng6/cs241asp25/cs241asp25bu/lab5/run_siliconsmart/LIB_FF_1.1_-40_ALL/models/liberty/cellmodels/header.lib ...
Info:    Reading /home/linux/ieng6/cs241asp25/cs241asp25bu/lab5/run_siliconsmart/LIB_FF_1.1_-40_ALL/models/liberty/cellmodels/XNR2D2.lib ...
Info:    Writing libraries ...
Warning: Power model 1856 (internal_power_group:1854) for fall_power for related_pin A1 to ZN  with when: none could not be recharacterized, therefore deleting this model..
Warning: Power model 1855 (internal_power_group:1853) for rise_power for related_pin A1 to ZN  with when: none could not be recharacterized, therefore deleting this model..
Warning: Power model 1870 (internal_power_group:1868) for fall_power for related_pin A2 to ZN  with when: none could not be recharacterized, therefore deleting this model..
Warning: Power model 1869 (internal_power_group:1867) for rise_power for related_pin A2 to ZN  with when: none could not be recharacterized, therefore deleting this model..
Info:    Creating Liberty file "/home/linux/ieng6/cs241asp25/cs241asp25bu/lab5/run_siliconsmart/LIB_FF_1.1_-40_ALL/models/liberty/cells/XNR2D2_FF_1.1_-40_ALL.lib".
Info:    __recordTaskStats__ XNR2D2 modeling 1.0 0.03 0.01 0.04 1 4.07753992081 ieng6-ece-08.ucsd.edu 1748032422.08 1748032426.15
Info:    set _SIS_CLIENT_RESULT_ {{XNR2D2 modeling {status done exportVars {} errorList {} sifName {} sofName {} eadName {} depFiles {} tmpHeader {FF_1.1_-40_ALL /home/linux/ieng6/cs241asp25/cs241asp25bu/lab5/run_siliconsmart/LIB_FF_1.1_-40_ALL/runtime/modeling/merge/XNR2D2_FF_1.1_-40_ALL.header} tmpBody {FF_1.1_-40_ALL_XNR2D2 /home/linux/ieng6/cs241asp25/cs241asp25bu/lab5/run_siliconsmart/LIB_FF_1.1_-40_ALL/runtime/modeling/merge/XNR2D2_FF_1.1_-40_ALL.body}}}}
Info:    _SIS_CLIENT_RESULT_END
Info:    CDPL worker exited normally.
Info:    Maximum virtual memory size: 652.78MB
Info:    Switching log to /home/linux/ieng6/cs241asp25/cs241asp25bu/lab5/run_siliconsmart/LIB_FF_1.1_-40_ALL/runtime/cdpl/sis.W24.ieng6-ece-08.ucsd.edu.8572.log at Fri May 23 13:34:10 2025
.
----------------------------------------------------------------------
----------------------------------------------------------------------
Info:    Switching log from /home/linux/ieng6/cs241asp25/cs241asp25bu/lab5/run_siliconsmart/LIB_FF_1.1_-40_ALL/temp/sis.cs241asp25bu.8572.log at Fri May 23 13:34:10 2025
Info:    Log written by SiliconSmart version L-2016.06-SP1-2 on Fri May 23 13:34:10 2025
Info:    Build date: Dec 07, 2016 16:59:49
Info:    SiliconSmart Path: /acsnfs3/software/SiliconSmartAce-2016.06-SP1-2/linux64/bin/siliconsmart
Info:    Host Name: ieng6-ece-08.ucsd.edu, User Name: cs241asp25bu, PID: 8572
Info:    CPU: 8 x 2195 MHz, Intel(R) Xeon(R) Gold 5220 CPU @ 2.20GHz (2 socket, 4 core)
Info:    Memory: 32 GB RAM, 1 GB Swap
Info:    Directory: /home/linux/ieng6/cs241asp25/cs241asp25bu/lab5/run_siliconsmart/LIB_FF_1.1_-40_ALL
Info:    Maximum virtual memory size: 652.78MB
Info:    Maximum virtual memory size: 652.781 MB
