1748033430.249794: 6787-7ff71faf2000: cdpl_log.c:221: in cdpl_log_open(): debug: @@start_of_log@@
1748033430.249848: 6787-7ff71faf2000: cdpl_log.c:729: in cdpl_log_dump_sysinfo(): info: time: 2025/05/23 13:50:30 PDT -0700
1748033430.249853: 6787-7ff71faf2000: cdpl_log.c:731: in cdpl_log_dump_sysinfo(): info: version: L_2016.03_SP2_PROD_CDPL 
1748033430.249857: 6787-7ff71faf2000: cdpl_log.c:736: in cdpl_log_dump_sysinfo(): info: system: Linux 3.10.0-1160.119.1.el7.x86_64 #1 SMP Tue Jun 4 14:43:51 UTC 2024
1748033430.249861: 6787-7ff71faf2000: cdpl_log.c:740: in cdpl_log_dump_sysinfo(): info: processor: x86_64 64-bits
1748033430.249865: 6787-7ff71faf2000: cdpl_log.c:742: in cdpl_log_dump_sysinfo(): info: hostname: ieng6-ece-08.ucsd.edu
1748033430.249868: 6787-7ff71faf2000: cdpl_log.c:223: in cdpl_log_open(): debug: path: /home/linux/ieng6/cs241asp25/cs241asp25bu/lab5/run_siliconsmart/LIB_FF_1.1_-40_ALL/runtime/cdpl/worker.W7.ieng6-ece-08.ucsd.edu.6787.log
1748033430.249872: 6787-7ff71faf2000: cdpl_log.c:224: in cdpl_log_open(): debug: dir: /home/linux/ieng6/cs241asp25/cs241asp25bu/lab5/run_siliconsmart/LIB_FF_1.1_-40_ALL/runtime/cdpl
1748033430.249881: 6787-7ff71faf2000: cdpl_worker.c:728: in cdpl_wk_new(): info: creating worker instance
1748033430.252518: 6787-7ff71faf2000: cdpl_worker.c:925: in cdpl_wk_start(): debug: starting worker
1748033430.252530: 6787-7ff71faf2000: cdpl_worker.c:276: in cdpl_wk_setup(): info: CDPL_SERVER is "128.54.67.138:38320"
1748033430.252535: 6787-7ff71faf2000: cdpl_worker.c:299: in cdpl_wk_setup(): info: server 128.54.67.138, port 38320
1748033430.252539: 6787-7ff71faf2000: cdpl_worker.c:319: in cdpl_wk_setup(): info: CDPL_ID is "7:1:1:1:1244849655"
1748033430.252551: 6787-7ff71faf2000: cdpl_worker.c:361: in cdpl_wk_setup(): info: we are W7-B1-J1-M1-S1244849655
1748033430.252554: 6787-7ff71faf2000: cdpl_worker.c:363: in cdpl_wk_setup(): info: we are on host ieng6-ece-08.ucsd.edu
1748033430.252557: 6787-7ff71faf2000: cdpl_worker.c:372: in cdpl_wk_daemonize(): debug: will *not* daemonize
1748033430.252563: 6787-7ff71faf2000: cdpl_ipc.c:2593: in cdpl_ipc_connect(): info: connecting to 128.54.67.138:38320
1748033430.252675: 6787-7ff71faf2000: cdpl_ipc.c:2659: in cdpl_ipc_connect(): info: connected as `128.54.67.138:50938'
1748033430.252696: 6787-7ff71faf2000: cdpl_ipc.c:1763: in cdpl_ipc_host_accept(): debug: accepted host `128.54.67.138:38320'
1748033430.252707: 6787-7ff71faf2000: cdpl_ipc.c:2436: in cdpl_ipc_start(): debug: starting IPC server 128.54.67.138:36727
1748033430.252822: 6787-7ff71faf2000: cdpl_compat_worker.c:148: in cdplStartWorker(): info: SNPSLMD_LICENSE_FILE is 1705@its-flexlm-lnx4.ucsd.edu:1705@acms-flexlm-lnx4.ucsd.edu,1705@acms-flexlm-lnx5.ucsd.edu,1705@acms-flexlm-lnx6.ucsd.edu
1748033430.252882: 6787-7ff71faf2000: cdpl_compat_worker.c:597: in cdplWorkerLogInfo(): info: [Maximum lifespan of worker is set to 1200m]
1748033430.252921: 6787-7ff71faf2000: cdpl_compat_worker.c:597: in cdplWorkerLogInfo(): info: [Peak virtual memory is set to 128GB]
1748033430.252961: 6787-7ff7111d3700: cdpl_worker.c:528: in cdpl_wk_listen(): debug: ready
1748033430.261358: 6787-7ff7109d2700: cdpl_worker.c:656: in cdpl_wk_heartbeat(): debug: starting heartbeat
1748033430.261371: 6787-7ff7109d2700: cdpl_worker.c:665: in cdpl_wk_heartbeat(): info: setting heartbeat period to 60 sec
1748033430.261375: 6787-7ff7109d2700: cdpl_worker.c:673: in cdpl_wk_heartbeat(): info: first heartbeat in 1 sec
1748033430.282445: 6787-7ff7111d3700: cdpl_worker.c:585: in cdpl_wk_listen(): debug: received ASSIGN message
1748033430.282465: 6787-7ff71faf2000: cdpl_worker.c:1092: in cdpl_wk_wait_timeout(): info: starting task T8
1748033430.282483: 6787-7ff71faf2000: cdpl_compat_worker.c:597: in cdplWorkerLogInfo(): info: [configOneCellAdaptive { AOI21D2 }]
1748033430.934932: 6787-7ff71faf2000: cdpl_worker.c:1208: in cdpl_wk_finalize(): info: finishing task T8
1748033431.781923: 6787-7ff7111d3700: cdpl_worker.c:585: in cdpl_wk_listen(): debug: received ASSIGN message
1748033431.781965: 6787-7ff71faf2000: cdpl_worker.c:1092: in cdpl_wk_wait_timeout(): info: starting task T26
1748033431.781990: 6787-7ff71faf2000: cdpl_compat_worker.c:597: in cdplWorkerLogInfo(): info: [configOneCellAdaptive { INVD2 }]
1748033432.091123: 6787-7ff71faf2000: cdpl_worker.c:1208: in cdpl_wk_finalize(): info: finishing task T26
1748033432.092244: 6787-7ff7111d3700: cdpl_worker.c:585: in cdpl_wk_listen(): debug: received ASSIGN message
1748033432.092259: 6787-7ff71faf2000: cdpl_worker.c:1092: in cdpl_wk_wait_timeout(): info: starting task T34
1748033432.092268: 6787-7ff71faf2000: cdpl_compat_worker.c:597: in cdplWorkerLogInfo(): info: [configOneCellAdaptive { MUX2D0 }]
1748033433.622985: 6787-7ff71faf2000: cdpl_worker.c:1208: in cdpl_wk_finalize(): info: finishing task T34
1748033433.642323: 6787-7ff7111d3700: cdpl_worker.c:585: in cdpl_wk_listen(): debug: received ASSIGN message
1748033433.656178: 6787-7ff71faf2000: cdpl_worker.c:1092: in cdpl_wk_wait_timeout(): info: starting task T50
1748033433.656196: 6787-7ff71faf2000: cdpl_compat_worker.c:597: in cdplWorkerLogInfo(): info: [configOneCellAdaptive { OAI21D0 }]
1748033434.828892: 6787-7ff71faf2000: cdpl_worker.c:1208: in cdpl_wk_finalize(): info: finishing task T50
1748033465.604350: 6787-7ff7111d3700: cdpl_worker.c:616: in cdpl_wk_listen(): debug: received RELAY message
1748033465.934616: 6787-7ff7111d3700: cdpl_worker.c:616: in cdpl_wk_listen(): debug: received RELAY message
1748033467.269870: 6787-7ff7111d3700: cdpl_worker.c:585: in cdpl_wk_listen(): debug: received ASSIGN message
1748033467.269891: 6787-7ff71faf2000: cdpl_worker.c:1092: in cdpl_wk_wait_timeout(): info: starting task T79
1748033467.691125: 6787-7ff71faf2000: cdpl_compat_worker.c:597: in cdplWorkerLogInfo(): info: [runOneAcquisitionAdaptive DFCSNQD1 asynch_recover__SDN__lh__CDN__lh__ACQ_1 job_80 ]
1748033489.387689: 6787-7ff71faf2000: cdpl_worker.c:1208: in cdpl_wk_finalize(): info: finishing task T79
1748033489.404443: 6787-7ff7111d3700: cdpl_worker.c:585: in cdpl_wk_listen(): debug: received ASSIGN message
1748033489.404458: 6787-7ff71faf2000: cdpl_worker.c:1092: in cdpl_wk_wait_timeout(): info: starting task T134
1748033489.404468: 6787-7ff71faf2000: cdpl_compat_worker.c:597: in cdplWorkerLogInfo(): info: [runOneAcquisitionAdaptive DFCSNQD4 energy__CP__lh__ACQ_1 job_135 ]
1748033492.961523: 6787-7ff71faf2000: cdpl_worker.c:1208: in cdpl_wk_finalize(): info: finishing task T134
1748033492.961722: 6787-7ff7111d3700: cdpl_worker.c:585: in cdpl_wk_listen(): debug: received ASSIGN message
1748033492.968330: 6787-7ff71faf2000: cdpl_worker.c:1092: in cdpl_wk_wait_timeout(): info: starting task T141
1748033492.968346: 6787-7ff71faf2000: cdpl_compat_worker.c:597: in cdplWorkerLogInfo(): info: [runOneAcquisitionAdaptive DFCSNQD4 energy__D__hl__ACQ_1 job_142 ]
1748033496.168941: 6787-7ff71faf2000: cdpl_worker.c:1208: in cdpl_wk_finalize(): info: finishing task T141
1748033496.169225: 6787-7ff7111d3700: cdpl_worker.c:585: in cdpl_wk_listen(): debug: received ASSIGN message
1748033496.169251: 6787-7ff71faf2000: cdpl_worker.c:1092: in cdpl_wk_wait_timeout(): info: starting task T148
1748033496.169263: 6787-7ff71faf2000: cdpl_compat_worker.c:597: in cdplWorkerLogInfo(): info: [runOneAcquisitionAdaptive DFCSNQD4 asynch_removal__CDN__lh__SDN__lh__ACQ_1 job_149 ]
1748033519.144402: 6787-7ff71faf2000: cdpl_worker.c:1208: in cdpl_wk_finalize(): info: finishing task T148
1748033519.151933: 6787-7ff7111d3700: cdpl_worker.c:585: in cdpl_wk_listen(): debug: received ASSIGN message
1748033519.151946: 6787-7ff71faf2000: cdpl_worker.c:1092: in cdpl_wk_wait_timeout(): info: starting task T197
1748033519.151956: 6787-7ff71faf2000: cdpl_compat_worker.c:597: in cdplWorkerLogInfo(): info: [runOneAcquisitionAdaptive AOI21D0 delay__B__lh__ZN__hl__ACQ_1 job_198 ]
1748033523.146708: 6787-7ff71faf2000: cdpl_worker.c:1208: in cdpl_wk_finalize(): info: finishing task T197
1748033523.149950: 6787-7ff7111d3700: cdpl_worker.c:585: in cdpl_wk_listen(): debug: received ASSIGN message
1748033523.149970: 6787-7ff71faf2000: cdpl_worker.c:1092: in cdpl_wk_wait_timeout(): info: starting task T216
1748033523.149992: 6787-7ff71faf2000: cdpl_compat_worker.c:597: in cdplWorkerLogInfo(): info: [runOneAcquisitionAdaptive AOI21D2 leakage_power__ACQ_1 job_217 ]
1748033525.649000: 6787-7ff71faf2000: cdpl_worker.c:1208: in cdpl_wk_finalize(): info: finishing task T216
1748033525.654242: 6787-7ff7111d3700: cdpl_worker.c:585: in cdpl_wk_listen(): debug: received ASSIGN message
1748033525.654259: 6787-7ff71faf2000: cdpl_worker.c:1092: in cdpl_wk_wait_timeout(): info: starting task T224
1748033525.654271: 6787-7ff71faf2000: cdpl_compat_worker.c:597: in cdplWorkerLogInfo(): info: [runOneAcquisitionAdaptive AOI21D2 Cin__B__hl__ACQ_1 job_225 ]
1748033528.087294: 6787-7ff71faf2000: cdpl_worker.c:1208: in cdpl_wk_finalize(): info: finishing task T224
1748033528.087456: 6787-7ff7111d3700: cdpl_worker.c:585: in cdpl_wk_listen(): debug: received ASSIGN message
1748033528.087476: 6787-7ff71faf2000: cdpl_worker.c:1092: in cdpl_wk_wait_timeout(): info: starting task T237
1748033528.087485: 6787-7ff71faf2000: cdpl_compat_worker.c:597: in cdplWorkerLogInfo(): info: [runOneAcquisitionAdaptive AOI21D4 delay__A2__hl__ZN__lh__ACQ_1 job_238 ]
1748033534.409433: 6787-7ff71faf2000: cdpl_worker.c:1208: in cdpl_wk_finalize(): info: finishing task T237
1748033534.424520: 6787-7ff7111d3700: cdpl_worker.c:585: in cdpl_wk_listen(): debug: received ASSIGN message
1748033534.424534: 6787-7ff71faf2000: cdpl_worker.c:1092: in cdpl_wk_wait_timeout(): info: starting task T261
1748033534.424544: 6787-7ff71faf2000: cdpl_compat_worker.c:597: in cdplWorkerLogInfo(): info: [runOneAcquisitionAdaptive MUX2D1 Cin__I1__lh__ACQ_1 job_262 ]
1748033536.811899: 6787-7ff71faf2000: cdpl_worker.c:1208: in cdpl_wk_finalize(): info: finishing task T261
1748033536.816870: 6787-7ff7111d3700: cdpl_worker.c:585: in cdpl_wk_listen(): debug: received ASSIGN message
1748033536.816894: 6787-7ff71faf2000: cdpl_worker.c:1092: in cdpl_wk_wait_timeout(): info: starting task T275
1748033536.816911: 6787-7ff71faf2000: cdpl_compat_worker.c:597: in cdplWorkerLogInfo(): info: [runOneAcquisitionAdaptive MUX2D2 delay__S__lh__Z__lh__ACQ_1 job_276 ]
1748033542.609054: 6787-7ff71faf2000: cdpl_worker.c:1208: in cdpl_wk_finalize(): info: finishing task T275
1748033542.636641: 6787-7ff7111d3700: cdpl_worker.c:585: in cdpl_wk_listen(): debug: received ASSIGN message
1748033542.640713: 6787-7ff71faf2000: cdpl_worker.c:1092: in cdpl_wk_wait_timeout(): info: starting task T303
1748033542.640730: 6787-7ff71faf2000: cdpl_compat_worker.c:597: in cdplWorkerLogInfo(): info: [runOneAcquisitionAdaptive MUX2D4 Cin__I0__lh__ACQ_1 job_304 ]
1748033544.895812: 6787-7ff71faf2000: cdpl_worker.c:1208: in cdpl_wk_finalize(): info: finishing task T303
1748033544.905528: 6787-7ff7111d3700: cdpl_worker.c:585: in cdpl_wk_listen(): debug: received ASSIGN message
1748033544.905544: 6787-7ff71faf2000: cdpl_worker.c:1092: in cdpl_wk_wait_timeout(): info: starting task T315
1748033544.905554: 6787-7ff71faf2000: cdpl_compat_worker.c:597: in cdplWorkerLogInfo(): info: [runOneAcquisitionAdaptive OAI21D0 delay__A2__hl__ZN__lh__ACQ_1 job_316 ]
1748033548.876774: 6787-7ff71faf2000: cdpl_worker.c:1208: in cdpl_wk_finalize(): info: finishing task T315
1748033548.939325: 6787-7ff7111d3700: cdpl_worker.c:585: in cdpl_wk_listen(): debug: received ASSIGN message
1748033548.941903: 6787-7ff71faf2000: cdpl_worker.c:1092: in cdpl_wk_wait_timeout(): info: starting task T338
1748033548.941921: 6787-7ff71faf2000: cdpl_compat_worker.c:597: in cdplWorkerLogInfo(): info: [runOneAcquisitionAdaptive OAI21D2 delay__A1__hl__ZN__lh__ACQ_1 job_339 ]
1748033553.248018: 6787-7ff71faf2000: cdpl_worker.c:1208: in cdpl_wk_finalize(): info: finishing task T338
1748033553.252447: 6787-7ff7111d3700: cdpl_worker.c:585: in cdpl_wk_listen(): debug: received ASSIGN message
1748033553.252460: 6787-7ff71faf2000: cdpl_worker.c:1092: in cdpl_wk_wait_timeout(): info: starting task T366
1748033553.252470: 6787-7ff71faf2000: cdpl_compat_worker.c:597: in cdplWorkerLogInfo(): info: [runOneAcquisitionAdaptive AN2D0 leakage_power__ACQ_4 job_367 ]
1748033554.995988: 6787-7ff71faf2000: cdpl_worker.c:1208: in cdpl_wk_finalize(): info: finishing task T366
1748033555.001851: 6787-7ff7111d3700: cdpl_worker.c:585: in cdpl_wk_listen(): debug: received ASSIGN message
1748033555.001875: 6787-7ff71faf2000: cdpl_worker.c:1092: in cdpl_wk_wait_timeout(): info: starting task T378
1748033555.001892: 6787-7ff71faf2000: cdpl_compat_worker.c:597: in cdplWorkerLogInfo(): info: [runOneAcquisitionAdaptive AN2D1 delay__A2__hl__Z__hl__ACQ_1 job_379 ]
1748033558.269961: 6787-7ff71faf2000: cdpl_worker.c:1208: in cdpl_wk_finalize(): info: finishing task T378
1748033558.270620: 6787-7ff7111d3700: cdpl_worker.c:585: in cdpl_wk_listen(): debug: received ASSIGN message
1748033558.270631: 6787-7ff71faf2000: cdpl_worker.c:1092: in cdpl_wk_wait_timeout(): info: starting task T398
1748033558.270640: 6787-7ff71faf2000: cdpl_compat_worker.c:597: in cdplWorkerLogInfo(): info: [runOneAcquisitionAdaptive AN2D4 delay__A2__hl__Z__hl__ACQ_1 job_399 ]
1748033564.568453: 6787-7ff71faf2000: cdpl_worker.c:1208: in cdpl_wk_finalize(): info: finishing task T398
1748033564.589583: 6787-7ff7111d3700: cdpl_worker.c:585: in cdpl_wk_listen(): debug: received ASSIGN message
1748033564.589603: 6787-7ff71faf2000: cdpl_worker.c:1092: in cdpl_wk_wait_timeout(): info: starting task T442
1748033564.589615: 6787-7ff71faf2000: cdpl_compat_worker.c:597: in cdplWorkerLogInfo(): info: [runOneAcquisitionAdaptive ND2D2 Cin__A1__lh__ACQ_1 job_443 ]
1748033566.954806: 6787-7ff71faf2000: cdpl_worker.c:1208: in cdpl_wk_finalize(): info: finishing task T442
1748033566.955875: 6787-7ff7111d3700: cdpl_worker.c:585: in cdpl_wk_listen(): debug: received ASSIGN message
1748033566.965400: 6787-7ff71faf2000: cdpl_worker.c:1092: in cdpl_wk_wait_timeout(): info: starting task T459
1748033566.965420: 6787-7ff71faf2000: cdpl_compat_worker.c:597: in cdplWorkerLogInfo(): info: [runOneAcquisitionAdaptive ND2D3 delay__A2__lh__ZN__hl__ACQ_1 job_460 ]
1748033571.660167: 6787-7ff71faf2000: cdpl_worker.c:1208: in cdpl_wk_finalize(): info: finishing task T459
1748033571.663949: 6787-7ff7111d3700: cdpl_worker.c:585: in cdpl_wk_listen(): debug: received ASSIGN message
1748033571.663998: 6787-7ff71faf2000: cdpl_worker.c:1092: in cdpl_wk_wait_timeout(): info: starting task T493
1748033571.664012: 6787-7ff71faf2000: cdpl_compat_worker.c:597: in cdplWorkerLogInfo(): info: [runOneAcquisitionAdaptive NR2D1 leakage_power__ACQ_1 job_494 ]
1748033574.481812: 6787-7ff71faf2000: cdpl_worker.c:1208: in cdpl_wk_finalize(): info: finishing task T493
1748033574.498408: 6787-7ff7111d3700: cdpl_worker.c:585: in cdpl_wk_listen(): debug: received ASSIGN message
1748033574.498426: 6787-7ff71faf2000: cdpl_worker.c:1092: in cdpl_wk_wait_timeout(): info: starting task T512
1748033574.498437: 6787-7ff71faf2000: cdpl_compat_worker.c:597: in cdplWorkerLogInfo(): info: [runOneAcquisitionAdaptive NR2D3 Cin__A1__lh__ACQ_1 job_513 ]
1748033577.276598: 6787-7ff71faf2000: cdpl_worker.c:1208: in cdpl_wk_finalize(): info: finishing task T512
1748033577.289422: 6787-7ff7111d3700: cdpl_worker.c:585: in cdpl_wk_listen(): debug: received ASSIGN message
1748033577.297718: 6787-7ff71faf2000: cdpl_worker.c:1092: in cdpl_wk_wait_timeout(): info: starting task T535
1748033577.297736: 6787-7ff71faf2000: cdpl_compat_worker.c:597: in cdplWorkerLogInfo(): info: [runOneAcquisitionAdaptive NR2D8 delay__A1__lh__ZN__hl__ACQ_1 job_536 ]
1748033586.028481: 6787-7ff71faf2000: cdpl_worker.c:1208: in cdpl_wk_finalize(): info: finishing task T535
1748033586.068211: 6787-7ff7111d3700: cdpl_worker.c:585: in cdpl_wk_listen(): debug: received ASSIGN message
1748033586.068250: 6787-7ff71faf2000: cdpl_worker.c:1092: in cdpl_wk_wait_timeout(): info: starting task T593
1748033586.068261: 6787-7ff71faf2000: cdpl_compat_worker.c:597: in cdplWorkerLogInfo(): info: [runOneAcquisitionAdaptive XNR2D0 leakage_power__ACQ_1 job_594 ]
1748033588.448430: 6787-7ff71faf2000: cdpl_worker.c:1208: in cdpl_wk_finalize(): info: finishing task T593
1748033588.454875: 6787-7ff7111d3700: cdpl_worker.c:585: in cdpl_wk_listen(): debug: received ASSIGN message
1748033588.454898: 6787-7ff71faf2000: cdpl_worker.c:1092: in cdpl_wk_wait_timeout(): info: starting task T612
1748033588.454919: 6787-7ff71faf2000: cdpl_compat_worker.c:597: in cdplWorkerLogInfo(): info: [runOneAcquisitionAdaptive XNR2D2 delay__A2__hl__ZN__hl__ACQ_1 job_613 ]
1748033594.634498: 6787-7ff71faf2000: cdpl_worker.c:1208: in cdpl_wk_finalize(): info: finishing task T612
1748033594.648344: 6787-7ff7111d3700: cdpl_worker.c:585: in cdpl_wk_listen(): debug: received ASSIGN message
1748033594.648388: 6787-7ff71faf2000: cdpl_worker.c:1092: in cdpl_wk_wait_timeout(): info: starting task T641
1748033594.648399: 6787-7ff71faf2000: cdpl_compat_worker.c:597: in cdplWorkerLogInfo(): info: [runOneAcquisitionAdaptive XOR2D1 delay__A1__lh__Z__lh__ACQ_1 job_642 ]
1748033600.318338: 6787-7ff71faf2000: cdpl_worker.c:1208: in cdpl_wk_finalize(): info: finishing task T641
1748033600.320847: 6787-7ff7111d3700: cdpl_worker.c:585: in cdpl_wk_listen(): debug: received ASSIGN message
1748033600.320859: 6787-7ff71faf2000: cdpl_worker.c:1092: in cdpl_wk_wait_timeout(): info: starting task T656
1748033600.320869: 6787-7ff71faf2000: cdpl_compat_worker.c:597: in cdplWorkerLogInfo(): info: [runOneAcquisitionAdaptive XOR2D2 delay__A2__hl__Z__hl__ACQ_1 job_657 ]
1748033604.569870: 6787-7ff71faf2000: cdpl_worker.c:1208: in cdpl_wk_finalize(): info: finishing task T656
1748033604.580441: 6787-7ff7111d3700: cdpl_worker.c:585: in cdpl_wk_listen(): debug: received ASSIGN message
1748033604.580515: 6787-7ff71faf2000: cdpl_worker.c:1092: in cdpl_wk_wait_timeout(): info: starting task T691
1748033604.580532: 6787-7ff71faf2000: cdpl_compat_worker.c:597: in cdplWorkerLogInfo(): info: [runOneAcquisitionAdaptive BUFFD6 delay__I__lh__Z__lh__ACQ_1 job_692 ]
1748033610.324069: 6787-7ff71faf2000: cdpl_worker.c:1208: in cdpl_wk_finalize(): info: finishing task T691
1748033610.327174: 6787-7ff7111d3700: cdpl_worker.c:585: in cdpl_wk_listen(): debug: received ASSIGN message
1748033610.327196: 6787-7ff71faf2000: cdpl_worker.c:1092: in cdpl_wk_wait_timeout(): info: starting task T728
1748033610.327213: 6787-7ff71faf2000: cdpl_compat_worker.c:597: in cdplWorkerLogInfo(): info: [runOneAcquisitionAdaptive INVD3 delay__I__hl__ZN__lh__ACQ_1 job_729 ]
1748033613.239550: 6787-7ff71faf2000: cdpl_worker.c:1208: in cdpl_wk_finalize(): info: finishing task T728
1748033620.406339: 6787-7ff7111d3700: cdpl_worker.c:616: in cdpl_wk_listen(): debug: received RELAY message
1748033620.969612: 6787-7ff7111d3700: cdpl_worker.c:585: in cdpl_wk_listen(): debug: received ASSIGN message
1748033620.969643: 6787-7ff71faf2000: cdpl_worker.c:1092: in cdpl_wk_wait_timeout(): info: starting task T746
1748033621.063530: 6787-7ff71faf2000: cdpl_compat_worker.c:597: in cdplWorkerLogInfo(): info: [modelOneCellAdaptive {AOI21D1 }]
1748033624.114209: 6787-7ff71faf2000: cdpl_worker.c:1208: in cdpl_wk_finalize(): info: finishing task T746
1748033624.114545: 6787-7ff7111d3700: cdpl_worker.c:585: in cdpl_wk_listen(): debug: received ASSIGN message
1748033624.114759: 6787-7ff71faf2000: cdpl_worker.c:1092: in cdpl_wk_wait_timeout(): info: starting task T770
1748033624.114774: 6787-7ff71faf2000: cdpl_compat_worker.c:597: in cdplWorkerLogInfo(): info: [modelOneCellAdaptive {NR2D1 }]
1748033627.088253: 6787-7ff71faf2000: cdpl_worker.c:1208: in cdpl_wk_finalize(): info: finishing task T770
1748033627.089531: 6787-7ff7111d3700: cdpl_worker.c:585: in cdpl_wk_listen(): debug: received ASSIGN message
1748033627.090297: 6787-7ff71faf2000: cdpl_worker.c:1092: in cdpl_wk_wait_timeout(): info: starting task T793
1748033627.090331: 6787-7ff71faf2000: cdpl_compat_worker.c:597: in cdplWorkerLogInfo(): info: [modelOneCellAdaptive {BUFFD4 }]
1748033629.400694: 6787-7ff71faf2000: cdpl_worker.c:1208: in cdpl_wk_finalize(): info: finishing task T793
1748033655.398446: 6787-7ff7111d3700: cdpl_worker.c:616: in cdpl_wk_listen(): debug: received RELAY message
1748033655.427112: 6787-7ff7119d4700: cdpl_ipc.c:606: in _readv(): warning: read(): EOF
1748033655.427160: 6787-7ff7119d4700: cdpl_ipc.c:1462: in _epoll_recv(): debug: _readv(): Broken pipe
1748033655.427178: 6787-7ff7119d4700: cdpl_ipc.c:1683: in _epoll_main(): debug: _epoll_recv(): Broken pipe
1748033655.427204: 6787-7ff7119d4700: cdpl_ipc.c:1061: in _host_drop__UNSAFE(): debug: dropping host `128.54.67.138:38320'
1748033655.428045: 6787-7ff7111d3700: cdpl_worker.c:561: in cdpl_wk_listen(): debug: received DROP notification
1748033655.428057: 6787-7ff7111d3700: cdpl_worker.c:565: in cdpl_wk_listen(): debug: we were dropped by the server
1748033655.428063: 6787-7ff7111d3700: cdpl_worker.c:492: in _wk_kill(): debug: killing worker
1748033655.428068: 6787-7ff7111d3700: cdpl_ipc.c:2481: in cdpl_ipc_kill(): debug: stopping event server
1748033655.428088: 6787-7ff7111d3700: cdpl_worker.c:542: in cdpl_wk_listen(): debug: leaving now
1748033655.428216: 6787-7ff71faf2000: cdpl_compat_worker.c:597: in cdplWorkerLogInfo(): info: [Worker shutdown. Code: 3]
1748033655.428302: 6787-7ff7119d4700: cdpl_ipc.c:1720: in _epoll_main(): debug: server going down...
1748033655.432363: 6787-7ff71faf2000: cdpl_worker.c:856: in _wk_shutdown(): debug: waiting for heartbeat thread
1748033655.432387: 6787-7ff7109d2700: cdpl_worker.c:709: in cdpl_wk_heartbeat(): info: stopping heartbeat
1748033655.432433: 6787-7ff71faf2000: cdpl_ipc.c:1781: in cdpl_ipc_host_release(): debug: releasing host `128.54.67.138:38320'
1748033655.432478: 6787-7ff71faf2000: cdpl_ipc.c:2532: in cdpl_ipc_free(): debug: releasing IPC handle
1748033655.432486: 6787-7ff71faf2000: cdpl_ipc.c:986: in _host_free__UNSAFE(): debug: freeing host `128.54.67.138:38320'
1748033655.432494: 6787-7ff71faf2000: cdpl_ipc.c:1028: in _host_free__UNSAFE(): debug: [0 outq, 0 spR, 0 spW]
1748033655.432522: 6787-7ff71faf2000: cdpl_ipc.c:2571: in cdpl_ipc_free(): debug: done
1748033655.432530: 6787-7ff71faf2000: cdpl_worker.c:912: in cdpl_wk_free(): info: freed
1748033655.432537: 6787-7ff71faf2000: cdpl_log.c:359: in cdpl_log_close(): debug: @@end_of_log@@
