1748033430.528141: 6821-7fa022cc9000: cdpl_log.c:221: in cdpl_log_open(): debug: @@start_of_log@@
1748033430.528175: 6821-7fa022cc9000: cdpl_log.c:729: in cdpl_log_dump_sysinfo(): info: time: 2025/05/23 13:50:30 PDT -0700
1748033430.528180: 6821-7fa022cc9000: cdpl_log.c:731: in cdpl_log_dump_sysinfo(): info: version: L_2016.03_SP2_PROD_CDPL 
1748033430.528183: 6821-7fa022cc9000: cdpl_log.c:736: in cdpl_log_dump_sysinfo(): info: system: Linux 3.10.0-1160.119.1.el7.x86_64 #1 SMP Tue Jun 4 14:43:51 UTC 2024
1748033430.528187: 6821-7fa022cc9000: cdpl_log.c:740: in cdpl_log_dump_sysinfo(): info: processor: x86_64 64-bits
1748033430.528190: 6821-7fa022cc9000: cdpl_log.c:742: in cdpl_log_dump_sysinfo(): info: hostname: ieng6-ece-08.ucsd.edu
1748033430.528193: 6821-7fa022cc9000: cdpl_log.c:223: in cdpl_log_open(): debug: path: /home/linux/ieng6/cs241asp25/cs241asp25bu/lab5/run_siliconsmart/LIB_FF_1.1_-40_ALL/runtime/cdpl/worker.W8.ieng6-ece-08.ucsd.edu.6821.log
1748033430.528196: 6821-7fa022cc9000: cdpl_log.c:224: in cdpl_log_open(): debug: dir: /home/linux/ieng6/cs241asp25/cs241asp25bu/lab5/run_siliconsmart/LIB_FF_1.1_-40_ALL/runtime/cdpl
1748033430.528204: 6821-7fa022cc9000: cdpl_worker.c:728: in cdpl_wk_new(): info: creating worker instance
1748033430.529372: 6821-7fa022cc9000: cdpl_worker.c:925: in cdpl_wk_start(): debug: starting worker
1748033430.529381: 6821-7fa022cc9000: cdpl_worker.c:276: in cdpl_wk_setup(): info: CDPL_SERVER is "128.54.67.138:38320"
1748033430.529384: 6821-7fa022cc9000: cdpl_worker.c:299: in cdpl_wk_setup(): info: server 128.54.67.138, port 38320
1748033430.529387: 6821-7fa022cc9000: cdpl_worker.c:319: in cdpl_wk_setup(): info: CDPL_ID is "8:1:1:1:1244849655"
1748033430.529396: 6821-7fa022cc9000: cdpl_worker.c:361: in cdpl_wk_setup(): info: we are W8-B1-J1-M1-S1244849655
1748033430.529398: 6821-7fa022cc9000: cdpl_worker.c:363: in cdpl_wk_setup(): info: we are on host ieng6-ece-08.ucsd.edu
1748033430.529400: 6821-7fa022cc9000: cdpl_worker.c:372: in cdpl_wk_daemonize(): debug: will *not* daemonize
1748033430.529404: 6821-7fa022cc9000: cdpl_ipc.c:2593: in cdpl_ipc_connect(): info: connecting to 128.54.67.138:38320
1748033430.529504: 6821-7fa022cc9000: cdpl_ipc.c:2659: in cdpl_ipc_connect(): info: connected as `128.54.67.138:50942'
1748033430.529517: 6821-7fa022cc9000: cdpl_ipc.c:1763: in cdpl_ipc_host_accept(): debug: accepted host `128.54.67.138:38320'
1748033430.529524: 6821-7fa022cc9000: cdpl_ipc.c:2436: in cdpl_ipc_start(): debug: starting IPC server 128.54.67.138:36236
1748033430.529650: 6821-7fa022cc9000: cdpl_compat_worker.c:148: in cdplStartWorker(): info: SNPSLMD_LICENSE_FILE is 1705@its-flexlm-lnx4.ucsd.edu:1705@acms-flexlm-lnx4.ucsd.edu,1705@acms-flexlm-lnx5.ucsd.edu,1705@acms-flexlm-lnx6.ucsd.edu
1748033430.529714: 6821-7fa022cc9000: cdpl_compat_worker.c:597: in cdplWorkerLogInfo(): info: [Maximum lifespan of worker is set to 1200m]
1748033430.529761: 6821-7fa022cc9000: cdpl_compat_worker.c:597: in cdplWorkerLogInfo(): info: [Peak virtual memory is set to 128GB]
1748033430.535262: 6821-7fa013ba9700: cdpl_worker.c:656: in cdpl_wk_heartbeat(): debug: starting heartbeat
1748033430.535275: 6821-7fa013ba9700: cdpl_worker.c:665: in cdpl_wk_heartbeat(): info: setting heartbeat period to 60 sec
1748033430.535279: 6821-7fa013ba9700: cdpl_worker.c:673: in cdpl_wk_heartbeat(): info: first heartbeat in 1 sec
1748033430.537582: 6821-7fa0143aa700: cdpl_worker.c:528: in cdpl_wk_listen(): debug: ready
1748033430.537593: 6821-7fa0143aa700: cdpl_worker.c:585: in cdpl_wk_listen(): debug: received ASSIGN message
1748033430.537612: 6821-7fa022cc9000: cdpl_worker.c:1092: in cdpl_wk_wait_timeout(): info: starting task T14
1748033430.537635: 6821-7fa022cc9000: cdpl_compat_worker.c:597: in cdplWorkerLogInfo(): info: [configOneCellAdaptive { BUFFD2 }]
1748033430.773077: 6821-7fa022cc9000: cdpl_worker.c:1208: in cdpl_wk_finalize(): info: finishing task T14
1748033431.501337: 6821-7fa0143aa700: cdpl_worker.c:585: in cdpl_wk_listen(): debug: received ASSIGN message
1748033431.506322: 6821-7fa022cc9000: cdpl_worker.c:1092: in cdpl_wk_wait_timeout(): info: starting task T22
1748033431.506346: 6821-7fa022cc9000: cdpl_compat_worker.c:597: in cdplWorkerLogInfo(): info: [configOneCellAdaptive { INVD0 }]
1748033431.677886: 6821-7fa022cc9000: cdpl_worker.c:1208: in cdpl_wk_finalize(): info: finishing task T22
1748033431.856329: 6821-7fa0143aa700: cdpl_worker.c:585: in cdpl_wk_listen(): debug: received ASSIGN message
1748033431.856360: 6821-7fa022cc9000: cdpl_worker.c:1092: in cdpl_wk_wait_timeout(): info: starting task T30
1748033431.856376: 6821-7fa022cc9000: cdpl_compat_worker.c:597: in cdplWorkerLogInfo(): info: [configOneCellAdaptive { INVD4 }]
1748033432.172022: 6821-7fa022cc9000: cdpl_worker.c:1208: in cdpl_wk_finalize(): info: finishing task T30
1748033432.180838: 6821-7fa0143aa700: cdpl_worker.c:585: in cdpl_wk_listen(): debug: received ASSIGN message
1748033432.180855: 6821-7fa022cc9000: cdpl_worker.c:1092: in cdpl_wk_wait_timeout(): info: starting task T38
1748033432.180866: 6821-7fa022cc9000: cdpl_compat_worker.c:597: in cdplWorkerLogInfo(): info: [configOneCellAdaptive { ND2D0 }]
1748033433.242103: 6821-7fa022cc9000: cdpl_worker.c:1208: in cdpl_wk_finalize(): info: finishing task T38
1748033433.254756: 6821-7fa0143aa700: cdpl_worker.c:585: in cdpl_wk_listen(): debug: received ASSIGN message
1748033433.254778: 6821-7fa022cc9000: cdpl_worker.c:1092: in cdpl_wk_wait_timeout(): info: starting task T47
1748033433.254788: 6821-7fa022cc9000: cdpl_compat_worker.c:597: in cdplWorkerLogInfo(): info: [configOneCellAdaptive { NR2D3 }]
1748033434.278552: 6821-7fa022cc9000: cdpl_worker.c:1208: in cdpl_wk_finalize(): info: finishing task T47
1748033465.604513: 6821-7fa0143aa700: cdpl_worker.c:616: in cdpl_wk_listen(): debug: received RELAY message
1748033465.934675: 6821-7fa0143aa700: cdpl_worker.c:616: in cdpl_wk_listen(): debug: received RELAY message
1748033466.244035: 6821-7fa0143aa700: cdpl_worker.c:585: in cdpl_wk_listen(): debug: received ASSIGN message
1748033466.244075: 6821-7fa022cc9000: cdpl_worker.c:1092: in cdpl_wk_wait_timeout(): info: starting task T69
1748033466.392661: 6821-7fa022cc9000: cdpl_compat_worker.c:597: in cdplWorkerLogInfo(): info: [runOneAcquisitionAdaptive DFCSNQD1 delay__CDN__hl__Q__hl__ACQ_1 job_70 ]
1748033471.923108: 6821-7fa022cc9000: cdpl_worker.c:1208: in cdpl_wk_finalize(): info: finishing task T69
1748033471.924820: 6821-7fa0143aa700: cdpl_worker.c:585: in cdpl_wk_listen(): debug: received ASSIGN message
1748033471.924859: 6821-7fa022cc9000: cdpl_worker.c:1092: in cdpl_wk_wait_timeout(): info: starting task T107
1748033471.924871: 6821-7fa022cc9000: cdpl_compat_worker.c:597: in cdplWorkerLogInfo(): info: [runOneAcquisitionAdaptive DFCSNQD2 energy__D__hl__ACQ_1 job_108 ]
1748033474.995027: 6821-7fa022cc9000: cdpl_worker.c:1208: in cdpl_wk_finalize(): info: finishing task T107
1748033474.995237: 6821-7fa0143aa700: cdpl_worker.c:585: in cdpl_wk_listen(): debug: received ASSIGN message
1748033474.996135: 6821-7fa022cc9000: cdpl_worker.c:1092: in cdpl_wk_wait_timeout(): info: starting task T114
1748033474.996150: 6821-7fa022cc9000: cdpl_compat_worker.c:597: in cdplWorkerLogInfo(): info: [runOneAcquisitionAdaptive DFCSNQD2 asynch_removal__CDN__lh__SDN__lh__ACQ_1 job_115 ]
1748033498.641768: 6821-7fa022cc9000: cdpl_worker.c:1208: in cdpl_wk_finalize(): info: finishing task T114
1748033498.644126: 6821-7fa0143aa700: cdpl_worker.c:585: in cdpl_wk_listen(): debug: received ASSIGN message
1748033498.644137: 6821-7fa022cc9000: cdpl_worker.c:1092: in cdpl_wk_wait_timeout(): info: starting task T154
1748033498.644147: 6821-7fa022cc9000: cdpl_compat_worker.c:597: in cdplWorkerLogInfo(): info: [runOneAcquisitionAdaptive DFCSNQD4 recover__CDN__lh__CP__lh__ACQ_1 job_155 ]
1748033530.912123: 6821-7fa022cc9000: cdpl_worker.c:1208: in cdpl_wk_finalize(): info: finishing task T154
1748033530.924414: 6821-7fa0143aa700: cdpl_worker.c:585: in cdpl_wk_listen(): debug: received ASSIGN message
1748033530.924436: 6821-7fa022cc9000: cdpl_worker.c:1092: in cdpl_wk_wait_timeout(): info: starting task T251
1748033530.924446: 6821-7fa022cc9000: cdpl_compat_worker.c:597: in cdplWorkerLogInfo(): info: [runOneAcquisitionAdaptive MUX2D0 Cin__S__hl__ACQ_1 job_252 ]
1748033533.228416: 6821-7fa022cc9000: cdpl_worker.c:1208: in cdpl_wk_finalize(): info: finishing task T251
1748033533.228752: 6821-7fa0143aa700: cdpl_worker.c:585: in cdpl_wk_listen(): debug: received ASSIGN message
1748033533.228771: 6821-7fa022cc9000: cdpl_worker.c:1092: in cdpl_wk_wait_timeout(): info: starting task T256
1748033533.228780: 6821-7fa022cc9000: cdpl_compat_worker.c:597: in cdplWorkerLogInfo(): info: [runOneAcquisitionAdaptive MUX2D0 Cin__S__lh__ACQ_1 job_257 ]
1748033535.224884: 6821-7fa022cc9000: cdpl_worker.c:1208: in cdpl_wk_finalize(): info: finishing task T256
1748033535.234126: 6821-7fa0143aa700: cdpl_worker.c:585: in cdpl_wk_listen(): debug: received ASSIGN message
1748033535.234142: 6821-7fa022cc9000: cdpl_worker.c:1092: in cdpl_wk_wait_timeout(): info: starting task T263
1748033535.234153: 6821-7fa022cc9000: cdpl_compat_worker.c:597: in cdplWorkerLogInfo(): info: [runOneAcquisitionAdaptive MUX2D1 leakage_power__ACQ_4 job_264 ]
1748033537.811291: 6821-7fa022cc9000: cdpl_worker.c:1208: in cdpl_wk_finalize(): info: finishing task T263
1748033537.821674: 6821-7fa0143aa700: cdpl_worker.c:585: in cdpl_wk_listen(): debug: received ASSIGN message
1748033537.824100: 6821-7fa022cc9000: cdpl_worker.c:1092: in cdpl_wk_wait_timeout(): info: starting task T278
1748033537.824119: 6821-7fa022cc9000: cdpl_compat_worker.c:597: in cdplWorkerLogInfo(): info: [runOneAcquisitionAdaptive MUX2D2 leakage_power__ACQ_1 job_279 ]
1748033540.169775: 6821-7fa022cc9000: cdpl_worker.c:1208: in cdpl_wk_finalize(): info: finishing task T278
1748033540.169923: 6821-7fa0143aa700: cdpl_worker.c:585: in cdpl_wk_listen(): debug: received ASSIGN message
1748033540.169934: 6821-7fa022cc9000: cdpl_worker.c:1092: in cdpl_wk_wait_timeout(): info: starting task T291
1748033540.169943: 6821-7fa022cc9000: cdpl_compat_worker.c:597: in cdplWorkerLogInfo(): info: [runOneAcquisitionAdaptive MUX2D4 delay__S__lh__Z__lh__ACQ_1 job_292 ]
1748033546.840427: 6821-7fa022cc9000: cdpl_worker.c:1208: in cdpl_wk_finalize(): info: finishing task T291
1748033546.851962: 6821-7fa0143aa700: cdpl_worker.c:585: in cdpl_wk_listen(): debug: received ASSIGN message
1748033546.853219: 6821-7fa022cc9000: cdpl_worker.c:1092: in cdpl_wk_wait_timeout(): info: starting task T325
1748033546.853235: 6821-7fa022cc9000: cdpl_compat_worker.c:597: in cdplWorkerLogInfo(): info: [runOneAcquisitionAdaptive OAI21D1 leakage_power__ACQ_4 job_326 ]
1748033549.059625: 6821-7fa022cc9000: cdpl_worker.c:1208: in cdpl_wk_finalize(): info: finishing task T325
1748033549.075350: 6821-7fa0143aa700: cdpl_worker.c:585: in cdpl_wk_listen(): debug: received ASSIGN message
1748033549.075368: 6821-7fa022cc9000: cdpl_worker.c:1092: in cdpl_wk_wait_timeout(): info: starting task T341
1748033549.075378: 6821-7fa022cc9000: cdpl_compat_worker.c:597: in cdplWorkerLogInfo(): info: [runOneAcquisitionAdaptive OAI21D2 Cin__A1__hl__ACQ_1 job_342 ]
1748033551.549708: 6821-7fa022cc9000: cdpl_worker.c:1208: in cdpl_wk_finalize(): info: finishing task T341
1748033551.549874: 6821-7fa0143aa700: cdpl_worker.c:585: in cdpl_wk_listen(): debug: received ASSIGN message
1748033551.549888: 6821-7fa022cc9000: cdpl_worker.c:1092: in cdpl_wk_wait_timeout(): info: starting task T357
1748033551.549900: 6821-7fa022cc9000: cdpl_compat_worker.c:597: in cdplWorkerLogInfo(): info: [runOneAcquisitionAdaptive OAI21D4 delay__A2__hl__ZN__lh__ACQ_1 job_358 ]
1748033558.695940: 6821-7fa022cc9000: cdpl_worker.c:1208: in cdpl_wk_finalize(): info: finishing task T357
1748033558.728354: 6821-7fa0143aa700: cdpl_worker.c:585: in cdpl_wk_listen(): debug: received ASSIGN message
1748033558.728401: 6821-7fa022cc9000: cdpl_worker.c:1092: in cdpl_wk_wait_timeout(): info: starting task T404
1748033558.728413: 6821-7fa022cc9000: cdpl_compat_worker.c:597: in cdplWorkerLogInfo(): info: [runOneAcquisitionAdaptive AN2D8 delay__A1__hl__Z__hl__ACQ_1 job_405 ]
1748033565.235870: 6821-7fa022cc9000: cdpl_worker.c:1208: in cdpl_wk_finalize(): info: finishing task T404
1748033565.243374: 6821-7fa0143aa700: cdpl_worker.c:585: in cdpl_wk_listen(): debug: received ASSIGN message
1748033565.243550: 6821-7fa022cc9000: cdpl_worker.c:1092: in cdpl_wk_wait_timeout(): info: starting task T449
1748033565.243562: 6821-7fa022cc9000: cdpl_compat_worker.c:597: in cdplWorkerLogInfo(): info: [runOneAcquisitionAdaptive ND2D2 delay__A2__lh__ZN__hl__ACQ_1 job_450 ]
1748033569.448487: 6821-7fa022cc9000: cdpl_worker.c:1208: in cdpl_wk_finalize(): info: finishing task T449
1748033569.456184: 6821-7fa0143aa700: cdpl_worker.c:585: in cdpl_wk_listen(): debug: received ASSIGN message
1748033569.456199: 6821-7fa022cc9000: cdpl_worker.c:1092: in cdpl_wk_wait_timeout(): info: starting task T478
1748033569.456208: 6821-7fa022cc9000: cdpl_compat_worker.c:597: in cdplWorkerLogInfo(): info: [runOneAcquisitionAdaptive ND2D8 Cin__A1__hl__ACQ_1 job_479 ]
1748033573.821976: 6821-7fa022cc9000: cdpl_worker.c:1208: in cdpl_wk_finalize(): info: finishing task T478
1748033573.858803: 6821-7fa0143aa700: cdpl_worker.c:585: in cdpl_wk_listen(): debug: received ASSIGN message
1748033573.858837: 6821-7fa022cc9000: cdpl_worker.c:1092: in cdpl_wk_wait_timeout(): info: starting task T506
1748033573.858857: 6821-7fa022cc9000: cdpl_compat_worker.c:597: in cdplWorkerLogInfo(): info: [runOneAcquisitionAdaptive NR2D2 delay__A1__hl__ZN__lh__ACQ_1 job_507 ]
1748033577.304516: 6821-7fa022cc9000: cdpl_worker.c:1208: in cdpl_wk_finalize(): info: finishing task T506
1748033577.308890: 6821-7fa0143aa700: cdpl_worker.c:585: in cdpl_wk_listen(): debug: received ASSIGN message
1748033577.308904: 6821-7fa022cc9000: cdpl_worker.c:1092: in cdpl_wk_wait_timeout(): info: starting task T537
1748033577.308914: 6821-7fa022cc9000: cdpl_compat_worker.c:597: in cdplWorkerLogInfo(): info: [runOneAcquisitionAdaptive NR2D8 Cin__A2__lh__ACQ_1 job_538 ]
1748033579.677769: 6821-7fa022cc9000: cdpl_worker.c:1208: in cdpl_wk_finalize(): info: finishing task T537
1748033579.677953: 6821-7fa0143aa700: cdpl_worker.c:585: in cdpl_wk_listen(): debug: received ASSIGN message
1748033579.689285: 6821-7fa022cc9000: cdpl_worker.c:1092: in cdpl_wk_wait_timeout(): info: starting task T551
1748033579.689303: 6821-7fa022cc9000: cdpl_compat_worker.c:597: in cdplWorkerLogInfo(): info: [runOneAcquisitionAdaptive OR2D1 Cin__A2__hl__ACQ_1 job_552 ]
1748033582.532138: 6821-7fa022cc9000: cdpl_worker.c:1208: in cdpl_wk_finalize(): info: finishing task T551
1748033582.533131: 6821-7fa0143aa700: cdpl_worker.c:585: in cdpl_wk_listen(): debug: received ASSIGN message
1748033582.533142: 6821-7fa022cc9000: cdpl_worker.c:1092: in cdpl_wk_wait_timeout(): info: starting task T567
1748033582.533151: 6821-7fa022cc9000: cdpl_compat_worker.c:597: in cdplWorkerLogInfo(): info: [runOneAcquisitionAdaptive OR2D2 delay__A2__lh__Z__lh__ACQ_1 job_568 ]
1748033586.895538: 6821-7fa022cc9000: cdpl_worker.c:1208: in cdpl_wk_finalize(): info: finishing task T567
1748033586.912540: 6821-7fa0143aa700: cdpl_worker.c:585: in cdpl_wk_listen(): debug: received ASSIGN message
1748033586.914359: 6821-7fa022cc9000: cdpl_worker.c:1092: in cdpl_wk_wait_timeout(): info: starting task T601
1748033586.914376: 6821-7fa022cc9000: cdpl_compat_worker.c:597: in cdplWorkerLogInfo(): info: [runOneAcquisitionAdaptive XNR2D1 delay__A2__lh__ZN__lh__ACQ_1 job_602 ]
1748033593.197642: 6821-7fa022cc9000: cdpl_worker.c:1208: in cdpl_wk_finalize(): info: finishing task T601
1748033593.216346: 6821-7fa0143aa700: cdpl_worker.c:585: in cdpl_wk_listen(): debug: received ASSIGN message
1748033593.218433: 6821-7fa022cc9000: cdpl_worker.c:1092: in cdpl_wk_wait_timeout(): info: starting task T632
1748033593.218451: 6821-7fa022cc9000: cdpl_compat_worker.c:597: in cdplWorkerLogInfo(): info: [runOneAcquisitionAdaptive XOR2D0 delay__A1__hl__Z__hl__ACQ_1 job_633 ]
1748033599.450998: 6821-7fa022cc9000: cdpl_worker.c:1208: in cdpl_wk_finalize(): info: finishing task T632
1748033599.460518: 6821-7fa0143aa700: cdpl_worker.c:585: in cdpl_wk_listen(): debug: received ASSIGN message
1748033599.460545: 6821-7fa022cc9000: cdpl_worker.c:1092: in cdpl_wk_wait_timeout(): info: starting task T653
1748033599.460569: 6821-7fa022cc9000: cdpl_compat_worker.c:597: in cdplWorkerLogInfo(): info: [runOneAcquisitionAdaptive XOR2D2 leakage_power__ACQ_1 job_654 ]
1748033601.111643: 6821-7fa022cc9000: cdpl_worker.c:1208: in cdpl_wk_finalize(): info: finishing task T653
1748033601.115596: 6821-7fa0143aa700: cdpl_worker.c:585: in cdpl_wk_listen(): debug: received ASSIGN message
1748033601.115888: 6821-7fa022cc9000: cdpl_worker.c:1092: in cdpl_wk_wait_timeout(): info: starting task T666
1748033601.115904: 6821-7fa022cc9000: cdpl_compat_worker.c:597: in cdplWorkerLogInfo(): info: [runOneAcquisitionAdaptive BUFFD1 leakage_power__ACQ_2 job_667 ]
1748033604.097643: 6821-7fa022cc9000: cdpl_worker.c:1208: in cdpl_wk_finalize(): info: finishing task T666
1748033604.097830: 6821-7fa0143aa700: cdpl_worker.c:585: in cdpl_wk_listen(): debug: received ASSIGN message
1748033604.098021: 6821-7fa022cc9000: cdpl_worker.c:1092: in cdpl_wk_wait_timeout(): info: starting task T684
1748033604.098032: 6821-7fa022cc9000: cdpl_compat_worker.c:597: in cdplWorkerLogInfo(): info: [runOneAcquisitionAdaptive BUFFD3 delay__I__hl__Z__hl__ACQ_1 job_685 ]
1748033609.187715: 6821-7fa022cc9000: cdpl_worker.c:1208: in cdpl_wk_finalize(): info: finishing task T684
1748033609.195245: 6821-7fa0143aa700: cdpl_worker.c:585: in cdpl_wk_listen(): debug: received ASSIGN message
1748033609.195258: 6821-7fa022cc9000: cdpl_worker.c:1092: in cdpl_wk_wait_timeout(): info: starting task T719
1748033609.195267: 6821-7fa022cc9000: cdpl_compat_worker.c:597: in cdplWorkerLogInfo(): info: [runOneAcquisitionAdaptive INVD20 delay__I__lh__ZN__hl__ACQ_1 job_720 ]
1748033615.618232: 6821-7fa022cc9000: cdpl_worker.c:1208: in cdpl_wk_finalize(): info: finishing task T719
1748033620.406369: 6821-7fa0143aa700: cdpl_worker.c:616: in cdpl_wk_listen(): debug: received RELAY message
1748033623.432957: 6821-7fa0143aa700: cdpl_worker.c:585: in cdpl_wk_listen(): debug: received ASSIGN message
1748033623.439965: 6821-7fa022cc9000: cdpl_worker.c:1092: in cdpl_wk_wait_timeout(): info: starting task T765
1748033623.701568: 6821-7fa022cc9000: cdpl_compat_worker.c:597: in cdplWorkerLogInfo(): info: [modelOneCellAdaptive {ND2D2 }]
1748033627.352605: 6821-7fa022cc9000: cdpl_worker.c:1208: in cdpl_wk_finalize(): info: finishing task T765
1748033627.365161: 6821-7fa0143aa700: cdpl_worker.c:585: in cdpl_wk_listen(): debug: received ASSIGN message
1748033627.365178: 6821-7fa022cc9000: cdpl_worker.c:1092: in cdpl_wk_wait_timeout(): info: starting task T795
1748033627.365191: 6821-7fa022cc9000: cdpl_compat_worker.c:597: in cdplWorkerLogInfo(): info: [modelOneCellAdaptive {BUFFD8 }]
1748033629.641481: 6821-7fa022cc9000: cdpl_worker.c:1208: in cdpl_wk_finalize(): info: finishing task T795
1748033655.398516: 6821-7fa0143aa700: cdpl_worker.c:616: in cdpl_wk_listen(): debug: received RELAY message
1748033655.427429: 6821-7fa014bab700: cdpl_ipc.c:606: in _readv(): warning: read(): EOF
1748033655.427462: 6821-7fa014bab700: cdpl_ipc.c:1462: in _epoll_recv(): debug: _readv(): Broken pipe
1748033655.427469: 6821-7fa014bab700: cdpl_ipc.c:1683: in _epoll_main(): debug: _epoll_recv(): Broken pipe
1748033655.427480: 6821-7fa014bab700: cdpl_ipc.c:1061: in _host_drop__UNSAFE(): debug: dropping host `128.54.67.138:38320'
1748033655.427782: 6821-7fa0143aa700: cdpl_worker.c:561: in cdpl_wk_listen(): debug: received DROP notification
1748033655.427792: 6821-7fa0143aa700: cdpl_worker.c:565: in cdpl_wk_listen(): debug: we were dropped by the server
1748033655.427798: 6821-7fa0143aa700: cdpl_worker.c:492: in _wk_kill(): debug: killing worker
1748033655.427803: 6821-7fa0143aa700: cdpl_ipc.c:2481: in cdpl_ipc_kill(): debug: stopping event server
1748033655.427818: 6821-7fa0143aa700: cdpl_worker.c:542: in cdpl_wk_listen(): debug: leaving now
1748033655.428372: 6821-7fa022cc9000: cdpl_compat_worker.c:597: in cdplWorkerLogInfo(): info: [Worker shutdown. Code: 3]
1748033655.428534: 6821-7fa014bab700: cdpl_ipc.c:1720: in _epoll_main(): debug: server going down...
1748033655.431673: 6821-7fa022cc9000: cdpl_worker.c:856: in _wk_shutdown(): debug: waiting for heartbeat thread
1748033655.431701: 6821-7fa013ba9700: cdpl_worker.c:709: in cdpl_wk_heartbeat(): info: stopping heartbeat
1748033655.432619: 6821-7fa022cc9000: cdpl_ipc.c:1781: in cdpl_ipc_host_release(): debug: releasing host `128.54.67.138:38320'
1748033655.432656: 6821-7fa022cc9000: cdpl_ipc.c:2532: in cdpl_ipc_free(): debug: releasing IPC handle
1748033655.432662: 6821-7fa022cc9000: cdpl_ipc.c:986: in _host_free__UNSAFE(): debug: freeing host `128.54.67.138:38320'
1748033655.432668: 6821-7fa022cc9000: cdpl_ipc.c:1028: in _host_free__UNSAFE(): debug: [0 outq, 0 spR, 0 spW]
1748033655.432693: 6821-7fa022cc9000: cdpl_ipc.c:2571: in cdpl_ipc_free(): debug: done
1748033655.432699: 6821-7fa022cc9000: cdpl_worker.c:912: in cdpl_wk_free(): info: freed
1748033655.432704: 6821-7fa022cc9000: cdpl_log.c:359: in cdpl_log_close(): debug: @@end_of_log@@
