1748033430.520907: 6848-7fc167bb2000: cdpl_log.c:221: in cdpl_log_open(): debug: @@start_of_log@@
1748033430.520940: 6848-7fc167bb2000: cdpl_log.c:729: in cdpl_log_dump_sysinfo(): info: time: 2025/05/23 13:50:30 PDT -0700
1748033430.520945: 6848-7fc167bb2000: cdpl_log.c:731: in cdpl_log_dump_sysinfo(): info: version: L_2016.03_SP2_PROD_CDPL 
1748033430.520947: 6848-7fc167bb2000: cdpl_log.c:736: in cdpl_log_dump_sysinfo(): info: system: Linux 3.10.0-1160.119.1.el7.x86_64 #1 SMP Tue Jun 4 14:43:51 UTC 2024
1748033430.520950: 6848-7fc167bb2000: cdpl_log.c:740: in cdpl_log_dump_sysinfo(): info: processor: x86_64 64-bits
1748033430.520952: 6848-7fc167bb2000: cdpl_log.c:742: in cdpl_log_dump_sysinfo(): info: hostname: ieng6-ece-08.ucsd.edu
1748033430.520955: 6848-7fc167bb2000: cdpl_log.c:223: in cdpl_log_open(): debug: path: /home/linux/ieng6/cs241asp25/cs241asp25bu/lab5/run_siliconsmart/LIB_FF_1.1_-40_ALL/runtime/cdpl/worker.W9.ieng6-ece-08.ucsd.edu.6848.log
1748033430.520958: 6848-7fc167bb2000: cdpl_log.c:224: in cdpl_log_open(): debug: dir: /home/linux/ieng6/cs241asp25/cs241asp25bu/lab5/run_siliconsmart/LIB_FF_1.1_-40_ALL/runtime/cdpl
1748033430.520965: 6848-7fc167bb2000: cdpl_worker.c:728: in cdpl_wk_new(): info: creating worker instance
1748033430.522397: 6848-7fc167bb2000: cdpl_worker.c:925: in cdpl_wk_start(): debug: starting worker
1748033430.522406: 6848-7fc167bb2000: cdpl_worker.c:276: in cdpl_wk_setup(): info: CDPL_SERVER is "128.54.67.138:38320"
1748033430.522411: 6848-7fc167bb2000: cdpl_worker.c:299: in cdpl_wk_setup(): info: server 128.54.67.138, port 38320
1748033430.522413: 6848-7fc167bb2000: cdpl_worker.c:319: in cdpl_wk_setup(): info: CDPL_ID is "9:1:1:1:1244849655"
1748033430.522423: 6848-7fc167bb2000: cdpl_worker.c:361: in cdpl_wk_setup(): info: we are W9-B1-J1-M1-S1244849655
1748033430.522425: 6848-7fc167bb2000: cdpl_worker.c:363: in cdpl_wk_setup(): info: we are on host ieng6-ece-08.ucsd.edu
1748033430.522427: 6848-7fc167bb2000: cdpl_worker.c:372: in cdpl_wk_daemonize(): debug: will *not* daemonize
1748033430.522431: 6848-7fc167bb2000: cdpl_ipc.c:2593: in cdpl_ipc_connect(): info: connecting to 128.54.67.138:38320
1748033430.522510: 6848-7fc167bb2000: cdpl_ipc.c:2659: in cdpl_ipc_connect(): info: connected as `128.54.67.138:50940'
1748033430.522526: 6848-7fc167bb2000: cdpl_ipc.c:1763: in cdpl_ipc_host_accept(): debug: accepted host `128.54.67.138:38320'
1748033430.522534: 6848-7fc167bb2000: cdpl_ipc.c:2436: in cdpl_ipc_start(): debug: starting IPC server 128.54.67.138:41179
1748033430.522645: 6848-7fc167bb2000: cdpl_compat_worker.c:148: in cdplStartWorker(): info: SNPSLMD_LICENSE_FILE is 1705@its-flexlm-lnx4.ucsd.edu:1705@acms-flexlm-lnx4.ucsd.edu,1705@acms-flexlm-lnx5.ucsd.edu,1705@acms-flexlm-lnx6.ucsd.edu
1748033430.522706: 6848-7fc167bb2000: cdpl_compat_worker.c:597: in cdplWorkerLogInfo(): info: [Maximum lifespan of worker is set to 1200m]
1748033430.522744: 6848-7fc167bb2000: cdpl_compat_worker.c:597: in cdplWorkerLogInfo(): info: [Peak virtual memory is set to 128GB]
1748033430.522858: 6848-7fc159293700: cdpl_worker.c:528: in cdpl_wk_listen(): debug: ready
1748033430.523386: 6848-7fc159293700: cdpl_worker.c:585: in cdpl_wk_listen(): debug: received ASSIGN message
1748033430.523396: 6848-7fc167bb2000: cdpl_worker.c:1092: in cdpl_wk_wait_timeout(): info: starting task T13
1748033430.523419: 6848-7fc167bb2000: cdpl_compat_worker.c:597: in cdplWorkerLogInfo(): info: [configOneCellAdaptive { BUFFD16 }]
1748033430.524972: 6848-7fc158a92700: cdpl_worker.c:656: in cdpl_wk_heartbeat(): debug: starting heartbeat
1748033430.524983: 6848-7fc158a92700: cdpl_worker.c:665: in cdpl_wk_heartbeat(): info: setting heartbeat period to 60 sec
1748033430.524986: 6848-7fc158a92700: cdpl_worker.c:673: in cdpl_wk_heartbeat(): info: first heartbeat in 1 sec
1748033430.764929: 6848-7fc167bb2000: cdpl_worker.c:1208: in cdpl_wk_finalize(): info: finishing task T13
1748033431.240646: 6848-7fc159293700: cdpl_worker.c:585: in cdpl_wk_listen(): debug: received ASSIGN message
1748033431.240711: 6848-7fc167bb2000: cdpl_worker.c:1092: in cdpl_wk_wait_timeout(): info: starting task T20
1748033431.240757: 6848-7fc167bb2000: cdpl_compat_worker.c:597: in cdplWorkerLogInfo(): info: [configOneCellAdaptive { DFCSNQD2 }]
1748033433.087454: 6848-7fc167bb2000: cdpl_worker.c:1208: in cdpl_wk_finalize(): info: finishing task T20
1748033433.087632: 6848-7fc159293700: cdpl_worker.c:585: in cdpl_wk_listen(): debug: received ASSIGN message
1748033433.087655: 6848-7fc167bb2000: cdpl_worker.c:1092: in cdpl_wk_wait_timeout(): info: starting task T45
1748033433.087667: 6848-7fc167bb2000: cdpl_compat_worker.c:597: in cdplWorkerLogInfo(): info: [configOneCellAdaptive { NR2D1 }]
1748033434.270267: 6848-7fc167bb2000: cdpl_worker.c:1208: in cdpl_wk_finalize(): info: finishing task T45
1748033465.604507: 6848-7fc159293700: cdpl_worker.c:616: in cdpl_wk_listen(): debug: received RELAY message
1748033465.934715: 6848-7fc159293700: cdpl_worker.c:616: in cdpl_wk_listen(): debug: received RELAY message
1748033466.143366: 6848-7fc159293700: cdpl_worker.c:585: in cdpl_wk_listen(): debug: received ASSIGN message
1748033466.143417: 6848-7fc167bb2000: cdpl_worker.c:1092: in cdpl_wk_wait_timeout(): info: starting task T68
1748033466.276561: 6848-7fc167bb2000: cdpl_compat_worker.c:597: in cdplWorkerLogInfo(): info: [runOneAcquisitionAdaptive DFCSNQD1 delay__SDN__hl__Q__lh__ACQ_1 job_69 ]
1748033472.753321: 6848-7fc167bb2000: cdpl_worker.c:1208: in cdpl_wk_finalize(): info: finishing task T68
1748033472.777346: 6848-7fc159293700: cdpl_worker.c:585: in cdpl_wk_listen(): debug: received ASSIGN message
1748033472.777371: 6848-7fc167bb2000: cdpl_worker.c:1092: in cdpl_wk_wait_timeout(): info: starting task T110
1748033472.777384: 6848-7fc167bb2000: cdpl_compat_worker.c:597: in cdplWorkerLogInfo(): info: [runOneAcquisitionAdaptive DFCSNQD2 cmpw__CDN__hl__CDN__lh__ACQ_1 job_111 ]
1748033475.634161: 6848-7fc167bb2000: cdpl_worker.c:1208: in cdpl_wk_finalize(): info: finishing task T110
1748033475.646125: 6848-7fc159293700: cdpl_worker.c:585: in cdpl_wk_listen(): debug: received ASSIGN message
1748033475.646142: 6848-7fc167bb2000: cdpl_worker.c:1092: in cdpl_wk_wait_timeout(): info: starting task T117
1748033475.646154: 6848-7fc167bb2000: cdpl_compat_worker.c:597: in cdplWorkerLogInfo(): info: [runOneAcquisitionAdaptive DFCSNQD2 removal__SDN__lh__CP__lh__ACQ_1 job_118 ]
1748033504.545020: 6848-7fc167bb2000: cdpl_worker.c:1208: in cdpl_wk_finalize(): info: finishing task T117
1748033504.563352: 6848-7fc159293700: cdpl_worker.c:585: in cdpl_wk_listen(): debug: received ASSIGN message
1748033504.563371: 6848-7fc167bb2000: cdpl_worker.c:1092: in cdpl_wk_wait_timeout(): info: starting task T168
1748033504.563384: 6848-7fc167bb2000: cdpl_compat_worker.c:597: in cdplWorkerLogInfo(): info: [runOneAcquisitionAdaptive LHQD2 delay__E__lh__Q__lh__ACQ_1 job_169 ]
1748033513.534504: 6848-7fc167bb2000: cdpl_worker.c:1208: in cdpl_wk_finalize(): info: finishing task T168
1748033513.555240: 6848-7fc159293700: cdpl_worker.c:585: in cdpl_wk_listen(): debug: received ASSIGN message
1748033513.555262: 6848-7fc167bb2000: cdpl_worker.c:1092: in cdpl_wk_wait_timeout(): info: starting task T184
1748033513.555279: 6848-7fc167bb2000: cdpl_compat_worker.c:597: in cdplWorkerLogInfo(): info: [runOneAcquisitionAdaptive LHQD2 Cin__E__hl__ACQ_2 job_185 ]
1748033516.427660: 6848-7fc167bb2000: cdpl_worker.c:1208: in cdpl_wk_finalize(): info: finishing task T184
1748033516.433952: 6848-7fc159293700: cdpl_worker.c:585: in cdpl_wk_listen(): debug: received ASSIGN message
1748033516.433977: 6848-7fc167bb2000: cdpl_worker.c:1092: in cdpl_wk_wait_timeout(): info: starting task T191
1748033516.433996: 6848-7fc167bb2000: cdpl_compat_worker.c:597: in cdplWorkerLogInfo(): info: [runOneAcquisitionAdaptive AOI21D0 delay__A1__hl__ZN__lh__ACQ_1 job_192 ]
1748033520.623894: 6848-7fc167bb2000: cdpl_worker.c:1208: in cdpl_wk_finalize(): info: finishing task T191
1748033520.634938: 6848-7fc159293700: cdpl_worker.c:585: in cdpl_wk_listen(): debug: received ASSIGN message
1748033520.643464: 6848-7fc167bb2000: cdpl_worker.c:1092: in cdpl_wk_wait_timeout(): info: starting task T205
1748033520.643489: 6848-7fc167bb2000: cdpl_compat_worker.c:597: in cdplWorkerLogInfo(): info: [runOneAcquisitionAdaptive AOI21D1 delay__A1__hl__ZN__lh__ACQ_1 job_206 ]
1748033524.675933: 6848-7fc167bb2000: cdpl_worker.c:1208: in cdpl_wk_finalize(): info: finishing task T205
1748033524.680222: 6848-7fc159293700: cdpl_worker.c:585: in cdpl_wk_listen(): debug: received ASSIGN message
1748033524.680277: 6848-7fc167bb2000: cdpl_worker.c:1092: in cdpl_wk_wait_timeout(): info: starting task T220
1748033524.680292: 6848-7fc167bb2000: cdpl_compat_worker.c:597: in cdplWorkerLogInfo(): info: [runOneAcquisitionAdaptive AOI21D2 Cin__A2__lh__ACQ_1 job_221 ]
1748033527.647359: 6848-7fc167bb2000: cdpl_worker.c:1208: in cdpl_wk_finalize(): info: finishing task T220
1748033527.648214: 6848-7fc159293700: cdpl_worker.c:585: in cdpl_wk_listen(): debug: received ASSIGN message
1748033527.648229: 6848-7fc167bb2000: cdpl_worker.c:1092: in cdpl_wk_wait_timeout(): info: starting task T233
1748033527.648240: 6848-7fc167bb2000: cdpl_compat_worker.c:597: in cdplWorkerLogInfo(): info: [runOneAcquisitionAdaptive AOI21D4 delay__A1__hl__ZN__lh__ACQ_1 job_234 ]
1748033534.167903: 6848-7fc167bb2000: cdpl_worker.c:1208: in cdpl_wk_finalize(): info: finishing task T233
1748033534.172314: 6848-7fc159293700: cdpl_worker.c:585: in cdpl_wk_listen(): debug: received ASSIGN message
1748033534.172368: 6848-7fc167bb2000: cdpl_worker.c:1092: in cdpl_wk_wait_timeout(): info: starting task T259
1748033534.172383: 6848-7fc167bb2000: cdpl_compat_worker.c:597: in cdplWorkerLogInfo(): info: [runOneAcquisitionAdaptive MUX2D1 delay__S__lh__Z__lh__ACQ_1 job_260 ]
1748033538.670636: 6848-7fc167bb2000: cdpl_worker.c:1208: in cdpl_wk_finalize(): info: finishing task T259
1748033538.675538: 6848-7fc159293700: cdpl_worker.c:585: in cdpl_wk_listen(): debug: received ASSIGN message
1748033538.675558: 6848-7fc167bb2000: cdpl_worker.c:1092: in cdpl_wk_wait_timeout(): info: starting task T283
1748033538.675574: 6848-7fc167bb2000: cdpl_compat_worker.c:597: in cdplWorkerLogInfo(): info: [runOneAcquisitionAdaptive MUX2D2 Cin__S__hl__ACQ_1 job_284 ]
1748033541.670490: 6848-7fc167bb2000: cdpl_worker.c:1208: in cdpl_wk_finalize(): info: finishing task T283
1748033541.678537: 6848-7fc159293700: cdpl_worker.c:585: in cdpl_wk_listen(): debug: received ASSIGN message
1748033541.678551: 6848-7fc167bb2000: cdpl_worker.c:1092: in cdpl_wk_wait_timeout(): info: starting task T298
1748033541.678561: 6848-7fc167bb2000: cdpl_compat_worker.c:597: in cdplWorkerLogInfo(): info: [runOneAcquisitionAdaptive MUX2D4 Cin__I0__hl__ACQ_1 job_299 ]
1748033544.082857: 6848-7fc167bb2000: cdpl_worker.c:1208: in cdpl_wk_finalize(): info: finishing task T298
1748033544.083006: 6848-7fc159293700: cdpl_worker.c:585: in cdpl_wk_listen(): debug: received ASSIGN message
1748033544.083079: 6848-7fc167bb2000: cdpl_worker.c:1092: in cdpl_wk_wait_timeout(): info: starting task T312
1748033544.083092: 6848-7fc167bb2000: cdpl_compat_worker.c:597: in cdplWorkerLogInfo(): info: [runOneAcquisitionAdaptive OAI21D0 Cin__A2__lh__ACQ_1 job_313 ]
1748033545.880981: 6848-7fc167bb2000: cdpl_worker.c:1208: in cdpl_wk_finalize(): info: finishing task T312
1748033545.891528: 6848-7fc159293700: cdpl_worker.c:585: in cdpl_wk_listen(): debug: received ASSIGN message
1748033545.891545: 6848-7fc167bb2000: cdpl_worker.c:1092: in cdpl_wk_wait_timeout(): info: starting task T322
1748033545.891555: 6848-7fc167bb2000: cdpl_compat_worker.c:597: in cdplWorkerLogInfo(): info: [runOneAcquisitionAdaptive OAI21D1 leakage_power__ACQ_1 job_323 ]
1748033547.907413: 6848-7fc167bb2000: cdpl_worker.c:1208: in cdpl_wk_finalize(): info: finishing task T322
1748033547.922718: 6848-7fc159293700: cdpl_worker.c:585: in cdpl_wk_listen(): debug: received ASSIGN message
1748033547.922734: 6848-7fc167bb2000: cdpl_worker.c:1092: in cdpl_wk_wait_timeout(): info: starting task T333
1748033547.922746: 6848-7fc167bb2000: cdpl_compat_worker.c:597: in cdplWorkerLogInfo(): info: [runOneAcquisitionAdaptive OAI21D2 Cin__A2__hl__ACQ_1 job_334 ]
1748033550.675990: 6848-7fc167bb2000: cdpl_worker.c:1208: in cdpl_wk_finalize(): info: finishing task T333
1748033550.698951: 6848-7fc159293700: cdpl_worker.c:585: in cdpl_wk_listen(): debug: received ASSIGN message
1748033550.698968: 6848-7fc167bb2000: cdpl_worker.c:1092: in cdpl_wk_wait_timeout(): info: starting task T350
1748033550.698979: 6848-7fc167bb2000: cdpl_compat_worker.c:597: in cdplWorkerLogInfo(): info: [runOneAcquisitionAdaptive OAI21D4 leakage_power__ACQ_1 job_351 ]
1748033552.774408: 6848-7fc167bb2000: cdpl_worker.c:1208: in cdpl_wk_finalize(): info: finishing task T350
1748033552.776795: 6848-7fc159293700: cdpl_worker.c:585: in cdpl_wk_listen(): debug: received ASSIGN message
1748033552.776807: 6848-7fc167bb2000: cdpl_worker.c:1092: in cdpl_wk_wait_timeout(): info: starting task T363
1748033552.776817: 6848-7fc167bb2000: cdpl_compat_worker.c:597: in cdplWorkerLogInfo(): info: [runOneAcquisitionAdaptive AN2D0 delay__A1__lh__Z__lh__ACQ_1 job_364 ]
1748033556.836975: 6848-7fc167bb2000: cdpl_worker.c:1208: in cdpl_wk_finalize(): info: finishing task T363
1748033556.894320: 6848-7fc159293700: cdpl_worker.c:585: in cdpl_wk_listen(): debug: received ASSIGN message
1748033556.896355: 6848-7fc167bb2000: cdpl_worker.c:1092: in cdpl_wk_wait_timeout(): info: starting task T387
1748033556.896376: 6848-7fc167bb2000: cdpl_compat_worker.c:597: in cdplWorkerLogInfo(): info: [runOneAcquisitionAdaptive AN2D2 delay__A2__lh__Z__lh__ACQ_1 job_388 ]
1748033561.152837: 6848-7fc167bb2000: cdpl_worker.c:1208: in cdpl_wk_finalize(): info: finishing task T387
1748033561.156494: 6848-7fc159293700: cdpl_worker.c:585: in cdpl_wk_listen(): debug: received ASSIGN message
1748033561.156536: 6848-7fc167bb2000: cdpl_worker.c:1092: in cdpl_wk_wait_timeout(): info: starting task T417
1748033561.156549: 6848-7fc167bb2000: cdpl_compat_worker.c:597: in cdplWorkerLogInfo(): info: [runOneAcquisitionAdaptive AN2XD1 delay__A2__lh__Z__lh__ACQ_1 job_418 ]
1748033564.601353: 6848-7fc167bb2000: cdpl_worker.c:1208: in cdpl_wk_finalize(): info: finishing task T417
1748033564.601509: 6848-7fc159293700: cdpl_worker.c:585: in cdpl_wk_listen(): debug: received ASSIGN message
1748033564.601524: 6848-7fc167bb2000: cdpl_worker.c:1092: in cdpl_wk_wait_timeout(): info: starting task T444
1748033564.601533: 6848-7fc167bb2000: cdpl_compat_worker.c:597: in cdplWorkerLogInfo(): info: [runOneAcquisitionAdaptive ND2D2 delay__A1__lh__ZN__hl__ACQ_1 job_445 ]
1748033568.295017: 6848-7fc167bb2000: cdpl_worker.c:1208: in cdpl_wk_finalize(): info: finishing task T444
1748033568.304798: 6848-7fc159293700: cdpl_worker.c:585: in cdpl_wk_listen(): debug: received ASSIGN message
1748033568.304813: 6848-7fc167bb2000: cdpl_worker.c:1092: in cdpl_wk_wait_timeout(): info: starting task T472
1748033568.304824: 6848-7fc167bb2000: cdpl_compat_worker.c:597: in cdplWorkerLogInfo(): info: [runOneAcquisitionAdaptive ND2D8 Cin__A1__lh__ACQ_1 job_473 ]
1748033571.667883: 6848-7fc167bb2000: cdpl_worker.c:1208: in cdpl_wk_finalize(): info: finishing task T472
1748033571.668052: 6848-7fc159293700: cdpl_worker.c:585: in cdpl_wk_listen(): debug: received ASSIGN message
1748033571.670121: 6848-7fc167bb2000: cdpl_worker.c:1092: in cdpl_wk_wait_timeout(): info: starting task T495
1748033571.670139: 6848-7fc167bb2000: cdpl_compat_worker.c:597: in cdplWorkerLogInfo(): info: [runOneAcquisitionAdaptive NR2D1 delay__A1__lh__ZN__hl__ACQ_1 job_496 ]
1748033575.132162: 6848-7fc167bb2000: cdpl_worker.c:1208: in cdpl_wk_finalize(): info: finishing task T495
1748033575.146116: 6848-7fc159293700: cdpl_worker.c:585: in cdpl_wk_listen(): debug: received ASSIGN message
1748033575.146139: 6848-7fc167bb2000: cdpl_worker.c:1092: in cdpl_wk_wait_timeout(): info: starting task T517
1748033575.146157: 6848-7fc167bb2000: cdpl_compat_worker.c:597: in cdplWorkerLogInfo(): info: [runOneAcquisitionAdaptive NR2D3 Cin__A2__lh__ACQ_1 job_518 ]
1748033577.828092: 6848-7fc167bb2000: cdpl_worker.c:1208: in cdpl_wk_finalize(): info: finishing task T517
1748033577.828396: 6848-7fc159293700: cdpl_worker.c:585: in cdpl_wk_listen(): debug: received ASSIGN message
1748033577.828413: 6848-7fc167bb2000: cdpl_worker.c:1092: in cdpl_wk_wait_timeout(): info: starting task T539
1748033577.828423: 6848-7fc167bb2000: cdpl_compat_worker.c:597: in cdplWorkerLogInfo(): info: [runOneAcquisitionAdaptive NR2D8 delay__A2__lh__ZN__hl__ACQ_1 job_540 ]
1748033586.176143: 6848-7fc167bb2000: cdpl_worker.c:1208: in cdpl_wk_finalize(): info: finishing task T539
1748033586.183740: 6848-7fc159293700: cdpl_worker.c:585: in cdpl_wk_listen(): debug: received ASSIGN message
1748033586.183751: 6848-7fc167bb2000: cdpl_worker.c:1092: in cdpl_wk_wait_timeout(): info: starting task T596
1748033586.183761: 6848-7fc167bb2000: cdpl_compat_worker.c:597: in cdplWorkerLogInfo(): info: [runOneAcquisitionAdaptive XNR2D0 delay__A1__hl__ZN__lh__ACQ_1 job_597 ]
1748033591.902939: 6848-7fc167bb2000: cdpl_worker.c:1208: in cdpl_wk_finalize(): info: finishing task T596
1748033591.936862: 6848-7fc159293700: cdpl_worker.c:585: in cdpl_wk_listen(): debug: received ASSIGN message
1748033591.936888: 6848-7fc167bb2000: cdpl_worker.c:1092: in cdpl_wk_wait_timeout(): info: starting task T622
1748033591.936904: 6848-7fc167bb2000: cdpl_compat_worker.c:597: in cdplWorkerLogInfo(): info: [runOneAcquisitionAdaptive XNR2D4 delay__A2__hl__ZN__hl__ACQ_1 job_623 ]
1748033600.320954: 6848-7fc167bb2000: cdpl_worker.c:1208: in cdpl_wk_finalize(): info: finishing task T622
1748033600.325256: 6848-7fc159293700: cdpl_worker.c:585: in cdpl_wk_listen(): debug: received ASSIGN message
1748033600.325299: 6848-7fc167bb2000: cdpl_worker.c:1092: in cdpl_wk_wait_timeout(): info: starting task T657
1748033600.325322: 6848-7fc167bb2000: cdpl_compat_worker.c:597: in cdplWorkerLogInfo(): info: [runOneAcquisitionAdaptive XOR2D2 delay__A1__lh__Z__hl__ACQ_1 job_658 ]
1748033604.568593: 6848-7fc167bb2000: cdpl_worker.c:1208: in cdpl_wk_finalize(): info: finishing task T657
1748033604.570116: 6848-7fc159293700: cdpl_worker.c:585: in cdpl_wk_listen(): debug: received ASSIGN message
1748033604.570128: 6848-7fc167bb2000: cdpl_worker.c:1092: in cdpl_wk_wait_timeout(): info: starting task T690
1748033604.570138: 6848-7fc167bb2000: cdpl_compat_worker.c:597: in cdplWorkerLogInfo(): info: [runOneAcquisitionAdaptive BUFFD6 leakage_power__ACQ_2 job_691 ]
1748033606.899484: 6848-7fc167bb2000: cdpl_worker.c:1208: in cdpl_wk_finalize(): info: finishing task T690
1748033606.899664: 6848-7fc159293700: cdpl_worker.c:585: in cdpl_wk_listen(): debug: received ASSIGN message
1748033606.899673: 6848-7fc167bb2000: cdpl_worker.c:1092: in cdpl_wk_wait_timeout(): info: starting task T706
1748033606.899681: 6848-7fc167bb2000: cdpl_compat_worker.c:597: in cdplWorkerLogInfo(): info: [runOneAcquisitionAdaptive INVD12 leakage_power__ACQ_2 job_707 ]
1748033609.028538: 6848-7fc167bb2000: cdpl_worker.c:1208: in cdpl_wk_finalize(): info: finishing task T706
1748033609.028995: 6848-7fc159293700: cdpl_worker.c:585: in cdpl_wk_listen(): debug: received ASSIGN message
1748033609.029333: 6848-7fc167bb2000: cdpl_worker.c:1092: in cdpl_wk_wait_timeout(): info: starting task T718
1748033609.029347: 6848-7fc167bb2000: cdpl_compat_worker.c:597: in cdplWorkerLogInfo(): info: [runOneAcquisitionAdaptive INVD20 leakage_power__ACQ_2 job_719 ]
1748033611.285943: 6848-7fc167bb2000: cdpl_worker.c:1208: in cdpl_wk_finalize(): info: finishing task T718
1748033611.289506: 6848-7fc159293700: cdpl_worker.c:585: in cdpl_wk_listen(): debug: received ASSIGN message
1748033611.289520: 6848-7fc167bb2000: cdpl_worker.c:1092: in cdpl_wk_wait_timeout(): info: starting task T732
1748033611.289532: 6848-7fc167bb2000: cdpl_compat_worker.c:597: in cdplWorkerLogInfo(): info: [runOneAcquisitionAdaptive INVD4 delay__I__hl__ZN__lh__ACQ_1 job_733 ]
1748033614.737318: 6848-7fc167bb2000: cdpl_worker.c:1208: in cdpl_wk_finalize(): info: finishing task T732
1748033620.406384: 6848-7fc159293700: cdpl_worker.c:616: in cdpl_wk_listen(): debug: received RELAY message
1748033622.309335: 6848-7fc159293700: cdpl_worker.c:585: in cdpl_wk_listen(): debug: received ASSIGN message
1748033622.309352: 6848-7fc167bb2000: cdpl_worker.c:1092: in cdpl_wk_wait_timeout(): info: starting task T757
1748033622.525202: 6848-7fc167bb2000: cdpl_compat_worker.c:597: in cdplWorkerLogInfo(): info: [modelOneCellAdaptive {AN2D0 }]
1748033625.485046: 6848-7fc167bb2000: cdpl_worker.c:1208: in cdpl_wk_finalize(): info: finishing task T757
1748033625.485554: 6848-7fc159293700: cdpl_worker.c:585: in cdpl_wk_listen(): debug: received ASSIGN message
1748033625.485569: 6848-7fc167bb2000: cdpl_worker.c:1092: in cdpl_wk_wait_timeout(): info: starting task T779
1748033625.485581: 6848-7fc167bb2000: cdpl_compat_worker.c:597: in cdplWorkerLogInfo(): info: [modelOneCellAdaptive {OR2XD1 }]
1748033628.394024: 6848-7fc167bb2000: cdpl_worker.c:1208: in cdpl_wk_finalize(): info: finishing task T779
1748033628.395741: 6848-7fc159293700: cdpl_worker.c:585: in cdpl_wk_listen(): debug: received ASSIGN message
1748033628.397286: 6848-7fc167bb2000: cdpl_worker.c:1092: in cdpl_wk_wait_timeout(): info: starting task T802
1748033628.397316: 6848-7fc167bb2000: cdpl_compat_worker.c:597: in cdplWorkerLogInfo(): info: [modelOneCellAdaptive {INVD24 }]
1748033629.972258: 6848-7fc167bb2000: cdpl_worker.c:1208: in cdpl_wk_finalize(): info: finishing task T802
1748033655.398602: 6848-7fc159293700: cdpl_worker.c:616: in cdpl_wk_listen(): debug: received RELAY message
1748033655.427652: 6848-7fc159a94700: cdpl_ipc.c:606: in _readv(): warning: read(): EOF
1748033655.427699: 6848-7fc159a94700: cdpl_ipc.c:1462: in _epoll_recv(): debug: _readv(): Broken pipe
1748033655.427729: 6848-7fc159a94700: cdpl_ipc.c:1683: in _epoll_main(): debug: _epoll_recv(): Broken pipe
1748033655.427745: 6848-7fc159a94700: cdpl_ipc.c:1061: in _host_drop__UNSAFE(): debug: dropping host `128.54.67.138:38320'
1748033655.427836: 6848-7fc159293700: cdpl_worker.c:561: in cdpl_wk_listen(): debug: received DROP notification
1748033655.427847: 6848-7fc159293700: cdpl_worker.c:565: in cdpl_wk_listen(): debug: we were dropped by the server
1748033655.427855: 6848-7fc159293700: cdpl_worker.c:492: in _wk_kill(): debug: killing worker
1748033655.427862: 6848-7fc159293700: cdpl_ipc.c:2481: in cdpl_ipc_kill(): debug: stopping event server
1748033655.427884: 6848-7fc159293700: cdpl_worker.c:542: in cdpl_wk_listen(): debug: leaving now
1748033655.428139: 6848-7fc167bb2000: cdpl_compat_worker.c:597: in cdplWorkerLogInfo(): info: [Worker shutdown. Code: 3]
1748033655.428630: 6848-7fc159a94700: cdpl_ipc.c:1720: in _epoll_main(): debug: server going down...
1748033655.437277: 6848-7fc167bb2000: cdpl_worker.c:856: in _wk_shutdown(): debug: waiting for heartbeat thread
1748033655.445630: 6848-7fc158a92700: cdpl_worker.c:709: in cdpl_wk_heartbeat(): info: stopping heartbeat
1748033655.445725: 6848-7fc167bb2000: cdpl_ipc.c:1781: in cdpl_ipc_host_release(): debug: releasing host `128.54.67.138:38320'
1748033655.445753: 6848-7fc167bb2000: cdpl_ipc.c:2532: in cdpl_ipc_free(): debug: releasing IPC handle
1748033655.445757: 6848-7fc167bb2000: cdpl_ipc.c:986: in _host_free__UNSAFE(): debug: freeing host `128.54.67.138:38320'
1748033655.445761: 6848-7fc167bb2000: cdpl_ipc.c:1028: in _host_free__UNSAFE(): debug: [0 outq, 0 spR, 0 spW]
1748033655.445783: 6848-7fc167bb2000: cdpl_ipc.c:2571: in cdpl_ipc_free(): debug: done
1748033655.445788: 6848-7fc167bb2000: cdpl_worker.c:912: in cdpl_wk_free(): info: freed
1748033655.445791: 6848-7fc167bb2000: cdpl_log.c:359: in cdpl_log_close(): debug: @@end_of_log@@
