1748033434.081684: 7165-7f1a40ae0000: cdpl_log.c:221: in cdpl_log_open(): debug: @@start_of_log@@
1748033434.081714: 7165-7f1a40ae0000: cdpl_log.c:729: in cdpl_log_dump_sysinfo(): info: time: 2025/05/23 13:50:34 PDT -0700
1748033434.081719: 7165-7f1a40ae0000: cdpl_log.c:731: in cdpl_log_dump_sysinfo(): info: version: L_2016.03_SP2_PROD_CDPL 
1748033434.081722: 7165-7f1a40ae0000: cdpl_log.c:736: in cdpl_log_dump_sysinfo(): info: system: Linux 3.10.0-1160.119.1.el7.x86_64 #1 SMP Tue Jun 4 14:43:51 UTC 2024
1748033434.081724: 7165-7f1a40ae0000: cdpl_log.c:740: in cdpl_log_dump_sysinfo(): info: processor: x86_64 64-bits
1748033434.081727: 7165-7f1a40ae0000: cdpl_log.c:742: in cdpl_log_dump_sysinfo(): info: hostname: ieng6-ece-08.ucsd.edu
1748033434.081729: 7165-7f1a40ae0000: cdpl_log.c:223: in cdpl_log_open(): debug: path: /home/linux/ieng6/cs241asp25/cs241asp25bu/lab5/run_siliconsmart/LIB_FF_1.1_-40_ALL/runtime/cdpl/worker.W17.ieng6-ece-08.ucsd.edu.7165.log
1748033434.081732: 7165-7f1a40ae0000: cdpl_log.c:224: in cdpl_log_open(): debug: dir: /home/linux/ieng6/cs241asp25/cs241asp25bu/lab5/run_siliconsmart/LIB_FF_1.1_-40_ALL/runtime/cdpl
1748033434.081739: 7165-7f1a40ae0000: cdpl_worker.c:728: in cdpl_wk_new(): info: creating worker instance
1748033434.083019: 7165-7f1a40ae0000: cdpl_worker.c:925: in cdpl_wk_start(): debug: starting worker
1748033434.083028: 7165-7f1a40ae0000: cdpl_worker.c:276: in cdpl_wk_setup(): info: CDPL_SERVER is "128.54.67.138:38320"
1748033434.083032: 7165-7f1a40ae0000: cdpl_worker.c:299: in cdpl_wk_setup(): info: server 128.54.67.138, port 38320
1748033434.083035: 7165-7f1a40ae0000: cdpl_worker.c:319: in cdpl_wk_setup(): info: CDPL_ID is "17:1:1:1:1244849655"
1748033434.083044: 7165-7f1a40ae0000: cdpl_worker.c:361: in cdpl_wk_setup(): info: we are W17-B1-J1-M1-S1244849655
1748033434.083046: 7165-7f1a40ae0000: cdpl_worker.c:363: in cdpl_wk_setup(): info: we are on host ieng6-ece-08.ucsd.edu
1748033434.083049: 7165-7f1a40ae0000: cdpl_worker.c:372: in cdpl_wk_daemonize(): debug: will *not* daemonize
1748033434.083053: 7165-7f1a40ae0000: cdpl_ipc.c:2593: in cdpl_ipc_connect(): info: connecting to 128.54.67.138:38320
1748033434.083135: 7165-7f1a40ae0000: cdpl_ipc.c:2659: in cdpl_ipc_connect(): info: connected as `128.54.67.138:50966'
1748033434.083149: 7165-7f1a40ae0000: cdpl_ipc.c:1763: in cdpl_ipc_host_accept(): debug: accepted host `128.54.67.138:38320'
1748033434.083156: 7165-7f1a40ae0000: cdpl_ipc.c:2436: in cdpl_ipc_start(): debug: starting IPC server 128.54.67.138:36858
1748033434.083261: 7165-7f1a40ae0000: cdpl_compat_worker.c:148: in cdplStartWorker(): info: SNPSLMD_LICENSE_FILE is 1705@its-flexlm-lnx4.ucsd.edu:1705@acms-flexlm-lnx4.ucsd.edu,1705@acms-flexlm-lnx5.ucsd.edu,1705@acms-flexlm-lnx6.ucsd.edu
1748033434.083331: 7165-7f1a40ae0000: cdpl_compat_worker.c:597: in cdplWorkerLogInfo(): info: [Maximum lifespan of worker is set to 1200m]
1748033434.083375: 7165-7f1a40ae0000: cdpl_compat_worker.c:597: in cdplWorkerLogInfo(): info: [Peak virtual memory is set to 128GB]
1748033434.083422: 7165-7f1a321c1700: cdpl_worker.c:528: in cdpl_wk_listen(): debug: ready
1748033434.085357: 7165-7f1a319c0700: cdpl_worker.c:656: in cdpl_wk_heartbeat(): debug: starting heartbeat
1748033434.085367: 7165-7f1a319c0700: cdpl_worker.c:665: in cdpl_wk_heartbeat(): info: setting heartbeat period to 60 sec
1748033434.085370: 7165-7f1a319c0700: cdpl_worker.c:673: in cdpl_wk_heartbeat(): info: first heartbeat in 1 sec
1748033434.085562: 7165-7f1a321c1700: cdpl_worker.c:585: in cdpl_wk_listen(): debug: received ASSIGN message
1748033434.085571: 7165-7f1a40ae0000: cdpl_worker.c:1092: in cdpl_wk_wait_timeout(): info: starting task T62
1748033434.085586: 7165-7f1a40ae0000: cdpl_compat_worker.c:597: in cdplWorkerLogInfo(): info: [configOneCellAdaptive { XNR2D4 }]
1748033435.015044: 7165-7f1a40ae0000: cdpl_worker.c:1208: in cdpl_wk_finalize(): info: finishing task T62
1748033465.605155: 7165-7f1a321c1700: cdpl_worker.c:616: in cdpl_wk_listen(): debug: received RELAY message
1748033465.935187: 7165-7f1a321c1700: cdpl_worker.c:616: in cdpl_wk_listen(): debug: received RELAY message
1748033468.424695: 7165-7f1a321c1700: cdpl_worker.c:585: in cdpl_wk_listen(): debug: received ASSIGN message
1748033468.424931: 7165-7f1a40ae0000: cdpl_worker.c:1092: in cdpl_wk_wait_timeout(): info: starting task T90
1748033469.242431: 7165-7f1a40ae0000: cdpl_compat_worker.c:597: in cdplWorkerLogInfo(): info: [runOneAcquisitionAdaptive DFCSNQD1 combined_setup_hold__D__hl__CP__lh__ACQ_1 job_91 ]
1748033528.068144: 7165-7f1a40ae0000: cdpl_worker.c:1208: in cdpl_wk_finalize(): info: finishing task T90
1748033528.082267: 7165-7f1a321c1700: cdpl_worker.c:585: in cdpl_wk_listen(): debug: received ASSIGN message
1748033528.082321: 7165-7f1a40ae0000: cdpl_worker.c:1092: in cdpl_wk_wait_timeout(): info: starting task T236
1748033528.082332: 7165-7f1a40ae0000: cdpl_compat_worker.c:597: in cdplWorkerLogInfo(): info: [runOneAcquisitionAdaptive AOI21D4 delay__A2__lh__ZN__hl__ACQ_1 job_237 ]
1748033535.540515: 7165-7f1a40ae0000: cdpl_worker.c:1208: in cdpl_wk_finalize(): info: finishing task T236
1748033535.551369: 7165-7f1a321c1700: cdpl_worker.c:585: in cdpl_wk_listen(): debug: received ASSIGN message
1748033535.554969: 7165-7f1a40ae0000: cdpl_worker.c:1092: in cdpl_wk_wait_timeout(): info: starting task T267
1748033535.554986: 7165-7f1a40ae0000: cdpl_compat_worker.c:597: in cdplWorkerLogInfo(): info: [runOneAcquisitionAdaptive MUX2D1 Cin__S__hl__ACQ_1 job_268 ]
1748033538.664027: 7165-7f1a40ae0000: cdpl_worker.c:1208: in cdpl_wk_finalize(): info: finishing task T267
1748033538.664173: 7165-7f1a321c1700: cdpl_worker.c:585: in cdpl_wk_listen(): debug: received ASSIGN message
1748033538.664382: 7165-7f1a40ae0000: cdpl_worker.c:1092: in cdpl_wk_wait_timeout(): info: starting task T282
1748033538.664395: 7165-7f1a40ae0000: cdpl_compat_worker.c:597: in cdplWorkerLogInfo(): info: [runOneAcquisitionAdaptive MUX2D2 Cin__I0__hl__ACQ_1 job_283 ]
1748033541.765737: 7165-7f1a40ae0000: cdpl_worker.c:1208: in cdpl_wk_finalize(): info: finishing task T282
1748033541.769938: 7165-7f1a321c1700: cdpl_worker.c:585: in cdpl_wk_listen(): debug: received ASSIGN message
1748033541.769953: 7165-7f1a40ae0000: cdpl_worker.c:1092: in cdpl_wk_wait_timeout(): info: starting task T299
1748033541.769963: 7165-7f1a40ae0000: cdpl_compat_worker.c:597: in cdplWorkerLogInfo(): info: [runOneAcquisitionAdaptive MUX2D4 Cin__S__hl__ACQ_1 job_300 ]
1748033544.070243: 7165-7f1a40ae0000: cdpl_worker.c:1208: in cdpl_wk_finalize(): info: finishing task T299
1748033544.077934: 7165-7f1a321c1700: cdpl_worker.c:585: in cdpl_wk_listen(): debug: received ASSIGN message
1748033544.077945: 7165-7f1a40ae0000: cdpl_worker.c:1092: in cdpl_wk_wait_timeout(): info: starting task T311
1748033544.077956: 7165-7f1a40ae0000: cdpl_compat_worker.c:597: in cdplWorkerLogInfo(): info: [runOneAcquisitionAdaptive OAI21D0 leakage_power__ACQ_4 job_312 ]
1748033545.695872: 7165-7f1a40ae0000: cdpl_worker.c:1208: in cdpl_wk_finalize(): info: finishing task T311
1748033545.706348: 7165-7f1a321c1700: cdpl_worker.c:585: in cdpl_wk_listen(): debug: received ASSIGN message
1748033545.711188: 7165-7f1a40ae0000: cdpl_worker.c:1092: in cdpl_wk_wait_timeout(): info: starting task T321
1748033545.711206: 7165-7f1a40ae0000: cdpl_compat_worker.c:597: in cdplWorkerLogInfo(): info: [runOneAcquisitionAdaptive OAI21D1 Cin__B__lh__ACQ_1 job_322 ]
1748033547.659862: 7165-7f1a40ae0000: cdpl_worker.c:1208: in cdpl_wk_finalize(): info: finishing task T321
1748033547.660013: 7165-7f1a321c1700: cdpl_worker.c:585: in cdpl_wk_listen(): debug: received ASSIGN message
1748033547.660027: 7165-7f1a40ae0000: cdpl_worker.c:1092: in cdpl_wk_wait_timeout(): info: starting task T332
1748033547.660037: 7165-7f1a40ae0000: cdpl_compat_worker.c:597: in cdplWorkerLogInfo(): info: [runOneAcquisitionAdaptive OAI21D1 delay__B__hl__ZN__lh__ACQ_1 job_333 ]
1748033551.573893: 7165-7f1a40ae0000: cdpl_worker.c:1208: in cdpl_wk_finalize(): info: finishing task T332
1748033551.596436: 7165-7f1a321c1700: cdpl_worker.c:585: in cdpl_wk_listen(): debug: received ASSIGN message
1748033551.596449: 7165-7f1a40ae0000: cdpl_worker.c:1092: in cdpl_wk_wait_timeout(): info: starting task T359
1748033551.596461: 7165-7f1a40ae0000: cdpl_compat_worker.c:597: in cdplWorkerLogInfo(): info: [runOneAcquisitionAdaptive OAI21D4 delay__B__lh__ZN__hl__ACQ_1 job_360 ]
1748033558.092739: 7165-7f1a40ae0000: cdpl_worker.c:1208: in cdpl_wk_finalize(): info: finishing task T359
1748033558.101478: 7165-7f1a321c1700: cdpl_worker.c:585: in cdpl_wk_listen(): debug: received ASSIGN message
1748033558.101491: 7165-7f1a40ae0000: cdpl_worker.c:1092: in cdpl_wk_wait_timeout(): info: starting task T397
1748033558.101501: 7165-7f1a40ae0000: cdpl_compat_worker.c:597: in cdplWorkerLogInfo(): info: [runOneAcquisitionAdaptive AN2D4 delay__A2__lh__Z__lh__ACQ_1 job_398 ]
1748033563.778296: 7165-7f1a40ae0000: cdpl_worker.c:1208: in cdpl_wk_finalize(): info: finishing task T397
1748033563.813900: 7165-7f1a321c1700: cdpl_worker.c:585: in cdpl_wk_listen(): debug: received ASSIGN message
1748033563.813946: 7165-7f1a40ae0000: cdpl_worker.c:1092: in cdpl_wk_wait_timeout(): info: starting task T435
1748033563.813961: 7165-7f1a40ae0000: cdpl_compat_worker.c:597: in cdplWorkerLogInfo(): info: [runOneAcquisitionAdaptive ND2D1 delay__A1__hl__ZN__lh__ACQ_1 job_436 ]
1748033567.137047: 7165-7f1a40ae0000: cdpl_worker.c:1208: in cdpl_wk_finalize(): info: finishing task T435
1748033567.137259: 7165-7f1a321c1700: cdpl_worker.c:585: in cdpl_wk_listen(): debug: received ASSIGN message
1748033567.137269: 7165-7f1a40ae0000: cdpl_worker.c:1092: in cdpl_wk_wait_timeout(): info: starting task T462
1748033567.137278: 7165-7f1a40ae0000: cdpl_compat_worker.c:597: in cdplWorkerLogInfo(): info: [runOneAcquisitionAdaptive ND2D4 Cin__A1__lh__ACQ_1 job_463 ]
1748033570.174225: 7165-7f1a40ae0000: cdpl_worker.c:1208: in cdpl_wk_finalize(): info: finishing task T462
1748033570.174766: 7165-7f1a321c1700: cdpl_worker.c:585: in cdpl_wk_listen(): debug: received ASSIGN message
1748033570.174777: 7165-7f1a40ae0000: cdpl_worker.c:1092: in cdpl_wk_wait_timeout(): info: starting task T484
1748033570.174787: 7165-7f1a40ae0000: cdpl_compat_worker.c:597: in cdplWorkerLogInfo(): info: [runOneAcquisitionAdaptive NR2D0 leakage_power__ACQ_2 job_485 ]
1748033572.595938: 7165-7f1a40ae0000: cdpl_worker.c:1208: in cdpl_wk_finalize(): info: finishing task T484
1748033572.602538: 7165-7f1a321c1700: cdpl_worker.c:585: in cdpl_wk_listen(): debug: received ASSIGN message
1748033572.602551: 7165-7f1a40ae0000: cdpl_worker.c:1092: in cdpl_wk_wait_timeout(): info: starting task T499
1748033572.602561: 7165-7f1a40ae0000: cdpl_compat_worker.c:597: in cdplWorkerLogInfo(): info: [runOneAcquisitionAdaptive NR2D1 delay__A2__lh__ZN__hl__ACQ_1 job_500 ]
1748033575.919624: 7165-7f1a40ae0000: cdpl_worker.c:1208: in cdpl_wk_finalize(): info: finishing task T499
1748033575.926583: 7165-7f1a321c1700: cdpl_worker.c:585: in cdpl_wk_listen(): debug: received ASSIGN message
1748033575.926600: 7165-7f1a40ae0000: cdpl_worker.c:1092: in cdpl_wk_wait_timeout(): info: starting task T526
1748033575.926613: 7165-7f1a40ae0000: cdpl_compat_worker.c:597: in cdplWorkerLogInfo(): info: [runOneAcquisitionAdaptive NR2D4 delay__A1__hl__ZN__lh__ACQ_1 job_527 ]
1748033581.796342: 7165-7f1a40ae0000: cdpl_worker.c:1208: in cdpl_wk_finalize(): info: finishing task T526
1748033581.808667: 7165-7f1a321c1700: cdpl_worker.c:585: in cdpl_wk_listen(): debug: received ASSIGN message
1748033581.808679: 7165-7f1a40ae0000: cdpl_worker.c:1092: in cdpl_wk_wait_timeout(): info: starting task T563
1748033581.808689: 7165-7f1a40ae0000: cdpl_compat_worker.c:597: in cdplWorkerLogInfo(): info: [runOneAcquisitionAdaptive OR2D2 delay__A1__lh__Z__lh__ACQ_1 job_564 ]
1748033587.138872: 7165-7f1a40ae0000: cdpl_worker.c:1208: in cdpl_wk_finalize(): info: finishing task T563
1748033587.159103: 7165-7f1a321c1700: cdpl_worker.c:585: in cdpl_wk_listen(): debug: received ASSIGN message
1748033587.159148: 7165-7f1a40ae0000: cdpl_worker.c:1092: in cdpl_wk_wait_timeout(): info: starting task T604
1748033587.159160: 7165-7f1a40ae0000: cdpl_compat_worker.c:597: in cdplWorkerLogInfo(): info: [runOneAcquisitionAdaptive XNR2D1 leakage_power__ACQ_2 job_605 ]
1748033589.127713: 7165-7f1a40ae0000: cdpl_worker.c:1208: in cdpl_wk_finalize(): info: finishing task T604
1748033589.128700: 7165-7f1a321c1700: cdpl_worker.c:585: in cdpl_wk_listen(): debug: received ASSIGN message
1748033589.128713: 7165-7f1a40ae0000: cdpl_worker.c:1092: in cdpl_wk_wait_timeout(): info: starting task T615
1748033589.128723: 7165-7f1a40ae0000: cdpl_compat_worker.c:597: in cdplWorkerLogInfo(): info: [runOneAcquisitionAdaptive XNR2D2 delay__A1__lh__ZN__hl__ACQ_1 job_616 ]
1748033595.376357: 7165-7f1a40ae0000: cdpl_worker.c:1208: in cdpl_wk_finalize(): info: finishing task T615
1748033595.378415: 7165-7f1a321c1700: cdpl_worker.c:585: in cdpl_wk_listen(): debug: received ASSIGN message
1748033595.378448: 7165-7f1a40ae0000: cdpl_worker.c:1092: in cdpl_wk_wait_timeout(): info: starting task T646
1748033595.378459: 7165-7f1a40ae0000: cdpl_compat_worker.c:597: in cdplWorkerLogInfo(): info: [runOneAcquisitionAdaptive XOR2D1 delay__A2__hl__Z__hl__ACQ_1 job_647 ]
1748033602.132954: 7165-7f1a40ae0000: cdpl_worker.c:1208: in cdpl_wk_finalize(): info: finishing task T646
1748033602.140726: 7165-7f1a321c1700: cdpl_worker.c:585: in cdpl_wk_listen(): debug: received ASSIGN message
1748033602.140772: 7165-7f1a40ae0000: cdpl_worker.c:1092: in cdpl_wk_wait_timeout(): info: starting task T670
1748033602.140787: 7165-7f1a40ae0000: cdpl_compat_worker.c:597: in cdplWorkerLogInfo(): info: [runOneAcquisitionAdaptive BUFFD12 leakage_power__ACQ_2 job_671 ]
1748033604.239056: 7165-7f1a40ae0000: cdpl_worker.c:1208: in cdpl_wk_finalize(): info: finishing task T670
1748033604.254095: 7165-7f1a321c1700: cdpl_worker.c:585: in cdpl_wk_listen(): debug: received ASSIGN message
1748033604.255788: 7165-7f1a40ae0000: cdpl_worker.c:1092: in cdpl_wk_wait_timeout(): info: starting task T687
1748033604.255809: 7165-7f1a40ae0000: cdpl_compat_worker.c:597: in cdplWorkerLogInfo(): info: [runOneAcquisitionAdaptive BUFFD4 delay__I__lh__Z__lh__ACQ_1 job_688 ]
1748033610.192493: 7165-7f1a40ae0000: cdpl_worker.c:1208: in cdpl_wk_finalize(): info: finishing task T687
1748033610.201880: 7165-7f1a321c1700: cdpl_worker.c:585: in cdpl_wk_listen(): debug: received ASSIGN message
1748033610.202096: 7165-7f1a40ae0000: cdpl_worker.c:1092: in cdpl_wk_wait_timeout(): info: starting task T726
1748033610.202112: 7165-7f1a40ae0000: cdpl_compat_worker.c:597: in cdplWorkerLogInfo(): info: [runOneAcquisitionAdaptive INVD3 leakage_power__ACQ_2 job_727 ]
1748033612.370587: 7165-7f1a40ae0000: cdpl_worker.c:1208: in cdpl_wk_finalize(): info: finishing task T726
1748033612.382667: 7165-7f1a321c1700: cdpl_worker.c:585: in cdpl_wk_listen(): debug: received ASSIGN message
1748033612.382904: 7165-7f1a40ae0000: cdpl_worker.c:1092: in cdpl_wk_wait_timeout(): info: starting task T740
1748033612.382922: 7165-7f1a40ae0000: cdpl_compat_worker.c:597: in cdplWorkerLogInfo(): info: [runOneAcquisitionAdaptive INVD8 delay__I__hl__ZN__lh__ACQ_1 job_741 ]
1748033614.812282: 7165-7f1a40ae0000: cdpl_worker.c:1208: in cdpl_wk_finalize(): info: finishing task T740
1748033620.406877: 7165-7f1a321c1700: cdpl_worker.c:616: in cdpl_wk_listen(): debug: received RELAY message
1748033622.641719: 7165-7f1a321c1700: cdpl_worker.c:585: in cdpl_wk_listen(): debug: received ASSIGN message
1748033622.641736: 7165-7f1a40ae0000: cdpl_worker.c:1092: in cdpl_wk_wait_timeout(): info: starting task T759
1748033622.928054: 7165-7f1a40ae0000: cdpl_compat_worker.c:597: in cdplWorkerLogInfo(): info: [modelOneCellAdaptive {AN2D2 }]
1748033626.282712: 7165-7f1a40ae0000: cdpl_worker.c:1208: in cdpl_wk_finalize(): info: finishing task T759
1748033626.289507: 7165-7f1a321c1700: cdpl_worker.c:585: in cdpl_wk_listen(): debug: received ASSIGN message
1748033626.289520: 7165-7f1a40ae0000: cdpl_worker.c:1092: in cdpl_wk_wait_timeout(): info: starting task T783
1748033626.289533: 7165-7f1a40ae0000: cdpl_compat_worker.c:597: in cdplWorkerLogInfo(): info: [modelOneCellAdaptive {XNR2D4 }]
1748033629.705567: 7165-7f1a40ae0000: cdpl_worker.c:1208: in cdpl_wk_finalize(): info: finishing task T783
1748033655.399138: 7165-7f1a321c1700: cdpl_worker.c:616: in cdpl_wk_listen(): debug: received RELAY message
1748033655.427724: 7165-7f1a329c2700: cdpl_ipc.c:606: in _readv(): warning: read(): EOF
1748033655.427747: 7165-7f1a329c2700: cdpl_ipc.c:1462: in _epoll_recv(): debug: _readv(): Broken pipe
1748033655.427752: 7165-7f1a329c2700: cdpl_ipc.c:1683: in _epoll_main(): debug: _epoll_recv(): Broken pipe
1748033655.427759: 7165-7f1a329c2700: cdpl_ipc.c:1061: in _host_drop__UNSAFE(): debug: dropping host `128.54.67.138:38320'
1748033655.428018: 7165-7f1a321c1700: cdpl_worker.c:561: in cdpl_wk_listen(): debug: received DROP notification
1748033655.428027: 7165-7f1a321c1700: cdpl_worker.c:565: in cdpl_wk_listen(): debug: we were dropped by the server
1748033655.428031: 7165-7f1a321c1700: cdpl_worker.c:492: in _wk_kill(): debug: killing worker
1748033655.428035: 7165-7f1a321c1700: cdpl_ipc.c:2481: in cdpl_ipc_kill(): debug: stopping event server
1748033655.428049: 7165-7f1a321c1700: cdpl_worker.c:542: in cdpl_wk_listen(): debug: leaving now
1748033655.428354: 7165-7f1a40ae0000: cdpl_compat_worker.c:597: in cdplWorkerLogInfo(): info: [Worker shutdown. Code: 3]
1748033655.428507: 7165-7f1a329c2700: cdpl_ipc.c:1720: in _epoll_main(): debug: server going down...
1748033655.431476: 7165-7f1a40ae0000: cdpl_worker.c:856: in _wk_shutdown(): debug: waiting for heartbeat thread
1748033655.434241: 7165-7f1a319c0700: cdpl_worker.c:709: in cdpl_wk_heartbeat(): info: stopping heartbeat
1748033655.434796: 7165-7f1a40ae0000: cdpl_ipc.c:1781: in cdpl_ipc_host_release(): debug: releasing host `128.54.67.138:38320'
1748033655.434837: 7165-7f1a40ae0000: cdpl_ipc.c:2532: in cdpl_ipc_free(): debug: releasing IPC handle
1748033655.434844: 7165-7f1a40ae0000: cdpl_ipc.c:986: in _host_free__UNSAFE(): debug: freeing host `128.54.67.138:38320'
1748033655.434852: 7165-7f1a40ae0000: cdpl_ipc.c:1028: in _host_free__UNSAFE(): debug: [0 outq, 0 spR, 0 spW]
1748033655.434884: 7165-7f1a40ae0000: cdpl_ipc.c:2571: in cdpl_ipc_free(): debug: done
1748033655.434891: 7165-7f1a40ae0000: cdpl_worker.c:912: in cdpl_wk_free(): info: freed
1748033655.434898: 7165-7f1a40ae0000: cdpl_log.c:359: in cdpl_log_close(): debug: @@end_of_log@@
