1748033434.049399: 7267-7fcc32d59000: cdpl_log.c:221: in cdpl_log_open(): debug: @@start_of_log@@
1748033434.049431: 7267-7fcc32d59000: cdpl_log.c:729: in cdpl_log_dump_sysinfo(): info: time: 2025/05/23 13:50:34 PDT -0700
1748033434.049436: 7267-7fcc32d59000: cdpl_log.c:731: in cdpl_log_dump_sysinfo(): info: version: L_2016.03_SP2_PROD_CDPL 
1748033434.049439: 7267-7fcc32d59000: cdpl_log.c:736: in cdpl_log_dump_sysinfo(): info: system: Linux 3.10.0-1160.119.1.el7.x86_64 #1 SMP Tue Jun 4 14:43:51 UTC 2024
1748033434.049442: 7267-7fcc32d59000: cdpl_log.c:740: in cdpl_log_dump_sysinfo(): info: processor: x86_64 64-bits
1748033434.049444: 7267-7fcc32d59000: cdpl_log.c:742: in cdpl_log_dump_sysinfo(): info: hostname: ieng6-ece-08.ucsd.edu
1748033434.049447: 7267-7fcc32d59000: cdpl_log.c:223: in cdpl_log_open(): debug: path: /home/linux/ieng6/cs241asp25/cs241asp25bu/lab5/run_siliconsmart/LIB_FF_1.1_-40_ALL/runtime/cdpl/worker.W22.ieng6-ece-08.ucsd.edu.7267.log
1748033434.049449: 7267-7fcc32d59000: cdpl_log.c:224: in cdpl_log_open(): debug: dir: /home/linux/ieng6/cs241asp25/cs241asp25bu/lab5/run_siliconsmart/LIB_FF_1.1_-40_ALL/runtime/cdpl
1748033434.049457: 7267-7fcc32d59000: cdpl_worker.c:728: in cdpl_wk_new(): info: creating worker instance
1748033434.050673: 7267-7fcc32d59000: cdpl_worker.c:925: in cdpl_wk_start(): debug: starting worker
1748033434.050683: 7267-7fcc32d59000: cdpl_worker.c:276: in cdpl_wk_setup(): info: CDPL_SERVER is "128.54.67.138:38320"
1748033434.050687: 7267-7fcc32d59000: cdpl_worker.c:299: in cdpl_wk_setup(): info: server 128.54.67.138, port 38320
1748033434.050689: 7267-7fcc32d59000: cdpl_worker.c:319: in cdpl_wk_setup(): info: CDPL_ID is "22:1:1:1:1244849655"
1748033434.050698: 7267-7fcc32d59000: cdpl_worker.c:361: in cdpl_wk_setup(): info: we are W22-B1-J1-M1-S1244849655
1748033434.050701: 7267-7fcc32d59000: cdpl_worker.c:363: in cdpl_wk_setup(): info: we are on host ieng6-ece-08.ucsd.edu
1748033434.050703: 7267-7fcc32d59000: cdpl_worker.c:372: in cdpl_wk_daemonize(): debug: will *not* daemonize
1748033434.050707: 7267-7fcc32d59000: cdpl_ipc.c:2593: in cdpl_ipc_connect(): info: connecting to 128.54.67.138:38320
1748033434.050819: 7267-7fcc32d59000: cdpl_ipc.c:2659: in cdpl_ipc_connect(): info: connected as `128.54.67.138:50958'
1748033434.050835: 7267-7fcc32d59000: cdpl_ipc.c:1763: in cdpl_ipc_host_accept(): debug: accepted host `128.54.67.138:38320'
1748033434.050842: 7267-7fcc32d59000: cdpl_ipc.c:2436: in cdpl_ipc_start(): debug: starting IPC server 128.54.67.138:34712
1748033434.050946: 7267-7fcc32d59000: cdpl_compat_worker.c:148: in cdplStartWorker(): info: SNPSLMD_LICENSE_FILE is 1705@its-flexlm-lnx4.ucsd.edu:1705@acms-flexlm-lnx4.ucsd.edu,1705@acms-flexlm-lnx5.ucsd.edu,1705@acms-flexlm-lnx6.ucsd.edu
1748033434.051008: 7267-7fcc32d59000: cdpl_compat_worker.c:597: in cdplWorkerLogInfo(): info: [Maximum lifespan of worker is set to 1200m]
1748033434.051044: 7267-7fcc32d59000: cdpl_compat_worker.c:597: in cdplWorkerLogInfo(): info: [Peak virtual memory is set to 128GB]
1748033434.051086: 7267-7fcc23c39700: cdpl_worker.c:656: in cdpl_wk_heartbeat(): debug: starting heartbeat
1748033434.051092: 7267-7fcc23c39700: cdpl_worker.c:665: in cdpl_wk_heartbeat(): info: setting heartbeat period to 60 sec
1748033434.051095: 7267-7fcc23c39700: cdpl_worker.c:673: in cdpl_wk_heartbeat(): info: first heartbeat in 1 sec
1748033434.057353: 7267-7fcc2443a700: cdpl_worker.c:528: in cdpl_wk_listen(): debug: ready
1748033434.057362: 7267-7fcc2443a700: cdpl_worker.c:585: in cdpl_wk_listen(): debug: received ASSIGN message
1748033434.057392: 7267-7fcc32d59000: cdpl_worker.c:1092: in cdpl_wk_wait_timeout(): info: starting task T56
1748033434.057431: 7267-7fcc32d59000: cdpl_compat_worker.c:597: in cdplWorkerLogInfo(): info: [configOneCellAdaptive { OR2D2 }]
1748033434.794000: 7267-7fcc32d59000: cdpl_worker.c:1208: in cdpl_wk_finalize(): info: finishing task T56
1748033465.605563: 7267-7fcc2443a700: cdpl_worker.c:616: in cdpl_wk_listen(): debug: received RELAY message
1748033465.935349: 7267-7fcc2443a700: cdpl_worker.c:616: in cdpl_wk_listen(): debug: received RELAY message
1748033466.958868: 7267-7fcc2443a700: cdpl_worker.c:585: in cdpl_wk_listen(): debug: received ASSIGN message
1748033466.961157: 7267-7fcc32d59000: cdpl_worker.c:1092: in cdpl_wk_wait_timeout(): info: starting task T76
1748033467.427823: 7267-7fcc32d59000: cdpl_compat_worker.c:597: in cdplWorkerLogInfo(): info: [runOneAcquisitionAdaptive DFCSNQD1 cmpw__CDN__hl__CDN__lh__ACQ_1 job_77 ]
1748033470.453034: 7267-7fcc32d59000: cdpl_worker.c:1208: in cdpl_wk_finalize(): info: finishing task T76
1748033470.462483: 7267-7fcc2443a700: cdpl_worker.c:585: in cdpl_wk_listen(): debug: received ASSIGN message
1748033470.462496: 7267-7fcc32d59000: cdpl_worker.c:1092: in cdpl_wk_wait_timeout(): info: starting task T100
1748033470.462507: 7267-7fcc32d59000: cdpl_compat_worker.c:597: in cdplWorkerLogInfo(): info: [runOneAcquisitionAdaptive DFCSNQD2 energy__CP__lh__ACQ_1 job_101 ]
1748033473.814766: 7267-7fcc32d59000: cdpl_worker.c:1208: in cdpl_wk_finalize(): info: finishing task T100
1748033473.816189: 7267-7fcc2443a700: cdpl_worker.c:585: in cdpl_wk_listen(): debug: received ASSIGN message
1748033473.816486: 7267-7fcc32d59000: cdpl_worker.c:1092: in cdpl_wk_wait_timeout(): info: starting task T112
1748033473.816501: 7267-7fcc32d59000: cdpl_compat_worker.c:597: in cdplWorkerLogInfo(): info: [runOneAcquisitionAdaptive DFCSNQD2 asynch_recover__CDN__lh__SDN__lh__ACQ_1 job_113 ]
1748033499.703679: 7267-7fcc32d59000: cdpl_worker.c:1208: in cdpl_wk_finalize(): info: finishing task T112
1748033499.711451: 7267-7fcc2443a700: cdpl_worker.c:585: in cdpl_wk_listen(): debug: received ASSIGN message
1748033499.711474: 7267-7fcc32d59000: cdpl_worker.c:1092: in cdpl_wk_wait_timeout(): info: starting task T157
1748033499.711485: 7267-7fcc32d59000: cdpl_compat_worker.c:597: in cdplWorkerLogInfo(): info: [runOneAcquisitionAdaptive DFCSNQD4 combined_setup_hold__D__lh__CP__lh__ACQ_1 job_158 ]
1748033571.156364: 7267-7fcc32d59000: cdpl_worker.c:1208: in cdpl_wk_finalize(): info: finishing task T157
1748033571.158419: 7267-7fcc2443a700: cdpl_worker.c:585: in cdpl_wk_listen(): debug: received ASSIGN message
1748033571.158439: 7267-7fcc32d59000: cdpl_worker.c:1092: in cdpl_wk_wait_timeout(): info: starting task T491
1748033571.158454: 7267-7fcc32d59000: cdpl_compat_worker.c:597: in cdplWorkerLogInfo(): info: [runOneAcquisitionAdaptive NR2D1 Cin__A2__hl__ACQ_1 job_492 ]
1748033574.502030: 7267-7fcc32d59000: cdpl_worker.c:1208: in cdpl_wk_finalize(): info: finishing task T491
1748033574.506555: 7267-7fcc2443a700: cdpl_worker.c:585: in cdpl_wk_listen(): debug: received ASSIGN message
1748033574.506568: 7267-7fcc32d59000: cdpl_worker.c:1092: in cdpl_wk_wait_timeout(): info: starting task T513
1748033574.506578: 7267-7fcc32d59000: cdpl_compat_worker.c:597: in cdplWorkerLogInfo(): info: [runOneAcquisitionAdaptive NR2D3 leakage_power__ACQ_1 job_514 ]
1748033577.289359: 7267-7fcc32d59000: cdpl_worker.c:1208: in cdpl_wk_finalize(): info: finishing task T513
1748033577.291754: 7267-7fcc2443a700: cdpl_worker.c:585: in cdpl_wk_listen(): debug: received ASSIGN message
1748033577.291766: 7267-7fcc32d59000: cdpl_worker.c:1092: in cdpl_wk_wait_timeout(): info: starting task T536
1748033577.291775: 7267-7fcc32d59000: cdpl_compat_worker.c:597: in cdplWorkerLogInfo(): info: [runOneAcquisitionAdaptive NR2D8 delay__A1__hl__ZN__lh__ACQ_1 job_537 ]
1748033583.260773: 7267-7fcc32d59000: cdpl_worker.c:1208: in cdpl_wk_finalize(): info: finishing task T536
1748033583.282352: 7267-7fcc2443a700: cdpl_worker.c:585: in cdpl_wk_listen(): debug: received ASSIGN message
1748033583.282372: 7267-7fcc32d59000: cdpl_worker.c:1092: in cdpl_wk_wait_timeout(): info: starting task T573
1748033583.282384: 7267-7fcc32d59000: cdpl_compat_worker.c:597: in cdplWorkerLogInfo(): info: [runOneAcquisitionAdaptive OR2D4 delay__A1__lh__Z__lh__ACQ_1 job_574 ]
1748033588.574681: 7267-7fcc32d59000: cdpl_worker.c:1208: in cdpl_wk_finalize(): info: finishing task T573
1748033588.576565: 7267-7fcc2443a700: cdpl_worker.c:585: in cdpl_wk_listen(): debug: received ASSIGN message
1748033588.583929: 7267-7fcc32d59000: cdpl_worker.c:1092: in cdpl_wk_wait_timeout(): info: starting task T613
1748033588.583949: 7267-7fcc32d59000: cdpl_compat_worker.c:597: in cdplWorkerLogInfo(): info: [runOneAcquisitionAdaptive XNR2D2 leakage_power__ACQ_1 job_614 ]
1748033590.851352: 7267-7fcc32d59000: cdpl_worker.c:1208: in cdpl_wk_finalize(): info: finishing task T613
1748033590.856799: 7267-7fcc2443a700: cdpl_worker.c:585: in cdpl_wk_listen(): debug: received ASSIGN message
1748033590.868323: 7267-7fcc32d59000: cdpl_worker.c:1092: in cdpl_wk_wait_timeout(): info: starting task T620
1748033590.868341: 7267-7fcc32d59000: cdpl_compat_worker.c:597: in cdplWorkerLogInfo(): info: [runOneAcquisitionAdaptive XNR2D2 delay__A1__hl__ZN__hl__ACQ_1 job_621 ]
1748033597.046913: 7267-7fcc32d59000: cdpl_worker.c:1208: in cdpl_wk_finalize(): info: finishing task T620
1748033597.047876: 7267-7fcc2443a700: cdpl_worker.c:585: in cdpl_wk_listen(): debug: received ASSIGN message
1748033597.047918: 7267-7fcc32d59000: cdpl_worker.c:1092: in cdpl_wk_wait_timeout(): info: starting task T649
1748033597.047930: 7267-7fcc32d59000: cdpl_compat_worker.c:597: in cdplWorkerLogInfo(): info: [runOneAcquisitionAdaptive XOR2D1 delay__A2__lh__Z__hl__ACQ_1 job_650 ]
1748033602.152719: 7267-7fcc32d59000: cdpl_worker.c:1208: in cdpl_wk_finalize(): info: finishing task T649
1748033602.162204: 7267-7fcc2443a700: cdpl_worker.c:585: in cdpl_wk_listen(): debug: received ASSIGN message
1748033602.164737: 7267-7fcc32d59000: cdpl_worker.c:1092: in cdpl_wk_wait_timeout(): info: starting task T672
1748033602.164754: 7267-7fcc32d59000: cdpl_compat_worker.c:597: in cdplWorkerLogInfo(): info: [runOneAcquisitionAdaptive BUFFD12 delay__I__hl__Z__hl__ACQ_1 job_673 ]
1748033610.585288: 7267-7fcc32d59000: cdpl_worker.c:1208: in cdpl_wk_finalize(): info: finishing task T672
1748033610.595032: 7267-7fcc2443a700: cdpl_worker.c:585: in cdpl_wk_listen(): debug: received ASSIGN message
1748033610.595048: 7267-7fcc32d59000: cdpl_worker.c:1092: in cdpl_wk_wait_timeout(): info: starting task T729
1748033610.595060: 7267-7fcc32d59000: cdpl_compat_worker.c:597: in cdplWorkerLogInfo(): info: [runOneAcquisitionAdaptive INVD4 leakage_power__ACQ_1 job_730 ]
1748033612.463196: 7267-7fcc32d59000: cdpl_worker.c:1208: in cdpl_wk_finalize(): info: finishing task T729
1748033620.407114: 7267-7fcc2443a700: cdpl_worker.c:616: in cdpl_wk_listen(): debug: received RELAY message
1748033620.412455: 7267-7fcc2443a700: cdpl_worker.c:585: in cdpl_wk_listen(): debug: received ASSIGN message
1748033620.412487: 7267-7fcc32d59000: cdpl_worker.c:1092: in cdpl_wk_wait_timeout(): info: starting task T741
1748033620.490085: 7267-7fcc32d59000: cdpl_compat_worker.c:597: in cdplWorkerLogInfo(): info: [modelOneCellAdaptive {DFCSNQD1 }]
1748033623.514584: 7267-7fcc32d59000: cdpl_worker.c:1208: in cdpl_wk_finalize(): info: finishing task T741
1748033623.540349: 7267-7fcc2443a700: cdpl_worker.c:585: in cdpl_wk_listen(): debug: received ASSIGN message
1748033623.540366: 7267-7fcc32d59000: cdpl_worker.c:1092: in cdpl_wk_wait_timeout(): info: starting task T768
1748033623.540379: 7267-7fcc32d59000: cdpl_compat_worker.c:597: in cdplWorkerLogInfo(): info: [modelOneCellAdaptive {ND2D8 }]
1748033626.685301: 7267-7fcc32d59000: cdpl_worker.c:1208: in cdpl_wk_finalize(): info: finishing task T768
1748033626.685564: 7267-7fcc2443a700: cdpl_worker.c:585: in cdpl_wk_listen(): debug: received ASSIGN message
1748033626.685578: 7267-7fcc32d59000: cdpl_worker.c:1092: in cdpl_wk_wait_timeout(): info: starting task T787
1748033626.685589: 7267-7fcc32d59000: cdpl_compat_worker.c:597: in cdplWorkerLogInfo(): info: [modelOneCellAdaptive {BUFFD0 }]
1748033629.208027: 7267-7fcc32d59000: cdpl_worker.c:1208: in cdpl_wk_finalize(): info: finishing task T787
1748033629.212210: 7267-7fcc2443a700: cdpl_worker.c:585: in cdpl_wk_listen(): debug: received ASSIGN message
1748033629.221056: 7267-7fcc32d59000: cdpl_worker.c:1092: in cdpl_wk_wait_timeout(): info: starting task T806
1748033629.221077: 7267-7fcc32d59000: cdpl_compat_worker.c:597: in cdplWorkerLogInfo(): info: [modelOneCellAdaptive {INVD8 }]
1748033630.350650: 7267-7fcc32d59000: cdpl_worker.c:1208: in cdpl_wk_finalize(): info: finishing task T806
1748033655.399288: 7267-7fcc2443a700: cdpl_worker.c:616: in cdpl_wk_listen(): debug: received RELAY message
1748033655.428178: 7267-7fcc24c3b700: cdpl_ipc.c:606: in _readv(): warning: read(): EOF
1748033655.428209: 7267-7fcc24c3b700: cdpl_ipc.c:1462: in _epoll_recv(): debug: _readv(): Broken pipe
1748033655.428216: 7267-7fcc24c3b700: cdpl_ipc.c:1683: in _epoll_main(): debug: _epoll_recv(): Broken pipe
1748033655.428228: 7267-7fcc24c3b700: cdpl_ipc.c:1061: in _host_drop__UNSAFE(): debug: dropping host `128.54.67.138:38320'
1748033655.428678: 7267-7fcc2443a700: cdpl_worker.c:561: in cdpl_wk_listen(): debug: received DROP notification
1748033655.428698: 7267-7fcc2443a700: cdpl_worker.c:565: in cdpl_wk_listen(): debug: we were dropped by the server
1748033655.428705: 7267-7fcc2443a700: cdpl_worker.c:492: in _wk_kill(): debug: killing worker
1748033655.428711: 7267-7fcc2443a700: cdpl_ipc.c:2481: in cdpl_ipc_kill(): debug: stopping event server
1748033655.428836: 7267-7fcc2443a700: cdpl_worker.c:542: in cdpl_wk_listen(): debug: leaving now
1748033655.428857: 7267-7fcc24c3b700: cdpl_ipc.c:1720: in _epoll_main(): debug: server going down...
1748033655.428891: 7267-7fcc32d59000: cdpl_compat_worker.c:597: in cdplWorkerLogInfo(): info: [Worker shutdown. Code: 3]
1748033655.445541: 7267-7fcc32d59000: cdpl_worker.c:856: in _wk_shutdown(): debug: waiting for heartbeat thread
1748033655.445710: 7267-7fcc23c39700: cdpl_worker.c:709: in cdpl_wk_heartbeat(): info: stopping heartbeat
1748033655.445747: 7267-7fcc32d59000: cdpl_ipc.c:1781: in cdpl_ipc_host_release(): debug: releasing host `128.54.67.138:38320'
1748033655.445774: 7267-7fcc32d59000: cdpl_ipc.c:2532: in cdpl_ipc_free(): debug: releasing IPC handle
1748033655.445778: 7267-7fcc32d59000: cdpl_ipc.c:986: in _host_free__UNSAFE(): debug: freeing host `128.54.67.138:38320'
1748033655.445783: 7267-7fcc32d59000: cdpl_ipc.c:1028: in _host_free__UNSAFE(): debug: [0 outq, 0 spR, 0 spW]
1748033655.445804: 7267-7fcc32d59000: cdpl_ipc.c:2571: in cdpl_ipc_free(): debug: done
1748033655.445809: 7267-7fcc32d59000: cdpl_worker.c:912: in cdpl_wk_free(): info: freed
1748033655.445813: 7267-7fcc32d59000: cdpl_log.c:359: in cdpl_log_close(): debug: @@end_of_log@@
