1748033432.954820: 7059-7fc120a57000: cdpl_log.c:221: in cdpl_log_open(): debug: @@start_of_log@@
1748033432.954855: 7059-7fc120a57000: cdpl_log.c:729: in cdpl_log_dump_sysinfo(): info: time: 2025/05/23 13:50:32 PDT -0700
1748033432.954859: 7059-7fc120a57000: cdpl_log.c:731: in cdpl_log_dump_sysinfo(): info: version: L_2016.03_SP2_PROD_CDPL 
1748033432.954862: 7059-7fc120a57000: cdpl_log.c:736: in cdpl_log_dump_sysinfo(): info: system: Linux 3.10.0-1160.119.1.el7.x86_64 #1 SMP Tue Jun 4 14:43:51 UTC 2024
1748033432.954865: 7059-7fc120a57000: cdpl_log.c:740: in cdpl_log_dump_sysinfo(): info: processor: x86_64 64-bits
1748033432.954867: 7059-7fc120a57000: cdpl_log.c:742: in cdpl_log_dump_sysinfo(): info: hostname: ieng6-ece-08.ucsd.edu
1748033432.954870: 7059-7fc120a57000: cdpl_log.c:223: in cdpl_log_open(): debug: path: /home/linux/ieng6/cs241asp25/cs241asp25bu/lab5/run_siliconsmart/LIB_FF_1.1_-40_ALL/runtime/cdpl/worker.W15.ieng6-ece-08.ucsd.edu.7059.log
1748033432.954872: 7059-7fc120a57000: cdpl_log.c:224: in cdpl_log_open(): debug: dir: /home/linux/ieng6/cs241asp25/cs241asp25bu/lab5/run_siliconsmart/LIB_FF_1.1_-40_ALL/runtime/cdpl
1748033432.954880: 7059-7fc120a57000: cdpl_worker.c:728: in cdpl_wk_new(): info: creating worker instance
1748033432.959467: 7059-7fc120a57000: cdpl_worker.c:925: in cdpl_wk_start(): debug: starting worker
1748033432.959478: 7059-7fc120a57000: cdpl_worker.c:276: in cdpl_wk_setup(): info: CDPL_SERVER is "128.54.67.138:38320"
1748033432.959482: 7059-7fc120a57000: cdpl_worker.c:299: in cdpl_wk_setup(): info: server 128.54.67.138, port 38320
1748033432.959486: 7059-7fc120a57000: cdpl_worker.c:319: in cdpl_wk_setup(): info: CDPL_ID is "15:1:1:1:1244849655"
1748033432.959497: 7059-7fc120a57000: cdpl_worker.c:361: in cdpl_wk_setup(): info: we are W15-B1-J1-M1-S1244849655
1748033432.959500: 7059-7fc120a57000: cdpl_worker.c:363: in cdpl_wk_setup(): info: we are on host ieng6-ece-08.ucsd.edu
1748033432.959503: 7059-7fc120a57000: cdpl_worker.c:372: in cdpl_wk_daemonize(): debug: will *not* daemonize
1748033432.959508: 7059-7fc120a57000: cdpl_ipc.c:2593: in cdpl_ipc_connect(): info: connecting to 128.54.67.138:38320
1748033432.959632: 7059-7fc120a57000: cdpl_ipc.c:2659: in cdpl_ipc_connect(): info: connected as `128.54.67.138:50948'
1748033432.959654: 7059-7fc120a57000: cdpl_ipc.c:1763: in cdpl_ipc_host_accept(): debug: accepted host `128.54.67.138:38320'
1748033432.959662: 7059-7fc120a57000: cdpl_ipc.c:2436: in cdpl_ipc_start(): debug: starting IPC server 128.54.67.138:40793
1748033432.959769: 7059-7fc120a57000: cdpl_compat_worker.c:148: in cdplStartWorker(): info: SNPSLMD_LICENSE_FILE is 1705@its-flexlm-lnx4.ucsd.edu:1705@acms-flexlm-lnx4.ucsd.edu,1705@acms-flexlm-lnx5.ucsd.edu,1705@acms-flexlm-lnx6.ucsd.edu
1748033432.959832: 7059-7fc120a57000: cdpl_compat_worker.c:597: in cdplWorkerLogInfo(): info: [Maximum lifespan of worker is set to 1200m]
1748033432.959867: 7059-7fc120a57000: cdpl_compat_worker.c:597: in cdplWorkerLogInfo(): info: [Peak virtual memory is set to 128GB]
1748033432.971416: 7059-7fc111937700: cdpl_worker.c:656: in cdpl_wk_heartbeat(): debug: starting heartbeat
1748033432.971427: 7059-7fc111937700: cdpl_worker.c:665: in cdpl_wk_heartbeat(): info: setting heartbeat period to 60 sec
1748033432.971431: 7059-7fc111937700: cdpl_worker.c:673: in cdpl_wk_heartbeat(): info: first heartbeat in 1 sec
1748033432.988219: 7059-7fc112138700: cdpl_worker.c:528: in cdpl_wk_listen(): debug: ready
1748033432.988230: 7059-7fc112138700: cdpl_worker.c:585: in cdpl_wk_listen(): debug: received ASSIGN message
1748033432.988251: 7059-7fc120a57000: cdpl_worker.c:1092: in cdpl_wk_wait_timeout(): info: starting task T42
1748033432.988268: 7059-7fc120a57000: cdpl_compat_worker.c:597: in cdplWorkerLogInfo(): info: [configOneCellAdaptive { ND2D4 }]
1748033434.228905: 7059-7fc120a57000: cdpl_worker.c:1208: in cdpl_wk_finalize(): info: finishing task T42
1748033465.604905: 7059-7fc112138700: cdpl_worker.c:616: in cdpl_wk_listen(): debug: received RELAY message
1748033465.935012: 7059-7fc112138700: cdpl_worker.c:616: in cdpl_wk_listen(): debug: received RELAY message
1748033466.042244: 7059-7fc112138700: cdpl_worker.c:585: in cdpl_wk_listen(): debug: received ASSIGN message
1748033466.042339: 7059-7fc120a57000: cdpl_worker.c:1092: in cdpl_wk_wait_timeout(): info: starting task T67
1748033466.181578: 7059-7fc120a57000: cdpl_compat_worker.c:597: in cdplWorkerLogInfo(): info: [runOneAcquisitionAdaptive DFCSNQD1 energy__CP__hl__ACQ_1 job_68 ]
1748033467.472741: 7059-7fc120a57000: cdpl_worker.c:1208: in cdpl_wk_finalize(): info: finishing task T67
1748033468.424742: 7059-7fc112138700: cdpl_worker.c:585: in cdpl_wk_listen(): debug: received ASSIGN message
1748033468.424780: 7059-7fc120a57000: cdpl_worker.c:1092: in cdpl_wk_wait_timeout(): info: starting task T92
1748033468.424793: 7059-7fc120a57000: cdpl_compat_worker.c:597: in cdplWorkerLogInfo(): info: [runOneAcquisitionAdaptive DFCSNQD1 energy__SDN__hl__ACQ_1 job_93 ]
1748033472.018728: 7059-7fc120a57000: cdpl_worker.c:1208: in cdpl_wk_finalize(): info: finishing task T92
1748033472.018891: 7059-7fc112138700: cdpl_worker.c:585: in cdpl_wk_listen(): debug: received ASSIGN message
1748033472.018902: 7059-7fc120a57000: cdpl_worker.c:1092: in cdpl_wk_wait_timeout(): info: starting task T108
1748033472.018912: 7059-7fc120a57000: cdpl_compat_worker.c:597: in cdplWorkerLogInfo(): info: [runOneAcquisitionAdaptive DFCSNQD2 Cin__CP__hl__ACQ_2 job_109 ]
1748033476.622740: 7059-7fc120a57000: cdpl_worker.c:1208: in cdpl_wk_finalize(): info: finishing task T108
1748033476.625970: 7059-7fc112138700: cdpl_worker.c:585: in cdpl_wk_listen(): debug: received ASSIGN message
1748033476.633405: 7059-7fc120a57000: cdpl_worker.c:1092: in cdpl_wk_wait_timeout(): info: starting task T121
1748033476.633423: 7059-7fc120a57000: cdpl_compat_worker.c:597: in cdplWorkerLogInfo(): info: [runOneAcquisitionAdaptive DFCSNQD2 leakage_power__ACQ_9 job_122 ]
1748033479.153258: 7059-7fc120a57000: cdpl_worker.c:1208: in cdpl_wk_finalize(): info: finishing task T121
1748033479.153460: 7059-7fc112138700: cdpl_worker.c:585: in cdpl_wk_listen(): debug: received ASSIGN message
1748033479.153469: 7059-7fc120a57000: cdpl_worker.c:1092: in cdpl_wk_wait_timeout(): info: starting task T123
1748033479.153478: 7059-7fc120a57000: cdpl_compat_worker.c:597: in cdplWorkerLogInfo(): info: [runOneAcquisitionAdaptive DFCSNQD2 combined_setup_hold__D__lh__CP__lh__ACQ_1 job_124 ]
1748033551.525657: 7059-7fc120a57000: cdpl_worker.c:1208: in cdpl_wk_finalize(): info: finishing task T123
1748033551.535437: 7059-7fc112138700: cdpl_worker.c:585: in cdpl_wk_listen(): debug: received ASSIGN message
1748033551.535464: 7059-7fc120a57000: cdpl_worker.c:1092: in cdpl_wk_wait_timeout(): info: starting task T356
1748033551.535482: 7059-7fc120a57000: cdpl_compat_worker.c:597: in cdplWorkerLogInfo(): info: [runOneAcquisitionAdaptive OAI21D4 delay__A2__lh__ZN__hl__ACQ_1 job_357 ]
1748033558.727391: 7059-7fc120a57000: cdpl_worker.c:1208: in cdpl_wk_finalize(): info: finishing task T356
1748033558.739836: 7059-7fc112138700: cdpl_worker.c:585: in cdpl_wk_listen(): debug: received ASSIGN message
1748033558.739963: 7059-7fc120a57000: cdpl_worker.c:1092: in cdpl_wk_wait_timeout(): info: starting task T405
1748033558.739974: 7059-7fc120a57000: cdpl_compat_worker.c:597: in cdplWorkerLogInfo(): info: [runOneAcquisitionAdaptive AN2D8 leakage_power__ACQ_1 job_406 ]
1748033561.181124: 7059-7fc120a57000: cdpl_worker.c:1208: in cdpl_wk_finalize(): info: finishing task T405
1748033561.184499: 7059-7fc112138700: cdpl_worker.c:585: in cdpl_wk_listen(): debug: received ASSIGN message
1748033561.184510: 7059-7fc120a57000: cdpl_worker.c:1092: in cdpl_wk_wait_timeout(): info: starting task T420
1748033561.184520: 7059-7fc120a57000: cdpl_compat_worker.c:597: in cdplWorkerLogInfo(): info: [runOneAcquisitionAdaptive AN2XD1 Cin__A1__hl__ACQ_1 job_421 ]
1748033563.858503: 7059-7fc120a57000: cdpl_worker.c:1208: in cdpl_wk_finalize(): info: finishing task T420
1748033563.869489: 7059-7fc112138700: cdpl_worker.c:585: in cdpl_wk_listen(): debug: received ASSIGN message
1748033563.869500: 7059-7fc120a57000: cdpl_worker.c:1092: in cdpl_wk_wait_timeout(): info: starting task T437
1748033563.869515: 7059-7fc120a57000: cdpl_compat_worker.c:597: in cdplWorkerLogInfo(): info: [runOneAcquisitionAdaptive ND2D1 Cin__A2__lh__ACQ_1 job_438 ]
1748033566.551180: 7059-7fc120a57000: cdpl_worker.c:1208: in cdpl_wk_finalize(): info: finishing task T437
1748033566.551531: 7059-7fc112138700: cdpl_worker.c:585: in cdpl_wk_listen(): debug: received ASSIGN message
1748033566.560874: 7059-7fc120a57000: cdpl_worker.c:1092: in cdpl_wk_wait_timeout(): info: starting task T457
1748033566.560893: 7059-7fc120a57000: cdpl_compat_worker.c:597: in cdplWorkerLogInfo(): info: [runOneAcquisitionAdaptive ND2D3 Cin__A2__lh__ACQ_1 job_458 ]
1748033569.319338: 7059-7fc120a57000: cdpl_worker.c:1208: in cdpl_wk_finalize(): info: finishing task T457
1748033569.324998: 7059-7fc112138700: cdpl_worker.c:585: in cdpl_wk_listen(): debug: received ASSIGN message
1748033569.325768: 7059-7fc120a57000: cdpl_worker.c:1092: in cdpl_wk_wait_timeout(): info: starting task T477
1748033569.325784: 7059-7fc120a57000: cdpl_compat_worker.c:597: in cdplWorkerLogInfo(): info: [runOneAcquisitionAdaptive ND2D8 Cin__A2__lh__ACQ_1 job_478 ]
1748033572.428918: 7059-7fc120a57000: cdpl_worker.c:1208: in cdpl_wk_finalize(): info: finishing task T477
1748033572.439745: 7059-7fc112138700: cdpl_worker.c:585: in cdpl_wk_listen(): debug: received ASSIGN message
1748033572.439771: 7059-7fc120a57000: cdpl_worker.c:1092: in cdpl_wk_wait_timeout(): info: starting task T498
1748033572.439783: 7059-7fc120a57000: cdpl_compat_worker.c:597: in cdplWorkerLogInfo(): info: [runOneAcquisitionAdaptive NR2D1 Cin__A1__hl__ACQ_1 job_499 ]
1748033575.177709: 7059-7fc120a57000: cdpl_worker.c:1208: in cdpl_wk_finalize(): info: finishing task T498
1748033575.182681: 7059-7fc112138700: cdpl_worker.c:585: in cdpl_wk_listen(): debug: received ASSIGN message
1748033575.183001: 7059-7fc120a57000: cdpl_worker.c:1092: in cdpl_wk_wait_timeout(): info: starting task T520
1748033575.183015: 7059-7fc120a57000: cdpl_compat_worker.c:597: in cdplWorkerLogInfo(): info: [runOneAcquisitionAdaptive NR2D3 delay__A2__hl__ZN__lh__ACQ_1 job_521 ]
1748033579.932185: 7059-7fc120a57000: cdpl_worker.c:1208: in cdpl_wk_finalize(): info: finishing task T520
1748033579.942521: 7059-7fc112138700: cdpl_worker.c:585: in cdpl_wk_listen(): debug: received ASSIGN message
1748033579.942545: 7059-7fc120a57000: cdpl_worker.c:1092: in cdpl_wk_wait_timeout(): info: starting task T553
1748033579.942563: 7059-7fc120a57000: cdpl_compat_worker.c:597: in cdplWorkerLogInfo(): info: [runOneAcquisitionAdaptive OR2D1 delay__A1__lh__Z__lh__ACQ_1 job_554 ]
1748033584.033068: 7059-7fc120a57000: cdpl_worker.c:1208: in cdpl_wk_finalize(): info: finishing task T553
1748033584.036204: 7059-7fc112138700: cdpl_worker.c:585: in cdpl_wk_listen(): debug: received ASSIGN message
1748033584.036351: 7059-7fc120a57000: cdpl_worker.c:1092: in cdpl_wk_wait_timeout(): info: starting task T580
1748033584.036364: 7059-7fc120a57000: cdpl_compat_worker.c:597: in cdplWorkerLogInfo(): info: [runOneAcquisitionAdaptive OR2D4 Cin__A1__hl__ACQ_1 job_581 ]
1748033587.127073: 7059-7fc120a57000: cdpl_worker.c:1208: in cdpl_wk_finalize(): info: finishing task T580
1748033587.127497: 7059-7fc112138700: cdpl_worker.c:585: in cdpl_wk_listen(): debug: received ASSIGN message
1748033587.127516: 7059-7fc120a57000: cdpl_worker.c:1092: in cdpl_wk_wait_timeout(): info: starting task T603
1748033587.127526: 7059-7fc120a57000: cdpl_compat_worker.c:597: in cdplWorkerLogInfo(): info: [runOneAcquisitionAdaptive XNR2D1 leakage_power__ACQ_1 job_604 ]
1748033589.110632: 7059-7fc120a57000: cdpl_worker.c:1208: in cdpl_wk_finalize(): info: finishing task T603
1748033589.136895: 7059-7fc112138700: cdpl_worker.c:585: in cdpl_wk_listen(): debug: received ASSIGN message
1748033589.137168: 7059-7fc120a57000: cdpl_worker.c:1092: in cdpl_wk_wait_timeout(): info: starting task T614
1748033589.137182: 7059-7fc120a57000: cdpl_compat_worker.c:597: in cdplWorkerLogInfo(): info: [runOneAcquisitionAdaptive XNR2D2 leakage_power__ACQ_2 job_615 ]
1748033591.678763: 7059-7fc120a57000: cdpl_worker.c:1208: in cdpl_wk_finalize(): info: finishing task T614
1748033591.678947: 7059-7fc112138700: cdpl_worker.c:585: in cdpl_wk_listen(): debug: received ASSIGN message
1748033591.679091: 7059-7fc120a57000: cdpl_worker.c:1092: in cdpl_wk_wait_timeout(): info: starting task T621
1748033591.679102: 7059-7fc120a57000: cdpl_compat_worker.c:597: in cdplWorkerLogInfo(): info: [runOneAcquisitionAdaptive XNR2D4 delay__A2__lh__ZN__lh__ACQ_1 job_622 ]
1748033600.988716: 7059-7fc120a57000: cdpl_worker.c:1208: in cdpl_wk_finalize(): info: finishing task T621
1748033601.004370: 7059-7fc112138700: cdpl_worker.c:585: in cdpl_wk_listen(): debug: received ASSIGN message
1748033601.004383: 7059-7fc120a57000: cdpl_worker.c:1092: in cdpl_wk_wait_timeout(): info: starting task T664
1748033601.004392: 7059-7fc120a57000: cdpl_compat_worker.c:597: in cdplWorkerLogInfo(): info: [runOneAcquisitionAdaptive BUFFD0 delay__I__hl__Z__hl__ACQ_1 job_665 ]
1748033605.295501: 7059-7fc120a57000: cdpl_worker.c:1208: in cdpl_wk_finalize(): info: finishing task T664
1748033605.306451: 7059-7fc112138700: cdpl_worker.c:585: in cdpl_wk_listen(): debug: received ASSIGN message
1748033605.306463: 7059-7fc120a57000: cdpl_worker.c:1092: in cdpl_wk_wait_timeout(): info: starting task T693
1748033605.306474: 7059-7fc120a57000: cdpl_compat_worker.c:597: in cdplWorkerLogInfo(): info: [runOneAcquisitionAdaptive BUFFD8 leakage_power__ACQ_1 job_694 ]
1748033607.484422: 7059-7fc120a57000: cdpl_worker.c:1208: in cdpl_wk_finalize(): info: finishing task T693
1748033607.484744: 7059-7fc112138700: cdpl_worker.c:585: in cdpl_wk_listen(): debug: received ASSIGN message
1748033607.484762: 7059-7fc120a57000: cdpl_worker.c:1092: in cdpl_wk_wait_timeout(): info: starting task T708
1748033607.484774: 7059-7fc120a57000: cdpl_compat_worker.c:597: in cdplWorkerLogInfo(): info: [runOneAcquisitionAdaptive INVD12 delay__I__hl__ZN__lh__ACQ_1 job_709 ]
1748033613.229868: 7059-7fc120a57000: cdpl_worker.c:1208: in cdpl_wk_finalize(): info: finishing task T708
1748033620.406786: 7059-7fc112138700: cdpl_worker.c:616: in cdpl_wk_listen(): debug: received RELAY message
1748033620.865075: 7059-7fc112138700: cdpl_worker.c:585: in cdpl_wk_listen(): debug: received ASSIGN message
1748033620.865132: 7059-7fc120a57000: cdpl_worker.c:1092: in cdpl_wk_wait_timeout(): info: starting task T745
1748033620.935601: 7059-7fc120a57000: cdpl_compat_worker.c:597: in cdplWorkerLogInfo(): info: [modelOneCellAdaptive {AOI21D0 }]
1748033623.157376: 7059-7fc120a57000: cdpl_worker.c:1208: in cdpl_wk_finalize(): info: finishing task T745
1748033623.442431: 7059-7fc112138700: cdpl_worker.c:585: in cdpl_wk_listen(): debug: received ASSIGN message
1748033623.442460: 7059-7fc120a57000: cdpl_worker.c:1092: in cdpl_wk_wait_timeout(): info: starting task T767
1748033623.442483: 7059-7fc120a57000: cdpl_compat_worker.c:597: in cdplWorkerLogInfo(): info: [modelOneCellAdaptive {ND2D4 }]
1748033627.004549: 7059-7fc120a57000: cdpl_worker.c:1208: in cdpl_wk_finalize(): info: finishing task T767
1748033627.021436: 7059-7fc112138700: cdpl_worker.c:585: in cdpl_wk_listen(): debug: received ASSIGN message
1748033627.021481: 7059-7fc120a57000: cdpl_worker.c:1092: in cdpl_wk_wait_timeout(): info: starting task T791
1748033627.021498: 7059-7fc120a57000: cdpl_compat_worker.c:597: in cdplWorkerLogInfo(): info: [modelOneCellAdaptive {BUFFD2 }]
1748033629.383937: 7059-7fc120a57000: cdpl_worker.c:1208: in cdpl_wk_finalize(): info: finishing task T791
1748033655.399140: 7059-7fc112138700: cdpl_worker.c:616: in cdpl_wk_listen(): debug: received RELAY message
1748033655.427066: 7059-7fc112939700: cdpl_ipc.c:606: in _readv(): warning: read(): EOF
1748033655.427107: 7059-7fc112939700: cdpl_ipc.c:1462: in _epoll_recv(): debug: _readv(): Broken pipe
1748033655.427114: 7059-7fc112939700: cdpl_ipc.c:1683: in _epoll_main(): debug: _epoll_recv(): Broken pipe
1748033655.427131: 7059-7fc112939700: cdpl_ipc.c:1061: in _host_drop__UNSAFE(): debug: dropping host `128.54.67.138:38320'
1748033655.427225: 7059-7fc112138700: cdpl_worker.c:561: in cdpl_wk_listen(): debug: received DROP notification
1748033655.427250: 7059-7fc112138700: cdpl_worker.c:565: in cdpl_wk_listen(): debug: we were dropped by the server
1748033655.427258: 7059-7fc112138700: cdpl_worker.c:492: in _wk_kill(): debug: killing worker
1748033655.427265: 7059-7fc112138700: cdpl_ipc.c:2481: in cdpl_ipc_kill(): debug: stopping event server
1748033655.427290: 7059-7fc112138700: cdpl_worker.c:542: in cdpl_wk_listen(): debug: leaving now
1748033655.427479: 7059-7fc120a57000: cdpl_compat_worker.c:597: in cdplWorkerLogInfo(): info: [Worker shutdown. Code: 3]
1748033655.428636: 7059-7fc112939700: cdpl_ipc.c:1720: in _epoll_main(): debug: server going down...
1748033655.433841: 7059-7fc120a57000: cdpl_worker.c:856: in _wk_shutdown(): debug: waiting for heartbeat thread
1748033655.437082: 7059-7fc111937700: cdpl_worker.c:709: in cdpl_wk_heartbeat(): info: stopping heartbeat
1748033655.437144: 7059-7fc120a57000: cdpl_ipc.c:1781: in cdpl_ipc_host_release(): debug: releasing host `128.54.67.138:38320'
1748033655.437164: 7059-7fc120a57000: cdpl_ipc.c:2532: in cdpl_ipc_free(): debug: releasing IPC handle
1748033655.437167: 7059-7fc120a57000: cdpl_ipc.c:986: in _host_free__UNSAFE(): debug: freeing host `128.54.67.138:38320'
1748033655.437171: 7059-7fc120a57000: cdpl_ipc.c:1028: in _host_free__UNSAFE(): debug: [0 outq, 0 spR, 0 spW]
1748033655.437186: 7059-7fc120a57000: cdpl_ipc.c:2571: in cdpl_ipc_free(): debug: done
1748033655.437190: 7059-7fc120a57000: cdpl_worker.c:912: in cdpl_wk_free(): info: freed
1748033655.437193: 7059-7fc120a57000: cdpl_log.c:359: in cdpl_log_close(): debug: @@end_of_log@@
