1748033431.047823: 6948-7fabf2082000: cdpl_log.c:221: in cdpl_log_open(): debug: @@start_of_log@@
1748033431.047895: 6948-7fabf2082000: cdpl_log.c:729: in cdpl_log_dump_sysinfo(): info: time: 2025/05/23 13:50:31 PDT -0700
1748033431.047905: 6948-7fabf2082000: cdpl_log.c:731: in cdpl_log_dump_sysinfo(): info: version: L_2016.03_SP2_PROD_CDPL 
1748033431.047913: 6948-7fabf2082000: cdpl_log.c:736: in cdpl_log_dump_sysinfo(): info: system: Linux 3.10.0-1160.119.1.el7.x86_64 #1 SMP Tue Jun 4 14:43:51 UTC 2024
1748033431.047919: 6948-7fabf2082000: cdpl_log.c:740: in cdpl_log_dump_sysinfo(): info: processor: x86_64 64-bits
1748033431.047925: 6948-7fabf2082000: cdpl_log.c:742: in cdpl_log_dump_sysinfo(): info: hostname: ieng6-ece-08.ucsd.edu
1748033431.047931: 6948-7fabf2082000: cdpl_log.c:223: in cdpl_log_open(): debug: path: /home/linux/ieng6/cs241asp25/cs241asp25bu/lab5/run_siliconsmart/LIB_FF_1.1_-40_ALL/runtime/cdpl/worker.W11.ieng6-ece-08.ucsd.edu.6948.log
1748033431.047939: 6948-7fabf2082000: cdpl_log.c:224: in cdpl_log_open(): debug: dir: /home/linux/ieng6/cs241asp25/cs241asp25bu/lab5/run_siliconsmart/LIB_FF_1.1_-40_ALL/runtime/cdpl
1748033431.047953: 6948-7fabf2082000: cdpl_worker.c:728: in cdpl_wk_new(): info: creating worker instance
1748033431.049974: 6948-7fabf2082000: cdpl_worker.c:925: in cdpl_wk_start(): debug: starting worker
1748033431.049994: 6948-7fabf2082000: cdpl_worker.c:276: in cdpl_wk_setup(): info: CDPL_SERVER is "128.54.67.138:38320"
1748033431.050003: 6948-7fabf2082000: cdpl_worker.c:299: in cdpl_wk_setup(): info: server 128.54.67.138, port 38320
1748033431.050010: 6948-7fabf2082000: cdpl_worker.c:319: in cdpl_wk_setup(): info: CDPL_ID is "11:1:1:1:1244849655"
1748033431.050030: 6948-7fabf2082000: cdpl_worker.c:361: in cdpl_wk_setup(): info: we are W11-B1-J1-M1-S1244849655
1748033431.050037: 6948-7fabf2082000: cdpl_worker.c:363: in cdpl_wk_setup(): info: we are on host ieng6-ece-08.ucsd.edu
1748033431.050042: 6948-7fabf2082000: cdpl_worker.c:372: in cdpl_wk_daemonize(): debug: will *not* daemonize
1748033431.050050: 6948-7fabf2082000: cdpl_ipc.c:2593: in cdpl_ipc_connect(): info: connecting to 128.54.67.138:38320
1748033431.050200: 6948-7fabf2082000: cdpl_ipc.c:2659: in cdpl_ipc_connect(): info: connected as `128.54.67.138:50946'
1748033431.050232: 6948-7fabf2082000: cdpl_ipc.c:1763: in cdpl_ipc_host_accept(): debug: accepted host `128.54.67.138:38320'
1748033431.050249: 6948-7fabf2082000: cdpl_ipc.c:2436: in cdpl_ipc_start(): debug: starting IPC server 128.54.67.138:39962
1748033431.050538: 6948-7fabf2082000: cdpl_compat_worker.c:148: in cdplStartWorker(): info: SNPSLMD_LICENSE_FILE is 1705@its-flexlm-lnx4.ucsd.edu:1705@acms-flexlm-lnx4.ucsd.edu,1705@acms-flexlm-lnx5.ucsd.edu,1705@acms-flexlm-lnx6.ucsd.edu
1748033431.050581: 6948-7fabe3763700: cdpl_worker.c:528: in cdpl_wk_listen(): debug: ready
1748033431.050664: 6948-7fabe2f62700: cdpl_worker.c:656: in cdpl_wk_heartbeat(): debug: starting heartbeat
1748033431.050682: 6948-7fabe2f62700: cdpl_worker.c:665: in cdpl_wk_heartbeat(): info: setting heartbeat period to 60 sec
1748033431.050688: 6948-7fabe2f62700: cdpl_worker.c:673: in cdpl_wk_heartbeat(): info: first heartbeat in 1 sec
1748033431.050701: 6948-7fabf2082000: cdpl_compat_worker.c:597: in cdplWorkerLogInfo(): info: [Maximum lifespan of worker is set to 1200m]
1748033431.050806: 6948-7fabf2082000: cdpl_compat_worker.c:597: in cdplWorkerLogInfo(): info: [Peak virtual memory is set to 128GB]
1748033431.806535: 6948-7fabe3763700: cdpl_worker.c:585: in cdpl_wk_listen(): debug: received ASSIGN message
1748033431.806572: 6948-7fabf2082000: cdpl_worker.c:1092: in cdpl_wk_wait_timeout(): info: starting task T28
1748033431.806608: 6948-7fabf2082000: cdpl_compat_worker.c:597: in cdplWorkerLogInfo(): info: [configOneCellAdaptive { INVD24 }]
1748033432.147273: 6948-7fabf2082000: cdpl_worker.c:1208: in cdpl_wk_finalize(): info: finishing task T28
1748033432.147678: 6948-7fabe3763700: cdpl_worker.c:585: in cdpl_wk_listen(): debug: received ASSIGN message
1748033432.147721: 6948-7fabf2082000: cdpl_worker.c:1092: in cdpl_wk_wait_timeout(): info: starting task T37
1748033432.147740: 6948-7fabf2082000: cdpl_compat_worker.c:597: in cdplWorkerLogInfo(): info: [configOneCellAdaptive { MUX2D4 }]
1748033433.976401: 6948-7fabf2082000: cdpl_worker.c:1208: in cdpl_wk_finalize(): info: finishing task T37
1748033433.987941: 6948-7fabe3763700: cdpl_worker.c:585: in cdpl_wk_listen(): debug: received ASSIGN message
1748033433.987954: 6948-7fabf2082000: cdpl_worker.c:1092: in cdpl_wk_wait_timeout(): info: starting task T55
1748033433.987965: 6948-7fabf2082000: cdpl_compat_worker.c:597: in cdplWorkerLogInfo(): info: [configOneCellAdaptive { OR2D1 }]
1748033434.713823: 6948-7fabf2082000: cdpl_worker.c:1208: in cdpl_wk_finalize(): info: finishing task T55
1748033465.604586: 6948-7fabe3763700: cdpl_worker.c:616: in cdpl_wk_listen(): debug: received RELAY message
1748033465.934825: 6948-7fabe3763700: cdpl_worker.c:616: in cdpl_wk_listen(): debug: received RELAY message
1748033466.755413: 6948-7fabe3763700: cdpl_worker.c:585: in cdpl_wk_listen(): debug: received ASSIGN message
1748033466.755430: 6948-7fabf2082000: cdpl_worker.c:1092: in cdpl_wk_wait_timeout(): info: starting task T74
1748033467.135630: 6948-7fabf2082000: cdpl_compat_worker.c:597: in cdplWorkerLogInfo(): info: [runOneAcquisitionAdaptive DFCSNQD1 Cin__CP__hl__ACQ_2 job_75 ]
1748033470.017932: 6948-7fabf2082000: cdpl_worker.c:1208: in cdpl_wk_finalize(): info: finishing task T74
1748033470.024903: 6948-7fabe3763700: cdpl_worker.c:585: in cdpl_wk_listen(): debug: received ASSIGN message
1748033470.035333: 6948-7fabf2082000: cdpl_worker.c:1092: in cdpl_wk_wait_timeout(): info: starting task T99
1748033470.035355: 6948-7fabf2082000: cdpl_compat_worker.c:597: in cdplWorkerLogInfo(): info: [runOneAcquisitionAdaptive DFCSNQD1 delay__CP__lh__Q__hl__ACQ_1 job_100 ]
1748033485.585812: 6948-7fabf2082000: cdpl_worker.c:1208: in cdpl_wk_finalize(): info: finishing task T99
1748033485.593735: 6948-7fabe3763700: cdpl_worker.c:585: in cdpl_wk_listen(): debug: received ASSIGN message
1748033485.593781: 6948-7fabf2082000: cdpl_worker.c:1092: in cdpl_wk_wait_timeout(): info: starting task T129
1748033485.593794: 6948-7fabf2082000: cdpl_compat_worker.c:597: in cdplWorkerLogInfo(): info: [runOneAcquisitionAdaptive DFCSNQD2 Cin__SDN__lh__ACQ_1 job_130 ]
1748033490.241405: 6948-7fabf2082000: cdpl_worker.c:1208: in cdpl_wk_finalize(): info: finishing task T129
1748033490.250816: 6948-7fabe3763700: cdpl_worker.c:585: in cdpl_wk_listen(): debug: received ASSIGN message
1748033490.250843: 6948-7fabf2082000: cdpl_worker.c:1092: in cdpl_wk_wait_timeout(): info: starting task T137
1748033490.250859: 6948-7fabf2082000: cdpl_compat_worker.c:597: in cdplWorkerLogInfo(): info: [runOneAcquisitionAdaptive DFCSNQD4 delay__CDN__hl__Q__hl__ACQ_1 job_138 ]
1748033500.975627: 6948-7fabf2082000: cdpl_worker.c:1208: in cdpl_wk_finalize(): info: finishing task T137
1748033501.034070: 6948-7fabe3763700: cdpl_worker.c:585: in cdpl_wk_listen(): debug: received ASSIGN message
1748033501.038324: 6948-7fabf2082000: cdpl_worker.c:1092: in cdpl_wk_wait_timeout(): info: starting task T159
1748033501.038343: 6948-7fabf2082000: cdpl_compat_worker.c:597: in cdplWorkerLogInfo(): info: [runOneAcquisitionAdaptive DFCSNQD4 energy__SDN__lh__ACQ_1 job_160 ]
1748033504.515467: 6948-7fabf2082000: cdpl_worker.c:1208: in cdpl_wk_finalize(): info: finishing task T159
1748033504.515616: 6948-7fabe3763700: cdpl_worker.c:585: in cdpl_wk_listen(): debug: received ASSIGN message
1748033504.515636: 6948-7fabf2082000: cdpl_worker.c:1092: in cdpl_wk_wait_timeout(): info: starting task T167
1748033504.515647: 6948-7fabf2082000: cdpl_compat_worker.c:597: in cdplWorkerLogInfo(): info: [runOneAcquisitionAdaptive DFCSNQD4 delay__CP__lh__Q__hl__ACQ_1 job_168 ]
1748033521.735750: 6948-7fabf2082000: cdpl_worker.c:1208: in cdpl_wk_finalize(): info: finishing task T167
1748033521.737988: 6948-7fabe3763700: cdpl_worker.c:585: in cdpl_wk_listen(): debug: received ASSIGN message
1748033521.738000: 6948-7fabf2082000: cdpl_worker.c:1092: in cdpl_wk_wait_timeout(): info: starting task T209
1748033521.738012: 6948-7fabf2082000: cdpl_compat_worker.c:597: in cdplWorkerLogInfo(): info: [runOneAcquisitionAdaptive AOI21D1 delay__A2__hl__ZN__lh__ACQ_1 job_210 ]
1748033526.453684: 6948-7fabf2082000: cdpl_worker.c:1208: in cdpl_wk_finalize(): info: finishing task T209
1748033526.458554: 6948-7fabe3763700: cdpl_worker.c:585: in cdpl_wk_listen(): debug: received ASSIGN message
1748033526.459905: 6948-7fabf2082000: cdpl_worker.c:1092: in cdpl_wk_wait_timeout(): info: starting task T228
1748033526.460001: 6948-7fabf2082000: cdpl_compat_worker.c:597: in cdplWorkerLogInfo(): info: [runOneAcquisitionAdaptive AOI21D4 Cin__A1__lh__ACQ_1 job_229 ]
1748033529.420515: 6948-7fabf2082000: cdpl_worker.c:1208: in cdpl_wk_finalize(): info: finishing task T228
1748033529.420690: 6948-7fabe3763700: cdpl_worker.c:585: in cdpl_wk_listen(): debug: received ASSIGN message
1748033529.424921: 6948-7fabf2082000: cdpl_worker.c:1092: in cdpl_wk_wait_timeout(): info: starting task T242
1748033529.424941: 6948-7fabf2082000: cdpl_compat_worker.c:597: in cdplWorkerLogInfo(): info: [runOneAcquisitionAdaptive MUX2D0 delay__I0__hl__Z__hl__ACQ_1 job_243 ]
1748033535.547935: 6948-7fabf2082000: cdpl_worker.c:1208: in cdpl_wk_finalize(): info: finishing task T242
1748033535.558481: 6948-7fabe3763700: cdpl_worker.c:585: in cdpl_wk_listen(): debug: received ASSIGN message
1748033535.558493: 6948-7fabf2082000: cdpl_worker.c:1092: in cdpl_wk_wait_timeout(): info: starting task T268
1748033535.558502: 6948-7fabf2082000: cdpl_compat_worker.c:597: in cdplWorkerLogInfo(): info: [runOneAcquisitionAdaptive MUX2D1 delay__S__lh__Z__hl__ACQ_1 job_269 ]
1748033540.863506: 6948-7fabf2082000: cdpl_worker.c:1208: in cdpl_wk_finalize(): info: finishing task T268
1748033540.866779: 6948-7fabe3763700: cdpl_worker.c:585: in cdpl_wk_listen(): debug: received ASSIGN message
1748033540.866818: 6948-7fabf2082000: cdpl_worker.c:1092: in cdpl_wk_wait_timeout(): info: starting task T293
1748033540.866834: 6948-7fabf2082000: cdpl_compat_worker.c:597: in cdplWorkerLogInfo(): info: [runOneAcquisitionAdaptive MUX2D4 Cin__I1__lh__ACQ_1 job_294 ]
1748033543.101738: 6948-7fabf2082000: cdpl_worker.c:1208: in cdpl_wk_finalize(): info: finishing task T293
1748033543.101947: 6948-7fabe3763700: cdpl_worker.c:585: in cdpl_wk_listen(): debug: received ASSIGN message
1748033543.101955: 6948-7fabf2082000: cdpl_worker.c:1092: in cdpl_wk_wait_timeout(): info: starting task T305
1748033543.101963: 6948-7fabf2082000: cdpl_compat_worker.c:597: in cdplWorkerLogInfo(): info: [runOneAcquisitionAdaptive OAI21D0 Cin__A2__hl__ACQ_1 job_306 ]
1748033545.151626: 6948-7fabf2082000: cdpl_worker.c:1208: in cdpl_wk_finalize(): info: finishing task T305
1748033545.151792: 6948-7fabe3763700: cdpl_worker.c:585: in cdpl_wk_listen(): debug: received ASSIGN message
1748033545.151800: 6948-7fabf2082000: cdpl_worker.c:1092: in cdpl_wk_wait_timeout(): info: starting task T319
1748033545.151807: 6948-7fabf2082000: cdpl_compat_worker.c:597: in cdplWorkerLogInfo(): info: [runOneAcquisitionAdaptive OAI21D1 Cin__A2__hl__ACQ_1 job_320 ]
1748033546.873877: 6948-7fabf2082000: cdpl_worker.c:1208: in cdpl_wk_finalize(): info: finishing task T319
1748033546.890626: 6948-7fabe3763700: cdpl_worker.c:585: in cdpl_wk_listen(): debug: received ASSIGN message
1748033546.897373: 6948-7fabf2082000: cdpl_worker.c:1092: in cdpl_wk_wait_timeout(): info: starting task T326
1748033546.897392: 6948-7fabf2082000: cdpl_compat_worker.c:597: in cdplWorkerLogInfo(): info: [runOneAcquisitionAdaptive OAI21D1 Cin__A2__lh__ACQ_1 job_327 ]
1748033548.739874: 6948-7fabf2082000: cdpl_worker.c:1208: in cdpl_wk_finalize(): info: finishing task T326
1748033548.753582: 6948-7fabe3763700: cdpl_worker.c:585: in cdpl_wk_listen(): debug: received ASSIGN message
1748033548.754442: 6948-7fabf2082000: cdpl_worker.c:1092: in cdpl_wk_wait_timeout(): info: starting task T337
1748033548.754460: 6948-7fabf2082000: cdpl_compat_worker.c:597: in cdplWorkerLogInfo(): info: [runOneAcquisitionAdaptive OAI21D2 delay__A1__lh__ZN__hl__ACQ_1 job_338 ]
1748033553.962153: 6948-7fabf2082000: cdpl_worker.c:1208: in cdpl_wk_finalize(): info: finishing task T337
1748033553.965706: 6948-7fabe3763700: cdpl_worker.c:585: in cdpl_wk_listen(): debug: received ASSIGN message
1748033553.965755: 6948-7fabf2082000: cdpl_worker.c:1092: in cdpl_wk_wait_timeout(): info: starting task T371
1748033553.965767: 6948-7fabf2082000: cdpl_compat_worker.c:597: in cdplWorkerLogInfo(): info: [runOneAcquisitionAdaptive AN2D1 Cin__A2__hl__ACQ_1 job_372 ]
1748033556.197080: 6948-7fabf2082000: cdpl_worker.c:1208: in cdpl_wk_finalize(): info: finishing task T371
1748033556.206294: 6948-7fabe3763700: cdpl_worker.c:585: in cdpl_wk_listen(): debug: received ASSIGN message
1748033556.206339: 6948-7fabf2082000: cdpl_worker.c:1092: in cdpl_wk_wait_timeout(): info: starting task T383
1748033556.206351: 6948-7fabf2082000: cdpl_compat_worker.c:597: in cdplWorkerLogInfo(): info: [runOneAcquisitionAdaptive AN2D2 delay__A1__lh__Z__lh__ACQ_1 job_384 ]
1748033559.723125: 6948-7fabf2082000: cdpl_worker.c:1208: in cdpl_wk_finalize(): info: finishing task T383
1748033559.732000: 6948-7fabe3763700: cdpl_worker.c:585: in cdpl_wk_listen(): debug: received ASSIGN message
1748033559.732014: 6948-7fabf2082000: cdpl_worker.c:1092: in cdpl_wk_wait_timeout(): info: starting task T409
1748033559.732025: 6948-7fabf2082000: cdpl_compat_worker.c:597: in cdplWorkerLogInfo(): info: [runOneAcquisitionAdaptive AN2D8 Cin__A2__lh__ACQ_1 job_410 ]
1748033562.935228: 6948-7fabf2082000: cdpl_worker.c:1208: in cdpl_wk_finalize(): info: finishing task T409
1748033562.935435: 6948-7fabe3763700: cdpl_worker.c:585: in cdpl_wk_listen(): debug: received ASSIGN message
1748033562.935446: 6948-7fabf2082000: cdpl_worker.c:1092: in cdpl_wk_wait_timeout(): info: starting task T429
1748033562.935455: 6948-7fabf2082000: cdpl_compat_worker.c:597: in cdplWorkerLogInfo(): info: [runOneAcquisitionAdaptive ND2D0 delay__A2__lh__ZN__hl__ACQ_1 job_430 ]
1748033566.957267: 6948-7fabf2082000: cdpl_worker.c:1208: in cdpl_wk_finalize(): info: finishing task T429
1748033566.957437: 6948-7fabe3763700: cdpl_worker.c:585: in cdpl_wk_listen(): debug: received ASSIGN message
1748033566.957446: 6948-7fabf2082000: cdpl_worker.c:1092: in cdpl_wk_wait_timeout(): info: starting task T460
1748033566.957453: 6948-7fabf2082000: cdpl_compat_worker.c:597: in cdplWorkerLogInfo(): info: [runOneAcquisitionAdaptive ND2D3 delay__A2__hl__ZN__lh__ACQ_1 job_461 ]
1748033571.666011: 6948-7fabf2082000: cdpl_worker.c:1208: in cdpl_wk_finalize(): info: finishing task T460
1748033571.674135: 6948-7fabe3763700: cdpl_worker.c:585: in cdpl_wk_listen(): debug: received ASSIGN message
1748033571.674256: 6948-7fabf2082000: cdpl_worker.c:1092: in cdpl_wk_wait_timeout(): info: starting task T494
1748033571.674268: 6948-7fabf2082000: cdpl_compat_worker.c:597: in cdplWorkerLogInfo(): info: [runOneAcquisitionAdaptive NR2D1 leakage_power__ACQ_2 job_495 ]
1748033574.467859: 6948-7fabf2082000: cdpl_worker.c:1208: in cdpl_wk_finalize(): info: finishing task T494
1748033574.489379: 6948-7fabe3763700: cdpl_worker.c:585: in cdpl_wk_listen(): debug: received ASSIGN message
1748033574.489466: 6948-7fabf2082000: cdpl_worker.c:1092: in cdpl_wk_wait_timeout(): info: starting task T510
1748033574.489479: 6948-7fabf2082000: cdpl_compat_worker.c:597: in cdplWorkerLogInfo(): info: [runOneAcquisitionAdaptive NR2D2 delay__A2__hl__ZN__lh__ACQ_1 job_511 ]
1748033578.640143: 6948-7fabf2082000: cdpl_worker.c:1208: in cdpl_wk_finalize(): info: finishing task T510
1748033578.642599: 6948-7fabe3763700: cdpl_worker.c:585: in cdpl_wk_listen(): debug: received ASSIGN message
1748033578.642640: 6948-7fabf2082000: cdpl_worker.c:1092: in cdpl_wk_wait_timeout(): info: starting task T544
1748033578.642653: 6948-7fabf2082000: cdpl_compat_worker.c:597: in cdplWorkerLogInfo(): info: [runOneAcquisitionAdaptive OR2D0 delay__A1__hl__Z__hl__ACQ_1 job_545 ]
1748033583.637929: 6948-7fabf2082000: cdpl_worker.c:1208: in cdpl_wk_finalize(): info: finishing task T544
1748033583.655298: 6948-7fabe3763700: cdpl_worker.c:585: in cdpl_wk_listen(): debug: received ASSIGN message
1748033583.655352: 6948-7fabf2082000: cdpl_worker.c:1092: in cdpl_wk_wait_timeout(): info: starting task T576
1748033583.655365: 6948-7fabf2082000: cdpl_compat_worker.c:597: in cdplWorkerLogInfo(): info: [runOneAcquisitionAdaptive OR2D4 leakage_power__ACQ_2 job_577 ]
1748033586.105728: 6948-7fabf2082000: cdpl_worker.c:1208: in cdpl_wk_finalize(): info: finishing task T576
1748033586.105870: 6948-7fabe3763700: cdpl_worker.c:585: in cdpl_wk_listen(): debug: received ASSIGN message
1748033586.105881: 6948-7fabf2082000: cdpl_worker.c:1092: in cdpl_wk_wait_timeout(): info: starting task T595
1748033586.105890: 6948-7fabf2082000: cdpl_compat_worker.c:597: in cdplWorkerLogInfo(): info: [runOneAcquisitionAdaptive XNR2D0 delay__A1__lh__ZN__hl__ACQ_1 job_596 ]
1748033592.238366: 6948-7fabf2082000: cdpl_worker.c:1208: in cdpl_wk_finalize(): info: finishing task T595
1748033592.249517: 6948-7fabe3763700: cdpl_worker.c:585: in cdpl_wk_listen(): debug: received ASSIGN message
1748033592.249532: 6948-7fabf2082000: cdpl_worker.c:1092: in cdpl_wk_wait_timeout(): info: starting task T624
1748033592.249542: 6948-7fabf2082000: cdpl_compat_worker.c:597: in cdplWorkerLogInfo(): info: [runOneAcquisitionAdaptive XNR2D4 leakage_power__ACQ_2 job_625 ]
1748033594.386945: 6948-7fabf2082000: cdpl_worker.c:1208: in cdpl_wk_finalize(): info: finishing task T624
1748033594.387116: 6948-7fabe3763700: cdpl_worker.c:585: in cdpl_wk_listen(): debug: received ASSIGN message
1748033594.397393: 6948-7fabf2082000: cdpl_worker.c:1092: in cdpl_wk_wait_timeout(): info: starting task T639
1748033594.397412: 6948-7fabf2082000: cdpl_compat_worker.c:597: in cdplWorkerLogInfo(): info: [runOneAcquisitionAdaptive XOR2D0 delay__A2__lh__Z__hl__ACQ_1 job_640 ]
1748033600.415884: 6948-7fabf2082000: cdpl_worker.c:1208: in cdpl_wk_finalize(): info: finishing task T639
1748033600.433429: 6948-7fabe3763700: cdpl_worker.c:585: in cdpl_wk_listen(): debug: received ASSIGN message
1748033600.433446: 6948-7fabf2082000: cdpl_worker.c:1092: in cdpl_wk_wait_timeout(): info: starting task T659
1748033600.433457: 6948-7fabf2082000: cdpl_compat_worker.c:597: in cdplWorkerLogInfo(): info: [runOneAcquisitionAdaptive XOR2D2 delay__A2__lh__Z__hl__ACQ_1 job_660 ]
1748033604.511664: 6948-7fabf2082000: cdpl_worker.c:1208: in cdpl_wk_finalize(): info: finishing task T659
1748033604.524477: 6948-7fabe3763700: cdpl_worker.c:585: in cdpl_wk_listen(): debug: received ASSIGN message
1748033604.524491: 6948-7fabf2082000: cdpl_worker.c:1092: in cdpl_wk_wait_timeout(): info: starting task T688
1748033604.524502: 6948-7fabf2082000: cdpl_compat_worker.c:597: in cdplWorkerLogInfo(): info: [runOneAcquisitionAdaptive BUFFD4 delay__I__hl__Z__hl__ACQ_1 job_689 ]
1748033609.596510: 6948-7fabf2082000: cdpl_worker.c:1208: in cdpl_wk_finalize(): info: finishing task T688
1748033609.598715: 6948-7fabe3763700: cdpl_worker.c:585: in cdpl_wk_listen(): debug: received ASSIGN message
1748033609.598727: 6948-7fabf2082000: cdpl_worker.c:1092: in cdpl_wk_wait_timeout(): info: starting task T722
1748033609.598736: 6948-7fabf2082000: cdpl_compat_worker.c:597: in cdplWorkerLogInfo(): info: [runOneAcquisitionAdaptive INVD24 leakage_power__ACQ_2 job_723 ]
1748033611.752220: 6948-7fabf2082000: cdpl_worker.c:1208: in cdpl_wk_finalize(): info: finishing task T722
1748033611.752452: 6948-7fabe3763700: cdpl_worker.c:585: in cdpl_wk_listen(): debug: received ASSIGN message
1748033611.752471: 6948-7fabf2082000: cdpl_worker.c:1092: in cdpl_wk_wait_timeout(): info: starting task T734
1748033611.752482: 6948-7fabf2082000: cdpl_compat_worker.c:597: in cdplWorkerLogInfo(): info: [runOneAcquisitionAdaptive INVD6 leakage_power__ACQ_2 job_735 ]
1748033613.808728: 6948-7fabf2082000: cdpl_worker.c:1208: in cdpl_wk_finalize(): info: finishing task T734
1748033620.406522: 6948-7fabe3763700: cdpl_worker.c:616: in cdpl_wk_listen(): debug: received RELAY message
1748033621.438330: 6948-7fabe3763700: cdpl_worker.c:585: in cdpl_wk_listen(): debug: received ASSIGN message
1748033621.439325: 6948-7fabf2082000: cdpl_worker.c:1092: in cdpl_wk_wait_timeout(): info: starting task T750
1748033621.602426: 6948-7fabf2082000: cdpl_compat_worker.c:597: in cdplWorkerLogInfo(): info: [modelOneCellAdaptive {MUX2D1 }]
1748033625.089215: 6948-7fabf2082000: cdpl_worker.c:1208: in cdpl_wk_finalize(): info: finishing task T750
1748033625.099955: 6948-7fabe3763700: cdpl_worker.c:585: in cdpl_wk_listen(): debug: received ASSIGN message
1748033625.099984: 6948-7fabf2082000: cdpl_worker.c:1092: in cdpl_wk_wait_timeout(): info: starting task T776
1748033625.099997: 6948-7fabf2082000: cdpl_compat_worker.c:597: in cdplWorkerLogInfo(): info: [modelOneCellAdaptive {OR2D1 }]
1748033628.522466: 6948-7fabf2082000: cdpl_worker.c:1208: in cdpl_wk_finalize(): info: finishing task T776
1748033628.543956: 6948-7fabe3763700: cdpl_worker.c:585: in cdpl_wk_listen(): debug: received ASSIGN message
1748033628.548231: 6948-7fabf2082000: cdpl_worker.c:1092: in cdpl_wk_wait_timeout(): info: starting task T804
1748033628.548249: 6948-7fabf2082000: cdpl_compat_worker.c:597: in cdplWorkerLogInfo(): info: [modelOneCellAdaptive {INVD4 }]
1748033629.997132: 6948-7fabf2082000: cdpl_worker.c:1208: in cdpl_wk_finalize(): info: finishing task T804
1748033655.398651: 6948-7fabe3763700: cdpl_worker.c:616: in cdpl_wk_listen(): debug: received RELAY message
1748033655.427940: 6948-7fabe3f64700: cdpl_ipc.c:606: in _readv(): warning: read(): EOF
1748033655.427992: 6948-7fabe3f64700: cdpl_ipc.c:1462: in _epoll_recv(): debug: _readv(): Broken pipe
1748033655.428003: 6948-7fabe3f64700: cdpl_ipc.c:1683: in _epoll_main(): debug: _epoll_recv(): Broken pipe
1748033655.428019: 6948-7fabe3f64700: cdpl_ipc.c:1061: in _host_drop__UNSAFE(): debug: dropping host `128.54.67.138:38320'
1748033655.428223: 6948-7fabe3763700: cdpl_worker.c:561: in cdpl_wk_listen(): debug: received DROP notification
1748033655.428234: 6948-7fabe3763700: cdpl_worker.c:565: in cdpl_wk_listen(): debug: we were dropped by the server
1748033655.428238: 6948-7fabe3763700: cdpl_worker.c:492: in _wk_kill(): debug: killing worker
1748033655.428242: 6948-7fabe3763700: cdpl_ipc.c:2481: in cdpl_ipc_kill(): debug: stopping event server
1748033655.428259: 6948-7fabe3763700: cdpl_worker.c:542: in cdpl_wk_listen(): debug: leaving now
1748033655.428471: 6948-7fabf2082000: cdpl_compat_worker.c:597: in cdplWorkerLogInfo(): info: [Worker shutdown. Code: 3]
1748033655.428638: 6948-7fabe3f64700: cdpl_ipc.c:1720: in _epoll_main(): debug: server going down...
1748033655.432217: 6948-7fabf2082000: cdpl_worker.c:856: in _wk_shutdown(): debug: waiting for heartbeat thread
1748033655.432248: 6948-7fabe2f62700: cdpl_worker.c:709: in cdpl_wk_heartbeat(): info: stopping heartbeat
1748033655.432349: 6948-7fabf2082000: cdpl_ipc.c:1781: in cdpl_ipc_host_release(): debug: releasing host `128.54.67.138:38320'
1748033655.432387: 6948-7fabf2082000: cdpl_ipc.c:2532: in cdpl_ipc_free(): debug: releasing IPC handle
1748033655.432397: 6948-7fabf2082000: cdpl_ipc.c:986: in _host_free__UNSAFE(): debug: freeing host `128.54.67.138:38320'
1748033655.432408: 6948-7fabf2082000: cdpl_ipc.c:1028: in _host_free__UNSAFE(): debug: [0 outq, 0 spR, 0 spW]
1748033655.432446: 6948-7fabf2082000: cdpl_ipc.c:2571: in cdpl_ipc_free(): debug: done
1748033655.432455: 6948-7fabf2082000: cdpl_worker.c:912: in cdpl_wk_free(): info: freed
1748033655.432461: 6948-7fabf2082000: cdpl_log.c:359: in cdpl_log_close(): debug: @@end_of_log@@
