1748032231.770768: 6225-7f4673c26000: cdpl_log.c:221: in cdpl_log_open(): debug: @@start_of_log@@
1748032231.770810: 6225-7f4673c26000: cdpl_log.c:729: in cdpl_log_dump_sysinfo(): info: time: 2025/05/23 13:30:31 PDT -0700
1748032231.770816: 6225-7f4673c26000: cdpl_log.c:731: in cdpl_log_dump_sysinfo(): info: version: L_2016.03_SP2_PROD_CDPL 
1748032231.770820: 6225-7f4673c26000: cdpl_log.c:736: in cdpl_log_dump_sysinfo(): info: system: Linux 3.10.0-1160.119.1.el7.x86_64 #1 SMP Tue Jun 4 14:43:51 UTC 2024
1748032231.770824: 6225-7f4673c26000: cdpl_log.c:740: in cdpl_log_dump_sysinfo(): info: processor: x86_64 64-bits
1748032231.770828: 6225-7f4673c26000: cdpl_log.c:742: in cdpl_log_dump_sysinfo(): info: hostname: ieng6-ece-08.ucsd.edu
1748032231.770832: 6225-7f4673c26000: cdpl_log.c:223: in cdpl_log_open(): debug: path: /home/linux/ieng6/cs241asp25/cs241asp25bu/lab5/run_siliconsmart/LIB_FF_1.1_-40_ALL/runtime/cdpl/worker.W17.ieng6-ece-08.ucsd.edu.6225.log
1748032231.770836: 6225-7f4673c26000: cdpl_log.c:224: in cdpl_log_open(): debug: dir: /home/linux/ieng6/cs241asp25/cs241asp25bu/lab5/run_siliconsmart/LIB_FF_1.1_-40_ALL/runtime/cdpl
1748032231.770845: 6225-7f4673c26000: cdpl_worker.c:728: in cdpl_wk_new(): info: creating worker instance
1748032231.772805: 6225-7f4673c26000: cdpl_worker.c:925: in cdpl_wk_start(): debug: starting worker
1748032231.772814: 6225-7f4673c26000: cdpl_worker.c:276: in cdpl_wk_setup(): info: CDPL_SERVER is "128.54.67.138:33374"
1748032231.772818: 6225-7f4673c26000: cdpl_worker.c:299: in cdpl_wk_setup(): info: server 128.54.67.138, port 33374
1748032231.772821: 6225-7f4673c26000: cdpl_worker.c:319: in cdpl_wk_setup(): info: CDPL_ID is "17:1:1:1:231692397"
1748032231.772831: 6225-7f4673c26000: cdpl_worker.c:361: in cdpl_wk_setup(): info: we are W17-B1-J1-M1-S231692397
1748032231.772833: 6225-7f4673c26000: cdpl_worker.c:363: in cdpl_wk_setup(): info: we are on host ieng6-ece-08.ucsd.edu
1748032231.772835: 6225-7f4673c26000: cdpl_worker.c:372: in cdpl_wk_daemonize(): debug: will *not* daemonize
1748032231.772839: 6225-7f4673c26000: cdpl_ipc.c:2593: in cdpl_ipc_connect(): info: connecting to 128.54.67.138:33374
1748032231.772895: 6225-7f4673c26000: cdpl_ipc.c:2659: in cdpl_ipc_connect(): info: connected as `128.54.67.138:45718'
1748032231.772907: 6225-7f4673c26000: cdpl_ipc.c:1763: in cdpl_ipc_host_accept(): debug: accepted host `128.54.67.138:33374'
1748032231.772914: 6225-7f4673c26000: cdpl_ipc.c:2436: in cdpl_ipc_start(): debug: starting IPC server 128.54.67.138:33794
1748032231.773018: 6225-7f4673c26000: cdpl_compat_worker.c:148: in cdplStartWorker(): info: SNPSLMD_LICENSE_FILE is 1705@its-flexlm-lnx4.ucsd.edu:1705@acms-flexlm-lnx4.ucsd.edu,1705@acms-flexlm-lnx5.ucsd.edu,1705@acms-flexlm-lnx6.ucsd.edu
1748032231.773084: 6225-7f4673c26000: cdpl_compat_worker.c:597: in cdplWorkerLogInfo(): info: [Maximum lifespan of worker is set to 1200m]
1748032231.773123: 6225-7f4673c26000: cdpl_compat_worker.c:597: in cdplWorkerLogInfo(): info: [Peak virtual memory is set to 128GB]
1748032231.773135: 6225-7f4665307700: cdpl_worker.c:528: in cdpl_wk_listen(): debug: ready
1748032231.773281: 6225-7f4664b06700: cdpl_worker.c:656: in cdpl_wk_heartbeat(): debug: starting heartbeat
1748032231.773291: 6225-7f4664b06700: cdpl_worker.c:665: in cdpl_wk_heartbeat(): info: setting heartbeat period to 60 sec
1748032231.773295: 6225-7f4664b06700: cdpl_worker.c:673: in cdpl_wk_heartbeat(): info: first heartbeat in 1 sec
1748032261.711677: 6225-7f4665307700: cdpl_worker.c:616: in cdpl_wk_listen(): debug: received RELAY message
1748032261.853246: 6225-7f4665307700: cdpl_worker.c:616: in cdpl_wk_listen(): debug: received RELAY message
1748032263.498502: 6225-7f4665307700: cdpl_worker.c:585: in cdpl_wk_listen(): debug: received ASSIGN message
1748032263.502088: 6225-7f4673c26000: cdpl_worker.c:1092: in cdpl_wk_wait_timeout(): info: starting task T82
1748032263.829739: 6225-7f4673c26000: cdpl_compat_worker.c:597: in cdplWorkerLogInfo(): info: [runOneAcquisitionAdaptive DFCSNQD1 cmpw__CP__lh__CP__hl__ACQ_1 job_83 ]
1748032266.187686: 6225-7f4673c26000: cdpl_worker.c:1208: in cdpl_wk_finalize(): info: finishing task T82
1748032266.187898: 6225-7f4665307700: cdpl_worker.c:585: in cdpl_wk_listen(): debug: received ASSIGN message
1748032266.190441: 6225-7f4673c26000: cdpl_worker.c:1092: in cdpl_wk_wait_timeout(): info: starting task T98
1748032266.190456: 6225-7f4673c26000: cdpl_compat_worker.c:597: in cdplWorkerLogInfo(): info: [runOneAcquisitionAdaptive DFCSNQD1 delay__CP__lh__Q__lh__ACQ_1 job_99 ]
1748032280.450428: 6225-7f4673c26000: cdpl_worker.c:1208: in cdpl_wk_finalize(): info: finishing task T98
1748032280.453816: 6225-7f4665307700: cdpl_worker.c:585: in cdpl_wk_listen(): debug: received ASSIGN message
1748032280.453837: 6225-7f4673c26000: cdpl_worker.c:1092: in cdpl_wk_wait_timeout(): info: starting task T128
1748032280.453857: 6225-7f4673c26000: cdpl_compat_worker.c:597: in cdplWorkerLogInfo(): info: [runOneAcquisitionAdaptive DFCSNQD2 Cin__CDN__lh__ACQ_1 job_129 ]
1748032282.900678: 6225-7f4673c26000: cdpl_worker.c:1208: in cdpl_wk_finalize(): info: finishing task T128
1748032282.925461: 6225-7f4665307700: cdpl_worker.c:585: in cdpl_wk_listen(): debug: received ASSIGN message
1748032282.927428: 6225-7f4673c26000: cdpl_worker.c:1092: in cdpl_wk_wait_timeout(): info: starting task T135
1748032282.927446: 6225-7f4673c26000: cdpl_compat_worker.c:597: in cdplWorkerLogInfo(): info: [runOneAcquisitionAdaptive DFCSNQD4 energy__CP__hl__ACQ_1 job_136 ]
1748032286.574372: 6225-7f4673c26000: cdpl_worker.c:1208: in cdpl_wk_finalize(): info: finishing task T135
1748032286.591558: 6225-7f4665307700: cdpl_worker.c:585: in cdpl_wk_listen(): debug: received ASSIGN message
1748032286.591586: 6225-7f4673c26000: cdpl_worker.c:1092: in cdpl_wk_wait_timeout(): info: starting task T141
1748032286.591603: 6225-7f4673c26000: cdpl_compat_worker.c:597: in cdplWorkerLogInfo(): info: [runOneAcquisitionAdaptive DFCSNQD4 energy__D__hl__ACQ_1 job_142 ]
1748032289.407937: 6225-7f4673c26000: cdpl_worker.c:1208: in cdpl_wk_finalize(): info: finishing task T141
1748032289.408096: 6225-7f4665307700: cdpl_worker.c:585: in cdpl_wk_listen(): debug: received ASSIGN message
1748032289.429324: 6225-7f4673c26000: cdpl_worker.c:1092: in cdpl_wk_wait_timeout(): info: starting task T147
1748032289.429350: 6225-7f4673c26000: cdpl_compat_worker.c:597: in cdplWorkerLogInfo(): info: [runOneAcquisitionAdaptive DFCSNQD4 asynch_recover__SDN__lh__CDN__lh__ACQ_1 job_148 ]
1748032311.598663: 6225-7f4673c26000: cdpl_worker.c:1208: in cdpl_wk_finalize(): info: finishing task T147
1748032311.606823: 6225-7f4665307700: cdpl_worker.c:585: in cdpl_wk_listen(): debug: received ASSIGN message
1748032311.606854: 6225-7f4673c26000: cdpl_worker.c:1092: in cdpl_wk_wait_timeout(): info: starting task T191
1748032311.606872: 6225-7f4673c26000: cdpl_compat_worker.c:597: in cdplWorkerLogInfo(): info: [runOneAcquisitionAdaptive AOI21D0 delay__A1__hl__ZN__lh__ACQ_1 job_192 ]
1748032315.191204: 6225-7f4673c26000: cdpl_worker.c:1208: in cdpl_wk_finalize(): info: finishing task T191
1748032315.191459: 6225-7f4665307700: cdpl_worker.c:585: in cdpl_wk_listen(): debug: received ASSIGN message
1748032315.191482: 6225-7f4673c26000: cdpl_worker.c:1092: in cdpl_wk_wait_timeout(): info: starting task T205
1748032315.191495: 6225-7f4673c26000: cdpl_compat_worker.c:597: in cdplWorkerLogInfo(): info: [runOneAcquisitionAdaptive AOI21D1 delay__A1__hl__ZN__lh__ACQ_1 job_206 ]
1748032319.402913: 6225-7f4673c26000: cdpl_worker.c:1208: in cdpl_wk_finalize(): info: finishing task T205
1748032319.403282: 6225-7f4665307700: cdpl_worker.c:585: in cdpl_wk_listen(): debug: received ASSIGN message
1748032319.403294: 6225-7f4673c26000: cdpl_worker.c:1092: in cdpl_wk_wait_timeout(): info: starting task T227
1748032319.403304: 6225-7f4673c26000: cdpl_compat_worker.c:597: in cdplWorkerLogInfo(): info: [runOneAcquisitionAdaptive AOI21D4 Cin__A2__hl__ACQ_1 job_228 ]
1748032322.280991: 6225-7f4673c26000: cdpl_worker.c:1208: in cdpl_wk_finalize(): info: finishing task T227
1748032322.290254: 6225-7f4665307700: cdpl_worker.c:585: in cdpl_wk_listen(): debug: received ASSIGN message
1748032322.290271: 6225-7f4673c26000: cdpl_worker.c:1092: in cdpl_wk_wait_timeout(): info: starting task T237
1748032322.290280: 6225-7f4673c26000: cdpl_compat_worker.c:597: in cdplWorkerLogInfo(): info: [runOneAcquisitionAdaptive AOI21D4 delay__A2__hl__ZN__lh__ACQ_1 job_238 ]
1748032330.677825: 6225-7f4673c26000: cdpl_worker.c:1208: in cdpl_wk_finalize(): info: finishing task T237
1748032330.691322: 6225-7f4665307700: cdpl_worker.c:585: in cdpl_wk_listen(): debug: received ASSIGN message
1748032330.691351: 6225-7f4673c26000: cdpl_worker.c:1092: in cdpl_wk_wait_timeout(): info: starting task T273
1748032330.691366: 6225-7f4673c26000: cdpl_compat_worker.c:597: in cdplWorkerLogInfo(): info: [runOneAcquisitionAdaptive MUX2D2 delay__I0__lh__Z__lh__ACQ_1 job_274 ]
1748032336.511865: 6225-7f4673c26000: cdpl_worker.c:1208: in cdpl_wk_finalize(): info: finishing task T273
1748032336.512167: 6225-7f4665307700: cdpl_worker.c:585: in cdpl_wk_listen(): debug: received ASSIGN message
1748032336.512177: 6225-7f4673c26000: cdpl_worker.c:1092: in cdpl_wk_wait_timeout(): info: starting task T304
1748032336.512184: 6225-7f4673c26000: cdpl_compat_worker.c:597: in cdplWorkerLogInfo(): info: [runOneAcquisitionAdaptive MUX2D4 Cin__S__lh__ACQ_1 job_305 ]
1748032338.774402: 6225-7f4673c26000: cdpl_worker.c:1208: in cdpl_wk_finalize(): info: finishing task T304
1748032338.777657: 6225-7f4665307700: cdpl_worker.c:585: in cdpl_wk_listen(): debug: received ASSIGN message
1748032338.782052: 6225-7f4673c26000: cdpl_worker.c:1092: in cdpl_wk_wait_timeout(): info: starting task T316
1748032338.782065: 6225-7f4673c26000: cdpl_compat_worker.c:597: in cdplWorkerLogInfo(): info: [runOneAcquisitionAdaptive OAI21D0 Cin__B__hl__ACQ_1 job_317 ]
1748032340.451665: 6225-7f4673c26000: cdpl_worker.c:1208: in cdpl_wk_finalize(): info: finishing task T316
1748032340.456724: 6225-7f4665307700: cdpl_worker.c:585: in cdpl_wk_listen(): debug: received ASSIGN message
1748032340.456746: 6225-7f4673c26000: cdpl_worker.c:1092: in cdpl_wk_wait_timeout(): info: starting task T323
1748032340.456759: 6225-7f4673c26000: cdpl_compat_worker.c:597: in cdplWorkerLogInfo(): info: [runOneAcquisitionAdaptive OAI21D1 delay__A1__lh__ZN__hl__ACQ_1 job_324 ]
1748032343.967514: 6225-7f4673c26000: cdpl_worker.c:1208: in cdpl_wk_finalize(): info: finishing task T323
1748032343.967684: 6225-7f4665307700: cdpl_worker.c:585: in cdpl_wk_listen(): debug: received ASSIGN message
1748032343.967708: 6225-7f4673c26000: cdpl_worker.c:1092: in cdpl_wk_wait_timeout(): info: starting task T346
1748032343.967717: 6225-7f4673c26000: cdpl_compat_worker.c:597: in cdplWorkerLogInfo(): info: [runOneAcquisitionAdaptive OAI21D2 delay__B__hl__ZN__lh__ACQ_1 job_347 ]
1748032350.185581: 6225-7f4673c26000: cdpl_worker.c:1208: in cdpl_wk_finalize(): info: finishing task T346
1748032350.187413: 6225-7f4665307700: cdpl_worker.c:585: in cdpl_wk_listen(): debug: received ASSIGN message
1748032350.187433: 6225-7f4673c26000: cdpl_worker.c:1092: in cdpl_wk_wait_timeout(): info: starting task T381
1748032350.187448: 6225-7f4673c26000: cdpl_compat_worker.c:597: in cdplWorkerLogInfo(): info: [runOneAcquisitionAdaptive AN2D2 Cin__A2__hl__ACQ_1 job_382 ]
1748032352.410480: 6225-7f4673c26000: cdpl_worker.c:1208: in cdpl_wk_finalize(): info: finishing task T381
1748032352.410662: 6225-7f4665307700: cdpl_worker.c:585: in cdpl_wk_listen(): debug: received ASSIGN message
1748032352.410671: 6225-7f4673c26000: cdpl_worker.c:1092: in cdpl_wk_wait_timeout(): info: starting task T394
1748032352.410678: 6225-7f4673c26000: cdpl_compat_worker.c:597: in cdplWorkerLogInfo(): info: [runOneAcquisitionAdaptive AN2D4 delay__A1__hl__Z__hl__ACQ_1 job_395 ]
1748032359.360878: 6225-7f4673c26000: cdpl_worker.c:1208: in cdpl_wk_finalize(): info: finishing task T394
1748032359.361362: 6225-7f4665307700: cdpl_worker.c:585: in cdpl_wk_listen(): debug: received ASSIGN message
1748032359.361621: 6225-7f4673c26000: cdpl_worker.c:1092: in cdpl_wk_wait_timeout(): info: starting task T447
1748032359.361631: 6225-7f4673c26000: cdpl_compat_worker.c:597: in cdplWorkerLogInfo(): info: [runOneAcquisitionAdaptive ND2D2 Cin__A2__lh__ACQ_1 job_448 ]
1748032361.797740: 6225-7f4673c26000: cdpl_worker.c:1208: in cdpl_wk_finalize(): info: finishing task T447
1748032361.807482: 6225-7f4665307700: cdpl_worker.c:585: in cdpl_wk_listen(): debug: received ASSIGN message
1748032361.807499: 6225-7f4673c26000: cdpl_worker.c:1092: in cdpl_wk_wait_timeout(): info: starting task T460
1748032361.807508: 6225-7f4673c26000: cdpl_compat_worker.c:597: in cdplWorkerLogInfo(): info: [runOneAcquisitionAdaptive ND2D3 delay__A2__hl__ZN__lh__ACQ_1 job_461 ]
1748032367.527478: 6225-7f4673c26000: cdpl_worker.c:1208: in cdpl_wk_finalize(): info: finishing task T460
1748032367.530462: 6225-7f4665307700: cdpl_worker.c:585: in cdpl_wk_listen(): debug: received ASSIGN message
1748032367.530480: 6225-7f4673c26000: cdpl_worker.c:1092: in cdpl_wk_wait_timeout(): info: starting task T503
1748032367.530494: 6225-7f4673c26000: cdpl_compat_worker.c:597: in cdplWorkerLogInfo(): info: [runOneAcquisitionAdaptive NR2D2 leakage_power__ACQ_1 job_504 ]
1748032369.380114: 6225-7f4673c26000: cdpl_worker.c:1208: in cdpl_wk_finalize(): info: finishing task T503
1748032369.380258: 6225-7f4665307700: cdpl_worker.c:585: in cdpl_wk_listen(): debug: received ASSIGN message
1748032369.380276: 6225-7f4673c26000: cdpl_worker.c:1092: in cdpl_wk_wait_timeout(): info: starting task T519
1748032369.380287: 6225-7f4673c26000: cdpl_compat_worker.c:597: in cdplWorkerLogInfo(): info: [runOneAcquisitionAdaptive NR2D3 delay__A2__lh__ZN__hl__ACQ_1 job_520 ]
1748032375.693799: 6225-7f4673c26000: cdpl_worker.c:1208: in cdpl_wk_finalize(): info: finishing task T519
1748032375.694336: 6225-7f4665307700: cdpl_worker.c:585: in cdpl_wk_listen(): debug: received ASSIGN message
1748032375.694347: 6225-7f4673c26000: cdpl_worker.c:1092: in cdpl_wk_wait_timeout(): info: starting task T565
1748032375.694354: 6225-7f4673c26000: cdpl_compat_worker.c:597: in cdplWorkerLogInfo(): info: [runOneAcquisitionAdaptive OR2D2 leakage_power__ACQ_1 job_566 ]
1748032377.368733: 6225-7f4673c26000: cdpl_worker.c:1208: in cdpl_wk_finalize(): info: finishing task T565
1748032377.368986: 6225-7f4665307700: cdpl_worker.c:585: in cdpl_wk_listen(): debug: received ASSIGN message
1748032377.369001: 6225-7f4673c26000: cdpl_worker.c:1092: in cdpl_wk_wait_timeout(): info: starting task T578
1748032377.369011: 6225-7f4673c26000: cdpl_compat_worker.c:597: in cdplWorkerLogInfo(): info: [runOneAcquisitionAdaptive OR2D4 delay__A2__hl__Z__hl__ACQ_1 job_579 ]
1748032384.368114: 6225-7f4673c26000: cdpl_worker.c:1208: in cdpl_wk_finalize(): info: finishing task T578
1748032384.368430: 6225-7f4665307700: cdpl_worker.c:585: in cdpl_wk_listen(): debug: received ASSIGN message
1748032384.368439: 6225-7f4673c26000: cdpl_worker.c:1092: in cdpl_wk_wait_timeout(): info: starting task T618
1748032384.368446: 6225-7f4673c26000: cdpl_compat_worker.c:597: in cdplWorkerLogInfo(): info: [runOneAcquisitionAdaptive XNR2D2 delay__A2__hl__ZN__lh__ACQ_1 job_619 ]
1748032391.252963: 6225-7f4673c26000: cdpl_worker.c:1208: in cdpl_wk_finalize(): info: finishing task T618
1748032391.253286: 6225-7f4665307700: cdpl_worker.c:585: in cdpl_wk_listen(): debug: received ASSIGN message
1748032391.253297: 6225-7f4673c26000: cdpl_worker.c:1092: in cdpl_wk_wait_timeout(): info: starting task T646
1748032391.253304: 6225-7f4673c26000: cdpl_compat_worker.c:597: in cdplWorkerLogInfo(): info: [runOneAcquisitionAdaptive XOR2D1 delay__A2__hl__Z__hl__ACQ_1 job_647 ]
1748032396.596894: 6225-7f4673c26000: cdpl_worker.c:1208: in cdpl_wk_finalize(): info: finishing task T646
1748032396.597179: 6225-7f4665307700: cdpl_worker.c:585: in cdpl_wk_listen(): debug: received ASSIGN message
1748032396.597213: 6225-7f4673c26000: cdpl_worker.c:1092: in cdpl_wk_wait_timeout(): info: starting task T672
1748032396.597221: 6225-7f4673c26000: cdpl_compat_worker.c:597: in cdplWorkerLogInfo(): info: [runOneAcquisitionAdaptive BUFFD12 delay__I__hl__Z__hl__ACQ_1 job_673 ]
1748032407.196488: 6225-7f4673c26000: cdpl_worker.c:1208: in cdpl_wk_finalize(): info: finishing task T672
1748032407.211478: 6225-7f4665307700: cdpl_worker.c:585: in cdpl_wk_listen(): debug: received ASSIGN message
1748032407.220342: 6225-7f4673c26000: cdpl_worker.c:1092: in cdpl_wk_wait_timeout(): info: starting task T740
1748032407.220356: 6225-7f4673c26000: cdpl_compat_worker.c:597: in cdplWorkerLogInfo(): info: [runOneAcquisitionAdaptive INVD8 delay__I__hl__ZN__lh__ACQ_1 job_741 ]
1748032409.911643: 6225-7f4673c26000: cdpl_worker.c:1208: in cdpl_wk_finalize(): info: finishing task T740
1748032415.889491: 6225-7f4665307700: cdpl_worker.c:616: in cdpl_wk_listen(): debug: received RELAY message
1748032417.905926: 6225-7f4665307700: cdpl_worker.c:585: in cdpl_wk_listen(): debug: received ASSIGN message
1748032417.905947: 6225-7f4673c26000: cdpl_worker.c:1092: in cdpl_wk_wait_timeout(): info: starting task T758
1748032418.118306: 6225-7f4673c26000: cdpl_compat_worker.c:597: in cdplWorkerLogInfo(): info: [modelOneCellAdaptive {AN2D1 }]
1748032421.515731: 6225-7f4673c26000: cdpl_worker.c:1208: in cdpl_wk_finalize(): info: finishing task T758
1748032421.516656: 6225-7f4665307700: cdpl_worker.c:585: in cdpl_wk_listen(): debug: received ASSIGN message
1748032421.526332: 6225-7f4673c26000: cdpl_worker.c:1092: in cdpl_wk_wait_timeout(): info: starting task T777
1748032421.526352: 6225-7f4673c26000: cdpl_compat_worker.c:597: in cdplWorkerLogInfo(): info: [modelOneCellAdaptive {OR2D2 }]
1748032425.042225: 6225-7f4673c26000: cdpl_worker.c:1208: in cdpl_wk_finalize(): info: finishing task T777
1748032425.053108: 6225-7f4665307700: cdpl_worker.c:585: in cdpl_wk_listen(): debug: received ASSIGN message
1748032425.061869: 6225-7f4673c26000: cdpl_worker.c:1092: in cdpl_wk_wait_timeout(): info: starting task T803
1748032425.061887: 6225-7f4673c26000: cdpl_compat_worker.c:597: in cdplWorkerLogInfo(): info: [modelOneCellAdaptive {INVD3 }]
1748032426.499554: 6225-7f4673c26000: cdpl_worker.c:1208: in cdpl_wk_finalize(): info: finishing task T803
1748032450.556403: 6225-7f4665307700: cdpl_worker.c:616: in cdpl_wk_listen(): debug: received RELAY message
1748032450.580417: 6225-7f4665b08700: cdpl_ipc.c:606: in _readv(): warning: read(): EOF
1748032450.580438: 6225-7f4665b08700: cdpl_ipc.c:1462: in _epoll_recv(): debug: _readv(): Broken pipe
1748032450.580442: 6225-7f4665b08700: cdpl_ipc.c:1683: in _epoll_main(): debug: _epoll_recv(): Broken pipe
1748032450.580448: 6225-7f4665b08700: cdpl_ipc.c:1061: in _host_drop__UNSAFE(): debug: dropping host `128.54.67.138:33374'
1748032450.580483: 6225-7f4665307700: cdpl_worker.c:561: in cdpl_wk_listen(): debug: received DROP notification
1748032450.580488: 6225-7f4665307700: cdpl_worker.c:565: in cdpl_wk_listen(): debug: we were dropped by the server
1748032450.580491: 6225-7f4665307700: cdpl_worker.c:492: in _wk_kill(): debug: killing worker
1748032450.580494: 6225-7f4665307700: cdpl_ipc.c:2481: in cdpl_ipc_kill(): debug: stopping event server
1748032450.580504: 6225-7f4665307700: cdpl_worker.c:542: in cdpl_wk_listen(): debug: leaving now
1748032450.580561: 6225-7f4673c26000: cdpl_compat_worker.c:597: in cdplWorkerLogInfo(): info: [Worker shutdown. Code: 3]
1748032450.580573: 6225-7f4665b08700: cdpl_ipc.c:1720: in _epoll_main(): debug: server going down...
1748032450.586091: 6225-7f4673c26000: cdpl_worker.c:856: in _wk_shutdown(): debug: waiting for heartbeat thread
1748032450.586283: 6225-7f4664b06700: cdpl_worker.c:709: in cdpl_wk_heartbeat(): info: stopping heartbeat
1748032450.586485: 6225-7f4673c26000: cdpl_ipc.c:1781: in cdpl_ipc_host_release(): debug: releasing host `128.54.67.138:33374'
1748032450.586509: 6225-7f4673c26000: cdpl_ipc.c:2532: in cdpl_ipc_free(): debug: releasing IPC handle
1748032450.586512: 6225-7f4673c26000: cdpl_ipc.c:986: in _host_free__UNSAFE(): debug: freeing host `128.54.67.138:33374'
1748032450.586515: 6225-7f4673c26000: cdpl_ipc.c:1028: in _host_free__UNSAFE(): debug: [0 outq, 0 spR, 0 spW]
1748032450.586530: 6225-7f4673c26000: cdpl_ipc.c:2571: in cdpl_ipc_free(): debug: done
1748032450.586535: 6225-7f4673c26000: cdpl_worker.c:912: in cdpl_wk_free(): info: freed
1748032450.586543: 6225-7f4673c26000: cdpl_log.c:359: in cdpl_log_close(): debug: @@end_of_log@@
