1748032228.019032: 5902-7f1c62e88000: cdpl_log.c:221: in cdpl_log_open(): debug: @@start_of_log@@
1748032228.019108: 5902-7f1c62e88000: cdpl_log.c:729: in cdpl_log_dump_sysinfo(): info: time: 2025/05/23 13:30:28 PDT -0700
1748032228.019120: 5902-7f1c62e88000: cdpl_log.c:731: in cdpl_log_dump_sysinfo(): info: version: L_2016.03_SP2_PROD_CDPL 
1748032228.019128: 5902-7f1c62e88000: cdpl_log.c:736: in cdpl_log_dump_sysinfo(): info: system: Linux 3.10.0-1160.119.1.el7.x86_64 #1 SMP Tue Jun 4 14:43:51 UTC 2024
1748032228.019135: 5902-7f1c62e88000: cdpl_log.c:740: in cdpl_log_dump_sysinfo(): info: processor: x86_64 64-bits
1748032228.019142: 5902-7f1c62e88000: cdpl_log.c:742: in cdpl_log_dump_sysinfo(): info: hostname: ieng6-ece-08.ucsd.edu
1748032228.019149: 5902-7f1c62e88000: cdpl_log.c:223: in cdpl_log_open(): debug: path: /home/linux/ieng6/cs241asp25/cs241asp25bu/lab5/run_siliconsmart/LIB_FF_1.1_-40_ALL/runtime/cdpl/worker.W12.ieng6-ece-08.ucsd.edu.5902.log
1748032228.019156: 5902-7f1c62e88000: cdpl_log.c:224: in cdpl_log_open(): debug: dir: /home/linux/ieng6/cs241asp25/cs241asp25bu/lab5/run_siliconsmart/LIB_FF_1.1_-40_ALL/runtime/cdpl
1748032228.019170: 5902-7f1c62e88000: cdpl_worker.c:728: in cdpl_wk_new(): info: creating worker instance
1748032228.021500: 5902-7f1c62e88000: cdpl_worker.c:925: in cdpl_wk_start(): debug: starting worker
1748032228.021521: 5902-7f1c62e88000: cdpl_worker.c:276: in cdpl_wk_setup(): info: CDPL_SERVER is "128.54.67.138:33374"
1748032228.021532: 5902-7f1c62e88000: cdpl_worker.c:299: in cdpl_wk_setup(): info: server 128.54.67.138, port 33374
1748032228.021539: 5902-7f1c62e88000: cdpl_worker.c:319: in cdpl_wk_setup(): info: CDPL_ID is "12:1:1:1:231692397"
1748032228.021561: 5902-7f1c62e88000: cdpl_worker.c:361: in cdpl_wk_setup(): info: we are W12-B1-J1-M1-S231692397
1748032228.021567: 5902-7f1c62e88000: cdpl_worker.c:363: in cdpl_wk_setup(): info: we are on host ieng6-ece-08.ucsd.edu
1748032228.021573: 5902-7f1c62e88000: cdpl_worker.c:372: in cdpl_wk_daemonize(): debug: will *not* daemonize
1748032228.021583: 5902-7f1c62e88000: cdpl_ipc.c:2593: in cdpl_ipc_connect(): info: connecting to 128.54.67.138:33374
1748032228.021724: 5902-7f1c62e88000: cdpl_ipc.c:2659: in cdpl_ipc_connect(): info: connected as `128.54.67.138:45696'
1748032228.021753: 5902-7f1c62e88000: cdpl_ipc.c:1763: in cdpl_ipc_host_accept(): debug: accepted host `128.54.67.138:33374'
1748032228.021771: 5902-7f1c62e88000: cdpl_ipc.c:2436: in cdpl_ipc_start(): debug: starting IPC server 128.54.67.138:44484
1748032228.022039: 5902-7f1c62e88000: cdpl_compat_worker.c:148: in cdplStartWorker(): info: SNPSLMD_LICENSE_FILE is 1705@its-flexlm-lnx4.ucsd.edu:1705@acms-flexlm-lnx4.ucsd.edu,1705@acms-flexlm-lnx5.ucsd.edu,1705@acms-flexlm-lnx6.ucsd.edu
1748032228.022072: 5902-7f1c54569700: cdpl_worker.c:528: in cdpl_wk_listen(): debug: ready
1748032228.022190: 5902-7f1c53d68700: cdpl_worker.c:656: in cdpl_wk_heartbeat(): debug: starting heartbeat
1748032228.022196: 5902-7f1c53d68700: cdpl_worker.c:665: in cdpl_wk_heartbeat(): info: setting heartbeat period to 60 sec
1748032228.022198: 5902-7f1c53d68700: cdpl_worker.c:673: in cdpl_wk_heartbeat(): info: first heartbeat in 1 sec
1748032228.022259: 5902-7f1c62e88000: cdpl_compat_worker.c:597: in cdplWorkerLogInfo(): info: [Maximum lifespan of worker is set to 1200m]
1748032228.022465: 5902-7f1c62e88000: cdpl_compat_worker.c:597: in cdplWorkerLogInfo(): info: [Peak virtual memory is set to 128GB]
1748032228.551169: 5902-7f1c54569700: cdpl_worker.c:585: in cdpl_wk_listen(): debug: received ASSIGN message
1748032228.551184: 5902-7f1c62e88000: cdpl_worker.c:1092: in cdpl_wk_wait_timeout(): info: starting task T30
1748032228.551202: 5902-7f1c62e88000: cdpl_compat_worker.c:597: in cdplWorkerLogInfo(): info: [configOneCellAdaptive { INVD4 }]
1748032228.808889: 5902-7f1c62e88000: cdpl_worker.c:1208: in cdpl_wk_finalize(): info: finishing task T30
1748032228.820664: 5902-7f1c54569700: cdpl_worker.c:585: in cdpl_wk_listen(): debug: received ASSIGN message
1748032228.820690: 5902-7f1c62e88000: cdpl_worker.c:1092: in cdpl_wk_wait_timeout(): info: starting task T38
1748032228.820709: 5902-7f1c62e88000: cdpl_compat_worker.c:597: in cdplWorkerLogInfo(): info: [configOneCellAdaptive { ND2D0 }]
1748032229.340096: 5902-7f1c62e88000: cdpl_worker.c:1208: in cdpl_wk_finalize(): info: finishing task T38
1748032229.347543: 5902-7f1c54569700: cdpl_worker.c:585: in cdpl_wk_listen(): debug: received ASSIGN message
1748032229.347555: 5902-7f1c62e88000: cdpl_worker.c:1092: in cdpl_wk_wait_timeout(): info: starting task T44
1748032229.347565: 5902-7f1c62e88000: cdpl_compat_worker.c:597: in cdplWorkerLogInfo(): info: [configOneCellAdaptive { NR2D0 }]
1748032230.123730: 5902-7f1c62e88000: cdpl_worker.c:1208: in cdpl_wk_finalize(): info: finishing task T44
1748032230.130473: 5902-7f1c54569700: cdpl_worker.c:585: in cdpl_wk_listen(): debug: received ASSIGN message
1748032230.130504: 5902-7f1c62e88000: cdpl_worker.c:1092: in cdpl_wk_wait_timeout(): info: starting task T56
1748032230.130523: 5902-7f1c62e88000: cdpl_compat_worker.c:597: in cdplWorkerLogInfo(): info: [configOneCellAdaptive { OR2D2 }]
1748032231.213966: 5902-7f1c62e88000: cdpl_worker.c:1208: in cdpl_wk_finalize(): info: finishing task T56
1748032261.711470: 5902-7f1c54569700: cdpl_worker.c:616: in cdpl_wk_listen(): debug: received RELAY message
1748032261.852991: 5902-7f1c54569700: cdpl_worker.c:616: in cdpl_wk_listen(): debug: received RELAY message
1748032262.377328: 5902-7f1c54569700: cdpl_worker.c:585: in cdpl_wk_listen(): debug: received ASSIGN message
1748032262.378323: 5902-7f1c62e88000: cdpl_worker.c:1092: in cdpl_wk_wait_timeout(): info: starting task T71
1748032262.561684: 5902-7f1c62e88000: cdpl_compat_worker.c:597: in cdplWorkerLogInfo(): info: [runOneAcquisitionAdaptive DFCSNQD1 leakage_power__ACQ_1 job_72 ]
1748032263.940738: 5902-7f1c62e88000: cdpl_worker.c:1208: in cdpl_wk_finalize(): info: finishing task T71
1748032264.326417: 5902-7f1c54569700: cdpl_worker.c:585: in cdpl_wk_listen(): debug: received ASSIGN message
1748032264.330986: 5902-7f1c62e88000: cdpl_worker.c:1092: in cdpl_wk_wait_timeout(): info: starting task T90
1748032264.331007: 5902-7f1c62e88000: cdpl_compat_worker.c:597: in cdplWorkerLogInfo(): info: [runOneAcquisitionAdaptive DFCSNQD1 combined_setup_hold__D__hl__CP__lh__ACQ_1 job_91 ]
1748032316.680113: 5902-7f1c62e88000: cdpl_worker.c:1208: in cdpl_wk_finalize(): info: finishing task T90
1748032316.687439: 5902-7f1c54569700: cdpl_worker.c:585: in cdpl_wk_listen(): debug: received ASSIGN message
1748032316.687488: 5902-7f1c62e88000: cdpl_worker.c:1092: in cdpl_wk_wait_timeout(): info: starting task T214
1748032316.687501: 5902-7f1c62e88000: cdpl_compat_worker.c:597: in cdplWorkerLogInfo(): info: [runOneAcquisitionAdaptive AOI21D2 Cin__A1__lh__ACQ_1 job_215 ]
1748032318.731689: 5902-7f1c62e88000: cdpl_worker.c:1208: in cdpl_wk_finalize(): info: finishing task T214
1748032318.731878: 5902-7f1c54569700: cdpl_worker.c:585: in cdpl_wk_listen(): debug: received ASSIGN message
1748032318.731888: 5902-7f1c62e88000: cdpl_worker.c:1092: in cdpl_wk_wait_timeout(): info: starting task T222
1748032318.731896: 5902-7f1c62e88000: cdpl_compat_worker.c:597: in cdplWorkerLogInfo(): info: [runOneAcquisitionAdaptive AOI21D2 delay__A2__lh__ZN__hl__ACQ_1 job_223 ]
1748032323.679067: 5902-7f1c62e88000: cdpl_worker.c:1208: in cdpl_wk_finalize(): info: finishing task T222
1748032323.681559: 5902-7f1c54569700: cdpl_worker.c:585: in cdpl_wk_listen(): debug: received ASSIGN message
1748032323.681572: 5902-7f1c62e88000: cdpl_worker.c:1092: in cdpl_wk_wait_timeout(): info: starting task T244
1748032323.681582: 5902-7f1c62e88000: cdpl_compat_worker.c:597: in cdplWorkerLogInfo(): info: [runOneAcquisitionAdaptive MUX2D0 delay__S__hl__Z__hl__ACQ_1 job_245 ]
1748032329.305785: 5902-7f1c62e88000: cdpl_worker.c:1208: in cdpl_wk_finalize(): info: finishing task T244
1748032329.310177: 5902-7f1c54569700: cdpl_worker.c:585: in cdpl_wk_listen(): debug: received ASSIGN message
1748032329.310198: 5902-7f1c62e88000: cdpl_worker.c:1092: in cdpl_wk_wait_timeout(): info: starting task T267
1748032329.310212: 5902-7f1c62e88000: cdpl_compat_worker.c:597: in cdplWorkerLogInfo(): info: [runOneAcquisitionAdaptive MUX2D1 Cin__S__hl__ACQ_1 job_268 ]
1748032331.190496: 5902-7f1c62e88000: cdpl_worker.c:1208: in cdpl_wk_finalize(): info: finishing task T267
1748032331.205396: 5902-7f1c54569700: cdpl_worker.c:585: in cdpl_wk_listen(): debug: received ASSIGN message
1748032331.205424: 5902-7f1c62e88000: cdpl_worker.c:1092: in cdpl_wk_wait_timeout(): info: starting task T276
1748032331.205447: 5902-7f1c62e88000: cdpl_compat_worker.c:597: in cdplWorkerLogInfo(): info: [runOneAcquisitionAdaptive MUX2D2 delay__S__hl__Z__hl__ACQ_1 job_277 ]
1748032336.853398: 5902-7f1c62e88000: cdpl_worker.c:1208: in cdpl_wk_finalize(): info: finishing task T276
1748032336.860201: 5902-7f1c54569700: cdpl_worker.c:585: in cdpl_wk_listen(): debug: received ASSIGN message
1748032336.860215: 5902-7f1c62e88000: cdpl_worker.c:1092: in cdpl_wk_wait_timeout(): info: starting task T307
1748032336.860227: 5902-7f1c62e88000: cdpl_compat_worker.c:597: in cdplWorkerLogInfo(): info: [runOneAcquisitionAdaptive OAI21D0 Cin__B__lh__ACQ_1 job_308 ]
1748032338.698687: 5902-7f1c62e88000: cdpl_worker.c:1208: in cdpl_wk_finalize(): info: finishing task T307
1748032338.700499: 5902-7f1c54569700: cdpl_worker.c:585: in cdpl_wk_listen(): debug: received ASSIGN message
1748032338.700512: 5902-7f1c62e88000: cdpl_worker.c:1092: in cdpl_wk_wait_timeout(): info: starting task T315
1748032338.700520: 5902-7f1c62e88000: cdpl_compat_worker.c:597: in cdplWorkerLogInfo(): info: [runOneAcquisitionAdaptive OAI21D0 delay__A2__hl__ZN__lh__ACQ_1 job_316 ]
1748032342.306735: 5902-7f1c62e88000: cdpl_worker.c:1208: in cdpl_wk_finalize(): info: finishing task T315
1748032342.316475: 5902-7f1c54569700: cdpl_worker.c:585: in cdpl_wk_listen(): debug: received ASSIGN message
1748032342.316683: 5902-7f1c62e88000: cdpl_worker.c:1092: in cdpl_wk_wait_timeout(): info: starting task T336
1748032342.316700: 5902-7f1c62e88000: cdpl_compat_worker.c:597: in cdplWorkerLogInfo(): info: [runOneAcquisitionAdaptive OAI21D2 leakage_power__ACQ_1 job_337 ]
1748032344.847868: 5902-7f1c62e88000: cdpl_worker.c:1208: in cdpl_wk_finalize(): info: finishing task T336
1748032344.853264: 5902-7f1c54569700: cdpl_worker.c:585: in cdpl_wk_listen(): debug: received ASSIGN message
1748032344.854638: 5902-7f1c62e88000: cdpl_worker.c:1092: in cdpl_wk_wait_timeout(): info: starting task T353
1748032344.854653: 5902-7f1c62e88000: cdpl_compat_worker.c:597: in cdplWorkerLogInfo(): info: [runOneAcquisitionAdaptive OAI21D4 leakage_power__ACQ_4 job_354 ]
1748032346.823606: 5902-7f1c62e88000: cdpl_worker.c:1208: in cdpl_wk_finalize(): info: finishing task T353
1748032346.834484: 5902-7f1c54569700: cdpl_worker.c:585: in cdpl_wk_listen(): debug: received ASSIGN message
1748032346.834497: 5902-7f1c62e88000: cdpl_worker.c:1092: in cdpl_wk_wait_timeout(): info: starting task T365
1748032346.834508: 5902-7f1c62e88000: cdpl_compat_worker.c:597: in cdplWorkerLogInfo(): info: [runOneAcquisitionAdaptive AN2D0 leakage_power__ACQ_1 job_366 ]
1748032348.907413: 5902-7f1c62e88000: cdpl_worker.c:1208: in cdpl_wk_finalize(): info: finishing task T365
1748032348.908005: 5902-7f1c54569700: cdpl_worker.c:585: in cdpl_wk_listen(): debug: received ASSIGN message
1748032348.908016: 5902-7f1c62e88000: cdpl_worker.c:1092: in cdpl_wk_wait_timeout(): info: starting task T375
1748032348.908025: 5902-7f1c62e88000: cdpl_compat_worker.c:597: in cdplWorkerLogInfo(): info: [runOneAcquisitionAdaptive AN2D1 leakage_power__ACQ_1 job_376 ]
1748032350.971353: 5902-7f1c62e88000: cdpl_worker.c:1208: in cdpl_wk_finalize(): info: finishing task T375
1748032350.982462: 5902-7f1c54569700: cdpl_worker.c:585: in cdpl_wk_listen(): debug: received ASSIGN message
1748032350.983973: 5902-7f1c62e88000: cdpl_worker.c:1092: in cdpl_wk_wait_timeout(): info: starting task T386
1748032350.983988: 5902-7f1c62e88000: cdpl_compat_worker.c:597: in cdplWorkerLogInfo(): info: [runOneAcquisitionAdaptive AN2D2 leakage_power__ACQ_4 job_387 ]
1748032352.557593: 5902-7f1c62e88000: cdpl_worker.c:1208: in cdpl_wk_finalize(): info: finishing task T386
1748032352.557781: 5902-7f1c54569700: cdpl_worker.c:585: in cdpl_wk_listen(): debug: received ASSIGN message
1748032352.557807: 5902-7f1c62e88000: cdpl_worker.c:1092: in cdpl_wk_wait_timeout(): info: starting task T397
1748032352.557820: 5902-7f1c62e88000: cdpl_compat_worker.c:597: in cdplWorkerLogInfo(): info: [runOneAcquisitionAdaptive AN2D4 delay__A2__lh__Z__lh__ACQ_1 job_398 ]
1748032359.478071: 5902-7f1c62e88000: cdpl_worker.c:1208: in cdpl_wk_finalize(): info: finishing task T397
1748032359.480710: 5902-7f1c54569700: cdpl_worker.c:585: in cdpl_wk_listen(): debug: received ASSIGN message
1748032359.480725: 5902-7f1c62e88000: cdpl_worker.c:1092: in cdpl_wk_wait_timeout(): info: starting task T448
1748032359.480738: 5902-7f1c62e88000: cdpl_compat_worker.c:597: in cdplWorkerLogInfo(): info: [runOneAcquisitionAdaptive ND2D2 Cin__A1__hl__ACQ_1 job_449 ]
1748032362.096254: 5902-7f1c62e88000: cdpl_worker.c:1208: in cdpl_wk_finalize(): info: finishing task T448
1748032362.096426: 5902-7f1c54569700: cdpl_worker.c:585: in cdpl_wk_listen(): debug: received ASSIGN message
1748032362.096443: 5902-7f1c62e88000: cdpl_worker.c:1092: in cdpl_wk_wait_timeout(): info: starting task T464
1748032362.096458: 5902-7f1c62e88000: cdpl_compat_worker.c:597: in cdplWorkerLogInfo(): info: [runOneAcquisitionAdaptive ND2D4 delay__A1__lh__ZN__hl__ACQ_1 job_465 ]
1748032367.798391: 5902-7f1c62e88000: cdpl_worker.c:1208: in cdpl_wk_finalize(): info: finishing task T464
1748032367.803813: 5902-7f1c54569700: cdpl_worker.c:585: in cdpl_wk_listen(): debug: received ASSIGN message
1748032367.803825: 5902-7f1c62e88000: cdpl_worker.c:1092: in cdpl_wk_wait_timeout(): info: starting task T508
1748032367.803835: 5902-7f1c62e88000: cdpl_compat_worker.c:597: in cdplWorkerLogInfo(): info: [runOneAcquisitionAdaptive NR2D2 Cin__A1__hl__ACQ_1 job_509 ]
1748032369.700694: 5902-7f1c62e88000: cdpl_worker.c:1208: in cdpl_wk_finalize(): info: finishing task T508
1748032369.700876: 5902-7f1c54569700: cdpl_worker.c:585: in cdpl_wk_listen(): debug: received ASSIGN message
1748032369.700888: 5902-7f1c62e88000: cdpl_worker.c:1092: in cdpl_wk_wait_timeout(): info: starting task T523
1748032369.700898: 5902-7f1c62e88000: cdpl_compat_worker.c:597: in cdplWorkerLogInfo(): info: [runOneAcquisitionAdaptive NR2D4 leakage_power__ACQ_1 job_524 ]
1748032371.834786: 5902-7f1c62e88000: cdpl_worker.c:1208: in cdpl_wk_finalize(): info: finishing task T523
1748032371.839323: 5902-7f1c54569700: cdpl_worker.c:585: in cdpl_wk_listen(): debug: received ASSIGN message
1748032371.839364: 5902-7f1c62e88000: cdpl_worker.c:1092: in cdpl_wk_wait_timeout(): info: starting task T540
1748032371.839377: 5902-7f1c62e88000: cdpl_compat_worker.c:597: in cdplWorkerLogInfo(): info: [runOneAcquisitionAdaptive NR2D8 delay__A2__hl__ZN__lh__ACQ_1 job_541 ]
1748032381.134295: 5902-7f1c62e88000: cdpl_worker.c:1208: in cdpl_wk_finalize(): info: finishing task T540
1748032381.138422: 5902-7f1c54569700: cdpl_worker.c:585: in cdpl_wk_listen(): debug: received ASSIGN message
1748032381.138434: 5902-7f1c62e88000: cdpl_worker.c:1092: in cdpl_wk_wait_timeout(): info: starting task T604
1748032381.138444: 5902-7f1c62e88000: cdpl_compat_worker.c:597: in cdplWorkerLogInfo(): info: [runOneAcquisitionAdaptive XNR2D1 leakage_power__ACQ_2 job_605 ]
1748032383.434826: 5902-7f1c62e88000: cdpl_worker.c:1208: in cdpl_wk_finalize(): info: finishing task T604
1748032383.436564: 5902-7f1c54569700: cdpl_worker.c:585: in cdpl_wk_listen(): debug: received ASSIGN message
1748032383.438212: 5902-7f1c62e88000: cdpl_worker.c:1092: in cdpl_wk_wait_timeout(): info: starting task T613
1748032383.438226: 5902-7f1c62e88000: cdpl_compat_worker.c:597: in cdplWorkerLogInfo(): info: [runOneAcquisitionAdaptive XNR2D2 leakage_power__ACQ_1 job_614 ]
1748032385.388133: 5902-7f1c62e88000: cdpl_worker.c:1208: in cdpl_wk_finalize(): info: finishing task T613
1748032385.388295: 5902-7f1c54569700: cdpl_worker.c:585: in cdpl_wk_listen(): debug: received ASSIGN message
1748032385.398332: 5902-7f1c62e88000: cdpl_worker.c:1092: in cdpl_wk_wait_timeout(): info: starting task T621
1748032385.398359: 5902-7f1c62e88000: cdpl_compat_worker.c:597: in cdplWorkerLogInfo(): info: [runOneAcquisitionAdaptive XNR2D4 delay__A2__lh__ZN__lh__ACQ_1 job_622 ]
1748032394.450767: 5902-7f1c62e88000: cdpl_worker.c:1208: in cdpl_wk_finalize(): info: finishing task T621
1748032394.460525: 5902-7f1c54569700: cdpl_worker.c:585: in cdpl_wk_listen(): debug: received ASSIGN message
1748032394.460543: 5902-7f1c62e88000: cdpl_worker.c:1092: in cdpl_wk_wait_timeout(): info: starting task T659
1748032394.460562: 5902-7f1c62e88000: cdpl_compat_worker.c:597: in cdplWorkerLogInfo(): info: [runOneAcquisitionAdaptive XOR2D2 delay__A2__lh__Z__hl__ACQ_1 job_660 ]
1748032400.979701: 5902-7f1c62e88000: cdpl_worker.c:1208: in cdpl_wk_finalize(): info: finishing task T659
1748032400.990556: 5902-7f1c54569700: cdpl_worker.c:585: in cdpl_wk_listen(): debug: received ASSIGN message
1748032400.994054: 5902-7f1c62e88000: cdpl_worker.c:1092: in cdpl_wk_wait_timeout(): info: starting task T704
1748032400.994072: 5902-7f1c62e88000: cdpl_compat_worker.c:597: in cdplWorkerLogInfo(): info: [runOneAcquisitionAdaptive INVD1 delay__I__hl__ZN__lh__ACQ_1 job_705 ]
1748032403.362656: 5902-7f1c62e88000: cdpl_worker.c:1208: in cdpl_wk_finalize(): info: finishing task T704
1748032403.373493: 5902-7f1c54569700: cdpl_worker.c:585: in cdpl_wk_listen(): debug: received ASSIGN message
1748032403.373509: 5902-7f1c62e88000: cdpl_worker.c:1092: in cdpl_wk_wait_timeout(): info: starting task T717
1748032403.373521: 5902-7f1c62e88000: cdpl_compat_worker.c:597: in cdplWorkerLogInfo(): info: [runOneAcquisitionAdaptive INVD20 leakage_power__ACQ_1 job_718 ]
1748032405.598933: 5902-7f1c62e88000: cdpl_worker.c:1208: in cdpl_wk_finalize(): info: finishing task T717
1748032405.604468: 5902-7f1c54569700: cdpl_worker.c:585: in cdpl_wk_listen(): debug: received ASSIGN message
1748032405.604482: 5902-7f1c62e88000: cdpl_worker.c:1092: in cdpl_wk_wait_timeout(): info: starting task T731
1748032405.604492: 5902-7f1c62e88000: cdpl_compat_worker.c:597: in cdplWorkerLogInfo(): info: [runOneAcquisitionAdaptive INVD4 delay__I__lh__ZN__hl__ACQ_1 job_732 ]
1748032409.480934: 5902-7f1c62e88000: cdpl_worker.c:1208: in cdpl_wk_finalize(): info: finishing task T731
1748032415.888570: 5902-7f1c54569700: cdpl_worker.c:616: in cdpl_wk_listen(): debug: received RELAY message
1748032417.490356: 5902-7f1c54569700: cdpl_worker.c:585: in cdpl_wk_listen(): debug: received ASSIGN message
1748032417.491089: 5902-7f1c62e88000: cdpl_worker.c:1092: in cdpl_wk_wait_timeout(): info: starting task T755
1748032417.776434: 5902-7f1c62e88000: cdpl_compat_worker.c:597: in cdplWorkerLogInfo(): info: [modelOneCellAdaptive {OAI21D2 }]
1748032421.808624: 5902-7f1c62e88000: cdpl_worker.c:1208: in cdpl_wk_finalize(): info: finishing task T755
1748032421.835496: 5902-7f1c54569700: cdpl_worker.c:585: in cdpl_wk_listen(): debug: received ASSIGN message
1748032421.835509: 5902-7f1c62e88000: cdpl_worker.c:1092: in cdpl_wk_wait_timeout(): info: starting task T781
1748032421.835522: 5902-7f1c62e88000: cdpl_compat_worker.c:597: in cdplWorkerLogInfo(): info: [modelOneCellAdaptive {XNR2D1 }]
1748032425.962717: 5902-7f1c62e88000: cdpl_worker.c:1208: in cdpl_wk_finalize(): info: finishing task T781
1748032450.556049: 5902-7f1c54569700: cdpl_worker.c:616: in cdpl_wk_listen(): debug: received RELAY message
1748032450.579966: 5902-7f1c54d6a700: cdpl_ipc.c:606: in _readv(): warning: read(): EOF
1748032450.579991: 5902-7f1c54d6a700: cdpl_ipc.c:1462: in _epoll_recv(): debug: _readv(): Broken pipe
1748032450.579996: 5902-7f1c54d6a700: cdpl_ipc.c:1683: in _epoll_main(): debug: _epoll_recv(): Broken pipe
1748032450.580001: 5902-7f1c54d6a700: cdpl_ipc.c:1061: in _host_drop__UNSAFE(): debug: dropping host `128.54.67.138:33374'
1748032450.580109: 5902-7f1c54569700: cdpl_worker.c:561: in cdpl_wk_listen(): debug: received DROP notification
1748032450.580122: 5902-7f1c54569700: cdpl_worker.c:565: in cdpl_wk_listen(): debug: we were dropped by the server
1748032450.580128: 5902-7f1c54569700: cdpl_worker.c:492: in _wk_kill(): debug: killing worker
1748032450.580140: 5902-7f1c54569700: cdpl_ipc.c:2481: in cdpl_ipc_kill(): debug: stopping event server
1748032450.580160: 5902-7f1c54569700: cdpl_worker.c:542: in cdpl_wk_listen(): debug: leaving now
1748032450.580221: 5902-7f1c54d6a700: cdpl_ipc.c:1720: in _epoll_main(): debug: server going down...
1748032450.580472: 5902-7f1c62e88000: cdpl_compat_worker.c:597: in cdplWorkerLogInfo(): info: [Worker shutdown. Code: 3]
1748032450.586565: 5902-7f1c62e88000: cdpl_worker.c:856: in _wk_shutdown(): debug: waiting for heartbeat thread
1748032450.586596: 5902-7f1c53d68700: cdpl_worker.c:709: in cdpl_wk_heartbeat(): info: stopping heartbeat
1748032450.586847: 5902-7f1c62e88000: cdpl_ipc.c:1781: in cdpl_ipc_host_release(): debug: releasing host `128.54.67.138:33374'
1748032450.586872: 5902-7f1c62e88000: cdpl_ipc.c:2532: in cdpl_ipc_free(): debug: releasing IPC handle
1748032450.586877: 5902-7f1c62e88000: cdpl_ipc.c:986: in _host_free__UNSAFE(): debug: freeing host `128.54.67.138:33374'
1748032450.586883: 5902-7f1c62e88000: cdpl_ipc.c:1028: in _host_free__UNSAFE(): debug: [0 outq, 0 spR, 0 spW]
1748032450.586901: 5902-7f1c62e88000: cdpl_ipc.c:2571: in cdpl_ipc_free(): debug: done
1748032450.586905: 5902-7f1c62e88000: cdpl_worker.c:912: in cdpl_wk_free(): info: freed
1748032450.586909: 5902-7f1c62e88000: cdpl_log.c:359: in cdpl_log_close(): debug: @@end_of_log@@
