1748033434.146530: 7222-7f53dfc36000: cdpl_log.c:221: in cdpl_log_open(): debug: @@start_of_log@@
1748033434.146606: 7222-7f53dfc36000: cdpl_log.c:729: in cdpl_log_dump_sysinfo(): info: time: 2025/05/23 13:50:34 PDT -0700
1748033434.146617: 7222-7f53dfc36000: cdpl_log.c:731: in cdpl_log_dump_sysinfo(): info: version: L_2016.03_SP2_PROD_CDPL 
1748033434.146625: 7222-7f53dfc36000: cdpl_log.c:736: in cdpl_log_dump_sysinfo(): info: system: Linux 3.10.0-1160.119.1.el7.x86_64 #1 SMP Tue Jun 4 14:43:51 UTC 2024
1748033434.146632: 7222-7f53dfc36000: cdpl_log.c:740: in cdpl_log_dump_sysinfo(): info: processor: x86_64 64-bits
1748033434.146639: 7222-7f53dfc36000: cdpl_log.c:742: in cdpl_log_dump_sysinfo(): info: hostname: ieng6-ece-08.ucsd.edu
1748033434.146646: 7222-7f53dfc36000: cdpl_log.c:223: in cdpl_log_open(): debug: path: /home/linux/ieng6/cs241asp25/cs241asp25bu/lab5/run_siliconsmart/LIB_FF_1.1_-40_ALL/runtime/cdpl/worker.W23.ieng6-ece-08.ucsd.edu.7222.log
1748033434.146653: 7222-7f53dfc36000: cdpl_log.c:224: in cdpl_log_open(): debug: dir: /home/linux/ieng6/cs241asp25/cs241asp25bu/lab5/run_siliconsmart/LIB_FF_1.1_-40_ALL/runtime/cdpl
1748033434.146668: 7222-7f53dfc36000: cdpl_worker.c:728: in cdpl_wk_new(): info: creating worker instance
1748033434.149271: 7222-7f53dfc36000: cdpl_worker.c:925: in cdpl_wk_start(): debug: starting worker
1748033434.149281: 7222-7f53dfc36000: cdpl_worker.c:276: in cdpl_wk_setup(): info: CDPL_SERVER is "128.54.67.138:38320"
1748033434.149285: 7222-7f53dfc36000: cdpl_worker.c:299: in cdpl_wk_setup(): info: server 128.54.67.138, port 38320
1748033434.149288: 7222-7f53dfc36000: cdpl_worker.c:319: in cdpl_wk_setup(): info: CDPL_ID is "23:1:1:1:1244849655"
1748033434.149297: 7222-7f53dfc36000: cdpl_worker.c:361: in cdpl_wk_setup(): info: we are W23-B1-J1-M1-S1244849655
1748033434.149300: 7222-7f53dfc36000: cdpl_worker.c:363: in cdpl_wk_setup(): info: we are on host ieng6-ece-08.ucsd.edu
1748033434.149302: 7222-7f53dfc36000: cdpl_worker.c:372: in cdpl_wk_daemonize(): debug: will *not* daemonize
1748033434.149306: 7222-7f53dfc36000: cdpl_ipc.c:2593: in cdpl_ipc_connect(): info: connecting to 128.54.67.138:38320
1748033434.149414: 7222-7f53dfc36000: cdpl_ipc.c:2659: in cdpl_ipc_connect(): info: connected as `128.54.67.138:50970'
1748033434.149429: 7222-7f53dfc36000: cdpl_ipc.c:1763: in cdpl_ipc_host_accept(): debug: accepted host `128.54.67.138:38320'
1748033434.149437: 7222-7f53dfc36000: cdpl_ipc.c:2436: in cdpl_ipc_start(): debug: starting IPC server 128.54.67.138:35151
1748033434.149553: 7222-7f53dfc36000: cdpl_compat_worker.c:148: in cdplStartWorker(): info: SNPSLMD_LICENSE_FILE is 1705@its-flexlm-lnx4.ucsd.edu:1705@acms-flexlm-lnx4.ucsd.edu,1705@acms-flexlm-lnx5.ucsd.edu,1705@acms-flexlm-lnx6.ucsd.edu
1748033434.149631: 7222-7f53dfc36000: cdpl_compat_worker.c:597: in cdplWorkerLogInfo(): info: [Maximum lifespan of worker is set to 1200m]
1748033434.149676: 7222-7f53dfc36000: cdpl_compat_worker.c:597: in cdplWorkerLogInfo(): info: [Peak virtual memory is set to 128GB]
1748033434.149692: 7222-7f53d0b16700: cdpl_worker.c:656: in cdpl_wk_heartbeat(): debug: starting heartbeat
1748033434.149703: 7222-7f53d0b16700: cdpl_worker.c:665: in cdpl_wk_heartbeat(): info: setting heartbeat period to 60 sec
1748033434.149706: 7222-7f53d0b16700: cdpl_worker.c:673: in cdpl_wk_heartbeat(): info: first heartbeat in 1 sec
1748033434.154125: 7222-7f53d1317700: cdpl_worker.c:528: in cdpl_wk_listen(): debug: ready
1748033434.168167: 7222-7f53d1317700: cdpl_worker.c:585: in cdpl_wk_listen(): debug: received ASSIGN message
1748033434.168182: 7222-7f53dfc36000: cdpl_worker.c:1092: in cdpl_wk_wait_timeout(): info: starting task T65
1748033434.168198: 7222-7f53dfc36000: cdpl_compat_worker.c:597: in cdplWorkerLogInfo(): info: [configOneCellAdaptive { XOR2D2 }]
1748033434.943489: 7222-7f53dfc36000: cdpl_worker.c:1208: in cdpl_wk_finalize(): info: finishing task T65
1748033465.607365: 7222-7f53d1317700: cdpl_worker.c:616: in cdpl_wk_listen(): debug: received RELAY message
1748033465.935382: 7222-7f53d1317700: cdpl_worker.c:616: in cdpl_wk_listen(): debug: received RELAY message
1748033468.211973: 7222-7f53d1317700: cdpl_worker.c:585: in cdpl_wk_listen(): debug: received ASSIGN message
1748033468.213131: 7222-7f53dfc36000: cdpl_worker.c:1092: in cdpl_wk_wait_timeout(): info: starting task T88
1748033468.876237: 7222-7f53dfc36000: cdpl_compat_worker.c:597: in cdplWorkerLogInfo(): info: [runOneAcquisitionAdaptive DFCSNQD1 leakage_power__ACQ_10 job_89 ]
1748033471.885198: 7222-7f53dfc36000: cdpl_worker.c:1208: in cdpl_wk_finalize(): info: finishing task T88
1748033471.887597: 7222-7f53d1317700: cdpl_worker.c:585: in cdpl_wk_listen(): debug: received ASSIGN message
1748033471.889269: 7222-7f53dfc36000: cdpl_worker.c:1092: in cdpl_wk_wait_timeout(): info: starting task T105
1748033471.889283: 7222-7f53dfc36000: cdpl_compat_worker.c:597: in cdplWorkerLogInfo(): info: [runOneAcquisitionAdaptive DFCSNQD2 leakage_power__ACQ_1 job_106 ]
1748033474.207242: 7222-7f53dfc36000: cdpl_worker.c:1208: in cdpl_wk_finalize(): info: finishing task T105
1748033474.207421: 7222-7f53d1317700: cdpl_worker.c:585: in cdpl_wk_listen(): debug: received ASSIGN message
1748033474.207435: 7222-7f53dfc36000: cdpl_worker.c:1092: in cdpl_wk_wait_timeout(): info: starting task T113
1748033474.207444: 7222-7f53dfc36000: cdpl_compat_worker.c:597: in cdplWorkerLogInfo(): info: [runOneAcquisitionAdaptive DFCSNQD2 asynch_recover__SDN__lh__CDN__lh__ACQ_1 job_114 ]
1748033498.609460: 7222-7f53dfc36000: cdpl_worker.c:1208: in cdpl_wk_finalize(): info: finishing task T113
1748033498.620086: 7222-7f53d1317700: cdpl_worker.c:585: in cdpl_wk_listen(): debug: received ASSIGN message
1748033498.620117: 7222-7f53dfc36000: cdpl_worker.c:1092: in cdpl_wk_wait_timeout(): info: starting task T153
1748033498.620133: 7222-7f53dfc36000: cdpl_compat_worker.c:597: in cdplWorkerLogInfo(): info: [runOneAcquisitionAdaptive DFCSNQD4 recover__SDN__lh__CP__lh__ACQ_1 job_154 ]
1748033527.654627: 7222-7f53dfc36000: cdpl_worker.c:1208: in cdpl_wk_finalize(): info: finishing task T153
1748033527.678272: 7222-7f53d1317700: cdpl_worker.c:585: in cdpl_wk_listen(): debug: received ASSIGN message
1748033527.685462: 7222-7f53dfc36000: cdpl_worker.c:1092: in cdpl_wk_wait_timeout(): info: starting task T234
1748033527.685481: 7222-7f53dfc36000: cdpl_compat_worker.c:597: in cdplWorkerLogInfo(): info: [runOneAcquisitionAdaptive AOI21D4 Cin__A2__lh__ACQ_1 job_235 ]
1748033530.488998: 7222-7f53dfc36000: cdpl_worker.c:1208: in cdpl_wk_finalize(): info: finishing task T234
1748033530.497457: 7222-7f53d1317700: cdpl_worker.c:585: in cdpl_wk_listen(): debug: received ASSIGN message
1748033530.497489: 7222-7f53dfc36000: cdpl_worker.c:1092: in cdpl_wk_wait_timeout(): info: starting task T246
1748033530.497508: 7222-7f53dfc36000: cdpl_compat_worker.c:597: in cdplWorkerLogInfo(): info: [runOneAcquisitionAdaptive MUX2D0 leakage_power__ACQ_1 job_247 ]
1748033533.167590: 7222-7f53dfc36000: cdpl_worker.c:1208: in cdpl_wk_finalize(): info: finishing task T246
1748033533.167778: 7222-7f53d1317700: cdpl_worker.c:585: in cdpl_wk_listen(): debug: received ASSIGN message
1748033533.167787: 7222-7f53dfc36000: cdpl_worker.c:1092: in cdpl_wk_wait_timeout(): info: starting task T255
1748033533.167796: 7222-7f53dfc36000: cdpl_compat_worker.c:597: in cdplWorkerLogInfo(): info: [runOneAcquisitionAdaptive MUX2D0 Cin__I0__lh__ACQ_1 job_256 ]
1748033535.004336: 7222-7f53dfc36000: cdpl_worker.c:1208: in cdpl_wk_finalize(): info: finishing task T255
1748033535.014496: 7222-7f53d1317700: cdpl_worker.c:585: in cdpl_wk_listen(): debug: received ASSIGN message
1748033535.024329: 7222-7f53dfc36000: cdpl_worker.c:1092: in cdpl_wk_wait_timeout(): info: starting task T262
1748033535.024352: 7222-7f53dfc36000: cdpl_compat_worker.c:597: in cdplWorkerLogInfo(): info: [runOneAcquisitionAdaptive MUX2D1 leakage_power__ACQ_1 job_263 ]
1748033537.512660: 7222-7f53dfc36000: cdpl_worker.c:1208: in cdpl_wk_finalize(): info: finishing task T262
1748033537.512837: 7222-7f53d1317700: cdpl_worker.c:585: in cdpl_wk_listen(): debug: received ASSIGN message
1748033537.512845: 7222-7f53dfc36000: cdpl_worker.c:1092: in cdpl_wk_wait_timeout(): info: starting task T277
1748033537.512857: 7222-7f53dfc36000: cdpl_compat_worker.c:597: in cdplWorkerLogInfo(): info: [runOneAcquisitionAdaptive MUX2D2 Cin__I1__lh__ACQ_1 job_278 ]
1748033540.859706: 7222-7f53dfc36000: cdpl_worker.c:1208: in cdpl_wk_finalize(): info: finishing task T277
1748033540.878449: 7222-7f53d1317700: cdpl_worker.c:585: in cdpl_wk_listen(): debug: received ASSIGN message
1748033540.881369: 7222-7f53dfc36000: cdpl_worker.c:1092: in cdpl_wk_wait_timeout(): info: starting task T294
1748033540.881388: 7222-7f53dfc36000: cdpl_compat_worker.c:597: in cdplWorkerLogInfo(): info: [runOneAcquisitionAdaptive MUX2D4 leakage_power__ACQ_1 job_295 ]
1748033543.145836: 7222-7f53dfc36000: cdpl_worker.c:1208: in cdpl_wk_finalize(): info: finishing task T294
1748033543.161370: 7222-7f53d1317700: cdpl_worker.c:585: in cdpl_wk_listen(): debug: received ASSIGN message
1748033543.161394: 7222-7f53dfc36000: cdpl_worker.c:1092: in cdpl_wk_wait_timeout(): info: starting task T306
1748033543.161409: 7222-7f53dfc36000: cdpl_compat_worker.c:597: in cdplWorkerLogInfo(): info: [runOneAcquisitionAdaptive OAI21D0 Cin__A1__lh__ACQ_1 job_307 ]
1748033545.056200: 7222-7f53dfc36000: cdpl_worker.c:1208: in cdpl_wk_finalize(): info: finishing task T306
1748033545.074385: 7222-7f53d1317700: cdpl_worker.c:585: in cdpl_wk_listen(): debug: received ASSIGN message
1748033545.074417: 7222-7f53dfc36000: cdpl_worker.c:1092: in cdpl_wk_wait_timeout(): info: starting task T316
1748033545.074436: 7222-7f53dfc36000: cdpl_compat_worker.c:597: in cdplWorkerLogInfo(): info: [runOneAcquisitionAdaptive OAI21D0 Cin__B__hl__ACQ_1 job_317 ]
1748033546.664441: 7222-7f53dfc36000: cdpl_worker.c:1208: in cdpl_wk_finalize(): info: finishing task T316
1748033546.664632: 7222-7f53d1317700: cdpl_worker.c:585: in cdpl_wk_listen(): debug: received ASSIGN message
1748033546.664785: 7222-7f53dfc36000: cdpl_worker.c:1092: in cdpl_wk_wait_timeout(): info: starting task T323
1748033546.664797: 7222-7f53dfc36000: cdpl_compat_worker.c:597: in cdplWorkerLogInfo(): info: [runOneAcquisitionAdaptive OAI21D1 delay__A1__lh__ZN__hl__ACQ_1 job_324 ]
1748033549.576541: 7222-7f53dfc36000: cdpl_worker.c:1208: in cdpl_wk_finalize(): info: finishing task T323
1748033549.589344: 7222-7f53d1317700: cdpl_worker.c:585: in cdpl_wk_listen(): debug: received ASSIGN message
1748033549.589368: 7222-7f53dfc36000: cdpl_worker.c:1092: in cdpl_wk_wait_timeout(): info: starting task T346
1748033549.589384: 7222-7f53dfc36000: cdpl_compat_worker.c:597: in cdplWorkerLogInfo(): info: [runOneAcquisitionAdaptive OAI21D2 delay__B__hl__ZN__lh__ACQ_1 job_347 ]
1748033555.094855: 7222-7f53dfc36000: cdpl_worker.c:1208: in cdpl_wk_finalize(): info: finishing task T346
1748033555.160799: 7222-7f53d1317700: cdpl_worker.c:585: in cdpl_wk_listen(): debug: received ASSIGN message
1748033555.160848: 7222-7f53dfc36000: cdpl_worker.c:1092: in cdpl_wk_wait_timeout(): info: starting task T379
1748033555.160860: 7222-7f53dfc36000: cdpl_compat_worker.c:597: in cdplWorkerLogInfo(): info: [runOneAcquisitionAdaptive AN2D1 Cin__A2__lh__ACQ_1 job_380 ]
1748033557.841231: 7222-7f53dfc36000: cdpl_worker.c:1208: in cdpl_wk_finalize(): info: finishing task T379
1748033557.841424: 7222-7f53d1317700: cdpl_worker.c:585: in cdpl_wk_listen(): debug: received ASSIGN message
1748033557.841501: 7222-7f53dfc36000: cdpl_worker.c:1092: in cdpl_wk_wait_timeout(): info: starting task T391
1748033557.841516: 7222-7f53dfc36000: cdpl_compat_worker.c:597: in cdplWorkerLogInfo(): info: [runOneAcquisitionAdaptive AN2D4 Cin__A2__hl__ACQ_1 job_392 ]
1748033559.967805: 7222-7f53dfc36000: cdpl_worker.c:1208: in cdpl_wk_finalize(): info: finishing task T391
1748033559.987372: 7222-7f53d1317700: cdpl_worker.c:585: in cdpl_wk_listen(): debug: received ASSIGN message
1748033559.993329: 7222-7f53dfc36000: cdpl_worker.c:1092: in cdpl_wk_wait_timeout(): info: starting task T413
1748033559.993345: 7222-7f53dfc36000: cdpl_compat_worker.c:597: in cdplWorkerLogInfo(): info: [runOneAcquisitionAdaptive AN2XD1 delay__A1__lh__Z__lh__ACQ_1 job_414 ]
1748033564.100612: 7222-7f53dfc36000: cdpl_worker.c:1208: in cdpl_wk_finalize(): info: finishing task T413
1748033564.109317: 7222-7f53d1317700: cdpl_worker.c:585: in cdpl_wk_listen(): debug: received ASSIGN message
1748033564.109331: 7222-7f53dfc36000: cdpl_worker.c:1092: in cdpl_wk_wait_timeout(): info: starting task T440
1748033564.109341: 7222-7f53dfc36000: cdpl_compat_worker.c:597: in cdplWorkerLogInfo(): info: [runOneAcquisitionAdaptive ND2D1 delay__A2__hl__ZN__lh__ACQ_1 job_441 ]
1748033567.692418: 7222-7f53dfc36000: cdpl_worker.c:1208: in cdpl_wk_finalize(): info: finishing task T440
1748033567.693481: 7222-7f53d1317700: cdpl_worker.c:585: in cdpl_wk_listen(): debug: received ASSIGN message
1748033567.693495: 7222-7f53dfc36000: cdpl_worker.c:1092: in cdpl_wk_wait_timeout(): info: starting task T469
1748033567.693503: 7222-7f53dfc36000: cdpl_compat_worker.c:597: in cdplWorkerLogInfo(): info: [runOneAcquisitionAdaptive ND2D4 delay__A2__lh__ZN__hl__ACQ_1 job_470 ]
1748033572.673254: 7222-7f53dfc36000: cdpl_worker.c:1208: in cdpl_wk_finalize(): info: finishing task T469
1748033572.691373: 7222-7f53d1317700: cdpl_worker.c:585: in cdpl_wk_listen(): debug: received ASSIGN message
1748033572.697348: 7222-7f53dfc36000: cdpl_worker.c:1092: in cdpl_wk_wait_timeout(): info: starting task T501
1748033572.697367: 7222-7f53dfc36000: cdpl_compat_worker.c:597: in cdplWorkerLogInfo(): info: [runOneAcquisitionAdaptive NR2D2 Cin__A2__hl__ACQ_1 job_502 ]
1748033575.729075: 7222-7f53dfc36000: cdpl_worker.c:1208: in cdpl_wk_finalize(): info: finishing task T501
1748033575.734630: 7222-7f53d1317700: cdpl_worker.c:585: in cdpl_wk_listen(): debug: received ASSIGN message
1748033575.734655: 7222-7f53dfc36000: cdpl_worker.c:1092: in cdpl_wk_wait_timeout(): info: starting task T524
1748033575.734672: 7222-7f53dfc36000: cdpl_compat_worker.c:597: in cdplWorkerLogInfo(): info: [runOneAcquisitionAdaptive NR2D4 leakage_power__ACQ_2 job_525 ]
1748033577.903503: 7222-7f53dfc36000: cdpl_worker.c:1208: in cdpl_wk_finalize(): info: finishing task T524
1748033577.903702: 7222-7f53d1317700: cdpl_worker.c:585: in cdpl_wk_listen(): debug: received ASSIGN message
1748033577.903712: 7222-7f53dfc36000: cdpl_worker.c:1092: in cdpl_wk_wait_timeout(): info: starting task T540
1748033577.903720: 7222-7f53dfc36000: cdpl_compat_worker.c:597: in cdplWorkerLogInfo(): info: [runOneAcquisitionAdaptive NR2D8 delay__A2__hl__ZN__lh__ACQ_1 job_541 ]
1748033584.253605: 7222-7f53dfc36000: cdpl_worker.c:1208: in cdpl_wk_finalize(): info: finishing task T540
1748033584.257173: 7222-7f53d1317700: cdpl_worker.c:585: in cdpl_wk_listen(): debug: received ASSIGN message
1748033584.257191: 7222-7f53dfc36000: cdpl_worker.c:1092: in cdpl_wk_wait_timeout(): info: starting task T584
1748033584.257204: 7222-7f53dfc36000: cdpl_compat_worker.c:597: in cdplWorkerLogInfo(): info: [runOneAcquisitionAdaptive OR2XD1 delay__A1__hl__Z__hl__ACQ_1 job_585 ]
1748033588.404692: 7222-7f53dfc36000: cdpl_worker.c:1208: in cdpl_wk_finalize(): info: finishing task T584
1748033588.412623: 7222-7f53d1317700: cdpl_worker.c:585: in cdpl_wk_listen(): debug: received ASSIGN message
1748033588.412659: 7222-7f53dfc36000: cdpl_worker.c:1092: in cdpl_wk_wait_timeout(): info: starting task T611
1748033588.412670: 7222-7f53dfc36000: cdpl_compat_worker.c:597: in cdplWorkerLogInfo(): info: [runOneAcquisitionAdaptive XNR2D2 delay__A2__lh__ZN__lh__ACQ_1 job_612 ]
1748033594.599551: 7222-7f53dfc36000: cdpl_worker.c:1208: in cdpl_wk_finalize(): info: finishing task T611
1748033594.610437: 7222-7f53d1317700: cdpl_worker.c:585: in cdpl_wk_listen(): debug: received ASSIGN message
1748033594.610480: 7222-7f53dfc36000: cdpl_worker.c:1092: in cdpl_wk_wait_timeout(): info: starting task T640
1748033594.610492: 7222-7f53dfc36000: cdpl_compat_worker.c:597: in cdplWorkerLogInfo(): info: [runOneAcquisitionAdaptive XOR2D0 delay__A2__hl__Z__lh__ACQ_1 job_641 ]
1748033601.115625: 7222-7f53dfc36000: cdpl_worker.c:1208: in cdpl_wk_finalize(): info: finishing task T640
1748033601.122461: 7222-7f53d1317700: cdpl_worker.c:585: in cdpl_wk_listen(): debug: received ASSIGN message
1748033601.123645: 7222-7f53dfc36000: cdpl_worker.c:1092: in cdpl_wk_wait_timeout(): info: starting task T667
1748033601.123665: 7222-7f53dfc36000: cdpl_compat_worker.c:597: in cdplWorkerLogInfo(): info: [runOneAcquisitionAdaptive BUFFD1 delay__I__lh__Z__lh__ACQ_1 job_668 ]
1748033604.544942: 7222-7f53dfc36000: cdpl_worker.c:1208: in cdpl_wk_finalize(): info: finishing task T667
1748033604.545110: 7222-7f53d1317700: cdpl_worker.c:585: in cdpl_wk_listen(): debug: received ASSIGN message
1748033604.545212: 7222-7f53dfc36000: cdpl_worker.c:1092: in cdpl_wk_wait_timeout(): info: starting task T689
1748033604.545226: 7222-7f53dfc36000: cdpl_compat_worker.c:597: in cdplWorkerLogInfo(): info: [runOneAcquisitionAdaptive BUFFD6 leakage_power__ACQ_1 job_690 ]
1748033606.497172: 7222-7f53dfc36000: cdpl_worker.c:1208: in cdpl_wk_finalize(): info: finishing task T689
1748033606.497466: 7222-7f53d1317700: cdpl_worker.c:585: in cdpl_wk_listen(): debug: received ASSIGN message
1748033606.497477: 7222-7f53dfc36000: cdpl_worker.c:1092: in cdpl_wk_wait_timeout(): info: starting task T704
1748033606.497487: 7222-7f53dfc36000: cdpl_compat_worker.c:597: in cdplWorkerLogInfo(): info: [runOneAcquisitionAdaptive INVD1 delay__I__hl__ZN__lh__ACQ_1 job_705 ]
1748033609.950979: 7222-7f53dfc36000: cdpl_worker.c:1208: in cdpl_wk_finalize(): info: finishing task T704
1748033609.956507: 7222-7f53d1317700: cdpl_worker.c:585: in cdpl_wk_listen(): debug: received ASSIGN message
1748033609.963336: 7222-7f53dfc36000: cdpl_worker.c:1092: in cdpl_wk_wait_timeout(): info: starting task T724
1748033609.963354: 7222-7f53dfc36000: cdpl_compat_worker.c:597: in cdplWorkerLogInfo(): info: [runOneAcquisitionAdaptive INVD24 delay__I__hl__ZN__lh__ACQ_1 job_725 ]
1748033615.366073: 7222-7f53dfc36000: cdpl_worker.c:1208: in cdpl_wk_finalize(): info: finishing task T724
1748033620.407355: 7222-7f53d1317700: cdpl_worker.c:616: in cdpl_wk_listen(): debug: received RELAY message
1748033623.315462: 7222-7f53d1317700: cdpl_worker.c:585: in cdpl_wk_listen(): debug: received ASSIGN message
1748033623.316732: 7222-7f53dfc36000: cdpl_worker.c:1092: in cdpl_wk_wait_timeout(): info: starting task T764
1748033623.573614: 7222-7f53dfc36000: cdpl_compat_worker.c:597: in cdplWorkerLogInfo(): info: [modelOneCellAdaptive {ND2D1 }]
1748033627.086540: 7222-7f53dfc36000: cdpl_worker.c:1208: in cdpl_wk_finalize(): info: finishing task T764
1748033627.096934: 7222-7f53d1317700: cdpl_worker.c:585: in cdpl_wk_listen(): debug: received ASSIGN message
1748033627.096951: 7222-7f53dfc36000: cdpl_worker.c:1092: in cdpl_wk_wait_timeout(): info: starting task T792
1748033627.096962: 7222-7f53dfc36000: cdpl_compat_worker.c:597: in cdplWorkerLogInfo(): info: [modelOneCellAdaptive {BUFFD3 }]
1748033629.594053: 7222-7f53dfc36000: cdpl_worker.c:1208: in cdpl_wk_finalize(): info: finishing task T792
1748033655.399419: 7222-7f53d1317700: cdpl_worker.c:616: in cdpl_wk_listen(): debug: received RELAY message
1748033655.427257: 7222-7f53d1b18700: cdpl_ipc.c:606: in _readv(): warning: read(): EOF
1748033655.427294: 7222-7f53d1b18700: cdpl_ipc.c:1462: in _epoll_recv(): debug: _readv(): Broken pipe
1748033655.427301: 7222-7f53d1b18700: cdpl_ipc.c:1683: in _epoll_main(): debug: _epoll_recv(): Broken pipe
1748033655.427331: 7222-7f53d1b18700: cdpl_ipc.c:1061: in _host_drop__UNSAFE(): debug: dropping host `128.54.67.138:38320'
1748033655.427800: 7222-7f53d1317700: cdpl_worker.c:561: in cdpl_wk_listen(): debug: received DROP notification
1748033655.427809: 7222-7f53d1317700: cdpl_worker.c:565: in cdpl_wk_listen(): debug: we were dropped by the server
1748033655.427814: 7222-7f53d1317700: cdpl_worker.c:492: in _wk_kill(): debug: killing worker
1748033655.427817: 7222-7f53d1317700: cdpl_ipc.c:2481: in cdpl_ipc_kill(): debug: stopping event server
1748033655.427834: 7222-7f53d1317700: cdpl_worker.c:542: in cdpl_wk_listen(): debug: leaving now
1748033655.428048: 7222-7f53dfc36000: cdpl_compat_worker.c:597: in cdplWorkerLogInfo(): info: [Worker shutdown. Code: 3]
1748033655.428606: 7222-7f53d1b18700: cdpl_ipc.c:1720: in _epoll_main(): debug: server going down...
1748033655.432181: 7222-7f53dfc36000: cdpl_worker.c:856: in _wk_shutdown(): debug: waiting for heartbeat thread
1748033655.432205: 7222-7f53d0b16700: cdpl_worker.c:709: in cdpl_wk_heartbeat(): info: stopping heartbeat
1748033655.432283: 7222-7f53dfc36000: cdpl_ipc.c:1781: in cdpl_ipc_host_release(): debug: releasing host `128.54.67.138:38320'
1748033655.432327: 7222-7f53dfc36000: cdpl_ipc.c:2532: in cdpl_ipc_free(): debug: releasing IPC handle
1748033655.432334: 7222-7f53dfc36000: cdpl_ipc.c:986: in _host_free__UNSAFE(): debug: freeing host `128.54.67.138:38320'
1748033655.432340: 7222-7f53dfc36000: cdpl_ipc.c:1028: in _host_free__UNSAFE(): debug: [0 outq, 0 spR, 0 spW]
1748033655.432367: 7222-7f53dfc36000: cdpl_ipc.c:2571: in cdpl_ipc_free(): debug: done
1748033655.432373: 7222-7f53dfc36000: cdpl_worker.c:912: in cdpl_wk_free(): info: freed
1748033655.432378: 7222-7f53dfc36000: cdpl_log.c:359: in cdpl_log_close(): debug: @@end_of_log@@
