1748032226.104693: 5459-7f2b5efec000: cdpl_log.c:221: in cdpl_log_open(): debug: @@start_of_log@@
1748032226.104730: 5459-7f2b5efec000: cdpl_log.c:729: in cdpl_log_dump_sysinfo(): info: time: 2025/05/23 13:30:26 PDT -0700
1748032226.104734: 5459-7f2b5efec000: cdpl_log.c:731: in cdpl_log_dump_sysinfo(): info: version: L_2016.03_SP2_PROD_CDPL 
1748032226.104737: 5459-7f2b5efec000: cdpl_log.c:736: in cdpl_log_dump_sysinfo(): info: system: Linux 3.10.0-1160.119.1.el7.x86_64 #1 SMP Tue Jun 4 14:43:51 UTC 2024
1748032226.104740: 5459-7f2b5efec000: cdpl_log.c:740: in cdpl_log_dump_sysinfo(): info: processor: x86_64 64-bits
1748032226.104742: 5459-7f2b5efec000: cdpl_log.c:742: in cdpl_log_dump_sysinfo(): info: hostname: ieng6-ece-08.ucsd.edu
1748032226.104745: 5459-7f2b5efec000: cdpl_log.c:223: in cdpl_log_open(): debug: path: /home/linux/ieng6/cs241asp25/cs241asp25bu/lab5/run_siliconsmart/LIB_FF_1.1_-40_ALL/runtime/cdpl/worker.W1.ieng6-ece-08.ucsd.edu.5459.log
1748032226.104747: 5459-7f2b5efec000: cdpl_log.c:224: in cdpl_log_open(): debug: dir: /home/linux/ieng6/cs241asp25/cs241asp25bu/lab5/run_siliconsmart/LIB_FF_1.1_-40_ALL/runtime/cdpl
1748032226.104754: 5459-7f2b5efec000: cdpl_worker.c:728: in cdpl_wk_new(): info: creating worker instance
1748032226.109438: 5459-7f2b5efec000: cdpl_worker.c:925: in cdpl_wk_start(): debug: starting worker
1748032226.109450: 5459-7f2b5efec000: cdpl_worker.c:276: in cdpl_wk_setup(): info: CDPL_SERVER is "128.54.67.138:33374"
1748032226.109454: 5459-7f2b5efec000: cdpl_worker.c:299: in cdpl_wk_setup(): info: server 128.54.67.138, port 33374
1748032226.109457: 5459-7f2b5efec000: cdpl_worker.c:319: in cdpl_wk_setup(): info: CDPL_ID is "1:1:1:1:231692397"
1748032226.109467: 5459-7f2b5efec000: cdpl_worker.c:361: in cdpl_wk_setup(): info: we are W1-B1-J1-M1-S231692397
1748032226.109470: 5459-7f2b5efec000: cdpl_worker.c:363: in cdpl_wk_setup(): info: we are on host ieng6-ece-08.ucsd.edu
1748032226.109472: 5459-7f2b5efec000: cdpl_worker.c:372: in cdpl_wk_daemonize(): debug: will *not* daemonize
1748032226.109476: 5459-7f2b5efec000: cdpl_ipc.c:2593: in cdpl_ipc_connect(): info: connecting to 128.54.67.138:33374
1748032226.109551: 5459-7f2b5efec000: cdpl_ipc.c:2659: in cdpl_ipc_connect(): info: connected as `128.54.67.138:45674'
1748032226.109565: 5459-7f2b5efec000: cdpl_ipc.c:1763: in cdpl_ipc_host_accept(): debug: accepted host `128.54.67.138:33374'
1748032226.109571: 5459-7f2b5efec000: cdpl_ipc.c:2436: in cdpl_ipc_start(): debug: starting IPC server 128.54.67.138:38815
1748032226.109719: 5459-7f2b5efec000: cdpl_compat_worker.c:148: in cdplStartWorker(): info: SNPSLMD_LICENSE_FILE is 1705@its-flexlm-lnx4.ucsd.edu:1705@acms-flexlm-lnx4.ucsd.edu,1705@acms-flexlm-lnx5.ucsd.edu,1705@acms-flexlm-lnx6.ucsd.edu
1748032226.109780: 5459-7f2b506cd700: cdpl_worker.c:528: in cdpl_wk_listen(): debug: ready
1748032226.109791: 5459-7f2b4fecc700: cdpl_worker.c:656: in cdpl_wk_heartbeat(): debug: starting heartbeat
1748032226.109805: 5459-7f2b4fecc700: cdpl_worker.c:665: in cdpl_wk_heartbeat(): info: setting heartbeat period to 60 sec
1748032226.109809: 5459-7f2b4fecc700: cdpl_worker.c:673: in cdpl_wk_heartbeat(): info: first heartbeat in 1 sec
1748032226.112907: 5459-7f2b5efec000: cdpl_compat_worker.c:597: in cdplWorkerLogInfo(): info: [Maximum lifespan of worker is set to 1200m]
1748032226.113012: 5459-7f2b5efec000: cdpl_compat_worker.c:597: in cdplWorkerLogInfo(): info: [Peak virtual memory is set to 128GB]
1748032226.115844: 5459-7f2b506cd700: cdpl_worker.c:585: in cdpl_wk_listen(): debug: received ASSIGN message
1748032226.115933: 5459-7f2b5efec000: cdpl_worker.c:1092: in cdpl_wk_wait_timeout(): info: starting task T0
1748032226.115955: 5459-7f2b5efec000: cdpl_compat_worker.c:597: in cdplWorkerLogInfo(): info: [configOneCellAdaptive { AN2D0 }]
1748032226.568001: 5459-7f2b5efec000: cdpl_worker.c:1208: in cdpl_wk_finalize(): info: finishing task T0
1748032226.576052: 5459-7f2b506cd700: cdpl_worker.c:585: in cdpl_wk_listen(): debug: received ASSIGN message
1748032226.576070: 5459-7f2b5efec000: cdpl_worker.c:1092: in cdpl_wk_wait_timeout(): info: starting task T3
1748032226.576087: 5459-7f2b5efec000: cdpl_compat_worker.c:597: in cdplWorkerLogInfo(): info: [configOneCellAdaptive { AN2D4 }]
1748032227.075631: 5459-7f2b5efec000: cdpl_worker.c:1208: in cdpl_wk_finalize(): info: finishing task T3
1748032227.077307: 5459-7f2b506cd700: cdpl_worker.c:585: in cdpl_wk_listen(): debug: received ASSIGN message
1748032227.077347: 5459-7f2b5efec000: cdpl_worker.c:1092: in cdpl_wk_wait_timeout(): info: starting task T7
1748032227.077361: 5459-7f2b5efec000: cdpl_compat_worker.c:597: in cdplWorkerLogInfo(): info: [configOneCellAdaptive { AOI21D1 }]
1748032227.725552: 5459-7f2b5efec000: cdpl_worker.c:1208: in cdpl_wk_finalize(): info: finishing task T7
1748032228.449379: 5459-7f2b506cd700: cdpl_worker.c:585: in cdpl_wk_listen(): debug: received ASSIGN message
1748032228.449413: 5459-7f2b5efec000: cdpl_worker.c:1092: in cdpl_wk_wait_timeout(): info: starting task T24
1748032228.449429: 5459-7f2b5efec000: cdpl_compat_worker.c:597: in cdplWorkerLogInfo(): info: [configOneCellAdaptive { INVD12 }]
1748032228.726900: 5459-7f2b5efec000: cdpl_worker.c:1208: in cdpl_wk_finalize(): info: finishing task T24
1748032228.747411: 5459-7f2b506cd700: cdpl_worker.c:585: in cdpl_wk_listen(): debug: received ASSIGN message
1748032228.747431: 5459-7f2b5efec000: cdpl_worker.c:1092: in cdpl_wk_wait_timeout(): info: starting task T36
1748032228.747446: 5459-7f2b5efec000: cdpl_compat_worker.c:597: in cdplWorkerLogInfo(): info: [configOneCellAdaptive { MUX2D2 }]
1748032229.906095: 5459-7f2b5efec000: cdpl_worker.c:1208: in cdpl_wk_finalize(): info: finishing task T36
1748032229.919732: 5459-7f2b506cd700: cdpl_worker.c:585: in cdpl_wk_listen(): debug: received ASSIGN message
1748032229.923487: 5459-7f2b5efec000: cdpl_worker.c:1092: in cdpl_wk_wait_timeout(): info: starting task T53
1748032229.923505: 5459-7f2b5efec000: cdpl_compat_worker.c:597: in cdplWorkerLogInfo(): info: [configOneCellAdaptive { OAI21D4 }]
1748032231.687503: 5459-7f2b5efec000: cdpl_worker.c:1208: in cdpl_wk_finalize(): info: finishing task T53
1748032261.710781: 5459-7f2b506cd700: cdpl_worker.c:616: in cdpl_wk_listen(): debug: received RELAY message
1748032261.852363: 5459-7f2b506cd700: cdpl_worker.c:616: in cdpl_wk_listen(): debug: received RELAY message
1748032262.885086: 5459-7f2b506cd700: cdpl_worker.c:585: in cdpl_wk_listen(): debug: received ASSIGN message
1748032262.895181: 5459-7f2b5efec000: cdpl_worker.c:1092: in cdpl_wk_wait_timeout(): info: starting task T76
1748032263.180848: 5459-7f2b5efec000: cdpl_compat_worker.c:597: in cdplWorkerLogInfo(): info: [runOneAcquisitionAdaptive DFCSNQD1 cmpw__CDN__hl__CDN__lh__ACQ_1 job_77 ]
1748032265.239388: 5459-7f2b5efec000: cdpl_worker.c:1208: in cdpl_wk_finalize(): info: finishing task T76
1748032265.249831: 5459-7f2b506cd700: cdpl_worker.c:585: in cdpl_wk_listen(): debug: received ASSIGN message
1748032265.249845: 5459-7f2b5efec000: cdpl_worker.c:1092: in cdpl_wk_wait_timeout(): info: starting task T95
1748032265.249856: 5459-7f2b5efec000: cdpl_compat_worker.c:597: in cdplWorkerLogInfo(): info: [runOneAcquisitionAdaptive DFCSNQD1 Cin__SDN__lh__ACQ_1 job_96 ]
1748032268.571737: 5459-7f2b5efec000: cdpl_worker.c:1208: in cdpl_wk_finalize(): info: finishing task T95
1748032268.571928: 5459-7f2b506cd700: cdpl_worker.c:585: in cdpl_wk_listen(): debug: received ASSIGN message
1748032268.571937: 5459-7f2b5efec000: cdpl_worker.c:1092: in cdpl_wk_wait_timeout(): info: starting task T107
1748032268.571946: 5459-7f2b5efec000: cdpl_compat_worker.c:597: in cdplWorkerLogInfo(): info: [runOneAcquisitionAdaptive DFCSNQD2 energy__D__hl__ACQ_1 job_108 ]
1748032272.072792: 5459-7f2b5efec000: cdpl_worker.c:1208: in cdpl_wk_finalize(): info: finishing task T107
1748032272.090458: 5459-7f2b506cd700: cdpl_worker.c:585: in cdpl_wk_listen(): debug: received ASSIGN message
1748032272.090471: 5459-7f2b5efec000: cdpl_worker.c:1092: in cdpl_wk_wait_timeout(): info: starting task T117
1748032272.090483: 5459-7f2b5efec000: cdpl_compat_worker.c:597: in cdplWorkerLogInfo(): info: [runOneAcquisitionAdaptive DFCSNQD2 removal__SDN__lh__CP__lh__ACQ_1 job_118 ]
1748032297.108530: 5459-7f2b5efec000: cdpl_worker.c:1208: in cdpl_wk_finalize(): info: finishing task T117
1748032297.109533: 5459-7f2b506cd700: cdpl_worker.c:585: in cdpl_wk_listen(): debug: received ASSIGN message
1748032297.109545: 5459-7f2b5efec000: cdpl_worker.c:1092: in cdpl_wk_wait_timeout(): info: starting task T163
1748032297.109554: 5459-7f2b5efec000: cdpl_compat_worker.c:597: in cdplWorkerLogInfo(): info: [runOneAcquisitionAdaptive DFCSNQD4 Cin__SDN__lh__ACQ_1 job_164 ]
1748032301.090420: 5459-7f2b5efec000: cdpl_worker.c:1208: in cdpl_wk_finalize(): info: finishing task T163
1748032301.094517: 5459-7f2b506cd700: cdpl_worker.c:585: in cdpl_wk_listen(): debug: received ASSIGN message
1748032301.094542: 5459-7f2b5efec000: cdpl_worker.c:1092: in cdpl_wk_wait_timeout(): info: starting task T172
1748032301.094558: 5459-7f2b5efec000: cdpl_compat_worker.c:597: in cdplWorkerLogInfo(): info: [runOneAcquisitionAdaptive LHQD2 leakage_power__ACQ_1 job_173 ]
1748032302.737396: 5459-7f2b5efec000: cdpl_worker.c:1208: in cdpl_wk_finalize(): info: finishing task T172
1748032302.737641: 5459-7f2b506cd700: cdpl_worker.c:585: in cdpl_wk_listen(): debug: received ASSIGN message
1748032302.737653: 5459-7f2b5efec000: cdpl_worker.c:1092: in cdpl_wk_wait_timeout(): info: starting task T175
1748032302.737662: 5459-7f2b5efec000: cdpl_compat_worker.c:597: in cdplWorkerLogInfo(): info: [runOneAcquisitionAdaptive LHQD2 leakage_power__ACQ_4 job_176 ]
1748032303.934096: 5459-7f2b5efec000: cdpl_worker.c:1208: in cdpl_wk_finalize(): info: finishing task T175
1748032303.934273: 5459-7f2b506cd700: cdpl_worker.c:585: in cdpl_wk_listen(): debug: received ASSIGN message
1748032303.934343: 5459-7f2b5efec000: cdpl_worker.c:1092: in cdpl_wk_wait_timeout(): info: starting task T179
1748032303.934355: 5459-7f2b5efec000: cdpl_compat_worker.c:597: in cdplWorkerLogInfo(): info: [runOneAcquisitionAdaptive LHQD2 combined_setup_hold__D__lh__E__hl__ACQ_1 job_180 ]
1748032356.352043: 5459-7f2b5efec000: cdpl_worker.c:1208: in cdpl_wk_finalize(): info: finishing task T179
1748032356.362440: 5459-7f2b506cd700: cdpl_worker.c:585: in cdpl_wk_listen(): debug: received ASSIGN message
1748032356.362453: 5459-7f2b5efec000: cdpl_worker.c:1092: in cdpl_wk_wait_timeout(): info: starting task T426
1748032356.362463: 5459-7f2b5efec000: cdpl_compat_worker.c:597: in cdplWorkerLogInfo(): info: [runOneAcquisitionAdaptive ND2D0 leakage_power__ACQ_4 job_427 ]
1748032357.829730: 5459-7f2b5efec000: cdpl_worker.c:1208: in cdpl_wk_finalize(): info: finishing task T426
1748032357.829912: 5459-7f2b506cd700: cdpl_worker.c:585: in cdpl_wk_listen(): debug: received ASSIGN message
1748032357.829921: 5459-7f2b5efec000: cdpl_worker.c:1092: in cdpl_wk_wait_timeout(): info: starting task T436
1748032357.829929: 5459-7f2b5efec000: cdpl_compat_worker.c:597: in cdplWorkerLogInfo(): info: [runOneAcquisitionAdaptive ND2D1 leakage_power__ACQ_4 job_437 ]
1748032359.275271: 5459-7f2b5efec000: cdpl_worker.c:1208: in cdpl_wk_finalize(): info: finishing task T436
1748032359.275428: 5459-7f2b506cd700: cdpl_worker.c:585: in cdpl_wk_listen(): debug: received ASSIGN message
1748032359.277910: 5459-7f2b5efec000: cdpl_worker.c:1092: in cdpl_wk_wait_timeout(): info: starting task T445
1748032359.277927: 5459-7f2b5efec000: cdpl_compat_worker.c:597: in cdplWorkerLogInfo(): info: [runOneAcquisitionAdaptive ND2D2 delay__A1__hl__ZN__lh__ACQ_1 job_446 ]
1748032362.945203: 5459-7f2b5efec000: cdpl_worker.c:1208: in cdpl_wk_finalize(): info: finishing task T445
1748032362.945506: 5459-7f2b506cd700: cdpl_worker.c:585: in cdpl_wk_listen(): debug: received ASSIGN message
1748032362.945548: 5459-7f2b5efec000: cdpl_worker.c:1092: in cdpl_wk_wait_timeout(): info: starting task T473
1748032362.945561: 5459-7f2b5efec000: cdpl_compat_worker.c:597: in cdplWorkerLogInfo(): info: [runOneAcquisitionAdaptive ND2D8 leakage_power__ACQ_1 job_474 ]
1748032365.335837: 5459-7f2b5efec000: cdpl_worker.c:1208: in cdpl_wk_finalize(): info: finishing task T473
1748032365.342656: 5459-7f2b506cd700: cdpl_worker.c:585: in cdpl_wk_listen(): debug: received ASSIGN message
1748032365.342685: 5459-7f2b5efec000: cdpl_worker.c:1092: in cdpl_wk_wait_timeout(): info: starting task T487
1748032365.342703: 5459-7f2b5efec000: cdpl_compat_worker.c:597: in cdplWorkerLogInfo(): info: [runOneAcquisitionAdaptive NR2D0 Cin__A2__lh__ACQ_1 job_488 ]
1748032366.899623: 5459-7f2b5efec000: cdpl_worker.c:1208: in cdpl_wk_finalize(): info: finishing task T487
1748032366.899777: 5459-7f2b506cd700: cdpl_worker.c:585: in cdpl_wk_listen(): debug: received ASSIGN message
1748032366.899788: 5459-7f2b5efec000: cdpl_worker.c:1092: in cdpl_wk_wait_timeout(): info: starting task T499
1748032366.899797: 5459-7f2b5efec000: cdpl_compat_worker.c:597: in cdplWorkerLogInfo(): info: [runOneAcquisitionAdaptive NR2D1 delay__A2__lh__ZN__hl__ACQ_1 job_500 ]
1748032370.396509: 5459-7f2b5efec000: cdpl_worker.c:1208: in cdpl_wk_finalize(): info: finishing task T499
1748032370.396651: 5459-7f2b506cd700: cdpl_worker.c:585: in cdpl_wk_listen(): debug: received ASSIGN message
1748032370.398533: 5459-7f2b5efec000: cdpl_worker.c:1092: in cdpl_wk_wait_timeout(): info: starting task T527
1748032370.398548: 5459-7f2b5efec000: cdpl_compat_worker.c:597: in cdplWorkerLogInfo(): info: [runOneAcquisitionAdaptive NR2D4 Cin__A2__lh__ACQ_1 job_528 ]
1748032372.458659: 5459-7f2b5efec000: cdpl_worker.c:1208: in cdpl_wk_finalize(): info: finishing task T527
1748032372.465816: 5459-7f2b506cd700: cdpl_worker.c:585: in cdpl_wk_listen(): debug: received ASSIGN message
1748032372.465831: 5459-7f2b5efec000: cdpl_worker.c:1092: in cdpl_wk_wait_timeout(): info: starting task T543
1748032372.465840: 5459-7f2b5efec000: cdpl_compat_worker.c:597: in cdplWorkerLogInfo(): info: [runOneAcquisitionAdaptive OR2D0 delay__A1__lh__Z__lh__ACQ_1 job_544 ]
1748032376.986563: 5459-7f2b5efec000: cdpl_worker.c:1208: in cdpl_wk_finalize(): info: finishing task T543
1748032376.986879: 5459-7f2b506cd700: cdpl_worker.c:585: in cdpl_wk_listen(): debug: received ASSIGN message
1748032376.986891: 5459-7f2b5efec000: cdpl_worker.c:1092: in cdpl_wk_wait_timeout(): info: starting task T572
1748032376.986902: 5459-7f2b5efec000: cdpl_compat_worker.c:597: in cdplWorkerLogInfo(): info: [runOneAcquisitionAdaptive OR2D4 Cin__A1__lh__ACQ_1 job_573 ]
1748032379.173131: 5459-7f2b5efec000: cdpl_worker.c:1208: in cdpl_wk_finalize(): info: finishing task T572
1748032379.173296: 5459-7f2b506cd700: cdpl_worker.c:585: in cdpl_wk_listen(): debug: received ASSIGN message
1748032379.173304: 5459-7f2b5efec000: cdpl_worker.c:1092: in cdpl_wk_wait_timeout(): info: starting task T590
1748032379.173321: 5459-7f2b5efec000: cdpl_compat_worker.c:597: in cdplWorkerLogInfo(): info: [runOneAcquisitionAdaptive OR2XD1 Cin__A1__hl__ACQ_1 job_591 ]
1748032381.051538: 5459-7f2b5efec000: cdpl_worker.c:1208: in cdpl_wk_finalize(): info: finishing task T590
1748032381.051771: 5459-7f2b506cd700: cdpl_worker.c:585: in cdpl_wk_listen(): debug: received ASSIGN message
1748032381.051782: 5459-7f2b5efec000: cdpl_worker.c:1092: in cdpl_wk_wait_timeout(): info: starting task T601
1748032381.051792: 5459-7f2b5efec000: cdpl_compat_worker.c:597: in cdplWorkerLogInfo(): info: [runOneAcquisitionAdaptive XNR2D1 delay__A2__lh__ZN__lh__ACQ_1 job_602 ]
1748032387.008407: 5459-7f2b5efec000: cdpl_worker.c:1208: in cdpl_wk_finalize(): info: finishing task T601
1748032387.008734: 5459-7f2b506cd700: cdpl_worker.c:585: in cdpl_wk_listen(): debug: received ASSIGN message
1748032387.008743: 5459-7f2b5efec000: cdpl_worker.c:1092: in cdpl_wk_wait_timeout(): info: starting task T631
1748032387.008752: 5459-7f2b5efec000: cdpl_compat_worker.c:597: in cdplWorkerLogInfo(): info: [runOneAcquisitionAdaptive XOR2D0 delay__A1__lh__Z__lh__ACQ_1 job_632 ]
1748032392.788130: 5459-7f2b5efec000: cdpl_worker.c:1208: in cdpl_wk_finalize(): info: finishing task T631
1748032392.788473: 5459-7f2b506cd700: cdpl_worker.c:585: in cdpl_wk_listen(): debug: received ASSIGN message
1748032392.788510: 5459-7f2b5efec000: cdpl_worker.c:1092: in cdpl_wk_wait_timeout(): info: starting task T652
1748032392.788520: 5459-7f2b5efec000: cdpl_compat_worker.c:597: in cdplWorkerLogInfo(): info: [runOneAcquisitionAdaptive XOR2D2 delay__A1__hl__Z__hl__ACQ_1 job_653 ]
1748032397.475486: 5459-7f2b5efec000: cdpl_worker.c:1208: in cdpl_wk_finalize(): info: finishing task T652
1748032397.475828: 5459-7f2b506cd700: cdpl_worker.c:585: in cdpl_wk_listen(): debug: received ASSIGN message
1748032397.475837: 5459-7f2b5efec000: cdpl_worker.c:1092: in cdpl_wk_wait_timeout(): info: starting task T679
1748032397.475846: 5459-7f2b5efec000: cdpl_compat_worker.c:597: in cdplWorkerLogInfo(): info: [runOneAcquisitionAdaptive BUFFD2 delay__I__lh__Z__lh__ACQ_1 job_680 ]
1748032402.217976: 5459-7f2b5efec000: cdpl_worker.c:1208: in cdpl_wk_finalize(): info: finishing task T679
1748032402.238498: 5459-7f2b506cd700: cdpl_worker.c:585: in cdpl_wk_listen(): debug: received ASSIGN message
1748032402.248324: 5459-7f2b5efec000: cdpl_worker.c:1092: in cdpl_wk_wait_timeout(): info: starting task T709
1748032402.248347: 5459-7f2b5efec000: cdpl_compat_worker.c:597: in cdplWorkerLogInfo(): info: [runOneAcquisitionAdaptive INVD16 leakage_power__ACQ_1 job_710 ]
1748032404.311805: 5459-7f2b5efec000: cdpl_worker.c:1208: in cdpl_wk_finalize(): info: finishing task T709
1748032404.317968: 5459-7f2b506cd700: cdpl_worker.c:585: in cdpl_wk_listen(): debug: received ASSIGN message
1748032404.320568: 5459-7f2b5efec000: cdpl_worker.c:1092: in cdpl_wk_wait_timeout(): info: starting task T725
1748032404.320585: 5459-7f2b5efec000: cdpl_compat_worker.c:597: in cdplWorkerLogInfo(): info: [runOneAcquisitionAdaptive INVD3 leakage_power__ACQ_1 job_726 ]
1748032406.271209: 5459-7f2b5efec000: cdpl_worker.c:1208: in cdpl_wk_finalize(): info: finishing task T725
1748032406.271437: 5459-7f2b506cd700: cdpl_worker.c:585: in cdpl_wk_listen(): debug: received ASSIGN message
1748032406.271481: 5459-7f2b5efec000: cdpl_worker.c:1092: in cdpl_wk_wait_timeout(): info: starting task T736
1748032406.271494: 5459-7f2b5efec000: cdpl_compat_worker.c:597: in cdplWorkerLogInfo(): info: [runOneAcquisitionAdaptive INVD6 delay__I__hl__ZN__lh__ACQ_1 job_737 ]
1748032409.807839: 5459-7f2b5efec000: cdpl_worker.c:1208: in cdpl_wk_finalize(): info: finishing task T736
1748032415.887569: 5459-7f2b506cd700: cdpl_worker.c:616: in cdpl_wk_listen(): debug: received RELAY message
1748032417.607771: 5459-7f2b506cd700: cdpl_worker.c:585: in cdpl_wk_listen(): debug: received ASSIGN message
1748032417.607804: 5459-7f2b5efec000: cdpl_worker.c:1092: in cdpl_wk_wait_timeout(): info: starting task T756
1748032417.783737: 5459-7f2b5efec000: cdpl_compat_worker.c:597: in cdplWorkerLogInfo(): info: [modelOneCellAdaptive {OAI21D4 }]
1748032421.479907: 5459-7f2b5efec000: cdpl_worker.c:1208: in cdpl_wk_finalize(): info: finishing task T756
1748032421.490482: 5459-7f2b506cd700: cdpl_worker.c:585: in cdpl_wk_listen(): debug: received ASSIGN message
1748032421.495498: 5459-7f2b5efec000: cdpl_worker.c:1092: in cdpl_wk_wait_timeout(): info: starting task T776
1748032421.495519: 5459-7f2b5efec000: cdpl_compat_worker.c:597: in cdplWorkerLogInfo(): info: [modelOneCellAdaptive {OR2D1 }]
1748032424.671490: 5459-7f2b5efec000: cdpl_worker.c:1208: in cdpl_wk_finalize(): info: finishing task T776
1748032424.680415: 5459-7f2b506cd700: cdpl_worker.c:585: in cdpl_wk_listen(): debug: received ASSIGN message
1748032424.682400: 5459-7f2b5efec000: cdpl_worker.c:1092: in cdpl_wk_wait_timeout(): info: starting task T801
1748032424.682420: 5459-7f2b5efec000: cdpl_compat_worker.c:597: in cdplWorkerLogInfo(): info: [modelOneCellAdaptive {INVD20 }]
1748032426.422805: 5459-7f2b5efec000: cdpl_worker.c:1208: in cdpl_wk_finalize(): info: finishing task T801
1748032450.555780: 5459-7f2b506cd700: cdpl_worker.c:616: in cdpl_wk_listen(): debug: received RELAY message
1748032450.580431: 5459-7f2b50ece700: cdpl_ipc.c:606: in _readv(): warning: read(): EOF
1748032450.580467: 5459-7f2b50ece700: cdpl_ipc.c:1462: in _epoll_recv(): debug: _readv(): Broken pipe
1748032450.580475: 5459-7f2b50ece700: cdpl_ipc.c:1683: in _epoll_main(): debug: _epoll_recv(): Broken pipe
1748032450.580488: 5459-7f2b50ece700: cdpl_ipc.c:1061: in _host_drop__UNSAFE(): debug: dropping host `128.54.67.138:33374'
1748032450.580814: 5459-7f2b506cd700: cdpl_worker.c:561: in cdpl_wk_listen(): debug: received DROP notification
1748032450.580825: 5459-7f2b506cd700: cdpl_worker.c:565: in cdpl_wk_listen(): debug: we were dropped by the server
1748032450.580832: 5459-7f2b506cd700: cdpl_worker.c:492: in _wk_kill(): debug: killing worker
1748032450.580838: 5459-7f2b506cd700: cdpl_ipc.c:2481: in cdpl_ipc_kill(): debug: stopping event server
1748032450.580855: 5459-7f2b506cd700: cdpl_worker.c:542: in cdpl_wk_listen(): debug: leaving now
1748032450.580957: 5459-7f2b50ece700: cdpl_ipc.c:1720: in _epoll_main(): debug: server going down...
1748032450.581000: 5459-7f2b5efec000: cdpl_compat_worker.c:597: in cdplWorkerLogInfo(): info: [Worker shutdown. Code: 3]
1748032450.587430: 5459-7f2b5efec000: cdpl_worker.c:856: in _wk_shutdown(): debug: waiting for heartbeat thread
1748032450.587453: 5459-7f2b4fecc700: cdpl_worker.c:709: in cdpl_wk_heartbeat(): info: stopping heartbeat
1748032450.587512: 5459-7f2b5efec000: cdpl_ipc.c:1781: in cdpl_ipc_host_release(): debug: releasing host `128.54.67.138:33374'
1748032450.587537: 5459-7f2b5efec000: cdpl_ipc.c:2532: in cdpl_ipc_free(): debug: releasing IPC handle
1748032450.587543: 5459-7f2b5efec000: cdpl_ipc.c:986: in _host_free__UNSAFE(): debug: freeing host `128.54.67.138:33374'
1748032450.587549: 5459-7f2b5efec000: cdpl_ipc.c:1028: in _host_free__UNSAFE(): debug: [0 outq, 0 spR, 0 spW]
1748032450.587573: 5459-7f2b5efec000: cdpl_ipc.c:2571: in cdpl_ipc_free(): debug: done
1748032450.587579: 5459-7f2b5efec000: cdpl_worker.c:912: in cdpl_wk_free(): info: freed
1748032450.587584: 5459-7f2b5efec000: cdpl_log.c:359: in cdpl_log_close(): debug: @@end_of_log@@
