1748032230.106371: 6065-7fa411dd8000: cdpl_log.c:221: in cdpl_log_open(): debug: @@start_of_log@@
1748032230.106409: 6065-7fa411dd8000: cdpl_log.c:729: in cdpl_log_dump_sysinfo(): info: time: 2025/05/23 13:30:30 PDT -0700
1748032230.106413: 6065-7fa411dd8000: cdpl_log.c:731: in cdpl_log_dump_sysinfo(): info: version: L_2016.03_SP2_PROD_CDPL 
1748032230.106417: 6065-7fa411dd8000: cdpl_log.c:736: in cdpl_log_dump_sysinfo(): info: system: Linux 3.10.0-1160.119.1.el7.x86_64 #1 SMP Tue Jun 4 14:43:51 UTC 2024
1748032230.106419: 6065-7fa411dd8000: cdpl_log.c:740: in cdpl_log_dump_sysinfo(): info: processor: x86_64 64-bits
1748032230.106422: 6065-7fa411dd8000: cdpl_log.c:742: in cdpl_log_dump_sysinfo(): info: hostname: ieng6-ece-08.ucsd.edu
1748032230.106425: 6065-7fa411dd8000: cdpl_log.c:223: in cdpl_log_open(): debug: path: /home/linux/ieng6/cs241asp25/cs241asp25bu/lab5/run_siliconsmart/LIB_FF_1.1_-40_ALL/runtime/cdpl/worker.W13.ieng6-ece-08.ucsd.edu.6065.log
1748032230.106428: 6065-7fa411dd8000: cdpl_log.c:224: in cdpl_log_open(): debug: dir: /home/linux/ieng6/cs241asp25/cs241asp25bu/lab5/run_siliconsmart/LIB_FF_1.1_-40_ALL/runtime/cdpl
1748032230.106435: 6065-7fa411dd8000: cdpl_worker.c:728: in cdpl_wk_new(): info: creating worker instance
1748032230.108015: 6065-7fa411dd8000: cdpl_worker.c:925: in cdpl_wk_start(): debug: starting worker
1748032230.108028: 6065-7fa411dd8000: cdpl_worker.c:276: in cdpl_wk_setup(): info: CDPL_SERVER is "128.54.67.138:33374"
1748032230.108033: 6065-7fa411dd8000: cdpl_worker.c:299: in cdpl_wk_setup(): info: server 128.54.67.138, port 33374
1748032230.108037: 6065-7fa411dd8000: cdpl_worker.c:319: in cdpl_wk_setup(): info: CDPL_ID is "13:1:1:1:231692397"
1748032230.108054: 6065-7fa411dd8000: cdpl_worker.c:361: in cdpl_wk_setup(): info: we are W13-B1-J1-M1-S231692397
1748032230.108059: 6065-7fa411dd8000: cdpl_worker.c:363: in cdpl_wk_setup(): info: we are on host ieng6-ece-08.ucsd.edu
1748032230.108062: 6065-7fa411dd8000: cdpl_worker.c:372: in cdpl_wk_daemonize(): debug: will *not* daemonize
1748032230.108067: 6065-7fa411dd8000: cdpl_ipc.c:2593: in cdpl_ipc_connect(): info: connecting to 128.54.67.138:33374
1748032230.108158: 6065-7fa411dd8000: cdpl_ipc.c:2659: in cdpl_ipc_connect(): info: connected as `128.54.67.138:45704'
1748032230.108179: 6065-7fa411dd8000: cdpl_ipc.c:1763: in cdpl_ipc_host_accept(): debug: accepted host `128.54.67.138:33374'
1748032230.108189: 6065-7fa411dd8000: cdpl_ipc.c:2436: in cdpl_ipc_start(): debug: starting IPC server 128.54.67.138:42277
1748032230.108331: 6065-7fa411dd8000: cdpl_compat_worker.c:148: in cdplStartWorker(): info: SNPSLMD_LICENSE_FILE is 1705@its-flexlm-lnx4.ucsd.edu:1705@acms-flexlm-lnx4.ucsd.edu,1705@acms-flexlm-lnx5.ucsd.edu,1705@acms-flexlm-lnx6.ucsd.edu
1748032230.108404: 6065-7fa411dd8000: cdpl_compat_worker.c:597: in cdplWorkerLogInfo(): info: [Maximum lifespan of worker is set to 1200m]
1748032230.108453: 6065-7fa411dd8000: cdpl_compat_worker.c:597: in cdplWorkerLogInfo(): info: [Peak virtual memory is set to 128GB]
1748032230.134678: 6065-7fa4034b9700: cdpl_worker.c:528: in cdpl_wk_listen(): debug: ready
1748032230.139756: 6065-7fa402cb8700: cdpl_worker.c:656: in cdpl_wk_heartbeat(): debug: starting heartbeat
1748032230.139769: 6065-7fa402cb8700: cdpl_worker.c:665: in cdpl_wk_heartbeat(): info: setting heartbeat period to 60 sec
1748032230.139772: 6065-7fa402cb8700: cdpl_worker.c:673: in cdpl_wk_heartbeat(): info: first heartbeat in 1 sec
1748032230.141426: 6065-7fa4034b9700: cdpl_worker.c:585: in cdpl_wk_listen(): debug: received ASSIGN message
1748032230.141443: 6065-7fa411dd8000: cdpl_worker.c:1092: in cdpl_wk_wait_timeout(): info: starting task T57
1748032230.141460: 6065-7fa411dd8000: cdpl_compat_worker.c:597: in cdplWorkerLogInfo(): info: [configOneCellAdaptive { OR2D4 }]
1748032230.845264: 6065-7fa411dd8000: cdpl_worker.c:1208: in cdpl_wk_finalize(): info: finishing task T57
1748032230.845471: 6065-7fa4034b9700: cdpl_worker.c:585: in cdpl_wk_listen(): debug: received ASSIGN message
1748032230.845482: 6065-7fa411dd8000: cdpl_worker.c:1092: in cdpl_wk_wait_timeout(): info: starting task T64
1748032230.845496: 6065-7fa411dd8000: cdpl_compat_worker.c:597: in cdplWorkerLogInfo(): info: [configOneCellAdaptive { XOR2D1 }]
1748032231.786651: 6065-7fa411dd8000: cdpl_worker.c:1208: in cdpl_wk_finalize(): info: finishing task T64
1748032261.711502: 6065-7fa4034b9700: cdpl_worker.c:616: in cdpl_wk_listen(): debug: received RELAY message
1748032261.853033: 6065-7fa4034b9700: cdpl_worker.c:616: in cdpl_wk_listen(): debug: received RELAY message
1748032263.615329: 6065-7fa4034b9700: cdpl_worker.c:585: in cdpl_wk_listen(): debug: received ASSIGN message
1748032263.615349: 6065-7fa411dd8000: cdpl_worker.c:1092: in cdpl_wk_wait_timeout(): info: starting task T83
1748032264.063806: 6065-7fa411dd8000: cdpl_compat_worker.c:597: in cdplWorkerLogInfo(): info: [runOneAcquisitionAdaptive DFCSNQD1 removal__SDN__lh__CP__lh__ACQ_1 job_84 ]
1748032288.399506: 6065-7fa411dd8000: cdpl_worker.c:1208: in cdpl_wk_finalize(): info: finishing task T83
1748032288.399815: 6065-7fa4034b9700: cdpl_worker.c:585: in cdpl_wk_listen(): debug: received ASSIGN message
1748032288.399853: 6065-7fa411dd8000: cdpl_worker.c:1092: in cdpl_wk_wait_timeout(): info: starting task T144
1748032288.399864: 6065-7fa411dd8000: cdpl_compat_worker.c:597: in cdplWorkerLogInfo(): info: [runOneAcquisitionAdaptive DFCSNQD4 cmpw__CDN__hl__CDN__lh__ACQ_1 job_145 ]
1748032290.995010: 6065-7fa411dd8000: cdpl_worker.c:1208: in cdpl_wk_finalize(): info: finishing task T144
1748032290.995196: 6065-7fa4034b9700: cdpl_worker.c:585: in cdpl_wk_listen(): debug: received ASSIGN message
1748032291.006397: 6065-7fa411dd8000: cdpl_worker.c:1092: in cdpl_wk_wait_timeout(): info: starting task T150
1748032291.006418: 6065-7fa411dd8000: cdpl_compat_worker.c:597: in cdplWorkerLogInfo(): info: [runOneAcquisitionAdaptive DFCSNQD4 cmpw__CP__lh__CP__hl__ACQ_1 job_151 ]
1748032292.813565: 6065-7fa411dd8000: cdpl_worker.c:1208: in cdpl_wk_finalize(): info: finishing task T150
1748032292.813723: 6065-7fa4034b9700: cdpl_worker.c:585: in cdpl_wk_listen(): debug: received ASSIGN message
1748032292.813740: 6065-7fa411dd8000: cdpl_worker.c:1092: in cdpl_wk_wait_timeout(): info: starting task T155
1748032292.813752: 6065-7fa411dd8000: cdpl_compat_worker.c:597: in cdplWorkerLogInfo(): info: [runOneAcquisitionAdaptive DFCSNQD4 leakage_power__ACQ_9 job_156 ]
1748032294.956557: 6065-7fa411dd8000: cdpl_worker.c:1208: in cdpl_wk_finalize(): info: finishing task T155
1748032294.956739: 6065-7fa4034b9700: cdpl_worker.c:585: in cdpl_wk_listen(): debug: received ASSIGN message
1748032294.956750: 6065-7fa411dd8000: cdpl_worker.c:1092: in cdpl_wk_wait_timeout(): info: starting task T158
1748032294.956761: 6065-7fa411dd8000: cdpl_compat_worker.c:597: in cdplWorkerLogInfo(): info: [runOneAcquisitionAdaptive DFCSNQD4 combined_setup_hold__D__hl__CP__lh__ACQ_1 job_159 ]
1748032354.710913: 6065-7fa411dd8000: cdpl_worker.c:1208: in cdpl_wk_finalize(): info: finishing task T158
1748032354.713327: 6065-7fa4034b9700: cdpl_worker.c:585: in cdpl_wk_listen(): debug: received ASSIGN message
1748032354.721577: 6065-7fa411dd8000: cdpl_worker.c:1092: in cdpl_wk_wait_timeout(): info: starting task T412
1748032354.721593: 6065-7fa411dd8000: cdpl_compat_worker.c:597: in cdplWorkerLogInfo(): info: [runOneAcquisitionAdaptive AN2XD1 Cin__A1__lh__ACQ_1 job_413 ]
1748032356.382709: 6065-7fa411dd8000: cdpl_worker.c:1208: in cdpl_wk_finalize(): info: finishing task T412
1748032356.388481: 6065-7fa4034b9700: cdpl_worker.c:585: in cdpl_wk_listen(): debug: received ASSIGN message
1748032356.388505: 6065-7fa411dd8000: cdpl_worker.c:1092: in cdpl_wk_wait_timeout(): info: starting task T427
1748032356.388523: 6065-7fa411dd8000: cdpl_compat_worker.c:597: in cdplWorkerLogInfo(): info: [runOneAcquisitionAdaptive ND2D0 Cin__A2__lh__ACQ_1 job_428 ]
1748032357.936988: 6065-7fa411dd8000: cdpl_worker.c:1208: in cdpl_wk_finalize(): info: finishing task T427
1748032357.947484: 6065-7fa4034b9700: cdpl_worker.c:585: in cdpl_wk_listen(): debug: received ASSIGN message
1748032357.949708: 6065-7fa411dd8000: cdpl_worker.c:1092: in cdpl_wk_wait_timeout(): info: starting task T437
1748032357.949732: 6065-7fa411dd8000: cdpl_compat_worker.c:597: in cdplWorkerLogInfo(): info: [runOneAcquisitionAdaptive ND2D1 Cin__A2__lh__ACQ_1 job_438 ]
1748032359.852170: 6065-7fa411dd8000: cdpl_worker.c:1208: in cdpl_wk_finalize(): info: finishing task T437
1748032359.852359: 6065-7fa4034b9700: cdpl_worker.c:585: in cdpl_wk_listen(): debug: received ASSIGN message
1748032359.862355: 6065-7fa411dd8000: cdpl_worker.c:1092: in cdpl_wk_wait_timeout(): info: starting task T452
1748032359.862374: 6065-7fa411dd8000: cdpl_compat_worker.c:597: in cdplWorkerLogInfo(): info: [runOneAcquisitionAdaptive ND2D3 Cin__A1__lh__ACQ_1 job_453 ]
1748032362.722688: 6065-7fa411dd8000: cdpl_worker.c:1208: in cdpl_wk_finalize(): info: finishing task T452
1748032362.722836: 6065-7fa4034b9700: cdpl_worker.c:585: in cdpl_wk_listen(): debug: received ASSIGN message
1748032362.723327: 6065-7fa411dd8000: cdpl_worker.c:1092: in cdpl_wk_wait_timeout(): info: starting task T470
1748032362.723342: 6065-7fa411dd8000: cdpl_compat_worker.c:597: in cdplWorkerLogInfo(): info: [runOneAcquisitionAdaptive ND2D4 delay__A2__hl__ZN__lh__ACQ_1 job_471 ]
1748032369.288034: 6065-7fa411dd8000: cdpl_worker.c:1208: in cdpl_wk_finalize(): info: finishing task T470
1748032369.288410: 6065-7fa4034b9700: cdpl_worker.c:585: in cdpl_wk_listen(): debug: received ASSIGN message
1748032369.288420: 6065-7fa411dd8000: cdpl_worker.c:1092: in cdpl_wk_wait_timeout(): info: starting task T517
1748032369.288428: 6065-7fa411dd8000: cdpl_compat_worker.c:597: in cdplWorkerLogInfo(): info: [runOneAcquisitionAdaptive NR2D3 Cin__A2__lh__ACQ_1 job_518 ]
1748032371.738762: 6065-7fa411dd8000: cdpl_worker.c:1208: in cdpl_wk_finalize(): info: finishing task T517
1748032371.739072: 6065-7fa4034b9700: cdpl_worker.c:585: in cdpl_wk_listen(): debug: received ASSIGN message
1748032371.739084: 6065-7fa411dd8000: cdpl_worker.c:1092: in cdpl_wk_wait_timeout(): info: starting task T537
1748032371.739092: 6065-7fa411dd8000: cdpl_compat_worker.c:597: in cdplWorkerLogInfo(): info: [runOneAcquisitionAdaptive NR2D8 Cin__A2__lh__ACQ_1 job_538 ]
1748032374.285015: 6065-7fa411dd8000: cdpl_worker.c:1208: in cdpl_wk_finalize(): info: finishing task T537
1748032374.285304: 6065-7fa4034b9700: cdpl_worker.c:585: in cdpl_wk_listen(): debug: received ASSIGN message
1748032374.285326: 6065-7fa411dd8000: cdpl_worker.c:1092: in cdpl_wk_wait_timeout(): info: starting task T555
1748032374.285335: 6065-7fa411dd8000: cdpl_compat_worker.c:597: in cdplWorkerLogInfo(): info: [runOneAcquisitionAdaptive OR2D1 leakage_power__ACQ_1 job_556 ]
1748032376.071706: 6065-7fa411dd8000: cdpl_worker.c:1208: in cdpl_wk_finalize(): info: finishing task T555
1748032376.090440: 6065-7fa4034b9700: cdpl_worker.c:585: in cdpl_wk_listen(): debug: received ASSIGN message
1748032376.100327: 6065-7fa411dd8000: cdpl_worker.c:1092: in cdpl_wk_wait_timeout(): info: starting task T567
1748032376.100349: 6065-7fa411dd8000: cdpl_compat_worker.c:597: in cdplWorkerLogInfo(): info: [runOneAcquisitionAdaptive OR2D2 delay__A2__lh__Z__lh__ACQ_1 job_568 ]
1748032381.070442: 6065-7fa411dd8000: cdpl_worker.c:1208: in cdpl_wk_finalize(): info: finishing task T567
1748032381.075305: 6065-7fa4034b9700: cdpl_worker.c:585: in cdpl_wk_listen(): debug: received ASSIGN message
1748032381.077251: 6065-7fa411dd8000: cdpl_worker.c:1092: in cdpl_wk_wait_timeout(): info: starting task T602
1748032381.077269: 6065-7fa411dd8000: cdpl_compat_worker.c:597: in cdplWorkerLogInfo(): info: [runOneAcquisitionAdaptive XNR2D1 delay__A2__hl__ZN__hl__ACQ_1 job_603 ]
1748032387.309203: 6065-7fa411dd8000: cdpl_worker.c:1208: in cdpl_wk_finalize(): info: finishing task T602
1748032387.309527: 6065-7fa4034b9700: cdpl_worker.c:585: in cdpl_wk_listen(): debug: received ASSIGN message
1748032387.309563: 6065-7fa411dd8000: cdpl_worker.c:1092: in cdpl_wk_wait_timeout(): info: starting task T633
1748032387.309574: 6065-7fa411dd8000: cdpl_compat_worker.c:597: in cdplWorkerLogInfo(): info: [runOneAcquisitionAdaptive XOR2D0 leakage_power__ACQ_1 job_634 ]
1748032388.915573: 6065-7fa411dd8000: cdpl_worker.c:1208: in cdpl_wk_finalize(): info: finishing task T633
1748032388.915752: 6065-7fa4034b9700: cdpl_worker.c:585: in cdpl_wk_listen(): debug: received ASSIGN message
1748032388.915760: 6065-7fa411dd8000: cdpl_worker.c:1092: in cdpl_wk_wait_timeout(): info: starting task T642
1748032388.915768: 6065-7fa411dd8000: cdpl_compat_worker.c:597: in cdplWorkerLogInfo(): info: [runOneAcquisitionAdaptive XOR2D1 delay__A1__hl__Z__hl__ACQ_1 job_643 ]
1748032395.102124: 6065-7fa411dd8000: cdpl_worker.c:1208: in cdpl_wk_finalize(): info: finishing task T642
1748032395.104879: 6065-7fa4034b9700: cdpl_worker.c:585: in cdpl_wk_listen(): debug: received ASSIGN message
1748032395.104890: 6065-7fa411dd8000: cdpl_worker.c:1092: in cdpl_wk_wait_timeout(): info: starting task T664
1748032395.104899: 6065-7fa411dd8000: cdpl_compat_worker.c:597: in cdplWorkerLogInfo(): info: [runOneAcquisitionAdaptive BUFFD0 delay__I__hl__Z__hl__ACQ_1 job_665 ]
1748032398.342063: 6065-7fa411dd8000: cdpl_worker.c:1208: in cdpl_wk_finalize(): info: finishing task T664
1748032398.342224: 6065-7fa4034b9700: cdpl_worker.c:585: in cdpl_wk_listen(): debug: received ASSIGN message
1748032398.342244: 6065-7fa411dd8000: cdpl_worker.c:1092: in cdpl_wk_wait_timeout(): info: starting task T688
1748032398.342256: 6065-7fa411dd8000: cdpl_compat_worker.c:597: in cdplWorkerLogInfo(): info: [runOneAcquisitionAdaptive BUFFD4 delay__I__hl__Z__hl__ACQ_1 job_689 ]
1748032404.300762: 6065-7fa411dd8000: cdpl_worker.c:1208: in cdpl_wk_finalize(): info: finishing task T688
1748032404.306549: 6065-7fa4034b9700: cdpl_worker.c:585: in cdpl_wk_listen(): debug: received ASSIGN message
1748032404.306579: 6065-7fa411dd8000: cdpl_worker.c:1092: in cdpl_wk_wait_timeout(): info: starting task T724
1748032404.306592: 6065-7fa411dd8000: cdpl_compat_worker.c:597: in cdplWorkerLogInfo(): info: [runOneAcquisitionAdaptive INVD24 delay__I__hl__ZN__lh__ACQ_1 job_725 ]
1748032410.898797: 6065-7fa411dd8000: cdpl_worker.c:1208: in cdpl_wk_finalize(): info: finishing task T724
1748032415.889356: 6065-7fa4034b9700: cdpl_worker.c:616: in cdpl_wk_listen(): debug: received RELAY message
1748032418.879778: 6065-7fa4034b9700: cdpl_worker.c:585: in cdpl_wk_listen(): debug: received ASSIGN message
1748032418.894326: 6065-7fa411dd8000: cdpl_worker.c:1092: in cdpl_wk_wait_timeout(): info: starting task T764
1748032419.092866: 6065-7fa411dd8000: cdpl_compat_worker.c:597: in cdplWorkerLogInfo(): info: [modelOneCellAdaptive {ND2D1 }]
1748032422.717991: 6065-7fa411dd8000: cdpl_worker.c:1208: in cdpl_wk_finalize(): info: finishing task T764
1748032422.718167: 6065-7fa4034b9700: cdpl_worker.c:585: in cdpl_wk_listen(): debug: received ASSIGN message
1748032422.728332: 6065-7fa411dd8000: cdpl_worker.c:1092: in cdpl_wk_wait_timeout(): info: starting task T788
1748032422.728361: 6065-7fa411dd8000: cdpl_compat_worker.c:597: in cdplWorkerLogInfo(): info: [modelOneCellAdaptive {BUFFD1 }]
1748032425.557738: 6065-7fa411dd8000: cdpl_worker.c:1208: in cdpl_wk_finalize(): info: finishing task T788
1748032450.556157: 6065-7fa4034b9700: cdpl_worker.c:616: in cdpl_wk_listen(): debug: received RELAY message
1748032450.579770: 6065-7fa403cba700: cdpl_ipc.c:606: in _readv(): warning: read(): EOF
1748032450.579815: 6065-7fa403cba700: cdpl_ipc.c:1462: in _epoll_recv(): debug: _readv(): Broken pipe
1748032450.579824: 6065-7fa403cba700: cdpl_ipc.c:1683: in _epoll_main(): debug: _epoll_recv(): Broken pipe
1748032450.579839: 6065-7fa403cba700: cdpl_ipc.c:1061: in _host_drop__UNSAFE(): debug: dropping host `128.54.67.138:33374'
1748032450.579933: 6065-7fa4034b9700: cdpl_worker.c:561: in cdpl_wk_listen(): debug: received DROP notification
1748032450.579942: 6065-7fa4034b9700: cdpl_worker.c:565: in cdpl_wk_listen(): debug: we were dropped by the server
1748032450.579949: 6065-7fa4034b9700: cdpl_worker.c:492: in _wk_kill(): debug: killing worker
1748032450.579955: 6065-7fa4034b9700: cdpl_ipc.c:2481: in cdpl_ipc_kill(): debug: stopping event server
1748032450.579974: 6065-7fa4034b9700: cdpl_worker.c:542: in cdpl_wk_listen(): debug: leaving now
1748032450.580361: 6065-7fa411dd8000: cdpl_compat_worker.c:597: in cdplWorkerLogInfo(): info: [Worker shutdown. Code: 3]
1748032450.580990: 6065-7fa403cba700: cdpl_ipc.c:1720: in _epoll_main(): debug: server going down...
1748032450.587783: 6065-7fa411dd8000: cdpl_worker.c:856: in _wk_shutdown(): debug: waiting for heartbeat thread
1748032450.587809: 6065-7fa402cb8700: cdpl_worker.c:709: in cdpl_wk_heartbeat(): info: stopping heartbeat
1748032450.587853: 6065-7fa411dd8000: cdpl_ipc.c:1781: in cdpl_ipc_host_release(): debug: releasing host `128.54.67.138:33374'
1748032450.587876: 6065-7fa411dd8000: cdpl_ipc.c:2532: in cdpl_ipc_free(): debug: releasing IPC handle
1748032450.587881: 6065-7fa411dd8000: cdpl_ipc.c:986: in _host_free__UNSAFE(): debug: freeing host `128.54.67.138:33374'
1748032450.587886: 6065-7fa411dd8000: cdpl_ipc.c:1028: in _host_free__UNSAFE(): debug: [0 outq, 0 spR, 0 spW]
1748032450.587933: 6065-7fa411dd8000: cdpl_ipc.c:2571: in cdpl_ipc_free(): debug: done
1748032450.587939: 6065-7fa411dd8000: cdpl_worker.c:912: in cdpl_wk_free(): info: freed
1748032450.587943: 6065-7fa411dd8000: cdpl_log.c:359: in cdpl_log_close(): debug: @@end_of_log@@
