1748033434.355158: 7389-7fe2659f5000: cdpl_log.c:221: in cdpl_log_open(): debug: @@start_of_log@@
1748033434.355194: 7389-7fe2659f5000: cdpl_log.c:729: in cdpl_log_dump_sysinfo(): info: time: 2025/05/23 13:50:34 PDT -0700
1748033434.355198: 7389-7fe2659f5000: cdpl_log.c:731: in cdpl_log_dump_sysinfo(): info: version: L_2016.03_SP2_PROD_CDPL 
1748033434.355201: 7389-7fe2659f5000: cdpl_log.c:736: in cdpl_log_dump_sysinfo(): info: system: Linux 3.10.0-1160.119.1.el7.x86_64 #1 SMP Tue Jun 4 14:43:51 UTC 2024
1748033434.355204: 7389-7fe2659f5000: cdpl_log.c:740: in cdpl_log_dump_sysinfo(): info: processor: x86_64 64-bits
1748033434.355206: 7389-7fe2659f5000: cdpl_log.c:742: in cdpl_log_dump_sysinfo(): info: hostname: ieng6-ece-08.ucsd.edu
1748033434.355209: 7389-7fe2659f5000: cdpl_log.c:223: in cdpl_log_open(): debug: path: /home/linux/ieng6/cs241asp25/cs241asp25bu/lab5/run_siliconsmart/LIB_FF_1.1_-40_ALL/runtime/cdpl/worker.W25.ieng6-ece-08.ucsd.edu.7389.log
1748033434.355211: 7389-7fe2659f5000: cdpl_log.c:224: in cdpl_log_open(): debug: dir: /home/linux/ieng6/cs241asp25/cs241asp25bu/lab5/run_siliconsmart/LIB_FF_1.1_-40_ALL/runtime/cdpl
1748033434.355218: 7389-7fe2659f5000: cdpl_worker.c:728: in cdpl_wk_new(): info: creating worker instance
1748033434.356536: 7389-7fe2659f5000: cdpl_worker.c:925: in cdpl_wk_start(): debug: starting worker
1748033434.356548: 7389-7fe2659f5000: cdpl_worker.c:276: in cdpl_wk_setup(): info: CDPL_SERVER is "128.54.67.138:38320"
1748033434.356554: 7389-7fe2659f5000: cdpl_worker.c:299: in cdpl_wk_setup(): info: server 128.54.67.138, port 38320
1748033434.356558: 7389-7fe2659f5000: cdpl_worker.c:319: in cdpl_wk_setup(): info: CDPL_ID is "25:1:1:1:1244849655"
1748033434.356570: 7389-7fe2659f5000: cdpl_worker.c:361: in cdpl_wk_setup(): info: we are W25-B1-J1-M1-S1244849655
1748033434.356573: 7389-7fe2659f5000: cdpl_worker.c:363: in cdpl_wk_setup(): info: we are on host ieng6-ece-08.ucsd.edu
1748033434.356576: 7389-7fe2659f5000: cdpl_worker.c:372: in cdpl_wk_daemonize(): debug: will *not* daemonize
1748033434.356581: 7389-7fe2659f5000: cdpl_ipc.c:2593: in cdpl_ipc_connect(): info: connecting to 128.54.67.138:38320
1748033434.356716: 7389-7fe2659f5000: cdpl_ipc.c:2659: in cdpl_ipc_connect(): info: connected as `128.54.67.138:50974'
1748033434.356734: 7389-7fe2659f5000: cdpl_ipc.c:1763: in cdpl_ipc_host_accept(): debug: accepted host `128.54.67.138:38320'
1748033434.356741: 7389-7fe2659f5000: cdpl_ipc.c:2436: in cdpl_ipc_start(): debug: starting IPC server 128.54.67.138:43407
1748033434.356865: 7389-7fe2659f5000: cdpl_compat_worker.c:148: in cdplStartWorker(): info: SNPSLMD_LICENSE_FILE is 1705@its-flexlm-lnx4.ucsd.edu:1705@acms-flexlm-lnx4.ucsd.edu,1705@acms-flexlm-lnx5.ucsd.edu,1705@acms-flexlm-lnx6.ucsd.edu
1748033434.356929: 7389-7fe2659f5000: cdpl_compat_worker.c:597: in cdplWorkerLogInfo(): info: [Maximum lifespan of worker is set to 1200m]
1748033434.356969: 7389-7fe2659f5000: cdpl_compat_worker.c:597: in cdplWorkerLogInfo(): info: [Peak virtual memory is set to 128GB]
1748033434.380347: 7389-7fe2568d5700: cdpl_worker.c:656: in cdpl_wk_heartbeat(): debug: starting heartbeat
1748033434.380360: 7389-7fe2568d5700: cdpl_worker.c:665: in cdpl_wk_heartbeat(): info: setting heartbeat period to 60 sec
1748033434.380364: 7389-7fe2568d5700: cdpl_worker.c:673: in cdpl_wk_heartbeat(): info: first heartbeat in 1 sec
1748033434.381344: 7389-7fe2570d6700: cdpl_worker.c:528: in cdpl_wk_listen(): debug: ready
1748033465.605555: 7389-7fe2570d6700: cdpl_worker.c:616: in cdpl_wk_listen(): debug: received RELAY message
1748033465.935508: 7389-7fe2570d6700: cdpl_worker.c:616: in cdpl_wk_listen(): debug: received RELAY message
1748033466.344507: 7389-7fe2570d6700: cdpl_worker.c:585: in cdpl_wk_listen(): debug: received ASSIGN message
1748033466.344534: 7389-7fe2659f5000: cdpl_worker.c:1092: in cdpl_wk_wait_timeout(): info: starting task T70
1748033466.488011: 7389-7fe2659f5000: cdpl_compat_worker.c:597: in cdplWorkerLogInfo(): info: [runOneAcquisitionAdaptive DFCSNQD1 Cin__CP__hl__ACQ_1 job_71 ]
1748033468.279657: 7389-7fe2659f5000: cdpl_worker.c:1208: in cdpl_wk_finalize(): info: finishing task T70
1748033468.428535: 7389-7fe2570d6700: cdpl_worker.c:585: in cdpl_wk_listen(): debug: received ASSIGN message
1748033468.428561: 7389-7fe2659f5000: cdpl_worker.c:1092: in cdpl_wk_wait_timeout(): info: starting task T94
1748033468.428579: 7389-7fe2659f5000: cdpl_compat_worker.c:597: in cdplWorkerLogInfo(): info: [runOneAcquisitionAdaptive DFCSNQD1 Cin__CDN__lh__ACQ_1 job_95 ]
1748033471.605163: 7389-7fe2659f5000: cdpl_worker.c:1208: in cdpl_wk_finalize(): info: finishing task T94
1748033471.636507: 7389-7fe2570d6700: cdpl_worker.c:585: in cdpl_wk_listen(): debug: received ASSIGN message
1748033471.640160: 7389-7fe2659f5000: cdpl_worker.c:1092: in cdpl_wk_wait_timeout(): info: starting task T102
1748033471.640175: 7389-7fe2659f5000: cdpl_compat_worker.c:597: in cdplWorkerLogInfo(): info: [runOneAcquisitionAdaptive DFCSNQD2 delay__SDN__hl__Q__lh__ACQ_1 job_103 ]
1748033487.167525: 7389-7fe2659f5000: cdpl_worker.c:1208: in cdpl_wk_finalize(): info: finishing task T102
1748033487.171463: 7389-7fe2570d6700: cdpl_worker.c:585: in cdpl_wk_listen(): debug: received ASSIGN message
1748033487.171486: 7389-7fe2659f5000: cdpl_worker.c:1092: in cdpl_wk_wait_timeout(): info: starting task T132
1748033487.171501: 7389-7fe2659f5000: cdpl_compat_worker.c:597: in cdplWorkerLogInfo(): info: [runOneAcquisitionAdaptive DFCSNQD2 delay__CP__lh__Q__lh__ACQ_1 job_133 ]
1748033501.744040: 7389-7fe2659f5000: cdpl_worker.c:1208: in cdpl_wk_finalize(): info: finishing task T132
1748033501.750402: 7389-7fe2570d6700: cdpl_worker.c:585: in cdpl_wk_listen(): debug: received ASSIGN message
1748033501.750425: 7389-7fe2659f5000: cdpl_worker.c:1092: in cdpl_wk_wait_timeout(): info: starting task T162
1748033501.750436: 7389-7fe2659f5000: cdpl_compat_worker.c:597: in cdplWorkerLogInfo(): info: [runOneAcquisitionAdaptive DFCSNQD4 Cin__CDN__lh__ACQ_1 job_163 ]
1748033504.760227: 7389-7fe2659f5000: cdpl_worker.c:1208: in cdpl_wk_finalize(): info: finishing task T162
1748033504.760399: 7389-7fe2570d6700: cdpl_worker.c:585: in cdpl_wk_listen(): debug: received ASSIGN message
1748033504.760415: 7389-7fe2659f5000: cdpl_worker.c:1092: in cdpl_wk_wait_timeout(): info: starting task T170
1748033504.760426: 7389-7fe2659f5000: cdpl_compat_worker.c:597: in cdplWorkerLogInfo(): info: [runOneAcquisitionAdaptive LHQD2 energy__E__hl__ACQ_1 job_171 ]
1748033507.676273: 7389-7fe2659f5000: cdpl_worker.c:1208: in cdpl_wk_finalize(): info: finishing task T170
1748033507.676460: 7389-7fe2570d6700: cdpl_worker.c:585: in cdpl_wk_listen(): debug: received ASSIGN message
1748033507.678603: 7389-7fe2659f5000: cdpl_worker.c:1092: in cdpl_wk_wait_timeout(): info: starting task T175
1748033507.678615: 7389-7fe2659f5000: cdpl_compat_worker.c:597: in cdplWorkerLogInfo(): info: [runOneAcquisitionAdaptive LHQD2 leakage_power__ACQ_4 job_176 ]
1748033509.264376: 7389-7fe2659f5000: cdpl_worker.c:1208: in cdpl_wk_finalize(): info: finishing task T175
1748033509.264572: 7389-7fe2570d6700: cdpl_worker.c:585: in cdpl_wk_listen(): debug: received ASSIGN message
1748033509.264581: 7389-7fe2659f5000: cdpl_worker.c:1092: in cdpl_wk_wait_timeout(): info: starting task T179
1748033509.264589: 7389-7fe2659f5000: cdpl_compat_worker.c:597: in cdplWorkerLogInfo(): info: [runOneAcquisitionAdaptive LHQD2 combined_setup_hold__D__lh__E__hl__ACQ_1 job_180 ]
1748033561.700261: 7389-7fe2659f5000: cdpl_worker.c:1208: in cdpl_wk_finalize(): info: finishing task T179
1748033561.701474: 7389-7fe2570d6700: cdpl_worker.c:585: in cdpl_wk_listen(): debug: received ASSIGN message
1748033561.701512: 7389-7fe2659f5000: cdpl_worker.c:1092: in cdpl_wk_wait_timeout(): info: starting task T421
1748033561.701522: 7389-7fe2659f5000: cdpl_compat_worker.c:597: in cdplWorkerLogInfo(): info: [runOneAcquisitionAdaptive ND2D0 Cin__A2__hl__ACQ_1 job_422 ]
1748033563.580937: 7389-7fe2659f5000: cdpl_worker.c:1208: in cdpl_wk_finalize(): info: finishing task T421
1748033563.581187: 7389-7fe2570d6700: cdpl_worker.c:585: in cdpl_wk_listen(): debug: received ASSIGN message
1748033563.581249: 7389-7fe2659f5000: cdpl_worker.c:1092: in cdpl_wk_wait_timeout(): info: starting task T434
1748033563.581259: 7389-7fe2659f5000: cdpl_compat_worker.c:597: in cdplWorkerLogInfo(): info: [runOneAcquisitionAdaptive ND2D1 delay__A1__lh__ZN__hl__ACQ_1 job_435 ]
1748033567.213717: 7389-7fe2659f5000: cdpl_worker.c:1208: in cdpl_wk_finalize(): info: finishing task T434
1748033567.218551: 7389-7fe2570d6700: cdpl_worker.c:585: in cdpl_wk_listen(): debug: received ASSIGN message
1748033567.218576: 7389-7fe2659f5000: cdpl_worker.c:1092: in cdpl_wk_wait_timeout(): info: starting task T464
1748033567.218591: 7389-7fe2659f5000: cdpl_compat_worker.c:597: in cdplWorkerLogInfo(): info: [runOneAcquisitionAdaptive ND2D4 delay__A1__lh__ZN__hl__ACQ_1 job_465 ]
1748033571.717247: 7389-7fe2659f5000: cdpl_worker.c:1208: in cdpl_wk_finalize(): info: finishing task T464
1748033571.721087: 7389-7fe2570d6700: cdpl_worker.c:585: in cdpl_wk_listen(): debug: received ASSIGN message
1748033571.721106: 7389-7fe2659f5000: cdpl_worker.c:1092: in cdpl_wk_wait_timeout(): info: starting task T496
1748033571.721120: 7389-7fe2659f5000: cdpl_compat_worker.c:597: in cdplWorkerLogInfo(): info: [runOneAcquisitionAdaptive NR2D1 delay__A1__hl__ZN__lh__ACQ_1 job_497 ]
1748033575.168552: 7389-7fe2659f5000: cdpl_worker.c:1208: in cdpl_wk_finalize(): info: finishing task T496
1748033575.192350: 7389-7fe2570d6700: cdpl_worker.c:585: in cdpl_wk_listen(): debug: received ASSIGN message
1748033575.192369: 7389-7fe2659f5000: cdpl_worker.c:1092: in cdpl_wk_wait_timeout(): info: starting task T519
1748033575.192380: 7389-7fe2659f5000: cdpl_compat_worker.c:597: in cdplWorkerLogInfo(): info: [runOneAcquisitionAdaptive NR2D3 delay__A2__lh__ZN__hl__ACQ_1 job_520 ]
1748033580.662694: 7389-7fe2659f5000: cdpl_worker.c:1208: in cdpl_wk_finalize(): info: finishing task T519
1748033580.667765: 7389-7fe2570d6700: cdpl_worker.c:585: in cdpl_wk_listen(): debug: received ASSIGN message
1748033580.667780: 7389-7fe2659f5000: cdpl_worker.c:1092: in cdpl_wk_wait_timeout(): info: starting task T557
1748033580.667788: 7389-7fe2659f5000: cdpl_compat_worker.c:597: in cdplWorkerLogInfo(): info: [runOneAcquisitionAdaptive OR2D1 delay__A2__lh__Z__lh__ACQ_1 job_558 ]
1748033585.097742: 7389-7fe2659f5000: cdpl_worker.c:1208: in cdpl_wk_finalize(): info: finishing task T557
1748033585.122568: 7389-7fe2570d6700: cdpl_worker.c:585: in cdpl_wk_listen(): debug: received ASSIGN message
1748033585.122611: 7389-7fe2659f5000: cdpl_worker.c:1092: in cdpl_wk_wait_timeout(): info: starting task T586
1748033585.122622: 7389-7fe2659f5000: cdpl_compat_worker.c:597: in cdplWorkerLogInfo(): info: [runOneAcquisitionAdaptive OR2XD1 leakage_power__ACQ_2 job_587 ]
1748033587.313772: 7389-7fe2659f5000: cdpl_worker.c:1208: in cdpl_wk_finalize(): info: finishing task T586
1748033587.329032: 7389-7fe2570d6700: cdpl_worker.c:585: in cdpl_wk_listen(): debug: received ASSIGN message
1748033587.329053: 7389-7fe2659f5000: cdpl_worker.c:1092: in cdpl_wk_wait_timeout(): info: starting task T605
1748033587.329064: 7389-7fe2659f5000: cdpl_compat_worker.c:597: in cdplWorkerLogInfo(): info: [runOneAcquisitionAdaptive XNR2D1 delay__A1__lh__ZN__hl__ACQ_1 job_606 ]
1748033593.107556: 7389-7fe2659f5000: cdpl_worker.c:1208: in cdpl_wk_finalize(): info: finishing task T605
1748033593.123377: 7389-7fe2570d6700: cdpl_worker.c:585: in cdpl_wk_listen(): debug: received ASSIGN message
1748033593.123401: 7389-7fe2659f5000: cdpl_worker.c:1092: in cdpl_wk_wait_timeout(): info: starting task T631
1748033593.123419: 7389-7fe2659f5000: cdpl_compat_worker.c:597: in cdplWorkerLogInfo(): info: [runOneAcquisitionAdaptive XOR2D0 delay__A1__lh__Z__lh__ACQ_1 job_632 ]
1748033598.857289: 7389-7fe2659f5000: cdpl_worker.c:1208: in cdpl_wk_finalize(): info: finishing task T631
1748033598.858327: 7389-7fe2570d6700: cdpl_worker.c:585: in cdpl_wk_listen(): debug: received ASSIGN message
1748033598.858367: 7389-7fe2659f5000: cdpl_worker.c:1092: in cdpl_wk_wait_timeout(): info: starting task T652
1748033598.858379: 7389-7fe2659f5000: cdpl_compat_worker.c:597: in cdplWorkerLogInfo(): info: [runOneAcquisitionAdaptive XOR2D2 delay__A1__hl__Z__hl__ACQ_1 job_653 ]
1748033603.310696: 7389-7fe2659f5000: cdpl_worker.c:1208: in cdpl_wk_finalize(): info: finishing task T652
1748033603.339291: 7389-7fe2570d6700: cdpl_worker.c:585: in cdpl_wk_listen(): debug: received ASSIGN message
1748033603.339341: 7389-7fe2659f5000: cdpl_worker.c:1092: in cdpl_wk_wait_timeout(): info: starting task T677
1748033603.339352: 7389-7fe2659f5000: cdpl_compat_worker.c:597: in cdplWorkerLogInfo(): info: [runOneAcquisitionAdaptive BUFFD2 leakage_power__ACQ_1 job_678 ]
1748033605.509122: 7389-7fe2659f5000: cdpl_worker.c:1208: in cdpl_wk_finalize(): info: finishing task T677
1748033605.516535: 7389-7fe2570d6700: cdpl_worker.c:585: in cdpl_wk_listen(): debug: received ASSIGN message
1748033605.516552: 7389-7fe2659f5000: cdpl_worker.c:1092: in cdpl_wk_wait_timeout(): info: starting task T698
1748033605.516562: 7389-7fe2659f5000: cdpl_compat_worker.c:597: in cdplWorkerLogInfo(): info: [runOneAcquisitionAdaptive INVD0 leakage_power__ACQ_2 job_699 ]
1748033607.209532: 7389-7fe2659f5000: cdpl_worker.c:1208: in cdpl_wk_finalize(): info: finishing task T698
1748033607.209958: 7389-7fe2570d6700: cdpl_worker.c:585: in cdpl_wk_listen(): debug: received ASSIGN message
1748033607.209972: 7389-7fe2659f5000: cdpl_worker.c:1092: in cdpl_wk_wait_timeout(): info: starting task T707
1748033607.209982: 7389-7fe2659f5000: cdpl_compat_worker.c:597: in cdplWorkerLogInfo(): info: [runOneAcquisitionAdaptive INVD12 delay__I__lh__ZN__hl__ACQ_1 job_708 ]
1748033613.405445: 7389-7fe2659f5000: cdpl_worker.c:1208: in cdpl_wk_finalize(): info: finishing task T707
1748033620.407383: 7389-7fe2570d6700: cdpl_worker.c:616: in cdpl_wk_listen(): debug: received RELAY message
1748033621.075562: 7389-7fe2570d6700: cdpl_worker.c:585: in cdpl_wk_listen(): debug: received ASSIGN message
1748033621.075594: 7389-7fe2659f5000: cdpl_worker.c:1092: in cdpl_wk_wait_timeout(): info: starting task T747
1748033621.169701: 7389-7fe2659f5000: cdpl_compat_worker.c:597: in cdplWorkerLogInfo(): info: [modelOneCellAdaptive {AOI21D2 }]
1748033623.803602: 7389-7fe2659f5000: cdpl_worker.c:1208: in cdpl_wk_finalize(): info: finishing task T747
1748033623.811929: 7389-7fe2570d6700: cdpl_worker.c:585: in cdpl_wk_listen(): debug: received ASSIGN message
1748033623.811976: 7389-7fe2659f5000: cdpl_worker.c:1092: in cdpl_wk_wait_timeout(): info: starting task T769
1748033623.811989: 7389-7fe2659f5000: cdpl_compat_worker.c:597: in cdplWorkerLogInfo(): info: [modelOneCellAdaptive {NR2D0 }]
1748033627.223687: 7389-7fe2659f5000: cdpl_worker.c:1208: in cdpl_wk_finalize(): info: finishing task T769
1748033627.223927: 7389-7fe2570d6700: cdpl_worker.c:585: in cdpl_wk_listen(): debug: received ASSIGN message
1748033627.223937: 7389-7fe2659f5000: cdpl_worker.c:1092: in cdpl_wk_wait_timeout(): info: starting task T794
1748033627.223947: 7389-7fe2659f5000: cdpl_compat_worker.c:597: in cdplWorkerLogInfo(): info: [modelOneCellAdaptive {BUFFD6 }]
1748033629.814189: 7389-7fe2659f5000: cdpl_worker.c:1208: in cdpl_wk_finalize(): info: finishing task T794
1748033655.399475: 7389-7fe2570d6700: cdpl_worker.c:616: in cdpl_wk_listen(): debug: received RELAY message
1748033655.427539: 7389-7fe2578d7700: cdpl_ipc.c:606: in _readv(): warning: read(): EOF
1748033655.427573: 7389-7fe2578d7700: cdpl_ipc.c:1462: in _epoll_recv(): debug: _readv(): Broken pipe
1748033655.427580: 7389-7fe2578d7700: cdpl_ipc.c:1683: in _epoll_main(): debug: _epoll_recv(): Broken pipe
1748033655.427591: 7389-7fe2578d7700: cdpl_ipc.c:1061: in _host_drop__UNSAFE(): debug: dropping host `128.54.67.138:38320'
1748033655.427763: 7389-7fe2570d6700: cdpl_worker.c:561: in cdpl_wk_listen(): debug: received DROP notification
1748033655.427784: 7389-7fe2570d6700: cdpl_worker.c:565: in cdpl_wk_listen(): debug: we were dropped by the server
1748033655.427790: 7389-7fe2570d6700: cdpl_worker.c:492: in _wk_kill(): debug: killing worker
1748033655.427794: 7389-7fe2570d6700: cdpl_ipc.c:2481: in cdpl_ipc_kill(): debug: stopping event server
1748033655.427822: 7389-7fe2570d6700: cdpl_worker.c:542: in cdpl_wk_listen(): debug: leaving now
1748033655.428139: 7389-7fe2659f5000: cdpl_compat_worker.c:597: in cdplWorkerLogInfo(): info: [Worker shutdown. Code: 3]
1748033655.428585: 7389-7fe2578d7700: cdpl_ipc.c:1720: in _epoll_main(): debug: server going down...
1748033655.435754: 7389-7fe2659f5000: cdpl_worker.c:856: in _wk_shutdown(): debug: waiting for heartbeat thread
1748033655.435862: 7389-7fe2568d5700: cdpl_worker.c:709: in cdpl_wk_heartbeat(): info: stopping heartbeat
1748033655.435978: 7389-7fe2659f5000: cdpl_ipc.c:1781: in cdpl_ipc_host_release(): debug: releasing host `128.54.67.138:38320'
1748033655.436017: 7389-7fe2659f5000: cdpl_ipc.c:2532: in cdpl_ipc_free(): debug: releasing IPC handle
1748033655.436024: 7389-7fe2659f5000: cdpl_ipc.c:986: in _host_free__UNSAFE(): debug: freeing host `128.54.67.138:38320'
1748033655.436032: 7389-7fe2659f5000: cdpl_ipc.c:1028: in _host_free__UNSAFE(): debug: [0 outq, 0 spR, 0 spW]
1748033655.436061: 7389-7fe2659f5000: cdpl_ipc.c:2571: in cdpl_ipc_free(): debug: done
1748033655.436068: 7389-7fe2659f5000: cdpl_worker.c:912: in cdpl_wk_free(): info: freed
1748033655.436075: 7389-7fe2659f5000: cdpl_log.c:359: in cdpl_log_close(): debug: @@end_of_log@@
