1748032226.714708: 5571-7fc7006c7000: cdpl_log.c:221: in cdpl_log_open(): debug: @@start_of_log@@
1748032226.714745: 5571-7fc7006c7000: cdpl_log.c:729: in cdpl_log_dump_sysinfo(): info: time: 2025/05/23 13:30:26 PDT -0700
1748032226.714749: 5571-7fc7006c7000: cdpl_log.c:731: in cdpl_log_dump_sysinfo(): info: version: L_2016.03_SP2_PROD_CDPL 
1748032226.714752: 5571-7fc7006c7000: cdpl_log.c:736: in cdpl_log_dump_sysinfo(): info: system: Linux 3.10.0-1160.119.1.el7.x86_64 #1 SMP Tue Jun 4 14:43:51 UTC 2024
1748032226.714755: 5571-7fc7006c7000: cdpl_log.c:740: in cdpl_log_dump_sysinfo(): info: processor: x86_64 64-bits
1748032226.714757: 5571-7fc7006c7000: cdpl_log.c:742: in cdpl_log_dump_sysinfo(): info: hostname: ieng6-ece-08.ucsd.edu
1748032226.714759: 5571-7fc7006c7000: cdpl_log.c:223: in cdpl_log_open(): debug: path: /home/linux/ieng6/cs241asp25/cs241asp25bu/lab5/run_siliconsmart/LIB_FF_1.1_-40_ALL/runtime/cdpl/worker.W4.ieng6-ece-08.ucsd.edu.5571.log
1748032226.714762: 5571-7fc7006c7000: cdpl_log.c:224: in cdpl_log_open(): debug: dir: /home/linux/ieng6/cs241asp25/cs241asp25bu/lab5/run_siliconsmart/LIB_FF_1.1_-40_ALL/runtime/cdpl
1748032226.714769: 5571-7fc7006c7000: cdpl_worker.c:728: in cdpl_wk_new(): info: creating worker instance
1748032226.727583: 5571-7fc7006c7000: cdpl_worker.c:925: in cdpl_wk_start(): debug: starting worker
1748032226.727595: 5571-7fc7006c7000: cdpl_worker.c:276: in cdpl_wk_setup(): info: CDPL_SERVER is "128.54.67.138:33374"
1748032226.727598: 5571-7fc7006c7000: cdpl_worker.c:299: in cdpl_wk_setup(): info: server 128.54.67.138, port 33374
1748032226.727601: 5571-7fc7006c7000: cdpl_worker.c:319: in cdpl_wk_setup(): info: CDPL_ID is "4:1:1:1:231692397"
1748032226.727611: 5571-7fc7006c7000: cdpl_worker.c:361: in cdpl_wk_setup(): info: we are W4-B1-J1-M1-S231692397
1748032226.727614: 5571-7fc7006c7000: cdpl_worker.c:363: in cdpl_wk_setup(): info: we are on host ieng6-ece-08.ucsd.edu
1748032226.727616: 5571-7fc7006c7000: cdpl_worker.c:372: in cdpl_wk_daemonize(): debug: will *not* daemonize
1748032226.727620: 5571-7fc7006c7000: cdpl_ipc.c:2593: in cdpl_ipc_connect(): info: connecting to 128.54.67.138:33374
1748032226.727694: 5571-7fc7006c7000: cdpl_ipc.c:2659: in cdpl_ipc_connect(): info: connected as `128.54.67.138:45680'
1748032226.727710: 5571-7fc7006c7000: cdpl_ipc.c:1763: in cdpl_ipc_host_accept(): debug: accepted host `128.54.67.138:33374'
1748032226.727717: 5571-7fc7006c7000: cdpl_ipc.c:2436: in cdpl_ipc_start(): debug: starting IPC server 128.54.67.138:36048
1748032226.727840: 5571-7fc7006c7000: cdpl_compat_worker.c:148: in cdplStartWorker(): info: SNPSLMD_LICENSE_FILE is 1705@its-flexlm-lnx4.ucsd.edu:1705@acms-flexlm-lnx4.ucsd.edu,1705@acms-flexlm-lnx5.ucsd.edu,1705@acms-flexlm-lnx6.ucsd.edu
1748032226.727903: 5571-7fc7006c7000: cdpl_compat_worker.c:597: in cdplWorkerLogInfo(): info: [Maximum lifespan of worker is set to 1200m]
1748032226.727943: 5571-7fc7006c7000: cdpl_compat_worker.c:597: in cdplWorkerLogInfo(): info: [Peak virtual memory is set to 128GB]
1748032226.727965: 5571-7fc6f1da8700: cdpl_worker.c:528: in cdpl_wk_listen(): debug: ready
1748032226.730659: 5571-7fc6f1da8700: cdpl_worker.c:585: in cdpl_wk_listen(): debug: received ASSIGN message
1748032226.730672: 5571-7fc7006c7000: cdpl_worker.c:1092: in cdpl_wk_wait_timeout(): info: starting task T4
1748032226.730688: 5571-7fc7006c7000: cdpl_compat_worker.c:597: in cdplWorkerLogInfo(): info: [configOneCellAdaptive { AN2D8 }]
1748032226.763904: 5571-7fc6f15a7700: cdpl_worker.c:656: in cdpl_wk_heartbeat(): debug: starting heartbeat
1748032226.763921: 5571-7fc6f15a7700: cdpl_worker.c:665: in cdpl_wk_heartbeat(): info: setting heartbeat period to 60 sec
1748032226.763925: 5571-7fc6f15a7700: cdpl_worker.c:673: in cdpl_wk_heartbeat(): info: first heartbeat in 1 sec
1748032227.208746: 5571-7fc7006c7000: cdpl_worker.c:1208: in cdpl_wk_finalize(): info: finishing task T4
1748032227.209033: 5571-7fc6f1da8700: cdpl_worker.c:585: in cdpl_wk_listen(): debug: received ASSIGN message
1748032227.209044: 5571-7fc7006c7000: cdpl_worker.c:1092: in cdpl_wk_wait_timeout(): info: starting task T11
1748032227.209056: 5571-7fc7006c7000: cdpl_compat_worker.c:597: in cdplWorkerLogInfo(): info: [configOneCellAdaptive { BUFFD1 }]
1748032227.445644: 5571-7fc7006c7000: cdpl_worker.c:1208: in cdpl_wk_finalize(): info: finishing task T11
1748032227.445953: 5571-7fc6f1da8700: cdpl_worker.c:585: in cdpl_wk_listen(): debug: received ASSIGN message
1748032227.445966: 5571-7fc7006c7000: cdpl_worker.c:1092: in cdpl_wk_wait_timeout(): info: starting task T13
1748032227.445975: 5571-7fc7006c7000: cdpl_compat_worker.c:597: in cdplWorkerLogInfo(): info: [configOneCellAdaptive { BUFFD16 }]
1748032227.650167: 5571-7fc7006c7000: cdpl_worker.c:1208: in cdpl_wk_finalize(): info: finishing task T13
1748032227.650403: 5571-7fc6f1da8700: cdpl_worker.c:585: in cdpl_wk_listen(): debug: received ASSIGN message
1748032227.650432: 5571-7fc7006c7000: cdpl_worker.c:1092: in cdpl_wk_wait_timeout(): info: starting task T17
1748032227.650448: 5571-7fc7006c7000: cdpl_compat_worker.c:597: in cdplWorkerLogInfo(): info: [configOneCellAdaptive { BUFFD6 }]
1748032227.774637: 5571-7fc7006c7000: cdpl_worker.c:1208: in cdpl_wk_finalize(): info: finishing task T17
1748032228.482695: 5571-7fc6f1da8700: cdpl_worker.c:585: in cdpl_wk_listen(): debug: received ASSIGN message
1748032228.483324: 5571-7fc7006c7000: cdpl_worker.c:1092: in cdpl_wk_wait_timeout(): info: starting task T27
1748032228.483343: 5571-7fc7006c7000: cdpl_compat_worker.c:597: in cdplWorkerLogInfo(): info: [configOneCellAdaptive { INVD20 }]
1748032228.719832: 5571-7fc7006c7000: cdpl_worker.c:1208: in cdpl_wk_finalize(): info: finishing task T27
1748032228.774556: 5571-7fc6f1da8700: cdpl_worker.c:585: in cdpl_wk_listen(): debug: received ASSIGN message
1748032228.774572: 5571-7fc7006c7000: cdpl_worker.c:1092: in cdpl_wk_wait_timeout(): info: starting task T37
1748032228.774581: 5571-7fc7006c7000: cdpl_compat_worker.c:597: in cdplWorkerLogInfo(): info: [configOneCellAdaptive { MUX2D4 }]
1748032229.839395: 5571-7fc7006c7000: cdpl_worker.c:1208: in cdpl_wk_finalize(): info: finishing task T37
1748032229.843473: 5571-7fc6f1da8700: cdpl_worker.c:585: in cdpl_wk_listen(): debug: received ASSIGN message
1748032229.843520: 5571-7fc7006c7000: cdpl_worker.c:1092: in cdpl_wk_wait_timeout(): info: starting task T51
1748032229.843532: 5571-7fc7006c7000: cdpl_compat_worker.c:597: in cdplWorkerLogInfo(): info: [configOneCellAdaptive { OAI21D1 }]
1748032231.200527: 5571-7fc7006c7000: cdpl_worker.c:1208: in cdpl_wk_finalize(): info: finishing task T51
1748032261.711039: 5571-7fc6f1da8700: cdpl_worker.c:616: in cdpl_wk_listen(): debug: received RELAY message
1748032261.852531: 5571-7fc6f1da8700: cdpl_worker.c:616: in cdpl_wk_listen(): debug: received RELAY message
1748032262.160049: 5571-7fc6f1da8700: cdpl_worker.c:585: in cdpl_wk_listen(): debug: received ASSIGN message
1748032262.160080: 5571-7fc7006c7000: cdpl_worker.c:1092: in cdpl_wk_wait_timeout(): info: starting task T69
1748032262.281521: 5571-7fc7006c7000: cdpl_compat_worker.c:597: in cdplWorkerLogInfo(): info: [runOneAcquisitionAdaptive DFCSNQD1 delay__CDN__hl__Q__hl__ACQ_1 job_70 ]
1748032267.872196: 5571-7fc7006c7000: cdpl_worker.c:1208: in cdpl_wk_finalize(): info: finishing task T69
1748032267.881790: 5571-7fc6f1da8700: cdpl_worker.c:585: in cdpl_wk_listen(): debug: received ASSIGN message
1748032267.881816: 5571-7fc7006c7000: cdpl_worker.c:1092: in cdpl_wk_wait_timeout(): info: starting task T105
1748032267.881833: 5571-7fc7006c7000: cdpl_compat_worker.c:597: in cdplWorkerLogInfo(): info: [runOneAcquisitionAdaptive DFCSNQD2 leakage_power__ACQ_1 job_106 ]
1748032270.023776: 5571-7fc7006c7000: cdpl_worker.c:1208: in cdpl_wk_finalize(): info: finishing task T105
1748032270.028869: 5571-7fc6f1da8700: cdpl_worker.c:585: in cdpl_wk_listen(): debug: received ASSIGN message
1748032270.032701: 5571-7fc7006c7000: cdpl_worker.c:1092: in cdpl_wk_wait_timeout(): info: starting task T112
1748032270.032719: 5571-7fc7006c7000: cdpl_compat_worker.c:597: in cdplWorkerLogInfo(): info: [runOneAcquisitionAdaptive DFCSNQD2 asynch_recover__CDN__lh__SDN__lh__ACQ_1 job_113 ]
1748032291.672484: 5571-7fc7006c7000: cdpl_worker.c:1208: in cdpl_wk_finalize(): info: finishing task T112
1748032291.672770: 5571-7fc6f1da8700: cdpl_worker.c:585: in cdpl_wk_listen(): debug: received ASSIGN message
1748032291.672780: 5571-7fc7006c7000: cdpl_worker.c:1092: in cdpl_wk_wait_timeout(): info: starting task T151
1748032291.672788: 5571-7fc7006c7000: cdpl_compat_worker.c:597: in cdplWorkerLogInfo(): info: [runOneAcquisitionAdaptive DFCSNQD4 removal__SDN__lh__CP__lh__ACQ_1 job_152 ]
1748032321.101882: 5571-7fc7006c7000: cdpl_worker.c:1208: in cdpl_wk_finalize(): info: finishing task T151
1748032321.102213: 5571-7fc6f1da8700: cdpl_worker.c:585: in cdpl_wk_listen(): debug: received ASSIGN message
1748032321.102224: 5571-7fc7006c7000: cdpl_worker.c:1092: in cdpl_wk_wait_timeout(): info: starting task T234
1748032321.102232: 5571-7fc7006c7000: cdpl_compat_worker.c:597: in cdplWorkerLogInfo(): info: [runOneAcquisitionAdaptive AOI21D4 Cin__A2__lh__ACQ_1 job_235 ]
1748032323.639881: 5571-7fc7006c7000: cdpl_worker.c:1208: in cdpl_wk_finalize(): info: finishing task T234
1748032323.640082: 5571-7fc6f1da8700: cdpl_worker.c:585: in cdpl_wk_listen(): debug: received ASSIGN message
1748032323.640110: 5571-7fc7006c7000: cdpl_worker.c:1092: in cdpl_wk_wait_timeout(): info: starting task T243
1748032323.640121: 5571-7fc7006c7000: cdpl_compat_worker.c:597: in cdplWorkerLogInfo(): info: [runOneAcquisitionAdaptive MUX2D0 delay__S__lh__Z__lh__ACQ_1 job_244 ]
1748032329.304288: 5571-7fc7006c7000: cdpl_worker.c:1208: in cdpl_wk_finalize(): info: finishing task T243
1748032329.305858: 5571-7fc6f1da8700: cdpl_worker.c:585: in cdpl_wk_listen(): debug: received ASSIGN message
1748032329.305869: 5571-7fc7006c7000: cdpl_worker.c:1092: in cdpl_wk_wait_timeout(): info: starting task T266
1748032329.305878: 5571-7fc7006c7000: cdpl_compat_worker.c:597: in cdplWorkerLogInfo(): info: [runOneAcquisitionAdaptive MUX2D1 Cin__I0__hl__ACQ_1 job_267 ]
1748032331.388664: 5571-7fc7006c7000: cdpl_worker.c:1208: in cdpl_wk_finalize(): info: finishing task T266
1748032331.408431: 5571-7fc6f1da8700: cdpl_worker.c:585: in cdpl_wk_listen(): debug: received ASSIGN message
1748032331.408473: 5571-7fc7006c7000: cdpl_worker.c:1092: in cdpl_wk_wait_timeout(): info: starting task T277
1748032331.408487: 5571-7fc7006c7000: cdpl_compat_worker.c:597: in cdplWorkerLogInfo(): info: [runOneAcquisitionAdaptive MUX2D2 Cin__I1__lh__ACQ_1 job_278 ]
1748032333.692021: 5571-7fc7006c7000: cdpl_worker.c:1208: in cdpl_wk_finalize(): info: finishing task T277
1748032333.692212: 5571-7fc6f1da8700: cdpl_worker.c:585: in cdpl_wk_listen(): debug: received ASSIGN message
1748032333.692223: 5571-7fc7006c7000: cdpl_worker.c:1092: in cdpl_wk_wait_timeout(): info: starting task T290
1748032333.692232: 5571-7fc7006c7000: cdpl_compat_worker.c:597: in cdplWorkerLogInfo(): info: [runOneAcquisitionAdaptive MUX2D4 delay__I0__hl__Z__hl__ACQ_1 job_291 ]
1748032341.369361: 5571-7fc7006c7000: cdpl_worker.c:1208: in cdpl_wk_finalize(): info: finishing task T290
1748032341.460136: 5571-7fc6f1da8700: cdpl_worker.c:585: in cdpl_wk_listen(): debug: received ASSIGN message
1748032341.460162: 5571-7fc7006c7000: cdpl_worker.c:1092: in cdpl_wk_wait_timeout(): info: starting task T329
1748032341.460180: 5571-7fc7006c7000: cdpl_compat_worker.c:597: in cdplWorkerLogInfo(): info: [runOneAcquisitionAdaptive OAI21D1 delay__A2__hl__ZN__lh__ACQ_1 job_330 ]
1748032345.145915: 5571-7fc7006c7000: cdpl_worker.c:1208: in cdpl_wk_finalize(): info: finishing task T329
1748032345.150260: 5571-7fc6f1da8700: cdpl_worker.c:585: in cdpl_wk_listen(): debug: received ASSIGN message
1748032345.158425: 5571-7fc7006c7000: cdpl_worker.c:1092: in cdpl_wk_wait_timeout(): info: starting task T356
1748032345.158446: 5571-7fc7006c7000: cdpl_compat_worker.c:597: in cdplWorkerLogInfo(): info: [runOneAcquisitionAdaptive OAI21D4 delay__A2__lh__ZN__hl__ACQ_1 job_357 ]
1748032353.379121: 5571-7fc7006c7000: cdpl_worker.c:1208: in cdpl_wk_finalize(): info: finishing task T356
1748032353.379435: 5571-7fc6f1da8700: cdpl_worker.c:585: in cdpl_wk_listen(): debug: received ASSIGN message
1748032353.379476: 5571-7fc7006c7000: cdpl_worker.c:1092: in cdpl_wk_wait_timeout(): info: starting task T405
1748032353.379487: 5571-7fc7006c7000: cdpl_compat_worker.c:597: in cdplWorkerLogInfo(): info: [runOneAcquisitionAdaptive AN2D8 leakage_power__ACQ_1 job_406 ]
1748032355.398926: 5571-7fc7006c7000: cdpl_worker.c:1208: in cdpl_wk_finalize(): info: finishing task T405
1748032355.407454: 5571-7fc6f1da8700: cdpl_worker.c:585: in cdpl_wk_listen(): debug: received ASSIGN message
1748032355.407472: 5571-7fc7006c7000: cdpl_worker.c:1092: in cdpl_wk_wait_timeout(): info: starting task T421
1748032355.407482: 5571-7fc7006c7000: cdpl_compat_worker.c:597: in cdplWorkerLogInfo(): info: [runOneAcquisitionAdaptive ND2D0 Cin__A2__hl__ACQ_1 job_422 ]
1748032357.186860: 5571-7fc7006c7000: cdpl_worker.c:1208: in cdpl_wk_finalize(): info: finishing task T421
1748032357.193815: 5571-7fc6f1da8700: cdpl_worker.c:585: in cdpl_wk_listen(): debug: received ASSIGN message
1748032357.193832: 5571-7fc7006c7000: cdpl_worker.c:1092: in cdpl_wk_wait_timeout(): info: starting task T432
1748032357.193842: 5571-7fc7006c7000: cdpl_compat_worker.c:597: in cdplWorkerLogInfo(): info: [runOneAcquisitionAdaptive ND2D1 Cin__A1__lh__ACQ_1 job_433 ]
1748032359.233489: 5571-7fc7006c7000: cdpl_worker.c:1208: in cdpl_wk_finalize(): info: finishing task T432
1748032359.233720: 5571-7fc6f1da8700: cdpl_worker.c:585: in cdpl_wk_listen(): debug: received ASSIGN message
1748032359.233735: 5571-7fc7006c7000: cdpl_worker.c:1092: in cdpl_wk_wait_timeout(): info: starting task T443
1748032359.233746: 5571-7fc7006c7000: cdpl_compat_worker.c:597: in cdplWorkerLogInfo(): info: [runOneAcquisitionAdaptive ND2D2 leakage_power__ACQ_1 job_444 ]
1748032361.613994: 5571-7fc7006c7000: cdpl_worker.c:1208: in cdpl_wk_finalize(): info: finishing task T443
1748032361.622904: 5571-7fc6f1da8700: cdpl_worker.c:585: in cdpl_wk_listen(): debug: received ASSIGN message
1748032361.622986: 5571-7fc7006c7000: cdpl_worker.c:1092: in cdpl_wk_wait_timeout(): info: starting task T458
1748032361.622998: 5571-7fc7006c7000: cdpl_compat_worker.c:597: in cdplWorkerLogInfo(): info: [runOneAcquisitionAdaptive ND2D3 Cin__A1__hl__ACQ_1 job_459 ]
1748032363.943274: 5571-7fc7006c7000: cdpl_worker.c:1208: in cdpl_wk_finalize(): info: finishing task T458
1748032363.943462: 5571-7fc6f1da8700: cdpl_worker.c:585: in cdpl_wk_listen(): debug: received ASSIGN message
1748032363.947246: 5571-7fc7006c7000: cdpl_worker.c:1092: in cdpl_wk_wait_timeout(): info: starting task T479
1748032363.947262: 5571-7fc7006c7000: cdpl_compat_worker.c:597: in cdplWorkerLogInfo(): info: [runOneAcquisitionAdaptive ND2D8 delay__A2__lh__ZN__hl__ACQ_1 job_480 ]
1748032374.041884: 5571-7fc7006c7000: cdpl_worker.c:1208: in cdpl_wk_finalize(): info: finishing task T479
1748032374.048948: 5571-7fc6f1da8700: cdpl_worker.c:585: in cdpl_wk_listen(): debug: received ASSIGN message
1748032374.057621: 5571-7fc7006c7000: cdpl_worker.c:1092: in cdpl_wk_wait_timeout(): info: starting task T552
1748032374.057639: 5571-7fc7006c7000: cdpl_compat_worker.c:597: in cdplWorkerLogInfo(): info: [runOneAcquisitionAdaptive OR2D1 Cin__A1__lh__ACQ_1 job_553 ]
1748032375.773808: 5571-7fc7006c7000: cdpl_worker.c:1208: in cdpl_wk_finalize(): info: finishing task T552
1748032375.782154: 5571-7fc6f1da8700: cdpl_worker.c:585: in cdpl_wk_listen(): debug: received ASSIGN message
1748032375.786790: 5571-7fc7006c7000: cdpl_worker.c:1092: in cdpl_wk_wait_timeout(): info: starting task T566
1748032375.786808: 5571-7fc7006c7000: cdpl_compat_worker.c:597: in cdplWorkerLogInfo(): info: [runOneAcquisitionAdaptive OR2D2 leakage_power__ACQ_2 job_567 ]
1748032377.318442: 5571-7fc7006c7000: cdpl_worker.c:1208: in cdpl_wk_finalize(): info: finishing task T566
1748032377.318732: 5571-7fc6f1da8700: cdpl_worker.c:585: in cdpl_wk_listen(): debug: received ASSIGN message
1748032377.320549: 5571-7fc7006c7000: cdpl_worker.c:1092: in cdpl_wk_wait_timeout(): info: starting task T576
1748032377.320563: 5571-7fc7006c7000: cdpl_compat_worker.c:597: in cdplWorkerLogInfo(): info: [runOneAcquisitionAdaptive OR2D4 leakage_power__ACQ_2 job_577 ]
1748032379.171026: 5571-7fc7006c7000: cdpl_worker.c:1208: in cdpl_wk_finalize(): info: finishing task T576
1748032379.171168: 5571-7fc6f1da8700: cdpl_worker.c:585: in cdpl_wk_listen(): debug: received ASSIGN message
1748032379.171184: 5571-7fc7006c7000: cdpl_worker.c:1092: in cdpl_wk_wait_timeout(): info: starting task T589
1748032379.171194: 5571-7fc7006c7000: cdpl_compat_worker.c:597: in cdplWorkerLogInfo(): info: [runOneAcquisitionAdaptive OR2XD1 Cin__A2__lh__ACQ_1 job_590 ]
1748032381.104274: 5571-7fc7006c7000: cdpl_worker.c:1208: in cdpl_wk_finalize(): info: finishing task T589
1748032381.104473: 5571-7fc6f1da8700: cdpl_worker.c:585: in cdpl_wk_listen(): debug: received ASSIGN message
1748032381.104489: 5571-7fc7006c7000: cdpl_worker.c:1092: in cdpl_wk_wait_timeout(): info: starting task T603
1748032381.104500: 5571-7fc7006c7000: cdpl_compat_worker.c:597: in cdplWorkerLogInfo(): info: [runOneAcquisitionAdaptive XNR2D1 leakage_power__ACQ_1 job_604 ]
1748032383.379740: 5571-7fc7006c7000: cdpl_worker.c:1208: in cdpl_wk_finalize(): info: finishing task T603
1748032383.398580: 5571-7fc6f1da8700: cdpl_worker.c:585: in cdpl_wk_listen(): debug: received ASSIGN message
1748032383.398593: 5571-7fc7006c7000: cdpl_worker.c:1092: in cdpl_wk_wait_timeout(): info: starting task T612
1748032383.398603: 5571-7fc7006c7000: cdpl_compat_worker.c:597: in cdplWorkerLogInfo(): info: [runOneAcquisitionAdaptive XNR2D2 delay__A2__hl__ZN__hl__ACQ_1 job_613 ]
1748032390.174531: 5571-7fc7006c7000: cdpl_worker.c:1208: in cdpl_wk_finalize(): info: finishing task T612
1748032390.174893: 5571-7fc6f1da8700: cdpl_worker.c:585: in cdpl_wk_listen(): debug: received ASSIGN message
1748032390.174903: 5571-7fc7006c7000: cdpl_worker.c:1092: in cdpl_wk_wait_timeout(): info: starting task T644
1748032390.174912: 5571-7fc7006c7000: cdpl_compat_worker.c:597: in cdplWorkerLogInfo(): info: [runOneAcquisitionAdaptive XOR2D1 leakage_power__ACQ_2 job_645 ]
1748032392.016420: 5571-7fc7006c7000: cdpl_worker.c:1208: in cdpl_wk_finalize(): info: finishing task T644
1748032392.016597: 5571-7fc6f1da8700: cdpl_worker.c:585: in cdpl_wk_listen(): debug: received ASSIGN message
1748032392.016606: 5571-7fc7006c7000: cdpl_worker.c:1092: in cdpl_wk_wait_timeout(): info: starting task T651
1748032392.016614: 5571-7fc7006c7000: cdpl_compat_worker.c:597: in cdplWorkerLogInfo(): info: [runOneAcquisitionAdaptive XOR2D2 delay__A1__lh__Z__lh__ACQ_1 job_652 ]
1748032398.687950: 5571-7fc7006c7000: cdpl_worker.c:1208: in cdpl_wk_finalize(): info: finishing task T651
1748032398.692329: 5571-7fc6f1da8700: cdpl_worker.c:585: in cdpl_wk_listen(): debug: received ASSIGN message
1748032398.692428: 5571-7fc7006c7000: cdpl_worker.c:1092: in cdpl_wk_wait_timeout(): info: starting task T690
1748032398.692441: 5571-7fc7006c7000: cdpl_compat_worker.c:597: in cdplWorkerLogInfo(): info: [runOneAcquisitionAdaptive BUFFD6 leakage_power__ACQ_2 job_691 ]
1748032400.607777: 5571-7fc7006c7000: cdpl_worker.c:1208: in cdpl_wk_finalize(): info: finishing task T690
1748032400.607973: 5571-7fc6f1da8700: cdpl_worker.c:585: in cdpl_wk_listen(): debug: received ASSIGN message
1748032400.607982: 5571-7fc7006c7000: cdpl_worker.c:1092: in cdpl_wk_wait_timeout(): info: starting task T701
1748032400.607991: 5571-7fc7006c7000: cdpl_compat_worker.c:597: in cdplWorkerLogInfo(): info: [runOneAcquisitionAdaptive INVD1 leakage_power__ACQ_1 job_702 ]
1748032402.412468: 5571-7fc7006c7000: cdpl_worker.c:1208: in cdpl_wk_finalize(): info: finishing task T701
1748032402.421482: 5571-7fc6f1da8700: cdpl_worker.c:585: in cdpl_wk_listen(): debug: received ASSIGN message
1748032402.421510: 5571-7fc7006c7000: cdpl_worker.c:1092: in cdpl_wk_wait_timeout(): info: starting task T712
1748032402.421527: 5571-7fc7006c7000: cdpl_compat_worker.c:597: in cdplWorkerLogInfo(): info: [runOneAcquisitionAdaptive INVD16 delay__I__hl__ZN__lh__ACQ_1 job_713 ]
1748032410.061536: 5571-7fc7006c7000: cdpl_worker.c:1208: in cdpl_wk_finalize(): info: finishing task T712
1748032415.887718: 5571-7fc6f1da8700: cdpl_worker.c:616: in cdpl_wk_listen(): debug: received RELAY message
1748032418.256330: 5571-7fc6f1da8700: cdpl_worker.c:585: in cdpl_wk_listen(): debug: received ASSIGN message
1748032418.261529: 5571-7fc7006c7000: cdpl_worker.c:1092: in cdpl_wk_wait_timeout(): info: starting task T760
1748032418.502337: 5571-7fc7006c7000: cdpl_compat_worker.c:597: in cdplWorkerLogInfo(): info: [modelOneCellAdaptive {AN2D4 }]
1748032422.266578: 5571-7fc7006c7000: cdpl_worker.c:1208: in cdpl_wk_finalize(): info: finishing task T760
1748032422.269810: 5571-7fc6f1da8700: cdpl_worker.c:585: in cdpl_wk_listen(): debug: received ASSIGN message
1748032422.270022: 5571-7fc7006c7000: cdpl_worker.c:1092: in cdpl_wk_wait_timeout(): info: starting task T784
1748032422.270037: 5571-7fc7006c7000: cdpl_compat_worker.c:597: in cdplWorkerLogInfo(): info: [modelOneCellAdaptive {XOR2D0 }]
1748032425.867552: 5571-7fc7006c7000: cdpl_worker.c:1208: in cdpl_wk_finalize(): info: finishing task T784
1748032450.555853: 5571-7fc6f1da8700: cdpl_worker.c:616: in cdpl_wk_listen(): debug: received RELAY message
1748032450.579857: 5571-7fc6f25a9700: cdpl_ipc.c:606: in _readv(): warning: read(): EOF
1748032450.579892: 5571-7fc6f25a9700: cdpl_ipc.c:1462: in _epoll_recv(): debug: _readv(): Broken pipe
1748032450.579896: 5571-7fc6f25a9700: cdpl_ipc.c:1683: in _epoll_main(): debug: _epoll_recv(): Broken pipe
1748032450.579903: 5571-7fc6f25a9700: cdpl_ipc.c:1061: in _host_drop__UNSAFE(): debug: dropping host `128.54.67.138:33374'
1748032450.580087: 5571-7fc6f1da8700: cdpl_worker.c:561: in cdpl_wk_listen(): debug: received DROP notification
1748032450.580107: 5571-7fc6f1da8700: cdpl_worker.c:565: in cdpl_wk_listen(): debug: we were dropped by the server
1748032450.580118: 5571-7fc6f1da8700: cdpl_worker.c:492: in _wk_kill(): debug: killing worker
1748032450.580124: 5571-7fc6f1da8700: cdpl_ipc.c:2481: in cdpl_ipc_kill(): debug: stopping event server
1748032450.580152: 5571-7fc6f1da8700: cdpl_worker.c:542: in cdpl_wk_listen(): debug: leaving now
1748032450.580344: 5571-7fc6f25a9700: cdpl_ipc.c:1720: in _epoll_main(): debug: server going down...
1748032450.580465: 5571-7fc7006c7000: cdpl_compat_worker.c:597: in cdplWorkerLogInfo(): info: [Worker shutdown. Code: 3]
1748032450.588972: 5571-7fc7006c7000: cdpl_worker.c:856: in _wk_shutdown(): debug: waiting for heartbeat thread
1748032450.589008: 5571-7fc6f15a7700: cdpl_worker.c:709: in cdpl_wk_heartbeat(): info: stopping heartbeat
1748032450.592175: 5571-7fc7006c7000: cdpl_ipc.c:1781: in cdpl_ipc_host_release(): debug: releasing host `128.54.67.138:33374'
1748032450.592210: 5571-7fc7006c7000: cdpl_ipc.c:2532: in cdpl_ipc_free(): debug: releasing IPC handle
1748032450.592214: 5571-7fc7006c7000: cdpl_ipc.c:986: in _host_free__UNSAFE(): debug: freeing host `128.54.67.138:33374'
1748032450.592220: 5571-7fc7006c7000: cdpl_ipc.c:1028: in _host_free__UNSAFE(): debug: [0 outq, 0 spR, 0 spW]
1748032450.592242: 5571-7fc7006c7000: cdpl_ipc.c:2571: in cdpl_ipc_free(): debug: done
1748032450.592246: 5571-7fc7006c7000: cdpl_worker.c:912: in cdpl_wk_free(): info: freed
1748032450.592251: 5571-7fc7006c7000: cdpl_log.c:359: in cdpl_log_close(): debug: @@end_of_log@@
