1748033430.140698: 6743-7eff0ccab000: cdpl_log.c:221: in cdpl_log_open(): debug: @@start_of_log@@
1748033430.140731: 6743-7eff0ccab000: cdpl_log.c:729: in cdpl_log_dump_sysinfo(): info: time: 2025/05/23 13:50:30 PDT -0700
1748033430.140735: 6743-7eff0ccab000: cdpl_log.c:731: in cdpl_log_dump_sysinfo(): info: version: L_2016.03_SP2_PROD_CDPL 
1748033430.140738: 6743-7eff0ccab000: cdpl_log.c:736: in cdpl_log_dump_sysinfo(): info: system: Linux 3.10.0-1160.119.1.el7.x86_64 #1 SMP Tue Jun 4 14:43:51 UTC 2024
1748033430.140741: 6743-7eff0ccab000: cdpl_log.c:740: in cdpl_log_dump_sysinfo(): info: processor: x86_64 64-bits
1748033430.140744: 6743-7eff0ccab000: cdpl_log.c:742: in cdpl_log_dump_sysinfo(): info: hostname: ieng6-ece-08.ucsd.edu
1748033430.140746: 6743-7eff0ccab000: cdpl_log.c:223: in cdpl_log_open(): debug: path: /home/linux/ieng6/cs241asp25/cs241asp25bu/lab5/run_siliconsmart/LIB_FF_1.1_-40_ALL/runtime/cdpl/worker.W6.ieng6-ece-08.ucsd.edu.6743.log
1748033430.140749: 6743-7eff0ccab000: cdpl_log.c:224: in cdpl_log_open(): debug: dir: /home/linux/ieng6/cs241asp25/cs241asp25bu/lab5/run_siliconsmart/LIB_FF_1.1_-40_ALL/runtime/cdpl
1748033430.140757: 6743-7eff0ccab000: cdpl_worker.c:728: in cdpl_wk_new(): info: creating worker instance
1748033430.142430: 6743-7eff0ccab000: cdpl_worker.c:925: in cdpl_wk_start(): debug: starting worker
1748033430.142440: 6743-7eff0ccab000: cdpl_worker.c:276: in cdpl_wk_setup(): info: CDPL_SERVER is "128.54.67.138:38320"
1748033430.142444: 6743-7eff0ccab000: cdpl_worker.c:299: in cdpl_wk_setup(): info: server 128.54.67.138, port 38320
1748033430.142447: 6743-7eff0ccab000: cdpl_worker.c:319: in cdpl_wk_setup(): info: CDPL_ID is "6:1:1:1:1244849655"
1748033430.142457: 6743-7eff0ccab000: cdpl_worker.c:361: in cdpl_wk_setup(): info: we are W6-B1-J1-M1-S1244849655
1748033430.142459: 6743-7eff0ccab000: cdpl_worker.c:363: in cdpl_wk_setup(): info: we are on host ieng6-ece-08.ucsd.edu
1748033430.142461: 6743-7eff0ccab000: cdpl_worker.c:372: in cdpl_wk_daemonize(): debug: will *not* daemonize
1748033430.142472: 6743-7eff0ccab000: cdpl_ipc.c:2593: in cdpl_ipc_connect(): info: connecting to 128.54.67.138:38320
1748033430.142538: 6743-7eff0ccab000: cdpl_ipc.c:2659: in cdpl_ipc_connect(): info: connected as `128.54.67.138:50934'
1748033430.142551: 6743-7eff0ccab000: cdpl_ipc.c:1763: in cdpl_ipc_host_accept(): debug: accepted host `128.54.67.138:38320'
1748033430.142558: 6743-7eff0ccab000: cdpl_ipc.c:2436: in cdpl_ipc_start(): debug: starting IPC server 128.54.67.138:41696
1748033430.142684: 6743-7eff0ccab000: cdpl_compat_worker.c:148: in cdplStartWorker(): info: SNPSLMD_LICENSE_FILE is 1705@its-flexlm-lnx4.ucsd.edu:1705@acms-flexlm-lnx4.ucsd.edu,1705@acms-flexlm-lnx5.ucsd.edu,1705@acms-flexlm-lnx6.ucsd.edu
1748033430.142752: 6743-7eff0ccab000: cdpl_compat_worker.c:597: in cdplWorkerLogInfo(): info: [Maximum lifespan of worker is set to 1200m]
1748033430.142796: 6743-7eff0ccab000: cdpl_compat_worker.c:597: in cdplWorkerLogInfo(): info: [Peak virtual memory is set to 128GB]
1748033430.147358: 6743-7efefe38c700: cdpl_worker.c:528: in cdpl_wk_listen(): debug: ready
1748033430.150556: 6743-7efefe38c700: cdpl_worker.c:585: in cdpl_wk_listen(): debug: received ASSIGN message
1748033430.150568: 6743-7eff0ccab000: cdpl_worker.c:1092: in cdpl_wk_wait_timeout(): info: starting task T7
1748033430.150584: 6743-7eff0ccab000: cdpl_compat_worker.c:597: in cdplWorkerLogInfo(): info: [configOneCellAdaptive { AOI21D1 }]
1748033430.156941: 6743-7efefdb8b700: cdpl_worker.c:656: in cdpl_wk_heartbeat(): debug: starting heartbeat
1748033430.156950: 6743-7efefdb8b700: cdpl_worker.c:665: in cdpl_wk_heartbeat(): info: setting heartbeat period to 60 sec
1748033430.156953: 6743-7efefdb8b700: cdpl_worker.c:673: in cdpl_wk_heartbeat(): info: first heartbeat in 1 sec
1748033430.770255: 6743-7eff0ccab000: cdpl_worker.c:1208: in cdpl_wk_finalize(): info: finishing task T7
1748033431.385168: 6743-7efefe38c700: cdpl_worker.c:585: in cdpl_wk_listen(): debug: received ASSIGN message
1748033431.385217: 6743-7eff0ccab000: cdpl_worker.c:1092: in cdpl_wk_wait_timeout(): info: starting task T21
1748033431.385239: 6743-7eff0ccab000: cdpl_compat_worker.c:597: in cdplWorkerLogInfo(): info: [configOneCellAdaptive { DFCSNQD4 }]
1748033433.592772: 6743-7eff0ccab000: cdpl_worker.c:1208: in cdpl_wk_finalize(): info: finishing task T21
1748033433.601001: 6743-7efefe38c700: cdpl_worker.c:585: in cdpl_wk_listen(): debug: received ASSIGN message
1748033433.601036: 6743-7eff0ccab000: cdpl_worker.c:1092: in cdpl_wk_wait_timeout(): info: starting task T49
1748033433.601050: 6743-7eff0ccab000: cdpl_compat_worker.c:597: in cdplWorkerLogInfo(): info: [configOneCellAdaptive { NR2D8 }]
1748033434.742125: 6743-7eff0ccab000: cdpl_worker.c:1208: in cdpl_wk_finalize(): info: finishing task T49
1748033465.604232: 6743-7efefe38c700: cdpl_worker.c:616: in cdpl_wk_listen(): debug: received RELAY message
1748033465.934576: 6743-7efefe38c700: cdpl_worker.c:616: in cdpl_wk_listen(): debug: received RELAY message
1748033466.861969: 6743-7efefe38c700: cdpl_worker.c:585: in cdpl_wk_listen(): debug: received ASSIGN message
1748033466.861985: 6743-7eff0ccab000: cdpl_worker.c:1092: in cdpl_wk_wait_timeout(): info: starting task T75
1748033467.224044: 6743-7eff0ccab000: cdpl_compat_worker.c:597: in cdplWorkerLogInfo(): info: [runOneAcquisitionAdaptive DFCSNQD1 cmpw__SDN__hl__SDN__lh__ACQ_1 job_76 ]
1748033469.883580: 6743-7eff0ccab000: cdpl_worker.c:1208: in cdpl_wk_finalize(): info: finishing task T75
1748033469.883762: 6743-7efefe38c700: cdpl_worker.c:585: in cdpl_wk_listen(): debug: received ASSIGN message
1748033469.883776: 6743-7eff0ccab000: cdpl_worker.c:1092: in cdpl_wk_wait_timeout(): info: starting task T98
1748033469.883785: 6743-7eff0ccab000: cdpl_compat_worker.c:597: in cdplWorkerLogInfo(): info: [runOneAcquisitionAdaptive DFCSNQD1 delay__CP__lh__Q__lh__ACQ_1 job_99 ]
1748033484.536883: 6743-7eff0ccab000: cdpl_worker.c:1208: in cdpl_wk_finalize(): info: finishing task T98
1748033484.552149: 6743-7efefe38c700: cdpl_worker.c:585: in cdpl_wk_listen(): debug: received ASSIGN message
1748033484.552172: 6743-7eff0ccab000: cdpl_worker.c:1092: in cdpl_wk_wait_timeout(): info: starting task T128
1748033484.552195: 6743-7eff0ccab000: cdpl_compat_worker.c:597: in cdplWorkerLogInfo(): info: [runOneAcquisitionAdaptive DFCSNQD2 Cin__CDN__lh__ACQ_1 job_129 ]
1748033487.575435: 6743-7eff0ccab000: cdpl_worker.c:1208: in cdpl_wk_finalize(): info: finishing task T128
1748033487.584437: 6743-7efefe38c700: cdpl_worker.c:585: in cdpl_wk_listen(): debug: received ASSIGN message
1748033487.584457: 6743-7eff0ccab000: cdpl_worker.c:1092: in cdpl_wk_wait_timeout(): info: starting task T133
1748033487.584475: 6743-7eff0ccab000: cdpl_compat_worker.c:597: in cdplWorkerLogInfo(): info: [runOneAcquisitionAdaptive DFCSNQD2 delay__CP__lh__Q__hl__ACQ_1 job_134 ]
1748033503.035643: 6743-7eff0ccab000: cdpl_worker.c:1208: in cdpl_wk_finalize(): info: finishing task T133
1748033503.046010: 6743-7efefe38c700: cdpl_worker.c:585: in cdpl_wk_listen(): debug: received ASSIGN message
1748033503.046064: 6743-7eff0ccab000: cdpl_worker.c:1092: in cdpl_wk_wait_timeout(): info: starting task T164
1748033503.046078: 6743-7eff0ccab000: cdpl_compat_worker.c:597: in cdplWorkerLogInfo(): info: [runOneAcquisitionAdaptive DFCSNQD4 energy__CDN__lh__Q__lh__ACQ_1 job_165 ]
1748033514.521740: 6743-7eff0ccab000: cdpl_worker.c:1208: in cdpl_wk_finalize(): info: finishing task T164
1748033514.523695: 6743-7efefe38c700: cdpl_worker.c:585: in cdpl_wk_listen(): debug: received ASSIGN message
1748033514.523773: 6743-7eff0ccab000: cdpl_worker.c:1092: in cdpl_wk_wait_timeout(): info: starting task T185
1748033514.523785: 6743-7eff0ccab000: cdpl_compat_worker.c:597: in cdplWorkerLogInfo(): info: [runOneAcquisitionAdaptive AOI21D0 Cin__A2__hl__ACQ_1 job_186 ]
1748033516.382723: 6743-7eff0ccab000: cdpl_worker.c:1208: in cdpl_wk_finalize(): info: finishing task T185
1748033516.385426: 6743-7efefe38c700: cdpl_worker.c:585: in cdpl_wk_listen(): debug: received ASSIGN message
1748033516.393403: 6743-7eff0ccab000: cdpl_worker.c:1092: in cdpl_wk_wait_timeout(): info: starting task T190
1748033516.393424: 6743-7eff0ccab000: cdpl_compat_worker.c:597: in cdplWorkerLogInfo(): info: [runOneAcquisitionAdaptive AOI21D0 delay__A1__lh__ZN__hl__ACQ_1 job_191 ]
1748033520.249755: 6743-7eff0ccab000: cdpl_worker.c:1208: in cdpl_wk_finalize(): info: finishing task T190
1748033520.264329: 6743-7efefe38c700: cdpl_worker.c:585: in cdpl_wk_listen(): debug: received ASSIGN message
1748033520.264355: 6743-7eff0ccab000: cdpl_worker.c:1092: in cdpl_wk_wait_timeout(): info: starting task T204
1748033520.264369: 6743-7eff0ccab000: cdpl_compat_worker.c:597: in cdplWorkerLogInfo(): info: [runOneAcquisitionAdaptive AOI21D1 delay__A1__lh__ZN__hl__ACQ_1 job_205 ]
1748033523.321438: 6743-7eff0ccab000: cdpl_worker.c:1208: in cdpl_wk_finalize(): info: finishing task T204
1748033523.325690: 6743-7efefe38c700: cdpl_worker.c:585: in cdpl_wk_listen(): debug: received ASSIGN message
1748033523.330278: 6743-7eff0ccab000: cdpl_worker.c:1092: in cdpl_wk_wait_timeout(): info: starting task T217
1748033523.330297: 6743-7eff0ccab000: cdpl_compat_worker.c:597: in cdplWorkerLogInfo(): info: [runOneAcquisitionAdaptive AOI21D2 leakage_power__ACQ_2 job_218 ]
1748033525.659709: 6743-7eff0ccab000: cdpl_worker.c:1208: in cdpl_wk_finalize(): info: finishing task T217
1748033525.664144: 6743-7efefe38c700: cdpl_worker.c:585: in cdpl_wk_listen(): debug: received ASSIGN message
1748033525.672329: 6743-7eff0ccab000: cdpl_worker.c:1092: in cdpl_wk_wait_timeout(): info: starting task T226
1748033525.672349: 6743-7eff0ccab000: cdpl_compat_worker.c:597: in cdplWorkerLogInfo(): info: [runOneAcquisitionAdaptive AOI21D2 delay__B__hl__ZN__lh__ACQ_1 job_227 ]
1748033530.733238: 6743-7eff0ccab000: cdpl_worker.c:1208: in cdpl_wk_finalize(): info: finishing task T226
1748033530.759639: 6743-7efefe38c700: cdpl_worker.c:585: in cdpl_wk_listen(): debug: received ASSIGN message
1748033530.759652: 6743-7eff0ccab000: cdpl_worker.c:1092: in cdpl_wk_wait_timeout(): info: starting task T248
1748033530.759662: 6743-7eff0ccab000: cdpl_compat_worker.c:597: in cdplWorkerLogInfo(): info: [runOneAcquisitionAdaptive MUX2D0 delay__I1__lh__Z__lh__ACQ_1 job_249 ]
1748033535.297835: 6743-7eff0ccab000: cdpl_worker.c:1208: in cdpl_wk_finalize(): info: finishing task T248
1748033535.305240: 6743-7efefe38c700: cdpl_worker.c:585: in cdpl_wk_listen(): debug: received ASSIGN message
1748033535.305252: 6743-7eff0ccab000: cdpl_worker.c:1092: in cdpl_wk_wait_timeout(): info: starting task T265
1748033535.305262: 6743-7eff0ccab000: cdpl_compat_worker.c:597: in cdplWorkerLogInfo(): info: [runOneAcquisitionAdaptive MUX2D1 delay__I1__hl__Z__hl__ACQ_1 job_266 ]
1748033539.585244: 6743-7eff0ccab000: cdpl_worker.c:1208: in cdpl_wk_finalize(): info: finishing task T265
1748033539.621075: 6743-7efefe38c700: cdpl_worker.c:585: in cdpl_wk_listen(): debug: received ASSIGN message
1748033539.632275: 6743-7eff0ccab000: cdpl_worker.c:1092: in cdpl_wk_wait_timeout(): info: starting task T288
1748033539.632293: 6743-7eff0ccab000: cdpl_compat_worker.c:597: in cdplWorkerLogInfo(): info: [runOneAcquisitionAdaptive MUX2D2 Cin__S__lh__ACQ_1 job_289 ]
1748033542.433464: 6743-7eff0ccab000: cdpl_worker.c:1208: in cdpl_wk_finalize(): info: finishing task T288
1748033542.433629: 6743-7efefe38c700: cdpl_worker.c:585: in cdpl_wk_listen(): debug: received ASSIGN message
1748033542.433645: 6743-7eff0ccab000: cdpl_worker.c:1092: in cdpl_wk_wait_timeout(): info: starting task T302
1748033542.433655: 6743-7eff0ccab000: cdpl_compat_worker.c:597: in cdplWorkerLogInfo(): info: [runOneAcquisitionAdaptive MUX2D4 Cin__I1__hl__ACQ_1 job_303 ]
1748033544.775610: 6743-7eff0ccab000: cdpl_worker.c:1208: in cdpl_wk_finalize(): info: finishing task T302
1748033544.786715: 6743-7efefe38c700: cdpl_worker.c:585: in cdpl_wk_listen(): debug: received ASSIGN message
1748033544.786728: 6743-7eff0ccab000: cdpl_worker.c:1092: in cdpl_wk_wait_timeout(): info: starting task T313
1748033544.786738: 6743-7eff0ccab000: cdpl_compat_worker.c:597: in cdplWorkerLogInfo(): info: [runOneAcquisitionAdaptive OAI21D0 Cin__A1__hl__ACQ_1 job_314 ]
1748033546.768766: 6743-7eff0ccab000: cdpl_worker.c:1208: in cdpl_wk_finalize(): info: finishing task T313
1748033546.769474: 6743-7efefe38c700: cdpl_worker.c:585: in cdpl_wk_listen(): debug: received ASSIGN message
1748033546.769746: 6743-7eff0ccab000: cdpl_worker.c:1092: in cdpl_wk_wait_timeout(): info: starting task T324
1748033546.769761: 6743-7eff0ccab000: cdpl_compat_worker.c:597: in cdplWorkerLogInfo(): info: [runOneAcquisitionAdaptive OAI21D1 delay__A1__hl__ZN__lh__ACQ_1 job_325 ]
1748033550.091953: 6743-7eff0ccab000: cdpl_worker.c:1208: in cdpl_wk_finalize(): info: finishing task T324
1748033550.095715: 6743-7efefe38c700: cdpl_worker.c:585: in cdpl_wk_listen(): debug: received ASSIGN message
1748033550.103696: 6743-7eff0ccab000: cdpl_worker.c:1092: in cdpl_wk_wait_timeout(): info: starting task T348
1748033550.103713: 6743-7eff0ccab000: cdpl_compat_worker.c:597: in cdplWorkerLogInfo(): info: [runOneAcquisitionAdaptive OAI21D4 Cin__A1__lh__ACQ_1 job_349 ]
1748033553.118276: 6743-7eff0ccab000: cdpl_worker.c:1208: in cdpl_wk_finalize(): info: finishing task T348
1748033553.138503: 6743-7efefe38c700: cdpl_worker.c:585: in cdpl_wk_listen(): debug: received ASSIGN message
1748033553.138518: 6743-7eff0ccab000: cdpl_worker.c:1092: in cdpl_wk_wait_timeout(): info: starting task T364
1748033553.138528: 6743-7eff0ccab000: cdpl_compat_worker.c:597: in cdplWorkerLogInfo(): info: [runOneAcquisitionAdaptive AN2D0 delay__A1__hl__Z__hl__ACQ_1 job_365 ]
1748033556.807842: 6743-7eff0ccab000: cdpl_worker.c:1208: in cdpl_wk_finalize(): info: finishing task T364
1748033556.817686: 6743-7efefe38c700: cdpl_worker.c:585: in cdpl_wk_listen(): debug: received ASSIGN message
1748033556.817703: 6743-7eff0ccab000: cdpl_worker.c:1092: in cdpl_wk_wait_timeout(): info: starting task T386
1748033556.817713: 6743-7eff0ccab000: cdpl_compat_worker.c:597: in cdplWorkerLogInfo(): info: [runOneAcquisitionAdaptive AN2D2 leakage_power__ACQ_4 job_387 ]
1748033559.003167: 6743-7eff0ccab000: cdpl_worker.c:1208: in cdpl_wk_finalize(): info: finishing task T386
1748033559.003366: 6743-7efefe38c700: cdpl_worker.c:585: in cdpl_wk_listen(): debug: received ASSIGN message
1748033559.003389: 6743-7eff0ccab000: cdpl_worker.c:1092: in cdpl_wk_wait_timeout(): info: starting task T407
1748033559.003401: 6743-7eff0ccab000: cdpl_compat_worker.c:597: in cdplWorkerLogInfo(): info: [runOneAcquisitionAdaptive AN2D8 delay__A2__lh__Z__lh__ACQ_1 job_408 ]
1748033565.234318: 6743-7eff0ccab000: cdpl_worker.c:1208: in cdpl_wk_finalize(): info: finishing task T407
1748033565.244540: 6743-7efefe38c700: cdpl_worker.c:585: in cdpl_wk_listen(): debug: received ASSIGN message
1748033565.247386: 6743-7eff0ccab000: cdpl_worker.c:1092: in cdpl_wk_wait_timeout(): info: starting task T448
1748033565.247402: 6743-7eff0ccab000: cdpl_compat_worker.c:597: in cdplWorkerLogInfo(): info: [runOneAcquisitionAdaptive ND2D2 Cin__A1__hl__ACQ_1 job_449 ]
1748033567.990770: 6743-7eff0ccab000: cdpl_worker.c:1208: in cdpl_wk_finalize(): info: finishing task T448
1748033567.992428: 6743-7efefe38c700: cdpl_worker.c:585: in cdpl_wk_listen(): debug: received ASSIGN message
1748033567.992450: 6743-7eff0ccab000: cdpl_worker.c:1092: in cdpl_wk_wait_timeout(): info: starting task T471
1748033567.992466: 6743-7eff0ccab000: cdpl_compat_worker.c:597: in cdplWorkerLogInfo(): info: [runOneAcquisitionAdaptive ND2D8 Cin__A2__hl__ACQ_1 job_472 ]
1748033571.117509: 6743-7eff0ccab000: cdpl_worker.c:1208: in cdpl_wk_finalize(): info: finishing task T471
1748033571.127717: 6743-7efefe38c700: cdpl_worker.c:585: in cdpl_wk_listen(): debug: received ASSIGN message
1748033571.127917: 6743-7eff0ccab000: cdpl_worker.c:1092: in cdpl_wk_wait_timeout(): info: starting task T489
1748033571.127933: 6743-7eff0ccab000: cdpl_compat_worker.c:597: in cdplWorkerLogInfo(): info: [runOneAcquisitionAdaptive NR2D0 delay__A2__lh__ZN__hl__ACQ_1 job_490 ]
1748033575.180057: 6743-7eff0ccab000: cdpl_worker.c:1208: in cdpl_wk_finalize(): info: finishing task T489
1748033575.187605: 6743-7efefe38c700: cdpl_worker.c:585: in cdpl_wk_listen(): debug: received ASSIGN message
1748033575.187635: 6743-7eff0ccab000: cdpl_worker.c:1092: in cdpl_wk_wait_timeout(): info: starting task T521
1748033575.187644: 6743-7eff0ccab000: cdpl_compat_worker.c:597: in cdplWorkerLogInfo(): info: [runOneAcquisitionAdaptive NR2D4 Cin__A2__hl__ACQ_1 job_522 ]
1748033578.381421: 6743-7eff0ccab000: cdpl_worker.c:1208: in cdpl_wk_finalize(): info: finishing task T521
1748033578.390533: 6743-7efefe38c700: cdpl_worker.c:585: in cdpl_wk_listen(): debug: received ASSIGN message
1748033578.390559: 6743-7eff0ccab000: cdpl_worker.c:1092: in cdpl_wk_wait_timeout(): info: starting task T543
1748033578.390581: 6743-7eff0ccab000: cdpl_compat_worker.c:597: in cdplWorkerLogInfo(): info: [runOneAcquisitionAdaptive OR2D0 delay__A1__lh__Z__lh__ACQ_1 job_544 ]
1748033582.869099: 6743-7eff0ccab000: cdpl_worker.c:1208: in cdpl_wk_finalize(): info: finishing task T543
1748033582.881854: 6743-7efefe38c700: cdpl_worker.c:585: in cdpl_wk_listen(): debug: received ASSIGN message
1748033582.882231: 6743-7eff0ccab000: cdpl_worker.c:1092: in cdpl_wk_wait_timeout(): info: starting task T569
1748033582.882246: 6743-7eff0ccab000: cdpl_compat_worker.c:597: in cdplWorkerLogInfo(): info: [runOneAcquisitionAdaptive OR2D2 Cin__A2__lh__ACQ_1 job_570 ]
1748033585.364688: 6743-7eff0ccab000: cdpl_worker.c:1208: in cdpl_wk_finalize(): info: finishing task T569
1748033585.364892: 6743-7efefe38c700: cdpl_worker.c:585: in cdpl_wk_listen(): debug: received ASSIGN message
1748033585.364904: 6743-7eff0ccab000: cdpl_worker.c:1092: in cdpl_wk_wait_timeout(): info: starting task T588
1748033585.364913: 6743-7eff0ccab000: cdpl_compat_worker.c:597: in cdplWorkerLogInfo(): info: [runOneAcquisitionAdaptive OR2XD1 delay__A2__hl__Z__hl__ACQ_1 job_589 ]
1748033590.387554: 6743-7eff0ccab000: cdpl_worker.c:1208: in cdpl_wk_finalize(): info: finishing task T588
1748033590.389600: 6743-7efefe38c700: cdpl_worker.c:585: in cdpl_wk_listen(): debug: received ASSIGN message
1748033590.389710: 6743-7eff0ccab000: cdpl_worker.c:1092: in cdpl_wk_wait_timeout(): info: starting task T619
1748033590.389722: 6743-7eff0ccab000: cdpl_compat_worker.c:597: in cdplWorkerLogInfo(): info: [runOneAcquisitionAdaptive XNR2D2 delay__A1__lh__ZN__lh__ACQ_1 job_620 ]
1748033596.214817: 6743-7eff0ccab000: cdpl_worker.c:1208: in cdpl_wk_finalize(): info: finishing task T619
1748033596.221397: 6743-7efefe38c700: cdpl_worker.c:585: in cdpl_wk_listen(): debug: received ASSIGN message
1748033596.221417: 6743-7eff0ccab000: cdpl_worker.c:1092: in cdpl_wk_wait_timeout(): info: starting task T648
1748033596.221427: 6743-7eff0ccab000: cdpl_compat_worker.c:597: in cdplWorkerLogInfo(): info: [runOneAcquisitionAdaptive XOR2D1 delay__A1__hl__Z__lh__ACQ_1 job_649 ]
1748033601.905716: 6743-7eff0ccab000: cdpl_worker.c:1208: in cdpl_wk_finalize(): info: finishing task T648
1748033601.930220: 6743-7efefe38c700: cdpl_worker.c:585: in cdpl_wk_listen(): debug: received ASSIGN message
1748033601.930261: 6743-7eff0ccab000: cdpl_worker.c:1092: in cdpl_wk_wait_timeout(): info: starting task T668
1748033601.930274: 6743-7eff0ccab000: cdpl_compat_worker.c:597: in cdplWorkerLogInfo(): info: [runOneAcquisitionAdaptive BUFFD1 delay__I__hl__Z__hl__ACQ_1 job_669 ]
1748033606.142745: 6743-7eff0ccab000: cdpl_worker.c:1208: in cdpl_wk_finalize(): info: finishing task T668
1748033606.145496: 6743-7efefe38c700: cdpl_worker.c:585: in cdpl_wk_listen(): debug: received ASSIGN message
1748033606.145509: 6743-7eff0ccab000: cdpl_worker.c:1092: in cdpl_wk_wait_timeout(): info: starting task T701
1748033606.145518: 6743-7eff0ccab000: cdpl_compat_worker.c:597: in cdplWorkerLogInfo(): info: [runOneAcquisitionAdaptive INVD1 leakage_power__ACQ_1 job_702 ]
1748033607.974197: 6743-7eff0ccab000: cdpl_worker.c:1208: in cdpl_wk_finalize(): info: finishing task T701
1748033607.974357: 6743-7efefe38c700: cdpl_worker.c:585: in cdpl_wk_listen(): debug: received ASSIGN message
1748033607.978583: 6743-7eff0ccab000: cdpl_worker.c:1092: in cdpl_wk_wait_timeout(): info: starting task T713
1748033607.978600: 6743-7eff0ccab000: cdpl_compat_worker.c:597: in cdplWorkerLogInfo(): info: [runOneAcquisitionAdaptive INVD2 leakage_power__ACQ_1 job_714 ]
1748033609.903886: 6743-7eff0ccab000: cdpl_worker.c:1208: in cdpl_wk_finalize(): info: finishing task T713
1748033609.904068: 6743-7efefe38c700: cdpl_worker.c:585: in cdpl_wk_listen(): debug: received ASSIGN message
1748033609.908050: 6743-7eff0ccab000: cdpl_worker.c:1092: in cdpl_wk_wait_timeout(): info: starting task T723
1748033609.908065: 6743-7eff0ccab000: cdpl_compat_worker.c:597: in cdplWorkerLogInfo(): info: [runOneAcquisitionAdaptive INVD24 delay__I__lh__ZN__hl__ACQ_1 job_724 ]
1748033615.066595: 6743-7eff0ccab000: cdpl_worker.c:1208: in cdpl_wk_finalize(): info: finishing task T723
1748033620.406254: 6743-7efefe38c700: cdpl_worker.c:616: in cdpl_wk_listen(): debug: received RELAY message
1748033623.052414: 6743-7efefe38c700: cdpl_worker.c:585: in cdpl_wk_listen(): debug: received ASSIGN message
1748033623.054225: 6743-7eff0ccab000: cdpl_worker.c:1092: in cdpl_wk_wait_timeout(): info: starting task T762
1748033623.300407: 6743-7eff0ccab000: cdpl_compat_worker.c:597: in cdplWorkerLogInfo(): info: [modelOneCellAdaptive {AN2XD1 }]
1748033626.527178: 6743-7eff0ccab000: cdpl_worker.c:1208: in cdpl_wk_finalize(): info: finishing task T762
1748033626.537940: 6743-7efefe38c700: cdpl_worker.c:585: in cdpl_wk_listen(): debug: received ASSIGN message
1748033626.538604: 6743-7eff0ccab000: cdpl_worker.c:1092: in cdpl_wk_wait_timeout(): info: starting task T786
1748033626.538624: 6743-7eff0ccab000: cdpl_compat_worker.c:597: in cdplWorkerLogInfo(): info: [modelOneCellAdaptive {XOR2D2 }]
1748033629.864469: 6743-7eff0ccab000: cdpl_worker.c:1208: in cdpl_wk_finalize(): info: finishing task T786
1748033655.398386: 6743-7efefe38c700: cdpl_worker.c:616: in cdpl_wk_listen(): debug: received RELAY message
1748033655.427952: 6743-7efefeb8d700: cdpl_ipc.c:606: in _readv(): warning: read(): EOF
1748033655.427998: 6743-7efefeb8d700: cdpl_ipc.c:1462: in _epoll_recv(): debug: _readv(): Broken pipe
1748033655.428012: 6743-7efefeb8d700: cdpl_ipc.c:1683: in _epoll_main(): debug: _epoll_recv(): Broken pipe
1748033655.428036: 6743-7efefeb8d700: cdpl_ipc.c:1061: in _host_drop__UNSAFE(): debug: dropping host `128.54.67.138:38320'
1748033655.428747: 6743-7efefe38c700: cdpl_worker.c:561: in cdpl_wk_listen(): debug: received DROP notification
1748033655.428767: 6743-7efefe38c700: cdpl_worker.c:565: in cdpl_wk_listen(): debug: we were dropped by the server
1748033655.428777: 6743-7efefe38c700: cdpl_worker.c:492: in _wk_kill(): debug: killing worker
1748033655.428786: 6743-7efefe38c700: cdpl_ipc.c:2481: in cdpl_ipc_kill(): debug: stopping event server
1748033655.428831: 6743-7efefe38c700: cdpl_worker.c:542: in cdpl_wk_listen(): debug: leaving now
1748033655.428860: 6743-7efefeb8d700: cdpl_ipc.c:1720: in _epoll_main(): debug: server going down...
1748033655.428958: 6743-7eff0ccab000: cdpl_compat_worker.c:597: in cdplWorkerLogInfo(): info: [Worker shutdown. Code: 3]
1748033655.433754: 6743-7eff0ccab000: cdpl_worker.c:856: in _wk_shutdown(): debug: waiting for heartbeat thread
1748033655.433774: 6743-7efefdb8b700: cdpl_worker.c:709: in cdpl_wk_heartbeat(): info: stopping heartbeat
1748033655.433861: 6743-7eff0ccab000: cdpl_ipc.c:1781: in cdpl_ipc_host_release(): debug: releasing host `128.54.67.138:38320'
1748033655.433888: 6743-7eff0ccab000: cdpl_ipc.c:2532: in cdpl_ipc_free(): debug: releasing IPC handle
1748033655.433894: 6743-7eff0ccab000: cdpl_ipc.c:986: in _host_free__UNSAFE(): debug: freeing host `128.54.67.138:38320'
1748033655.433900: 6743-7eff0ccab000: cdpl_ipc.c:1028: in _host_free__UNSAFE(): debug: [0 outq, 0 spR, 0 spW]
1748033655.433925: 6743-7eff0ccab000: cdpl_ipc.c:2571: in cdpl_ipc_free(): debug: done
1748033655.433931: 6743-7eff0ccab000: cdpl_worker.c:912: in cdpl_wk_free(): info: freed
1748033655.433936: 6743-7eff0ccab000: cdpl_log.c:359: in cdpl_log_close(): debug: @@end_of_log@@
