1748032269.505981: 8574-7fb70a84c000: cdpl_log.c:221: in cdpl_log_open(): debug: @@start_of_log@@
1748032269.506023: 8574-7fb70a84c000: cdpl_log.c:729: in cdpl_log_dump_sysinfo(): info: time: 2025/05/23 13:31:09 PDT -0700
1748032269.506028: 8574-7fb70a84c000: cdpl_log.c:731: in cdpl_log_dump_sysinfo(): info: version: L_2016.03_SP2_PROD_CDPL 
1748032269.506033: 8574-7fb70a84c000: cdpl_log.c:736: in cdpl_log_dump_sysinfo(): info: system: Linux 3.10.0-1160.119.1.el7.x86_64 #1 SMP Tue Jun 4 14:43:51 UTC 2024
1748032269.506036: 8574-7fb70a84c000: cdpl_log.c:740: in cdpl_log_dump_sysinfo(): info: processor: x86_64 64-bits
1748032269.506040: 8574-7fb70a84c000: cdpl_log.c:742: in cdpl_log_dump_sysinfo(): info: hostname: ieng6-ece-08.ucsd.edu
1748032269.506042: 8574-7fb70a84c000: cdpl_log.c:223: in cdpl_log_open(): debug: path: /home/linux/ieng6/cs241asp25/cs241asp25bu/lab5/run_siliconsmart/LIB_FF_1.1_-40_ALL/runtime/cdpl/worker.W23.ieng6-ece-08.ucsd.edu.8574.log
1748032269.506045: 8574-7fb70a84c000: cdpl_log.c:224: in cdpl_log_open(): debug: dir: /home/linux/ieng6/cs241asp25/cs241asp25bu/lab5/run_siliconsmart/LIB_FF_1.1_-40_ALL/runtime/cdpl
1748032269.506053: 8574-7fb70a84c000: cdpl_worker.c:728: in cdpl_wk_new(): info: creating worker instance
1748032269.518504: 8574-7fb70a84c000: cdpl_worker.c:925: in cdpl_wk_start(): debug: starting worker
1748032269.518516: 8574-7fb70a84c000: cdpl_worker.c:276: in cdpl_wk_setup(): info: CDPL_SERVER is "128.54.67.138:33374"
1748032269.518520: 8574-7fb70a84c000: cdpl_worker.c:299: in cdpl_wk_setup(): info: server 128.54.67.138, port 33374
1748032269.518523: 8574-7fb70a84c000: cdpl_worker.c:319: in cdpl_wk_setup(): info: CDPL_ID is "23:1:1:1:231692397"
1748032269.518534: 8574-7fb70a84c000: cdpl_worker.c:361: in cdpl_wk_setup(): info: we are W23-B1-J1-M1-S231692397
1748032269.518537: 8574-7fb70a84c000: cdpl_worker.c:363: in cdpl_wk_setup(): info: we are on host ieng6-ece-08.ucsd.edu
1748032269.518539: 8574-7fb70a84c000: cdpl_worker.c:372: in cdpl_wk_daemonize(): debug: will *not* daemonize
1748032269.518543: 8574-7fb70a84c000: cdpl_ipc.c:2593: in cdpl_ipc_connect(): info: connecting to 128.54.67.138:33374
1748032269.518991: 8574-7fb70a84c000: cdpl_ipc.c:2659: in cdpl_ipc_connect(): info: connected as `128.54.67.138:46148'
1748032269.519014: 8574-7fb70a84c000: cdpl_ipc.c:1763: in cdpl_ipc_host_accept(): debug: accepted host `128.54.67.138:33374'
1748032269.519023: 8574-7fb70a84c000: cdpl_ipc.c:2436: in cdpl_ipc_start(): debug: starting IPC server 128.54.67.138:45744
1748032269.519147: 8574-7fb70a84c000: cdpl_compat_worker.c:148: in cdplStartWorker(): info: SNPSLMD_LICENSE_FILE is 1705@its-flexlm-lnx4.ucsd.edu:1705@acms-flexlm-lnx4.ucsd.edu,1705@acms-flexlm-lnx5.ucsd.edu,1705@acms-flexlm-lnx6.ucsd.edu
1748032269.519233: 8574-7fb70a84c000: cdpl_compat_worker.c:597: in cdplWorkerLogInfo(): info: [Maximum lifespan of worker is set to 1200m]
1748032269.519294: 8574-7fb70a84c000: cdpl_compat_worker.c:597: in cdplWorkerLogInfo(): info: [Peak virtual memory is set to 128GB]
1748032269.539830: 8574-7fb6fbf2d700: cdpl_worker.c:528: in cdpl_wk_listen(): debug: ready
1748032269.606910: 8574-7fb6fb72c700: cdpl_worker.c:656: in cdpl_wk_heartbeat(): debug: starting heartbeat
1748032269.606924: 8574-7fb6fb72c700: cdpl_worker.c:665: in cdpl_wk_heartbeat(): info: setting heartbeat period to 60 sec
1748032269.606928: 8574-7fb6fb72c700: cdpl_worker.c:673: in cdpl_wk_heartbeat(): info: first heartbeat in 1 sec
1748032269.617037: 8574-7fb6fbf2d700: cdpl_worker.c:585: in cdpl_wk_listen(): debug: received ASSIGN message
1748032269.617065: 8574-7fb70a84c000: cdpl_worker.c:1092: in cdpl_wk_wait_timeout(): info: starting task T109
1748032269.617090: 8574-7fb70a84c000: cdpl_compat_worker.c:597: in cdplWorkerLogInfo(): info: [runOneAcquisitionAdaptive DFCSNQD2 cmpw__SDN__hl__SDN__lh__ACQ_1 job_110 ]
1748032272.279976: 8574-7fb70a84c000: cdpl_worker.c:1208: in cdpl_wk_finalize(): info: finishing task T109
1748032272.280154: 8574-7fb6fbf2d700: cdpl_worker.c:585: in cdpl_wk_listen(): debug: received ASSIGN message
1748032272.280162: 8574-7fb70a84c000: cdpl_worker.c:1092: in cdpl_wk_wait_timeout(): info: starting task T120
1748032272.280174: 8574-7fb70a84c000: cdpl_compat_worker.c:597: in cdplWorkerLogInfo(): info: [runOneAcquisitionAdaptive DFCSNQD2 recover__CDN__lh__CP__lh__ACQ_1 job_121 ]
1748032308.102114: 8574-7fb70a84c000: cdpl_worker.c:1208: in cdpl_wk_finalize(): info: finishing task T120
1748032308.102452: 8574-7fb6fbf2d700: cdpl_worker.c:585: in cdpl_wk_listen(): debug: received ASSIGN message
1748032308.102463: 8574-7fb70a84c000: cdpl_worker.c:1092: in cdpl_wk_wait_timeout(): info: starting task T183
1748032308.102471: 8574-7fb70a84c000: cdpl_compat_worker.c:597: in cdplWorkerLogInfo(): info: [runOneAcquisitionAdaptive LHQD2 Cin__E__hl__ACQ_1 job_184 ]
1748032311.954596: 8574-7fb70a84c000: cdpl_worker.c:1208: in cdpl_wk_finalize(): info: finishing task T183
1748032311.954803: 8574-7fb6fbf2d700: cdpl_worker.c:585: in cdpl_wk_listen(): debug: received ASSIGN message
1748032311.954825: 8574-7fb70a84c000: cdpl_worker.c:1092: in cdpl_wk_wait_timeout(): info: starting task T192
1748032311.954839: 8574-7fb70a84c000: cdpl_compat_worker.c:597: in cdplWorkerLogInfo(): info: [runOneAcquisitionAdaptive AOI21D0 Cin__A2__lh__ACQ_1 job_193 ]
1748032313.735621: 8574-7fb70a84c000: cdpl_worker.c:1208: in cdpl_wk_finalize(): info: finishing task T192
1748032313.735931: 8574-7fb6fbf2d700: cdpl_worker.c:585: in cdpl_wk_listen(): debug: received ASSIGN message
1748032313.735943: 8574-7fb70a84c000: cdpl_worker.c:1092: in cdpl_wk_wait_timeout(): info: starting task T200
1748032313.735953: 8574-7fb70a84c000: cdpl_compat_worker.c:597: in cdplWorkerLogInfo(): info: [runOneAcquisitionAdaptive AOI21D1 Cin__A1__lh__ACQ_1 job_201 ]
1748032316.013345: 8574-7fb70a84c000: cdpl_worker.c:1208: in cdpl_wk_finalize(): info: finishing task T200
1748032316.013526: 8574-7fb6fbf2d700: cdpl_worker.c:585: in cdpl_wk_listen(): debug: received ASSIGN message
1748032316.013580: 8574-7fb70a84c000: cdpl_worker.c:1092: in cdpl_wk_wait_timeout(): info: starting task T207
1748032316.013591: 8574-7fb70a84c000: cdpl_compat_worker.c:597: in cdplWorkerLogInfo(): info: [runOneAcquisitionAdaptive AOI21D1 Cin__A1__hl__ACQ_1 job_208 ]
1748032317.924209: 8574-7fb70a84c000: cdpl_worker.c:1208: in cdpl_wk_finalize(): info: finishing task T207
1748032317.924398: 8574-7fb6fbf2d700: cdpl_worker.c:585: in cdpl_wk_listen(): debug: received ASSIGN message
1748032317.924406: 8574-7fb70a84c000: cdpl_worker.c:1092: in cdpl_wk_wait_timeout(): info: starting task T220
1748032317.924413: 8574-7fb70a84c000: cdpl_compat_worker.c:597: in cdplWorkerLogInfo(): info: [runOneAcquisitionAdaptive AOI21D2 Cin__A2__lh__ACQ_1 job_221 ]
1748032319.828981: 8574-7fb70a84c000: cdpl_worker.c:1208: in cdpl_wk_finalize(): info: finishing task T220
1748032319.834194: 8574-7fb6fbf2d700: cdpl_worker.c:585: in cdpl_wk_listen(): debug: received ASSIGN message
1748032319.834209: 8574-7fb70a84c000: cdpl_worker.c:1092: in cdpl_wk_wait_timeout(): info: starting task T229
1748032319.834217: 8574-7fb70a84c000: cdpl_compat_worker.c:597: in cdplWorkerLogInfo(): info: [runOneAcquisitionAdaptive AOI21D4 Cin__B__lh__ACQ_1 job_230 ]
1748032322.453260: 8574-7fb70a84c000: cdpl_worker.c:1208: in cdpl_wk_finalize(): info: finishing task T229
1748032322.474200: 8574-7fb6fbf2d700: cdpl_worker.c:585: in cdpl_wk_listen(): debug: received ASSIGN message
1748032322.474225: 8574-7fb70a84c000: cdpl_worker.c:1092: in cdpl_wk_wait_timeout(): info: starting task T239
1748032322.474241: 8574-7fb70a84c000: cdpl_compat_worker.c:597: in cdplWorkerLogInfo(): info: [runOneAcquisitionAdaptive AOI21D4 delay__B__lh__ZN__hl__ACQ_1 job_240 ]
1748032331.005303: 8574-7fb70a84c000: cdpl_worker.c:1208: in cdpl_wk_finalize(): info: finishing task T239
1748032331.020518: 8574-7fb6fbf2d700: cdpl_worker.c:585: in cdpl_wk_listen(): debug: received ASSIGN message
1748032331.029607: 8574-7fb70a84c000: cdpl_worker.c:1092: in cdpl_wk_wait_timeout(): info: starting task T275
1748032331.029625: 8574-7fb70a84c000: cdpl_compat_worker.c:597: in cdplWorkerLogInfo(): info: [runOneAcquisitionAdaptive MUX2D2 delay__S__lh__Z__lh__ACQ_1 job_276 ]
1748032336.248483: 8574-7fb70a84c000: cdpl_worker.c:1208: in cdpl_wk_finalize(): info: finishing task T275
1748032336.263792: 8574-7fb6fbf2d700: cdpl_worker.c:585: in cdpl_wk_listen(): debug: received ASSIGN message
1748032336.263804: 8574-7fb70a84c000: cdpl_worker.c:1092: in cdpl_wk_wait_timeout(): info: starting task T303
1748032336.263813: 8574-7fb70a84c000: cdpl_compat_worker.c:597: in cdplWorkerLogInfo(): info: [runOneAcquisitionAdaptive MUX2D4 Cin__I0__lh__ACQ_1 job_304 ]
1748032338.483426: 8574-7fb70a84c000: cdpl_worker.c:1208: in cdpl_wk_finalize(): info: finishing task T303
1748032338.502351: 8574-7fb6fbf2d700: cdpl_worker.c:585: in cdpl_wk_listen(): debug: received ASSIGN message
1748032338.502377: 8574-7fb70a84c000: cdpl_worker.c:1092: in cdpl_wk_wait_timeout(): info: starting task T311
1748032338.502394: 8574-7fb70a84c000: cdpl_compat_worker.c:597: in cdplWorkerLogInfo(): info: [runOneAcquisitionAdaptive OAI21D0 leakage_power__ACQ_4 job_312 ]
1748032340.182402: 8574-7fb70a84c000: cdpl_worker.c:1208: in cdpl_wk_finalize(): info: finishing task T311
1748032340.182587: 8574-7fb6fbf2d700: cdpl_worker.c:585: in cdpl_wk_listen(): debug: received ASSIGN message
1748032340.182598: 8574-7fb70a84c000: cdpl_worker.c:1092: in cdpl_wk_wait_timeout(): info: starting task T321
1748032340.182607: 8574-7fb70a84c000: cdpl_compat_worker.c:597: in cdplWorkerLogInfo(): info: [runOneAcquisitionAdaptive OAI21D1 Cin__B__lh__ACQ_1 job_322 ]
1748032341.925358: 8574-7fb70a84c000: cdpl_worker.c:1208: in cdpl_wk_finalize(): info: finishing task T321
1748032341.925511: 8574-7fb6fbf2d700: cdpl_worker.c:585: in cdpl_wk_listen(): debug: received ASSIGN message
1748032341.925525: 8574-7fb70a84c000: cdpl_worker.c:1092: in cdpl_wk_wait_timeout(): info: starting task T331
1748032341.925535: 8574-7fb70a84c000: cdpl_compat_worker.c:597: in cdplWorkerLogInfo(): info: [runOneAcquisitionAdaptive OAI21D1 delay__B__lh__ZN__hl__ACQ_1 job_332 ]
1748032345.941819: 8574-7fb70a84c000: cdpl_worker.c:1208: in cdpl_wk_finalize(): info: finishing task T331
1748032345.942113: 8574-7fb6fbf2d700: cdpl_worker.c:585: in cdpl_wk_listen(): debug: received ASSIGN message
1748032345.942149: 8574-7fb70a84c000: cdpl_worker.c:1092: in cdpl_wk_wait_timeout(): info: starting task T359
1748032345.942158: 8574-7fb70a84c000: cdpl_compat_worker.c:597: in cdplWorkerLogInfo(): info: [runOneAcquisitionAdaptive OAI21D4 delay__B__lh__ZN__hl__ACQ_1 job_360 ]
1748032355.036987: 8574-7fb70a84c000: cdpl_worker.c:1208: in cdpl_wk_finalize(): info: finishing task T359
1748032355.037336: 8574-7fb6fbf2d700: cdpl_worker.c:585: in cdpl_wk_listen(): debug: received ASSIGN message
1748032355.037347: 8574-7fb70a84c000: cdpl_worker.c:1092: in cdpl_wk_wait_timeout(): info: starting task T415
1748032355.037354: 8574-7fb70a84c000: cdpl_compat_worker.c:597: in cdplWorkerLogInfo(): info: [runOneAcquisitionAdaptive AN2XD1 leakage_power__ACQ_1 job_416 ]
1748032356.726346: 8574-7fb70a84c000: cdpl_worker.c:1208: in cdpl_wk_finalize(): info: finishing task T415
1748032356.734482: 8574-7fb6fbf2d700: cdpl_worker.c:585: in cdpl_wk_listen(): debug: received ASSIGN message
1748032356.741151: 8574-7fb70a84c000: cdpl_worker.c:1092: in cdpl_wk_wait_timeout(): info: starting task T429
1748032356.741170: 8574-7fb70a84c000: cdpl_compat_worker.c:597: in cdplWorkerLogInfo(): info: [runOneAcquisitionAdaptive ND2D0 delay__A2__lh__ZN__hl__ACQ_1 job_430 ]
1748032360.600863: 8574-7fb70a84c000: cdpl_worker.c:1208: in cdpl_wk_finalize(): info: finishing task T429
1748032360.608449: 8574-7fb6fbf2d700: cdpl_worker.c:585: in cdpl_wk_listen(): debug: received ASSIGN message
1748032360.619329: 8574-7fb70a84c000: cdpl_worker.c:1092: in cdpl_wk_wait_timeout(): info: starting task T456
1748032360.619349: 8574-7fb70a84c000: cdpl_compat_worker.c:597: in cdplWorkerLogInfo(): info: [runOneAcquisitionAdaptive ND2D3 leakage_power__ACQ_4 job_457 ]
1748032362.780593: 8574-7fb70a84c000: cdpl_worker.c:1208: in cdpl_wk_finalize(): info: finishing task T456
1748032362.780835: 8574-7fb6fbf2d700: cdpl_worker.c:585: in cdpl_wk_listen(): debug: received ASSIGN message
1748032362.780857: 8574-7fb70a84c000: cdpl_worker.c:1092: in cdpl_wk_wait_timeout(): info: starting task T471
1748032362.780870: 8574-7fb70a84c000: cdpl_compat_worker.c:597: in cdplWorkerLogInfo(): info: [runOneAcquisitionAdaptive ND2D8 Cin__A2__hl__ACQ_1 job_472 ]
1748032365.427008: 8574-7fb70a84c000: cdpl_worker.c:1208: in cdpl_wk_finalize(): info: finishing task T471
1748032365.438356: 8574-7fb6fbf2d700: cdpl_worker.c:585: in cdpl_wk_listen(): debug: received ASSIGN message
1748032365.440657: 8574-7fb70a84c000: cdpl_worker.c:1092: in cdpl_wk_wait_timeout(): info: starting task T489
1748032365.440675: 8574-7fb70a84c000: cdpl_compat_worker.c:597: in cdplWorkerLogInfo(): info: [runOneAcquisitionAdaptive NR2D0 delay__A2__lh__ZN__hl__ACQ_1 job_490 ]
1748032368.776463: 8574-7fb70a84c000: cdpl_worker.c:1208: in cdpl_wk_finalize(): info: finishing task T489
1748032368.776630: 8574-7fb6fbf2d700: cdpl_worker.c:585: in cdpl_wk_listen(): debug: received ASSIGN message
1748032368.783038: 8574-7fb70a84c000: cdpl_worker.c:1092: in cdpl_wk_wait_timeout(): info: starting task T515
1748032368.783053: 8574-7fb70a84c000: cdpl_compat_worker.c:597: in cdplWorkerLogInfo(): info: [runOneAcquisitionAdaptive NR2D3 delay__A1__lh__ZN__hl__ACQ_1 job_516 ]
1748032372.877706: 8574-7fb70a84c000: cdpl_worker.c:1208: in cdpl_wk_finalize(): info: finishing task T515
1748032372.880639: 8574-7fb6fbf2d700: cdpl_worker.c:585: in cdpl_wk_listen(): debug: received ASSIGN message
1748032372.880656: 8574-7fb70a84c000: cdpl_worker.c:1092: in cdpl_wk_wait_timeout(): info: starting task T546
1748032372.880669: 8574-7fb70a84c000: cdpl_compat_worker.c:597: in cdplWorkerLogInfo(): info: [runOneAcquisitionAdaptive OR2D0 leakage_power__ACQ_2 job_547 ]
1748032374.416557: 8574-7fb70a84c000: cdpl_worker.c:1208: in cdpl_wk_finalize(): info: finishing task T546
1748032374.417843: 8574-7fb6fbf2d700: cdpl_worker.c:585: in cdpl_wk_listen(): debug: received ASSIGN message
1748032374.427347: 8574-7fb70a84c000: cdpl_worker.c:1092: in cdpl_wk_wait_timeout(): info: starting task T556
1748032374.427363: 8574-7fb70a84c000: cdpl_compat_worker.c:597: in cdplWorkerLogInfo(): info: [runOneAcquisitionAdaptive OR2D1 leakage_power__ACQ_2 job_557 ]
1748032376.276664: 8574-7fb70a84c000: cdpl_worker.c:1208: in cdpl_wk_finalize(): info: finishing task T556
1748032376.276840: 8574-7fb6fbf2d700: cdpl_worker.c:585: in cdpl_wk_listen(): debug: received ASSIGN message
1748032376.276859: 8574-7fb70a84c000: cdpl_worker.c:1092: in cdpl_wk_wait_timeout(): info: starting task T569
1748032376.276870: 8574-7fb70a84c000: cdpl_compat_worker.c:597: in cdplWorkerLogInfo(): info: [runOneAcquisitionAdaptive OR2D2 Cin__A2__lh__ACQ_1 job_570 ]
1748032378.310228: 8574-7fb70a84c000: cdpl_worker.c:1208: in cdpl_wk_finalize(): info: finishing task T569
1748032378.310406: 8574-7fb6fbf2d700: cdpl_worker.c:585: in cdpl_wk_listen(): debug: received ASSIGN message
1748032378.310414: 8574-7fb70a84c000: cdpl_worker.c:1092: in cdpl_wk_wait_timeout(): info: starting task T584
1748032378.310421: 8574-7fb70a84c000: cdpl_compat_worker.c:597: in cdplWorkerLogInfo(): info: [runOneAcquisitionAdaptive OR2XD1 delay__A1__hl__Z__hl__ACQ_1 job_585 ]
1748032382.527011: 8574-7fb70a84c000: cdpl_worker.c:1208: in cdpl_wk_finalize(): info: finishing task T584
1748032382.527411: 8574-7fb6fbf2d700: cdpl_worker.c:585: in cdpl_wk_listen(): debug: received ASSIGN message
1748032382.527421: 8574-7fb70a84c000: cdpl_worker.c:1092: in cdpl_wk_wait_timeout(): info: starting task T611
1748032382.527429: 8574-7fb70a84c000: cdpl_compat_worker.c:597: in cdplWorkerLogInfo(): info: [runOneAcquisitionAdaptive XNR2D2 delay__A2__lh__ZN__lh__ACQ_1 job_612 ]
1748032388.757947: 8574-7fb70a84c000: cdpl_worker.c:1208: in cdpl_wk_finalize(): info: finishing task T611
1748032388.758328: 8574-7fb6fbf2d700: cdpl_worker.c:585: in cdpl_wk_listen(): debug: received ASSIGN message
1748032388.758366: 8574-7fb70a84c000: cdpl_worker.c:1092: in cdpl_wk_wait_timeout(): info: starting task T640
1748032388.758376: 8574-7fb70a84c000: cdpl_compat_worker.c:597: in cdplWorkerLogInfo(): info: [runOneAcquisitionAdaptive XOR2D0 delay__A2__hl__Z__lh__ACQ_1 job_641 ]
1748032394.993554: 8574-7fb70a84c000: cdpl_worker.c:1208: in cdpl_wk_finalize(): info: finishing task T640
1748032395.007826: 8574-7fb6fbf2d700: cdpl_worker.c:585: in cdpl_wk_listen(): debug: received ASSIGN message
1748032395.012106: 8574-7fb70a84c000: cdpl_worker.c:1092: in cdpl_wk_wait_timeout(): info: starting task T663
1748032395.012123: 8574-7fb70a84c000: cdpl_compat_worker.c:597: in cdplWorkerLogInfo(): info: [runOneAcquisitionAdaptive BUFFD0 delay__I__lh__Z__lh__ACQ_1 job_664 ]
1748032398.224552: 8574-7fb70a84c000: cdpl_worker.c:1208: in cdpl_wk_finalize(): info: finishing task T663
1748032398.228503: 8574-7fb6fbf2d700: cdpl_worker.c:585: in cdpl_wk_listen(): debug: received ASSIGN message
1748032398.228514: 8574-7fb70a84c000: cdpl_worker.c:1092: in cdpl_wk_wait_timeout(): info: starting task T686
1748032398.228522: 8574-7fb70a84c000: cdpl_compat_worker.c:597: in cdplWorkerLogInfo(): info: [runOneAcquisitionAdaptive BUFFD4 leakage_power__ACQ_2 job_687 ]
1748032400.146702: 8574-7fb70a84c000: cdpl_worker.c:1208: in cdpl_wk_finalize(): info: finishing task T686
1748032400.151285: 8574-7fb6fbf2d700: cdpl_worker.c:585: in cdpl_wk_listen(): debug: received ASSIGN message
1748032400.153319: 8574-7fb70a84c000: cdpl_worker.c:1092: in cdpl_wk_wait_timeout(): info: starting task T697
1748032400.153333: 8574-7fb70a84c000: cdpl_compat_worker.c:597: in cdplWorkerLogInfo(): info: [runOneAcquisitionAdaptive INVD0 leakage_power__ACQ_1 job_698 ]
1748032402.333846: 8574-7fb70a84c000: cdpl_worker.c:1208: in cdpl_wk_finalize(): info: finishing task T697
1748032402.334081: 8574-7fb6fbf2d700: cdpl_worker.c:585: in cdpl_wk_listen(): debug: received ASSIGN message
1748032402.334102: 8574-7fb70a84c000: cdpl_worker.c:1092: in cdpl_wk_wait_timeout(): info: starting task T710
1748032402.334114: 8574-7fb70a84c000: cdpl_compat_worker.c:597: in cdplWorkerLogInfo(): info: [runOneAcquisitionAdaptive INVD16 leakage_power__ACQ_2 job_711 ]
1748032404.402813: 8574-7fb70a84c000: cdpl_worker.c:1208: in cdpl_wk_finalize(): info: finishing task T710
1748032404.402972: 8574-7fb6fbf2d700: cdpl_worker.c:585: in cdpl_wk_listen(): debug: received ASSIGN message
1748032404.402983: 8574-7fb70a84c000: cdpl_worker.c:1092: in cdpl_wk_wait_timeout(): info: starting task T726
1748032404.402992: 8574-7fb70a84c000: cdpl_compat_worker.c:597: in cdplWorkerLogInfo(): info: [runOneAcquisitionAdaptive INVD3 leakage_power__ACQ_2 job_727 ]
1748032406.197617: 8574-7fb70a84c000: cdpl_worker.c:1208: in cdpl_wk_finalize(): info: finishing task T726
1748032406.202219: 8574-7fb6fbf2d700: cdpl_worker.c:585: in cdpl_wk_listen(): debug: received ASSIGN message
1748032406.202233: 8574-7fb70a84c000: cdpl_worker.c:1092: in cdpl_wk_wait_timeout(): info: starting task T734
1748032406.202242: 8574-7fb70a84c000: cdpl_compat_worker.c:597: in cdplWorkerLogInfo(): info: [runOneAcquisitionAdaptive INVD6 leakage_power__ACQ_2 job_735 ]
1748032407.676535: 8574-7fb70a84c000: cdpl_worker.c:1208: in cdpl_wk_finalize(): info: finishing task T734
1748032415.889188: 8574-7fb6fbf2d700: cdpl_worker.c:616: in cdpl_wk_listen(): debug: received RELAY message
1748032416.099648: 8574-7fb6fbf2d700: cdpl_worker.c:585: in cdpl_wk_listen(): debug: received ASSIGN message
1748032416.099677: 8574-7fb70a84c000: cdpl_worker.c:1092: in cdpl_wk_wait_timeout(): info: starting task T743
1748032416.196488: 8574-7fb70a84c000: cdpl_compat_worker.c:597: in cdplWorkerLogInfo(): info: [modelOneCellAdaptive {DFCSNQD4 }]
1748032422.445760: 8574-7fb70a84c000: cdpl_worker.c:1208: in cdpl_wk_finalize(): info: finishing task T743
1748032422.454051: 8574-7fb6fbf2d700: cdpl_worker.c:585: in cdpl_wk_listen(): debug: received ASSIGN message
1748032422.454062: 8574-7fb70a84c000: cdpl_worker.c:1092: in cdpl_wk_wait_timeout(): info: starting task T785
1748032422.454073: 8574-7fb70a84c000: cdpl_compat_worker.c:597: in cdplWorkerLogInfo(): info: [modelOneCellAdaptive {XOR2D1 }]
1748032426.321427: 8574-7fb70a84c000: cdpl_worker.c:1208: in cdpl_wk_finalize(): info: finishing task T785
1748032450.556426: 8574-7fb6fbf2d700: cdpl_worker.c:616: in cdpl_wk_listen(): debug: received RELAY message
1748032450.580150: 8574-7fb6fc72e700: cdpl_ipc.c:606: in _readv(): warning: read(): EOF
1748032450.580170: 8574-7fb6fc72e700: cdpl_ipc.c:1462: in _epoll_recv(): debug: _readv(): Broken pipe
1748032450.580174: 8574-7fb6fc72e700: cdpl_ipc.c:1683: in _epoll_main(): debug: _epoll_recv(): Broken pipe
1748032450.580185: 8574-7fb6fc72e700: cdpl_ipc.c:1061: in _host_drop__UNSAFE(): debug: dropping host `128.54.67.138:33374'
1748032450.580231: 8574-7fb6fbf2d700: cdpl_worker.c:561: in cdpl_wk_listen(): debug: received DROP notification
1748032450.580248: 8574-7fb6fbf2d700: cdpl_worker.c:565: in cdpl_wk_listen(): debug: we were dropped by the server
1748032450.580255: 8574-7fb6fbf2d700: cdpl_worker.c:492: in _wk_kill(): debug: killing worker
1748032450.580262: 8574-7fb6fbf2d700: cdpl_ipc.c:2481: in cdpl_ipc_kill(): debug: stopping event server
1748032450.580289: 8574-7fb6fbf2d700: cdpl_worker.c:542: in cdpl_wk_listen(): debug: leaving now
1748032450.580543: 8574-7fb70a84c000: cdpl_compat_worker.c:597: in cdplWorkerLogInfo(): info: [Worker shutdown. Code: 3]
1748032450.580784: 8574-7fb6fc72e700: cdpl_ipc.c:1720: in _epoll_main(): debug: server going down...
1748032450.586733: 8574-7fb70a84c000: cdpl_worker.c:856: in _wk_shutdown(): debug: waiting for heartbeat thread
1748032450.586746: 8574-7fb6fb72c700: cdpl_worker.c:709: in cdpl_wk_heartbeat(): info: stopping heartbeat
1748032450.586767: 8574-7fb70a84c000: cdpl_ipc.c:1781: in cdpl_ipc_host_release(): debug: releasing host `128.54.67.138:33374'
1748032450.586788: 8574-7fb70a84c000: cdpl_ipc.c:2532: in cdpl_ipc_free(): debug: releasing IPC handle
1748032450.586792: 8574-7fb70a84c000: cdpl_ipc.c:986: in _host_free__UNSAFE(): debug: freeing host `128.54.67.138:33374'
1748032450.586820: 8574-7fb70a84c000: cdpl_ipc.c:1028: in _host_free__UNSAFE(): debug: [0 outq, 0 spR, 0 spW]
1748032450.586837: 8574-7fb70a84c000: cdpl_ipc.c:2571: in cdpl_ipc_free(): debug: done
1748032450.586841: 8574-7fb70a84c000: cdpl_worker.c:912: in cdpl_wk_free(): info: freed
1748032450.586844: 8574-7fb70a84c000: cdpl_log.c:359: in cdpl_log_close(): debug: @@end_of_log@@
