----------------------------------------------------------------------
Info:    Log written by SiliconSmart version L-2016.06-SP1-2 on Fri May 23 13:58:30 2025
Info:    Build date: Dec 07, 2016 16:59:49
Info:    SiliconSmart Path: /acsnfs3/software/SiliconSmartAce-2016.06-SP1-2/linux64/bin/siliconsmart
Info:    Host Name: ieng6-ece-08.ucsd.edu, User Name: cs241asp25bu, PID: 9872
Info:    CPU: 8 x 2195 MHz, Intel(R) Xeon(R) Gold 5220 CPU @ 2.20GHz (2 socket, 4 core)
Info:    Memory: 32 GB RAM, 1 GB Swap
Info:    Directory: /home/linux/ieng6/cs241asp25/cs241asp25bu/lab5/run_siliconsmart/LIB_FF_1.1_125_ALL
Info:    Maximum virtual memory size: 587.09MB
Command-line: /acsnfs3/software/SiliconSmartAce-2016.06-SP1-2/linux64/bin/siliconsmart -server /home/linux/ieng6/cs241asp25/cs241asp25bu/lab5/run_siliconsmart/LIB_FF_1.1_125_ALL/runtime/cdpl/driver_8173.tcl
Fri May 23 13:58:30 2025: Establishing connection to license server
The char directory is /home/linux/ieng6/cs241asp25/cs241asp25bu/lab5/run_siliconsmart/LIB_FF_1.1_125_ALL
Warning: Operating condition 'FF_1.1_125_ALL' already exists, skipped.
Info:    The char directory is /home/linux/ieng6/cs241asp25/cs241asp25bu/lab5/run_siliconsmart/LIB_FF_1.1_125_ALL
Warning: Operating condition 'FF_1.1_125_ALL' already exists, skipped.
Info:    The char directory is /home/linux/ieng6/cs241asp25/cs241asp25bu/lab5/run_siliconsmart/LIB_FF_1.1_125_ALL
Warning: Operating condition 'FF_1.1_125_ALL' already exists, skipped.
Info:    Loading information for cell DFCSNQD1... (SMSC-60)
Info:    Current directory '/home/linux/ieng6/cs241asp25/cs241asp25bu/lab5/run_siliconsmart/LIB_FF_1.1_125_ALL' (SIM-68)
Info:    Working in directory '/home/linux/ieng6/cs241asp25/cs241asp25bu/lab5/run_siliconsmart/LIB_FF_1.1_125_ALL/temp/siliconsmart.ieng6-ece-08.150149.9872/delay__CDN__hl__Q__hl__ACQ_1.sif_0' (SIM-69)
Info:    Executing 'hspice deck.cir -o deck' (SIM-30)
Warning: return code 0 (hspice: No such file or directory)
Info:    Simulation delay__CDN__hl__Q__hl__ACQ_1.sif for cell DFCSNQD1 completed successfully. (SMSC-103)
Info:    IO Retry 0
Info:    set _SIS_CLIENT_RESULT_ {{DFCSNQD1 delay__CDN__hl__Q__hl__ACQ_1 {sifTS 0.0 sifName /home/linux/ieng6/cs241asp25/cs241asp25bu/lab5/run_siliconsmart/LIB_FF_1.1_125_ALL/temp/siliconsmart.ieng6-ece-08.150149.9872/delay__CDN__hl__Q__hl__ACQ_1.sif eadCksum 8fb2c7cbf3d3d4bd1cb5d45a2ce1ec50 simulationCount 1 exportVars {} errorList {} sofName /home/linux/ieng6/cs241asp25/cs241asp25bu/lab5/run_siliconsmart/LIB_FF_1.1_125_ALL/temp/siliconsmart.ieng6-ece-08.150149.9872/delay__CDN__hl__Q__hl__ACQ_1.sof eadTS 0.0 eadName /home/linux/ieng6/cs241asp25/cs241asp25bu/lab5/run_siliconsmart/LIB_FF_1.1_125_ALL/temp/siliconsmart.ieng6-ece-08.150149.9872/delay__CDN__hl__Q__hl__ACQ_1.ead enableCache 0 status done depFiles /home/linux/ieng6/cs241asp25/cs241asp25bu/lab5/run_siliconsmart/LIB_FF_1.1_125_ALL/netlists/DFCSNQD1.cdl sifCksum 95bce3d7757de3c6ff6188a0645d8ce5}}}
Info:    _SIS_CLIENT_RESULT_END
Info:    __recordTaskStats__ DFCSNQD1 delay__CDN__hl__Q__hl__ACQ_1 0.18 0.01 2.31 0.12 1 6.51467013359 ieng6-ece-08.ucsd.edu 1748033940.68 1748033947.19
Info:    Loading information for cell DFCSNQD2... (SMSC-60)
Info:    Current directory '/home/linux/ieng6/cs241asp25/cs241asp25bu/lab5/run_siliconsmart/LIB_FF_1.1_125_ALL' (SIM-68)
Info:    Working in directory '/home/linux/ieng6/cs241asp25/cs241asp25bu/lab5/run_siliconsmart/LIB_FF_1.1_125_ALL/temp/siliconsmart.ieng6-ece-08.150149.9872/Cin__CP__hl__ACQ_2.sif_0' (SIM-69)
Info:    Executing 'hspice deck.cir -o deck' (SIM-30)
Warning: return code 0 (hspice: No such file or directory)
Info:    Simulation Cin__CP__hl__ACQ_2.sif for cell DFCSNQD2 completed successfully. (SMSC-103)
Info:    IO Retry 0
Info:    set _SIS_CLIENT_RESULT_ {{DFCSNQD2 Cin__CP__hl__ACQ_2 {sifTS 0.0 sifName /home/linux/ieng6/cs241asp25/cs241asp25bu/lab5/run_siliconsmart/LIB_FF_1.1_125_ALL/temp/siliconsmart.ieng6-ece-08.150149.9872/Cin__CP__hl__ACQ_2.sif eadCksum 94d5c37aba9e6eaccfb8f23f0f2d67e7 simulationCount 1 exportVars {} errorList {} sofName /home/linux/ieng6/cs241asp25/cs241asp25bu/lab5/run_siliconsmart/LIB_FF_1.1_125_ALL/temp/siliconsmart.ieng6-ece-08.150149.9872/Cin__CP__hl__ACQ_2.sof eadTS 0.0 eadName /home/linux/ieng6/cs241asp25/cs241asp25bu/lab5/run_siliconsmart/LIB_FF_1.1_125_ALL/temp/siliconsmart.ieng6-ece-08.150149.9872/Cin__CP__hl__ACQ_2.ead enableCache 0 status done depFiles /home/linux/ieng6/cs241asp25/cs241asp25bu/lab5/run_siliconsmart/LIB_FF_1.1_125_ALL/netlists/DFCSNQD2.cdl sifCksum 190d742db0fb955ae74051fd9359d88a}}}
Info:    _SIS_CLIENT_RESULT_END
Info:    __recordTaskStats__ DFCSNQD2 Cin__CP__hl__ACQ_2 0.11 0.01 1.15 0.08 1 4.06281304359 ieng6-ece-08.ucsd.edu 1748033947.19 1748033951.26
Info:    Loading information for cell DFCSNQD2... (SMSC-60)
Info:    Current directory '/home/linux/ieng6/cs241asp25/cs241asp25bu/lab5/run_siliconsmart/LIB_FF_1.1_125_ALL' (SIM-68)
Info:    Working in directory '/home/linux/ieng6/cs241asp25/cs241asp25bu/lab5/run_siliconsmart/LIB_FF_1.1_125_ALL/temp/siliconsmart.ieng6-ece-08.150149.9872/leakage_power__ACQ_9.sif_0' (SIM-69)
Info:    Executing 'hspice deck.cir -o deck' (SIM-30)
Warning: return code 0 (hspice: No such file or directory)
Info:    Simulation leakage_power__ACQ_9.sif for cell DFCSNQD2 completed successfully. (SMSC-103)
Info:    IO Retry 0
Info:    set _SIS_CLIENT_RESULT_ {{DFCSNQD2 leakage_power__ACQ_9 {sifTS 0.0 sifName /home/linux/ieng6/cs241asp25/cs241asp25bu/lab5/run_siliconsmart/LIB_FF_1.1_125_ALL/temp/siliconsmart.ieng6-ece-08.150149.9872/leakage_power__ACQ_9.sif eadCksum 5b9e97a9f1078209230e41c0e41b6798 simulationCount 1 exportVars {} errorList {} sofName /home/linux/ieng6/cs241asp25/cs241asp25bu/lab5/run_siliconsmart/LIB_FF_1.1_125_ALL/temp/siliconsmart.ieng6-ece-08.150149.9872/leakage_power__ACQ_9.sof eadTS 0.0 eadName /home/linux/ieng6/cs241asp25/cs241asp25bu/lab5/run_siliconsmart/LIB_FF_1.1_125_ALL/temp/siliconsmart.ieng6-ece-08.150149.9872/leakage_power__ACQ_9.ead enableCache 0 status done depFiles /home/linux/ieng6/cs241asp25/cs241asp25bu/lab5/run_siliconsmart/LIB_FF_1.1_125_ALL/netlists/DFCSNQD2.cdl sifCksum 00a969bc666c1f462d3a8651642615ed}}}
Info:    _SIS_CLIENT_RESULT_END
Info:    __recordTaskStats__ DFCSNQD2 leakage_power__ACQ_9 0.07 0.01 0.35 0.07 1 1.85519719124 ieng6-ece-08.ucsd.edu 1748033951.26 1748033953.12
Info:    Loading information for cell DFCSNQD2... (SMSC-60)
Info:    Start Search.seeded_expand.opt_width on width (SIM-43)
Info:    Current directory '/home/linux/ieng6/cs241asp25/cs241asp25bu/lab5/run_siliconsmart/LIB_FF_1.1_125_ALL' (SIM-68)
Info:    Working in directory '/home/linux/ieng6/cs241asp25/cs241asp25bu/lab5/run_siliconsmart/LIB_FF_1.1_125_ALL/temp/siliconsmart.ieng6-ece-08.150149.9872/combined_setup_hold__D__lh__CP__lh__ACQ_1.sif_0' (SIM-69)
Info:    Executing 'hspice deck.cir -o deck' (SIM-30)
Warning: return code 0 (hspice: No such file or directory)
Info:    Current directory '/home/linux/ieng6/cs241asp25/cs241asp25bu/lab5/run_siliconsmart/LIB_FF_1.1_125_ALL' (SIM-68)
Info:    Working in directory '/home/linux/ieng6/cs241asp25/cs241asp25bu/lab5/run_siliconsmart/LIB_FF_1.1_125_ALL/temp/siliconsmart.ieng6-ece-08.150149.9872/combined_setup_hold__D__lh__CP__lh__ACQ_1.sif_1' (SIM-69)
Info:    Executing 'hspice deck.cir -o deck' (SIM-30)
Warning: return code 0 (hspice: No such file or directory)
Info:    Current directory '/home/linux/ieng6/cs241asp25/cs241asp25bu/lab5/run_siliconsmart/LIB_FF_1.1_125_ALL' (SIM-68)
Info:    Working in directory '/home/linux/ieng6/cs241asp25/cs241asp25bu/lab5/run_siliconsmart/LIB_FF_1.1_125_ALL/temp/siliconsmart.ieng6-ece-08.150149.9872/combined_setup_hold__D__lh__CP__lh__ACQ_1.sif_2' (SIM-69)
Info:    Executing 'hspice deck.cir -o deck' (SIM-30)
Warning: return code 0 (hspice: No such file or directory)
Info:    Current directory '/home/linux/ieng6/cs241asp25/cs241asp25bu/lab5/run_siliconsmart/LIB_FF_1.1_125_ALL' (SIM-68)
Info:    Working in directory '/home/linux/ieng6/cs241asp25/cs241asp25bu/lab5/run_siliconsmart/LIB_FF_1.1_125_ALL/temp/siliconsmart.ieng6-ece-08.150149.9872/combined_setup_hold__D__lh__CP__lh__ACQ_1.sif_3' (SIM-69)
Info:    Executing 'hspice deck.cir -o deck' (SIM-30)
Warning: return code 0 (hspice: No such file or directory)
Info:    Current directory '/home/linux/ieng6/cs241asp25/cs241asp25bu/lab5/run_siliconsmart/LIB_FF_1.1_125_ALL' (SIM-68)
Info:    Working in directory '/home/linux/ieng6/cs241asp25/cs241asp25bu/lab5/run_siliconsmart/LIB_FF_1.1_125_ALL/temp/siliconsmart.ieng6-ece-08.150149.9872/combined_setup_hold__D__lh__CP__lh__ACQ_1.sif_4' (SIM-69)
Info:    Executing 'hspice deck.cir -o deck' (SIM-30)
Warning: return code 0 (hspice: No such file or directory)
Info:    Current directory '/home/linux/ieng6/cs241asp25/cs241asp25bu/lab5/run_siliconsmart/LIB_FF_1.1_125_ALL' (SIM-68)
Info:    Working in directory '/home/linux/ieng6/cs241asp25/cs241asp25bu/lab5/run_siliconsmart/LIB_FF_1.1_125_ALL/temp/siliconsmart.ieng6-ece-08.150149.9872/combined_setup_hold__D__lh__CP__lh__ACQ_1.sif_5' (SIM-69)
Info:    Executing 'hspice deck.cir -o deck' (SIM-30)
Warning: return code 0 (hspice: No such file or directory)
Info:    Current directory '/home/linux/ieng6/cs241asp25/cs241asp25bu/lab5/run_siliconsmart/LIB_FF_1.1_125_ALL' (SIM-68)
Info:    Working in directory '/home/linux/ieng6/cs241asp25/cs241asp25bu/lab5/run_siliconsmart/LIB_FF_1.1_125_ALL/temp/siliconsmart.ieng6-ece-08.150149.9872/combined_setup_hold__D__lh__CP__lh__ACQ_1.sif_6' (SIM-69)
Info:    Executing 'hspice deck.cir -o deck' (SIM-30)
Warning: return code 0 (hspice: No such file or directory)
Info:    Current directory '/home/linux/ieng6/cs241asp25/cs241asp25bu/lab5/run_siliconsmart/LIB_FF_1.1_125_ALL' (SIM-68)
Info:    Working in directory '/home/linux/ieng6/cs241asp25/cs241asp25bu/lab5/run_siliconsmart/LIB_FF_1.1_125_ALL/temp/siliconsmart.ieng6-ece-08.150149.9872/combined_setup_hold__D__lh__CP__lh__ACQ_1.sif_7' (SIM-69)
Info:    Executing 'hspice deck.cir -o deck' (SIM-30)
Warning: return code 0 (hspice: No such file or directory)
Info:    Current directory '/home/linux/ieng6/cs241asp25/cs241asp25bu/lab5/run_siliconsmart/LIB_FF_1.1_125_ALL' (SIM-68)
Info:    Working in directory '/home/linux/ieng6/cs241asp25/cs241asp25bu/lab5/run_siliconsmart/LIB_FF_1.1_125_ALL/temp/siliconsmart.ieng6-ece-08.150149.9872/combined_setup_hold__D__lh__CP__lh__ACQ_1.sif_8' (SIM-69)
Info:    Executing 'hspice deck.cir -o deck' (SIM-30)
Warning: return code 0 (hspice: No such file or directory)
Info:    Current directory '/home/linux/ieng6/cs241asp25/cs241asp25bu/lab5/run_siliconsmart/LIB_FF_1.1_125_ALL' (SIM-68)
Info:    Working in directory '/home/linux/ieng6/cs241asp25/cs241asp25bu/lab5/run_siliconsmart/LIB_FF_1.1_125_ALL/temp/siliconsmart.ieng6-ece-08.150149.9872/combined_setup_hold__D__lh__CP__lh__ACQ_1.sif_9' (SIM-69)
Info:    Executing 'hspice deck.cir -o deck' (SIM-30)
Warning: return code 0 (hspice: No such file or directory)
Info:    Start Search.seeded_expand.opt_hold on hold (SIM-43)
Info:    Current directory '/home/linux/ieng6/cs241asp25/cs241asp25bu/lab5/run_siliconsmart/LIB_FF_1.1_125_ALL' (SIM-68)
Info:    Working in directory '/home/linux/ieng6/cs241asp25/cs241asp25bu/lab5/run_siliconsmart/LIB_FF_1.1_125_ALL/temp/siliconsmart.ieng6-ece-08.150149.9872/combined_setup_hold__D__lh__CP__lh__ACQ_1.sif_10' (SIM-69)
Info:    Executing 'hspice deck.cir -o deck' (SIM-30)
Warning: return code 0 (hspice: No such file or directory)
Info:    Start Search.refine.opt_setup on setup (SIM-43)
Info:    Current directory '/home/linux/ieng6/cs241asp25/cs241asp25bu/lab5/run_siliconsmart/LIB_FF_1.1_125_ALL' (SIM-68)
Info:    Working in directory '/home/linux/ieng6/cs241asp25/cs241asp25bu/lab5/run_siliconsmart/LIB_FF_1.1_125_ALL/temp/siliconsmart.ieng6-ece-08.150149.9872/combined_setup_hold__D__lh__CP__lh__ACQ_1.sif_11' (SIM-69)
Info:    Executing 'hspice deck.cir -o deck' (SIM-30)
Warning: return code 0 (hspice: No such file or directory)
Info:    Current directory '/home/linux/ieng6/cs241asp25/cs241asp25bu/lab5/run_siliconsmart/LIB_FF_1.1_125_ALL' (SIM-68)
Info:    Working in directory '/home/linux/ieng6/cs241asp25/cs241asp25bu/lab5/run_siliconsmart/LIB_FF_1.1_125_ALL/temp/siliconsmart.ieng6-ece-08.150149.9872/combined_setup_hold__D__lh__CP__lh__ACQ_1.sif_12' (SIM-69)
Info:    Executing 'hspice deck.cir -o deck' (SIM-30)
Warning: return code 0 (hspice: No such file or directory)
Info:    Current directory '/home/linux/ieng6/cs241asp25/cs241asp25bu/lab5/run_siliconsmart/LIB_FF_1.1_125_ALL' (SIM-68)
Info:    Working in directory '/home/linux/ieng6/cs241asp25/cs241asp25bu/lab5/run_siliconsmart/LIB_FF_1.1_125_ALL/temp/siliconsmart.ieng6-ece-08.150149.9872/combined_setup_hold__D__lh__CP__lh__ACQ_1.sif_13' (SIM-69)
Info:    Executing 'hspice deck.cir -o deck' (SIM-30)
Warning: return code 0 (hspice: No such file or directory)
Info:    Current directory '/home/linux/ieng6/cs241asp25/cs241asp25bu/lab5/run_siliconsmart/LIB_FF_1.1_125_ALL' (SIM-68)
Info:    Working in directory '/home/linux/ieng6/cs241asp25/cs241asp25bu/lab5/run_siliconsmart/LIB_FF_1.1_125_ALL/temp/siliconsmart.ieng6-ece-08.150149.9872/combined_setup_hold__D__lh__CP__lh__ACQ_1.sif_14' (SIM-69)
Info:    Executing 'hspice deck.cir -o deck' (SIM-30)
Warning: return code 0 (hspice: No such file or directory)
Info:    Current directory '/home/linux/ieng6/cs241asp25/cs241asp25bu/lab5/run_siliconsmart/LIB_FF_1.1_125_ALL' (SIM-68)
Info:    Working in directory '/home/linux/ieng6/cs241asp25/cs241asp25bu/lab5/run_siliconsmart/LIB_FF_1.1_125_ALL/temp/siliconsmart.ieng6-ece-08.150149.9872/combined_setup_hold__D__lh__CP__lh__ACQ_1.sif_15' (SIM-69)
Info:    Executing 'hspice deck.cir -o deck' (SIM-30)
Warning: return code 0 (hspice: No such file or directory)
Info:    Current directory '/home/linux/ieng6/cs241asp25/cs241asp25bu/lab5/run_siliconsmart/LIB_FF_1.1_125_ALL' (SIM-68)
Info:    Working in directory '/home/linux/ieng6/cs241asp25/cs241asp25bu/lab5/run_siliconsmart/LIB_FF_1.1_125_ALL/temp/siliconsmart.ieng6-ece-08.150149.9872/combined_setup_hold__D__lh__CP__lh__ACQ_1.sif_16' (SIM-69)
Info:    Executing 'hspice deck.cir -o deck' (SIM-30)
Warning: return code 0 (hspice: No such file or directory)
Info:    Current directory '/home/linux/ieng6/cs241asp25/cs241asp25bu/lab5/run_siliconsmart/LIB_FF_1.1_125_ALL' (SIM-68)
Info:    Working in directory '/home/linux/ieng6/cs241asp25/cs241asp25bu/lab5/run_siliconsmart/LIB_FF_1.1_125_ALL/temp/siliconsmart.ieng6-ece-08.150149.9872/combined_setup_hold__D__lh__CP__lh__ACQ_1.sif_17' (SIM-69)
Info:    Executing 'hspice deck.cir -o deck' (SIM-30)
Warning: return code 0 (hspice: No such file or directory)
Info:    Current directory '/home/linux/ieng6/cs241asp25/cs241asp25bu/lab5/run_siliconsmart/LIB_FF_1.1_125_ALL' (SIM-68)
Info:    Working in directory '/home/linux/ieng6/cs241asp25/cs241asp25bu/lab5/run_siliconsmart/LIB_FF_1.1_125_ALL/temp/siliconsmart.ieng6-ece-08.150149.9872/combined_setup_hold__D__lh__CP__lh__ACQ_1.sif_18' (SIM-69)
Info:    Executing 'hspice deck.cir -o deck' (SIM-30)
Warning: return code 0 (hspice: No such file or directory)
Info:    Simulation combined_setup_hold__D__lh__CP__lh__ACQ_1.sif for cell DFCSNQD2 completed successfully. (SMSC-103)
Info:    IO Retry 0
Info:    set _SIS_CLIENT_RESULT_ {{DFCSNQD2 combined_setup_hold__D__lh__CP__lh__ACQ_1 {sifTS 0.0 sifName /home/linux/ieng6/cs241asp25/cs241asp25bu/lab5/run_siliconsmart/LIB_FF_1.1_125_ALL/temp/siliconsmart.ieng6-ece-08.150149.9872/combined_setup_hold__D__lh__CP__lh__ACQ_1.sif eadCksum 1b7582e8259e7d50ce91c719181da47b simulationCount 19 exportVars {} errorList {} sofName /home/linux/ieng6/cs241asp25/cs241asp25bu/lab5/run_siliconsmart/LIB_FF_1.1_125_ALL/temp/siliconsmart.ieng6-ece-08.150149.9872/combined_setup_hold__D__lh__CP__lh__ACQ_1.sof eadTS 0.0 eadName /home/linux/ieng6/cs241asp25/cs241asp25bu/lab5/run_siliconsmart/LIB_FF_1.1_125_ALL/temp/siliconsmart.ieng6-ece-08.150149.9872/combined_setup_hold__D__lh__CP__lh__ACQ_1.ead enableCache 0 status done depFiles /home/linux/ieng6/cs241asp25/cs241asp25bu/lab5/run_siliconsmart/LIB_FF_1.1_125_ALL/netlists/DFCSNQD2.cdl sifCksum 75e67f80cf2147426761863efcb1f86e}}}
Info:    _SIS_CLIENT_RESULT_END
Info:    __recordTaskStats__ DFCSNQD2 combined_setup_hold__D__lh__CP__lh__ACQ_1 0.26 0.07 22.03 1.52 19 75.1834790707 ieng6-ece-08.ucsd.edu 1748033953.12 1748034028.3
Info:    Loading information for cell AN2D0... (SMSC-60)
Info:    Current directory '/home/linux/ieng6/cs241asp25/cs241asp25bu/lab5/run_siliconsmart/LIB_FF_1.1_125_ALL' (SIM-68)
Info:    Working in directory '/home/linux/ieng6/cs241asp25/cs241asp25bu/lab5/run_siliconsmart/LIB_FF_1.1_125_ALL/temp/siliconsmart.ieng6-ece-08.150149.9872/Cin__A2__hl__ACQ_1.sif_0' (SIM-69)
Info:    Executing 'hspice deck.cir -o deck' (SIM-30)
Warning: return code 0 (hspice: No such file or directory)
Info:    Simulation Cin__A2__hl__ACQ_1.sif for cell AN2D0 completed successfully. (SMSC-103)
Info:    IO Retry 0
Info:    set _SIS_CLIENT_RESULT_ {{AN2D0 Cin__A2__hl__ACQ_1 {sifTS 0.0 sifName /home/linux/ieng6/cs241asp25/cs241asp25bu/lab5/run_siliconsmart/LIB_FF_1.1_125_ALL/temp/siliconsmart.ieng6-ece-08.150149.9872/Cin__A2__hl__ACQ_1.sif eadCksum 4dcc613323d994163675f3ee75b973b6 simulationCount 1 exportVars {} errorList {} sofName /home/linux/ieng6/cs241asp25/cs241asp25bu/lab5/run_siliconsmart/LIB_FF_1.1_125_ALL/temp/siliconsmart.ieng6-ece-08.150149.9872/Cin__A2__hl__ACQ_1.sof eadTS 0.0 eadName /home/linux/ieng6/cs241asp25/cs241asp25bu/lab5/run_siliconsmart/LIB_FF_1.1_125_ALL/temp/siliconsmart.ieng6-ece-08.150149.9872/Cin__A2__hl__ACQ_1.ead enableCache 0 status done depFiles /home/linux/ieng6/cs241asp25/cs241asp25bu/lab5/run_siliconsmart/LIB_FF_1.1_125_ALL/netlists/AN2D0.cdl sifCksum 8a037f37795630869230a02cc2186038}}}
Info:    _SIS_CLIENT_RESULT_END
Info:    __recordTaskStats__ AN2D0 Cin__A2__hl__ACQ_1 0.06 0.01 0.35 0.05 1 1.83907914162 ieng6-ece-08.ucsd.edu 1748034028.32 1748034030.16
Info:    Loading information for cell AN2D1... (SMSC-60)
Info:    Current directory '/home/linux/ieng6/cs241asp25/cs241asp25bu/lab5/run_siliconsmart/LIB_FF_1.1_125_ALL' (SIM-68)
Info:    Working in directory '/home/linux/ieng6/cs241asp25/cs241asp25bu/lab5/run_siliconsmart/LIB_FF_1.1_125_ALL/temp/siliconsmart.ieng6-ece-08.150149.9872/delay__A1__hl__Z__hl__ACQ_1.sif_0' (SIM-69)
Info:    Executing 'hspice deck.cir -o deck' (SIM-30)
Warning: return code 0 (hspice: No such file or directory)
Info:    Simulation delay__A1__hl__Z__hl__ACQ_1.sif for cell AN2D1 completed successfully. (SMSC-103)
Info:    IO Retry 0
Info:    set _SIS_CLIENT_RESULT_ {{AN2D1 delay__A1__hl__Z__hl__ACQ_1 {sifTS 0.0 sifName /home/linux/ieng6/cs241asp25/cs241asp25bu/lab5/run_siliconsmart/LIB_FF_1.1_125_ALL/temp/siliconsmart.ieng6-ece-08.150149.9872/delay__A1__hl__Z__hl__ACQ_1.sif eadCksum 165765051261fd51222d77552b28a6ef simulationCount 1 exportVars {} errorList {} sofName /home/linux/ieng6/cs241asp25/cs241asp25bu/lab5/run_siliconsmart/LIB_FF_1.1_125_ALL/temp/siliconsmart.ieng6-ece-08.150149.9872/delay__A1__hl__Z__hl__ACQ_1.sof eadTS 0.0 eadName /home/linux/ieng6/cs241asp25/cs241asp25bu/lab5/run_siliconsmart/LIB_FF_1.1_125_ALL/temp/siliconsmart.ieng6-ece-08.150149.9872/delay__A1__hl__Z__hl__ACQ_1.ead enableCache 0 status done depFiles /home/linux/ieng6/cs241asp25/cs241asp25bu/lab5/run_siliconsmart/LIB_FF_1.1_125_ALL/netlists/AN2D1.cdl sifCksum 946ccd6f5a1df33e3e29e3c771ce0970}}}
Info:    _SIS_CLIENT_RESULT_END
Info:    __recordTaskStats__ AN2D1 delay__A1__hl__Z__hl__ACQ_1 0.11 0.01 1.05 0.09 1 3.64123487473 ieng6-ece-08.ucsd.edu 1748034030.16 1748034033.8
Info:    Loading information for cell AN2D4... (SMSC-60)
Info:    Current directory '/home/linux/ieng6/cs241asp25/cs241asp25bu/lab5/run_siliconsmart/LIB_FF_1.1_125_ALL' (SIM-68)
Info:    Working in directory '/home/linux/ieng6/cs241asp25/cs241asp25bu/lab5/run_siliconsmart/LIB_FF_1.1_125_ALL/temp/siliconsmart.ieng6-ece-08.150149.9872/delay__A2__hl__Z__hl__ACQ_1.sif_0' (SIM-69)
Info:    Executing 'hspice deck.cir -o deck' (SIM-30)
Warning: return code 0 (hspice: No such file or directory)
Info:    Simulation delay__A2__hl__Z__hl__ACQ_1.sif for cell AN2D4 completed successfully. (SMSC-103)
Info:    IO Retry 0
Info:    set _SIS_CLIENT_RESULT_ {{AN2D4 delay__A2__hl__Z__hl__ACQ_1 {sifTS 0.0 sifName /home/linux/ieng6/cs241asp25/cs241asp25bu/lab5/run_siliconsmart/LIB_FF_1.1_125_ALL/temp/siliconsmart.ieng6-ece-08.150149.9872/delay__A2__hl__Z__hl__ACQ_1.sif eadCksum fdaecea3e9e9b62590ea61cf2c1bfa86 simulationCount 1 exportVars {} errorList {} sofName /home/linux/ieng6/cs241asp25/cs241asp25bu/lab5/run_siliconsmart/LIB_FF_1.1_125_ALL/temp/siliconsmart.ieng6-ece-08.150149.9872/delay__A2__hl__Z__hl__ACQ_1.sof eadTS 0.0 eadName /home/linux/ieng6/cs241asp25/cs241asp25bu/lab5/run_siliconsmart/LIB_FF_1.1_125_ALL/temp/siliconsmart.ieng6-ece-08.150149.9872/delay__A2__hl__Z__hl__ACQ_1.ead enableCache 0 status done depFiles /home/linux/ieng6/cs241asp25/cs241asp25bu/lab5/run_siliconsmart/LIB_FF_1.1_125_ALL/netlists/AN2D4.cdl sifCksum 02eb5a28049cb4dab1c21242bfa68a7d}}}
Info:    _SIS_CLIENT_RESULT_END
Info:    __recordTaskStats__ AN2D4 delay__A2__hl__Z__hl__ACQ_1 0.12 0.01 1.62 0.08 1 6.08838391304 ieng6-ece-08.ucsd.edu 1748034033.8 1748034039.89
Info:    Loading information for cell ND2D1... (SMSC-60)
Info:    Current directory '/home/linux/ieng6/cs241asp25/cs241asp25bu/lab5/run_siliconsmart/LIB_FF_1.1_125_ALL' (SIM-68)
Info:    Working in directory '/home/linux/ieng6/cs241asp25/cs241asp25bu/lab5/run_siliconsmart/LIB_FF_1.1_125_ALL/temp/siliconsmart.ieng6-ece-08.150149.9872/delay__A2__lh__ZN__hl__ACQ_1.sif_0' (SIM-69)
Info:    Executing 'hspice deck.cir -o deck' (SIM-30)
Warning: return code 0 (hspice: No such file or directory)
Info:    Simulation delay__A2__lh__ZN__hl__ACQ_1.sif for cell ND2D1 completed successfully. (SMSC-103)
Info:    IO Retry 0
Info:    set _SIS_CLIENT_RESULT_ {{ND2D1 delay__A2__lh__ZN__hl__ACQ_1 {sifTS 0.0 sifName /home/linux/ieng6/cs241asp25/cs241asp25bu/lab5/run_siliconsmart/LIB_FF_1.1_125_ALL/temp/siliconsmart.ieng6-ece-08.150149.9872/delay__A2__lh__ZN__hl__ACQ_1.sif eadCksum 67ea66f307463f19a3edaaf28101b16a simulationCount 1 exportVars {} errorList {} sofName /home/linux/ieng6/cs241asp25/cs241asp25bu/lab5/run_siliconsmart/LIB_FF_1.1_125_ALL/temp/siliconsmart.ieng6-ece-08.150149.9872/delay__A2__lh__ZN__hl__ACQ_1.sof eadTS 0.0 eadName /home/linux/ieng6/cs241asp25/cs241asp25bu/lab5/run_siliconsmart/LIB_FF_1.1_125_ALL/temp/siliconsmart.ieng6-ece-08.150149.9872/delay__A2__lh__ZN__hl__ACQ_1.ead enableCache 0 status done depFiles /home/linux/ieng6/cs241asp25/cs241asp25bu/lab5/run_siliconsmart/LIB_FF_1.1_125_ALL/netlists/ND2D1.cdl sifCksum 36c59b6884966f2e2d95eb9c45d2a105}}}
Info:    _SIS_CLIENT_RESULT_END
Info:    __recordTaskStats__ ND2D1 delay__A2__lh__ZN__hl__ACQ_1 0.11 0.01 1.0 0.11 1 3.35778808594 ieng6-ece-08.ucsd.edu 1748034039.9 1748034043.26
Info:    Loading information for cell ND2D4... (SMSC-60)
Info:    Current directory '/home/linux/ieng6/cs241asp25/cs241asp25bu/lab5/run_siliconsmart/LIB_FF_1.1_125_ALL' (SIM-68)
Info:    Working in directory '/home/linux/ieng6/cs241asp25/cs241asp25bu/lab5/run_siliconsmart/LIB_FF_1.1_125_ALL/temp/siliconsmart.ieng6-ece-08.150149.9872/Cin__A2__lh__ACQ_1.sif_0' (SIM-69)
Info:    Executing 'hspice deck.cir -o deck' (SIM-30)
Warning: return code 0 (hspice: No such file or directory)
Info:    Simulation Cin__A2__lh__ACQ_1.sif for cell ND2D4 completed successfully. (SMSC-103)
Info:    IO Retry 0
Info:    set _SIS_CLIENT_RESULT_ {{ND2D4 Cin__A2__lh__ACQ_1 {sifTS 0.0 sifName /home/linux/ieng6/cs241asp25/cs241asp25bu/lab5/run_siliconsmart/LIB_FF_1.1_125_ALL/temp/siliconsmart.ieng6-ece-08.150149.9872/Cin__A2__lh__ACQ_1.sif eadCksum 9bb07948b8b0c3b7025984017ea4878e simulationCount 1 exportVars {} errorList {} sofName /home/linux/ieng6/cs241asp25/cs241asp25bu/lab5/run_siliconsmart/LIB_FF_1.1_125_ALL/temp/siliconsmart.ieng6-ece-08.150149.9872/Cin__A2__lh__ACQ_1.sof eadTS 0.0 eadName /home/linux/ieng6/cs241asp25/cs241asp25bu/lab5/run_siliconsmart/LIB_FF_1.1_125_ALL/temp/siliconsmart.ieng6-ece-08.150149.9872/Cin__A2__lh__ACQ_1.ead enableCache 0 status done depFiles /home/linux/ieng6/cs241asp25/cs241asp25bu/lab5/run_siliconsmart/LIB_FF_1.1_125_ALL/netlists/ND2D4.cdl sifCksum a47679e6ef8a20a0923117a5d7ab7507}}}
Info:    _SIS_CLIENT_RESULT_END
Info:    __recordTaskStats__ ND2D4 Cin__A2__lh__ACQ_1 0.07 0.0 0.74 0.09 1 3.46357703209 ieng6-ece-08.ucsd.edu 1748034043.26 1748034046.73
Info:    Loading information for cell NR2D0... (SMSC-60)
Info:    Current directory '/home/linux/ieng6/cs241asp25/cs241asp25bu/lab5/run_siliconsmart/LIB_FF_1.1_125_ALL' (SIM-68)
Info:    Working in directory '/home/linux/ieng6/cs241asp25/cs241asp25bu/lab5/run_siliconsmart/LIB_FF_1.1_125_ALL/temp/siliconsmart.ieng6-ece-08.150149.9872/Cin__A2__lh__ACQ_1.sif_0' (SIM-69)
Info:    Executing 'hspice deck.cir -o deck' (SIM-30)
Warning: return code 0 (hspice: No such file or directory)
Info:    Simulation Cin__A2__lh__ACQ_1.sif for cell NR2D0 completed successfully. (SMSC-103)
Info:    IO Retry 0
Info:    set _SIS_CLIENT_RESULT_ {{NR2D0 Cin__A2__lh__ACQ_1 {sifTS 0.0 sifName /home/linux/ieng6/cs241asp25/cs241asp25bu/lab5/run_siliconsmart/LIB_FF_1.1_125_ALL/temp/siliconsmart.ieng6-ece-08.150149.9872/Cin__A2__lh__ACQ_1.sif eadCksum 2cfdd36cd516d3bb8e8a6a7f5d6a36a2 simulationCount 1 exportVars {} errorList {} sofName /home/linux/ieng6/cs241asp25/cs241asp25bu/lab5/run_siliconsmart/LIB_FF_1.1_125_ALL/temp/siliconsmart.ieng6-ece-08.150149.9872/Cin__A2__lh__ACQ_1.sof eadTS 0.0 eadName /home/linux/ieng6/cs241asp25/cs241asp25bu/lab5/run_siliconsmart/LIB_FF_1.1_125_ALL/temp/siliconsmart.ieng6-ece-08.150149.9872/Cin__A2__lh__ACQ_1.ead enableCache 0 status done depFiles /home/linux/ieng6/cs241asp25/cs241asp25bu/lab5/run_siliconsmart/LIB_FF_1.1_125_ALL/netlists/NR2D0.cdl sifCksum 2f029d34041b799928b4a50e95a5492a}}}
Info:    _SIS_CLIENT_RESULT_END
Info:    __recordTaskStats__ NR2D0 Cin__A2__lh__ACQ_1 0.09 0.01 0.43 0.07 1 2.10352897644 ieng6-ece-08.ucsd.edu 1748034046.73 1748034048.83
Info:    Loading information for cell NR2D2... (SMSC-60)
Info:    Current directory '/home/linux/ieng6/cs241asp25/cs241asp25bu/lab5/run_siliconsmart/LIB_FF_1.1_125_ALL' (SIM-68)
Info:    Working in directory '/home/linux/ieng6/cs241asp25/cs241asp25bu/lab5/run_siliconsmart/LIB_FF_1.1_125_ALL/temp/siliconsmart.ieng6-ece-08.150149.9872/delay__A1__lh__ZN__hl__ACQ_1.sif_0' (SIM-69)
Info:    Executing 'hspice deck.cir -o deck' (SIM-30)
Warning: return code 0 (hspice: No such file or directory)
Info:    Simulation delay__A1__lh__ZN__hl__ACQ_1.sif for cell NR2D2 completed successfully. (SMSC-103)
Info:    IO Retry 0
Info:    set _SIS_CLIENT_RESULT_ {{NR2D2 delay__A1__lh__ZN__hl__ACQ_1 {sifTS 0.0 sifName /home/linux/ieng6/cs241asp25/cs241asp25bu/lab5/run_siliconsmart/LIB_FF_1.1_125_ALL/temp/siliconsmart.ieng6-ece-08.150149.9872/delay__A1__lh__ZN__hl__ACQ_1.sif eadCksum 9970c6e3ff4e8a8203b8645d56dce9aa simulationCount 1 exportVars {} errorList {} sofName /home/linux/ieng6/cs241asp25/cs241asp25bu/lab5/run_siliconsmart/LIB_FF_1.1_125_ALL/temp/siliconsmart.ieng6-ece-08.150149.9872/delay__A1__lh__ZN__hl__ACQ_1.sof eadTS 0.0 eadName /home/linux/ieng6/cs241asp25/cs241asp25bu/lab5/run_siliconsmart/LIB_FF_1.1_125_ALL/temp/siliconsmart.ieng6-ece-08.150149.9872/delay__A1__lh__ZN__hl__ACQ_1.ead enableCache 0 status done depFiles /home/linux/ieng6/cs241asp25/cs241asp25bu/lab5/run_siliconsmart/LIB_FF_1.1_125_ALL/netlists/NR2D2.cdl sifCksum fcca17251742491b61a638abe90f55d0}}}
Info:    _SIS_CLIENT_RESULT_END
Info:    __recordTaskStats__ NR2D2 delay__A1__lh__ZN__hl__ACQ_1 0.11 0.01 1.14 0.1 1 3.75961112976 ieng6-ece-08.ucsd.edu 1748034048.89 1748034052.65
Info:    Loading information for cell NR2D8... (SMSC-60)
Info:    Current directory '/home/linux/ieng6/cs241asp25/cs241asp25bu/lab5/run_siliconsmart/LIB_FF_1.1_125_ALL' (SIM-68)
Info:    Working in directory '/home/linux/ieng6/cs241asp25/cs241asp25bu/lab5/run_siliconsmart/LIB_FF_1.1_125_ALL/temp/siliconsmart.ieng6-ece-08.150149.9872/leakage_power__ACQ_1.sif_0' (SIM-69)
Info:    Executing 'hspice deck.cir -o deck' (SIM-30)
Warning: return code 0 (hspice: No such file or directory)
Info:    Simulation leakage_power__ACQ_1.sif for cell NR2D8 completed successfully. (SMSC-103)
Info:    IO Retry 0
Info:    set _SIS_CLIENT_RESULT_ {{NR2D8 leakage_power__ACQ_1 {sifTS 0.0 sifName /home/linux/ieng6/cs241asp25/cs241asp25bu/lab5/run_siliconsmart/LIB_FF_1.1_125_ALL/temp/siliconsmart.ieng6-ece-08.150149.9872/leakage_power__ACQ_1.sif eadCksum b3506cd169d2139bf8ffe68f520ce026 simulationCount 1 exportVars {} errorList {} sofName /home/linux/ieng6/cs241asp25/cs241asp25bu/lab5/run_siliconsmart/LIB_FF_1.1_125_ALL/temp/siliconsmart.ieng6-ece-08.150149.9872/leakage_power__ACQ_1.sof eadTS 0.0 eadName /home/linux/ieng6/cs241asp25/cs241asp25bu/lab5/run_siliconsmart/LIB_FF_1.1_125_ALL/temp/siliconsmart.ieng6-ece-08.150149.9872/leakage_power__ACQ_1.ead enableCache 0 status done depFiles /home/linux/ieng6/cs241asp25/cs241asp25bu/lab5/run_siliconsmart/LIB_FF_1.1_125_ALL/netlists/NR2D8.cdl sifCksum 246a27a5f94ff906f6540a878300f375}}}
Info:    _SIS_CLIENT_RESULT_END
Info:    __recordTaskStats__ NR2D8 leakage_power__ACQ_1 0.07 0.0 0.39 0.06 1 2.11579489708 ieng6-ece-08.ucsd.edu 1748034052.65 1748034054.77
Info:    Loading information for cell OR2D0... (SMSC-60)
Info:    Current directory '/home/linux/ieng6/cs241asp25/cs241asp25bu/lab5/run_siliconsmart/LIB_FF_1.1_125_ALL' (SIM-68)
Info:    Working in directory '/home/linux/ieng6/cs241asp25/cs241asp25bu/lab5/run_siliconsmart/LIB_FF_1.1_125_ALL/temp/siliconsmart.ieng6-ece-08.150149.9872/delay__A2__hl__Z__hl__ACQ_1.sif_0' (SIM-69)
Info:    Executing 'hspice deck.cir -o deck' (SIM-30)
Warning: return code 0 (hspice: No such file or directory)
Info:    Simulation delay__A2__hl__Z__hl__ACQ_1.sif for cell OR2D0 completed successfully. (SMSC-103)
Info:    IO Retry 0
Info:    set _SIS_CLIENT_RESULT_ {{OR2D0 delay__A2__hl__Z__hl__ACQ_1 {sifTS 0.0 sifName /home/linux/ieng6/cs241asp25/cs241asp25bu/lab5/run_siliconsmart/LIB_FF_1.1_125_ALL/temp/siliconsmart.ieng6-ece-08.150149.9872/delay__A2__hl__Z__hl__ACQ_1.sif eadCksum c44e344cd69e4bcf10e6bdf3635aee5f simulationCount 1 exportVars {} errorList {} sofName /home/linux/ieng6/cs241asp25/cs241asp25bu/lab5/run_siliconsmart/LIB_FF_1.1_125_ALL/temp/siliconsmart.ieng6-ece-08.150149.9872/delay__A2__hl__Z__hl__ACQ_1.sof eadTS 0.0 eadName /home/linux/ieng6/cs241asp25/cs241asp25bu/lab5/run_siliconsmart/LIB_FF_1.1_125_ALL/temp/siliconsmart.ieng6-ece-08.150149.9872/delay__A2__hl__Z__hl__ACQ_1.ead enableCache 0 status done depFiles /home/linux/ieng6/cs241asp25/cs241asp25bu/lab5/run_siliconsmart/LIB_FF_1.1_125_ALL/netlists/OR2D0.cdl sifCksum a6bd5f690a1c382c146cbc5b71528b1d}}}
Info:    _SIS_CLIENT_RESULT_END
Info:    __recordTaskStats__ OR2D0 delay__A2__hl__Z__hl__ACQ_1 0.11 0.01 1.11 0.09 1 4.71599411964 ieng6-ece-08.ucsd.edu 1748034054.77 1748034059.48
Info:    Loading information for cell OR2XD1... (SMSC-60)
Info:    Current directory '/home/linux/ieng6/cs241asp25/cs241asp25bu/lab5/run_siliconsmart/LIB_FF_1.1_125_ALL' (SIM-68)
Info:    Working in directory '/home/linux/ieng6/cs241asp25/cs241asp25bu/lab5/run_siliconsmart/LIB_FF_1.1_125_ALL/temp/siliconsmart.ieng6-ece-08.150149.9872/delay__A1__lh__Z__lh__ACQ_1.sif_0' (SIM-69)
Info:    Executing 'hspice deck.cir -o deck' (SIM-30)
Warning: return code 0 (hspice: No such file or directory)
Info:    Simulation delay__A1__lh__Z__lh__ACQ_1.sif for cell OR2XD1 completed successfully. (SMSC-103)
Info:    IO Retry 0
Info:    set _SIS_CLIENT_RESULT_ {{OR2XD1 delay__A1__lh__Z__lh__ACQ_1 {sifTS 0.0 sifName /home/linux/ieng6/cs241asp25/cs241asp25bu/lab5/run_siliconsmart/LIB_FF_1.1_125_ALL/temp/siliconsmart.ieng6-ece-08.150149.9872/delay__A1__lh__Z__lh__ACQ_1.sif eadCksum d77b4221f291ed7abb412b8e5b73d6cb simulationCount 1 exportVars {} errorList {} sofName /home/linux/ieng6/cs241asp25/cs241asp25bu/lab5/run_siliconsmart/LIB_FF_1.1_125_ALL/temp/siliconsmart.ieng6-ece-08.150149.9872/delay__A1__lh__Z__lh__ACQ_1.sof eadTS 0.0 eadName /home/linux/ieng6/cs241asp25/cs241asp25bu/lab5/run_siliconsmart/LIB_FF_1.1_125_ALL/temp/siliconsmart.ieng6-ece-08.150149.9872/delay__A1__lh__Z__lh__ACQ_1.ead enableCache 0 status done depFiles /home/linux/ieng6/cs241asp25/cs241asp25bu/lab5/run_siliconsmart/LIB_FF_1.1_125_ALL/netlists/OR2XD1.cdl sifCksum 31bab437806af8952456da18eb773e3a}}}
Info:    _SIS_CLIENT_RESULT_END
Info:    __recordTaskStats__ OR2XD1 delay__A1__lh__Z__lh__ACQ_1 0.11 0.01 1.14 0.08 1 5.06672286987 ieng6-ece-08.ucsd.edu 1748034059.48 1748034064.55
Info:    Loading information for cell XNR2D2... (SMSC-60)
Info:    Current directory '/home/linux/ieng6/cs241asp25/cs241asp25bu/lab5/run_siliconsmart/LIB_FF_1.1_125_ALL' (SIM-68)
Info:    Working in directory '/home/linux/ieng6/cs241asp25/cs241asp25bu/lab5/run_siliconsmart/LIB_FF_1.1_125_ALL/temp/siliconsmart.ieng6-ece-08.150149.9872/delay__A2__lh__ZN__lh__ACQ_1.sif_0' (SIM-69)
Info:    Executing 'hspice deck.cir -o deck' (SIM-30)
Warning: return code 0 (hspice: No such file or directory)
Info:    Simulation delay__A2__lh__ZN__lh__ACQ_1.sif for cell XNR2D2 completed successfully. (SMSC-103)
Info:    IO Retry 0
Info:    set _SIS_CLIENT_RESULT_ {{XNR2D2 delay__A2__lh__ZN__lh__ACQ_1 {sifTS 0.0 sifName /home/linux/ieng6/cs241asp25/cs241asp25bu/lab5/run_siliconsmart/LIB_FF_1.1_125_ALL/temp/siliconsmart.ieng6-ece-08.150149.9872/delay__A2__lh__ZN__lh__ACQ_1.sif eadCksum 3ea34c4c391eecb8453101a604dc5d55 simulationCount 1 exportVars {} errorList {} sofName /home/linux/ieng6/cs241asp25/cs241asp25bu/lab5/run_siliconsmart/LIB_FF_1.1_125_ALL/temp/siliconsmart.ieng6-ece-08.150149.9872/delay__A2__lh__ZN__lh__ACQ_1.sof eadTS 0.0 eadName /home/linux/ieng6/cs241asp25/cs241asp25bu/lab5/run_siliconsmart/LIB_FF_1.1_125_ALL/temp/siliconsmart.ieng6-ece-08.150149.9872/delay__A2__lh__ZN__lh__ACQ_1.ead enableCache 0 status done depFiles /home/linux/ieng6/cs241asp25/cs241asp25bu/lab5/run_siliconsmart/LIB_FF_1.1_125_ALL/netlists/XNR2D2.cdl sifCksum d536917b850d68582b0427804af0b9d4}}}
Info:    _SIS_CLIENT_RESULT_END
Info:    __recordTaskStats__ XNR2D2 delay__A2__lh__ZN__lh__ACQ_1 0.11 0.0 1.55 0.1 1 5.05529117584 ieng6-ece-08.ucsd.edu 1748034064.56 1748034069.62
Info:    Loading information for cell XOR2D0... (SMSC-60)
Info:    Current directory '/home/linux/ieng6/cs241asp25/cs241asp25bu/lab5/run_siliconsmart/LIB_FF_1.1_125_ALL' (SIM-68)
Info:    Working in directory '/home/linux/ieng6/cs241asp25/cs241asp25bu/lab5/run_siliconsmart/LIB_FF_1.1_125_ALL/temp/siliconsmart.ieng6-ece-08.150149.9872/delay__A2__hl__Z__lh__ACQ_1.sif_0' (SIM-69)
Info:    Executing 'hspice deck.cir -o deck' (SIM-30)
Warning: return code 0 (hspice: No such file or directory)
Info:    Simulation delay__A2__hl__Z__lh__ACQ_1.sif for cell XOR2D0 completed successfully. (SMSC-103)
Info:    IO Retry 0
Info:    set _SIS_CLIENT_RESULT_ {{XOR2D0 delay__A2__hl__Z__lh__ACQ_1 {sifTS 0.0 sifName /home/linux/ieng6/cs241asp25/cs241asp25bu/lab5/run_siliconsmart/LIB_FF_1.1_125_ALL/temp/siliconsmart.ieng6-ece-08.150149.9872/delay__A2__hl__Z__lh__ACQ_1.sif eadCksum 9890e8da4a6e80315adeb384343d9714 simulationCount 1 exportVars {} errorList {} sofName /home/linux/ieng6/cs241asp25/cs241asp25bu/lab5/run_siliconsmart/LIB_FF_1.1_125_ALL/temp/siliconsmart.ieng6-ece-08.150149.9872/delay__A2__hl__Z__lh__ACQ_1.sof eadTS 0.0 eadName /home/linux/ieng6/cs241asp25/cs241asp25bu/lab5/run_siliconsmart/LIB_FF_1.1_125_ALL/temp/siliconsmart.ieng6-ece-08.150149.9872/delay__A2__hl__Z__lh__ACQ_1.ead enableCache 0 status done depFiles /home/linux/ieng6/cs241asp25/cs241asp25bu/lab5/run_siliconsmart/LIB_FF_1.1_125_ALL/netlists/XOR2D0.cdl sifCksum 79972443c02c72340335b9abb92a94d8}}}
Info:    _SIS_CLIENT_RESULT_END
Info:    __recordTaskStats__ XOR2D0 delay__A2__hl__Z__lh__ACQ_1 0.11 0.01 1.44 0.08 1 4.98446393013 ieng6-ece-08.ucsd.edu 1748034069.62 1748034074.6
Info:    Loading information for cell BUFFD0... (SMSC-60)
Info:    Current directory '/home/linux/ieng6/cs241asp25/cs241asp25bu/lab5/run_siliconsmart/LIB_FF_1.1_125_ALL' (SIM-68)
Info:    Working in directory '/home/linux/ieng6/cs241asp25/cs241asp25bu/lab5/run_siliconsmart/LIB_FF_1.1_125_ALL/temp/siliconsmart.ieng6-ece-08.150149.9872/leakage_power__ACQ_2.sif_0' (SIM-69)
Info:    Executing 'hspice deck.cir -o deck' (SIM-30)
Warning: return code 0 (hspice: No such file or directory)
Info:    Simulation leakage_power__ACQ_2.sif for cell BUFFD0 completed successfully. (SMSC-103)
Info:    IO Retry 0
Info:    set _SIS_CLIENT_RESULT_ {{BUFFD0 leakage_power__ACQ_2 {sifTS 0.0 sifName /home/linux/ieng6/cs241asp25/cs241asp25bu/lab5/run_siliconsmart/LIB_FF_1.1_125_ALL/temp/siliconsmart.ieng6-ece-08.150149.9872/leakage_power__ACQ_2.sif eadCksum 5644b0cef0a5e551b26305ac2aab87df simulationCount 1 exportVars {} errorList {} sofName /home/linux/ieng6/cs241asp25/cs241asp25bu/lab5/run_siliconsmart/LIB_FF_1.1_125_ALL/temp/siliconsmart.ieng6-ece-08.150149.9872/leakage_power__ACQ_2.sof eadTS 0.0 eadName /home/linux/ieng6/cs241asp25/cs241asp25bu/lab5/run_siliconsmart/LIB_FF_1.1_125_ALL/temp/siliconsmart.ieng6-ece-08.150149.9872/leakage_power__ACQ_2.ead enableCache 0 status done depFiles /home/linux/ieng6/cs241asp25/cs241asp25bu/lab5/run_siliconsmart/LIB_FF_1.1_125_ALL/netlists/BUFFD0.cdl sifCksum 1855ef138b291bc804bea1a2b941cafe}}}
Info:    _SIS_CLIENT_RESULT_END
Info:    __recordTaskStats__ BUFFD0 leakage_power__ACQ_2 0.06 0.01 0.32 0.06 1 1.4730951786 ieng6-ece-08.ucsd.edu 1748034074.62 1748034076.09
Info:    Loading information for cell BUFFD16... (SMSC-60)
Info:    Current directory '/home/linux/ieng6/cs241asp25/cs241asp25bu/lab5/run_siliconsmart/LIB_FF_1.1_125_ALL' (SIM-68)
Info:    Working in directory '/home/linux/ieng6/cs241asp25/cs241asp25bu/lab5/run_siliconsmart/LIB_FF_1.1_125_ALL/temp/siliconsmart.ieng6-ece-08.150149.9872/leakage_power__ACQ_2.sif_0' (SIM-69)
Info:    Executing 'hspice deck.cir -o deck' (SIM-30)
Warning: return code 0 (hspice: No such file or directory)
Info:    Simulation leakage_power__ACQ_2.sif for cell BUFFD16 completed successfully. (SMSC-103)
Info:    IO Retry 0
Info:    set _SIS_CLIENT_RESULT_ {{BUFFD16 leakage_power__ACQ_2 {sifTS 0.0 sifName /home/linux/ieng6/cs241asp25/cs241asp25bu/lab5/run_siliconsmart/LIB_FF_1.1_125_ALL/temp/siliconsmart.ieng6-ece-08.150149.9872/leakage_power__ACQ_2.sif eadCksum b16788b8a64520c0c570b04cf2413bc1 simulationCount 1 exportVars {} errorList {} sofName /home/linux/ieng6/cs241asp25/cs241asp25bu/lab5/run_siliconsmart/LIB_FF_1.1_125_ALL/temp/siliconsmart.ieng6-ece-08.150149.9872/leakage_power__ACQ_2.sof eadTS 0.0 eadName /home/linux/ieng6/cs241asp25/cs241asp25bu/lab5/run_siliconsmart/LIB_FF_1.1_125_ALL/temp/siliconsmart.ieng6-ece-08.150149.9872/leakage_power__ACQ_2.ead enableCache 0 status done depFiles /home/linux/ieng6/cs241asp25/cs241asp25bu/lab5/run_siliconsmart/LIB_FF_1.1_125_ALL/netlists/BUFFD16.cdl sifCksum 54daf8730efefed62d763bb7b51ec627}}}
Info:    _SIS_CLIENT_RESULT_END
Info:    __recordTaskStats__ BUFFD16 leakage_power__ACQ_2 0.06 0.0 0.5 0.07 1 2.19933509827 ieng6-ece-08.ucsd.edu 1748034076.1 1748034078.3
Info:    Loading information for cell BUFFD6... (SMSC-60)
Info:    Current directory '/home/linux/ieng6/cs241asp25/cs241asp25bu/lab5/run_siliconsmart/LIB_FF_1.1_125_ALL' (SIM-68)
Info:    Working in directory '/home/linux/ieng6/cs241asp25/cs241asp25bu/lab5/run_siliconsmart/LIB_FF_1.1_125_ALL/temp/siliconsmart.ieng6-ece-08.150149.9872/delay__I__hl__Z__hl__ACQ_1.sif_0' (SIM-69)
Info:    Executing 'hspice deck.cir -o deck' (SIM-30)
Warning: return code 0 (hspice: No such file or directory)
Info:    Simulation delay__I__hl__Z__hl__ACQ_1.sif for cell BUFFD6 completed successfully. (SMSC-103)
Info:    IO Retry 0
Info:    set _SIS_CLIENT_RESULT_ {{BUFFD6 delay__I__hl__Z__hl__ACQ_1 {sifTS 0.0 sifName /home/linux/ieng6/cs241asp25/cs241asp25bu/lab5/run_siliconsmart/LIB_FF_1.1_125_ALL/temp/siliconsmart.ieng6-ece-08.150149.9872/delay__I__hl__Z__hl__ACQ_1.sif eadCksum c987761bf4d1792590f050b1245b13c7 simulationCount 1 exportVars {} errorList {} sofName /home/linux/ieng6/cs241asp25/cs241asp25bu/lab5/run_siliconsmart/LIB_FF_1.1_125_ALL/temp/siliconsmart.ieng6-ece-08.150149.9872/delay__I__hl__Z__hl__ACQ_1.sof eadTS 0.0 eadName /home/linux/ieng6/cs241asp25/cs241asp25bu/lab5/run_siliconsmart/LIB_FF_1.1_125_ALL/temp/siliconsmart.ieng6-ece-08.150149.9872/delay__I__hl__Z__hl__ACQ_1.ead enableCache 0 status done depFiles /home/linux/ieng6/cs241asp25/cs241asp25bu/lab5/run_siliconsmart/LIB_FF_1.1_125_ALL/netlists/BUFFD6.cdl sifCksum 5036f487f0d50741cd25b68cad50ea9d}}}
Info:    _SIS_CLIENT_RESULT_END
Info:    __recordTaskStats__ BUFFD6 delay__I__hl__Z__hl__ACQ_1 0.1 0.01 1.53 0.1 1 5.22111988068 ieng6-ece-08.ucsd.edu 1748034078.31 1748034083.54
Info:    Loading information for cell INVD3... (SMSC-60)
Info:    Current directory '/home/linux/ieng6/cs241asp25/cs241asp25bu/lab5/run_siliconsmart/LIB_FF_1.1_125_ALL' (SIM-68)
Info:    Working in directory '/home/linux/ieng6/cs241asp25/cs241asp25bu/lab5/run_siliconsmart/LIB_FF_1.1_125_ALL/temp/siliconsmart.ieng6-ece-08.150149.9872/delay__I__hl__ZN__lh__ACQ_1.sif_0' (SIM-69)
Info:    Executing 'hspice deck.cir -o deck' (SIM-30)
Warning: return code 0 (hspice: No such file or directory)
Info:    Simulation delay__I__hl__ZN__lh__ACQ_1.sif for cell INVD3 completed successfully. (SMSC-103)
Info:    IO Retry 0
Info:    set _SIS_CLIENT_RESULT_ {{INVD3 delay__I__hl__ZN__lh__ACQ_1 {sifTS 0.0 sifName /home/linux/ieng6/cs241asp25/cs241asp25bu/lab5/run_siliconsmart/LIB_FF_1.1_125_ALL/temp/siliconsmart.ieng6-ece-08.150149.9872/delay__I__hl__ZN__lh__ACQ_1.sif eadCksum 17b5dab14486224f3329649b18d3c9d6 simulationCount 1 exportVars {} errorList {} sofName /home/linux/ieng6/cs241asp25/cs241asp25bu/lab5/run_siliconsmart/LIB_FF_1.1_125_ALL/temp/siliconsmart.ieng6-ece-08.150149.9872/delay__I__hl__ZN__lh__ACQ_1.sof eadTS 0.0 eadName /home/linux/ieng6/cs241asp25/cs241asp25bu/lab5/run_siliconsmart/LIB_FF_1.1_125_ALL/temp/siliconsmart.ieng6-ece-08.150149.9872/delay__I__hl__ZN__lh__ACQ_1.ead enableCache 0 status done depFiles /home/linux/ieng6/cs241asp25/cs241asp25bu/lab5/run_siliconsmart/LIB_FF_1.1_125_ALL/netlists/INVD3.cdl sifCksum ef7bae465fea27e34840e5b3a565c1b0}}}
Info:    _SIS_CLIENT_RESULT_END
Info:    __recordTaskStats__ INVD3 delay__I__hl__ZN__lh__ACQ_1 0.1 0.01 1.04 0.1 1 3.22199892998 ieng6-ece-08.ucsd.edu 1748034083.54 1748034086.76
Info:    The char directory is /home/linux/ieng6/cs241asp25/cs241asp25bu/lab5/run_siliconsmart/LIB_FF_1.1_125_ALL
Warning: Operating condition 'FF_1.1_125_ALL' already exists, skipped.
Info:    Initializing modeler.
Info:    Creating recharacterized libraries. 
Info:    Reading /home/linux/ieng6/cs241asp25/cs241asp25bu/lab5/run_siliconsmart/LIB_FF_1.1_125_ALL/models/liberty/cellmodels/header.lib ...
Info:    Reading /home/linux/ieng6/cs241asp25/cs241asp25bu/lab5/run_siliconsmart/LIB_FF_1.1_125_ALL/models/liberty/cellmodels/OAI21D0.lib ...
Info:    Writing libraries ...
Info:    Creating Liberty file "/home/linux/ieng6/cs241asp25/cs241asp25bu/lab5/run_siliconsmart/LIB_FF_1.1_125_ALL/models/liberty/cells/OAI21D0_FF_1.1_125_ALL.lib".
Info:    re-positioning normalized_driver_waveform (ndw_ntin_nvolt_7x13) after templates
Info:    __recordTaskStats__ OAI21D0 modeling 0.94 0.02 0.01 0.04 1 3.3427631855 ieng6-ece-08.ucsd.edu 1748034096.14 1748034099.48
Info:    set _SIS_CLIENT_RESULT_ {{OAI21D0 modeling {status done exportVars {} errorList {} sifName {} sofName {} eadName {} depFiles {} tmpHeader {FF_1.1_125_ALL /home/linux/ieng6/cs241asp25/cs241asp25bu/lab5/run_siliconsmart/LIB_FF_1.1_125_ALL/runtime/modeling/merge/OAI21D0_FF_1.1_125_ALL.header} tmpBody {FF_1.1_125_ALL_OAI21D0 /home/linux/ieng6/cs241asp25/cs241asp25bu/lab5/run_siliconsmart/LIB_FF_1.1_125_ALL/runtime/modeling/merge/OAI21D0_FF_1.1_125_ALL.body}}}}
Info:    _SIS_CLIENT_RESULT_END
Info:    Initializing modeler.
Info:    Creating recharacterized libraries. 
Info:    Reading /home/linux/ieng6/cs241asp25/cs241asp25bu/lab5/run_siliconsmart/LIB_FF_1.1_125_ALL/models/liberty/cellmodels/header.lib ...
Info:    Reading /home/linux/ieng6/cs241asp25/cs241asp25bu/lab5/run_siliconsmart/LIB_FF_1.1_125_ALL/models/liberty/cellmodels/OR2D4.lib ...
Info:    Writing libraries ...
Info:    Creating Liberty file "/home/linux/ieng6/cs241asp25/cs241asp25bu/lab5/run_siliconsmart/LIB_FF_1.1_125_ALL/models/liberty/cells/OR2D4_FF_1.1_125_ALL.lib".
Info:    __recordTaskStats__ OR2D4 modeling 0.82 0.02 0.01 0.03 1 2.99589395523 ieng6-ece-08.ucsd.edu 1748034099.51 1748034102.5
Info:    set _SIS_CLIENT_RESULT_ {{OR2D4 modeling {status done exportVars {} errorList {} sifName {} sofName {} eadName {} depFiles {} tmpHeader {FF_1.1_125_ALL /home/linux/ieng6/cs241asp25/cs241asp25bu/lab5/run_siliconsmart/LIB_FF_1.1_125_ALL/runtime/modeling/merge/OR2D4_FF_1.1_125_ALL.header} tmpBody {FF_1.1_125_ALL_OR2D4 /home/linux/ieng6/cs241asp25/cs241asp25bu/lab5/run_siliconsmart/LIB_FF_1.1_125_ALL/runtime/modeling/merge/OR2D4_FF_1.1_125_ALL.body}}}}
Info:    _SIS_CLIENT_RESULT_END
Info:    Initializing modeler.
Info:    Creating recharacterized libraries. 
Info:    Reading /home/linux/ieng6/cs241asp25/cs241asp25bu/lab5/run_siliconsmart/LIB_FF_1.1_125_ALL/models/liberty/cellmodels/header.lib ...
Info:    Reading /home/linux/ieng6/cs241asp25/cs241asp25bu/lab5/run_siliconsmart/LIB_FF_1.1_125_ALL/models/liberty/cellmodels/INVD3.lib ...
Info:    Writing libraries ...
Info:    Creating Liberty file "/home/linux/ieng6/cs241asp25/cs241asp25bu/lab5/run_siliconsmart/LIB_FF_1.1_125_ALL/models/liberty/cells/INVD3_FF_1.1_125_ALL.lib".
Info:    __recordTaskStats__ INVD3 modeling 0.7 0.03 0.01 0.05 1 1.165391922 ieng6-ece-08.ucsd.edu 1748034102.51 1748034103.67
Info:    set _SIS_CLIENT_RESULT_ {{INVD3 modeling {status done exportVars {} errorList {} sifName {} sofName {} eadName {} depFiles {} tmpHeader {FF_1.1_125_ALL /home/linux/ieng6/cs241asp25/cs241asp25bu/lab5/run_siliconsmart/LIB_FF_1.1_125_ALL/runtime/modeling/merge/INVD3_FF_1.1_125_ALL.header} tmpBody {FF_1.1_125_ALL_INVD3 /home/linux/ieng6/cs241asp25/cs241asp25bu/lab5/run_siliconsmart/LIB_FF_1.1_125_ALL/runtime/modeling/merge/INVD3_FF_1.1_125_ALL.body}}}}
Info:    _SIS_CLIENT_RESULT_END
Info:    CDPL worker exited normally.
Info:    Maximum virtual memory size: 647.96MB
Info:    Switching log to /home/linux/ieng6/cs241asp25/cs241asp25bu/lab5/run_siliconsmart/LIB_FF_1.1_125_ALL/runtime/cdpl/sis.W20.ieng6-ece-08.ucsd.edu.9872.log at Fri May 23 14:02:09 2025
.
----------------------------------------------------------------------
----------------------------------------------------------------------
Info:    Switching log from /home/linux/ieng6/cs241asp25/cs241asp25bu/lab5/run_siliconsmart/LIB_FF_1.1_125_ALL/temp/sis.cs241asp25bu.9872.log at Fri May 23 14:02:09 2025
Info:    Log written by SiliconSmart version L-2016.06-SP1-2 on Fri May 23 14:02:09 2025
Info:    Build date: Dec 07, 2016 16:59:49
Info:    SiliconSmart Path: /acsnfs3/software/SiliconSmartAce-2016.06-SP1-2/linux64/bin/siliconsmart
Info:    Host Name: ieng6-ece-08.ucsd.edu, User Name: cs241asp25bu, PID: 9872
Info:    CPU: 8 x 2195 MHz, Intel(R) Xeon(R) Gold 5220 CPU @ 2.20GHz (2 socket, 4 core)
Info:    Memory: 32 GB RAM, 1 GB Swap
Info:    Directory: /home/linux/ieng6/cs241asp25/cs241asp25bu/lab5/run_siliconsmart/LIB_FF_1.1_125_ALL
Info:    Maximum virtual memory size: 647.96MB
Info:    Maximum virtual memory size: 647.965 MB
