1748033910.536351: 9791-7f036eacb000: cdpl_log.c:221: in cdpl_log_open(): debug: @@start_of_log@@
1748033910.536382: 9791-7f036eacb000: cdpl_log.c:729: in cdpl_log_dump_sysinfo(): info: time: 2025/05/23 13:58:30 PDT -0700
1748033910.536386: 9791-7f036eacb000: cdpl_log.c:731: in cdpl_log_dump_sysinfo(): info: version: L_2016.03_SP2_PROD_CDPL 
1748033910.536389: 9791-7f036eacb000: cdpl_log.c:736: in cdpl_log_dump_sysinfo(): info: system: Linux 3.10.0-1160.119.1.el7.x86_64 #1 SMP Tue Jun 4 14:43:51 UTC 2024
1748033910.536391: 9791-7f036eacb000: cdpl_log.c:740: in cdpl_log_dump_sysinfo(): info: processor: x86_64 64-bits
1748033910.536394: 9791-7f036eacb000: cdpl_log.c:742: in cdpl_log_dump_sysinfo(): info: hostname: ieng6-ece-08.ucsd.edu
1748033910.536396: 9791-7f036eacb000: cdpl_log.c:223: in cdpl_log_open(): debug: path: /home/linux/ieng6/cs241asp25/cs241asp25bu/lab5/run_siliconsmart/LIB_FF_1.1_125_ALL/runtime/cdpl/worker.W18.ieng6-ece-08.ucsd.edu.9791.log
1748033910.536399: 9791-7f036eacb000: cdpl_log.c:224: in cdpl_log_open(): debug: dir: /home/linux/ieng6/cs241asp25/cs241asp25bu/lab5/run_siliconsmart/LIB_FF_1.1_125_ALL/runtime/cdpl
1748033910.536406: 9791-7f036eacb000: cdpl_worker.c:728: in cdpl_wk_new(): info: creating worker instance
1748033910.537801: 9791-7f036eacb000: cdpl_worker.c:925: in cdpl_wk_start(): debug: starting worker
1748033910.537810: 9791-7f036eacb000: cdpl_worker.c:276: in cdpl_wk_setup(): info: CDPL_SERVER is "128.54.67.138:41471"
1748033910.537814: 9791-7f036eacb000: cdpl_worker.c:299: in cdpl_wk_setup(): info: server 128.54.67.138, port 41471
1748033910.537816: 9791-7f036eacb000: cdpl_worker.c:319: in cdpl_wk_setup(): info: CDPL_ID is "18:1:1:1:99684891"
1748033910.537825: 9791-7f036eacb000: cdpl_worker.c:361: in cdpl_wk_setup(): info: we are W18-B1-J1-M1-S99684891
1748033910.537828: 9791-7f036eacb000: cdpl_worker.c:363: in cdpl_wk_setup(): info: we are on host ieng6-ece-08.ucsd.edu
1748033910.537830: 9791-7f036eacb000: cdpl_worker.c:372: in cdpl_wk_daemonize(): debug: will *not* daemonize
1748033910.537834: 9791-7f036eacb000: cdpl_ipc.c:2593: in cdpl_ipc_connect(): info: connecting to 128.54.67.138:41471
1748033910.537893: 9791-7f036eacb000: cdpl_ipc.c:2659: in cdpl_ipc_connect(): info: connected as `128.54.67.138:42736'
1748033910.537907: 9791-7f036eacb000: cdpl_ipc.c:1763: in cdpl_ipc_host_accept(): debug: accepted host `128.54.67.138:41471'
1748033910.537914: 9791-7f036eacb000: cdpl_ipc.c:2436: in cdpl_ipc_start(): debug: starting IPC server 128.54.67.138:40646
1748033910.538033: 9791-7f036eacb000: cdpl_compat_worker.c:148: in cdplStartWorker(): info: SNPSLMD_LICENSE_FILE is 1705@its-flexlm-lnx4.ucsd.edu:1705@acms-flexlm-lnx4.ucsd.edu,1705@acms-flexlm-lnx5.ucsd.edu,1705@acms-flexlm-lnx6.ucsd.edu
1748033910.538093: 9791-7f036eacb000: cdpl_compat_worker.c:597: in cdplWorkerLogInfo(): info: [Maximum lifespan of worker is set to 1200m]
1748033910.538130: 9791-7f036eacb000: cdpl_compat_worker.c:597: in cdplWorkerLogInfo(): info: [Peak virtual memory is set to 128GB]
1748033910.567451: 9791-7f035f9ab700: cdpl_worker.c:656: in cdpl_wk_heartbeat(): debug: starting heartbeat
1748033910.567461: 9791-7f035f9ab700: cdpl_worker.c:665: in cdpl_wk_heartbeat(): info: setting heartbeat period to 60 sec
1748033910.567465: 9791-7f035f9ab700: cdpl_worker.c:673: in cdpl_wk_heartbeat(): info: first heartbeat in 1 sec
1748033910.588956: 9791-7f03601ac700: cdpl_worker.c:528: in cdpl_wk_listen(): debug: ready
1748033910.588967: 9791-7f03601ac700: cdpl_worker.c:585: in cdpl_wk_listen(): debug: received ASSIGN message
1748033910.588986: 9791-7f036eacb000: cdpl_worker.c:1092: in cdpl_wk_wait_timeout(): info: starting task T59
1748033910.589002: 9791-7f036eacb000: cdpl_compat_worker.c:597: in cdplWorkerLogInfo(): info: [configOneCellAdaptive { XNR2D0 }]
1748033911.482030: 9791-7f036eacb000: cdpl_worker.c:1208: in cdpl_wk_finalize(): info: finishing task T59
1748033940.025136: 9791-7f03601ac700: cdpl_worker.c:616: in cdpl_wk_listen(): debug: received RELAY message
1748033940.211380: 9791-7f03601ac700: cdpl_worker.c:616: in cdpl_wk_listen(): debug: received RELAY message
1748033942.667324: 9791-7f03601ac700: cdpl_worker.c:585: in cdpl_wk_listen(): debug: received ASSIGN message
1748033942.667345: 9791-7f036eacb000: cdpl_worker.c:1092: in cdpl_wk_wait_timeout(): info: starting task T90
1748033943.525101: 9791-7f036eacb000: cdpl_compat_worker.c:597: in cdplWorkerLogInfo(): info: [runOneAcquisitionAdaptive DFCSNQD1 combined_setup_hold__D__hl__CP__lh__ACQ_1 job_91 ]
1748034009.442389: 9791-7f036eacb000: cdpl_worker.c:1208: in cdpl_wk_finalize(): info: finishing task T90
1748034009.443354: 9791-7f03601ac700: cdpl_worker.c:585: in cdpl_wk_listen(): debug: received ASSIGN message
1748034009.443367: 9791-7f036eacb000: cdpl_worker.c:1092: in cdpl_wk_wait_timeout(): info: starting task T255
1748034009.443376: 9791-7f036eacb000: cdpl_compat_worker.c:597: in cdplWorkerLogInfo(): info: [runOneAcquisitionAdaptive MUX2D0 Cin__I0__lh__ACQ_1 job_256 ]
1748034011.321631: 9791-7f036eacb000: cdpl_worker.c:1208: in cdpl_wk_finalize(): info: finishing task T255
1748034011.321848: 9791-7f03601ac700: cdpl_worker.c:585: in cdpl_wk_listen(): debug: received ASSIGN message
1748034011.321859: 9791-7f036eacb000: cdpl_worker.c:1092: in cdpl_wk_wait_timeout(): info: starting task T266
1748034011.321868: 9791-7f036eacb000: cdpl_compat_worker.c:597: in cdplWorkerLogInfo(): info: [runOneAcquisitionAdaptive MUX2D1 Cin__I0__hl__ACQ_1 job_267 ]
1748034013.474588: 9791-7f036eacb000: cdpl_worker.c:1208: in cdpl_wk_finalize(): info: finishing task T266
1748034013.485445: 9791-7f03601ac700: cdpl_worker.c:585: in cdpl_wk_listen(): debug: received ASSIGN message
1748034013.488492: 9791-7f036eacb000: cdpl_worker.c:1092: in cdpl_wk_wait_timeout(): info: starting task T277
1748034013.488510: 9791-7f036eacb000: cdpl_compat_worker.c:597: in cdplWorkerLogInfo(): info: [runOneAcquisitionAdaptive MUX2D2 Cin__I1__lh__ACQ_1 job_278 ]
1748034015.424436: 9791-7f036eacb000: cdpl_worker.c:1208: in cdpl_wk_finalize(): info: finishing task T277
1748034015.424609: 9791-7f03601ac700: cdpl_worker.c:585: in cdpl_wk_listen(): debug: received ASSIGN message
1748034015.424617: 9791-7f036eacb000: cdpl_worker.c:1092: in cdpl_wk_wait_timeout(): info: starting task T287
1748034015.424625: 9791-7f036eacb000: cdpl_compat_worker.c:597: in cdplWorkerLogInfo(): info: [runOneAcquisitionAdaptive MUX2D2 Cin__I0__lh__ACQ_1 job_288 ]
1748034017.200296: 9791-7f036eacb000: cdpl_worker.c:1208: in cdpl_wk_finalize(): info: finishing task T287
1748034017.200464: 9791-7f03601ac700: cdpl_worker.c:585: in cdpl_wk_listen(): debug: received ASSIGN message
1748034017.202263: 9791-7f036eacb000: cdpl_worker.c:1092: in cdpl_wk_wait_timeout(): info: starting task T296
1748034017.202279: 9791-7f036eacb000: cdpl_compat_worker.c:597: in cdplWorkerLogInfo(): info: [runOneAcquisitionAdaptive MUX2D4 delay__I1__lh__Z__lh__ACQ_1 job_297 ]
1748034024.920523: 9791-7f036eacb000: cdpl_worker.c:1208: in cdpl_wk_finalize(): info: finishing task T296
1748034024.923343: 9791-7f03601ac700: cdpl_worker.c:585: in cdpl_wk_listen(): debug: received ASSIGN message
1748034024.923367: 9791-7f036eacb000: cdpl_worker.c:1092: in cdpl_wk_wait_timeout(): info: starting task T337
1748034024.923379: 9791-7f036eacb000: cdpl_compat_worker.c:597: in cdplWorkerLogInfo(): info: [runOneAcquisitionAdaptive OAI21D2 delay__A1__lh__ZN__hl__ACQ_1 job_338 ]
1748034029.730919: 9791-7f036eacb000: cdpl_worker.c:1208: in cdpl_wk_finalize(): info: finishing task T337
1748034029.731352: 9791-7f03601ac700: cdpl_worker.c:585: in cdpl_wk_listen(): debug: received ASSIGN message
1748034029.731389: 9791-7f036eacb000: cdpl_worker.c:1092: in cdpl_wk_wait_timeout(): info: starting task T370
1748034029.731399: 9791-7f036eacb000: cdpl_compat_worker.c:597: in cdplWorkerLogInfo(): info: [runOneAcquisitionAdaptive AN2D0 Cin__A1__hl__ACQ_1 job_371 ]
1748034031.601745: 9791-7f036eacb000: cdpl_worker.c:1208: in cdpl_wk_finalize(): info: finishing task T370
1748034031.601936: 9791-7f03601ac700: cdpl_worker.c:585: in cdpl_wk_listen(): debug: received ASSIGN message
1748034031.601946: 9791-7f036eacb000: cdpl_worker.c:1092: in cdpl_wk_wait_timeout(): info: starting task T383
1748034031.601957: 9791-7f036eacb000: cdpl_compat_worker.c:597: in cdplWorkerLogInfo(): info: [runOneAcquisitionAdaptive AN2D2 delay__A1__lh__Z__lh__ACQ_1 job_384 ]
1748034036.328880: 9791-7f036eacb000: cdpl_worker.c:1208: in cdpl_wk_finalize(): info: finishing task T383
1748034036.335681: 9791-7f03601ac700: cdpl_worker.c:585: in cdpl_wk_listen(): debug: received ASSIGN message
1748034036.335724: 9791-7f036eacb000: cdpl_worker.c:1092: in cdpl_wk_wait_timeout(): info: starting task T415
1748034036.335736: 9791-7f036eacb000: cdpl_compat_worker.c:597: in cdplWorkerLogInfo(): info: [runOneAcquisitionAdaptive AN2XD1 leakage_power__ACQ_1 job_416 ]
1748034038.534723: 9791-7f036eacb000: cdpl_worker.c:1208: in cdpl_wk_finalize(): info: finishing task T415
1748034038.562572: 9791-7f03601ac700: cdpl_worker.c:585: in cdpl_wk_listen(): debug: received ASSIGN message
1748034038.562608: 9791-7f036eacb000: cdpl_worker.c:1092: in cdpl_wk_wait_timeout(): info: starting task T427
1748034038.562618: 9791-7f036eacb000: cdpl_compat_worker.c:597: in cdplWorkerLogInfo(): info: [runOneAcquisitionAdaptive ND2D0 Cin__A2__lh__ACQ_1 job_428 ]
1748034040.121689: 9791-7f036eacb000: cdpl_worker.c:1208: in cdpl_wk_finalize(): info: finishing task T427
1748034040.134244: 9791-7f03601ac700: cdpl_worker.c:585: in cdpl_wk_listen(): debug: received ASSIGN message
1748034040.138518: 9791-7f036eacb000: cdpl_worker.c:1092: in cdpl_wk_wait_timeout(): info: starting task T441
1748034040.138536: 9791-7f036eacb000: cdpl_compat_worker.c:597: in cdplWorkerLogInfo(): info: [runOneAcquisitionAdaptive ND2D2 Cin__A2__hl__ACQ_1 job_442 ]
1748034041.988086: 9791-7f036eacb000: cdpl_worker.c:1208: in cdpl_wk_finalize(): info: finishing task T441
1748034041.988339: 9791-7f03601ac700: cdpl_worker.c:585: in cdpl_wk_listen(): debug: received ASSIGN message
1748034041.991070: 9791-7f036eacb000: cdpl_worker.c:1092: in cdpl_wk_wait_timeout(): info: starting task T454
1748034041.991085: 9791-7f036eacb000: cdpl_compat_worker.c:597: in cdplWorkerLogInfo(): info: [runOneAcquisitionAdaptive ND2D3 delay__A1__lh__ZN__hl__ACQ_1 job_455 ]
1748034045.415258: 9791-7f036eacb000: cdpl_worker.c:1208: in cdpl_wk_finalize(): info: finishing task T454
1748034045.415441: 9791-7f03601ac700: cdpl_worker.c:585: in cdpl_wk_listen(): debug: received ASSIGN message
1748034045.415455: 9791-7f036eacb000: cdpl_worker.c:1092: in cdpl_wk_wait_timeout(): info: starting task T479
1748034045.415468: 9791-7f036eacb000: cdpl_compat_worker.c:597: in cdplWorkerLogInfo(): info: [runOneAcquisitionAdaptive ND2D8 delay__A2__lh__ZN__hl__ACQ_1 job_480 ]
1748034053.878966: 9791-7f036eacb000: cdpl_worker.c:1208: in cdpl_wk_finalize(): info: finishing task T479
1748034053.885027: 9791-7f03601ac700: cdpl_worker.c:585: in cdpl_wk_listen(): debug: received ASSIGN message
1748034053.888359: 9791-7f036eacb000: cdpl_worker.c:1092: in cdpl_wk_wait_timeout(): info: starting task T543
1748034053.888380: 9791-7f036eacb000: cdpl_compat_worker.c:597: in cdplWorkerLogInfo(): info: [runOneAcquisitionAdaptive OR2D0 delay__A1__lh__Z__lh__ACQ_1 job_544 ]
1748034058.472066: 9791-7f036eacb000: cdpl_worker.c:1208: in cdpl_wk_finalize(): info: finishing task T543
1748034058.496458: 9791-7f03601ac700: cdpl_worker.c:585: in cdpl_wk_listen(): debug: received ASSIGN message
1748034058.496502: 9791-7f036eacb000: cdpl_worker.c:1092: in cdpl_wk_wait_timeout(): info: starting task T574
1748034058.496515: 9791-7f036eacb000: cdpl_compat_worker.c:597: in cdplWorkerLogInfo(): info: [runOneAcquisitionAdaptive OR2D4 delay__A1__hl__Z__hl__ACQ_1 job_575 ]
1748034065.007666: 9791-7f036eacb000: cdpl_worker.c:1208: in cdpl_wk_finalize(): info: finishing task T574
1748034065.011763: 9791-7f03601ac700: cdpl_worker.c:585: in cdpl_wk_listen(): debug: received ASSIGN message
1748034065.011776: 9791-7f036eacb000: cdpl_worker.c:1092: in cdpl_wk_wait_timeout(): info: starting task T618
1748034065.011787: 9791-7f036eacb000: cdpl_compat_worker.c:597: in cdplWorkerLogInfo(): info: [runOneAcquisitionAdaptive XNR2D2 delay__A2__hl__ZN__lh__ACQ_1 job_619 ]
1748034070.703340: 9791-7f036eacb000: cdpl_worker.c:1208: in cdpl_wk_finalize(): info: finishing task T618
1748034070.703659: 9791-7f03601ac700: cdpl_worker.c:585: in cdpl_wk_listen(): debug: received ASSIGN message
1748034070.703670: 9791-7f036eacb000: cdpl_worker.c:1092: in cdpl_wk_wait_timeout(): info: starting task T647
1748034070.703679: 9791-7f036eacb000: cdpl_compat_worker.c:597: in cdplWorkerLogInfo(): info: [runOneAcquisitionAdaptive XOR2D1 delay__A1__lh__Z__hl__ACQ_1 job_648 ]
1748034076.331866: 9791-7f036eacb000: cdpl_worker.c:1208: in cdpl_wk_finalize(): info: finishing task T647
1748034076.332726: 9791-7f03601ac700: cdpl_worker.c:585: in cdpl_wk_listen(): debug: received ASSIGN message
1748034076.332766: 9791-7f036eacb000: cdpl_worker.c:1092: in cdpl_wk_wait_timeout(): info: starting task T676
1748034076.332777: 9791-7f036eacb000: cdpl_compat_worker.c:597: in cdplWorkerLogInfo(): info: [runOneAcquisitionAdaptive BUFFD16 delay__I__hl__Z__hl__ACQ_1 job_677 ]
1748034086.423005: 9791-7f036eacb000: cdpl_worker.c:1208: in cdpl_wk_finalize(): info: finishing task T676
1748034094.724851: 9791-7f03601ac700: cdpl_worker.c:616: in cdpl_wk_listen(): debug: received RELAY message
1748034095.812328: 9791-7f03601ac700: cdpl_worker.c:585: in cdpl_wk_listen(): debug: received ASSIGN message
1748034095.812344: 9791-7f036eacb000: cdpl_worker.c:1092: in cdpl_wk_wait_timeout(): info: starting task T751
1748034095.929553: 9791-7f036eacb000: cdpl_compat_worker.c:597: in cdplWorkerLogInfo(): info: [modelOneCellAdaptive {MUX2D2 }]
1748034099.006235: 9791-7f036eacb000: cdpl_worker.c:1208: in cdpl_wk_finalize(): info: finishing task T751
1748034099.014832: 9791-7f03601ac700: cdpl_worker.c:585: in cdpl_wk_listen(): debug: received ASSIGN message
1748034099.014844: 9791-7f036eacb000: cdpl_worker.c:1092: in cdpl_wk_wait_timeout(): info: starting task T775
1748034099.014856: 9791-7f036eacb000: cdpl_compat_worker.c:597: in cdplWorkerLogInfo(): info: [modelOneCellAdaptive {OR2D0 }]
1748034101.966144: 9791-7f036eacb000: cdpl_worker.c:1208: in cdpl_wk_finalize(): info: finishing task T775
1748034101.985429: 9791-7f03601ac700: cdpl_worker.c:585: in cdpl_wk_listen(): debug: received ASSIGN message
1748034101.985445: 9791-7f036eacb000: cdpl_worker.c:1092: in cdpl_wk_wait_timeout(): info: starting task T800
1748034101.985458: 9791-7f036eacb000: cdpl_compat_worker.c:597: in cdplWorkerLogInfo(): info: [modelOneCellAdaptive {INVD2 }]
1748034103.378363: 9791-7f036eacb000: cdpl_worker.c:1208: in cdpl_wk_finalize(): info: finishing task T800
1748034128.958689: 9791-7f03601ac700: cdpl_worker.c:616: in cdpl_wk_listen(): debug: received RELAY message
1748034128.988174: 9791-7f03609ad700: cdpl_ipc.c:606: in _readv(): warning: read(): EOF
1748034128.988195: 9791-7f03609ad700: cdpl_ipc.c:1462: in _epoll_recv(): debug: _readv(): Broken pipe
1748034128.988199: 9791-7f03609ad700: cdpl_ipc.c:1683: in _epoll_main(): debug: _epoll_recv(): Broken pipe
1748034128.988206: 9791-7f03609ad700: cdpl_ipc.c:1061: in _host_drop__UNSAFE(): debug: dropping host `128.54.67.138:41471'
1748034128.989125: 9791-7f03601ac700: cdpl_worker.c:561: in cdpl_wk_listen(): debug: received DROP notification
1748034128.989137: 9791-7f03601ac700: cdpl_worker.c:565: in cdpl_wk_listen(): debug: we were dropped by the server
1748034128.989142: 9791-7f03601ac700: cdpl_worker.c:492: in _wk_kill(): debug: killing worker
1748034128.989146: 9791-7f03601ac700: cdpl_ipc.c:2481: in cdpl_ipc_kill(): debug: stopping event server
1748034128.989169: 9791-7f03601ac700: cdpl_worker.c:542: in cdpl_wk_listen(): debug: leaving now
1748034128.989227: 9791-7f03609ad700: cdpl_ipc.c:1720: in _epoll_main(): debug: server going down...
1748034128.989441: 9791-7f036eacb000: cdpl_compat_worker.c:597: in cdplWorkerLogInfo(): info: [Worker shutdown. Code: 3]
1748034128.999962: 9791-7f036eacb000: cdpl_worker.c:856: in _wk_shutdown(): debug: waiting for heartbeat thread
1748034129.004801: 9791-7f035f9ab700: cdpl_worker.c:709: in cdpl_wk_heartbeat(): info: stopping heartbeat
1748034129.004944: 9791-7f036eacb000: cdpl_ipc.c:1781: in cdpl_ipc_host_release(): debug: releasing host `128.54.67.138:41471'
1748034129.004971: 9791-7f036eacb000: cdpl_ipc.c:2532: in cdpl_ipc_free(): debug: releasing IPC handle
1748034129.004975: 9791-7f036eacb000: cdpl_ipc.c:986: in _host_free__UNSAFE(): debug: freeing host `128.54.67.138:41471'
1748034129.004978: 9791-7f036eacb000: cdpl_ipc.c:1028: in _host_free__UNSAFE(): debug: [0 outq, 0 spR, 0 spW]
1748034129.004995: 9791-7f036eacb000: cdpl_ipc.c:2571: in cdpl_ipc_free(): debug: done
1748034129.004998: 9791-7f036eacb000: cdpl_worker.c:912: in cdpl_wk_free(): info: freed
1748034129.005001: 9791-7f036eacb000: cdpl_log.c:359: in cdpl_log_close(): debug: @@end_of_log@@
