1748033910.939391: 9975-7f7ef4025000: cdpl_log.c:221: in cdpl_log_open(): debug: @@start_of_log@@
1748033910.939427: 9975-7f7ef4025000: cdpl_log.c:729: in cdpl_log_dump_sysinfo(): info: time: 2025/05/23 13:58:30 PDT -0700
1748033910.939432: 9975-7f7ef4025000: cdpl_log.c:731: in cdpl_log_dump_sysinfo(): info: version: L_2016.03_SP2_PROD_CDPL 
1748033910.939434: 9975-7f7ef4025000: cdpl_log.c:736: in cdpl_log_dump_sysinfo(): info: system: Linux 3.10.0-1160.119.1.el7.x86_64 #1 SMP Tue Jun 4 14:43:51 UTC 2024
1748033910.939437: 9975-7f7ef4025000: cdpl_log.c:740: in cdpl_log_dump_sysinfo(): info: processor: x86_64 64-bits
1748033910.939440: 9975-7f7ef4025000: cdpl_log.c:742: in cdpl_log_dump_sysinfo(): info: hostname: ieng6-ece-08.ucsd.edu
1748033910.939442: 9975-7f7ef4025000: cdpl_log.c:223: in cdpl_log_open(): debug: path: /home/linux/ieng6/cs241asp25/cs241asp25bu/lab5/run_siliconsmart/LIB_FF_1.1_125_ALL/runtime/cdpl/worker.W19.ieng6-ece-08.ucsd.edu.9975.log
1748033910.939445: 9975-7f7ef4025000: cdpl_log.c:224: in cdpl_log_open(): debug: dir: /home/linux/ieng6/cs241asp25/cs241asp25bu/lab5/run_siliconsmart/LIB_FF_1.1_125_ALL/runtime/cdpl
1748033910.939454: 9975-7f7ef4025000: cdpl_worker.c:728: in cdpl_wk_new(): info: creating worker instance
1748033910.940892: 9975-7f7ef4025000: cdpl_worker.c:925: in cdpl_wk_start(): debug: starting worker
1748033910.940903: 9975-7f7ef4025000: cdpl_worker.c:276: in cdpl_wk_setup(): info: CDPL_SERVER is "128.54.67.138:41471"
1748033910.940906: 9975-7f7ef4025000: cdpl_worker.c:299: in cdpl_wk_setup(): info: server 128.54.67.138, port 41471
1748033910.940909: 9975-7f7ef4025000: cdpl_worker.c:319: in cdpl_wk_setup(): info: CDPL_ID is "19:1:1:1:99684891"
1748033910.940926: 9975-7f7ef4025000: cdpl_worker.c:361: in cdpl_wk_setup(): info: we are W19-B1-J1-M1-S99684891
1748033910.940928: 9975-7f7ef4025000: cdpl_worker.c:363: in cdpl_wk_setup(): info: we are on host ieng6-ece-08.ucsd.edu
1748033910.940931: 9975-7f7ef4025000: cdpl_worker.c:372: in cdpl_wk_daemonize(): debug: will *not* daemonize
1748033910.940935: 9975-7f7ef4025000: cdpl_ipc.c:2593: in cdpl_ipc_connect(): info: connecting to 128.54.67.138:41471
1748033910.948677: 9975-7f7ef4025000: cdpl_ipc.c:2659: in cdpl_ipc_connect(): info: connected as `128.54.67.138:42740'
1748033910.948707: 9975-7f7ef4025000: cdpl_ipc.c:1763: in cdpl_ipc_host_accept(): debug: accepted host `128.54.67.138:41471'
1748033910.948717: 9975-7f7ef4025000: cdpl_ipc.c:2436: in cdpl_ipc_start(): debug: starting IPC server 128.54.67.138:34163
1748033910.948840: 9975-7f7ef4025000: cdpl_compat_worker.c:148: in cdplStartWorker(): info: SNPSLMD_LICENSE_FILE is 1705@its-flexlm-lnx4.ucsd.edu:1705@acms-flexlm-lnx4.ucsd.edu,1705@acms-flexlm-lnx5.ucsd.edu,1705@acms-flexlm-lnx6.ucsd.edu
1748033910.948912: 9975-7f7ef4025000: cdpl_compat_worker.c:597: in cdplWorkerLogInfo(): info: [Maximum lifespan of worker is set to 1200m]
1748033910.948932: 9975-7f7ee4f05700: cdpl_worker.c:656: in cdpl_wk_heartbeat(): debug: starting heartbeat
1748033910.948944: 9975-7f7ee4f05700: cdpl_worker.c:665: in cdpl_wk_heartbeat(): info: setting heartbeat period to 60 sec
1748033910.948948: 9975-7f7ee4f05700: cdpl_worker.c:673: in cdpl_wk_heartbeat(): info: first heartbeat in 1 sec
1748033910.948955: 9975-7f7ef4025000: cdpl_compat_worker.c:597: in cdplWorkerLogInfo(): info: [Peak virtual memory is set to 128GB]
1748033910.949007: 9975-7f7ee5706700: cdpl_worker.c:528: in cdpl_wk_listen(): debug: ready
1748033940.024876: 9975-7f7ee5706700: cdpl_worker.c:616: in cdpl_wk_listen(): debug: received RELAY message
1748033940.211387: 9975-7f7ee5706700: cdpl_worker.c:616: in cdpl_wk_listen(): debug: received RELAY message
1748033940.216442: 9975-7f7ee5706700: cdpl_worker.c:585: in cdpl_wk_listen(): debug: received ASSIGN message
1748033940.216477: 9975-7f7ef4025000: cdpl_worker.c:1092: in cdpl_wk_wait_timeout(): info: starting task T66
1748033940.351123: 9975-7f7ef4025000: cdpl_compat_worker.c:597: in cdplWorkerLogInfo(): info: [runOneAcquisitionAdaptive DFCSNQD1 energy__CP__lh__ACQ_1 job_67 ]
1748033941.224622: 9975-7f7ef4025000: cdpl_worker.c:1208: in cdpl_wk_finalize(): info: finishing task T66
1748033942.663461: 9975-7f7ee5706700: cdpl_worker.c:585: in cdpl_wk_listen(): debug: received ASSIGN message
1748033942.663479: 9975-7f7ef4025000: cdpl_worker.c:1092: in cdpl_wk_wait_timeout(): info: starting task T91
1748033942.663491: 9975-7f7ef4025000: cdpl_compat_worker.c:597: in cdplWorkerLogInfo(): info: [runOneAcquisitionAdaptive DFCSNQD1 energy__SDN__lh__ACQ_1 job_92 ]
1748033946.033089: 9975-7f7ef4025000: cdpl_worker.c:1208: in cdpl_wk_finalize(): info: finishing task T91
1748033946.038322: 9975-7f7ee5706700: cdpl_worker.c:585: in cdpl_wk_listen(): debug: received ASSIGN message
1748033946.038347: 9975-7f7ef4025000: cdpl_worker.c:1092: in cdpl_wk_wait_timeout(): info: starting task T106
1748033946.038363: 9975-7f7ef4025000: cdpl_compat_worker.c:597: in cdplWorkerLogInfo(): info: [runOneAcquisitionAdaptive DFCSNQD2 energy__D__lh__ACQ_1 job_107 ]
1748033948.988977: 9975-7f7ef4025000: cdpl_worker.c:1208: in cdpl_wk_finalize(): info: finishing task T106
1748033949.001333: 9975-7f7ee5706700: cdpl_worker.c:585: in cdpl_wk_listen(): debug: received ASSIGN message
1748033949.010327: 9975-7f7ef4025000: cdpl_worker.c:1092: in cdpl_wk_wait_timeout(): info: starting task T114
1748033949.010351: 9975-7f7ef4025000: cdpl_compat_worker.c:597: in cdplWorkerLogInfo(): info: [runOneAcquisitionAdaptive DFCSNQD2 asynch_removal__CDN__lh__SDN__lh__ACQ_1 job_115 ]
1748033970.623331: 9975-7f7ef4025000: cdpl_worker.c:1208: in cdpl_wk_finalize(): info: finishing task T114
1748033970.629670: 9975-7f7ee5706700: cdpl_worker.c:585: in cdpl_wk_listen(): debug: received ASSIGN message
1748033970.649364: 9975-7f7ef4025000: cdpl_worker.c:1092: in cdpl_wk_wait_timeout(): info: starting task T151
1748033970.649381: 9975-7f7ef4025000: cdpl_compat_worker.c:597: in cdplWorkerLogInfo(): info: [runOneAcquisitionAdaptive DFCSNQD4 removal__SDN__lh__CP__lh__ACQ_1 job_152 ]
1748034005.617649: 9975-7f7ef4025000: cdpl_worker.c:1208: in cdpl_wk_finalize(): info: finishing task T151
1748034005.622381: 9975-7f7ee5706700: cdpl_worker.c:585: in cdpl_wk_listen(): debug: received ASSIGN message
1748034005.622400: 9975-7f7ef4025000: cdpl_worker.c:1092: in cdpl_wk_wait_timeout(): info: starting task T244
1748034005.622415: 9975-7f7ef4025000: cdpl_compat_worker.c:597: in cdplWorkerLogInfo(): info: [runOneAcquisitionAdaptive MUX2D0 delay__S__hl__Z__hl__ACQ_1 job_245 ]
1748034011.779514: 9975-7f7ef4025000: cdpl_worker.c:1208: in cdpl_wk_finalize(): info: finishing task T244
1748034011.779837: 9975-7f7ee5706700: cdpl_worker.c:585: in cdpl_wk_listen(): debug: received ASSIGN message
1748034011.779846: 9975-7f7ef4025000: cdpl_worker.c:1092: in cdpl_wk_wait_timeout(): info: starting task T267
1748034011.779854: 9975-7f7ef4025000: cdpl_compat_worker.c:597: in cdplWorkerLogInfo(): info: [runOneAcquisitionAdaptive MUX2D1 Cin__S__hl__ACQ_1 job_268 ]
1748034014.201571: 9975-7f7ef4025000: cdpl_worker.c:1208: in cdpl_wk_finalize(): info: finishing task T267
1748034014.202029: 9975-7f7ee5706700: cdpl_worker.c:585: in cdpl_wk_listen(): debug: received ASSIGN message
1748034014.202038: 9975-7f7ef4025000: cdpl_worker.c:1092: in cdpl_wk_wait_timeout(): info: starting task T279
1748034014.202046: 9975-7f7ef4025000: cdpl_compat_worker.c:597: in cdplWorkerLogInfo(): info: [runOneAcquisitionAdaptive MUX2D2 leakage_power__ACQ_4 job_280 ]
1748034016.070192: 9975-7f7ef4025000: cdpl_worker.c:1208: in cdpl_wk_finalize(): info: finishing task T279
1748034016.075105: 9975-7f7ee5706700: cdpl_worker.c:585: in cdpl_wk_listen(): debug: received ASSIGN message
1748034016.081176: 9975-7f7ef4025000: cdpl_worker.c:1092: in cdpl_wk_wait_timeout(): info: starting task T290
1748034016.081193: 9975-7f7ef4025000: cdpl_compat_worker.c:597: in cdplWorkerLogInfo(): info: [runOneAcquisitionAdaptive MUX2D4 delay__I0__hl__Z__hl__ACQ_1 job_291 ]
1748034023.332496: 9975-7f7ef4025000: cdpl_worker.c:1208: in cdpl_wk_finalize(): info: finishing task T290
1748034023.335333: 9975-7f7ee5706700: cdpl_worker.c:585: in cdpl_wk_listen(): debug: received ASSIGN message
1748034023.335359: 9975-7f7ef4025000: cdpl_worker.c:1092: in cdpl_wk_wait_timeout(): info: starting task T326
1748034023.335372: 9975-7f7ef4025000: cdpl_compat_worker.c:597: in cdplWorkerLogInfo(): info: [runOneAcquisitionAdaptive OAI21D1 Cin__A2__lh__ACQ_1 job_327 ]
1748034025.486479: 9975-7f7ef4025000: cdpl_worker.c:1208: in cdpl_wk_finalize(): info: finishing task T326
1748034025.495467: 9975-7f7ee5706700: cdpl_worker.c:585: in cdpl_wk_listen(): debug: received ASSIGN message
1748034025.495479: 9975-7f7ef4025000: cdpl_worker.c:1092: in cdpl_wk_wait_timeout(): info: starting task T342
1748034025.495487: 9975-7f7ef4025000: cdpl_compat_worker.c:597: in cdplWorkerLogInfo(): info: [runOneAcquisitionAdaptive OAI21D2 delay__A2__lh__ZN__hl__ACQ_1 job_343 ]
1748034030.619059: 9975-7f7ef4025000: cdpl_worker.c:1208: in cdpl_wk_finalize(): info: finishing task T342
1748034030.630963: 9975-7f7ee5706700: cdpl_worker.c:585: in cdpl_wk_listen(): debug: received ASSIGN message
1748034030.630991: 9975-7f7ef4025000: cdpl_worker.c:1092: in cdpl_wk_wait_timeout(): info: starting task T378
1748034030.631003: 9975-7f7ef4025000: cdpl_compat_worker.c:597: in cdplWorkerLogInfo(): info: [runOneAcquisitionAdaptive AN2D1 delay__A2__hl__Z__hl__ACQ_1 job_379 ]
1748034034.976657: 9975-7f7ef4025000: cdpl_worker.c:1208: in cdpl_wk_finalize(): info: finishing task T378
1748034034.976986: 9975-7f7ee5706700: cdpl_worker.c:585: in cdpl_wk_listen(): debug: received ASSIGN message
1748034034.976995: 9975-7f7ef4025000: cdpl_worker.c:1092: in cdpl_wk_wait_timeout(): info: starting task T405
1748034034.977004: 9975-7f7ef4025000: cdpl_compat_worker.c:597: in cdplWorkerLogInfo(): info: [runOneAcquisitionAdaptive AN2D8 leakage_power__ACQ_1 job_406 ]
1748034037.226300: 9975-7f7ef4025000: cdpl_worker.c:1208: in cdpl_wk_finalize(): info: finishing task T405
1748034037.227408: 9975-7f7ee5706700: cdpl_worker.c:585: in cdpl_wk_listen(): debug: received ASSIGN message
1748034037.233485: 9975-7f7ef4025000: cdpl_worker.c:1092: in cdpl_wk_wait_timeout(): info: starting task T421
1748034037.233500: 9975-7f7ef4025000: cdpl_compat_worker.c:597: in cdplWorkerLogInfo(): info: [runOneAcquisitionAdaptive ND2D0 Cin__A2__hl__ACQ_1 job_422 ]
1748034039.347266: 9975-7f7ef4025000: cdpl_worker.c:1208: in cdpl_wk_finalize(): info: finishing task T421
1748034039.358449: 9975-7f7ee5706700: cdpl_worker.c:585: in cdpl_wk_listen(): debug: received ASSIGN message
1748034039.360566: 9975-7f7ef4025000: cdpl_worker.c:1092: in cdpl_wk_wait_timeout(): info: starting task T434
1748034039.360584: 9975-7f7ef4025000: cdpl_compat_worker.c:597: in cdplWorkerLogInfo(): info: [runOneAcquisitionAdaptive ND2D1 delay__A1__lh__ZN__hl__ACQ_1 job_435 ]
1748034042.767247: 9975-7f7ef4025000: cdpl_worker.c:1208: in cdpl_wk_finalize(): info: finishing task T434
1748034042.775583: 9975-7f7ee5706700: cdpl_worker.c:585: in cdpl_wk_listen(): debug: received ASSIGN message
1748034042.775597: 9975-7f7ef4025000: cdpl_worker.c:1092: in cdpl_wk_wait_timeout(): info: starting task T460
1748034042.775606: 9975-7f7ef4025000: cdpl_compat_worker.c:597: in cdplWorkerLogInfo(): info: [runOneAcquisitionAdaptive ND2D3 delay__A2__hl__ZN__lh__ACQ_1 job_461 ]
1748034047.484349: 9975-7f7ef4025000: cdpl_worker.c:1208: in cdpl_wk_finalize(): info: finishing task T460
1748034047.484655: 9975-7f7ee5706700: cdpl_worker.c:585: in cdpl_wk_listen(): debug: received ASSIGN message
1748034047.484692: 9975-7f7ef4025000: cdpl_worker.c:1092: in cdpl_wk_wait_timeout(): info: starting task T492
1748034047.484703: 9975-7f7ef4025000: cdpl_compat_worker.c:597: in cdplWorkerLogInfo(): info: [runOneAcquisitionAdaptive NR2D1 Cin__A1__lh__ACQ_1 job_493 ]
1748034049.340451: 9975-7f7ef4025000: cdpl_worker.c:1208: in cdpl_wk_finalize(): info: finishing task T492
1748034049.340706: 9975-7f7ee5706700: cdpl_worker.c:585: in cdpl_wk_listen(): debug: received ASSIGN message
1748034049.341732: 9975-7f7ef4025000: cdpl_worker.c:1092: in cdpl_wk_wait_timeout(): info: starting task T508
1748034049.341747: 9975-7f7ef4025000: cdpl_compat_worker.c:597: in cdplWorkerLogInfo(): info: [runOneAcquisitionAdaptive NR2D2 Cin__A1__hl__ACQ_1 job_509 ]
1748034051.153206: 9975-7f7ef4025000: cdpl_worker.c:1208: in cdpl_wk_finalize(): info: finishing task T508
1748034051.155178: 9975-7f7ee5706700: cdpl_worker.c:585: in cdpl_wk_listen(): debug: received ASSIGN message
1748034051.155203: 9975-7f7ef4025000: cdpl_worker.c:1092: in cdpl_wk_wait_timeout(): info: starting task T523
1748034051.155219: 9975-7f7ef4025000: cdpl_compat_worker.c:597: in cdplWorkerLogInfo(): info: [runOneAcquisitionAdaptive NR2D4 leakage_power__ACQ_1 job_524 ]
1748034053.160972: 9975-7f7ef4025000: cdpl_worker.c:1208: in cdpl_wk_finalize(): info: finishing task T523
1748034053.161212: 9975-7f7ee5706700: cdpl_worker.c:585: in cdpl_wk_listen(): debug: received ASSIGN message
1748034053.170694: 9975-7f7ef4025000: cdpl_worker.c:1092: in cdpl_wk_wait_timeout(): info: starting task T539
1748034053.170715: 9975-7f7ef4025000: cdpl_compat_worker.c:597: in cdplWorkerLogInfo(): info: [runOneAcquisitionAdaptive NR2D8 delay__A2__lh__ZN__hl__ACQ_1 job_540 ]
1748034063.095411: 9975-7f7ef4025000: cdpl_worker.c:1208: in cdpl_wk_finalize(): info: finishing task T539
1748034063.095743: 9975-7f7ee5706700: cdpl_worker.c:585: in cdpl_wk_listen(): debug: received ASSIGN message
1748034063.095753: 9975-7f7ef4025000: cdpl_worker.c:1092: in cdpl_wk_wait_timeout(): info: starting task T609
1748034063.095762: 9975-7f7ef4025000: cdpl_compat_worker.c:597: in cdplWorkerLogInfo(): info: [runOneAcquisitionAdaptive XNR2D1 delay__A1__lh__ZN__lh__ACQ_1 job_610 ]
1748034069.320454: 9975-7f7ef4025000: cdpl_worker.c:1208: in cdpl_wk_finalize(): info: finishing task T609
1748034069.321075: 9975-7f7ee5706700: cdpl_worker.c:585: in cdpl_wk_listen(): debug: received ASSIGN message
1748034069.321085: 9975-7f7ef4025000: cdpl_worker.c:1092: in cdpl_wk_wait_timeout(): info: starting task T638
1748034069.321094: 9975-7f7ef4025000: cdpl_compat_worker.c:597: in cdplWorkerLogInfo(): info: [runOneAcquisitionAdaptive XOR2D0 delay__A1__hl__Z__lh__ACQ_1 job_639 ]
1748034074.642065: 9975-7f7ef4025000: cdpl_worker.c:1208: in cdpl_wk_finalize(): info: finishing task T638
1748034074.645465: 9975-7f7ee5706700: cdpl_worker.c:585: in cdpl_wk_listen(): debug: received ASSIGN message
1748034074.645504: 9975-7f7ef4025000: cdpl_worker.c:1092: in cdpl_wk_wait_timeout(): info: starting task T663
1748034074.645516: 9975-7f7ef4025000: cdpl_compat_worker.c:597: in cdplWorkerLogInfo(): info: [runOneAcquisitionAdaptive BUFFD0 delay__I__lh__Z__lh__ACQ_1 job_664 ]
1748034077.614924: 9975-7f7ef4025000: cdpl_worker.c:1208: in cdpl_wk_finalize(): info: finishing task T663
1748034077.615113: 9975-7f7ee5706700: cdpl_worker.c:585: in cdpl_wk_listen(): debug: received ASSIGN message
1748034077.630337: 9975-7f7ef4025000: cdpl_worker.c:1092: in cdpl_wk_wait_timeout(): info: starting task T684
1748034077.630356: 9975-7f7ef4025000: cdpl_compat_worker.c:597: in cdplWorkerLogInfo(): info: [runOneAcquisitionAdaptive BUFFD3 delay__I__hl__Z__hl__ACQ_1 job_685 ]
1748034080.905357: 9975-7f7ef4025000: cdpl_worker.c:1208: in cdpl_wk_finalize(): info: finishing task T684
1748034080.905552: 9975-7f7ee5706700: cdpl_worker.c:585: in cdpl_wk_listen(): debug: received ASSIGN message
1748034080.906812: 9975-7f7ef4025000: cdpl_worker.c:1092: in cdpl_wk_wait_timeout(): info: starting task T709
1748034080.906826: 9975-7f7ef4025000: cdpl_compat_worker.c:597: in cdplWorkerLogInfo(): info: [runOneAcquisitionAdaptive INVD16 leakage_power__ACQ_1 job_710 ]
1748034082.669442: 9975-7f7ef4025000: cdpl_worker.c:1208: in cdpl_wk_finalize(): info: finishing task T709
1748034082.669620: 9975-7f7ee5706700: cdpl_worker.c:585: in cdpl_wk_listen(): debug: received ASSIGN message
1748034082.669629: 9975-7f7ef4025000: cdpl_worker.c:1092: in cdpl_wk_wait_timeout(): info: starting task T720
1748034082.669637: 9975-7f7ef4025000: cdpl_compat_worker.c:597: in cdplWorkerLogInfo(): info: [runOneAcquisitionAdaptive INVD20 delay__I__hl__ZN__lh__ACQ_1 job_721 ]
1748034088.091331: 9975-7f7ef4025000: cdpl_worker.c:1208: in cdpl_wk_finalize(): info: finishing task T720
1748034094.724811: 9975-7f7ee5706700: cdpl_worker.c:616: in cdpl_wk_listen(): debug: received RELAY message
1748034097.194479: 9975-7f7ee5706700: cdpl_worker.c:585: in cdpl_wk_listen(): debug: received ASSIGN message
1748034097.194501: 9975-7f7ef4025000: cdpl_worker.c:1092: in cdpl_wk_wait_timeout(): info: starting task T763
1748034097.406750: 9975-7f7ef4025000: cdpl_compat_worker.c:597: in cdplWorkerLogInfo(): info: [modelOneCellAdaptive {ND2D0 }]
1748034100.282189: 9975-7f7ef4025000: cdpl_worker.c:1208: in cdpl_wk_finalize(): info: finishing task T763
1748034100.290803: 9975-7f7ee5706700: cdpl_worker.c:585: in cdpl_wk_listen(): debug: received ASSIGN message
1748034100.291399: 9975-7f7ef4025000: cdpl_worker.c:1092: in cdpl_wk_wait_timeout(): info: starting task T788
1748034100.291419: 9975-7f7ef4025000: cdpl_compat_worker.c:597: in cdplWorkerLogInfo(): info: [modelOneCellAdaptive {BUFFD1 }]
1748034103.124871: 9975-7f7ef4025000: cdpl_worker.c:1208: in cdpl_wk_finalize(): info: finishing task T788
1748034128.958608: 9975-7f7ee5706700: cdpl_worker.c:616: in cdpl_wk_listen(): debug: received RELAY message
1748034128.987622: 9975-7f7ee5f07700: cdpl_ipc.c:606: in _readv(): warning: read(): EOF
1748034128.987740: 9975-7f7ee5f07700: cdpl_ipc.c:1462: in _epoll_recv(): debug: _readv(): Broken pipe
1748034128.987752: 9975-7f7ee5f07700: cdpl_ipc.c:1683: in _epoll_main(): debug: _epoll_recv(): Broken pipe
1748034128.987764: 9975-7f7ee5f07700: cdpl_ipc.c:1061: in _host_drop__UNSAFE(): debug: dropping host `128.54.67.138:41471'
1748034128.987859: 9975-7f7ee5706700: cdpl_worker.c:561: in cdpl_wk_listen(): debug: received DROP notification
1748034128.987868: 9975-7f7ee5706700: cdpl_worker.c:565: in cdpl_wk_listen(): debug: we were dropped by the server
1748034128.987874: 9975-7f7ee5706700: cdpl_worker.c:492: in _wk_kill(): debug: killing worker
1748034128.987880: 9975-7f7ee5706700: cdpl_ipc.c:2481: in cdpl_ipc_kill(): debug: stopping event server
1748034128.987900: 9975-7f7ee5706700: cdpl_worker.c:542: in cdpl_wk_listen(): debug: leaving now
1748034128.988091: 9975-7f7ee5f07700: cdpl_ipc.c:1720: in _epoll_main(): debug: server going down...
1748034128.988131: 9975-7f7ef4025000: cdpl_compat_worker.c:597: in cdplWorkerLogInfo(): info: [Worker shutdown. Code: 3]
1748034128.994211: 9975-7f7ef4025000: cdpl_worker.c:856: in _wk_shutdown(): debug: waiting for heartbeat thread
1748034128.996953: 9975-7f7ee4f05700: cdpl_worker.c:709: in cdpl_wk_heartbeat(): info: stopping heartbeat
1748034128.999999: 9975-7f7ef4025000: cdpl_ipc.c:1781: in cdpl_ipc_host_release(): debug: releasing host `128.54.67.138:41471'
1748034129.000044: 9975-7f7ef4025000: cdpl_ipc.c:2532: in cdpl_ipc_free(): debug: releasing IPC handle
1748034129.000054: 9975-7f7ef4025000: cdpl_ipc.c:986: in _host_free__UNSAFE(): debug: freeing host `128.54.67.138:41471'
1748034129.000062: 9975-7f7ef4025000: cdpl_ipc.c:1028: in _host_free__UNSAFE(): debug: [0 outq, 0 spR, 0 spW]
1748034129.000093: 9975-7f7ef4025000: cdpl_ipc.c:2571: in cdpl_ipc_free(): debug: done
1748034129.000101: 9975-7f7ef4025000: cdpl_worker.c:912: in cdpl_wk_free(): info: freed
1748034129.000108: 9975-7f7ef4025000: cdpl_log.c:359: in cdpl_log_close(): debug: @@end_of_log@@
