1748033910.379196: 9640-7fa9c38f0000: cdpl_log.c:221: in cdpl_log_open(): debug: @@start_of_log@@
1748033910.379231: 9640-7fa9c38f0000: cdpl_log.c:729: in cdpl_log_dump_sysinfo(): info: time: 2025/05/23 13:58:30 PDT -0700
1748033910.379257: 9640-7fa9c38f0000: cdpl_log.c:731: in cdpl_log_dump_sysinfo(): info: version: L_2016.03_SP2_PROD_CDPL 
1748033910.379260: 9640-7fa9c38f0000: cdpl_log.c:736: in cdpl_log_dump_sysinfo(): info: system: Linux 3.10.0-1160.119.1.el7.x86_64 #1 SMP Tue Jun 4 14:43:51 UTC 2024
1748033910.379263: 9640-7fa9c38f0000: cdpl_log.c:740: in cdpl_log_dump_sysinfo(): info: processor: x86_64 64-bits
1748033910.379265: 9640-7fa9c38f0000: cdpl_log.c:742: in cdpl_log_dump_sysinfo(): info: hostname: ieng6-ece-08.ucsd.edu
1748033910.379268: 9640-7fa9c38f0000: cdpl_log.c:223: in cdpl_log_open(): debug: path: /home/linux/ieng6/cs241asp25/cs241asp25bu/lab5/run_siliconsmart/LIB_FF_1.1_125_ALL/runtime/cdpl/worker.W12.ieng6-ece-08.ucsd.edu.9640.log
1748033910.379270: 9640-7fa9c38f0000: cdpl_log.c:224: in cdpl_log_open(): debug: dir: /home/linux/ieng6/cs241asp25/cs241asp25bu/lab5/run_siliconsmart/LIB_FF_1.1_125_ALL/runtime/cdpl
1748033910.379281: 9640-7fa9c38f0000: cdpl_worker.c:728: in cdpl_wk_new(): info: creating worker instance
1748033910.380617: 9640-7fa9c38f0000: cdpl_worker.c:925: in cdpl_wk_start(): debug: starting worker
1748033910.380629: 9640-7fa9c38f0000: cdpl_worker.c:276: in cdpl_wk_setup(): info: CDPL_SERVER is "128.54.67.138:41471"
1748033910.380634: 9640-7fa9c38f0000: cdpl_worker.c:299: in cdpl_wk_setup(): info: server 128.54.67.138, port 41471
1748033910.380638: 9640-7fa9c38f0000: cdpl_worker.c:319: in cdpl_wk_setup(): info: CDPL_ID is "12:1:1:1:99684891"
1748033910.380650: 9640-7fa9c38f0000: cdpl_worker.c:361: in cdpl_wk_setup(): info: we are W12-B1-J1-M1-S99684891
1748033910.380654: 9640-7fa9c38f0000: cdpl_worker.c:363: in cdpl_wk_setup(): info: we are on host ieng6-ece-08.ucsd.edu
1748033910.380657: 9640-7fa9c38f0000: cdpl_worker.c:372: in cdpl_wk_daemonize(): debug: will *not* daemonize
1748033910.380661: 9640-7fa9c38f0000: cdpl_ipc.c:2593: in cdpl_ipc_connect(): info: connecting to 128.54.67.138:41471
1748033910.380732: 9640-7fa9c38f0000: cdpl_ipc.c:2659: in cdpl_ipc_connect(): info: connected as `128.54.67.138:42734'
1748033910.380750: 9640-7fa9c38f0000: cdpl_ipc.c:1763: in cdpl_ipc_host_accept(): debug: accepted host `128.54.67.138:41471'
1748033910.380759: 9640-7fa9c38f0000: cdpl_ipc.c:2436: in cdpl_ipc_start(): debug: starting IPC server 128.54.67.138:34348
1748033910.380897: 9640-7fa9c38f0000: cdpl_compat_worker.c:148: in cdplStartWorker(): info: SNPSLMD_LICENSE_FILE is 1705@its-flexlm-lnx4.ucsd.edu:1705@acms-flexlm-lnx4.ucsd.edu,1705@acms-flexlm-lnx5.ucsd.edu,1705@acms-flexlm-lnx6.ucsd.edu
1748033910.380999: 9640-7fa9c38f0000: cdpl_compat_worker.c:597: in cdplWorkerLogInfo(): info: [Maximum lifespan of worker is set to 1200m]
1748033910.381055: 9640-7fa9c38f0000: cdpl_compat_worker.c:597: in cdplWorkerLogInfo(): info: [Peak virtual memory is set to 128GB]
1748033910.399227: 9640-7fa9b4fd1700: cdpl_worker.c:528: in cdpl_wk_listen(): debug: ready
1748033910.412351: 9640-7fa9b47d0700: cdpl_worker.c:656: in cdpl_wk_heartbeat(): debug: starting heartbeat
1748033910.412364: 9640-7fa9b47d0700: cdpl_worker.c:665: in cdpl_wk_heartbeat(): info: setting heartbeat period to 60 sec
1748033910.412368: 9640-7fa9b47d0700: cdpl_worker.c:673: in cdpl_wk_heartbeat(): info: first heartbeat in 1 sec
1748033910.420037: 9640-7fa9b4fd1700: cdpl_worker.c:585: in cdpl_wk_listen(): debug: received ASSIGN message
1748033910.420052: 9640-7fa9c38f0000: cdpl_worker.c:1092: in cdpl_wk_wait_timeout(): info: starting task T56
1748033910.420070: 9640-7fa9c38f0000: cdpl_compat_worker.c:597: in cdplWorkerLogInfo(): info: [configOneCellAdaptive { OR2D2 }]
1748033911.404270: 9640-7fa9c38f0000: cdpl_worker.c:1208: in cdpl_wk_finalize(): info: finishing task T56
1748033940.024642: 9640-7fa9b4fd1700: cdpl_worker.c:616: in cdpl_wk_listen(): debug: received RELAY message
1748033940.211120: 9640-7fa9b4fd1700: cdpl_worker.c:616: in cdpl_wk_listen(): debug: received RELAY message
1748033941.546349: 9640-7fa9b4fd1700: cdpl_worker.c:585: in cdpl_wk_listen(): debug: received ASSIGN message
1748033941.546377: 9640-7fa9c38f0000: cdpl_worker.c:1092: in cdpl_wk_wait_timeout(): info: starting task T79
1748033942.039910: 9640-7fa9c38f0000: cdpl_compat_worker.c:597: in cdplWorkerLogInfo(): info: [runOneAcquisitionAdaptive DFCSNQD1 asynch_recover__SDN__lh__CDN__lh__ACQ_1 job_80 ]
1748033963.314438: 9640-7fa9c38f0000: cdpl_worker.c:1208: in cdpl_wk_finalize(): info: finishing task T79
1748033963.320646: 9640-7fa9b4fd1700: cdpl_worker.c:585: in cdpl_wk_listen(): debug: received ASSIGN message
1748033963.325349: 9640-7fa9c38f0000: cdpl_worker.c:1092: in cdpl_wk_wait_timeout(): info: starting task T137
1748033963.325368: 9640-7fa9c38f0000: cdpl_compat_worker.c:597: in cdplWorkerLogInfo(): info: [runOneAcquisitionAdaptive DFCSNQD4 delay__CDN__hl__Q__hl__ACQ_1 job_138 ]
1748033976.089650: 9640-7fa9c38f0000: cdpl_worker.c:1208: in cdpl_wk_finalize(): info: finishing task T137
1748033976.089949: 9640-7fa9b4fd1700: cdpl_worker.c:585: in cdpl_wk_listen(): debug: received ASSIGN message
1748033976.089982: 9640-7fa9c38f0000: cdpl_worker.c:1092: in cdpl_wk_wait_timeout(): info: starting task T162
1748033976.089993: 9640-7fa9c38f0000: cdpl_compat_worker.c:597: in cdplWorkerLogInfo(): info: [runOneAcquisitionAdaptive DFCSNQD4 Cin__CDN__lh__ACQ_1 job_163 ]
1748033978.887443: 9640-7fa9c38f0000: cdpl_worker.c:1208: in cdpl_wk_finalize(): info: finishing task T162
1748033978.894480: 9640-7fa9b4fd1700: cdpl_worker.c:585: in cdpl_wk_listen(): debug: received ASSIGN message
1748033978.903340: 9640-7fa9c38f0000: cdpl_worker.c:1092: in cdpl_wk_wait_timeout(): info: starting task T169
1748033978.903361: 9640-7fa9c38f0000: cdpl_compat_worker.c:597: in cdplWorkerLogInfo(): info: [runOneAcquisitionAdaptive LHQD2 Cin__D__lh__ACQ_1 job_170 ]
1748033981.421220: 9640-7fa9c38f0000: cdpl_worker.c:1208: in cdpl_wk_finalize(): info: finishing task T169
1748033981.432219: 9640-7fa9b4fd1700: cdpl_worker.c:585: in cdpl_wk_listen(): debug: received ASSIGN message
1748033981.432241: 9640-7fa9c38f0000: cdpl_worker.c:1092: in cdpl_wk_wait_timeout(): info: starting task T174
1748033981.432254: 9640-7fa9c38f0000: cdpl_compat_worker.c:597: in cdplWorkerLogInfo(): info: [runOneAcquisitionAdaptive LHQD2 leakage_power__ACQ_3 job_175 ]
1748033983.319106: 9640-7fa9c38f0000: cdpl_worker.c:1208: in cdpl_wk_finalize(): info: finishing task T174
1748033983.324284: 9640-7fa9b4fd1700: cdpl_worker.c:585: in cdpl_wk_listen(): debug: received ASSIGN message
1748033983.324300: 9640-7fa9c38f0000: cdpl_worker.c:1092: in cdpl_wk_wait_timeout(): info: starting task T179
1748033983.324322: 9640-7fa9c38f0000: cdpl_compat_worker.c:597: in cdplWorkerLogInfo(): info: [runOneAcquisitionAdaptive LHQD2 combined_setup_hold__D__lh__E__hl__ACQ_1 job_180 ]
1748034033.276534: 9640-7fa9c38f0000: cdpl_worker.c:1208: in cdpl_wk_finalize(): info: finishing task T179
1748034033.276882: 9640-7fa9b4fd1700: cdpl_worker.c:585: in cdpl_wk_listen(): debug: received ASSIGN message
1748034033.276894: 9640-7fa9c38f0000: cdpl_worker.c:1092: in cdpl_wk_wait_timeout(): info: starting task T393
1748034033.276905: 9640-7fa9c38f0000: cdpl_compat_worker.c:597: in cdplWorkerLogInfo(): info: [runOneAcquisitionAdaptive AN2D4 delay__A1__lh__Z__lh__ACQ_1 job_394 ]
1748034039.071710: 9640-7fa9c38f0000: cdpl_worker.c:1208: in cdpl_wk_finalize(): info: finishing task T393
1748034039.093392: 9640-7fa9b4fd1700: cdpl_worker.c:585: in cdpl_wk_listen(): debug: received ASSIGN message
1748034039.096816: 9640-7fa9c38f0000: cdpl_worker.c:1092: in cdpl_wk_wait_timeout(): info: starting task T432
1748034039.096837: 9640-7fa9c38f0000: cdpl_compat_worker.c:597: in cdplWorkerLogInfo(): info: [runOneAcquisitionAdaptive ND2D1 Cin__A1__lh__ACQ_1 job_433 ]
1748034040.862613: 9640-7fa9c38f0000: cdpl_worker.c:1208: in cdpl_wk_finalize(): info: finishing task T432
1748034040.865483: 9640-7fa9b4fd1700: cdpl_worker.c:585: in cdpl_wk_listen(): debug: received ASSIGN message
1748034040.867363: 9640-7fa9c38f0000: cdpl_worker.c:1092: in cdpl_wk_wait_timeout(): info: starting task T447
1748034040.867383: 9640-7fa9c38f0000: cdpl_compat_worker.c:597: in cdplWorkerLogInfo(): info: [runOneAcquisitionAdaptive ND2D2 Cin__A2__lh__ACQ_1 job_448 ]
1748034043.641659: 9640-7fa9c38f0000: cdpl_worker.c:1208: in cdpl_wk_finalize(): info: finishing task T447
1748034043.660330: 9640-7fa9b4fd1700: cdpl_worker.c:585: in cdpl_wk_listen(): debug: received ASSIGN message
1748034043.660469: 9640-7fa9c38f0000: cdpl_worker.c:1092: in cdpl_wk_wait_timeout(): info: starting task T468
1748034043.660489: 9640-7fa9c38f0000: cdpl_compat_worker.c:597: in cdplWorkerLogInfo(): info: [runOneAcquisitionAdaptive ND2D4 Cin__A1__hl__ACQ_1 job_469 ]
1748034046.776405: 9640-7fa9c38f0000: cdpl_worker.c:1208: in cdpl_wk_finalize(): info: finishing task T468
1748034046.776605: 9640-7fa9b4fd1700: cdpl_worker.c:585: in cdpl_wk_listen(): debug: received ASSIGN message
1748034046.776624: 9640-7fa9c38f0000: cdpl_worker.c:1092: in cdpl_wk_wait_timeout(): info: starting task T489
1748034046.776635: 9640-7fa9c38f0000: cdpl_compat_worker.c:597: in cdplWorkerLogInfo(): info: [runOneAcquisitionAdaptive NR2D0 delay__A2__lh__ZN__hl__ACQ_1 job_490 ]
1748034050.397547: 9640-7fa9c38f0000: cdpl_worker.c:1208: in cdpl_wk_finalize(): info: finishing task T489
1748034050.397761: 9640-7fa9b4fd1700: cdpl_worker.c:585: in cdpl_wk_listen(): debug: received ASSIGN message
1748034050.397771: 9640-7fa9c38f0000: cdpl_worker.c:1092: in cdpl_wk_wait_timeout(): info: starting task T516
1748034050.397779: 9640-7fa9c38f0000: cdpl_compat_worker.c:597: in cdplWorkerLogInfo(): info: [runOneAcquisitionAdaptive NR2D3 delay__A1__hl__ZN__lh__ACQ_1 job_517 ]
1748034055.491800: 9640-7fa9c38f0000: cdpl_worker.c:1208: in cdpl_wk_finalize(): info: finishing task T516
1748034055.506690: 9640-7fa9b4fd1700: cdpl_worker.c:585: in cdpl_wk_listen(): debug: received ASSIGN message
1748034055.506702: 9640-7fa9c38f0000: cdpl_worker.c:1092: in cdpl_wk_wait_timeout(): info: starting task T553
1748034055.506712: 9640-7fa9c38f0000: cdpl_compat_worker.c:597: in cdplWorkerLogInfo(): info: [runOneAcquisitionAdaptive OR2D1 delay__A1__lh__Z__lh__ACQ_1 job_554 ]
1748034059.961808: 9640-7fa9c38f0000: cdpl_worker.c:1208: in cdpl_wk_finalize(): info: finishing task T553
1748034059.966438: 9640-7fa9b4fd1700: cdpl_worker.c:585: in cdpl_wk_listen(): debug: received ASSIGN message
1748034059.966451: 9640-7fa9c38f0000: cdpl_worker.c:1092: in cdpl_wk_wait_timeout(): info: starting task T589
1748034059.966461: 9640-7fa9c38f0000: cdpl_compat_worker.c:597: in cdplWorkerLogInfo(): info: [runOneAcquisitionAdaptive OR2XD1 Cin__A2__lh__ACQ_1 job_590 ]
1748034061.516589: 9640-7fa9c38f0000: cdpl_worker.c:1208: in cdpl_wk_finalize(): info: finishing task T589
1748034061.516744: 9640-7fa9b4fd1700: cdpl_worker.c:585: in cdpl_wk_listen(): debug: received ASSIGN message
1748034061.516755: 9640-7fa9c38f0000: cdpl_worker.c:1092: in cdpl_wk_wait_timeout(): info: starting task T601
1748034061.516764: 9640-7fa9c38f0000: cdpl_compat_worker.c:597: in cdplWorkerLogInfo(): info: [runOneAcquisitionAdaptive XNR2D1 delay__A2__lh__ZN__lh__ACQ_1 job_602 ]
1748034067.111901: 9640-7fa9c38f0000: cdpl_worker.c:1208: in cdpl_wk_finalize(): info: finishing task T601
1748034067.119044: 9640-7fa9b4fd1700: cdpl_worker.c:585: in cdpl_wk_listen(): debug: received ASSIGN message
1748034067.127332: 9640-7fa9c38f0000: cdpl_worker.c:1092: in cdpl_wk_wait_timeout(): info: starting task T631
1748034067.127351: 9640-7fa9c38f0000: cdpl_compat_worker.c:597: in cdplWorkerLogInfo(): info: [runOneAcquisitionAdaptive XOR2D0 delay__A1__lh__Z__lh__ACQ_1 job_632 ]
1748034072.240781: 9640-7fa9c38f0000: cdpl_worker.c:1208: in cdpl_wk_finalize(): info: finishing task T631
1748034072.241070: 9640-7fa9b4fd1700: cdpl_worker.c:585: in cdpl_wk_listen(): debug: received ASSIGN message
1748034072.241106: 9640-7fa9c38f0000: cdpl_worker.c:1092: in cdpl_wk_wait_timeout(): info: starting task T652
1748034072.241117: 9640-7fa9c38f0000: cdpl_compat_worker.c:597: in cdplWorkerLogInfo(): info: [runOneAcquisitionAdaptive XOR2D2 delay__A1__hl__Z__hl__ACQ_1 job_653 ]
1748034077.457687: 9640-7fa9c38f0000: cdpl_worker.c:1208: in cdpl_wk_finalize(): info: finishing task T652
1748034077.463590: 9640-7fa9b4fd1700: cdpl_worker.c:585: in cdpl_wk_listen(): debug: received ASSIGN message
1748034077.466822: 9640-7fa9c38f0000: cdpl_worker.c:1092: in cdpl_wk_wait_timeout(): info: starting task T683
1748034077.466836: 9640-7fa9c38f0000: cdpl_compat_worker.c:597: in cdplWorkerLogInfo(): info: [runOneAcquisitionAdaptive BUFFD3 delay__I__lh__Z__lh__ACQ_1 job_684 ]
1748034081.522461: 9640-7fa9c38f0000: cdpl_worker.c:1208: in cdpl_wk_finalize(): info: finishing task T683
1748034081.532954: 9640-7fa9b4fd1700: cdpl_worker.c:585: in cdpl_wk_listen(): debug: received ASSIGN message
1748034081.532992: 9640-7fa9c38f0000: cdpl_worker.c:1092: in cdpl_wk_wait_timeout(): info: starting task T716
1748034081.533004: 9640-7fa9c38f0000: cdpl_compat_worker.c:597: in cdplWorkerLogInfo(): info: [runOneAcquisitionAdaptive INVD2 delay__I__hl__ZN__lh__ACQ_1 job_717 ]
1748034084.414781: 9640-7fa9c38f0000: cdpl_worker.c:1208: in cdpl_wk_finalize(): info: finishing task T716
1748034084.414935: 9640-7fa9b4fd1700: cdpl_worker.c:585: in cdpl_wk_listen(): debug: received ASSIGN message
1748034084.414952: 9640-7fa9c38f0000: cdpl_worker.c:1092: in cdpl_wk_wait_timeout(): info: starting task T733
1748034084.414965: 9640-7fa9c38f0000: cdpl_compat_worker.c:597: in cdplWorkerLogInfo(): info: [runOneAcquisitionAdaptive INVD6 leakage_power__ACQ_1 job_734 ]
1748034085.901101: 9640-7fa9c38f0000: cdpl_worker.c:1208: in cdpl_wk_finalize(): info: finishing task T733
1748034094.724757: 9640-7fa9b4fd1700: cdpl_worker.c:616: in cdpl_wk_listen(): debug: received RELAY message
1748034095.257340: 9640-7fa9b4fd1700: cdpl_worker.c:585: in cdpl_wk_listen(): debug: received ASSIGN message
1748034095.257391: 9640-7fa9c38f0000: cdpl_worker.c:1092: in cdpl_wk_wait_timeout(): info: starting task T746
1748034095.322594: 9640-7fa9c38f0000: cdpl_compat_worker.c:597: in cdplWorkerLogInfo(): info: [modelOneCellAdaptive {AOI21D1 }]
1748034097.094693: 9640-7fa9c38f0000: cdpl_worker.c:1208: in cdpl_wk_finalize(): info: finishing task T746
1748034097.446476: 9640-7fa9b4fd1700: cdpl_worker.c:585: in cdpl_wk_listen(): debug: received ASSIGN message
1748034097.446503: 9640-7fa9c38f0000: cdpl_worker.c:1092: in cdpl_wk_wait_timeout(): info: starting task T767
1748034097.446522: 9640-7fa9c38f0000: cdpl_compat_worker.c:597: in cdplWorkerLogInfo(): info: [modelOneCellAdaptive {ND2D4 }]
1748034100.243844: 9640-7fa9c38f0000: cdpl_worker.c:1208: in cdpl_wk_finalize(): info: finishing task T767
1748034100.247545: 9640-7fa9b4fd1700: cdpl_worker.c:585: in cdpl_wk_listen(): debug: received ASSIGN message
1748034100.247556: 9640-7fa9c38f0000: cdpl_worker.c:1092: in cdpl_wk_wait_timeout(): info: starting task T787
1748034100.247566: 9640-7fa9c38f0000: cdpl_compat_worker.c:597: in cdplWorkerLogInfo(): info: [modelOneCellAdaptive {BUFFD0 }]
1748034102.566940: 9640-7fa9c38f0000: cdpl_worker.c:1208: in cdpl_wk_finalize(): info: finishing task T787
1748034102.573620: 9640-7fa9b4fd1700: cdpl_worker.c:585: in cdpl_wk_listen(): debug: received ASSIGN message
1748034102.573634: 9640-7fa9c38f0000: cdpl_worker.c:1092: in cdpl_wk_wait_timeout(): info: starting task T804
1748034102.573645: 9640-7fa9c38f0000: cdpl_compat_worker.c:597: in cdplWorkerLogInfo(): info: [modelOneCellAdaptive {INVD4 }]
1748034103.688890: 9640-7fa9c38f0000: cdpl_worker.c:1208: in cdpl_wk_finalize(): info: finishing task T804
1748034128.958122: 9640-7fa9b4fd1700: cdpl_worker.c:616: in cdpl_wk_listen(): debug: received RELAY message
1748034128.988955: 9640-7fa9b57d2700: cdpl_ipc.c:606: in _readv(): warning: read(): EOF
1748034128.989024: 9640-7fa9b57d2700: cdpl_ipc.c:1462: in _epoll_recv(): debug: _readv(): Broken pipe
1748034128.989052: 9640-7fa9b57d2700: cdpl_ipc.c:1683: in _epoll_main(): debug: _epoll_recv(): Broken pipe
1748034128.989069: 9640-7fa9b57d2700: cdpl_ipc.c:1061: in _host_drop__UNSAFE(): debug: dropping host `128.54.67.138:41471'
1748034128.989240: 9640-7fa9b4fd1700: cdpl_worker.c:561: in cdpl_wk_listen(): debug: received DROP notification
1748034128.989254: 9640-7fa9b4fd1700: cdpl_worker.c:565: in cdpl_wk_listen(): debug: we were dropped by the server
1748034128.989259: 9640-7fa9b4fd1700: cdpl_worker.c:492: in _wk_kill(): debug: killing worker
1748034128.989263: 9640-7fa9b4fd1700: cdpl_ipc.c:2481: in cdpl_ipc_kill(): debug: stopping event server
1748034128.989280: 9640-7fa9b4fd1700: cdpl_worker.c:542: in cdpl_wk_listen(): debug: leaving now
1748034128.989369: 9640-7fa9c38f0000: cdpl_compat_worker.c:597: in cdplWorkerLogInfo(): info: [Worker shutdown. Code: 3]
1748034128.989426: 9640-7fa9b57d2700: cdpl_ipc.c:1720: in _epoll_main(): debug: server going down...
1748034128.992540: 9640-7fa9c38f0000: cdpl_worker.c:856: in _wk_shutdown(): debug: waiting for heartbeat thread
1748034128.992573: 9640-7fa9b47d0700: cdpl_worker.c:709: in cdpl_wk_heartbeat(): info: stopping heartbeat
1748034128.992601: 9640-7fa9c38f0000: cdpl_ipc.c:1781: in cdpl_ipc_host_release(): debug: releasing host `128.54.67.138:41471'
1748034128.992642: 9640-7fa9c38f0000: cdpl_ipc.c:2532: in cdpl_ipc_free(): debug: releasing IPC handle
1748034128.992652: 9640-7fa9c38f0000: cdpl_ipc.c:986: in _host_free__UNSAFE(): debug: freeing host `128.54.67.138:41471'
1748034128.992661: 9640-7fa9c38f0000: cdpl_ipc.c:1028: in _host_free__UNSAFE(): debug: [0 outq, 0 spR, 0 spW]
1748034128.992722: 9640-7fa9c38f0000: cdpl_ipc.c:2571: in cdpl_ipc_free(): debug: done
1748034128.992731: 9640-7fa9c38f0000: cdpl_worker.c:912: in cdpl_wk_free(): info: freed
1748034128.992739: 9640-7fa9c38f0000: cdpl_log.c:359: in cdpl_log_close(): debug: @@end_of_log@@
