1748033906.397377: 9120-7f84adaf2000: cdpl_log.c:221: in cdpl_log_open(): debug: @@start_of_log@@
1748033906.397409: 9120-7f84adaf2000: cdpl_log.c:729: in cdpl_log_dump_sysinfo(): info: time: 2025/05/23 13:58:26 PDT -0700
1748033906.397413: 9120-7f84adaf2000: cdpl_log.c:731: in cdpl_log_dump_sysinfo(): info: version: L_2016.03_SP2_PROD_CDPL 
1748033906.397416: 9120-7f84adaf2000: cdpl_log.c:736: in cdpl_log_dump_sysinfo(): info: system: Linux 3.10.0-1160.119.1.el7.x86_64 #1 SMP Tue Jun 4 14:43:51 UTC 2024
1748033906.397418: 9120-7f84adaf2000: cdpl_log.c:740: in cdpl_log_dump_sysinfo(): info: processor: x86_64 64-bits
1748033906.397421: 9120-7f84adaf2000: cdpl_log.c:742: in cdpl_log_dump_sysinfo(): info: hostname: ieng6-ece-08.ucsd.edu
1748033906.397423: 9120-7f84adaf2000: cdpl_log.c:223: in cdpl_log_open(): debug: path: /home/linux/ieng6/cs241asp25/cs241asp25bu/lab5/run_siliconsmart/LIB_FF_1.1_125_ALL/runtime/cdpl/worker.W5.ieng6-ece-08.ucsd.edu.9120.log
1748033906.397426: 9120-7f84adaf2000: cdpl_log.c:224: in cdpl_log_open(): debug: dir: /home/linux/ieng6/cs241asp25/cs241asp25bu/lab5/run_siliconsmart/LIB_FF_1.1_125_ALL/runtime/cdpl
1748033906.397433: 9120-7f84adaf2000: cdpl_worker.c:728: in cdpl_wk_new(): info: creating worker instance
1748033906.398673: 9120-7f84adaf2000: cdpl_worker.c:925: in cdpl_wk_start(): debug: starting worker
1748033906.398682: 9120-7f84adaf2000: cdpl_worker.c:276: in cdpl_wk_setup(): info: CDPL_SERVER is "128.54.67.138:41471"
1748033906.398686: 9120-7f84adaf2000: cdpl_worker.c:299: in cdpl_wk_setup(): info: server 128.54.67.138, port 41471
1748033906.398689: 9120-7f84adaf2000: cdpl_worker.c:319: in cdpl_wk_setup(): info: CDPL_ID is "5:1:1:1:99684891"
1748033906.398697: 9120-7f84adaf2000: cdpl_worker.c:361: in cdpl_wk_setup(): info: we are W5-B1-J1-M1-S99684891
1748033906.398700: 9120-7f84adaf2000: cdpl_worker.c:363: in cdpl_wk_setup(): info: we are on host ieng6-ece-08.ucsd.edu
1748033906.398702: 9120-7f84adaf2000: cdpl_worker.c:372: in cdpl_wk_daemonize(): debug: will *not* daemonize
1748033906.398706: 9120-7f84adaf2000: cdpl_ipc.c:2593: in cdpl_ipc_connect(): info: connecting to 128.54.67.138:41471
1748033906.398769: 9120-7f84adaf2000: cdpl_ipc.c:2659: in cdpl_ipc_connect(): info: connected as `128.54.67.138:42714'
1748033906.398782: 9120-7f84adaf2000: cdpl_ipc.c:1763: in cdpl_ipc_host_accept(): debug: accepted host `128.54.67.138:41471'
1748033906.398789: 9120-7f84adaf2000: cdpl_ipc.c:2436: in cdpl_ipc_start(): debug: starting IPC server 128.54.67.138:44881
1748033906.398884: 9120-7f84adaf2000: cdpl_compat_worker.c:148: in cdplStartWorker(): info: SNPSLMD_LICENSE_FILE is 1705@its-flexlm-lnx4.ucsd.edu:1705@acms-flexlm-lnx4.ucsd.edu,1705@acms-flexlm-lnx5.ucsd.edu,1705@acms-flexlm-lnx6.ucsd.edu
1748033906.398946: 9120-7f84adaf2000: cdpl_compat_worker.c:597: in cdplWorkerLogInfo(): info: [Maximum lifespan of worker is set to 1200m]
1748033906.398986: 9120-7f84adaf2000: cdpl_compat_worker.c:597: in cdplWorkerLogInfo(): info: [Peak virtual memory is set to 128GB]
1748033906.413690: 9120-7f849f1d3700: cdpl_worker.c:528: in cdpl_wk_listen(): debug: ready
1748033906.413702: 9120-7f849f1d3700: cdpl_worker.c:585: in cdpl_wk_listen(): debug: received ASSIGN message
1748033906.422327: 9120-7f84adaf2000: cdpl_worker.c:1092: in cdpl_wk_wait_timeout(): info: starting task T5
1748033906.422353: 9120-7f84adaf2000: cdpl_compat_worker.c:597: in cdplWorkerLogInfo(): info: [configOneCellAdaptive { AN2XD1 }]
1748033906.424362: 9120-7f849e9d2700: cdpl_worker.c:656: in cdpl_wk_heartbeat(): debug: starting heartbeat
1748033906.424374: 9120-7f849e9d2700: cdpl_worker.c:665: in cdpl_wk_heartbeat(): info: setting heartbeat period to 60 sec
1748033906.424377: 9120-7f849e9d2700: cdpl_worker.c:673: in cdpl_wk_heartbeat(): info: first heartbeat in 1 sec
1748033906.806987: 9120-7f84adaf2000: cdpl_worker.c:1208: in cdpl_wk_finalize(): info: finishing task T5
1748033906.829326: 9120-7f849f1d3700: cdpl_worker.c:585: in cdpl_wk_listen(): debug: received ASSIGN message
1748033906.837350: 9120-7f84adaf2000: cdpl_worker.c:1092: in cdpl_wk_wait_timeout(): info: starting task T11
1748033906.837374: 9120-7f84adaf2000: cdpl_compat_worker.c:597: in cdplWorkerLogInfo(): info: [configOneCellAdaptive { BUFFD1 }]
1748033907.011293: 9120-7f84adaf2000: cdpl_worker.c:1208: in cdpl_wk_finalize(): info: finishing task T11
1748033907.114463: 9120-7f849f1d3700: cdpl_worker.c:585: in cdpl_wk_listen(): debug: received ASSIGN message
1748033907.114480: 9120-7f84adaf2000: cdpl_worker.c:1092: in cdpl_wk_wait_timeout(): info: starting task T16
1748033907.114490: 9120-7f84adaf2000: cdpl_compat_worker.c:597: in cdplWorkerLogInfo(): info: [configOneCellAdaptive { BUFFD4 }]
1748033907.246437: 9120-7f84adaf2000: cdpl_worker.c:1208: in cdpl_wk_finalize(): info: finishing task T16
1748033908.118632: 9120-7f849f1d3700: cdpl_worker.c:585: in cdpl_wk_listen(): debug: received ASSIGN message
1748033908.118656: 9120-7f84adaf2000: cdpl_worker.c:1092: in cdpl_wk_wait_timeout(): info: starting task T25
1748033908.118671: 9120-7f84adaf2000: cdpl_compat_worker.c:597: in cdplWorkerLogInfo(): info: [configOneCellAdaptive { INVD16 }]
1748033908.294267: 9120-7f84adaf2000: cdpl_worker.c:1208: in cdpl_wk_finalize(): info: finishing task T25
1748033908.317073: 9120-7f849f1d3700: cdpl_worker.c:585: in cdpl_wk_listen(): debug: received ASSIGN message
1748033908.317096: 9120-7f84adaf2000: cdpl_worker.c:1092: in cdpl_wk_wait_timeout(): info: starting task T32
1748033908.317113: 9120-7f84adaf2000: cdpl_compat_worker.c:597: in cdplWorkerLogInfo(): info: [configOneCellAdaptive { INVD8 }]
1748033908.550801: 9120-7f84adaf2000: cdpl_worker.c:1208: in cdpl_wk_finalize(): info: finishing task T32
1748033908.569347: 9120-7f849f1d3700: cdpl_worker.c:585: in cdpl_wk_listen(): debug: received ASSIGN message
1748033908.574878: 9120-7f84adaf2000: cdpl_worker.c:1092: in cdpl_wk_wait_timeout(): info: starting task T38
1748033908.574894: 9120-7f84adaf2000: cdpl_compat_worker.c:597: in cdplWorkerLogInfo(): info: [configOneCellAdaptive { ND2D0 }]
1748033909.225721: 9120-7f84adaf2000: cdpl_worker.c:1208: in cdpl_wk_finalize(): info: finishing task T38
1748033909.226662: 9120-7f849f1d3700: cdpl_worker.c:585: in cdpl_wk_listen(): debug: received ASSIGN message
1748033909.226686: 9120-7f84adaf2000: cdpl_worker.c:1092: in cdpl_wk_wait_timeout(): info: starting task T45
1748033909.226701: 9120-7f84adaf2000: cdpl_compat_worker.c:597: in cdplWorkerLogInfo(): info: [configOneCellAdaptive { NR2D1 }]
1748033910.354032: 9120-7f84adaf2000: cdpl_worker.c:1208: in cdpl_wk_finalize(): info: finishing task T45
1748033910.354598: 9120-7f849f1d3700: cdpl_worker.c:585: in cdpl_wk_listen(): debug: received ASSIGN message
1748033910.364954: 9120-7f84adaf2000: cdpl_worker.c:1092: in cdpl_wk_wait_timeout(): info: starting task T53
1748033910.364971: 9120-7f84adaf2000: cdpl_compat_worker.c:597: in cdplWorkerLogInfo(): info: [configOneCellAdaptive { OAI21D4 }]
1748033911.444701: 9120-7f84adaf2000: cdpl_worker.c:1208: in cdpl_wk_finalize(): info: finishing task T53
1748033940.024493: 9120-7f849f1d3700: cdpl_worker.c:616: in cdpl_wk_listen(): debug: received RELAY message
1748033940.210971: 9120-7f849f1d3700: cdpl_worker.c:616: in cdpl_wk_listen(): debug: received RELAY message
1748033941.939012: 9120-7f849f1d3700: cdpl_worker.c:585: in cdpl_wk_listen(): debug: received ASSIGN message
1748033941.939184: 9120-7f84adaf2000: cdpl_worker.c:1092: in cdpl_wk_wait_timeout(): info: starting task T83
1748033942.394786: 9120-7f84adaf2000: cdpl_compat_worker.c:597: in cdplWorkerLogInfo(): info: [runOneAcquisitionAdaptive DFCSNQD1 removal__SDN__lh__CP__lh__ACQ_1 job_84 ]
1748033967.147262: 9120-7f84adaf2000: cdpl_worker.c:1208: in cdpl_wk_finalize(): info: finishing task T83
1748033967.147550: 9120-7f849f1d3700: cdpl_worker.c:585: in cdpl_wk_listen(): debug: received ASSIGN message
1748033967.147588: 9120-7f84adaf2000: cdpl_worker.c:1092: in cdpl_wk_wait_timeout(): info: starting task T143
1748033967.147599: 9120-7f84adaf2000: cdpl_compat_worker.c:597: in cdplWorkerLogInfo(): info: [runOneAcquisitionAdaptive DFCSNQD4 cmpw__SDN__hl__SDN__lh__ACQ_1 job_144 ]
1748033970.112210: 9120-7f84adaf2000: cdpl_worker.c:1208: in cdpl_wk_finalize(): info: finishing task T143
1748033970.116207: 9120-7f849f1d3700: cdpl_worker.c:585: in cdpl_wk_listen(): debug: received ASSIGN message
1748033970.116228: 9120-7f84adaf2000: cdpl_worker.c:1092: in cdpl_wk_wait_timeout(): info: starting task T149
1748033970.116242: 9120-7f84adaf2000: cdpl_compat_worker.c:597: in cdplWorkerLogInfo(): info: [runOneAcquisitionAdaptive DFCSNQD4 asynch_removal__SDN__lh__CDN__lh__ACQ_1 job_150 ]
1748033993.606006: 9120-7f84adaf2000: cdpl_worker.c:1208: in cdpl_wk_finalize(): info: finishing task T149
1748033993.612397: 9120-7f849f1d3700: cdpl_worker.c:585: in cdpl_wk_listen(): debug: received ASSIGN message
1748033993.612409: 9120-7f84adaf2000: cdpl_worker.c:1092: in cdpl_wk_wait_timeout(): info: starting task T197
1748033993.612418: 9120-7f84adaf2000: cdpl_compat_worker.c:597: in cdplWorkerLogInfo(): info: [runOneAcquisitionAdaptive AOI21D0 delay__B__lh__ZN__hl__ACQ_1 job_198 ]
1748033997.967475: 9120-7f84adaf2000: cdpl_worker.c:1208: in cdpl_wk_finalize(): info: finishing task T197
1748033997.992482: 9120-7f849f1d3700: cdpl_worker.c:585: in cdpl_wk_listen(): debug: received ASSIGN message
1748033997.992507: 9120-7f84adaf2000: cdpl_worker.c:1092: in cdpl_wk_wait_timeout(): info: starting task T217
1748033997.992527: 9120-7f84adaf2000: cdpl_compat_worker.c:597: in cdplWorkerLogInfo(): info: [runOneAcquisitionAdaptive AOI21D2 leakage_power__ACQ_2 job_218 ]
1748033999.839842: 9120-7f84adaf2000: cdpl_worker.c:1208: in cdpl_wk_finalize(): info: finishing task T217
1748033999.850550: 9120-7f849f1d3700: cdpl_worker.c:585: in cdpl_wk_listen(): debug: received ASSIGN message
1748033999.850598: 9120-7f84adaf2000: cdpl_worker.c:1092: in cdpl_wk_wait_timeout(): info: starting task T221
1748033999.850611: 9120-7f84adaf2000: cdpl_compat_worker.c:597: in cdplWorkerLogInfo(): info: [runOneAcquisitionAdaptive AOI21D2 Cin__A1__hl__ACQ_1 job_222 ]
1748034002.115796: 9120-7f84adaf2000: cdpl_worker.c:1208: in cdpl_wk_finalize(): info: finishing task T221
1748034002.116015: 9120-7f849f1d3700: cdpl_worker.c:585: in cdpl_wk_listen(): debug: received ASSIGN message
1748034002.116169: 9120-7f84adaf2000: cdpl_worker.c:1092: in cdpl_wk_wait_timeout(): info: starting task T233
1748034002.116183: 9120-7f84adaf2000: cdpl_compat_worker.c:597: in cdplWorkerLogInfo(): info: [runOneAcquisitionAdaptive AOI21D4 delay__A1__hl__ZN__lh__ACQ_1 job_234 ]
1748034010.331829: 9120-7f84adaf2000: cdpl_worker.c:1208: in cdpl_wk_finalize(): info: finishing task T233
1748034010.332143: 9120-7f849f1d3700: cdpl_worker.c:585: in cdpl_wk_listen(): debug: received ASSIGN message
1748034010.332184: 9120-7f84adaf2000: cdpl_worker.c:1092: in cdpl_wk_wait_timeout(): info: starting task T261
1748034010.332195: 9120-7f84adaf2000: cdpl_compat_worker.c:597: in cdplWorkerLogInfo(): info: [runOneAcquisitionAdaptive MUX2D1 Cin__I1__lh__ACQ_1 job_262 ]
1748034012.325881: 9120-7f84adaf2000: cdpl_worker.c:1208: in cdpl_wk_finalize(): info: finishing task T261
1748034012.331448: 9120-7f849f1d3700: cdpl_worker.c:585: in cdpl_wk_listen(): debug: received ASSIGN message
1748034012.339795: 9120-7f84adaf2000: cdpl_worker.c:1092: in cdpl_wk_wait_timeout(): info: starting task T272
1748034012.339815: 9120-7f84adaf2000: cdpl_compat_worker.c:597: in cdplWorkerLogInfo(): info: [runOneAcquisitionAdaptive MUX2D1 Cin__S__lh__ACQ_1 job_273 ]
1748034014.305027: 9120-7f84adaf2000: cdpl_worker.c:1208: in cdpl_wk_finalize(): info: finishing task T272
1748034014.305202: 9120-7f849f1d3700: cdpl_worker.c:585: in cdpl_wk_listen(): debug: received ASSIGN message
1748034014.305210: 9120-7f84adaf2000: cdpl_worker.c:1092: in cdpl_wk_wait_timeout(): info: starting task T280
1748034014.305219: 9120-7f84adaf2000: cdpl_compat_worker.c:597: in cdplWorkerLogInfo(): info: [runOneAcquisitionAdaptive MUX2D2 delay__I1__lh__Z__lh__ACQ_1 job_281 ]
1748034020.127594: 9120-7f84adaf2000: cdpl_worker.c:1208: in cdpl_wk_finalize(): info: finishing task T280
1748034020.137444: 9120-7f849f1d3700: cdpl_worker.c:585: in cdpl_wk_listen(): debug: received ASSIGN message
1748034020.141327: 9120-7f84adaf2000: cdpl_worker.c:1092: in cdpl_wk_wait_timeout(): info: starting task T309
1748034020.141341: 9120-7f84adaf2000: cdpl_compat_worker.c:597: in cdplWorkerLogInfo(): info: [runOneAcquisitionAdaptive OAI21D0 delay__A1__lh__ZN__hl__ACQ_1 job_310 ]
1748034023.953277: 9120-7f84adaf2000: cdpl_worker.c:1208: in cdpl_wk_finalize(): info: finishing task T309
1748034023.961840: 9120-7f849f1d3700: cdpl_worker.c:585: in cdpl_wk_listen(): debug: received ASSIGN message
1748034023.971330: 9120-7f84adaf2000: cdpl_worker.c:1092: in cdpl_wk_wait_timeout(): info: starting task T332
1748034023.971351: 9120-7f84adaf2000: cdpl_compat_worker.c:597: in cdplWorkerLogInfo(): info: [runOneAcquisitionAdaptive OAI21D1 delay__B__hl__ZN__lh__ACQ_1 job_333 ]
1748034027.869359: 9120-7f84adaf2000: cdpl_worker.c:1208: in cdpl_wk_finalize(): info: finishing task T332
1748034027.880344: 9120-7f849f1d3700: cdpl_worker.c:585: in cdpl_wk_listen(): debug: received ASSIGN message
1748034027.880389: 9120-7f84adaf2000: cdpl_worker.c:1092: in cdpl_wk_wait_timeout(): info: starting task T356
1748034027.880401: 9120-7f84adaf2000: cdpl_compat_worker.c:597: in cdplWorkerLogInfo(): info: [runOneAcquisitionAdaptive OAI21D4 delay__A2__lh__ZN__hl__ACQ_1 job_357 ]
1748034035.670698: 9120-7f84adaf2000: cdpl_worker.c:1208: in cdpl_wk_finalize(): info: finishing task T356
1748034035.712749: 9120-7f849f1d3700: cdpl_worker.c:585: in cdpl_wk_listen(): debug: received ASSIGN message
1748034035.712765: 9120-7f84adaf2000: cdpl_worker.c:1092: in cdpl_wk_wait_timeout(): info: starting task T409
1748034035.712775: 9120-7f84adaf2000: cdpl_compat_worker.c:597: in cdplWorkerLogInfo(): info: [runOneAcquisitionAdaptive AN2D8 Cin__A2__lh__ACQ_1 job_410 ]
1748034037.633279: 9120-7f84adaf2000: cdpl_worker.c:1208: in cdpl_wk_finalize(): info: finishing task T409
1748034037.641556: 9120-7f849f1d3700: cdpl_worker.c:585: in cdpl_wk_listen(): debug: received ASSIGN message
1748034037.641571: 9120-7f84adaf2000: cdpl_worker.c:1092: in cdpl_wk_wait_timeout(): info: starting task T425
1748034037.641582: 9120-7f84adaf2000: cdpl_compat_worker.c:597: in cdplWorkerLogInfo(): info: [runOneAcquisitionAdaptive ND2D0 delay__A1__hl__ZN__lh__ACQ_1 job_426 ]
1748034040.939929: 9120-7f84adaf2000: cdpl_worker.c:1208: in cdpl_wk_finalize(): info: finishing task T425
1748034040.951044: 9120-7f849f1d3700: cdpl_worker.c:585: in cdpl_wk_listen(): debug: received ASSIGN message
1748034040.951058: 9120-7f84adaf2000: cdpl_worker.c:1092: in cdpl_wk_wait_timeout(): info: starting task T449
1748034040.951067: 9120-7f84adaf2000: cdpl_compat_worker.c:597: in cdplWorkerLogInfo(): info: [runOneAcquisitionAdaptive ND2D2 delay__A2__lh__ZN__hl__ACQ_1 job_450 ]
1748034045.170159: 9120-7f84adaf2000: cdpl_worker.c:1208: in cdpl_wk_finalize(): info: finishing task T449
1748034045.173622: 9120-7f849f1d3700: cdpl_worker.c:585: in cdpl_wk_listen(): debug: received ASSIGN message
1748034045.173633: 9120-7f84adaf2000: cdpl_worker.c:1092: in cdpl_wk_wait_timeout(): info: starting task T478
1748034045.173642: 9120-7f84adaf2000: cdpl_compat_worker.c:597: in cdplWorkerLogInfo(): info: [runOneAcquisitionAdaptive ND2D8 Cin__A1__hl__ACQ_1 job_479 ]
1748034048.251283: 9120-7f84adaf2000: cdpl_worker.c:1208: in cdpl_wk_finalize(): info: finishing task T478
1748034048.261666: 9120-7f849f1d3700: cdpl_worker.c:585: in cdpl_wk_listen(): debug: received ASSIGN message
1748034048.263069: 9120-7f84adaf2000: cdpl_worker.c:1092: in cdpl_wk_wait_timeout(): info: starting task T500
1748034048.263092: 9120-7f84adaf2000: cdpl_compat_worker.c:597: in cdplWorkerLogInfo(): info: [runOneAcquisitionAdaptive NR2D1 delay__A2__hl__ZN__lh__ACQ_1 job_501 ]
1748034052.423692: 9120-7f84adaf2000: cdpl_worker.c:1208: in cdpl_wk_finalize(): info: finishing task T500
1748034052.424053: 9120-7f849f1d3700: cdpl_worker.c:585: in cdpl_wk_listen(): debug: received ASSIGN message
1748034052.424064: 9120-7f84adaf2000: cdpl_worker.c:1092: in cdpl_wk_wait_timeout(): info: starting task T530
1748034052.424072: 9120-7f84adaf2000: cdpl_compat_worker.c:597: in cdplWorkerLogInfo(): info: [runOneAcquisitionAdaptive NR2D4 delay__A2__hl__ZN__lh__ACQ_1 job_531 ]
1748034058.895894: 9120-7f84adaf2000: cdpl_worker.c:1208: in cdpl_wk_finalize(): info: finishing task T530
1748034058.898164: 9120-7f849f1d3700: cdpl_worker.c:585: in cdpl_wk_listen(): debug: received ASSIGN message
1748034058.898185: 9120-7f84adaf2000: cdpl_worker.c:1092: in cdpl_wk_wait_timeout(): info: starting task T579
1748034058.898199: 9120-7f84adaf2000: cdpl_compat_worker.c:597: in cdplWorkerLogInfo(): info: [runOneAcquisitionAdaptive OR2D4 Cin__A2__lh__ACQ_1 job_580 ]
1748034060.482701: 9120-7f84adaf2000: cdpl_worker.c:1208: in cdpl_wk_finalize(): info: finishing task T579
1748034060.488548: 9120-7f849f1d3700: cdpl_worker.c:585: in cdpl_wk_listen(): debug: received ASSIGN message
1748034060.488587: 9120-7f84adaf2000: cdpl_worker.c:1092: in cdpl_wk_wait_timeout(): info: starting task T592
1748034060.488600: 9120-7f84adaf2000: cdpl_compat_worker.c:597: in cdplWorkerLogInfo(): info: [runOneAcquisitionAdaptive XNR2D0 delay__A2__hl__ZN__hl__ACQ_1 job_593 ]
1748034065.801104: 9120-7f84adaf2000: cdpl_worker.c:1208: in cdpl_wk_finalize(): info: finishing task T592
1748034065.801428: 9120-7f849f1d3700: cdpl_worker.c:585: in cdpl_wk_listen(): debug: received ASSIGN message
1748034065.801437: 9120-7f84adaf2000: cdpl_worker.c:1092: in cdpl_wk_wait_timeout(): info: starting task T621
1748034065.801446: 9120-7f84adaf2000: cdpl_compat_worker.c:597: in cdplWorkerLogInfo(): info: [runOneAcquisitionAdaptive XNR2D4 delay__A2__lh__ZN__lh__ACQ_1 job_622 ]
1748034074.378575: 9120-7f84adaf2000: cdpl_worker.c:1208: in cdpl_wk_finalize(): info: finishing task T621
1748034074.379225: 9120-7f849f1d3700: cdpl_worker.c:585: in cdpl_wk_listen(): debug: received ASSIGN message
1748034074.379236: 9120-7f84adaf2000: cdpl_worker.c:1092: in cdpl_wk_wait_timeout(): info: starting task T659
1748034074.379245: 9120-7f84adaf2000: cdpl_compat_worker.c:597: in cdplWorkerLogInfo(): info: [runOneAcquisitionAdaptive XOR2D2 delay__A2__lh__Z__hl__ACQ_1 job_660 ]
1748034079.898454: 9120-7f84adaf2000: cdpl_worker.c:1208: in cdpl_wk_finalize(): info: finishing task T659
1748034079.900875: 9120-7f849f1d3700: cdpl_worker.c:585: in cdpl_wk_listen(): debug: received ASSIGN message
1748034079.900889: 9120-7f84adaf2000: cdpl_worker.c:1092: in cdpl_wk_wait_timeout(): info: starting task T704
1748034079.900899: 9120-7f84adaf2000: cdpl_compat_worker.c:597: in cdplWorkerLogInfo(): info: [runOneAcquisitionAdaptive INVD1 delay__I__hl__ZN__lh__ACQ_1 job_705 ]
1748034083.018332: 9120-7f84adaf2000: cdpl_worker.c:1208: in cdpl_wk_finalize(): info: finishing task T704
1748034083.018477: 9120-7f849f1d3700: cdpl_worker.c:585: in cdpl_wk_listen(): debug: received ASSIGN message
1748034083.018494: 9120-7f84adaf2000: cdpl_worker.c:1092: in cdpl_wk_wait_timeout(): info: starting task T727
1748034083.018505: 9120-7f84adaf2000: cdpl_compat_worker.c:597: in cdplWorkerLogInfo(): info: [runOneAcquisitionAdaptive INVD3 delay__I__lh__ZN__hl__ACQ_1 job_728 ]
1748034085.986265: 9120-7f84adaf2000: cdpl_worker.c:1208: in cdpl_wk_finalize(): info: finishing task T727
1748034094.724610: 9120-7f849f1d3700: cdpl_worker.c:616: in cdpl_wk_listen(): debug: received RELAY message
1748034095.467327: 9120-7f849f1d3700: cdpl_worker.c:585: in cdpl_wk_listen(): debug: received ASSIGN message
1748034095.467366: 9120-7f84adaf2000: cdpl_worker.c:1092: in cdpl_wk_wait_timeout(): info: starting task T748
1748034095.529346: 9120-7f84adaf2000: cdpl_compat_worker.c:597: in cdplWorkerLogInfo(): info: [modelOneCellAdaptive {AOI21D4 }]
1748034097.906218: 9120-7f84adaf2000: cdpl_worker.c:1208: in cdpl_wk_finalize(): info: finishing task T748
1748034097.906387: 9120-7f849f1d3700: cdpl_worker.c:585: in cdpl_wk_listen(): debug: received ASSIGN message
1748034097.911487: 9120-7f84adaf2000: cdpl_worker.c:1092: in cdpl_wk_wait_timeout(): info: starting task T772
1748034097.911508: 9120-7f84adaf2000: cdpl_compat_worker.c:597: in cdplWorkerLogInfo(): info: [modelOneCellAdaptive {NR2D3 }]
1748034100.892810: 9120-7f84adaf2000: cdpl_worker.c:1208: in cdpl_wk_finalize(): info: finishing task T772
1748034100.897589: 9120-7f849f1d3700: cdpl_worker.c:585: in cdpl_wk_listen(): debug: received ASSIGN message
1748034100.901562: 9120-7f84adaf2000: cdpl_worker.c:1092: in cdpl_wk_wait_timeout(): info: starting task T795
1748034100.901581: 9120-7f84adaf2000: cdpl_compat_worker.c:597: in cdplWorkerLogInfo(): info: [modelOneCellAdaptive {BUFFD8 }]
1748034103.143459: 9120-7f84adaf2000: cdpl_worker.c:1208: in cdpl_wk_finalize(): info: finishing task T795
1748034128.957809: 9120-7f849f1d3700: cdpl_worker.c:616: in cdpl_wk_listen(): debug: received RELAY message
1748034128.987692: 9120-7f849f9d4700: cdpl_ipc.c:606: in _readv(): warning: read(): EOF
1748034128.987731: 9120-7f849f9d4700: cdpl_ipc.c:1462: in _epoll_recv(): debug: _readv(): Broken pipe
1748034128.987741: 9120-7f849f9d4700: cdpl_ipc.c:1683: in _epoll_main(): debug: _epoll_recv(): Broken pipe
1748034128.987754: 9120-7f849f9d4700: cdpl_ipc.c:1061: in _host_drop__UNSAFE(): debug: dropping host `128.54.67.138:41471'
1748034128.987833: 9120-7f849f1d3700: cdpl_worker.c:561: in cdpl_wk_listen(): debug: received DROP notification
1748034128.987841: 9120-7f849f1d3700: cdpl_worker.c:565: in cdpl_wk_listen(): debug: we were dropped by the server
1748034128.987848: 9120-7f849f1d3700: cdpl_worker.c:492: in _wk_kill(): debug: killing worker
1748034128.987853: 9120-7f849f1d3700: cdpl_ipc.c:2481: in cdpl_ipc_kill(): debug: stopping event server
1748034128.987873: 9120-7f849f1d3700: cdpl_worker.c:542: in cdpl_wk_listen(): debug: leaving now
1748034128.988036: 9120-7f84adaf2000: cdpl_compat_worker.c:597: in cdplWorkerLogInfo(): info: [Worker shutdown. Code: 3]
1748034128.988151: 9120-7f849f9d4700: cdpl_ipc.c:1720: in _epoll_main(): debug: server going down...
1748034128.992118: 9120-7f84adaf2000: cdpl_worker.c:856: in _wk_shutdown(): debug: waiting for heartbeat thread
1748034128.992172: 9120-7f849e9d2700: cdpl_worker.c:709: in cdpl_wk_heartbeat(): info: stopping heartbeat
1748034128.992620: 9120-7f84adaf2000: cdpl_ipc.c:1781: in cdpl_ipc_host_release(): debug: releasing host `128.54.67.138:41471'
1748034128.992645: 9120-7f84adaf2000: cdpl_ipc.c:2532: in cdpl_ipc_free(): debug: releasing IPC handle
1748034128.992649: 9120-7f84adaf2000: cdpl_ipc.c:986: in _host_free__UNSAFE(): debug: freeing host `128.54.67.138:41471'
1748034128.992654: 9120-7f84adaf2000: cdpl_ipc.c:1028: in _host_free__UNSAFE(): debug: [0 outq, 0 spR, 0 spW]
1748034128.992674: 9120-7f84adaf2000: cdpl_ipc.c:2571: in cdpl_ipc_free(): debug: done
1748034128.992678: 9120-7f84adaf2000: cdpl_worker.c:912: in cdpl_wk_free(): info: freed
1748034128.992681: 9120-7f84adaf2000: cdpl_log.c:359: in cdpl_log_close(): debug: @@end_of_log@@
