1748033906.594830: 9204-7f418ba70000: cdpl_log.c:221: in cdpl_log_open(): debug: @@start_of_log@@
1748033906.594875: 9204-7f418ba70000: cdpl_log.c:729: in cdpl_log_dump_sysinfo(): info: time: 2025/05/23 13:58:26 PDT -0700
1748033906.594880: 9204-7f418ba70000: cdpl_log.c:731: in cdpl_log_dump_sysinfo(): info: version: L_2016.03_SP2_PROD_CDPL 
1748033906.594884: 9204-7f418ba70000: cdpl_log.c:736: in cdpl_log_dump_sysinfo(): info: system: Linux 3.10.0-1160.119.1.el7.x86_64 #1 SMP Tue Jun 4 14:43:51 UTC 2024
1748033906.594888: 9204-7f418ba70000: cdpl_log.c:740: in cdpl_log_dump_sysinfo(): info: processor: x86_64 64-bits
1748033906.594891: 9204-7f418ba70000: cdpl_log.c:742: in cdpl_log_dump_sysinfo(): info: hostname: ieng6-ece-08.ucsd.edu
1748033906.594895: 9204-7f418ba70000: cdpl_log.c:223: in cdpl_log_open(): debug: path: /home/linux/ieng6/cs241asp25/cs241asp25bu/lab5/run_siliconsmart/LIB_FF_1.1_125_ALL/runtime/cdpl/worker.W6.ieng6-ece-08.ucsd.edu.9204.log
1748033906.594898: 9204-7f418ba70000: cdpl_log.c:224: in cdpl_log_open(): debug: dir: /home/linux/ieng6/cs241asp25/cs241asp25bu/lab5/run_siliconsmart/LIB_FF_1.1_125_ALL/runtime/cdpl
1748033906.594907: 9204-7f418ba70000: cdpl_worker.c:728: in cdpl_wk_new(): info: creating worker instance
1748033906.602503: 9204-7f418ba70000: cdpl_worker.c:925: in cdpl_wk_start(): debug: starting worker
1748033906.602519: 9204-7f418ba70000: cdpl_worker.c:276: in cdpl_wk_setup(): info: CDPL_SERVER is "128.54.67.138:41471"
1748033906.602525: 9204-7f418ba70000: cdpl_worker.c:299: in cdpl_wk_setup(): info: server 128.54.67.138, port 41471
1748033906.602531: 9204-7f418ba70000: cdpl_worker.c:319: in cdpl_wk_setup(): info: CDPL_ID is "6:1:1:1:99684891"
1748033906.602546: 9204-7f418ba70000: cdpl_worker.c:361: in cdpl_wk_setup(): info: we are W6-B1-J1-M1-S99684891
1748033906.602551: 9204-7f418ba70000: cdpl_worker.c:363: in cdpl_wk_setup(): info: we are on host ieng6-ece-08.ucsd.edu
1748033906.602554: 9204-7f418ba70000: cdpl_worker.c:372: in cdpl_wk_daemonize(): debug: will *not* daemonize
1748033906.602561: 9204-7f418ba70000: cdpl_ipc.c:2593: in cdpl_ipc_connect(): info: connecting to 128.54.67.138:41471
1748033906.602657: 9204-7f418ba70000: cdpl_ipc.c:2659: in cdpl_ipc_connect(): info: connected as `128.54.67.138:42716'
1748033906.602678: 9204-7f418ba70000: cdpl_ipc.c:1763: in cdpl_ipc_host_accept(): debug: accepted host `128.54.67.138:41471'
1748033906.602691: 9204-7f418ba70000: cdpl_ipc.c:2436: in cdpl_ipc_start(): debug: starting IPC server 128.54.67.138:33645
1748033906.602861: 9204-7f418ba70000: cdpl_compat_worker.c:148: in cdplStartWorker(): info: SNPSLMD_LICENSE_FILE is 1705@its-flexlm-lnx4.ucsd.edu:1705@acms-flexlm-lnx4.ucsd.edu,1705@acms-flexlm-lnx5.ucsd.edu,1705@acms-flexlm-lnx6.ucsd.edu
1748033906.602991: 9204-7f418ba70000: cdpl_compat_worker.c:597: in cdplWorkerLogInfo(): info: [Maximum lifespan of worker is set to 1200m]
1748033906.603055: 9204-7f418ba70000: cdpl_compat_worker.c:597: in cdplWorkerLogInfo(): info: [Peak virtual memory is set to 128GB]
1748033906.605343: 9204-7f417c950700: cdpl_worker.c:656: in cdpl_wk_heartbeat(): debug: starting heartbeat
1748033906.605352: 9204-7f417c950700: cdpl_worker.c:665: in cdpl_wk_heartbeat(): info: setting heartbeat period to 60 sec
1748033906.605355: 9204-7f417c950700: cdpl_worker.c:673: in cdpl_wk_heartbeat(): info: first heartbeat in 1 sec
1748033906.616292: 9204-7f417d151700: cdpl_worker.c:528: in cdpl_wk_listen(): debug: ready
1748033906.616305: 9204-7f417d151700: cdpl_worker.c:585: in cdpl_wk_listen(): debug: received ASSIGN message
1748033906.616333: 9204-7f418ba70000: cdpl_worker.c:1092: in cdpl_wk_wait_timeout(): info: starting task T8
1748033906.616350: 9204-7f418ba70000: cdpl_compat_worker.c:597: in cdplWorkerLogInfo(): info: [configOneCellAdaptive { AOI21D2 }]
1748033907.213790: 9204-7f418ba70000: cdpl_worker.c:1208: in cdpl_wk_finalize(): info: finishing task T8
1748033907.993463: 9204-7f417d151700: cdpl_worker.c:585: in cdpl_wk_listen(): debug: received ASSIGN message
1748033907.993507: 9204-7f418ba70000: cdpl_worker.c:1092: in cdpl_wk_wait_timeout(): info: starting task T23
1748033907.993532: 9204-7f418ba70000: cdpl_compat_worker.c:597: in cdplWorkerLogInfo(): info: [configOneCellAdaptive { INVD1 }]
1748033908.112297: 9204-7f418ba70000: cdpl_worker.c:1208: in cdpl_wk_finalize(): info: finishing task T23
1748033908.169737: 9204-7f417d151700: cdpl_worker.c:585: in cdpl_wk_listen(): debug: received ASSIGN message
1748033908.169754: 9204-7f418ba70000: cdpl_worker.c:1092: in cdpl_wk_wait_timeout(): info: starting task T30
1748033908.169764: 9204-7f418ba70000: cdpl_compat_worker.c:597: in cdplWorkerLogInfo(): info: [configOneCellAdaptive { INVD4 }]
1748033908.381539: 9204-7f418ba70000: cdpl_worker.c:1208: in cdpl_wk_finalize(): info: finishing task T30
1748033908.381707: 9204-7f417d151700: cdpl_worker.c:585: in cdpl_wk_listen(): debug: received ASSIGN message
1748033908.382525: 9204-7f418ba70000: cdpl_worker.c:1092: in cdpl_wk_wait_timeout(): info: starting task T35
1748033908.382539: 9204-7f418ba70000: cdpl_compat_worker.c:597: in cdplWorkerLogInfo(): info: [configOneCellAdaptive { MUX2D1 }]
1748033910.418128: 9204-7f418ba70000: cdpl_worker.c:1208: in cdpl_wk_finalize(): info: finishing task T35
1748033910.423014: 9204-7f417d151700: cdpl_worker.c:585: in cdpl_wk_listen(): debug: received ASSIGN message
1748033910.425759: 9204-7f418ba70000: cdpl_worker.c:1092: in cdpl_wk_wait_timeout(): info: starting task T57
1748033910.425774: 9204-7f418ba70000: cdpl_compat_worker.c:597: in cdplWorkerLogInfo(): info: [configOneCellAdaptive { OR2D4 }]
1748033911.368047: 9204-7f418ba70000: cdpl_worker.c:1208: in cdpl_wk_finalize(): info: finishing task T57
1748033940.024522: 9204-7f417d151700: cdpl_worker.c:616: in cdpl_wk_listen(): debug: received RELAY message
1748033940.210982: 9204-7f417d151700: cdpl_worker.c:616: in cdpl_wk_listen(): debug: received RELAY message
1748033941.230964: 9204-7f417d151700: cdpl_worker.c:585: in cdpl_wk_listen(): debug: received ASSIGN message
1748033941.230978: 9204-7f418ba70000: cdpl_worker.c:1092: in cdpl_wk_wait_timeout(): info: starting task T76
1748033941.487093: 9204-7f418ba70000: cdpl_compat_worker.c:597: in cdplWorkerLogInfo(): info: [runOneAcquisitionAdaptive DFCSNQD1 cmpw__CDN__hl__CDN__lh__ACQ_1 job_77 ]
1748033943.813834: 9204-7f418ba70000: cdpl_worker.c:1208: in cdpl_wk_finalize(): info: finishing task T76
1748033943.839710: 9204-7f417d151700: cdpl_worker.c:585: in cdpl_wk_listen(): debug: received ASSIGN message
1748033943.849201: 9204-7f418ba70000: cdpl_worker.c:1092: in cdpl_wk_wait_timeout(): info: starting task T98
1748033943.849222: 9204-7f418ba70000: cdpl_compat_worker.c:597: in cdplWorkerLogInfo(): info: [runOneAcquisitionAdaptive DFCSNQD1 delay__CP__lh__Q__lh__ACQ_1 job_99 ]
1748033958.112794: 9204-7f418ba70000: cdpl_worker.c:1208: in cdpl_wk_finalize(): info: finishing task T98
1748033958.123320: 9204-7f417d151700: cdpl_worker.c:585: in cdpl_wk_listen(): debug: received ASSIGN message
1748033958.123419: 9204-7f418ba70000: cdpl_worker.c:1092: in cdpl_wk_wait_timeout(): info: starting task T128
1748033958.123435: 9204-7f418ba70000: cdpl_compat_worker.c:597: in cdplWorkerLogInfo(): info: [runOneAcquisitionAdaptive DFCSNQD2 Cin__CDN__lh__ACQ_1 job_129 ]
1748033960.772873: 9204-7f418ba70000: cdpl_worker.c:1208: in cdpl_wk_finalize(): info: finishing task T128
1748033960.773051: 9204-7f417d151700: cdpl_worker.c:585: in cdpl_wk_listen(): debug: received ASSIGN message
1748033960.773059: 9204-7f418ba70000: cdpl_worker.c:1092: in cdpl_wk_wait_timeout(): info: starting task T132
1748033960.773068: 9204-7f418ba70000: cdpl_compat_worker.c:597: in cdplWorkerLogInfo(): info: [runOneAcquisitionAdaptive DFCSNQD2 delay__CP__lh__Q__lh__ACQ_1 job_133 ]
1748033977.328990: 9204-7f418ba70000: cdpl_worker.c:1208: in cdpl_wk_finalize(): info: finishing task T132
1748033977.339630: 9204-7f417d151700: cdpl_worker.c:585: in cdpl_wk_listen(): debug: received ASSIGN message
1748033977.339645: 9204-7f418ba70000: cdpl_worker.c:1092: in cdpl_wk_wait_timeout(): info: starting task T165
1748033977.339656: 9204-7f418ba70000: cdpl_compat_worker.c:597: in cdplWorkerLogInfo(): info: [runOneAcquisitionAdaptive DFCSNQD4 Cin__CDN__lh_2__ACQ_1 job_166 ]
1748033981.142872: 9204-7f418ba70000: cdpl_worker.c:1208: in cdpl_wk_finalize(): info: finishing task T165
1748033981.143079: 9204-7f417d151700: cdpl_worker.c:585: in cdpl_wk_listen(): debug: received ASSIGN message
1748033981.143231: 9204-7f418ba70000: cdpl_worker.c:1092: in cdpl_wk_wait_timeout(): info: starting task T173
1748033981.143243: 9204-7f418ba70000: cdpl_compat_worker.c:597: in cdplWorkerLogInfo(): info: [runOneAcquisitionAdaptive LHQD2 leakage_power__ACQ_2 job_174 ]
1748033983.289563: 9204-7f418ba70000: cdpl_worker.c:1208: in cdpl_wk_finalize(): info: finishing task T173
1748033983.289748: 9204-7f417d151700: cdpl_worker.c:585: in cdpl_wk_listen(): debug: received ASSIGN message
1748033983.289756: 9204-7f418ba70000: cdpl_worker.c:1092: in cdpl_wk_wait_timeout(): info: starting task T178
1748033983.289764: 9204-7f418ba70000: cdpl_compat_worker.c:597: in cdplWorkerLogInfo(): info: [runOneAcquisitionAdaptive LHQD2 energy__E__lh__ACQ_1 job_179 ]
1748033985.638833: 9204-7f418ba70000: cdpl_worker.c:1208: in cdpl_wk_finalize(): info: finishing task T178
1748033985.639036: 9204-7f417d151700: cdpl_worker.c:585: in cdpl_wk_listen(): debug: received ASSIGN message
1748033985.639044: 9204-7f418ba70000: cdpl_worker.c:1092: in cdpl_wk_wait_timeout(): info: starting task T181
1748033985.639053: 9204-7f418ba70000: cdpl_compat_worker.c:597: in cdplWorkerLogInfo(): info: [runOneAcquisitionAdaptive LHQD2 delay__D__lh__Q__lh__ACQ_1 job_182 ]
1748033992.540823: 9204-7f418ba70000: cdpl_worker.c:1208: in cdpl_wk_finalize(): info: finishing task T181
1748033992.542324: 9204-7f417d151700: cdpl_worker.c:585: in cdpl_wk_listen(): debug: received ASSIGN message
1748033992.542336: 9204-7f418ba70000: cdpl_worker.c:1092: in cdpl_wk_wait_timeout(): info: starting task T194
1748033992.542345: 9204-7f418ba70000: cdpl_compat_worker.c:597: in cdplWorkerLogInfo(): info: [runOneAcquisitionAdaptive AOI21D0 delay__A2__lh__ZN__hl__ACQ_1 job_195 ]
1748033996.652538: 9204-7f418ba70000: cdpl_worker.c:1208: in cdpl_wk_finalize(): info: finishing task T194
1748033996.662692: 9204-7f417d151700: cdpl_worker.c:585: in cdpl_wk_listen(): debug: received ASSIGN message
1748033996.662743: 9204-7f418ba70000: cdpl_worker.c:1092: in cdpl_wk_wait_timeout(): info: starting task T212
1748033996.662755: 9204-7f418ba70000: cdpl_compat_worker.c:597: in cdplWorkerLogInfo(): info: [runOneAcquisitionAdaptive AOI21D1 delay__B__hl__ZN__lh__ACQ_1 job_213 ]
1748034001.566295: 9204-7f418ba70000: cdpl_worker.c:1208: in cdpl_wk_finalize(): info: finishing task T212
1748034001.569007: 9204-7f417d151700: cdpl_worker.c:585: in cdpl_wk_listen(): debug: received ASSIGN message
1748034001.569021: 9204-7f418ba70000: cdpl_worker.c:1092: in cdpl_wk_wait_timeout(): info: starting task T229
1748034001.569031: 9204-7f418ba70000: cdpl_compat_worker.c:597: in cdplWorkerLogInfo(): info: [runOneAcquisitionAdaptive AOI21D4 Cin__B__lh__ACQ_1 job_230 ]
1748034003.751002: 9204-7f418ba70000: cdpl_worker.c:1208: in cdpl_wk_finalize(): info: finishing task T229
1748034003.766868: 9204-7f417d151700: cdpl_worker.c:585: in cdpl_wk_listen(): debug: received ASSIGN message
1748034003.767897: 9204-7f418ba70000: cdpl_worker.c:1092: in cdpl_wk_wait_timeout(): info: starting task T238
1748034003.767914: 9204-7f418ba70000: cdpl_compat_worker.c:597: in cdplWorkerLogInfo(): info: [runOneAcquisitionAdaptive AOI21D4 Cin__B__hl__ACQ_1 job_239 ]
1748034006.261995: 9204-7f418ba70000: cdpl_worker.c:1208: in cdpl_wk_finalize(): info: finishing task T238
1748034006.262168: 9204-7f417d151700: cdpl_worker.c:585: in cdpl_wk_listen(): debug: received ASSIGN message
1748034006.262176: 9204-7f418ba70000: cdpl_worker.c:1092: in cdpl_wk_wait_timeout(): info: starting task T248
1748034006.262184: 9204-7f418ba70000: cdpl_compat_worker.c:597: in cdplWorkerLogInfo(): info: [runOneAcquisitionAdaptive MUX2D0 delay__I1__lh__Z__lh__ACQ_1 job_249 ]
1748034010.596262: 9204-7f418ba70000: cdpl_worker.c:1208: in cdpl_wk_finalize(): info: finishing task T248
1748034010.598599: 9204-7f417d151700: cdpl_worker.c:585: in cdpl_wk_listen(): debug: received ASSIGN message
1748034010.600347: 9204-7f418ba70000: cdpl_worker.c:1092: in cdpl_wk_wait_timeout(): info: starting task T262
1748034010.600366: 9204-7f418ba70000: cdpl_compat_worker.c:597: in cdplWorkerLogInfo(): info: [runOneAcquisitionAdaptive MUX2D1 leakage_power__ACQ_1 job_263 ]
1748034012.371568: 9204-7f418ba70000: cdpl_worker.c:1208: in cdpl_wk_finalize(): info: finishing task T262
1748034012.371749: 9204-7f417d151700: cdpl_worker.c:585: in cdpl_wk_listen(): debug: received ASSIGN message
1748034012.371757: 9204-7f418ba70000: cdpl_worker.c:1092: in cdpl_wk_wait_timeout(): info: starting task T274
1748034012.371765: 9204-7f418ba70000: cdpl_compat_worker.c:597: in cdplWorkerLogInfo(): info: [runOneAcquisitionAdaptive MUX2D2 delay__I0__hl__Z__hl__ACQ_1 job_275 ]
1748034017.998796: 9204-7f418ba70000: cdpl_worker.c:1208: in cdpl_wk_finalize(): info: finishing task T274
1748034018.003050: 9204-7f417d151700: cdpl_worker.c:585: in cdpl_wk_listen(): debug: received ASSIGN message
1748034018.003071: 9204-7f418ba70000: cdpl_worker.c:1092: in cdpl_wk_wait_timeout(): info: starting task T301
1748034018.003089: 9204-7f418ba70000: cdpl_compat_worker.c:597: in cdplWorkerLogInfo(): info: [runOneAcquisitionAdaptive MUX2D4 delay__S__hl__Z__lh__ACQ_1 job_302 ]
1748034025.686790: 9204-7f418ba70000: cdpl_worker.c:1208: in cdpl_wk_finalize(): info: finishing task T301
1748034025.688446: 9204-7f417d151700: cdpl_worker.c:585: in cdpl_wk_listen(): debug: received ASSIGN message
1748034025.688463: 9204-7f418ba70000: cdpl_worker.c:1092: in cdpl_wk_wait_timeout(): info: starting task T346
1748034025.688477: 9204-7f418ba70000: cdpl_compat_worker.c:597: in cdplWorkerLogInfo(): info: [runOneAcquisitionAdaptive OAI21D2 delay__B__hl__ZN__lh__ACQ_1 job_347 ]
1748034031.016118: 9204-7f418ba70000: cdpl_worker.c:1208: in cdpl_wk_finalize(): info: finishing task T346
1748034031.016470: 9204-7f417d151700: cdpl_worker.c:585: in cdpl_wk_listen(): debug: received ASSIGN message
1748034031.016493: 9204-7f418ba70000: cdpl_worker.c:1092: in cdpl_wk_wait_timeout(): info: starting task T380
1748034031.016504: 9204-7f418ba70000: cdpl_compat_worker.c:597: in cdplWorkerLogInfo(): info: [runOneAcquisitionAdaptive AN2D1 Cin__A1__hl__ACQ_1 job_381 ]
1748034032.859451: 9204-7f418ba70000: cdpl_worker.c:1208: in cdpl_wk_finalize(): info: finishing task T380
1748034032.864610: 9204-7f417d151700: cdpl_worker.c:585: in cdpl_wk_listen(): debug: received ASSIGN message
1748034032.864622: 9204-7f418ba70000: cdpl_worker.c:1092: in cdpl_wk_wait_timeout(): info: starting task T390
1748034032.864632: 9204-7f418ba70000: cdpl_compat_worker.c:597: in cdplWorkerLogInfo(): info: [runOneAcquisitionAdaptive AN2D2 Cin__A1__hl__ACQ_1 job_391 ]
1748034034.365988: 9204-7f418ba70000: cdpl_worker.c:1208: in cdpl_wk_finalize(): info: finishing task T390
1748034034.366173: 9204-7f417d151700: cdpl_worker.c:585: in cdpl_wk_listen(): debug: received ASSIGN message
1748034034.366182: 9204-7f418ba70000: cdpl_worker.c:1092: in cdpl_wk_wait_timeout(): info: starting task T400
1748034034.366190: 9204-7f418ba70000: cdpl_compat_worker.c:597: in cdplWorkerLogInfo(): info: [runOneAcquisitionAdaptive AN2D4 Cin__A1__hl__ACQ_1 job_401 ]
1748034036.339001: 9204-7f418ba70000: cdpl_worker.c:1208: in cdpl_wk_finalize(): info: finishing task T400
1748034036.349539: 9204-7f417d151700: cdpl_worker.c:585: in cdpl_wk_listen(): debug: received ASSIGN message
1748034036.353504: 9204-7f418ba70000: cdpl_worker.c:1092: in cdpl_wk_wait_timeout(): info: starting task T417
1748034036.353521: 9204-7f418ba70000: cdpl_compat_worker.c:597: in cdplWorkerLogInfo(): info: [runOneAcquisitionAdaptive AN2XD1 delay__A2__lh__Z__lh__ACQ_1 job_418 ]
1748034040.628274: 9204-7f418ba70000: cdpl_worker.c:1208: in cdpl_wk_finalize(): info: finishing task T417
1748034040.648044: 9204-7f417d151700: cdpl_worker.c:585: in cdpl_wk_listen(): debug: received ASSIGN message
1748034040.648266: 9204-7f418ba70000: cdpl_worker.c:1092: in cdpl_wk_wait_timeout(): info: starting task T443
1748034040.648286: 9204-7f418ba70000: cdpl_compat_worker.c:597: in cdplWorkerLogInfo(): info: [runOneAcquisitionAdaptive ND2D2 leakage_power__ACQ_1 job_444 ]
1748034042.804592: 9204-7f418ba70000: cdpl_worker.c:1208: in cdpl_wk_finalize(): info: finishing task T443
1748034042.825330: 9204-7f417d151700: cdpl_worker.c:585: in cdpl_wk_listen(): debug: received ASSIGN message
1748034042.830734: 9204-7f418ba70000: cdpl_worker.c:1092: in cdpl_wk_wait_timeout(): info: starting task T462
1748034042.830755: 9204-7f418ba70000: cdpl_compat_worker.c:597: in cdplWorkerLogInfo(): info: [runOneAcquisitionAdaptive ND2D4 Cin__A1__lh__ACQ_1 job_463 ]
1748034046.573710: 9204-7f418ba70000: cdpl_worker.c:1208: in cdpl_wk_finalize(): info: finishing task T462
1748034046.584332: 9204-7f417d151700: cdpl_worker.c:585: in cdpl_wk_listen(): debug: received ASSIGN message
1748034046.584358: 9204-7f418ba70000: cdpl_worker.c:1092: in cdpl_wk_wait_timeout(): info: starting task T486
1748034046.584376: 9204-7f418ba70000: cdpl_compat_worker.c:597: in cdplWorkerLogInfo(): info: [runOneAcquisitionAdaptive NR2D0 delay__A1__hl__ZN__lh__ACQ_1 job_487 ]
1748034050.396019: 9204-7f418ba70000: cdpl_worker.c:1208: in cdpl_wk_finalize(): info: finishing task T486
1748034050.408730: 9204-7f417d151700: cdpl_worker.c:585: in cdpl_wk_listen(): debug: received ASSIGN message
1748034050.408951: 9204-7f418ba70000: cdpl_worker.c:1092: in cdpl_wk_wait_timeout(): info: starting task T517
1748034050.408967: 9204-7f418ba70000: cdpl_compat_worker.c:597: in cdplWorkerLogInfo(): info: [runOneAcquisitionAdaptive NR2D3 Cin__A2__lh__ACQ_1 job_518 ]
1748034052.186851: 9204-7f418ba70000: cdpl_worker.c:1208: in cdpl_wk_finalize(): info: finishing task T517
1748034052.187028: 9204-7f417d151700: cdpl_worker.c:585: in cdpl_wk_listen(): debug: received ASSIGN message
1748034052.187059: 9204-7f418ba70000: cdpl_worker.c:1092: in cdpl_wk_wait_timeout(): info: starting task T528
1748034052.187070: 9204-7f418ba70000: cdpl_compat_worker.c:597: in cdplWorkerLogInfo(): info: [runOneAcquisitionAdaptive NR2D4 Cin__A1__hl__ACQ_1 job_529 ]
1748034054.470350: 9204-7f418ba70000: cdpl_worker.c:1208: in cdpl_wk_finalize(): info: finishing task T528
1748034054.487808: 9204-7f417d151700: cdpl_worker.c:585: in cdpl_wk_listen(): debug: received ASSIGN message
1748034054.497351: 9204-7f418ba70000: cdpl_worker.c:1092: in cdpl_wk_wait_timeout(): info: starting task T545
1748034054.497369: 9204-7f418ba70000: cdpl_compat_worker.c:597: in cdplWorkerLogInfo(): info: [runOneAcquisitionAdaptive OR2D0 leakage_power__ACQ_1 job_546 ]
1748034055.831955: 9204-7f418ba70000: cdpl_worker.c:1208: in cdpl_wk_finalize(): info: finishing task T545
1748034055.855394: 9204-7f417d151700: cdpl_worker.c:585: in cdpl_wk_listen(): debug: received ASSIGN message
1748034055.856375: 9204-7f418ba70000: cdpl_worker.c:1092: in cdpl_wk_wait_timeout(): info: starting task T558
1748034055.856395: 9204-7f418ba70000: cdpl_compat_worker.c:597: in cdplWorkerLogInfo(): info: [runOneAcquisitionAdaptive OR2D1 delay__A2__hl__Z__hl__ACQ_1 job_559 ]
1748034059.833417: 9204-7f418ba70000: cdpl_worker.c:1208: in cdpl_wk_finalize(): info: finishing task T558
1748034059.833737: 9204-7f417d151700: cdpl_worker.c:585: in cdpl_wk_listen(): debug: received ASSIGN message
1748034059.833747: 9204-7f418ba70000: cdpl_worker.c:1092: in cdpl_wk_wait_timeout(): info: starting task T588
1748034059.833755: 9204-7f418ba70000: cdpl_compat_worker.c:597: in cdplWorkerLogInfo(): info: [runOneAcquisitionAdaptive OR2XD1 delay__A2__hl__Z__hl__ACQ_1 job_589 ]
1748034064.684781: 9204-7f418ba70000: cdpl_worker.c:1208: in cdpl_wk_finalize(): info: finishing task T588
1748034064.686376: 9204-7f417d151700: cdpl_worker.c:585: in cdpl_wk_listen(): debug: received ASSIGN message
1748034064.686386: 9204-7f418ba70000: cdpl_worker.c:1092: in cdpl_wk_wait_timeout(): info: starting task T615
1748034064.686395: 9204-7f418ba70000: cdpl_compat_worker.c:597: in cdplWorkerLogInfo(): info: [runOneAcquisitionAdaptive XNR2D2 delay__A1__lh__ZN__hl__ACQ_1 job_616 ]
1748034069.683216: 9204-7f418ba70000: cdpl_worker.c:1208: in cdpl_wk_finalize(): info: finishing task T615
1748034069.683489: 9204-7f417d151700: cdpl_worker.c:585: in cdpl_wk_listen(): debug: received ASSIGN message
1748034069.683521: 9204-7f418ba70000: cdpl_worker.c:1092: in cdpl_wk_wait_timeout(): info: starting task T642
1748034069.683531: 9204-7f418ba70000: cdpl_compat_worker.c:597: in cdplWorkerLogInfo(): info: [runOneAcquisitionAdaptive XOR2D1 delay__A1__hl__Z__hl__ACQ_1 job_643 ]
1748034074.074922: 9204-7f418ba70000: cdpl_worker.c:1208: in cdpl_wk_finalize(): info: finishing task T642
1748034074.075242: 9204-7f417d151700: cdpl_worker.c:585: in cdpl_wk_listen(): debug: received ASSIGN message
1748034074.075278: 9204-7f418ba70000: cdpl_worker.c:1092: in cdpl_wk_wait_timeout(): info: starting task T657
1748034074.075290: 9204-7f418ba70000: cdpl_compat_worker.c:597: in cdplWorkerLogInfo(): info: [runOneAcquisitionAdaptive XOR2D2 delay__A1__lh__Z__hl__ACQ_1 job_658 ]
1748034079.641127: 9204-7f418ba70000: cdpl_worker.c:1208: in cdpl_wk_finalize(): info: finishing task T657
1748034079.652457: 9204-7f417d151700: cdpl_worker.c:585: in cdpl_wk_listen(): debug: received ASSIGN message
1748034079.652501: 9204-7f418ba70000: cdpl_worker.c:1092: in cdpl_wk_wait_timeout(): info: starting task T700
1748034079.652514: 9204-7f418ba70000: cdpl_compat_worker.c:597: in cdplWorkerLogInfo(): info: [runOneAcquisitionAdaptive INVD0 delay__I__hl__ZN__lh__ACQ_1 job_701 ]
1748034082.880628: 9204-7f418ba70000: cdpl_worker.c:1208: in cdpl_wk_finalize(): info: finishing task T700
1748034082.895362: 9204-7f417d151700: cdpl_worker.c:585: in cdpl_wk_listen(): debug: received ASSIGN message
1748034082.903323: 9204-7f418ba70000: cdpl_worker.c:1092: in cdpl_wk_wait_timeout(): info: starting task T722
1748034082.903341: 9204-7f418ba70000: cdpl_compat_worker.c:597: in cdplWorkerLogInfo(): info: [runOneAcquisitionAdaptive INVD24 leakage_power__ACQ_2 job_723 ]
1748034084.780109: 9204-7f418ba70000: cdpl_worker.c:1208: in cdpl_wk_finalize(): info: finishing task T722
1748034084.783498: 9204-7f417d151700: cdpl_worker.c:585: in cdpl_wk_listen(): debug: received ASSIGN message
1748034084.783521: 9204-7f418ba70000: cdpl_worker.c:1092: in cdpl_wk_wait_timeout(): info: starting task T739
1748034084.783545: 9204-7f418ba70000: cdpl_compat_worker.c:597: in cdplWorkerLogInfo(): info: [runOneAcquisitionAdaptive INVD8 delay__I__lh__ZN__hl__ACQ_1 job_740 ]
1748034087.339648: 9204-7f418ba70000: cdpl_worker.c:1208: in cdpl_wk_finalize(): info: finishing task T739
1748034094.724603: 9204-7f417d151700: cdpl_worker.c:616: in cdpl_wk_listen(): debug: received RELAY message
1748034096.963130: 9204-7f417d151700: cdpl_worker.c:585: in cdpl_wk_listen(): debug: received ASSIGN message
1748034096.963151: 9204-7f418ba70000: cdpl_worker.c:1092: in cdpl_wk_wait_timeout(): info: starting task T761
1748034097.158410: 9204-7f418ba70000: cdpl_compat_worker.c:597: in cdplWorkerLogInfo(): info: [modelOneCellAdaptive {AN2D8 }]
1748034100.149802: 9204-7f418ba70000: cdpl_worker.c:1208: in cdpl_wk_finalize(): info: finishing task T761
1748034100.161028: 9204-7f417d151700: cdpl_worker.c:585: in cdpl_wk_listen(): debug: received ASSIGN message
1748034100.161198: 9204-7f418ba70000: cdpl_worker.c:1092: in cdpl_wk_wait_timeout(): info: starting task T784
1748034100.161238: 9204-7f418ba70000: cdpl_compat_worker.c:597: in cdplWorkerLogInfo(): info: [modelOneCellAdaptive {XOR2D0 }]
1748034103.236977: 9204-7f418ba70000: cdpl_worker.c:1208: in cdpl_wk_finalize(): info: finishing task T784
1748034128.957845: 9204-7f417d151700: cdpl_worker.c:616: in cdpl_wk_listen(): debug: received RELAY message
1748034128.987900: 9204-7f417d952700: cdpl_ipc.c:606: in _readv(): warning: read(): EOF
1748034128.987925: 9204-7f417d952700: cdpl_ipc.c:1462: in _epoll_recv(): debug: _readv(): Broken pipe
1748034128.987929: 9204-7f417d952700: cdpl_ipc.c:1683: in _epoll_main(): debug: _epoll_recv(): Broken pipe
1748034128.987936: 9204-7f417d952700: cdpl_ipc.c:1061: in _host_drop__UNSAFE(): debug: dropping host `128.54.67.138:41471'
1748034128.987971: 9204-7f417d151700: cdpl_worker.c:561: in cdpl_wk_listen(): debug: received DROP notification
1748034128.987975: 9204-7f417d151700: cdpl_worker.c:565: in cdpl_wk_listen(): debug: we were dropped by the server
1748034128.987981: 9204-7f417d151700: cdpl_worker.c:492: in _wk_kill(): debug: killing worker
1748034128.987984: 9204-7f417d151700: cdpl_ipc.c:2481: in cdpl_ipc_kill(): debug: stopping event server
1748034128.987996: 9204-7f417d151700: cdpl_worker.c:542: in cdpl_wk_listen(): debug: leaving now
1748034128.988100: 9204-7f418ba70000: cdpl_compat_worker.c:597: in cdplWorkerLogInfo(): info: [Worker shutdown. Code: 3]
1748034128.988238: 9204-7f417d952700: cdpl_ipc.c:1720: in _epoll_main(): debug: server going down...
1748034128.992151: 9204-7f418ba70000: cdpl_worker.c:856: in _wk_shutdown(): debug: waiting for heartbeat thread
1748034128.992175: 9204-7f417c950700: cdpl_worker.c:709: in cdpl_wk_heartbeat(): info: stopping heartbeat
1748034128.992251: 9204-7f418ba70000: cdpl_ipc.c:1781: in cdpl_ipc_host_release(): debug: releasing host `128.54.67.138:41471'
1748034128.992282: 9204-7f418ba70000: cdpl_ipc.c:2532: in cdpl_ipc_free(): debug: releasing IPC handle
1748034128.992290: 9204-7f418ba70000: cdpl_ipc.c:986: in _host_free__UNSAFE(): debug: freeing host `128.54.67.138:41471'
1748034128.992297: 9204-7f418ba70000: cdpl_ipc.c:1028: in _host_free__UNSAFE(): debug: [0 outq, 0 spR, 0 spW]
1748034128.992344: 9204-7f418ba70000: cdpl_ipc.c:2571: in cdpl_ipc_free(): debug: done
1748034128.992352: 9204-7f418ba70000: cdpl_worker.c:912: in cdpl_wk_free(): info: freed
1748034128.992358: 9204-7f418ba70000: cdpl_log.c:359: in cdpl_log_close(): debug: @@end_of_log@@
