###############################################################
#  Generated by:      Cadence Innovus 21.10-p004_1
#  OS:                Linux x86_64(Host ID ieng6-ece-08.ucsd.edu)
#  Generated on:      Mon Apr 28 18:51:07 2025
#  Design:            jpeg_encoder
#  Command:           report_timing > ./invs_report/route_timing.rpt
###############################################################
Path 1: VIOLATED Setup Check with Pin fdct_zigzag_dct_mod_dct_block_7_dct_unit_
5_macu_mult_res_reg_18_/CP 
Endpoint:   fdct_zigzag_dct_mod_dct_block_7_dct_unit_5_macu_mult_res_reg_18_/D 
(v) checked with  leading edge of 'clk'
Beginpoint: fdct_zigzag_dct_mod_dct_block_7_dct_unit_5_coef_reg_22_/Q          
(v) triggered by  leading edge of 'clk'
Path Groups: {clk}
Analysis View: WC_VIEW
Other End Arrival Time          0.226
- Setup                         0.069
+ Phase Shift                   2.000
+ CPPR Adjustment               0.000
- Uncertainty                   0.120
= Required Time                 2.037
- Arrival Time                  2.039
= Slack Time                   -0.002
     Clock Rise Edge                 0.000
     + Clock Network Latency (Prop)  0.225
     = Beginpoint Arrival Time       0.225
     +-----------------------------------------------------------------------------------------------------------+ 
     |                      Instance                      |     Arc      |   Cell   | Delay | Arrival | Required | 
     |                                                    |              |          |       |  Time   |   Time   | 
     |----------------------------------------------------+--------------+----------+-------+---------+----------| 
     | fdct_zigzag_dct_mod_dct_block_7_dct_unit_5_coef_re | CP ^         |          |       |   0.225 |    0.223 | 
     | g_22_                                              |              |          |       |         |          | 
     | fdct_zigzag_dct_mod_dct_block_7_dct_unit_5_coef_re | CP ^ -> Q v  | EDFQD1   | 0.201 |   0.426 |    0.425 | 
     | g_22_                                              |              |          |       |         |          | 
     | mult_x_65_U284                                     | A2 v -> Z ^  | XOR2D0   | 0.125 |   0.552 |    0.550 | 
     | U10482                                             | A1 ^ -> ZN v | ND2D1    | 0.106 |   0.658 |    0.656 | 
     | U3197                                              | B2 v -> ZN ^ | AOI221D0 | 0.193 |   0.851 |    0.849 | 
     | mult_x_65_U92                                      | A2 ^ -> ZN v | ND2D1    | 0.071 |   0.922 |    0.920 | 
     | U10479                                             | I v -> ZN ^  | INVD1    | 0.037 |   0.959 |    0.957 | 
     | mult_x_65_U80                                      | A2 ^ -> ZN v | AOI21D1  | 0.042 |   1.001 |    0.999 | 
     | mult_x_65_U74                                      | A2 v -> ZN ^ | OAI21D1  | 0.063 |   1.064 |    1.062 | 
     | mult_x_65_U66                                      | A2 ^ -> ZN v | AOI21D1  | 0.051 |   1.115 |    1.113 | 
     | mult_x_65_U60                                      | A1 v -> ZN ^ | OAI21D1  | 0.053 |   1.168 |    1.166 | 
     | mult_x_65_U52                                      | A2 ^ -> ZN v | AOI21D1  | 0.051 |   1.219 |    1.217 | 
     | mult_x_65_U46                                      | A1 v -> ZN ^ | OAI21D1  | 0.063 |   1.282 |    1.280 | 
     | mult_x_65_U38                                      | A1 ^ -> ZN v | AOI21D1  | 0.057 |   1.338 |    1.337 | 
     | mult_x_65_U32                                      | A1 v -> ZN ^ | OAI21D1  | 0.082 |   1.421 |    1.419 | 
     | mult_x_65_U24                                      | A1 ^ -> ZN v | AOI21D2  | 0.049 |   1.470 |    1.468 | 
     | mult_x_65_U18                                      | A1 v -> ZN ^ | OAI21D1  | 0.056 |   1.526 |    1.524 | 
     | mult_x_65_U16                                      | CI ^ -> CO ^ | FA1D1    | 0.076 |   1.602 |    1.600 | 
     | mult_x_65_U15                                      | CI ^ -> CO ^ | FA1D1    | 0.071 |   1.673 |    1.671 | 
     | mult_x_65_U14                                      | CI ^ -> CO ^ | FA1D1    | 0.066 |   1.738 |    1.737 | 
     | mult_x_65_U13                                      | CI ^ -> CO ^ | FA1D1    | 0.066 |   1.804 |    1.803 | 
     | mult_x_65_U12                                      | CI ^ -> CO ^ | FA1D1    | 0.073 |   1.877 |    1.875 | 
     | U5439                                              | I ^ -> ZN v  | CKND1    | 0.026 |   1.904 |    1.902 | 
     | mult_x_65_U6                                       | A1 v -> ZN ^ | OAI21D1  | 0.042 |   1.945 |    1.944 | 
     | mult_x_65_U3                                       | A1 ^ -> Z v  | XOR2D0   | 0.093 |   2.039 |    2.037 | 
     | fdct_zigzag_dct_mod_dct_block_7_dct_unit_5_macu_mu | D v          | EDFQD1   | 0.000 |   2.039 |    2.037 | 
     | lt_res_reg_18_                                     |              |          |       |         |          | 
     +-----------------------------------------------------------------------------------------------------------+ 

