###############################################################
#  Generated by:      Cadence Innovus 21.10-p004_1
#  OS:                Linux x86_64(Host ID ieng6-ece-08.ucsd.edu)
#  Generated on:      Fri Apr 25 00:07:54 2025
#  Design:            aes_cipher_top_0_obf
#  Command:           report_timing -max_paths 5 > ${design}.post_route.timing.rpt
###############################################################
Path 1: VIOLATED Setup Check with Pin u0/w_reg_3__19_/CP 
Endpoint:   u0/w_reg_3__19_/D (^) checked with  leading edge of 'clk'
Beginpoint: u0/w_reg_3__11_/Q (^) triggered by  leading edge of 'clk'
Path Groups: {clk}
Analysis View: WC_VIEW
Other End Arrival Time          0.116
- Setup                         0.020
+ Phase Shift                   1.180
+ CPPR Adjustment               0.000
= Required Time                 1.276
- Arrival Time                  1.388
= Slack Time                   -0.112
     Clock Rise Edge                 0.000
     + Clock Network Latency (Prop)  0.115
     = Beginpoint Arrival Time       0.115
     +---------------------------------------------------------------------------+ 
     |      Instance      |     Arc      |   Cell   | Delay | Arrival | Required | 
     |                    |              |          |       |  Time   |   Time   | 
     |--------------------+--------------+----------+-------+---------+----------| 
     | u0/w_reg_3__11_    | CP ^         |          |       |   0.115 |    0.003 | 
     | u0/w_reg_3__11_    | CP ^ -> Q ^  | DFD4     | 0.205 |   0.320 |    0.208 | 
     | u0/u1/U285         | A1 ^ -> ZN v | CKND2D2  | 0.067 |   0.387 |    0.275 | 
     | u0/u1/U21          | A1 v -> ZN ^ | NR2D3    | 0.118 |   0.505 |    0.394 | 
     | u0/u1/U340         | I ^ -> ZN v  | INVD0    | 0.096 |   0.601 |    0.489 | 
     | u0/u1/U103         | A1 v -> ZN ^ | NR2D1    | 0.084 |   0.685 |    0.573 | 
     | u0/u1/FE_RC_3202_0 | A1 ^ -> ZN ^ | IND2D1   | 0.063 |   0.748 |    0.636 | 
     | u0/u1/FE_RC_3201_0 | A1 ^ -> ZN v | NR2XD0   | 0.032 |   0.780 |    0.668 | 
     | u0/u1/FE_RC_3200_0 | A1 v -> ZN ^ | CKND2D2  | 0.042 |   0.822 |    0.710 | 
     | u0/u1/U242         | A1 ^ -> ZN v | NR2D1    | 0.035 |   0.857 |    0.746 | 
     | u0/u1/U176         | B1 v -> ZN ^ | OAI22D2  | 0.052 |   0.909 |    0.797 | 
     | u0/u1/U4           | A2 ^ -> ZN v | NR2D2    | 0.032 |   0.942 |    0.830 | 
     | u0/u1/U167         | A2 v -> ZN ^ | CKND2D3  | 0.030 |   0.972 |    0.860 | 
     | u0/U163            | A3 ^ -> Z v  | XOR3D4   | 0.101 |   1.073 |    0.961 | 
     | u0/U58             | A1 v -> ZN v | XNR2D4   | 0.110 |   1.183 |    1.071 | 
     | u0/U53             | A1 v -> ZN v | XNR2D4   | 0.095 |   1.278 |    1.166 | 
     | u0/FE_RC_1705_0    | B1 v -> ZN v | MOAI22D1 | 0.068 |   1.346 |    1.234 | 
     | u0/U119            | A1 v -> ZN ^ | OAI21D2  | 0.042 |   1.388 |    1.276 | 
     | u0/w_reg_3__19_    | D ^          | DFD2     | 0.000 |   1.388 |    1.276 | 
     +---------------------------------------------------------------------------+ 
Path 2: VIOLATED Setup Check with Pin sa21_reg_5_/CP 
Endpoint:   sa21_reg_5_/D (v) checked with  leading edge of 'clk'
Beginpoint: sa23_reg_5_/Q (v) triggered by  leading edge of 'clk'
Path Groups: {clk}
Analysis View: WC_VIEW
Other End Arrival Time          0.116
- Setup                         0.014
+ Phase Shift                   1.180
+ CPPR Adjustment               0.000
= Required Time                 1.283
- Arrival Time                  1.381
= Slack Time                   -0.098
     Clock Rise Edge                 0.000
     + Clock Network Latency (Prop)  0.116
     = Beginpoint Arrival Time       0.116
     +----------------------------------------------------------------------------+ 
     |      Instance       |     Arc      |   Cell   | Delay | Arrival | Required | 
     |                     |              |          |       |  Time   |   Time   | 
     |---------------------+--------------+----------+-------+---------+----------| 
     | sa23_reg_5_         | CP ^         |          |       |   0.116 |    0.018 | 
     | sa23_reg_5_         | CP ^ -> Q v  | DFQD4    | 0.173 |   0.289 |    0.191 | 
     | us23/U32            | I v -> ZN ^  | INVD6    | 0.054 |   0.343 |    0.245 | 
     | us23/U22            | A1 ^ -> ZN v | ND2D3    | 0.041 |   0.384 |    0.286 | 
     | us23/U14            | A1 v -> ZN ^ | NR2D8    | 0.061 |   0.445 |    0.347 | 
     | us23/U286           | I ^ -> ZN v  | INVD2    | 0.035 |   0.480 |    0.381 | 
     | us23/U7             | A1 v -> ZN ^ | NR2D2    | 0.104 |   0.584 |    0.486 | 
     | us23/U6             | A1 ^ -> ZN v | NR2D3    | 0.052 |   0.637 |    0.538 | 
     | us23/U469           | A2 v -> ZN ^ | ND4D2    | 0.042 |   0.679 |    0.581 | 
     | us23/U471           | B2 ^ -> ZN v | INR4D2   | 0.030 |   0.709 |    0.611 | 
     | us23/U477           | A3 v -> ZN ^ | OAI31D2  | 0.080 |   0.789 |    0.691 | 
     | FE_OFC99_sa23_sub_7 | I ^ -> Z ^   | BUFFD8   | 0.075 |   0.864 |    0.766 | 
     | U6131               | A1 ^ -> ZN v | ND2D8    | 0.048 |   0.912 |    0.813 | 
     | U6807               | B v -> ZN ^  | OAI21D4  | 0.051 |   0.962 |    0.864 | 
     | U3711               | A1 ^ -> ZN v | CKND2D3  | 0.034 |   0.996 |    0.898 | 
     | U6796               | I1 v -> Z v  | CKMUX2D1 | 0.076 |   1.072 |    0.974 | 
     | FE_RC_109_0         | A1 v -> Z v  | OR2XD1   | 0.063 |   1.135 |    1.037 | 
     | U6886               | A1 v -> ZN ^ | ND2D2    | 0.036 |   1.172 |    1.074 | 
     | U8040               | I ^ -> ZN v  | INVD2    | 0.021 |   1.192 |    1.094 | 
     | FE_RC_549_0         | A1 v -> ZN ^ | ND2D2    | 0.019 |   1.211 |    1.113 | 
     | FE_RC_548_0         | B ^ -> ZN v  | OAI21D2  | 0.035 |   1.246 |    1.148 | 
     | U8042               | A1 v -> ZN ^ | ND2D2    | 0.024 |   1.270 |    1.172 | 
     | U8043               | A1 ^ -> ZN v | CKND2D3  | 0.029 |   1.299 |    1.201 | 
     | FE_RC_546_0         | B1 v -> ZN ^ | IND2D2   | 0.025 |   1.325 |    1.226 | 
     | U8046               | B ^ -> ZN v  | OAI211D2 | 0.056 |   1.381 |    1.282 | 
     | sa21_reg_5_         | D v          | DFQD4    | 0.000 |   1.381 |    1.283 | 
     +----------------------------------------------------------------------------+ 
Path 3: VIOLATED Setup Check with Pin u0/w_reg_3__17_/CP 
Endpoint:   u0/w_reg_3__17_/D (^) checked with  leading edge of 'clk'
Beginpoint: u0/w_reg_3__11_/Q (v) triggered by  leading edge of 'clk'
Path Groups: {clk}
Analysis View: WC_VIEW
Other End Arrival Time          0.118
- Setup                         0.025
+ Phase Shift                   1.180
+ CPPR Adjustment               0.000
= Required Time                 1.273
- Arrival Time                  1.371
= Slack Time                   -0.098
     Clock Rise Edge                 0.000
     + Clock Network Latency (Prop)  0.115
     = Beginpoint Arrival Time       0.115
     +-----------------------------------------------------------------------------+ 
     |       Instance       |     Arc      |   Cell   | Delay | Arrival | Required | 
     |                      |              |          |       |  Time   |   Time   | 
     |----------------------+--------------+----------+-------+---------+----------| 
     | u0/w_reg_3__11_      | CP ^         |          |       |   0.115 |    0.016 | 
     | u0/w_reg_3__11_      | CP ^ -> Q v  | DFD4     | 0.182 |   0.297 |    0.199 | 
     | u0/u1/U285           | A1 v -> ZN ^ | CKND2D2  | 0.067 |   0.363 |    0.265 | 
     | u0/u1/U21            | A1 ^ -> ZN v | NR2D3    | 0.057 |   0.420 |    0.322 | 
     | u0/u1/U340           | I v -> ZN ^  | INVD0    | 0.086 |   0.506 |    0.408 | 
     | u0/u1/U103           | A1 ^ -> ZN v | NR2D1    | 0.050 |   0.556 |    0.458 | 
     | u0/u1/FE_OFC340_n175 | I v -> ZN ^  | INVD1    | 0.059 |   0.615 |    0.517 | 
     | u0/u1/U317           | A1 ^ -> ZN v | ND4D0    | 0.165 |   0.780 |    0.682 | 
     | u0/u1/FE_RC_2863_0   | B2 v -> ZN ^ | INR4D2   | 0.109 |   0.890 |    0.791 | 
     | u0/u1/FE_RC_1920_0   | A1 ^ -> ZN ^ | IND2D1   | 0.078 |   0.968 |    0.870 | 
     | u0/u1/U169           | A2 ^ -> ZN v | ND3D3    | 0.060 |   1.028 |    0.930 | 
     | u0/FE_RC_1193_0      | A1 v -> Z v  | CKXOR2D4 | 0.098 |   1.126 |    1.028 | 
     | u0/U73               | A1 v -> ZN ^ | XNR2D2   | 0.116 |   1.242 |    1.144 | 
     | u0/U72               | A1 ^ -> Z v  | CKXOR2D1 | 0.089 |   1.331 |    1.233 | 
     | u0/U55               | A1 v -> ZN ^ | OAI21D1  | 0.040 |   1.371 |    1.273 | 
     | u0/w_reg_3__17_      | D ^          | DFD4     | 0.000 |   1.371 |    1.273 | 
     +-----------------------------------------------------------------------------+ 
Path 4: VIOLATED Setup Check with Pin sa00_reg_4_/CP 
Endpoint:   sa00_reg_4_/D (v) checked with  leading edge of 'clk'
Beginpoint: sa33_reg_3_/Q (^) triggered by  leading edge of 'clk'
Path Groups: {clk}
Analysis View: WC_VIEW
Other End Arrival Time          0.118
- Setup                         0.012
+ Phase Shift                   1.180
+ CPPR Adjustment               0.000
= Required Time                 1.286
- Arrival Time                  1.384
= Slack Time                   -0.098
     Clock Rise Edge                 0.000
     + Clock Network Latency (Prop)  0.121
     = Beginpoint Arrival Time       0.121
     +--------------------------------------------------------------------------------+ 
     |        Instance         |     Arc      |   Cell   | Delay | Arrival | Required | 
     |                         |              |          |       |  Time   |   Time   | 
     |-------------------------+--------------+----------+-------+---------+----------| 
     | sa33_reg_3_             | CP ^         |          |       |   0.121 |    0.023 | 
     | sa33_reg_3_             | CP ^ -> Q ^  | DFQD4    | 0.141 |   0.261 |    0.164 | 
     | us33/FE_OCPC2465_sa33_3 | I ^ -> Z ^   | BUFFD16  | 0.049 |   0.310 |    0.213 | 
     | us33/U16                | I ^ -> ZN v  | CKND12   | 0.030 |   0.340 |    0.242 | 
     | us33/U280               | A1 v -> ZN ^ | ND2D8    | 0.023 |   0.363 |    0.265 | 
     | us33/U102               | A1 ^ -> ZN v | NR2D4    | 0.033 |   0.396 |    0.298 | 
     | us33/FE_OFC1392_n200    | I v -> ZN ^  | CKND2    | 0.043 |   0.439 |    0.341 | 
     | us33/U56                | A2 ^ -> ZN v | NR2D3    | 0.039 |   0.478 |    0.380 | 
     | us33/U185               | I v -> ZN ^  | INVD1    | 0.039 |   0.517 |    0.419 | 
     | us33/U404               | A1 ^ -> ZN v | ND4D1    | 0.085 |   0.602 |    0.504 | 
     | us33/U41                | A1 v -> ZN ^ | NR2XD1   | 0.057 |   0.658 |    0.561 | 
     | us33/U217               | A2 ^ -> Z ^  | AN4XD1   | 0.109 |   0.767 |    0.670 | 
     | us33/U450               | A2 ^ -> ZN v | ND2D1    | 0.054 |   0.821 |    0.723 | 
     | us33/U28                | A1 v -> ZN ^ | AOI22D2  | 0.050 |   0.871 |    0.773 | 
     | us33/U453               | C ^ -> ZN v  | OAI211D2 | 0.077 |   0.949 |    0.851 | 
     | FE_OFC1272_sa33_sub_4   | I v -> ZN ^  | CKND6    | 0.061 |   1.009 |    0.912 | 
     | FE_OFC1275_sa33_sub_4   | I ^ -> ZN v  | INVD4    | 0.033 |   1.042 |    0.944 | 
     | U5274                   | A1 v -> ZN v | XNR2D0   | 0.066 |   1.108 |    1.010 | 
     | U5726                   | I v -> ZN ^  | CKND0    | 0.033 |   1.141 |    1.043 | 
     | U5725                   | B1 ^ -> ZN ^ | MOAI22D1 | 0.060 |   1.201 |    1.103 | 
     | U4851                   | A1 ^ -> ZN v | ND2D1    | 0.040 |   1.241 |    1.143 | 
     | U4318                   | A1 v -> ZN ^ | AOI31D2  | 0.045 |   1.286 |    1.189 | 
     | U4821                   | I ^ -> ZN v  | INVD1    | 0.027 |   1.314 |    1.216 | 
     | U3925                   | A1 v -> ZN ^ | ND2D1    | 0.024 |   1.338 |    1.240 | 
     | U4274                   | A2 ^ -> ZN v | ND2D1    | 0.046 |   1.384 |    1.286 | 
     | sa00_reg_4_             | D v          | DFQD4    | 0.000 |   1.384 |    1.286 | 
     +--------------------------------------------------------------------------------+ 
Path 5: VIOLATED Setup Check with Pin sa21_reg_1_/CP 
Endpoint:   sa21_reg_1_/D (v) checked with  leading edge of 'clk'
Beginpoint: sa23_reg_5_/Q (v) triggered by  leading edge of 'clk'
Path Groups: {clk}
Analysis View: WC_VIEW
Other End Arrival Time          0.115
- Setup                         0.015
+ Phase Shift                   1.180
+ CPPR Adjustment               0.000
= Required Time                 1.280
- Arrival Time                  1.378
= Slack Time                   -0.098
     Clock Rise Edge                 0.000
     + Clock Network Latency (Prop)  0.116
     = Beginpoint Arrival Time       0.116
     +----------------------------------------------------------------------------+ 
     |      Instance       |     Arc      |   Cell   | Delay | Arrival | Required | 
     |                     |              |          |       |  Time   |   Time   | 
     |---------------------+--------------+----------+-------+---------+----------| 
     | sa23_reg_5_         | CP ^         |          |       |   0.116 |    0.018 | 
     | sa23_reg_5_         | CP ^ -> Q v  | DFQD4    | 0.173 |   0.289 |    0.192 | 
     | us23/U32            | I v -> ZN ^  | INVD6    | 0.054 |   0.343 |    0.245 | 
     | us23/U22            | A1 ^ -> ZN v | ND2D3    | 0.041 |   0.384 |    0.286 | 
     | us23/U14            | A1 v -> ZN ^ | NR2D8    | 0.061 |   0.445 |    0.347 | 
     | us23/U286           | I ^ -> ZN v  | INVD2    | 0.035 |   0.480 |    0.382 | 
     | us23/U7             | A1 v -> ZN ^ | NR2D2    | 0.104 |   0.584 |    0.486 | 
     | us23/U6             | A1 ^ -> ZN v | NR2D3    | 0.052 |   0.637 |    0.539 | 
     | us23/U469           | A2 v -> ZN ^ | ND4D2    | 0.042 |   0.679 |    0.581 | 
     | us23/U471           | B2 ^ -> ZN v | INR4D2   | 0.030 |   0.709 |    0.611 | 
     | us23/U477           | A3 v -> ZN ^ | OAI31D2  | 0.080 |   0.789 |    0.691 | 
     | FE_OFC99_sa23_sub_7 | I ^ -> Z ^   | BUFFD8   | 0.075 |   0.864 |    0.766 | 
     | U6131               | A1 ^ -> ZN v | ND2D8    | 0.048 |   0.912 |    0.814 | 
     | U6151               | A1 v -> ZN ^ | NR2XD2   | 0.059 |   0.970 |    0.872 | 
     | U6801               | A1 ^ -> ZN v | NR2D1    | 0.030 |   1.000 |    0.902 | 
     | U4885               | A1 v -> ZN ^ | CKND2D2  | 0.029 |   1.029 |    0.932 | 
     | U3691               | B ^ -> ZN v  | OAI21D4  | 0.047 |   1.077 |    0.979 | 
     | U5565               | I v -> ZN ^  | INVD1    | 0.028 |   1.105 |    1.007 | 
     | U4044               | A1 ^ -> ZN v | CKND2D2  | 0.027 |   1.132 |    1.034 | 
     | U5563               | A1 v -> ZN ^ | CKND2D4  | 0.035 |   1.167 |    1.069 | 
     | U6811               | A1 ^ -> ZN v | NR2D2    | 0.021 |   1.188 |    1.090 | 
     | FE_RC_2326_0        | A1 v -> ZN ^ | AOI22D2  | 0.043 |   1.231 |    1.133 | 
     | U6810               | A1 ^ -> ZN v | NR2D2    | 0.028 |   1.258 |    1.161 | 
     | U6667               | A1 v -> ZN ^ | OAI21D1  | 0.051 |   1.309 |    1.211 | 
     | FE_RC_1175_0        | B ^ -> ZN v  | OAI211D2 | 0.068 |   1.378 |    1.280 | 
     | sa21_reg_1_         | D v          | DFQD4    | 0.000 |   1.378 |    1.280 | 
     +----------------------------------------------------------------------------+ 

