----------------------------------------------------------------------
Info:    Log written by SiliconSmart version L-2016.06-SP1-2 on Fri May 23 13:54:28 2025
Info:    Build date: Dec 07, 2016 16:59:49
Info:    SiliconSmart Path: /acsnfs3/software/SiliconSmartAce-2016.06-SP1-2/linux64/bin/siliconsmart
Info:    Host Name: ieng6-ece-08.ucsd.edu, User Name: cs241asp25bu, PID: 24500
Info:    CPU: 8 x 2195 MHz, Intel(R) Xeon(R) Gold 5220 CPU @ 2.20GHz (2 socket, 4 core)
Info:    Memory: 32 GB RAM, 1 GB Swap
Info:    Directory: /home/linux/ieng6/cs241asp25/cs241asp25bu/lab5/run_siliconsmart/LIB_FF_1.1_25_ALL
Info:    Maximum virtual memory size: 587.09MB
Command-line: /acsnfs3/software/SiliconSmartAce-2016.06-SP1-2/linux64/bin/siliconsmart -server /home/linux/ieng6/cs241asp25/cs241asp25bu/lab5/run_siliconsmart/LIB_FF_1.1_25_ALL/runtime/cdpl/driver_23161.tcl
Fri May 23 13:54:28 2025: Establishing connection to license server
The char directory is /home/linux/ieng6/cs241asp25/cs241asp25bu/lab5/run_siliconsmart/LIB_FF_1.1_25_ALL
Warning: Operating condition 'FF_1.1_25_ALL' already exists, skipped.
Info:    Reading instance file for cell BUFFD8... (SMSC-23)
Info:    Generating timing tests.
Info:    Generating power tests.
Info:    Generating template at Fri May 23 13:54:28 2025 
Info:    Done generating template at Fri May 23 13:54:28 2025
Info:    Generate Templates: Maximum virtual memory size: 623.246 MB
Info:    Cell BUFFD8 configured for characterization. (SMSC-24)
Info:    __recordTaskStats__ BUFFD8 configure 0.12 0.0 0.0 0.0 1 0.137868881226 ieng6-ece-08.ucsd.edu 1748033668.85 1748033668.99
Info:    set _SIS_CLIENT_RESULT_ {{BUFFD8 configuration {status done exportVars {} errorList {} sifName {} sofName {} eadName {} depFiles {}}}}
Info:    _SIS_CLIENT_RESULT_END
Info:    Reading instance file for cell INVD24... (SMSC-23)
Info:    Generating timing tests.
Info:    Generating power tests.
Info:    Generating template at Fri May 23 13:54:29 2025 
Info:    Done generating template at Fri May 23 13:54:29 2025
Info:    Generate Templates: Maximum virtual memory size: 623.246 MB
Info:    Cell INVD24 configured for characterization. (SMSC-24)
Info:    __recordTaskStats__ INVD24 configure 0.12 0.01 0.0 0.0 1 0.224813938141 ieng6-ece-08.ucsd.edu 1748033669.67 1748033669.9
Info:    set _SIS_CLIENT_RESULT_ {{INVD24 configuration {status done exportVars {} errorList {} sifName {} sofName {} eadName {} depFiles {}}}}
Info:    _SIS_CLIENT_RESULT_END
Info:    Reading instance file for cell MUX2D4... (SMSC-23)
Info:    Generating timing tests.
Info:    Generating power tests.
Info:    Generating template at Fri May 23 13:54:29 2025 
Warning: MUX2D4:For test delay__S__lh__Z__lh following when conditions are not possible ['I0&!I1']
Warning: MUX2D4:For test delay__S__lh__Z__hl following when conditions are not possible ['!I0&I1']
Warning: MUX2D4:For test delay__S__hl__Z__lh following when conditions are not possible ['!I0&I1']
Warning: MUX2D4:For test delay__S__hl__Z__hl following when conditions are not possible ['I0&!I1']
Warning: MUX2D4:For test energy__S__lh__Z__lh following when conditions are not possible ['I0&!I1']
Warning: MUX2D4:For test energy__S__lh__Z__hl following when conditions are not possible ['!I0&I1']
Warning: MUX2D4:For test energy__S__hl__Z__lh following when conditions are not possible ['!I0&I1']
Warning: MUX2D4:For test energy__S__hl__Z__hl following when conditions are not possible ['I0&!I1']
Info:    Done generating template at Fri May 23 13:54:30 2025
Info:    Generate Templates: Maximum virtual memory size: 625.262 MB
Info:    Cell MUX2D4 configured for characterization. (SMSC-24)
Info:    __recordTaskStats__ MUX2D4 configure 0.48 0.01 0.0 0.0 1 0.98575592041 ieng6-ece-08.ucsd.edu 1748033669.92 1748033670.91
Info:    set _SIS_CLIENT_RESULT_ {{MUX2D4 configuration {status done exportVars {} errorList {} sifName {} sofName {} eadName {} depFiles {}}}}
Info:    _SIS_CLIENT_RESULT_END
Info:    Reading instance file for cell OR2D0... (SMSC-23)
Info:    Generating timing tests.
Info:    Generating power tests.
Info:    Generating template at Fri May 23 13:54:30 2025 
Info:    Done generating template at Fri May 23 13:54:31 2025
Info:    Generate Templates: Maximum virtual memory size: 626.902 MB
Info:    Cell OR2D0 configured for characterization. (SMSC-24)
Info:    __recordTaskStats__ OR2D0 configure 0.26 0.0 0.0 0.0 1 1.06633806229 ieng6-ece-08.ucsd.edu 1748033670.92 1748033671.99
Info:    set _SIS_CLIENT_RESULT_ {{OR2D0 configuration {status done exportVars {} errorList {} sifName {} sofName {} eadName {} depFiles {}}}}
Info:    _SIS_CLIENT_RESULT_END
Info:    Reading instance file for cell XOR2D2... (SMSC-23)
Info:    Generating timing tests.
Info:    Generating power tests.
Info:    Generating template at Fri May 23 13:54:32 2025 
Warning: XOR2D2:For test delay__A1__lh__Z__lh following when conditions are not possible ['A2']
Warning: XOR2D2:For test delay__A1__lh__Z__hl following when conditions are not possible ['!A2']
Warning: XOR2D2:For test delay__A1__hl__Z__lh following when conditions are not possible ['!A2']
Warning: XOR2D2:For test delay__A1__hl__Z__hl following when conditions are not possible ['A2']
Warning: XOR2D2:For test delay__A2__lh__Z__lh following when conditions are not possible ['A1']
Warning: XOR2D2:For test delay__A2__lh__Z__hl following when conditions are not possible ['!A1']
Warning: XOR2D2:For test delay__A2__hl__Z__lh following when conditions are not possible ['!A1']
Warning: XOR2D2:For test delay__A2__hl__Z__hl following when conditions are not possible ['A1']
Warning: XOR2D2:For test energy__A1__lh__Z__lh following when conditions are not possible ['A2']
Warning: XOR2D2:For test energy__A1__lh__Z__hl following when conditions are not possible ['!A2']
Warning: XOR2D2:For test energy__A1__hl__Z__lh following when conditions are not possible ['!A2']
Warning: XOR2D2:For test energy__A1__hl__Z__hl following when conditions are not possible ['A2']
Warning: XOR2D2:For test energy__A2__lh__Z__lh following when conditions are not possible ['A1']
Warning: XOR2D2:For test energy__A2__lh__Z__hl following when conditions are not possible ['!A1']
Warning: XOR2D2:For test energy__A2__hl__Z__lh following when conditions are not possible ['!A1']
Warning: XOR2D2:For test energy__A2__hl__Z__hl following when conditions are not possible ['A1']
Info:    Done generating template at Fri May 23 13:54:32 2025
Info:    Generate Templates: Maximum virtual memory size: 629.23 MB
Info:    Cell XOR2D2 configured for characterization. (SMSC-24)
Info:    __recordTaskStats__ XOR2D2 configure 0.39 0.0 0.0 0.0 1 0.563301086426 ieng6-ece-08.ucsd.edu 1748033672.03 1748033672.6
Info:    set _SIS_CLIENT_RESULT_ {{XOR2D2 configuration {status done exportVars {} errorList {} sifName {} sofName {} eadName {} depFiles {}}}}
Info:    _SIS_CLIENT_RESULT_END
Info:    The char directory is /home/linux/ieng6/cs241asp25/cs241asp25bu/lab5/run_siliconsmart/LIB_FF_1.1_25_ALL
Warning: Operating condition 'FF_1.1_25_ALL' already exists, skipped.
Info:    The char directory is /home/linux/ieng6/cs241asp25/cs241asp25bu/lab5/run_siliconsmart/LIB_FF_1.1_25_ALL
Warning: Operating condition 'FF_1.1_25_ALL' already exists, skipped.
Info:    Loading information for cell DFCSNQD1... (SMSC-60)
Info:    Start Search.seeded_binary.opt_recovery on recovery (SIM-43)
Info:    Current directory '/home/linux/ieng6/cs241asp25/cs241asp25bu/lab5/run_siliconsmart/LIB_FF_1.1_25_ALL' (SIM-68)
Info:    Working in directory '/home/linux/ieng6/cs241asp25/cs241asp25bu/lab5/run_siliconsmart/LIB_FF_1.1_25_ALL/temp/siliconsmart.ieng6-ece-08.150149.24500/recover__CDN__lh__CP__lh__ACQ_1.sif_0' (SIM-69)
Info:    Executing 'hspice deck.cir -o deck' (SIM-30)
Warning: return code 0 (hspice: No such file or directory)
Info:    Current directory '/home/linux/ieng6/cs241asp25/cs241asp25bu/lab5/run_siliconsmart/LIB_FF_1.1_25_ALL' (SIM-68)
Info:    Working in directory '/home/linux/ieng6/cs241asp25/cs241asp25bu/lab5/run_siliconsmart/LIB_FF_1.1_25_ALL/temp/siliconsmart.ieng6-ece-08.150149.24500/recover__CDN__lh__CP__lh__ACQ_1.sif_1' (SIM-69)
Info:    Executing 'hspice deck.cir -o deck' (SIM-30)
Warning: return code 0 (hspice: No such file or directory)
Info:    Current directory '/home/linux/ieng6/cs241asp25/cs241asp25bu/lab5/run_siliconsmart/LIB_FF_1.1_25_ALL' (SIM-68)
Info:    Working in directory '/home/linux/ieng6/cs241asp25/cs241asp25bu/lab5/run_siliconsmart/LIB_FF_1.1_25_ALL/temp/siliconsmart.ieng6-ece-08.150149.24500/recover__CDN__lh__CP__lh__ACQ_1.sif_2' (SIM-69)
Info:    Executing 'hspice deck.cir -o deck' (SIM-30)
Warning: return code 0 (hspice: No such file or directory)
Info:    Current directory '/home/linux/ieng6/cs241asp25/cs241asp25bu/lab5/run_siliconsmart/LIB_FF_1.1_25_ALL' (SIM-68)
Info:    Working in directory '/home/linux/ieng6/cs241asp25/cs241asp25bu/lab5/run_siliconsmart/LIB_FF_1.1_25_ALL/temp/siliconsmart.ieng6-ece-08.150149.24500/recover__CDN__lh__CP__lh__ACQ_1.sif_3' (SIM-69)
Info:    Executing 'hspice deck.cir -o deck' (SIM-30)
Warning: return code 0 (hspice: No such file or directory)
Info:    Current directory '/home/linux/ieng6/cs241asp25/cs241asp25bu/lab5/run_siliconsmart/LIB_FF_1.1_25_ALL' (SIM-68)
Info:    Working in directory '/home/linux/ieng6/cs241asp25/cs241asp25bu/lab5/run_siliconsmart/LIB_FF_1.1_25_ALL/temp/siliconsmart.ieng6-ece-08.150149.24500/recover__CDN__lh__CP__lh__ACQ_1.sif_4' (SIM-69)
Info:    Executing 'hspice deck.cir -o deck' (SIM-30)
Warning: return code 0 (hspice: No such file or directory)
Info:    Current directory '/home/linux/ieng6/cs241asp25/cs241asp25bu/lab5/run_siliconsmart/LIB_FF_1.1_25_ALL' (SIM-68)
Info:    Working in directory '/home/linux/ieng6/cs241asp25/cs241asp25bu/lab5/run_siliconsmart/LIB_FF_1.1_25_ALL/temp/siliconsmart.ieng6-ece-08.150149.24500/recover__CDN__lh__CP__lh__ACQ_1.sif_5' (SIM-69)
Info:    Executing 'hspice deck.cir -o deck' (SIM-30)
Warning: return code 0 (hspice: No such file or directory)
Info:    Current directory '/home/linux/ieng6/cs241asp25/cs241asp25bu/lab5/run_siliconsmart/LIB_FF_1.1_25_ALL' (SIM-68)
Info:    Working in directory '/home/linux/ieng6/cs241asp25/cs241asp25bu/lab5/run_siliconsmart/LIB_FF_1.1_25_ALL/temp/siliconsmart.ieng6-ece-08.150149.24500/recover__CDN__lh__CP__lh__ACQ_1.sif_6' (SIM-69)
Info:    Executing 'hspice deck.cir -o deck' (SIM-30)
Warning: return code 0 (hspice: No such file or directory)
Info:    Current directory '/home/linux/ieng6/cs241asp25/cs241asp25bu/lab5/run_siliconsmart/LIB_FF_1.1_25_ALL' (SIM-68)
Info:    Working in directory '/home/linux/ieng6/cs241asp25/cs241asp25bu/lab5/run_siliconsmart/LIB_FF_1.1_25_ALL/temp/siliconsmart.ieng6-ece-08.150149.24500/recover__CDN__lh__CP__lh__ACQ_1.sif_7' (SIM-69)
Info:    Executing 'hspice deck.cir -o deck' (SIM-30)
Warning: return code 0 (hspice: No such file or directory)
Info:    Simulation recover__CDN__lh__CP__lh__ACQ_1.sif for cell DFCSNQD1 completed successfully. (SMSC-103)
Info:    IO Retry 0
Info:    set _SIS_CLIENT_RESULT_ {{DFCSNQD1 recover__CDN__lh__CP__lh__ACQ_1 {sifTS 0.0 sifName /home/linux/ieng6/cs241asp25/cs241asp25bu/lab5/run_siliconsmart/LIB_FF_1.1_25_ALL/temp/siliconsmart.ieng6-ece-08.150149.24500/recover__CDN__lh__CP__lh__ACQ_1.sif eadCksum 90f5d7a3d668f6ee2ba622a8f892e492 simulationCount 8 exportVars {{value {{ order { slew_CDN slew_CP } slew_CDN { 2.8e-12 4.2e-11 3.544e-10 } slew_CP { 2.8e-12 4.2e-11 3.544e-10 } values { -5.70321e-11 -6.84225e-11 -9.11103e-11 -7.12365e-11 -8.1175e-11 -9.50247e-11 -1.66068e-10 -1.72669e-10 -2.05108e-10 } }} variable recover__CDN__lh__CP__lh opCond FF_1.1_25_ALL}} errorList {} sofName /home/linux/ieng6/cs241asp25/cs241asp25bu/lab5/run_siliconsmart/LIB_FF_1.1_25_ALL/temp/siliconsmart.ieng6-ece-08.150149.24500/recover__CDN__lh__CP__lh__ACQ_1.sof eadTS 0.0 eadName /home/linux/ieng6/cs241asp25/cs241asp25bu/lab5/run_siliconsmart/LIB_FF_1.1_25_ALL/temp/siliconsmart.ieng6-ece-08.150149.24500/recover__CDN__lh__CP__lh__ACQ_1.ead enableCache 0 status done depFiles /home/linux/ieng6/cs241asp25/cs241asp25bu/lab5/run_siliconsmart/LIB_FF_1.1_25_ALL/netlists/DFCSNQD1.cdl sifCksum 9fe404e3c0ab629d2baa815a6adc70fb}}}
Info:    _SIS_CLIENT_RESULT_END
Info:    __recordTaskStats__ DFCSNQD1 recover__CDN__lh__CP__lh__ACQ_1 0.24 0.03 9.33 0.61 8 31.9070930481 ieng6-ece-08.ucsd.edu 1748033705.36 1748033737.27
Info:    Loading information for cell DFCSNQD4... (SMSC-60)
Info:    Current directory '/home/linux/ieng6/cs241asp25/cs241asp25bu/lab5/run_siliconsmart/LIB_FF_1.1_25_ALL' (SIM-68)
Info:    Working in directory '/home/linux/ieng6/cs241asp25/cs241asp25bu/lab5/run_siliconsmart/LIB_FF_1.1_25_ALL/temp/siliconsmart.ieng6-ece-08.150149.24500/Cin__SDN__lh__ACQ_1.sif_0' (SIM-69)
Info:    Executing 'hspice deck.cir -o deck' (SIM-30)
Warning: return code 0 (hspice: No such file or directory)
Info:    Simulation Cin__SDN__lh__ACQ_1.sif for cell DFCSNQD4 completed successfully. (SMSC-103)
Info:    IO Retry 0
Info:    set _SIS_CLIENT_RESULT_ {{DFCSNQD4 Cin__SDN__lh__ACQ_1 {sifTS 0.0 sifName /home/linux/ieng6/cs241asp25/cs241asp25bu/lab5/run_siliconsmart/LIB_FF_1.1_25_ALL/temp/siliconsmart.ieng6-ece-08.150149.24500/Cin__SDN__lh__ACQ_1.sif eadCksum d31f40628f1f53fbd97f6ee2f1189f32 simulationCount 1 exportVars {} errorList {} sofName /home/linux/ieng6/cs241asp25/cs241asp25bu/lab5/run_siliconsmart/LIB_FF_1.1_25_ALL/temp/siliconsmart.ieng6-ece-08.150149.24500/Cin__SDN__lh__ACQ_1.sof eadTS 0.0 eadName /home/linux/ieng6/cs241asp25/cs241asp25bu/lab5/run_siliconsmart/LIB_FF_1.1_25_ALL/temp/siliconsmart.ieng6-ece-08.150149.24500/Cin__SDN__lh__ACQ_1.ead enableCache 0 status done depFiles /home/linux/ieng6/cs241asp25/cs241asp25bu/lab5/run_siliconsmart/LIB_FF_1.1_25_ALL/netlists/DFCSNQD4.cdl sifCksum 26f2784f35ebf5eb071e5824e31802a1}}}
Info:    _SIS_CLIENT_RESULT_END
Info:    __recordTaskStats__ DFCSNQD4 Cin__SDN__lh__ACQ_1 0.1 0.01 1.15 0.07 1 3.96043896675 ieng6-ece-08.ucsd.edu 1748033737.27 1748033741.23
Info:    Loading information for cell LHQD2... (SMSC-60)
Info:    Current directory '/home/linux/ieng6/cs241asp25/cs241asp25bu/lab5/run_siliconsmart/LIB_FF_1.1_25_ALL' (SIM-68)
Info:    Working in directory '/home/linux/ieng6/cs241asp25/cs241asp25bu/lab5/run_siliconsmart/LIB_FF_1.1_25_ALL/temp/siliconsmart.ieng6-ece-08.150149.24500/leakage_power__ACQ_1.sif_0' (SIM-69)
Info:    Executing 'hspice deck.cir -o deck' (SIM-30)
Warning: return code 0 (hspice: No such file or directory)
Info:    Simulation leakage_power__ACQ_1.sif for cell LHQD2 completed successfully. (SMSC-103)
Warning: SIS_SERVER_WARN_MSGLHQD2: leakage_power__ACQ_1 state: !D !E: leakage current does not sum to 0 (tolerance 1.0e-6)
Info:    IO Retry 0
Info:    set _SIS_CLIENT_RESULT_ {{LHQD2 leakage_power__ACQ_1 {sifTS 0.0 sifName /home/linux/ieng6/cs241asp25/cs241asp25bu/lab5/run_siliconsmart/LIB_FF_1.1_25_ALL/temp/siliconsmart.ieng6-ece-08.150149.24500/leakage_power__ACQ_1.sif eadCksum 5a71903005c1cee6b9405f95c97bc844 simulationCount 1 exportVars {} errorList {warning {LHQD2: leakage_power__ACQ_1 state: !D !E: leakage current does not sum to 0 (tolerance 1.0e-6)
}} sofName /home/linux/ieng6/cs241asp25/cs241asp25bu/lab5/run_siliconsmart/LIB_FF_1.1_25_ALL/temp/siliconsmart.ieng6-ece-08.150149.24500/leakage_power__ACQ_1.sof eadTS 0.0 eadName /home/linux/ieng6/cs241asp25/cs241asp25bu/lab5/run_siliconsmart/LIB_FF_1.1_25_ALL/temp/siliconsmart.ieng6-ece-08.150149.24500/leakage_power__ACQ_1.ead enableCache 0 status done depFiles /home/linux/ieng6/cs241asp25/cs241asp25bu/lab5/run_siliconsmart/LIB_FF_1.1_25_ALL/netlists/LHQD2.cdl sifCksum 75f631e3856f4099ed95c429fc688895}}}
Info:    _SIS_CLIENT_RESULT_END
Info:    __recordTaskStats__ LHQD2 leakage_power__ACQ_1 0.07 0.01 0.31 0.05 1 1.67378878593 ieng6-ece-08.ucsd.edu 1748033741.23 1748033742.91
Info:    Loading information for cell LHQD2... (SMSC-60)
Info:    Current directory '/home/linux/ieng6/cs241asp25/cs241asp25bu/lab5/run_siliconsmart/LIB_FF_1.1_25_ALL' (SIM-68)
Info:    Working in directory '/home/linux/ieng6/cs241asp25/cs241asp25bu/lab5/run_siliconsmart/LIB_FF_1.1_25_ALL/temp/siliconsmart.ieng6-ece-08.150149.24500/delay__E__lh__Q__hl__ACQ_1.sif_0' (SIM-69)
Info:    Executing 'hspice deck.cir -o deck' (SIM-30)
Warning: return code 0 (hspice: No such file or directory)
Info:    Simulation delay__E__lh__Q__hl__ACQ_1.sif for cell LHQD2 completed successfully. (SMSC-103)
Info:    IO Retry 0
Info:    set _SIS_CLIENT_RESULT_ {{LHQD2 delay__E__lh__Q__hl__ACQ_1 {sifTS 0.0 sifName /home/linux/ieng6/cs241asp25/cs241asp25bu/lab5/run_siliconsmart/LIB_FF_1.1_25_ALL/temp/siliconsmart.ieng6-ece-08.150149.24500/delay__E__lh__Q__hl__ACQ_1.sif eadCksum 6f34abe1d7d549f6553660a4194a437c simulationCount 1 exportVars {} errorList {} sofName /home/linux/ieng6/cs241asp25/cs241asp25bu/lab5/run_siliconsmart/LIB_FF_1.1_25_ALL/temp/siliconsmart.ieng6-ece-08.150149.24500/delay__E__lh__Q__hl__ACQ_1.sof eadTS 0.0 eadName /home/linux/ieng6/cs241asp25/cs241asp25bu/lab5/run_siliconsmart/LIB_FF_1.1_25_ALL/temp/siliconsmart.ieng6-ece-08.150149.24500/delay__E__lh__Q__hl__ACQ_1.ead enableCache 0 status done depFiles /home/linux/ieng6/cs241asp25/cs241asp25bu/lab5/run_siliconsmart/LIB_FF_1.1_25_ALL/netlists/LHQD2.cdl sifCksum 26b7dcf7b72a6fe222c154a62993a9b4}}}
Info:    _SIS_CLIENT_RESULT_END
Info:    __recordTaskStats__ LHQD2 delay__E__lh__Q__hl__ACQ_1 0.1 0.0 2.14 0.11 1 8.08854985237 ieng6-ece-08.ucsd.edu 1748033742.91 1748033751.0
Info:    Loading information for cell AOI21D0... (SMSC-60)
Info:    Current directory '/home/linux/ieng6/cs241asp25/cs241asp25bu/lab5/run_siliconsmart/LIB_FF_1.1_25_ALL' (SIM-68)
Info:    Working in directory '/home/linux/ieng6/cs241asp25/cs241asp25bu/lab5/run_siliconsmart/LIB_FF_1.1_25_ALL/temp/siliconsmart.ieng6-ece-08.150149.24500/Cin__A2__lh__ACQ_1.sif_0' (SIM-69)
Info:    Executing 'hspice deck.cir -o deck' (SIM-30)
Warning: return code 0 (hspice: No such file or directory)
Info:    Simulation Cin__A2__lh__ACQ_1.sif for cell AOI21D0 completed successfully. (SMSC-103)
Info:    IO Retry 0
Info:    set _SIS_CLIENT_RESULT_ {{AOI21D0 Cin__A2__lh__ACQ_1 {sifTS 0.0 sifName /home/linux/ieng6/cs241asp25/cs241asp25bu/lab5/run_siliconsmart/LIB_FF_1.1_25_ALL/temp/siliconsmart.ieng6-ece-08.150149.24500/Cin__A2__lh__ACQ_1.sif eadCksum c97978ce5cd9ac3a26542a916c1cc5a7 simulationCount 1 exportVars {} errorList {} sofName /home/linux/ieng6/cs241asp25/cs241asp25bu/lab5/run_siliconsmart/LIB_FF_1.1_25_ALL/temp/siliconsmart.ieng6-ece-08.150149.24500/Cin__A2__lh__ACQ_1.sof eadTS 0.0 eadName /home/linux/ieng6/cs241asp25/cs241asp25bu/lab5/run_siliconsmart/LIB_FF_1.1_25_ALL/temp/siliconsmart.ieng6-ece-08.150149.24500/Cin__A2__lh__ACQ_1.ead enableCache 0 status done depFiles /home/linux/ieng6/cs241asp25/cs241asp25bu/lab5/run_siliconsmart/LIB_FF_1.1_25_ALL/netlists/AOI21D0.cdl sifCksum fe85bda1125a2e1ead0512cec9d590f3}}}
Info:    _SIS_CLIENT_RESULT_END
Info:    __recordTaskStats__ AOI21D0 Cin__A2__lh__ACQ_1 0.08 0.01 0.43 0.07 1 2.237803936 ieng6-ece-08.ucsd.edu 1748033751.01 1748033753.25
Info:    Loading information for cell AOI21D0... (SMSC-60)
Info:    Current directory '/home/linux/ieng6/cs241asp25/cs241asp25bu/lab5/run_siliconsmart/LIB_FF_1.1_25_ALL' (SIM-68)
Info:    Working in directory '/home/linux/ieng6/cs241asp25/cs241asp25bu/lab5/run_siliconsmart/LIB_FF_1.1_25_ALL/temp/siliconsmart.ieng6-ece-08.150149.24500/delay__B__lh__ZN__hl__ACQ_1.sif_0' (SIM-69)
Info:    Executing 'hspice deck.cir -o deck' (SIM-30)
Warning: return code 0 (hspice: No such file or directory)
Info:    Simulation delay__B__lh__ZN__hl__ACQ_1.sif for cell AOI21D0 completed successfully. (SMSC-103)
Info:    IO Retry 0
Info:    set _SIS_CLIENT_RESULT_ {{AOI21D0 delay__B__lh__ZN__hl__ACQ_1 {sifTS 0.0 sifName /home/linux/ieng6/cs241asp25/cs241asp25bu/lab5/run_siliconsmart/LIB_FF_1.1_25_ALL/temp/siliconsmart.ieng6-ece-08.150149.24500/delay__B__lh__ZN__hl__ACQ_1.sif eadCksum 11a3b580617aa708a05928960eedb44c simulationCount 1 exportVars {} errorList {} sofName /home/linux/ieng6/cs241asp25/cs241asp25bu/lab5/run_siliconsmart/LIB_FF_1.1_25_ALL/temp/siliconsmart.ieng6-ece-08.150149.24500/delay__B__lh__ZN__hl__ACQ_1.sof eadTS 0.0 eadName /home/linux/ieng6/cs241asp25/cs241asp25bu/lab5/run_siliconsmart/LIB_FF_1.1_25_ALL/temp/siliconsmart.ieng6-ece-08.150149.24500/delay__B__lh__ZN__hl__ACQ_1.ead enableCache 0 status done depFiles /home/linux/ieng6/cs241asp25/cs241asp25bu/lab5/run_siliconsmart/LIB_FF_1.1_25_ALL/netlists/AOI21D0.cdl sifCksum 85b60d3487d10d57109a9877a585c694}}}
Info:    _SIS_CLIENT_RESULT_END
Info:    __recordTaskStats__ AOI21D0 delay__B__lh__ZN__hl__ACQ_1 0.1 0.0 1.1 0.08 1 4.61608195305 ieng6-ece-08.ucsd.edu 1748033753.25 1748033757.87
Info:    Loading information for cell AOI21D2... (SMSC-60)
Info:    Current directory '/home/linux/ieng6/cs241asp25/cs241asp25bu/lab5/run_siliconsmart/LIB_FF_1.1_25_ALL' (SIM-68)
Info:    Working in directory '/home/linux/ieng6/cs241asp25/cs241asp25bu/lab5/run_siliconsmart/LIB_FF_1.1_25_ALL/temp/siliconsmart.ieng6-ece-08.150149.24500/Cin__B__lh__ACQ_1.sif_0' (SIM-69)
Info:    Executing 'hspice deck.cir -o deck' (SIM-30)
Warning: return code 0 (hspice: No such file or directory)
Info:    Simulation Cin__B__lh__ACQ_1.sif for cell AOI21D2 completed successfully. (SMSC-103)
Info:    IO Retry 0
Info:    set _SIS_CLIENT_RESULT_ {{AOI21D2 Cin__B__lh__ACQ_1 {sifTS 0.0 sifName /home/linux/ieng6/cs241asp25/cs241asp25bu/lab5/run_siliconsmart/LIB_FF_1.1_25_ALL/temp/siliconsmart.ieng6-ece-08.150149.24500/Cin__B__lh__ACQ_1.sif eadCksum 2599835629cdceaa24aa858013a88e56 simulationCount 1 exportVars {} errorList {} sofName /home/linux/ieng6/cs241asp25/cs241asp25bu/lab5/run_siliconsmart/LIB_FF_1.1_25_ALL/temp/siliconsmart.ieng6-ece-08.150149.24500/Cin__B__lh__ACQ_1.sof eadTS 0.0 eadName /home/linux/ieng6/cs241asp25/cs241asp25bu/lab5/run_siliconsmart/LIB_FF_1.1_25_ALL/temp/siliconsmart.ieng6-ece-08.150149.24500/Cin__B__lh__ACQ_1.ead enableCache 0 status done depFiles /home/linux/ieng6/cs241asp25/cs241asp25bu/lab5/run_siliconsmart/LIB_FF_1.1_25_ALL/netlists/AOI21D2.cdl sifCksum ac84465ad67d473a8dd6f5a916b67c8d}}}
Info:    _SIS_CLIENT_RESULT_END
Info:    __recordTaskStats__ AOI21D2 Cin__B__lh__ACQ_1 0.08 0.01 0.29 0.06 1 2.06956195831 ieng6-ece-08.ucsd.edu 1748033757.9 1748033759.97
Info:    Loading information for cell AOI21D2... (SMSC-60)
Info:    Current directory '/home/linux/ieng6/cs241asp25/cs241asp25bu/lab5/run_siliconsmart/LIB_FF_1.1_25_ALL' (SIM-68)
Info:    Working in directory '/home/linux/ieng6/cs241asp25/cs241asp25bu/lab5/run_siliconsmart/LIB_FF_1.1_25_ALL/temp/siliconsmart.ieng6-ece-08.150149.24500/delay__B__lh__ZN__hl__ACQ_1.sif_0' (SIM-69)
Info:    Executing 'hspice deck.cir -o deck' (SIM-30)
Warning: return code 0 (hspice: No such file or directory)
Info:    Simulation delay__B__lh__ZN__hl__ACQ_1.sif for cell AOI21D2 completed successfully. (SMSC-103)
Info:    IO Retry 0
Info:    set _SIS_CLIENT_RESULT_ {{AOI21D2 delay__B__lh__ZN__hl__ACQ_1 {sifTS 0.0 sifName /home/linux/ieng6/cs241asp25/cs241asp25bu/lab5/run_siliconsmart/LIB_FF_1.1_25_ALL/temp/siliconsmart.ieng6-ece-08.150149.24500/delay__B__lh__ZN__hl__ACQ_1.sif eadCksum af19aa413cadf340295d39a31e580ddd simulationCount 1 exportVars {} errorList {} sofName /home/linux/ieng6/cs241asp25/cs241asp25bu/lab5/run_siliconsmart/LIB_FF_1.1_25_ALL/temp/siliconsmart.ieng6-ece-08.150149.24500/delay__B__lh__ZN__hl__ACQ_1.sof eadTS 0.0 eadName /home/linux/ieng6/cs241asp25/cs241asp25bu/lab5/run_siliconsmart/LIB_FF_1.1_25_ALL/temp/siliconsmart.ieng6-ece-08.150149.24500/delay__B__lh__ZN__hl__ACQ_1.ead enableCache 0 status done depFiles /home/linux/ieng6/cs241asp25/cs241asp25bu/lab5/run_siliconsmart/LIB_FF_1.1_25_ALL/netlists/AOI21D2.cdl sifCksum 3cac3df93c268198123eade4ff175645}}}
Info:    _SIS_CLIENT_RESULT_END
Info:    __recordTaskStats__ AOI21D2 delay__B__lh__ZN__hl__ACQ_1 0.11 0.01 1.38 0.09 1 5.67177700996 ieng6-ece-08.ucsd.edu 1748033759.98 1748033765.65
Info:    Loading information for cell MUX2D0... (SMSC-60)
Info:    Current directory '/home/linux/ieng6/cs241asp25/cs241asp25bu/lab5/run_siliconsmart/LIB_FF_1.1_25_ALL' (SIM-68)
Info:    Working in directory '/home/linux/ieng6/cs241asp25/cs241asp25bu/lab5/run_siliconsmart/LIB_FF_1.1_25_ALL/temp/siliconsmart.ieng6-ece-08.150149.24500/delay__I1__hl__Z__hl__ACQ_1.sif_0' (SIM-69)
Info:    Executing 'hspice deck.cir -o deck' (SIM-30)
Warning: return code 0 (hspice: No such file or directory)
Info:    Simulation delay__I1__hl__Z__hl__ACQ_1.sif for cell MUX2D0 completed successfully. (SMSC-103)
Info:    IO Retry 0
Info:    set _SIS_CLIENT_RESULT_ {{MUX2D0 delay__I1__hl__Z__hl__ACQ_1 {sifTS 0.0 sifName /home/linux/ieng6/cs241asp25/cs241asp25bu/lab5/run_siliconsmart/LIB_FF_1.1_25_ALL/temp/siliconsmart.ieng6-ece-08.150149.24500/delay__I1__hl__Z__hl__ACQ_1.sif eadCksum e2e20df814ffe75eccacffc532000ecf simulationCount 1 exportVars {} errorList {} sofName /home/linux/ieng6/cs241asp25/cs241asp25bu/lab5/run_siliconsmart/LIB_FF_1.1_25_ALL/temp/siliconsmart.ieng6-ece-08.150149.24500/delay__I1__hl__Z__hl__ACQ_1.sof eadTS 0.0 eadName /home/linux/ieng6/cs241asp25/cs241asp25bu/lab5/run_siliconsmart/LIB_FF_1.1_25_ALL/temp/siliconsmart.ieng6-ece-08.150149.24500/delay__I1__hl__Z__hl__ACQ_1.ead enableCache 0 status done depFiles /home/linux/ieng6/cs241asp25/cs241asp25bu/lab5/run_siliconsmart/LIB_FF_1.1_25_ALL/netlists/MUX2D0.cdl sifCksum cb7bcd009e838bf2895b5bde70b899ed}}}
Info:    _SIS_CLIENT_RESULT_END
Info:    __recordTaskStats__ MUX2D0 delay__I1__hl__Z__hl__ACQ_1 0.12 0.0 1.4 0.1 1 5.65038084984 ieng6-ece-08.ucsd.edu 1748033765.67 1748033771.32
Info:    Loading information for cell MUX2D2... (SMSC-60)
Info:    Current directory '/home/linux/ieng6/cs241asp25/cs241asp25bu/lab5/run_siliconsmart/LIB_FF_1.1_25_ALL' (SIM-68)
Info:    Working in directory '/home/linux/ieng6/cs241asp25/cs241asp25bu/lab5/run_siliconsmart/LIB_FF_1.1_25_ALL/temp/siliconsmart.ieng6-ece-08.150149.24500/delay__S__lh__Z__lh__ACQ_1.sif_0' (SIM-69)
Info:    Executing 'hspice deck.cir -o deck' (SIM-30)
Warning: return code 0 (hspice: No such file or directory)
Info:    Simulation delay__S__lh__Z__lh__ACQ_1.sif for cell MUX2D2 completed successfully. (SMSC-103)
Info:    IO Retry 0
Info:    set _SIS_CLIENT_RESULT_ {{MUX2D2 delay__S__lh__Z__lh__ACQ_1 {sifTS 0.0 sifName /home/linux/ieng6/cs241asp25/cs241asp25bu/lab5/run_siliconsmart/LIB_FF_1.1_25_ALL/temp/siliconsmart.ieng6-ece-08.150149.24500/delay__S__lh__Z__lh__ACQ_1.sif eadCksum 8cb2af8d6b5ed6f10f655b48a30efed7 simulationCount 1 exportVars {} errorList {} sofName /home/linux/ieng6/cs241asp25/cs241asp25bu/lab5/run_siliconsmart/LIB_FF_1.1_25_ALL/temp/siliconsmart.ieng6-ece-08.150149.24500/delay__S__lh__Z__lh__ACQ_1.sof eadTS 0.0 eadName /home/linux/ieng6/cs241asp25/cs241asp25bu/lab5/run_siliconsmart/LIB_FF_1.1_25_ALL/temp/siliconsmart.ieng6-ece-08.150149.24500/delay__S__lh__Z__lh__ACQ_1.ead enableCache 0 status done depFiles /home/linux/ieng6/cs241asp25/cs241asp25bu/lab5/run_siliconsmart/LIB_FF_1.1_25_ALL/netlists/MUX2D2.cdl sifCksum f1dc4adfa79c4b4ac5786dda58ce763a}}}
Info:    _SIS_CLIENT_RESULT_END
Info:    __recordTaskStats__ MUX2D2 delay__S__lh__Z__lh__ACQ_1 0.12 0.01 1.5 0.1 1 5.50418496132 ieng6-ece-08.ucsd.edu 1748033771.33 1748033776.84
Info:    Loading information for cell MUX2D4... (SMSC-60)
Info:    Current directory '/home/linux/ieng6/cs241asp25/cs241asp25bu/lab5/run_siliconsmart/LIB_FF_1.1_25_ALL' (SIM-68)
Info:    Working in directory '/home/linux/ieng6/cs241asp25/cs241asp25bu/lab5/run_siliconsmart/LIB_FF_1.1_25_ALL/temp/siliconsmart.ieng6-ece-08.150149.24500/Cin__I1__hl__ACQ_1.sif_0' (SIM-69)
Info:    Executing 'hspice deck.cir -o deck' (SIM-30)
Warning: return code 0 (hspice: No such file or directory)
Info:    Simulation Cin__I1__hl__ACQ_1.sif for cell MUX2D4 completed successfully. (SMSC-103)
Info:    IO Retry 0
Info:    set _SIS_CLIENT_RESULT_ {{MUX2D4 Cin__I1__hl__ACQ_1 {sifTS 0.0 sifName /home/linux/ieng6/cs241asp25/cs241asp25bu/lab5/run_siliconsmart/LIB_FF_1.1_25_ALL/temp/siliconsmart.ieng6-ece-08.150149.24500/Cin__I1__hl__ACQ_1.sif eadCksum 4d171c3d314bc6e87464614da4ca7501 simulationCount 1 exportVars {} errorList {} sofName /home/linux/ieng6/cs241asp25/cs241asp25bu/lab5/run_siliconsmart/LIB_FF_1.1_25_ALL/temp/siliconsmart.ieng6-ece-08.150149.24500/Cin__I1__hl__ACQ_1.sof eadTS 0.0 eadName /home/linux/ieng6/cs241asp25/cs241asp25bu/lab5/run_siliconsmart/LIB_FF_1.1_25_ALL/temp/siliconsmart.ieng6-ece-08.150149.24500/Cin__I1__hl__ACQ_1.ead enableCache 0 status done depFiles /home/linux/ieng6/cs241asp25/cs241asp25bu/lab5/run_siliconsmart/LIB_FF_1.1_25_ALL/netlists/MUX2D4.cdl sifCksum 144a56d0fe6b2716f185d1db2c232b5d}}}
Info:    _SIS_CLIENT_RESULT_END
Info:    __recordTaskStats__ MUX2D4 Cin__I1__hl__ACQ_1 0.08 0.01 0.47 0.08 1 2.31457304955 ieng6-ece-08.ucsd.edu 1748033776.84 1748033779.15
Info:    Loading information for cell OAI21D0... (SMSC-60)
Info:    Current directory '/home/linux/ieng6/cs241asp25/cs241asp25bu/lab5/run_siliconsmart/LIB_FF_1.1_25_ALL' (SIM-68)
Info:    Working in directory '/home/linux/ieng6/cs241asp25/cs241asp25bu/lab5/run_siliconsmart/LIB_FF_1.1_25_ALL/temp/siliconsmart.ieng6-ece-08.150149.24500/delay__A2__hl__ZN__lh__ACQ_1.sif_0' (SIM-69)
Info:    Executing 'hspice deck.cir -o deck' (SIM-30)
Warning: return code 0 (hspice: No such file or directory)
Info:    Simulation delay__A2__hl__ZN__lh__ACQ_1.sif for cell OAI21D0 completed successfully. (SMSC-103)
Info:    IO Retry 0
Info:    set _SIS_CLIENT_RESULT_ {{OAI21D0 delay__A2__hl__ZN__lh__ACQ_1 {sifTS 0.0 sifName /home/linux/ieng6/cs241asp25/cs241asp25bu/lab5/run_siliconsmart/LIB_FF_1.1_25_ALL/temp/siliconsmart.ieng6-ece-08.150149.24500/delay__A2__hl__ZN__lh__ACQ_1.sif eadCksum c755a9673b35e886c8b31566bff951fb simulationCount 1 exportVars {} errorList {} sofName /home/linux/ieng6/cs241asp25/cs241asp25bu/lab5/run_siliconsmart/LIB_FF_1.1_25_ALL/temp/siliconsmart.ieng6-ece-08.150149.24500/delay__A2__hl__ZN__lh__ACQ_1.sof eadTS 0.0 eadName /home/linux/ieng6/cs241asp25/cs241asp25bu/lab5/run_siliconsmart/LIB_FF_1.1_25_ALL/temp/siliconsmart.ieng6-ece-08.150149.24500/delay__A2__hl__ZN__lh__ACQ_1.ead enableCache 0 status done depFiles /home/linux/ieng6/cs241asp25/cs241asp25bu/lab5/run_siliconsmart/LIB_FF_1.1_25_ALL/netlists/OAI21D0.cdl sifCksum 84a269f9c166ac8ad39e107636dbfb50}}}
Info:    _SIS_CLIENT_RESULT_END
Info:    __recordTaskStats__ OAI21D0 delay__A2__hl__ZN__lh__ACQ_1 0.13 0.01 1.11 0.09 1 4.14379787445 ieng6-ece-08.ucsd.edu 1748033779.15 1748033783.3
Info:    Loading information for cell OAI21D2... (SMSC-60)
Info:    Current directory '/home/linux/ieng6/cs241asp25/cs241asp25bu/lab5/run_siliconsmart/LIB_FF_1.1_25_ALL' (SIM-68)
Info:    Working in directory '/home/linux/ieng6/cs241asp25/cs241asp25bu/lab5/run_siliconsmart/LIB_FF_1.1_25_ALL/temp/siliconsmart.ieng6-ece-08.150149.24500/delay__A1__hl__ZN__lh__ACQ_1.sif_0' (SIM-69)
Info:    Executing 'hspice deck.cir -o deck' (SIM-30)
Warning: return code 0 (hspice: No such file or directory)
Info:    Simulation delay__A1__hl__ZN__lh__ACQ_1.sif for cell OAI21D2 completed successfully. (SMSC-103)
Info:    IO Retry 0
Info:    set _SIS_CLIENT_RESULT_ {{OAI21D2 delay__A1__hl__ZN__lh__ACQ_1 {sifTS 0.0 sifName /home/linux/ieng6/cs241asp25/cs241asp25bu/lab5/run_siliconsmart/LIB_FF_1.1_25_ALL/temp/siliconsmart.ieng6-ece-08.150149.24500/delay__A1__hl__ZN__lh__ACQ_1.sif eadCksum 48bbac48193bea23044419eded2af799 simulationCount 1 exportVars {} errorList {} sofName /home/linux/ieng6/cs241asp25/cs241asp25bu/lab5/run_siliconsmart/LIB_FF_1.1_25_ALL/temp/siliconsmart.ieng6-ece-08.150149.24500/delay__A1__hl__ZN__lh__ACQ_1.sof eadTS 0.0 eadName /home/linux/ieng6/cs241asp25/cs241asp25bu/lab5/run_siliconsmart/LIB_FF_1.1_25_ALL/temp/siliconsmart.ieng6-ece-08.150149.24500/delay__A1__hl__ZN__lh__ACQ_1.ead enableCache 0 status done depFiles /home/linux/ieng6/cs241asp25/cs241asp25bu/lab5/run_siliconsmart/LIB_FF_1.1_25_ALL/netlists/OAI21D2.cdl sifCksum 1201694189400b8a0d85f65f43d67708}}}
Info:    _SIS_CLIENT_RESULT_END
Info:    __recordTaskStats__ OAI21D2 delay__A1__hl__ZN__lh__ACQ_1 0.12 0.01 1.29 0.09 1 5.53991985321 ieng6-ece-08.ucsd.edu 1748033783.31 1748033788.85
Info:    Loading information for cell AN2D0... (SMSC-60)
Info:    Current directory '/home/linux/ieng6/cs241asp25/cs241asp25bu/lab5/run_siliconsmart/LIB_FF_1.1_25_ALL' (SIM-68)
Info:    Working in directory '/home/linux/ieng6/cs241asp25/cs241asp25bu/lab5/run_siliconsmart/LIB_FF_1.1_25_ALL/temp/siliconsmart.ieng6-ece-08.150149.24500/delay__A2__hl__Z__hl__ACQ_1.sif_0' (SIM-69)
Info:    Executing 'hspice deck.cir -o deck' (SIM-30)
Warning: return code 0 (hspice: No such file or directory)
Info:    Simulation delay__A2__hl__Z__hl__ACQ_1.sif for cell AN2D0 completed successfully. (SMSC-103)
Info:    IO Retry 0
Info:    set _SIS_CLIENT_RESULT_ {{AN2D0 delay__A2__hl__Z__hl__ACQ_1 {sifTS 0.0 sifName /home/linux/ieng6/cs241asp25/cs241asp25bu/lab5/run_siliconsmart/LIB_FF_1.1_25_ALL/temp/siliconsmart.ieng6-ece-08.150149.24500/delay__A2__hl__Z__hl__ACQ_1.sif eadCksum e37f135b556c0537298045c69fc4fb7e simulationCount 1 exportVars {} errorList {} sofName /home/linux/ieng6/cs241asp25/cs241asp25bu/lab5/run_siliconsmart/LIB_FF_1.1_25_ALL/temp/siliconsmart.ieng6-ece-08.150149.24500/delay__A2__hl__Z__hl__ACQ_1.sof eadTS 0.0 eadName /home/linux/ieng6/cs241asp25/cs241asp25bu/lab5/run_siliconsmart/LIB_FF_1.1_25_ALL/temp/siliconsmart.ieng6-ece-08.150149.24500/delay__A2__hl__Z__hl__ACQ_1.ead enableCache 0 status done depFiles /home/linux/ieng6/cs241asp25/cs241asp25bu/lab5/run_siliconsmart/LIB_FF_1.1_25_ALL/netlists/AN2D0.cdl sifCksum 42c563733d303e5e5595cbb4d5a1dd1b}}}
Info:    _SIS_CLIENT_RESULT_END
Info:    __recordTaskStats__ AN2D0 delay__A2__hl__Z__hl__ACQ_1 0.12 0.01 1.16 0.1 1 3.93417596817 ieng6-ece-08.ucsd.edu 1748033788.86 1748033792.79
Info:    Loading information for cell AN2D4... (SMSC-60)
Info:    Current directory '/home/linux/ieng6/cs241asp25/cs241asp25bu/lab5/run_siliconsmart/LIB_FF_1.1_25_ALL' (SIM-68)
Info:    Working in directory '/home/linux/ieng6/cs241asp25/cs241asp25bu/lab5/run_siliconsmart/LIB_FF_1.1_25_ALL/temp/siliconsmart.ieng6-ece-08.150149.24500/Cin__A1__hl__ACQ_1.sif_0' (SIM-69)
Info:    Executing 'hspice deck.cir -o deck' (SIM-30)
Warning: return code 0 (hspice: No such file or directory)
Info:    Simulation Cin__A1__hl__ACQ_1.sif for cell AN2D4 completed successfully. (SMSC-103)
Info:    IO Retry 0
Info:    set _SIS_CLIENT_RESULT_ {{AN2D4 Cin__A1__hl__ACQ_1 {sifTS 0.0 sifName /home/linux/ieng6/cs241asp25/cs241asp25bu/lab5/run_siliconsmart/LIB_FF_1.1_25_ALL/temp/siliconsmart.ieng6-ece-08.150149.24500/Cin__A1__hl__ACQ_1.sif eadCksum 14c201b5842b7f21e4825557055b53fa simulationCount 1 exportVars {} errorList {} sofName /home/linux/ieng6/cs241asp25/cs241asp25bu/lab5/run_siliconsmart/LIB_FF_1.1_25_ALL/temp/siliconsmart.ieng6-ece-08.150149.24500/Cin__A1__hl__ACQ_1.sof eadTS 0.0 eadName /home/linux/ieng6/cs241asp25/cs241asp25bu/lab5/run_siliconsmart/LIB_FF_1.1_25_ALL/temp/siliconsmart.ieng6-ece-08.150149.24500/Cin__A1__hl__ACQ_1.ead enableCache 0 status done depFiles /home/linux/ieng6/cs241asp25/cs241asp25bu/lab5/run_siliconsmart/LIB_FF_1.1_25_ALL/netlists/AN2D4.cdl sifCksum 6dc08a0ddf898ab7b865db5394f0c029}}}
Info:    _SIS_CLIENT_RESULT_END
Info:    __recordTaskStats__ AN2D4 Cin__A1__hl__ACQ_1 0.06 0.0 0.56 0.07 1 2.36067008972 ieng6-ece-08.ucsd.edu 1748033792.81 1748033795.17
Info:    Loading information for cell AN2XD1... (SMSC-60)
Info:    Current directory '/home/linux/ieng6/cs241asp25/cs241asp25bu/lab5/run_siliconsmart/LIB_FF_1.1_25_ALL' (SIM-68)
Info:    Working in directory '/home/linux/ieng6/cs241asp25/cs241asp25bu/lab5/run_siliconsmart/LIB_FF_1.1_25_ALL/temp/siliconsmart.ieng6-ece-08.150149.24500/delay__A2__hl__Z__hl__ACQ_1.sif_0' (SIM-69)
Info:    Executing 'hspice deck.cir -o deck' (SIM-30)
Warning: return code 0 (hspice: No such file or directory)
Info:    Simulation delay__A2__hl__Z__hl__ACQ_1.sif for cell AN2XD1 completed successfully. (SMSC-103)
Info:    IO Retry 0
Info:    set _SIS_CLIENT_RESULT_ {{AN2XD1 delay__A2__hl__Z__hl__ACQ_1 {sifTS 0.0 sifName /home/linux/ieng6/cs241asp25/cs241asp25bu/lab5/run_siliconsmart/LIB_FF_1.1_25_ALL/temp/siliconsmart.ieng6-ece-08.150149.24500/delay__A2__hl__Z__hl__ACQ_1.sif eadCksum cf824e46986512650d8ad5c629838130 simulationCount 1 exportVars {} errorList {} sofName /home/linux/ieng6/cs241asp25/cs241asp25bu/lab5/run_siliconsmart/LIB_FF_1.1_25_ALL/temp/siliconsmart.ieng6-ece-08.150149.24500/delay__A2__hl__Z__hl__ACQ_1.sof eadTS 0.0 eadName /home/linux/ieng6/cs241asp25/cs241asp25bu/lab5/run_siliconsmart/LIB_FF_1.1_25_ALL/temp/siliconsmart.ieng6-ece-08.150149.24500/delay__A2__hl__Z__hl__ACQ_1.ead enableCache 0 status done depFiles /home/linux/ieng6/cs241asp25/cs241asp25bu/lab5/run_siliconsmart/LIB_FF_1.1_25_ALL/netlists/AN2XD1.cdl sifCksum 740887abf16235874d32381e9f331de9}}}
Info:    _SIS_CLIENT_RESULT_END
Info:    __recordTaskStats__ AN2XD1 delay__A2__hl__Z__hl__ACQ_1 0.11 0.02 1.14 0.08 1 3.6775457859 ieng6-ece-08.ucsd.edu 1748033795.17 1748033798.85
Info:    Loading information for cell ND2D2... (SMSC-60)
Info:    Current directory '/home/linux/ieng6/cs241asp25/cs241asp25bu/lab5/run_siliconsmart/LIB_FF_1.1_25_ALL' (SIM-68)
Info:    Working in directory '/home/linux/ieng6/cs241asp25/cs241asp25bu/lab5/run_siliconsmart/LIB_FF_1.1_25_ALL/temp/siliconsmart.ieng6-ece-08.150149.24500/delay__A1__lh__ZN__hl__ACQ_1.sif_0' (SIM-69)
Info:    Executing 'hspice deck.cir -o deck' (SIM-30)
Warning: return code 0 (hspice: No such file or directory)
Info:    Simulation delay__A1__lh__ZN__hl__ACQ_1.sif for cell ND2D2 completed successfully. (SMSC-103)
Info:    IO Retry 0
Info:    set _SIS_CLIENT_RESULT_ {{ND2D2 delay__A1__lh__ZN__hl__ACQ_1 {sifTS 0.0 sifName /home/linux/ieng6/cs241asp25/cs241asp25bu/lab5/run_siliconsmart/LIB_FF_1.1_25_ALL/temp/siliconsmart.ieng6-ece-08.150149.24500/delay__A1__lh__ZN__hl__ACQ_1.sif eadCksum f405237a21c8f1ab3afecfc1529108de simulationCount 1 exportVars {} errorList {} sofName /home/linux/ieng6/cs241asp25/cs241asp25bu/lab5/run_siliconsmart/LIB_FF_1.1_25_ALL/temp/siliconsmart.ieng6-ece-08.150149.24500/delay__A1__lh__ZN__hl__ACQ_1.sof eadTS 0.0 eadName /home/linux/ieng6/cs241asp25/cs241asp25bu/lab5/run_siliconsmart/LIB_FF_1.1_25_ALL/temp/siliconsmart.ieng6-ece-08.150149.24500/delay__A1__lh__ZN__hl__ACQ_1.ead enableCache 0 status done depFiles /home/linux/ieng6/cs241asp25/cs241asp25bu/lab5/run_siliconsmart/LIB_FF_1.1_25_ALL/netlists/ND2D2.cdl sifCksum 1ccaa0495544a3220230a0a5b1ab9f56}}}
Info:    _SIS_CLIENT_RESULT_END
Info:    __recordTaskStats__ ND2D2 delay__A1__lh__ZN__hl__ACQ_1 0.11 0.01 1.12 0.09 1 3.48514509201 ieng6-ece-08.ucsd.edu 1748033798.85 1748033802.33
Info:    Loading information for cell ND2D8... (SMSC-60)
Info:    Current directory '/home/linux/ieng6/cs241asp25/cs241asp25bu/lab5/run_siliconsmart/LIB_FF_1.1_25_ALL' (SIM-68)
Info:    Working in directory '/home/linux/ieng6/cs241asp25/cs241asp25bu/lab5/run_siliconsmart/LIB_FF_1.1_25_ALL/temp/siliconsmart.ieng6-ece-08.150149.24500/leakage_power__ACQ_4.sif_0' (SIM-69)
Info:    Executing 'hspice deck.cir -o deck' (SIM-30)
Warning: return code 0 (hspice: No such file or directory)
Info:    Simulation leakage_power__ACQ_4.sif for cell ND2D8 completed successfully. (SMSC-103)
Info:    IO Retry 0
Info:    set _SIS_CLIENT_RESULT_ {{ND2D8 leakage_power__ACQ_4 {sifTS 0.0 sifName /home/linux/ieng6/cs241asp25/cs241asp25bu/lab5/run_siliconsmart/LIB_FF_1.1_25_ALL/temp/siliconsmart.ieng6-ece-08.150149.24500/leakage_power__ACQ_4.sif eadCksum d847e7e23e2744e2b2bf82db67069795 simulationCount 1 exportVars {} errorList {} sofName /home/linux/ieng6/cs241asp25/cs241asp25bu/lab5/run_siliconsmart/LIB_FF_1.1_25_ALL/temp/siliconsmart.ieng6-ece-08.150149.24500/leakage_power__ACQ_4.sof eadTS 0.0 eadName /home/linux/ieng6/cs241asp25/cs241asp25bu/lab5/run_siliconsmart/LIB_FF_1.1_25_ALL/temp/siliconsmart.ieng6-ece-08.150149.24500/leakage_power__ACQ_4.ead enableCache 0 status done depFiles /home/linux/ieng6/cs241asp25/cs241asp25bu/lab5/run_siliconsmart/LIB_FF_1.1_25_ALL/netlists/ND2D8.cdl sifCksum fd4fb32cf62d6571585db5ec8ae555f4}}}
Info:    _SIS_CLIENT_RESULT_END
Info:    __recordTaskStats__ ND2D8 leakage_power__ACQ_4 0.06 0.01 0.43 0.07 1 2.00219202042 ieng6-ece-08.ucsd.edu 1748033802.33 1748033804.33
Info:    Loading information for cell NR2D1... (SMSC-60)
Info:    Current directory '/home/linux/ieng6/cs241asp25/cs241asp25bu/lab5/run_siliconsmart/LIB_FF_1.1_25_ALL' (SIM-68)
Info:    Working in directory '/home/linux/ieng6/cs241asp25/cs241asp25bu/lab5/run_siliconsmart/LIB_FF_1.1_25_ALL/temp/siliconsmart.ieng6-ece-08.150149.24500/Cin__A2__hl__ACQ_1.sif_0' (SIM-69)
Info:    Executing 'hspice deck.cir -o deck' (SIM-30)
Warning: return code 0 (hspice: No such file or directory)
Info:    Simulation Cin__A2__hl__ACQ_1.sif for cell NR2D1 completed successfully. (SMSC-103)
Info:    IO Retry 0
Info:    set _SIS_CLIENT_RESULT_ {{NR2D1 Cin__A2__hl__ACQ_1 {sifTS 0.0 sifName /home/linux/ieng6/cs241asp25/cs241asp25bu/lab5/run_siliconsmart/LIB_FF_1.1_25_ALL/temp/siliconsmart.ieng6-ece-08.150149.24500/Cin__A2__hl__ACQ_1.sif eadCksum 934e776c7a69f4bfa89c065679062513 simulationCount 1 exportVars {} errorList {} sofName /home/linux/ieng6/cs241asp25/cs241asp25bu/lab5/run_siliconsmart/LIB_FF_1.1_25_ALL/temp/siliconsmart.ieng6-ece-08.150149.24500/Cin__A2__hl__ACQ_1.sof eadTS 0.0 eadName /home/linux/ieng6/cs241asp25/cs241asp25bu/lab5/run_siliconsmart/LIB_FF_1.1_25_ALL/temp/siliconsmart.ieng6-ece-08.150149.24500/Cin__A2__hl__ACQ_1.ead enableCache 0 status done depFiles /home/linux/ieng6/cs241asp25/cs241asp25bu/lab5/run_siliconsmart/LIB_FF_1.1_25_ALL/netlists/NR2D1.cdl sifCksum fc2861961f7259ef9e3c98ea46ed6826}}}
Info:    _SIS_CLIENT_RESULT_END
Info:    __recordTaskStats__ NR2D1 Cin__A2__hl__ACQ_1 0.07 0.0 0.28 0.07 1 1.43222904205 ieng6-ece-08.ucsd.edu 1748033804.34 1748033805.77
Info:    Loading information for cell NR2D2... (SMSC-60)
Info:    Current directory '/home/linux/ieng6/cs241asp25/cs241asp25bu/lab5/run_siliconsmart/LIB_FF_1.1_25_ALL' (SIM-68)
Info:    Working in directory '/home/linux/ieng6/cs241asp25/cs241asp25bu/lab5/run_siliconsmart/LIB_FF_1.1_25_ALL/temp/siliconsmart.ieng6-ece-08.150149.24500/leakage_power__ACQ_2.sif_0' (SIM-69)
Info:    Executing 'hspice deck.cir -o deck' (SIM-30)
Warning: return code 0 (hspice: No such file or directory)
Info:    Simulation leakage_power__ACQ_2.sif for cell NR2D2 completed successfully. (SMSC-103)
Info:    IO Retry 0
Info:    set _SIS_CLIENT_RESULT_ {{NR2D2 leakage_power__ACQ_2 {sifTS 0.0 sifName /home/linux/ieng6/cs241asp25/cs241asp25bu/lab5/run_siliconsmart/LIB_FF_1.1_25_ALL/temp/siliconsmart.ieng6-ece-08.150149.24500/leakage_power__ACQ_2.sif eadCksum ab3f46ade70ff73e0631e14e6e512eb9 simulationCount 1 exportVars {} errorList {} sofName /home/linux/ieng6/cs241asp25/cs241asp25bu/lab5/run_siliconsmart/LIB_FF_1.1_25_ALL/temp/siliconsmart.ieng6-ece-08.150149.24500/leakage_power__ACQ_2.sof eadTS 0.0 eadName /home/linux/ieng6/cs241asp25/cs241asp25bu/lab5/run_siliconsmart/LIB_FF_1.1_25_ALL/temp/siliconsmart.ieng6-ece-08.150149.24500/leakage_power__ACQ_2.ead enableCache 0 status done depFiles /home/linux/ieng6/cs241asp25/cs241asp25bu/lab5/run_siliconsmart/LIB_FF_1.1_25_ALL/netlists/NR2D2.cdl sifCksum 612de5b76d4312f1b5aacb2e37ef7757}}}
Info:    _SIS_CLIENT_RESULT_END
Info:    __recordTaskStats__ NR2D2 leakage_power__ACQ_2 0.06 0.01 0.3 0.07 1 1.80944108963 ieng6-ece-08.ucsd.edu 1748033805.78 1748033807.59
Info:    Loading information for cell NR2D4... (SMSC-60)
Info:    Current directory '/home/linux/ieng6/cs241asp25/cs241asp25bu/lab5/run_siliconsmart/LIB_FF_1.1_25_ALL' (SIM-68)
Info:    Working in directory '/home/linux/ieng6/cs241asp25/cs241asp25bu/lab5/run_siliconsmart/LIB_FF_1.1_25_ALL/temp/siliconsmart.ieng6-ece-08.150149.24500/Cin__A2__hl__ACQ_1.sif_0' (SIM-69)
Info:    Executing 'hspice deck.cir -o deck' (SIM-30)
Warning: return code 0 (hspice: No such file or directory)
Info:    Simulation Cin__A2__hl__ACQ_1.sif for cell NR2D4 completed successfully. (SMSC-103)
Info:    IO Retry 0
Info:    set _SIS_CLIENT_RESULT_ {{NR2D4 Cin__A2__hl__ACQ_1 {sifTS 0.0 sifName /home/linux/ieng6/cs241asp25/cs241asp25bu/lab5/run_siliconsmart/LIB_FF_1.1_25_ALL/temp/siliconsmart.ieng6-ece-08.150149.24500/Cin__A2__hl__ACQ_1.sif eadCksum 4bb8ef36e2adfb0d4445d4c44905cdbf simulationCount 1 exportVars {} errorList {} sofName /home/linux/ieng6/cs241asp25/cs241asp25bu/lab5/run_siliconsmart/LIB_FF_1.1_25_ALL/temp/siliconsmart.ieng6-ece-08.150149.24500/Cin__A2__hl__ACQ_1.sof eadTS 0.0 eadName /home/linux/ieng6/cs241asp25/cs241asp25bu/lab5/run_siliconsmart/LIB_FF_1.1_25_ALL/temp/siliconsmart.ieng6-ece-08.150149.24500/Cin__A2__hl__ACQ_1.ead enableCache 0 status done depFiles /home/linux/ieng6/cs241asp25/cs241asp25bu/lab5/run_siliconsmart/LIB_FF_1.1_25_ALL/netlists/NR2D4.cdl sifCksum c8ed536430b88a57ba98a0ac7062ec07}}}
Info:    _SIS_CLIENT_RESULT_END
Info:    __recordTaskStats__ NR2D4 Cin__A2__hl__ACQ_1 0.08 0.0 0.41 0.06 1 1.71164298058 ieng6-ece-08.ucsd.edu 1748033807.59 1748033809.3
Info:    Loading information for cell NR2D8... (SMSC-60)
Info:    Current directory '/home/linux/ieng6/cs241asp25/cs241asp25bu/lab5/run_siliconsmart/LIB_FF_1.1_25_ALL' (SIM-68)
Info:    Working in directory '/home/linux/ieng6/cs241asp25/cs241asp25bu/lab5/run_siliconsmart/LIB_FF_1.1_25_ALL/temp/siliconsmart.ieng6-ece-08.150149.24500/delay__A1__hl__ZN__lh__ACQ_1.sif_0' (SIM-69)
Info:    Executing 'hspice deck.cir -o deck' (SIM-30)
Warning: return code 0 (hspice: No such file or directory)
Info:    Simulation delay__A1__hl__ZN__lh__ACQ_1.sif for cell NR2D8 completed successfully. (SMSC-103)
Info:    IO Retry 0
Info:    set _SIS_CLIENT_RESULT_ {{NR2D8 delay__A1__hl__ZN__lh__ACQ_1 {sifTS 0.0 sifName /home/linux/ieng6/cs241asp25/cs241asp25bu/lab5/run_siliconsmart/LIB_FF_1.1_25_ALL/temp/siliconsmart.ieng6-ece-08.150149.24500/delay__A1__hl__ZN__lh__ACQ_1.sif eadCksum 2f982b0de68fa60d67d7af02bcd0fa16 simulationCount 1 exportVars {} errorList {} sofName /home/linux/ieng6/cs241asp25/cs241asp25bu/lab5/run_siliconsmart/LIB_FF_1.1_25_ALL/temp/siliconsmart.ieng6-ece-08.150149.24500/delay__A1__hl__ZN__lh__ACQ_1.sof eadTS 0.0 eadName /home/linux/ieng6/cs241asp25/cs241asp25bu/lab5/run_siliconsmart/LIB_FF_1.1_25_ALL/temp/siliconsmart.ieng6-ece-08.150149.24500/delay__A1__hl__ZN__lh__ACQ_1.ead enableCache 0 status done depFiles /home/linux/ieng6/cs241asp25/cs241asp25bu/lab5/run_siliconsmart/LIB_FF_1.1_25_ALL/netlists/NR2D8.cdl sifCksum 2bbeb30773a79f93a6bf92c2412127ae}}}
Info:    _SIS_CLIENT_RESULT_END
Info:    __recordTaskStats__ NR2D8 delay__A1__hl__ZN__lh__ACQ_1 0.1 0.02 2.08 0.09 1 7.44874620438 ieng6-ece-08.ucsd.edu 1748033809.32 1748033816.77
Info:    Loading information for cell XNR2D0... (SMSC-60)
Info:    Current directory '/home/linux/ieng6/cs241asp25/cs241asp25bu/lab5/run_siliconsmart/LIB_FF_1.1_25_ALL' (SIM-68)
Info:    Working in directory '/home/linux/ieng6/cs241asp25/cs241asp25bu/lab5/run_siliconsmart/LIB_FF_1.1_25_ALL/temp/siliconsmart.ieng6-ece-08.150149.24500/delay__A2__lh__ZN__hl__ACQ_1.sif_0' (SIM-69)
Info:    Executing 'hspice deck.cir -o deck' (SIM-30)
Warning: return code 0 (hspice: No such file or directory)
Info:    Simulation delay__A2__lh__ZN__hl__ACQ_1.sif for cell XNR2D0 completed successfully. (SMSC-103)
Info:    IO Retry 0
Info:    set _SIS_CLIENT_RESULT_ {{XNR2D0 delay__A2__lh__ZN__hl__ACQ_1 {sifTS 0.0 sifName /home/linux/ieng6/cs241asp25/cs241asp25bu/lab5/run_siliconsmart/LIB_FF_1.1_25_ALL/temp/siliconsmart.ieng6-ece-08.150149.24500/delay__A2__lh__ZN__hl__ACQ_1.sif eadCksum 3d80126d1f76c5bbc0bdb39318840ba9 simulationCount 1 exportVars {} errorList {} sofName /home/linux/ieng6/cs241asp25/cs241asp25bu/lab5/run_siliconsmart/LIB_FF_1.1_25_ALL/temp/siliconsmart.ieng6-ece-08.150149.24500/delay__A2__lh__ZN__hl__ACQ_1.sof eadTS 0.0 eadName /home/linux/ieng6/cs241asp25/cs241asp25bu/lab5/run_siliconsmart/LIB_FF_1.1_25_ALL/temp/siliconsmart.ieng6-ece-08.150149.24500/delay__A2__lh__ZN__hl__ACQ_1.ead enableCache 0 status done depFiles /home/linux/ieng6/cs241asp25/cs241asp25bu/lab5/run_siliconsmart/LIB_FF_1.1_25_ALL/netlists/XNR2D0.cdl sifCksum 80029a1cce2d5a14fcc31730d7936503}}}
Info:    _SIS_CLIENT_RESULT_END
Info:    __recordTaskStats__ XNR2D0 delay__A2__lh__ZN__hl__ACQ_1 0.11 0.0 1.41 0.09 1 6.0149538517 ieng6-ece-08.ucsd.edu 1748033816.79 1748033822.8
Info:    Loading information for cell XNR2D4... (SMSC-60)
Info:    Current directory '/home/linux/ieng6/cs241asp25/cs241asp25bu/lab5/run_siliconsmart/LIB_FF_1.1_25_ALL' (SIM-68)
Info:    Working in directory '/home/linux/ieng6/cs241asp25/cs241asp25bu/lab5/run_siliconsmart/LIB_FF_1.1_25_ALL/temp/siliconsmart.ieng6-ece-08.150149.24500/delay__A2__lh__ZN__hl__ACQ_1.sif_0' (SIM-69)
Info:    Executing 'hspice deck.cir -o deck' (SIM-30)
Warning: return code 0 (hspice: No such file or directory)
Info:    Simulation delay__A2__lh__ZN__hl__ACQ_1.sif for cell XNR2D4 completed successfully. (SMSC-103)
Info:    IO Retry 0
Info:    set _SIS_CLIENT_RESULT_ {{XNR2D4 delay__A2__lh__ZN__hl__ACQ_1 {sifTS 0.0 sifName /home/linux/ieng6/cs241asp25/cs241asp25bu/lab5/run_siliconsmart/LIB_FF_1.1_25_ALL/temp/siliconsmart.ieng6-ece-08.150149.24500/delay__A2__lh__ZN__hl__ACQ_1.sif eadCksum 63ed65d190d2cfc9c001319904ff96bb simulationCount 1 exportVars {} errorList {} sofName /home/linux/ieng6/cs241asp25/cs241asp25bu/lab5/run_siliconsmart/LIB_FF_1.1_25_ALL/temp/siliconsmart.ieng6-ece-08.150149.24500/delay__A2__lh__ZN__hl__ACQ_1.sof eadTS 0.0 eadName /home/linux/ieng6/cs241asp25/cs241asp25bu/lab5/run_siliconsmart/LIB_FF_1.1_25_ALL/temp/siliconsmart.ieng6-ece-08.150149.24500/delay__A2__lh__ZN__hl__ACQ_1.ead enableCache 0 status done depFiles /home/linux/ieng6/cs241asp25/cs241asp25bu/lab5/run_siliconsmart/LIB_FF_1.1_25_ALL/netlists/XNR2D4.cdl sifCksum 01eae30185dd0494f1ff07a30151502a}}}
Info:    _SIS_CLIENT_RESULT_END
Info:    __recordTaskStats__ XNR2D4 delay__A2__lh__ZN__hl__ACQ_1 0.12 0.01 2.24 0.09 1 9.00847816467 ieng6-ece-08.ucsd.edu 1748033822.82 1748033831.83
Info:    Loading information for cell BUFFD16... (SMSC-60)
Info:    Current directory '/home/linux/ieng6/cs241asp25/cs241asp25bu/lab5/run_siliconsmart/LIB_FF_1.1_25_ALL' (SIM-68)
Info:    Working in directory '/home/linux/ieng6/cs241asp25/cs241asp25bu/lab5/run_siliconsmart/LIB_FF_1.1_25_ALL/temp/siliconsmart.ieng6-ece-08.150149.24500/delay__I__hl__Z__hl__ACQ_1.sif_0' (SIM-69)
Info:    Executing 'hspice deck.cir -o deck' (SIM-30)
Warning: return code 0 (hspice: No such file or directory)
Info:    Simulation delay__I__hl__Z__hl__ACQ_1.sif for cell BUFFD16 completed successfully. (SMSC-103)
Info:    IO Retry 0
Info:    set _SIS_CLIENT_RESULT_ {{BUFFD16 delay__I__hl__Z__hl__ACQ_1 {sifTS 0.0 sifName /home/linux/ieng6/cs241asp25/cs241asp25bu/lab5/run_siliconsmart/LIB_FF_1.1_25_ALL/temp/siliconsmart.ieng6-ece-08.150149.24500/delay__I__hl__Z__hl__ACQ_1.sif eadCksum 29d0b96c9ef8f902987ca02b1723db02 simulationCount 1 exportVars {} errorList {} sofName /home/linux/ieng6/cs241asp25/cs241asp25bu/lab5/run_siliconsmart/LIB_FF_1.1_25_ALL/temp/siliconsmart.ieng6-ece-08.150149.24500/delay__I__hl__Z__hl__ACQ_1.sof eadTS 0.0 eadName /home/linux/ieng6/cs241asp25/cs241asp25bu/lab5/run_siliconsmart/LIB_FF_1.1_25_ALL/temp/siliconsmart.ieng6-ece-08.150149.24500/delay__I__hl__Z__hl__ACQ_1.ead enableCache 0 status done depFiles /home/linux/ieng6/cs241asp25/cs241asp25bu/lab5/run_siliconsmart/LIB_FF_1.1_25_ALL/netlists/BUFFD16.cdl sifCksum 8561a7e80b39e7dda48fa56f9ee4ad0a}}}
Info:    _SIS_CLIENT_RESULT_END
Info:    __recordTaskStats__ BUFFD16 delay__I__hl__Z__hl__ACQ_1 0.11 0.0 2.73 0.09 1 11.4007999897 ieng6-ece-08.ucsd.edu 1748033831.84 1748033843.24
Info:    The char directory is /home/linux/ieng6/cs241asp25/cs241asp25bu/lab5/run_siliconsmart/LIB_FF_1.1_25_ALL
Warning: Operating condition 'FF_1.1_25_ALL' already exists, skipped.
Info:    Initializing modeler.
Info:    Creating recharacterized libraries. 
Info:    Reading /home/linux/ieng6/cs241asp25/cs241asp25bu/lab5/run_siliconsmart/LIB_FF_1.1_25_ALL/models/liberty/cellmodels/header.lib ...
Info:    Reading /home/linux/ieng6/cs241asp25/cs241asp25bu/lab5/run_siliconsmart/LIB_FF_1.1_25_ALL/models/liberty/cellmodels/OAI21D1.lib ...
Info:    Writing libraries ...
Info:    Creating Liberty file "/home/linux/ieng6/cs241asp25/cs241asp25bu/lab5/run_siliconsmart/LIB_FF_1.1_25_ALL/models/liberty/cells/OAI21D1_FF_1.1_25_ALL.lib".
Info:    re-positioning normalized_driver_waveform (ndw_ntin_nvolt_7x13) after templates
Info:    __recordTaskStats__ OAI21D1 modeling 1.01 0.02 0.01 0.04 1 5.89861607552 ieng6-ece-08.ucsd.edu 1748033859.7 1748033865.6
Info:    set _SIS_CLIENT_RESULT_ {{OAI21D1 modeling {status done exportVars {} errorList {} sifName {} sofName {} eadName {} depFiles {} tmpHeader {FF_1.1_25_ALL /home/linux/ieng6/cs241asp25/cs241asp25bu/lab5/run_siliconsmart/LIB_FF_1.1_25_ALL/runtime/modeling/merge/OAI21D1_FF_1.1_25_ALL.header} tmpBody {FF_1.1_25_ALL_OAI21D1 /home/linux/ieng6/cs241asp25/cs241asp25bu/lab5/run_siliconsmart/LIB_FF_1.1_25_ALL/runtime/modeling/merge/OAI21D1_FF_1.1_25_ALL.body}}}}
Info:    _SIS_CLIENT_RESULT_END
Info:    Initializing modeler.
Info:    Creating recharacterized libraries. 
Info:    Reading /home/linux/ieng6/cs241asp25/cs241asp25bu/lab5/run_siliconsmart/LIB_FF_1.1_25_ALL/models/liberty/cellmodels/header.lib ...
Info:    Reading /home/linux/ieng6/cs241asp25/cs241asp25bu/lab5/run_siliconsmart/LIB_FF_1.1_25_ALL/models/liberty/cellmodels/BUFFD0.lib ...
Info:    Writing libraries ...
Info:    Creating Liberty file "/home/linux/ieng6/cs241asp25/cs241asp25bu/lab5/run_siliconsmart/LIB_FF_1.1_25_ALL/models/liberty/cells/BUFFD0_FF_1.1_25_ALL.lib".
Info:    __recordTaskStats__ BUFFD0 modeling 0.71 0.02 0.01 0.04 1 4.1226940155 ieng6-ece-08.ucsd.edu 1748033865.61 1748033869.73
Info:    set _SIS_CLIENT_RESULT_ {{BUFFD0 modeling {status done exportVars {} errorList {} sifName {} sofName {} eadName {} depFiles {} tmpHeader {FF_1.1_25_ALL /home/linux/ieng6/cs241asp25/cs241asp25bu/lab5/run_siliconsmart/LIB_FF_1.1_25_ALL/runtime/modeling/merge/BUFFD0_FF_1.1_25_ALL.header} tmpBody {FF_1.1_25_ALL_BUFFD0 /home/linux/ieng6/cs241asp25/cs241asp25bu/lab5/run_siliconsmart/LIB_FF_1.1_25_ALL/runtime/modeling/merge/BUFFD0_FF_1.1_25_ALL.body}}}}
Info:    _SIS_CLIENT_RESULT_END
Info:    Initializing modeler.
Info:    Creating recharacterized libraries. 
Info:    Reading /home/linux/ieng6/cs241asp25/cs241asp25bu/lab5/run_siliconsmart/LIB_FF_1.1_25_ALL/models/liberty/cellmodels/header.lib ...
Info:    Reading /home/linux/ieng6/cs241asp25/cs241asp25bu/lab5/run_siliconsmart/LIB_FF_1.1_25_ALL/models/liberty/cellmodels/INVD6.lib ...
Info:    Writing libraries ...
Info:    Creating Liberty file "/home/linux/ieng6/cs241asp25/cs241asp25bu/lab5/run_siliconsmart/LIB_FF_1.1_25_ALL/models/liberty/cells/INVD6_FF_1.1_25_ALL.lib".
Info:    __recordTaskStats__ INVD6 modeling 0.7 0.03 0.01 0.04 1 1.30512404442 ieng6-ece-08.ucsd.edu 1748033869.74 1748033871.05
Info:    set _SIS_CLIENT_RESULT_ {{INVD6 modeling {status done exportVars {} errorList {} sifName {} sofName {} eadName {} depFiles {} tmpHeader {FF_1.1_25_ALL /home/linux/ieng6/cs241asp25/cs241asp25bu/lab5/run_siliconsmart/LIB_FF_1.1_25_ALL/runtime/modeling/merge/INVD6_FF_1.1_25_ALL.header} tmpBody {FF_1.1_25_ALL_INVD6 /home/linux/ieng6/cs241asp25/cs241asp25bu/lab5/run_siliconsmart/LIB_FF_1.1_25_ALL/runtime/modeling/merge/INVD6_FF_1.1_25_ALL.body}}}}
Info:    _SIS_CLIENT_RESULT_END
Info:    CDPL worker exited normally.
Info:    Maximum virtual memory size: 653.39MB
Info:    Switching log to /home/linux/ieng6/cs241asp25/cs241asp25bu/lab5/run_siliconsmart/LIB_FF_1.1_25_ALL/runtime/cdpl/sis.W8.ieng6-ece-08.ucsd.edu.24500.log at Fri May 23 13:58:14 2025
.
----------------------------------------------------------------------
----------------------------------------------------------------------
Info:    Switching log from /home/linux/ieng6/cs241asp25/cs241asp25bu/lab5/run_siliconsmart/LIB_FF_1.1_25_ALL/temp/sis.cs241asp25bu.24500.log at Fri May 23 13:58:14 2025
Info:    Log written by SiliconSmart version L-2016.06-SP1-2 on Fri May 23 13:58:14 2025
Info:    Build date: Dec 07, 2016 16:59:49
Info:    SiliconSmart Path: /acsnfs3/software/SiliconSmartAce-2016.06-SP1-2/linux64/bin/siliconsmart
Info:    Host Name: ieng6-ece-08.ucsd.edu, User Name: cs241asp25bu, PID: 24500
Info:    CPU: 8 x 2195 MHz, Intel(R) Xeon(R) Gold 5220 CPU @ 2.20GHz (2 socket, 4 core)
Info:    Memory: 32 GB RAM, 1 GB Swap
Info:    Directory: /home/linux/ieng6/cs241asp25/cs241asp25bu/lab5/run_siliconsmart/LIB_FF_1.1_25_ALL
Info:    Maximum virtual memory size: 653.39MB
Info:    Maximum virtual memory size: 653.387 MB
