----------------------------------------------------------------------
Info:    Log written by SiliconSmart version L-2016.06-SP1-2 on Fri May 23 13:54:28 2025
Info:    Build date: Dec 07, 2016 16:59:49
Info:    SiliconSmart Path: /acsnfs3/software/SiliconSmartAce-2016.06-SP1-2/linux64/bin/siliconsmart
Info:    Host Name: ieng6-ece-08.ucsd.edu, User Name: cs241asp25bu, PID: 24455
Info:    CPU: 8 x 2195 MHz, Intel(R) Xeon(R) Gold 5220 CPU @ 2.20GHz (2 socket, 4 core)
Info:    Memory: 32 GB RAM, 1 GB Swap
Info:    Directory: /home/linux/ieng6/cs241asp25/cs241asp25bu/lab5/run_siliconsmart/LIB_FF_1.1_25_ALL
Info:    Maximum virtual memory size: 587.09MB
Command-line: /acsnfs3/software/SiliconSmartAce-2016.06-SP1-2/linux64/bin/siliconsmart -server /home/linux/ieng6/cs241asp25/cs241asp25bu/lab5/run_siliconsmart/LIB_FF_1.1_25_ALL/runtime/cdpl/driver_23161.tcl
Fri May 23 13:54:28 2025: Establishing connection to license server
The char directory is /home/linux/ieng6/cs241asp25/cs241asp25bu/lab5/run_siliconsmart/LIB_FF_1.1_25_ALL
Warning: Operating condition 'FF_1.1_25_ALL' already exists, skipped.
Info:    Reading instance file for cell BUFFD1... (SMSC-23)
Info:    Generating timing tests.
Info:    Generating power tests.
Info:    Generating template at Fri May 23 13:54:28 2025 
Info:    Done generating template at Fri May 23 13:54:28 2025
Info:    Generate Templates: Maximum virtual memory size: 623.242 MB
Info:    Cell BUFFD1 configured for characterization. (SMSC-24)
Info:    __recordTaskStats__ BUFFD1 configure 0.11 0.01 0.0 0.0 1 0.209440946579 ieng6-ece-08.ucsd.edu 1748033668.24 1748033668.45
Info:    set _SIS_CLIENT_RESULT_ {{BUFFD1 configuration {status done exportVars {} errorList {} sifName {} sofName {} eadName {} depFiles {}}}}
Info:    _SIS_CLIENT_RESULT_END
Info:    Reading instance file for cell BUFFD2... (SMSC-23)
Info:    Generating timing tests.
Info:    Generating power tests.
Info:    Generating template at Fri May 23 13:54:28 2025 
Info:    Done generating template at Fri May 23 13:54:28 2025
Info:    Generate Templates: Maximum virtual memory size: 623.242 MB
Info:    Cell BUFFD2 configured for characterization. (SMSC-24)
Info:    __recordTaskStats__ BUFFD2 configure 0.1 0.0 0.0 0.0 1 0.141664028168 ieng6-ece-08.ucsd.edu 1748033668.45 1748033668.59
Info:    set _SIS_CLIENT_RESULT_ {{BUFFD2 configuration {status done exportVars {} errorList {} sifName {} sofName {} eadName {} depFiles {}}}}
Info:    _SIS_CLIENT_RESULT_END
Info:    Reading instance file for cell DFCSNQD1... (SMSC-23)
Info:    Generating timing tests.
Info:    Generating power tests.
Info:    Generating template at Fri May 23 13:54:29 2025 
Info:    Done generating template at Fri May 23 13:54:29 2025
Info:    Generate Templates: Maximum virtual memory size: 630.242 MB
Info:    Cell DFCSNQD1 configured for characterization. (SMSC-24)
Info:    __recordTaskStats__ DFCSNQD1 configure 0.83 0.01 0.0 0.0 1 1.21815109253 ieng6-ece-08.ucsd.edu 1748033668.99 1748033670.21
Info:    set _SIS_CLIENT_RESULT_ {{DFCSNQD1 configuration {status done exportVars {} errorList {} sifName {} sofName {} eadName {} depFiles {}}}}
Info:    _SIS_CLIENT_RESULT_END
Info:    Reading instance file for cell ND2D3... (SMSC-23)
Info:    Generating timing tests.
Info:    Generating power tests.
Info:    Generating template at Fri May 23 13:54:30 2025 
Info:    Done generating template at Fri May 23 13:54:30 2025
Info:    Generate Templates: Maximum virtual memory size: 631.062 MB
Info:    Cell ND2D3 configured for characterization. (SMSC-24)
Info:    __recordTaskStats__ ND2D3 configure 0.29 0.0 0.0 0.0 1 0.555424928665 ieng6-ece-08.ucsd.edu 1748033670.24 1748033670.79
Info:    set _SIS_CLIENT_RESULT_ {{ND2D3 configuration {status done exportVars {} errorList {} sifName {} sofName {} eadName {} depFiles {}}}}
Info:    _SIS_CLIENT_RESULT_END
Info:    Reading instance file for cell OAI21D1... (SMSC-23)
Info:    Generating timing tests.
Info:    Generating power tests.
Info:    Generating template at Fri May 23 13:54:30 2025 
Info:    Done generating template at Fri May 23 13:54:31 2025
Info:    Generate Templates: Maximum virtual memory size: 631.062 MB
Info:    Cell OAI21D1 configured for characterization. (SMSC-24)
Info:    __recordTaskStats__ OAI21D1 configure 0.41 0.0 0.0 0.0 1 1.57539796829 ieng6-ece-08.ucsd.edu 1748033670.8 1748033672.37
Info:    set _SIS_CLIENT_RESULT_ {{OAI21D1 configuration {status done exportVars {} errorList {} sifName {} sofName {} eadName {} depFiles {}}}}
Info:    _SIS_CLIENT_RESULT_END
Info:    The char directory is /home/linux/ieng6/cs241asp25/cs241asp25bu/lab5/run_siliconsmart/LIB_FF_1.1_25_ALL
Warning: Operating condition 'FF_1.1_25_ALL' already exists, skipped.
Info:    The char directory is /home/linux/ieng6/cs241asp25/cs241asp25bu/lab5/run_siliconsmart/LIB_FF_1.1_25_ALL
Warning: Operating condition 'FF_1.1_25_ALL' already exists, skipped.
Info:    Loading information for cell DFCSNQD1... (SMSC-60)
Info:    Start Search.expand.opt_cmpw on cmpw (SIM-43)
Info:    Current directory '/home/linux/ieng6/cs241asp25/cs241asp25bu/lab5/run_siliconsmart/LIB_FF_1.1_25_ALL' (SIM-68)
Info:    Working in directory '/home/linux/ieng6/cs241asp25/cs241asp25bu/lab5/run_siliconsmart/LIB_FF_1.1_25_ALL/temp/siliconsmart.ieng6-ece-08.150149.24455/cmpw__SDN__hl__SDN__lh__ACQ_1.sif_0' (SIM-69)
Info:    Executing 'hspice deck.cir -o deck' (SIM-30)
Warning: return code 0 (hspice: No such file or directory)
Info:    Simulation cmpw__SDN__hl__SDN__lh__ACQ_1.sif for cell DFCSNQD1 completed successfully. (SMSC-103)
Info:    IO Retry 0
Info:    set _SIS_CLIENT_RESULT_ {{DFCSNQD1 cmpw__SDN__hl__SDN__lh__ACQ_1 {sifTS 0.0 sifName /home/linux/ieng6/cs241asp25/cs241asp25bu/lab5/run_siliconsmart/LIB_FF_1.1_25_ALL/temp/siliconsmart.ieng6-ece-08.150149.24455/cmpw__SDN__hl__SDN__lh__ACQ_1.sif eadCksum f96fa2b1c250d7ca2404ece423afdeb9 simulationCount 1 exportVars {} errorList {} sofName /home/linux/ieng6/cs241asp25/cs241asp25bu/lab5/run_siliconsmart/LIB_FF_1.1_25_ALL/temp/siliconsmart.ieng6-ece-08.150149.24455/cmpw__SDN__hl__SDN__lh__ACQ_1.sof eadTS 0.0 eadName /home/linux/ieng6/cs241asp25/cs241asp25bu/lab5/run_siliconsmart/LIB_FF_1.1_25_ALL/temp/siliconsmart.ieng6-ece-08.150149.24455/cmpw__SDN__hl__SDN__lh__ACQ_1.ead enableCache 0 status done depFiles /home/linux/ieng6/cs241asp25/cs241asp25bu/lab5/run_siliconsmart/LIB_FF_1.1_25_ALL/netlists/DFCSNQD1.cdl sifCksum e55b3ad78c8fae1be83fc57c01f8606f}}}
Info:    _SIS_CLIENT_RESULT_END
Info:    __recordTaskStats__ DFCSNQD1 cmpw__SDN__hl__SDN__lh__ACQ_1 0.15 0.02 0.76 0.08 1 2.6471259594 ieng6-ece-08.ucsd.edu 1748033703.53 1748033706.18
Info:    Loading information for cell DFCSNQD1... (SMSC-60)
Info:    Current directory '/home/linux/ieng6/cs241asp25/cs241asp25bu/lab5/run_siliconsmart/LIB_FF_1.1_25_ALL' (SIM-68)
Info:    Working in directory '/home/linux/ieng6/cs241asp25/cs241asp25bu/lab5/run_siliconsmart/LIB_FF_1.1_25_ALL/temp/siliconsmart.ieng6-ece-08.150149.24455/energy__CDN__lh__Q__lh__ACQ_1.sif_0' (SIM-69)
Info:    Executing 'hspice deck.cir -o deck' (SIM-30)
Warning: return code 0 (hspice: No such file or directory)
Info:    Simulation energy__CDN__lh__Q__lh__ACQ_1.sif for cell DFCSNQD1 completed successfully. (SMSC-103)
Info:    IO Retry 0
Info:    set _SIS_CLIENT_RESULT_ {{DFCSNQD1 energy__CDN__lh__Q__lh__ACQ_1 {sifTS 0.0 sifName /home/linux/ieng6/cs241asp25/cs241asp25bu/lab5/run_siliconsmart/LIB_FF_1.1_25_ALL/temp/siliconsmart.ieng6-ece-08.150149.24455/energy__CDN__lh__Q__lh__ACQ_1.sif eadCksum a198ca6c7c5889466e3263aa2c2b3161 simulationCount 1 exportVars {} errorList {} sofName /home/linux/ieng6/cs241asp25/cs241asp25bu/lab5/run_siliconsmart/LIB_FF_1.1_25_ALL/temp/siliconsmart.ieng6-ece-08.150149.24455/energy__CDN__lh__Q__lh__ACQ_1.sof eadTS 0.0 eadName /home/linux/ieng6/cs241asp25/cs241asp25bu/lab5/run_siliconsmart/LIB_FF_1.1_25_ALL/temp/siliconsmart.ieng6-ece-08.150149.24455/energy__CDN__lh__Q__lh__ACQ_1.ead enableCache 0 status done depFiles /home/linux/ieng6/cs241asp25/cs241asp25bu/lab5/run_siliconsmart/LIB_FF_1.1_25_ALL/netlists/DFCSNQD1.cdl sifCksum 628bb17c0d12a3f0d16d71f2c05f4fd1}}}
Info:    _SIS_CLIENT_RESULT_END
Info:    __recordTaskStats__ DFCSNQD1 energy__CDN__lh__Q__lh__ACQ_1 0.09 0.01 2.23 0.11 1 9.3740439415 ieng6-ece-08.ucsd.edu 1748033706.18 1748033715.56
Info:    Loading information for cell DFCSNQD2... (SMSC-60)
Info:    Current directory '/home/linux/ieng6/cs241asp25/cs241asp25bu/lab5/run_siliconsmart/LIB_FF_1.1_25_ALL' (SIM-68)
Info:    Working in directory '/home/linux/ieng6/cs241asp25/cs241asp25bu/lab5/run_siliconsmart/LIB_FF_1.1_25_ALL/temp/siliconsmart.ieng6-ece-08.150149.24455/energy__SDN__lh__ACQ_1.sif_0' (SIM-69)
Info:    Executing 'hspice deck.cir -o deck' (SIM-30)
Warning: return code 0 (hspice: No such file or directory)
Info:    Simulation energy__SDN__lh__ACQ_1.sif for cell DFCSNQD2 completed successfully. (SMSC-103)
Info:    IO Retry 0
Info:    set _SIS_CLIENT_RESULT_ {{DFCSNQD2 energy__SDN__lh__ACQ_1 {sifTS 0.0 sifName /home/linux/ieng6/cs241asp25/cs241asp25bu/lab5/run_siliconsmart/LIB_FF_1.1_25_ALL/temp/siliconsmart.ieng6-ece-08.150149.24455/energy__SDN__lh__ACQ_1.sif eadCksum ae6b165f736fffb8af7996187e1ba5df simulationCount 1 exportVars {} errorList {} sofName /home/linux/ieng6/cs241asp25/cs241asp25bu/lab5/run_siliconsmart/LIB_FF_1.1_25_ALL/temp/siliconsmart.ieng6-ece-08.150149.24455/energy__SDN__lh__ACQ_1.sof eadTS 0.0 eadName /home/linux/ieng6/cs241asp25/cs241asp25bu/lab5/run_siliconsmart/LIB_FF_1.1_25_ALL/temp/siliconsmart.ieng6-ece-08.150149.24455/energy__SDN__lh__ACQ_1.ead enableCache 0 status done depFiles /home/linux/ieng6/cs241asp25/cs241asp25bu/lab5/run_siliconsmart/LIB_FF_1.1_25_ALL/netlists/DFCSNQD2.cdl sifCksum 4d3284fe6ec48e5817202661d3e8ae50}}}
Info:    _SIS_CLIENT_RESULT_END
Info:    __recordTaskStats__ DFCSNQD2 energy__SDN__lh__ACQ_1 0.12 0.0 0.89 0.07 1 3.66404891014 ieng6-ece-08.ucsd.edu 1748033715.57 1748033719.23
Info:    Loading information for cell DFCSNQD2... (SMSC-60)
Info:    Current directory '/home/linux/ieng6/cs241asp25/cs241asp25bu/lab5/run_siliconsmart/LIB_FF_1.1_25_ALL' (SIM-68)
Info:    Working in directory '/home/linux/ieng6/cs241asp25/cs241asp25bu/lab5/run_siliconsmart/LIB_FF_1.1_25_ALL/temp/siliconsmart.ieng6-ece-08.150149.24455/energy__SDN__hl__ACQ_1.sif_0' (SIM-69)
Info:    Executing 'hspice deck.cir -o deck' (SIM-30)
Warning: return code 0 (hspice: No such file or directory)
Info:    Simulation energy__SDN__hl__ACQ_1.sif for cell DFCSNQD2 completed successfully. (SMSC-103)
Info:    IO Retry 0
Info:    set _SIS_CLIENT_RESULT_ {{DFCSNQD2 energy__SDN__hl__ACQ_1 {sifTS 0.0 sifName /home/linux/ieng6/cs241asp25/cs241asp25bu/lab5/run_siliconsmart/LIB_FF_1.1_25_ALL/temp/siliconsmart.ieng6-ece-08.150149.24455/energy__SDN__hl__ACQ_1.sif eadCksum efdeaa930ae8c65a2a5b138be299d65b simulationCount 1 exportVars {} errorList {} sofName /home/linux/ieng6/cs241asp25/cs241asp25bu/lab5/run_siliconsmart/LIB_FF_1.1_25_ALL/temp/siliconsmart.ieng6-ece-08.150149.24455/energy__SDN__hl__ACQ_1.sof eadTS 0.0 eadName /home/linux/ieng6/cs241asp25/cs241asp25bu/lab5/run_siliconsmart/LIB_FF_1.1_25_ALL/temp/siliconsmart.ieng6-ece-08.150149.24455/energy__SDN__hl__ACQ_1.ead enableCache 0 status done depFiles /home/linux/ieng6/cs241asp25/cs241asp25bu/lab5/run_siliconsmart/LIB_FF_1.1_25_ALL/netlists/DFCSNQD2.cdl sifCksum 9cf6d78d867b0c51ab7c279f69e987a6}}}
Info:    _SIS_CLIENT_RESULT_END
Info:    __recordTaskStats__ DFCSNQD2 energy__SDN__hl__ACQ_1 0.08 0.01 0.87 0.08 1 3.49169516563 ieng6-ece-08.ucsd.edu 1748033719.23 1748033722.73
Info:    Loading information for cell DFCSNQD2... (SMSC-60)
Info:    Current directory '/home/linux/ieng6/cs241asp25/cs241asp25bu/lab5/run_siliconsmart/LIB_FF_1.1_25_ALL' (SIM-68)
Info:    Working in directory '/home/linux/ieng6/cs241asp25/cs241asp25bu/lab5/run_siliconsmart/LIB_FF_1.1_25_ALL/temp/siliconsmart.ieng6-ece-08.150149.24455/delay__CP__lh__Q__lh__ACQ_1.sif_0' (SIM-69)
Info:    Executing 'hspice deck.cir -o deck' (SIM-30)
Warning: return code 0 (hspice: No such file or directory)
Info:    Simulation delay__CP__lh__Q__lh__ACQ_1.sif for cell DFCSNQD2 completed successfully. (SMSC-103)
Info:    IO Retry 0
Info:    set _SIS_CLIENT_RESULT_ {{DFCSNQD2 delay__CP__lh__Q__lh__ACQ_1 {sifTS 0.0 sifName /home/linux/ieng6/cs241asp25/cs241asp25bu/lab5/run_siliconsmart/LIB_FF_1.1_25_ALL/temp/siliconsmart.ieng6-ece-08.150149.24455/delay__CP__lh__Q__lh__ACQ_1.sif eadCksum 4c47f0daf84831d1852ab9f2ca85079e simulationCount 1 exportVars {} errorList {} sofName /home/linux/ieng6/cs241asp25/cs241asp25bu/lab5/run_siliconsmart/LIB_FF_1.1_25_ALL/temp/siliconsmart.ieng6-ece-08.150149.24455/delay__CP__lh__Q__lh__ACQ_1.sof eadTS 0.0 eadName /home/linux/ieng6/cs241asp25/cs241asp25bu/lab5/run_siliconsmart/LIB_FF_1.1_25_ALL/temp/siliconsmart.ieng6-ece-08.150149.24455/delay__CP__lh__Q__lh__ACQ_1.ead enableCache 0 status done depFiles /home/linux/ieng6/cs241asp25/cs241asp25bu/lab5/run_siliconsmart/LIB_FF_1.1_25_ALL/netlists/DFCSNQD2.cdl sifCksum c8d7252ba4dc58cc179c2904087bb6fe}}}
Info:    _SIS_CLIENT_RESULT_END
Info:    __recordTaskStats__ DFCSNQD2 delay__CP__lh__Q__lh__ACQ_1 0.12 0.0 3.66 0.1 1 16.3075890541 ieng6-ece-08.ucsd.edu 1748033722.73 1748033739.04
Info:    Loading information for cell DFCSNQD4... (SMSC-60)
Info:    Current directory '/home/linux/ieng6/cs241asp25/cs241asp25bu/lab5/run_siliconsmart/LIB_FF_1.1_25_ALL' (SIM-68)
Info:    Working in directory '/home/linux/ieng6/cs241asp25/cs241asp25bu/lab5/run_siliconsmart/LIB_FF_1.1_25_ALL/temp/siliconsmart.ieng6-ece-08.150149.24455/delay__CP__lh__Q__lh__ACQ_1.sif_0' (SIM-69)
Info:    Executing 'hspice deck.cir -o deck' (SIM-30)
Warning: return code 0 (hspice: No such file or directory)
Info:    Simulation delay__CP__lh__Q__lh__ACQ_1.sif for cell DFCSNQD4 completed successfully. (SMSC-103)
Info:    IO Retry 0
Info:    set _SIS_CLIENT_RESULT_ {{DFCSNQD4 delay__CP__lh__Q__lh__ACQ_1 {sifTS 0.0 sifName /home/linux/ieng6/cs241asp25/cs241asp25bu/lab5/run_siliconsmart/LIB_FF_1.1_25_ALL/temp/siliconsmart.ieng6-ece-08.150149.24455/delay__CP__lh__Q__lh__ACQ_1.sif eadCksum 27f82253cc8b424c4e75fa95b40256fb simulationCount 1 exportVars {} errorList {} sofName /home/linux/ieng6/cs241asp25/cs241asp25bu/lab5/run_siliconsmart/LIB_FF_1.1_25_ALL/temp/siliconsmart.ieng6-ece-08.150149.24455/delay__CP__lh__Q__lh__ACQ_1.sof eadTS 0.0 eadName /home/linux/ieng6/cs241asp25/cs241asp25bu/lab5/run_siliconsmart/LIB_FF_1.1_25_ALL/temp/siliconsmart.ieng6-ece-08.150149.24455/delay__CP__lh__Q__lh__ACQ_1.ead enableCache 0 status done depFiles /home/linux/ieng6/cs241asp25/cs241asp25bu/lab5/run_siliconsmart/LIB_FF_1.1_25_ALL/netlists/DFCSNQD4.cdl sifCksum ebee1d2c0c91c37e443c0ef9c18fa512}}}
Info:    _SIS_CLIENT_RESULT_END
Info:    __recordTaskStats__ DFCSNQD4 delay__CP__lh__Q__lh__ACQ_1 0.14 0.01 4.05 0.09 1 17.6927499771 ieng6-ece-08.ucsd.edu 1748033739.04 1748033756.73
Info:    Loading information for cell AOI21D1... (SMSC-60)
Info:    Current directory '/home/linux/ieng6/cs241asp25/cs241asp25bu/lab5/run_siliconsmart/LIB_FF_1.1_25_ALL' (SIM-68)
Info:    Working in directory '/home/linux/ieng6/cs241asp25/cs241asp25bu/lab5/run_siliconsmart/LIB_FF_1.1_25_ALL/temp/siliconsmart.ieng6-ece-08.150149.24455/delay__A2__hl__ZN__lh__ACQ_1.sif_0' (SIM-69)
Info:    Executing 'hspice deck.cir -o deck' (SIM-30)
Warning: return code 0 (hspice: No such file or directory)
Info:    Simulation delay__A2__hl__ZN__lh__ACQ_1.sif for cell AOI21D1 completed successfully. (SMSC-103)
Info:    IO Retry 0
Info:    set _SIS_CLIENT_RESULT_ {{AOI21D1 delay__A2__hl__ZN__lh__ACQ_1 {sifTS 0.0 sifName /home/linux/ieng6/cs241asp25/cs241asp25bu/lab5/run_siliconsmart/LIB_FF_1.1_25_ALL/temp/siliconsmart.ieng6-ece-08.150149.24455/delay__A2__hl__ZN__lh__ACQ_1.sif eadCksum 5a9c69e8e427b3a5370e27f8d29ce65e simulationCount 1 exportVars {} errorList {} sofName /home/linux/ieng6/cs241asp25/cs241asp25bu/lab5/run_siliconsmart/LIB_FF_1.1_25_ALL/temp/siliconsmart.ieng6-ece-08.150149.24455/delay__A2__hl__ZN__lh__ACQ_1.sof eadTS 0.0 eadName /home/linux/ieng6/cs241asp25/cs241asp25bu/lab5/run_siliconsmart/LIB_FF_1.1_25_ALL/temp/siliconsmart.ieng6-ece-08.150149.24455/delay__A2__hl__ZN__lh__ACQ_1.ead enableCache 0 status done depFiles /home/linux/ieng6/cs241asp25/cs241asp25bu/lab5/run_siliconsmart/LIB_FF_1.1_25_ALL/netlists/AOI21D1.cdl sifCksum 43cf2584074b3a020e28cf440873a5a0}}}
Info:    _SIS_CLIENT_RESULT_END
Info:    __recordTaskStats__ AOI21D1 delay__A2__hl__ZN__lh__ACQ_1 0.12 0.01 1.11 0.09 1 4.54531002045 ieng6-ece-08.ucsd.edu 1748033756.74 1748033761.29
Info:    Loading information for cell AOI21D4... (SMSC-60)
Info:    Current directory '/home/linux/ieng6/cs241asp25/cs241asp25bu/lab5/run_siliconsmart/LIB_FF_1.1_25_ALL' (SIM-68)
Info:    Working in directory '/home/linux/ieng6/cs241asp25/cs241asp25bu/lab5/run_siliconsmart/LIB_FF_1.1_25_ALL/temp/siliconsmart.ieng6-ece-08.150149.24455/leakage_power__ACQ_1.sif_0' (SIM-69)
Info:    Executing 'hspice deck.cir -o deck' (SIM-30)
Warning: return code 0 (hspice: No such file or directory)
Info:    Simulation leakage_power__ACQ_1.sif for cell AOI21D4 completed successfully. (SMSC-103)
Info:    IO Retry 0
Info:    set _SIS_CLIENT_RESULT_ {{AOI21D4 leakage_power__ACQ_1 {sifTS 0.0 sifName /home/linux/ieng6/cs241asp25/cs241asp25bu/lab5/run_siliconsmart/LIB_FF_1.1_25_ALL/temp/siliconsmart.ieng6-ece-08.150149.24455/leakage_power__ACQ_1.sif eadCksum adc48378bb917d1e1bce2d1360dfcfbc simulationCount 1 exportVars {} errorList {} sofName /home/linux/ieng6/cs241asp25/cs241asp25bu/lab5/run_siliconsmart/LIB_FF_1.1_25_ALL/temp/siliconsmart.ieng6-ece-08.150149.24455/leakage_power__ACQ_1.sof eadTS 0.0 eadName /home/linux/ieng6/cs241asp25/cs241asp25bu/lab5/run_siliconsmart/LIB_FF_1.1_25_ALL/temp/siliconsmart.ieng6-ece-08.150149.24455/leakage_power__ACQ_1.ead enableCache 0 status done depFiles /home/linux/ieng6/cs241asp25/cs241asp25bu/lab5/run_siliconsmart/LIB_FF_1.1_25_ALL/netlists/AOI21D4.cdl sifCksum 93598e92df4f06683da35fde3906dcf0}}}
Info:    _SIS_CLIENT_RESULT_END
Info:    __recordTaskStats__ AOI21D4 leakage_power__ACQ_1 0.07 0.01 0.3 0.06 1 1.57182693481 ieng6-ece-08.ucsd.edu 1748033761.3 1748033762.87
Info:    Loading information for cell AOI21D4... (SMSC-60)
Info:    Current directory '/home/linux/ieng6/cs241asp25/cs241asp25bu/lab5/run_siliconsmart/LIB_FF_1.1_25_ALL' (SIM-68)
Info:    Working in directory '/home/linux/ieng6/cs241asp25/cs241asp25bu/lab5/run_siliconsmart/LIB_FF_1.1_25_ALL/temp/siliconsmart.ieng6-ece-08.150149.24455/delay__A2__hl__ZN__lh__ACQ_1.sif_0' (SIM-69)
Info:    Executing 'hspice deck.cir -o deck' (SIM-30)
Warning: return code 0 (hspice: No such file or directory)
Info:    Simulation delay__A2__hl__ZN__lh__ACQ_1.sif for cell AOI21D4 completed successfully. (SMSC-103)
Info:    IO Retry 0
Info:    set _SIS_CLIENT_RESULT_ {{AOI21D4 delay__A2__hl__ZN__lh__ACQ_1 {sifTS 0.0 sifName /home/linux/ieng6/cs241asp25/cs241asp25bu/lab5/run_siliconsmart/LIB_FF_1.1_25_ALL/temp/siliconsmart.ieng6-ece-08.150149.24455/delay__A2__hl__ZN__lh__ACQ_1.sif eadCksum f711dd3608c54dabcb1280ad222694c3 simulationCount 1 exportVars {} errorList {} sofName /home/linux/ieng6/cs241asp25/cs241asp25bu/lab5/run_siliconsmart/LIB_FF_1.1_25_ALL/temp/siliconsmart.ieng6-ece-08.150149.24455/delay__A2__hl__ZN__lh__ACQ_1.sof eadTS 0.0 eadName /home/linux/ieng6/cs241asp25/cs241asp25bu/lab5/run_siliconsmart/LIB_FF_1.1_25_ALL/temp/siliconsmart.ieng6-ece-08.150149.24455/delay__A2__hl__ZN__lh__ACQ_1.ead enableCache 0 status done depFiles /home/linux/ieng6/cs241asp25/cs241asp25bu/lab5/run_siliconsmart/LIB_FF_1.1_25_ALL/netlists/AOI21D4.cdl sifCksum 78df25761b08192c4b1857d3f7e736b9}}}
Info:    _SIS_CLIENT_RESULT_END
Info:    __recordTaskStats__ AOI21D4 delay__A2__hl__ZN__lh__ACQ_1 0.11 0.01 2.01 0.11 1 8.4356470108 ieng6-ece-08.ucsd.edu 1748033762.89 1748033771.33
Info:    Loading information for cell MUX2D2... (SMSC-60)
Info:    Current directory '/home/linux/ieng6/cs241asp25/cs241asp25bu/lab5/run_siliconsmart/LIB_FF_1.1_25_ALL' (SIM-68)
Info:    Working in directory '/home/linux/ieng6/cs241asp25/cs241asp25bu/lab5/run_siliconsmart/LIB_FF_1.1_25_ALL/temp/siliconsmart.ieng6-ece-08.150149.24455/delay__I0__hl__Z__hl__ACQ_1.sif_0' (SIM-69)
Info:    Executing 'hspice deck.cir -o deck' (SIM-30)
Warning: return code 0 (hspice: No such file or directory)
Info:    Simulation delay__I0__hl__Z__hl__ACQ_1.sif for cell MUX2D2 completed successfully. (SMSC-103)
Info:    IO Retry 0
Info:    set _SIS_CLIENT_RESULT_ {{MUX2D2 delay__I0__hl__Z__hl__ACQ_1 {sifTS 0.0 sifName /home/linux/ieng6/cs241asp25/cs241asp25bu/lab5/run_siliconsmart/LIB_FF_1.1_25_ALL/temp/siliconsmart.ieng6-ece-08.150149.24455/delay__I0__hl__Z__hl__ACQ_1.sif eadCksum 432c563145121b476d5dd04b9b93fe5f simulationCount 1 exportVars {} errorList {} sofName /home/linux/ieng6/cs241asp25/cs241asp25bu/lab5/run_siliconsmart/LIB_FF_1.1_25_ALL/temp/siliconsmart.ieng6-ece-08.150149.24455/delay__I0__hl__Z__hl__ACQ_1.sof eadTS 0.0 eadName /home/linux/ieng6/cs241asp25/cs241asp25bu/lab5/run_siliconsmart/LIB_FF_1.1_25_ALL/temp/siliconsmart.ieng6-ece-08.150149.24455/delay__I0__hl__Z__hl__ACQ_1.ead enableCache 0 status done depFiles /home/linux/ieng6/cs241asp25/cs241asp25bu/lab5/run_siliconsmart/LIB_FF_1.1_25_ALL/netlists/MUX2D2.cdl sifCksum 6e7042ba61e23891258ea2813b259d04}}}
Info:    _SIS_CLIENT_RESULT_END
Info:    __recordTaskStats__ MUX2D2 delay__I0__hl__Z__hl__ACQ_1 0.12 0.0 1.44 0.09 1 5.09263300896 ieng6-ece-08.ucsd.edu 1748033771.33 1748033776.42
Info:    Loading information for cell MUX2D4... (SMSC-60)
Info:    Current directory '/home/linux/ieng6/cs241asp25/cs241asp25bu/lab5/run_siliconsmart/LIB_FF_1.1_25_ALL' (SIM-68)
Info:    Working in directory '/home/linux/ieng6/cs241asp25/cs241asp25bu/lab5/run_siliconsmart/LIB_FF_1.1_25_ALL/temp/siliconsmart.ieng6-ece-08.150149.24455/delay__S__lh__Z__hl__ACQ_1.sif_0' (SIM-69)
Info:    Executing 'hspice deck.cir -o deck' (SIM-30)
Warning: return code 0 (hspice: No such file or directory)
Info:    Simulation delay__S__lh__Z__hl__ACQ_1.sif for cell MUX2D4 completed successfully. (SMSC-103)
Info:    IO Retry 0
Info:    set _SIS_CLIENT_RESULT_ {{MUX2D4 delay__S__lh__Z__hl__ACQ_1 {sifTS 0.0 sifName /home/linux/ieng6/cs241asp25/cs241asp25bu/lab5/run_siliconsmart/LIB_FF_1.1_25_ALL/temp/siliconsmart.ieng6-ece-08.150149.24455/delay__S__lh__Z__hl__ACQ_1.sif eadCksum 99edce2cb679e776c796ad9a773153ef simulationCount 1 exportVars {} errorList {} sofName /home/linux/ieng6/cs241asp25/cs241asp25bu/lab5/run_siliconsmart/LIB_FF_1.1_25_ALL/temp/siliconsmart.ieng6-ece-08.150149.24455/delay__S__lh__Z__hl__ACQ_1.sof eadTS 0.0 eadName /home/linux/ieng6/cs241asp25/cs241asp25bu/lab5/run_siliconsmart/LIB_FF_1.1_25_ALL/temp/siliconsmart.ieng6-ece-08.150149.24455/delay__S__lh__Z__hl__ACQ_1.ead enableCache 0 status done depFiles /home/linux/ieng6/cs241asp25/cs241asp25bu/lab5/run_siliconsmart/LIB_FF_1.1_25_ALL/netlists/MUX2D4.cdl sifCksum 661f31bd954be75a0c6f236c1b14e220}}}
Info:    _SIS_CLIENT_RESULT_END
Info:    __recordTaskStats__ MUX2D4 delay__S__lh__Z__hl__ACQ_1 0.13 0.01 1.92 0.09 1 7.07498598099 ieng6-ece-08.ucsd.edu 1748033776.44 1748033783.51
Info:    Loading information for cell OAI21D2... (SMSC-60)
Info:    Current directory '/home/linux/ieng6/cs241asp25/cs241asp25bu/lab5/run_siliconsmart/LIB_FF_1.1_25_ALL' (SIM-68)
Info:    Working in directory '/home/linux/ieng6/cs241asp25/cs241asp25bu/lab5/run_siliconsmart/LIB_FF_1.1_25_ALL/temp/siliconsmart.ieng6-ece-08.150149.24455/leakage_power__ACQ_4.sif_0' (SIM-69)
Info:    Executing 'hspice deck.cir -o deck' (SIM-30)
Warning: return code 0 (hspice: No such file or directory)
Info:    Simulation leakage_power__ACQ_4.sif for cell OAI21D2 completed successfully. (SMSC-103)
Info:    IO Retry 0
Info:    set _SIS_CLIENT_RESULT_ {{OAI21D2 leakage_power__ACQ_4 {sifTS 0.0 sifName /home/linux/ieng6/cs241asp25/cs241asp25bu/lab5/run_siliconsmart/LIB_FF_1.1_25_ALL/temp/siliconsmart.ieng6-ece-08.150149.24455/leakage_power__ACQ_4.sif eadCksum 143a2df80002093c2239b7393e187511 simulationCount 1 exportVars {} errorList {} sofName /home/linux/ieng6/cs241asp25/cs241asp25bu/lab5/run_siliconsmart/LIB_FF_1.1_25_ALL/temp/siliconsmart.ieng6-ece-08.150149.24455/leakage_power__ACQ_4.sof eadTS 0.0 eadName /home/linux/ieng6/cs241asp25/cs241asp25bu/lab5/run_siliconsmart/LIB_FF_1.1_25_ALL/temp/siliconsmart.ieng6-ece-08.150149.24455/leakage_power__ACQ_4.ead enableCache 0 status done depFiles /home/linux/ieng6/cs241asp25/cs241asp25bu/lab5/run_siliconsmart/LIB_FF_1.1_25_ALL/netlists/OAI21D2.cdl sifCksum f2ca49ad55efccb1f3da923ca04560e0}}}
Info:    _SIS_CLIENT_RESULT_END
Info:    __recordTaskStats__ OAI21D2 leakage_power__ACQ_4 0.08 0.0 0.67 0.07 1 2.52240014076 ieng6-ece-08.ucsd.edu 1748033783.6 1748033786.12
Info:    Loading information for cell OAI21D4... (SMSC-60)
Info:    Current directory '/home/linux/ieng6/cs241asp25/cs241asp25bu/lab5/run_siliconsmart/LIB_FF_1.1_25_ALL' (SIM-68)
Info:    Working in directory '/home/linux/ieng6/cs241asp25/cs241asp25bu/lab5/run_siliconsmart/LIB_FF_1.1_25_ALL/temp/siliconsmart.ieng6-ece-08.150149.24455/Cin__A2__lh__ACQ_1.sif_0' (SIM-69)
Info:    Executing 'hspice deck.cir -o deck' (SIM-30)
Warning: return code 0 (hspice: No such file or directory)
Info:    Simulation Cin__A2__lh__ACQ_1.sif for cell OAI21D4 completed successfully. (SMSC-103)
Info:    IO Retry 0
Info:    set _SIS_CLIENT_RESULT_ {{OAI21D4 Cin__A2__lh__ACQ_1 {sifTS 0.0 sifName /home/linux/ieng6/cs241asp25/cs241asp25bu/lab5/run_siliconsmart/LIB_FF_1.1_25_ALL/temp/siliconsmart.ieng6-ece-08.150149.24455/Cin__A2__lh__ACQ_1.sif eadCksum 6347cb7bd90b11925ff4cfcce49e6587 simulationCount 1 exportVars {} errorList {} sofName /home/linux/ieng6/cs241asp25/cs241asp25bu/lab5/run_siliconsmart/LIB_FF_1.1_25_ALL/temp/siliconsmart.ieng6-ece-08.150149.24455/Cin__A2__lh__ACQ_1.sof eadTS 0.0 eadName /home/linux/ieng6/cs241asp25/cs241asp25bu/lab5/run_siliconsmart/LIB_FF_1.1_25_ALL/temp/siliconsmart.ieng6-ece-08.150149.24455/Cin__A2__lh__ACQ_1.ead enableCache 0 status done depFiles /home/linux/ieng6/cs241asp25/cs241asp25bu/lab5/run_siliconsmart/LIB_FF_1.1_25_ALL/netlists/OAI21D4.cdl sifCksum 35585a8cc5eade7091c79606df5ed7cc}}}
Info:    _SIS_CLIENT_RESULT_END
Info:    __recordTaskStats__ OAI21D4 Cin__A2__lh__ACQ_1 0.08 0.01 0.65 0.06 1 2.84896397591 ieng6-ece-08.ucsd.edu 1748033786.14 1748033788.99
Info:    Loading information for cell AN2D1... (SMSC-60)
Info:    Current directory '/home/linux/ieng6/cs241asp25/cs241asp25bu/lab5/run_siliconsmart/LIB_FF_1.1_25_ALL' (SIM-68)
Info:    Working in directory '/home/linux/ieng6/cs241asp25/cs241asp25bu/lab5/run_siliconsmart/LIB_FF_1.1_25_ALL/temp/siliconsmart.ieng6-ece-08.150149.24455/delay__A1__lh__Z__lh__ACQ_1.sif_0' (SIM-69)
Info:    Executing 'hspice deck.cir -o deck' (SIM-30)
Warning: return code 0 (hspice: No such file or directory)
Info:    Simulation delay__A1__lh__Z__lh__ACQ_1.sif for cell AN2D1 completed successfully. (SMSC-103)
Info:    IO Retry 0
Info:    set _SIS_CLIENT_RESULT_ {{AN2D1 delay__A1__lh__Z__lh__ACQ_1 {sifTS 0.0 sifName /home/linux/ieng6/cs241asp25/cs241asp25bu/lab5/run_siliconsmart/LIB_FF_1.1_25_ALL/temp/siliconsmart.ieng6-ece-08.150149.24455/delay__A1__lh__Z__lh__ACQ_1.sif eadCksum 0e937eadd2073e4e3b58ce5a72003c48 simulationCount 1 exportVars {} errorList {} sofName /home/linux/ieng6/cs241asp25/cs241asp25bu/lab5/run_siliconsmart/LIB_FF_1.1_25_ALL/temp/siliconsmart.ieng6-ece-08.150149.24455/delay__A1__lh__Z__lh__ACQ_1.sof eadTS 0.0 eadName /home/linux/ieng6/cs241asp25/cs241asp25bu/lab5/run_siliconsmart/LIB_FF_1.1_25_ALL/temp/siliconsmart.ieng6-ece-08.150149.24455/delay__A1__lh__Z__lh__ACQ_1.ead enableCache 0 status done depFiles /home/linux/ieng6/cs241asp25/cs241asp25bu/lab5/run_siliconsmart/LIB_FF_1.1_25_ALL/netlists/AN2D1.cdl sifCksum d3312fb056ca9e9c0c76da7505009df1}}}
Info:    _SIS_CLIENT_RESULT_END
Info:    __recordTaskStats__ AN2D1 delay__A1__lh__Z__lh__ACQ_1 0.11 0.0 1.14 0.08 1 3.6221818924 ieng6-ece-08.ucsd.edu 1748033789.01 1748033792.63
Info:    Loading information for cell AN2D4... (SMSC-60)
Info:    Current directory '/home/linux/ieng6/cs241asp25/cs241asp25bu/lab5/run_siliconsmart/LIB_FF_1.1_25_ALL' (SIM-68)
Info:    Working in directory '/home/linux/ieng6/cs241asp25/cs241asp25bu/lab5/run_siliconsmart/LIB_FF_1.1_25_ALL/temp/siliconsmart.ieng6-ece-08.150149.24455/delay__A2__hl__Z__hl__ACQ_1.sif_0' (SIM-69)
Info:    Executing 'hspice deck.cir -o deck' (SIM-30)
Warning: return code 0 (hspice: No such file or directory)
Info:    Simulation delay__A2__hl__Z__hl__ACQ_1.sif for cell AN2D4 completed successfully. (SMSC-103)
Info:    IO Retry 0
Info:    set _SIS_CLIENT_RESULT_ {{AN2D4 delay__A2__hl__Z__hl__ACQ_1 {sifTS 0.0 sifName /home/linux/ieng6/cs241asp25/cs241asp25bu/lab5/run_siliconsmart/LIB_FF_1.1_25_ALL/temp/siliconsmart.ieng6-ece-08.150149.24455/delay__A2__hl__Z__hl__ACQ_1.sif eadCksum 63444006f8114bd4e2da6bd2dab081cf simulationCount 1 exportVars {} errorList {} sofName /home/linux/ieng6/cs241asp25/cs241asp25bu/lab5/run_siliconsmart/LIB_FF_1.1_25_ALL/temp/siliconsmart.ieng6-ece-08.150149.24455/delay__A2__hl__Z__hl__ACQ_1.sof eadTS 0.0 eadName /home/linux/ieng6/cs241asp25/cs241asp25bu/lab5/run_siliconsmart/LIB_FF_1.1_25_ALL/temp/siliconsmart.ieng6-ece-08.150149.24455/delay__A2__hl__Z__hl__ACQ_1.ead enableCache 0 status done depFiles /home/linux/ieng6/cs241asp25/cs241asp25bu/lab5/run_siliconsmart/LIB_FF_1.1_25_ALL/netlists/AN2D4.cdl sifCksum 628312bcf38ebf94ee7c44e6ecc6061c}}}
Info:    _SIS_CLIENT_RESULT_END
Info:    __recordTaskStats__ AN2D4 delay__A2__hl__Z__hl__ACQ_1 0.11 0.01 1.63 0.1 1 6.42697882652 ieng6-ece-08.ucsd.edu 1748033792.65 1748033799.08
Info:    Loading information for cell ND2D2... (SMSC-60)
Info:    Current directory '/home/linux/ieng6/cs241asp25/cs241asp25bu/lab5/run_siliconsmart/LIB_FF_1.1_25_ALL' (SIM-68)
Info:    Working in directory '/home/linux/ieng6/cs241asp25/cs241asp25bu/lab5/run_siliconsmart/LIB_FF_1.1_25_ALL/temp/siliconsmart.ieng6-ece-08.150149.24455/Cin__A2__lh__ACQ_1.sif_0' (SIM-69)
Info:    Executing 'hspice deck.cir -o deck' (SIM-30)
Warning: return code 0 (hspice: No such file or directory)
Info:    Simulation Cin__A2__lh__ACQ_1.sif for cell ND2D2 completed successfully. (SMSC-103)
Info:    IO Retry 0
Info:    set _SIS_CLIENT_RESULT_ {{ND2D2 Cin__A2__lh__ACQ_1 {sifTS 0.0 sifName /home/linux/ieng6/cs241asp25/cs241asp25bu/lab5/run_siliconsmart/LIB_FF_1.1_25_ALL/temp/siliconsmart.ieng6-ece-08.150149.24455/Cin__A2__lh__ACQ_1.sif eadCksum c080c06d850e28f48e93e24712d73020 simulationCount 1 exportVars {} errorList {} sofName /home/linux/ieng6/cs241asp25/cs241asp25bu/lab5/run_siliconsmart/LIB_FF_1.1_25_ALL/temp/siliconsmart.ieng6-ece-08.150149.24455/Cin__A2__lh__ACQ_1.sof eadTS 0.0 eadName /home/linux/ieng6/cs241asp25/cs241asp25bu/lab5/run_siliconsmart/LIB_FF_1.1_25_ALL/temp/siliconsmart.ieng6-ece-08.150149.24455/Cin__A2__lh__ACQ_1.ead enableCache 0 status done depFiles /home/linux/ieng6/cs241asp25/cs241asp25bu/lab5/run_siliconsmart/LIB_FF_1.1_25_ALL/netlists/ND2D2.cdl sifCksum 174c3f458cb6545359076ddccf40b2a7}}}
Info:    _SIS_CLIENT_RESULT_END
Info:    __recordTaskStats__ ND2D2 Cin__A2__lh__ACQ_1 0.07 0.0 0.35 0.06 1 1.83851695061 ieng6-ece-08.ucsd.edu 1748033799.09 1748033800.93
Info:    Loading information for cell ND2D4... (SMSC-60)
Info:    Current directory '/home/linux/ieng6/cs241asp25/cs241asp25bu/lab5/run_siliconsmart/LIB_FF_1.1_25_ALL' (SIM-68)
Info:    Working in directory '/home/linux/ieng6/cs241asp25/cs241asp25bu/lab5/run_siliconsmart/LIB_FF_1.1_25_ALL/temp/siliconsmart.ieng6-ece-08.150149.24455/leakage_power__ACQ_1.sif_0' (SIM-69)
Info:    Executing 'hspice deck.cir -o deck' (SIM-30)
Warning: return code 0 (hspice: No such file or directory)
Info:    Simulation leakage_power__ACQ_1.sif for cell ND2D4 completed successfully. (SMSC-103)
Info:    IO Retry 0
Info:    set _SIS_CLIENT_RESULT_ {{ND2D4 leakage_power__ACQ_1 {sifTS 0.0 sifName /home/linux/ieng6/cs241asp25/cs241asp25bu/lab5/run_siliconsmart/LIB_FF_1.1_25_ALL/temp/siliconsmart.ieng6-ece-08.150149.24455/leakage_power__ACQ_1.sif eadCksum 555efb64f51fdaf38c88345119da2353 simulationCount 1 exportVars {} errorList {} sofName /home/linux/ieng6/cs241asp25/cs241asp25bu/lab5/run_siliconsmart/LIB_FF_1.1_25_ALL/temp/siliconsmart.ieng6-ece-08.150149.24455/leakage_power__ACQ_1.sof eadTS 0.0 eadName /home/linux/ieng6/cs241asp25/cs241asp25bu/lab5/run_siliconsmart/LIB_FF_1.1_25_ALL/temp/siliconsmart.ieng6-ece-08.150149.24455/leakage_power__ACQ_1.ead enableCache 0 status done depFiles /home/linux/ieng6/cs241asp25/cs241asp25bu/lab5/run_siliconsmart/LIB_FF_1.1_25_ALL/netlists/ND2D4.cdl sifCksum 713fa0116bb614281fc22b50555fe5a6}}}
Info:    _SIS_CLIENT_RESULT_END
Info:    __recordTaskStats__ ND2D4 leakage_power__ACQ_1 0.07 0.0 0.32 0.06 1 1.90020799637 ieng6-ece-08.ucsd.edu 1748033800.93 1748033802.83
Info:    Loading information for cell ND2D8... (SMSC-60)
Info:    Current directory '/home/linux/ieng6/cs241asp25/cs241asp25bu/lab5/run_siliconsmart/LIB_FF_1.1_25_ALL' (SIM-68)
Info:    Working in directory '/home/linux/ieng6/cs241asp25/cs241asp25bu/lab5/run_siliconsmart/LIB_FF_1.1_25_ALL/temp/siliconsmart.ieng6-ece-08.150149.24455/delay__A2__hl__ZN__lh__ACQ_1.sif_0' (SIM-69)
Info:    Executing 'hspice deck.cir -o deck' (SIM-30)
Warning: return code 0 (hspice: No such file or directory)
Info:    Simulation delay__A2__hl__ZN__lh__ACQ_1.sif for cell ND2D8 completed successfully. (SMSC-103)
Info:    IO Retry 0
Info:    set _SIS_CLIENT_RESULT_ {{ND2D8 delay__A2__hl__ZN__lh__ACQ_1 {sifTS 0.0 sifName /home/linux/ieng6/cs241asp25/cs241asp25bu/lab5/run_siliconsmart/LIB_FF_1.1_25_ALL/temp/siliconsmart.ieng6-ece-08.150149.24455/delay__A2__hl__ZN__lh__ACQ_1.sif eadCksum 46a5a5fc4bd6004c051ebbdfcaca3e31 simulationCount 1 exportVars {} errorList {} sofName /home/linux/ieng6/cs241asp25/cs241asp25bu/lab5/run_siliconsmart/LIB_FF_1.1_25_ALL/temp/siliconsmart.ieng6-ece-08.150149.24455/delay__A2__hl__ZN__lh__ACQ_1.sof eadTS 0.0 eadName /home/linux/ieng6/cs241asp25/cs241asp25bu/lab5/run_siliconsmart/LIB_FF_1.1_25_ALL/temp/siliconsmart.ieng6-ece-08.150149.24455/delay__A2__hl__ZN__lh__ACQ_1.ead enableCache 0 status done depFiles /home/linux/ieng6/cs241asp25/cs241asp25bu/lab5/run_siliconsmart/LIB_FF_1.1_25_ALL/netlists/ND2D8.cdl sifCksum d11e2849bf75865825d080ed9dfbb08f}}}
Info:    _SIS_CLIENT_RESULT_END
Info:    __recordTaskStats__ ND2D8 delay__A2__hl__ZN__lh__ACQ_1 0.11 0.01 2.28 0.09 1 8.54561400414 ieng6-ece-08.ucsd.edu 1748033802.84 1748033811.39
Info:    Loading information for cell OR2D0... (SMSC-60)
Info:    Current directory '/home/linux/ieng6/cs241asp25/cs241asp25bu/lab5/run_siliconsmart/LIB_FF_1.1_25_ALL' (SIM-68)
Info:    Working in directory '/home/linux/ieng6/cs241asp25/cs241asp25bu/lab5/run_siliconsmart/LIB_FF_1.1_25_ALL/temp/siliconsmart.ieng6-ece-08.150149.24455/Cin__A1__hl__ACQ_1.sif_0' (SIM-69)
Info:    Executing 'hspice deck.cir -o deck' (SIM-30)
Warning: return code 0 (hspice: No such file or directory)
Info:    Simulation Cin__A1__hl__ACQ_1.sif for cell OR2D0 completed successfully. (SMSC-103)
Info:    IO Retry 0
Info:    set _SIS_CLIENT_RESULT_ {{OR2D0 Cin__A1__hl__ACQ_1 {sifTS 0.0 sifName /home/linux/ieng6/cs241asp25/cs241asp25bu/lab5/run_siliconsmart/LIB_FF_1.1_25_ALL/temp/siliconsmart.ieng6-ece-08.150149.24455/Cin__A1__hl__ACQ_1.sif eadCksum ea98c3622842a1c6faead62800e426c3 simulationCount 1 exportVars {} errorList {} sofName /home/linux/ieng6/cs241asp25/cs241asp25bu/lab5/run_siliconsmart/LIB_FF_1.1_25_ALL/temp/siliconsmart.ieng6-ece-08.150149.24455/Cin__A1__hl__ACQ_1.sof eadTS 0.0 eadName /home/linux/ieng6/cs241asp25/cs241asp25bu/lab5/run_siliconsmart/LIB_FF_1.1_25_ALL/temp/siliconsmart.ieng6-ece-08.150149.24455/Cin__A1__hl__ACQ_1.ead enableCache 0 status done depFiles /home/linux/ieng6/cs241asp25/cs241asp25bu/lab5/run_siliconsmart/LIB_FF_1.1_25_ALL/netlists/OR2D0.cdl sifCksum 9686e337bb40db94b40921fe8400a175}}}
Info:    _SIS_CLIENT_RESULT_END
Info:    __recordTaskStats__ OR2D0 Cin__A1__hl__ACQ_1 0.08 0.0 0.34 0.08 1 1.65228199959 ieng6-ece-08.ucsd.edu 1748033811.41 1748033813.06
Info:    Loading information for cell OR2D2... (SMSC-60)
Info:    Current directory '/home/linux/ieng6/cs241asp25/cs241asp25bu/lab5/run_siliconsmart/LIB_FF_1.1_25_ALL' (SIM-68)
Info:    Working in directory '/home/linux/ieng6/cs241asp25/cs241asp25bu/lab5/run_siliconsmart/LIB_FF_1.1_25_ALL/temp/siliconsmart.ieng6-ece-08.150149.24455/leakage_power__ACQ_1.sif_0' (SIM-69)
Info:    Executing 'hspice deck.cir -o deck' (SIM-30)
Warning: return code 0 (hspice: No such file or directory)
Info:    Simulation leakage_power__ACQ_1.sif for cell OR2D2 completed successfully. (SMSC-103)
Info:    IO Retry 0
Info:    set _SIS_CLIENT_RESULT_ {{OR2D2 leakage_power__ACQ_1 {sifTS 0.0 sifName /home/linux/ieng6/cs241asp25/cs241asp25bu/lab5/run_siliconsmart/LIB_FF_1.1_25_ALL/temp/siliconsmart.ieng6-ece-08.150149.24455/leakage_power__ACQ_1.sif eadCksum 5c4bf97d34bf15f8f3d71003acf51390 simulationCount 1 exportVars {} errorList {} sofName /home/linux/ieng6/cs241asp25/cs241asp25bu/lab5/run_siliconsmart/LIB_FF_1.1_25_ALL/temp/siliconsmart.ieng6-ece-08.150149.24455/leakage_power__ACQ_1.sof eadTS 0.0 eadName /home/linux/ieng6/cs241asp25/cs241asp25bu/lab5/run_siliconsmart/LIB_FF_1.1_25_ALL/temp/siliconsmart.ieng6-ece-08.150149.24455/leakage_power__ACQ_1.ead enableCache 0 status done depFiles /home/linux/ieng6/cs241asp25/cs241asp25bu/lab5/run_siliconsmart/LIB_FF_1.1_25_ALL/netlists/OR2D2.cdl sifCksum f0014e698ffcf8f6eb5baa57df6f0cd4}}}
Info:    _SIS_CLIENT_RESULT_END
Info:    __recordTaskStats__ OR2D2 leakage_power__ACQ_1 0.06 0.01 0.27 0.06 1 1.25771903992 ieng6-ece-08.ucsd.edu 1748033813.07 1748033814.33
Info:    Loading information for cell OR2D4... (SMSC-60)
Info:    Current directory '/home/linux/ieng6/cs241asp25/cs241asp25bu/lab5/run_siliconsmart/LIB_FF_1.1_25_ALL' (SIM-68)
Info:    Working in directory '/home/linux/ieng6/cs241asp25/cs241asp25bu/lab5/run_siliconsmart/LIB_FF_1.1_25_ALL/temp/siliconsmart.ieng6-ece-08.150149.24455/delay__A2__lh__Z__lh__ACQ_1.sif_0' (SIM-69)
Info:    Executing 'hspice deck.cir -o deck' (SIM-30)
Warning: return code 0 (hspice: No such file or directory)
Info:    Simulation delay__A2__lh__Z__lh__ACQ_1.sif for cell OR2D4 completed successfully. (SMSC-103)
Info:    IO Retry 0
Info:    set _SIS_CLIENT_RESULT_ {{OR2D4 delay__A2__lh__Z__lh__ACQ_1 {sifTS 0.0 sifName /home/linux/ieng6/cs241asp25/cs241asp25bu/lab5/run_siliconsmart/LIB_FF_1.1_25_ALL/temp/siliconsmart.ieng6-ece-08.150149.24455/delay__A2__lh__Z__lh__ACQ_1.sif eadCksum 9d45a842ade2dce62433dad1123b93a2 simulationCount 1 exportVars {} errorList {} sofName /home/linux/ieng6/cs241asp25/cs241asp25bu/lab5/run_siliconsmart/LIB_FF_1.1_25_ALL/temp/siliconsmart.ieng6-ece-08.150149.24455/delay__A2__lh__Z__lh__ACQ_1.sof eadTS 0.0 eadName /home/linux/ieng6/cs241asp25/cs241asp25bu/lab5/run_siliconsmart/LIB_FF_1.1_25_ALL/temp/siliconsmart.ieng6-ece-08.150149.24455/delay__A2__lh__Z__lh__ACQ_1.ead enableCache 0 status done depFiles /home/linux/ieng6/cs241asp25/cs241asp25bu/lab5/run_siliconsmart/LIB_FF_1.1_25_ALL/netlists/OR2D4.cdl sifCksum fd12c36095613beb3582e7fd76bc3852}}}
Info:    _SIS_CLIENT_RESULT_END
Info:    __recordTaskStats__ OR2D4 delay__A2__lh__Z__lh__ACQ_1 0.11 0.01 1.65 0.1 1 6.39930200577 ieng6-ece-08.ucsd.edu 1748033814.33 1748033820.73
Info:    Loading information for cell XNR2D2... (SMSC-60)
Info:    Current directory '/home/linux/ieng6/cs241asp25/cs241asp25bu/lab5/run_siliconsmart/LIB_FF_1.1_25_ALL' (SIM-68)
Info:    Working in directory '/home/linux/ieng6/cs241asp25/cs241asp25bu/lab5/run_siliconsmart/LIB_FF_1.1_25_ALL/temp/siliconsmart.ieng6-ece-08.150149.24455/delay__A1__hl__ZN__hl__ACQ_1.sif_0' (SIM-69)
Info:    Executing 'hspice deck.cir -o deck' (SIM-30)
Warning: return code 0 (hspice: No such file or directory)
Info:    Simulation delay__A1__hl__ZN__hl__ACQ_1.sif for cell XNR2D2 completed successfully. (SMSC-103)
Info:    IO Retry 0
Info:    set _SIS_CLIENT_RESULT_ {{XNR2D2 delay__A1__hl__ZN__hl__ACQ_1 {sifTS 0.0 sifName /home/linux/ieng6/cs241asp25/cs241asp25bu/lab5/run_siliconsmart/LIB_FF_1.1_25_ALL/temp/siliconsmart.ieng6-ece-08.150149.24455/delay__A1__hl__ZN__hl__ACQ_1.sif eadCksum 21a6357c4023998725caaa5fab25ed67 simulationCount 1 exportVars {} errorList {} sofName /home/linux/ieng6/cs241asp25/cs241asp25bu/lab5/run_siliconsmart/LIB_FF_1.1_25_ALL/temp/siliconsmart.ieng6-ece-08.150149.24455/delay__A1__hl__ZN__hl__ACQ_1.sof eadTS 0.0 eadName /home/linux/ieng6/cs241asp25/cs241asp25bu/lab5/run_siliconsmart/LIB_FF_1.1_25_ALL/temp/siliconsmart.ieng6-ece-08.150149.24455/delay__A1__hl__ZN__hl__ACQ_1.ead enableCache 0 status done depFiles /home/linux/ieng6/cs241asp25/cs241asp25bu/lab5/run_siliconsmart/LIB_FF_1.1_25_ALL/netlists/XNR2D2.cdl sifCksum a8673c0ddb8fdc4e77cefc6ad6796412}}}
Info:    _SIS_CLIENT_RESULT_END
Info:    __recordTaskStats__ XNR2D2 delay__A1__hl__ZN__hl__ACQ_1 0.12 0.01 1.49 0.11 1 5.48521304131 ieng6-ece-08.ucsd.edu 1748033820.73 1748033826.22
Info:    Loading information for cell XOR2D1... (SMSC-60)
Info:    Current directory '/home/linux/ieng6/cs241asp25/cs241asp25bu/lab5/run_siliconsmart/LIB_FF_1.1_25_ALL' (SIM-68)
Info:    Working in directory '/home/linux/ieng6/cs241asp25/cs241asp25bu/lab5/run_siliconsmart/LIB_FF_1.1_25_ALL/temp/siliconsmart.ieng6-ece-08.150149.24455/delay__A2__lh__Z__hl__ACQ_1.sif_0' (SIM-69)
Info:    Executing 'hspice deck.cir -o deck' (SIM-30)
Warning: return code 0 (hspice: No such file or directory)
Info:    Simulation delay__A2__lh__Z__hl__ACQ_1.sif for cell XOR2D1 completed successfully. (SMSC-103)
Info:    IO Retry 0
Info:    set _SIS_CLIENT_RESULT_ {{XOR2D1 delay__A2__lh__Z__hl__ACQ_1 {sifTS 0.0 sifName /home/linux/ieng6/cs241asp25/cs241asp25bu/lab5/run_siliconsmart/LIB_FF_1.1_25_ALL/temp/siliconsmart.ieng6-ece-08.150149.24455/delay__A2__lh__Z__hl__ACQ_1.sif eadCksum 23e88b202eaf76400fd29155f00166ec simulationCount 1 exportVars {} errorList {} sofName /home/linux/ieng6/cs241asp25/cs241asp25bu/lab5/run_siliconsmart/LIB_FF_1.1_25_ALL/temp/siliconsmart.ieng6-ece-08.150149.24455/delay__A2__lh__Z__hl__ACQ_1.sof eadTS 0.0 eadName /home/linux/ieng6/cs241asp25/cs241asp25bu/lab5/run_siliconsmart/LIB_FF_1.1_25_ALL/temp/siliconsmart.ieng6-ece-08.150149.24455/delay__A2__lh__Z__hl__ACQ_1.ead enableCache 0 status done depFiles /home/linux/ieng6/cs241asp25/cs241asp25bu/lab5/run_siliconsmart/LIB_FF_1.1_25_ALL/netlists/XOR2D1.cdl sifCksum e67506f2432a6cfdd7e85205dc82ca96}}}
Info:    _SIS_CLIENT_RESULT_END
Info:    __recordTaskStats__ XOR2D1 delay__A2__lh__Z__hl__ACQ_1 0.18 0.01 1.47 0.1 1 5.26748490334 ieng6-ece-08.ucsd.edu 1748033826.22 1748033831.48
Info:    Loading information for cell BUFFD16... (SMSC-60)
Info:    Current directory '/home/linux/ieng6/cs241asp25/cs241asp25bu/lab5/run_siliconsmart/LIB_FF_1.1_25_ALL' (SIM-68)
Info:    Working in directory '/home/linux/ieng6/cs241asp25/cs241asp25bu/lab5/run_siliconsmart/LIB_FF_1.1_25_ALL/temp/siliconsmart.ieng6-ece-08.150149.24455/leakage_power__ACQ_1.sif_0' (SIM-69)
Info:    Executing 'hspice deck.cir -o deck' (SIM-30)
Warning: return code 0 (hspice: No such file or directory)
Info:    Simulation leakage_power__ACQ_1.sif for cell BUFFD16 completed successfully. (SMSC-103)
Info:    IO Retry 0
Info:    set _SIS_CLIENT_RESULT_ {{BUFFD16 leakage_power__ACQ_1 {sifTS 0.0 sifName /home/linux/ieng6/cs241asp25/cs241asp25bu/lab5/run_siliconsmart/LIB_FF_1.1_25_ALL/temp/siliconsmart.ieng6-ece-08.150149.24455/leakage_power__ACQ_1.sif eadCksum b812642f033ebfbf93614510770c6e1c simulationCount 1 exportVars {} errorList {} sofName /home/linux/ieng6/cs241asp25/cs241asp25bu/lab5/run_siliconsmart/LIB_FF_1.1_25_ALL/temp/siliconsmart.ieng6-ece-08.150149.24455/leakage_power__ACQ_1.sof eadTS 0.0 eadName /home/linux/ieng6/cs241asp25/cs241asp25bu/lab5/run_siliconsmart/LIB_FF_1.1_25_ALL/temp/siliconsmart.ieng6-ece-08.150149.24455/leakage_power__ACQ_1.ead enableCache 0 status done depFiles /home/linux/ieng6/cs241asp25/cs241asp25bu/lab5/run_siliconsmart/LIB_FF_1.1_25_ALL/netlists/BUFFD16.cdl sifCksum 063328eb1cbbdf6451064af51a506e7a}}}
Info:    _SIS_CLIENT_RESULT_END
Info:    __recordTaskStats__ BUFFD16 leakage_power__ACQ_1 0.06 0.0 0.31 0.07 1 1.87259888649 ieng6-ece-08.ucsd.edu 1748033831.49 1748033833.36
Info:    Loading information for cell BUFFD3... (SMSC-60)
Info:    Current directory '/home/linux/ieng6/cs241asp25/cs241asp25bu/lab5/run_siliconsmart/LIB_FF_1.1_25_ALL' (SIM-68)
Info:    Working in directory '/home/linux/ieng6/cs241asp25/cs241asp25bu/lab5/run_siliconsmart/LIB_FF_1.1_25_ALL/temp/siliconsmart.ieng6-ece-08.150149.24455/delay__I__hl__Z__hl__ACQ_1.sif_0' (SIM-69)
Info:    Executing 'hspice deck.cir -o deck' (SIM-30)
Warning: return code 0 (hspice: No such file or directory)
Info:    Simulation delay__I__hl__Z__hl__ACQ_1.sif for cell BUFFD3 completed successfully. (SMSC-103)
Info:    IO Retry 0
Info:    set _SIS_CLIENT_RESULT_ {{BUFFD3 delay__I__hl__Z__hl__ACQ_1 {sifTS 0.0 sifName /home/linux/ieng6/cs241asp25/cs241asp25bu/lab5/run_siliconsmart/LIB_FF_1.1_25_ALL/temp/siliconsmart.ieng6-ece-08.150149.24455/delay__I__hl__Z__hl__ACQ_1.sif eadCksum a6e629ba1c07c48362173d4e216569e7 simulationCount 1 exportVars {} errorList {} sofName /home/linux/ieng6/cs241asp25/cs241asp25bu/lab5/run_siliconsmart/LIB_FF_1.1_25_ALL/temp/siliconsmart.ieng6-ece-08.150149.24455/delay__I__hl__Z__hl__ACQ_1.sof eadTS 0.0 eadName /home/linux/ieng6/cs241asp25/cs241asp25bu/lab5/run_siliconsmart/LIB_FF_1.1_25_ALL/temp/siliconsmart.ieng6-ece-08.150149.24455/delay__I__hl__Z__hl__ACQ_1.ead enableCache 0 status done depFiles /home/linux/ieng6/cs241asp25/cs241asp25bu/lab5/run_siliconsmart/LIB_FF_1.1_25_ALL/netlists/BUFFD3.cdl sifCksum 5cefadf908400b8a39e7cd7f5a69029f}}}
Info:    _SIS_CLIENT_RESULT_END
Info:    __recordTaskStats__ BUFFD3 delay__I__hl__Z__hl__ACQ_1 0.1 0.02 1.18 0.1 1 4.26973605156 ieng6-ece-08.ucsd.edu 1748033833.36 1748033837.63
Info:    Loading information for cell INVD20... (SMSC-60)
Info:    Current directory '/home/linux/ieng6/cs241asp25/cs241asp25bu/lab5/run_siliconsmart/LIB_FF_1.1_25_ALL' (SIM-68)
Info:    Working in directory '/home/linux/ieng6/cs241asp25/cs241asp25bu/lab5/run_siliconsmart/LIB_FF_1.1_25_ALL/temp/siliconsmart.ieng6-ece-08.150149.24455/leakage_power__ACQ_1.sif_0' (SIM-69)
Info:    Executing 'hspice deck.cir -o deck' (SIM-30)
Warning: return code 0 (hspice: No such file or directory)
Info:    Simulation leakage_power__ACQ_1.sif for cell INVD20 completed successfully. (SMSC-103)
Info:    IO Retry 0
Info:    set _SIS_CLIENT_RESULT_ {{INVD20 leakage_power__ACQ_1 {sifTS 0.0 sifName /home/linux/ieng6/cs241asp25/cs241asp25bu/lab5/run_siliconsmart/LIB_FF_1.1_25_ALL/temp/siliconsmart.ieng6-ece-08.150149.24455/leakage_power__ACQ_1.sif eadCksum baed1ff5171f4f4eb003fd5fca8b1bec simulationCount 1 exportVars {} errorList {} sofName /home/linux/ieng6/cs241asp25/cs241asp25bu/lab5/run_siliconsmart/LIB_FF_1.1_25_ALL/temp/siliconsmart.ieng6-ece-08.150149.24455/leakage_power__ACQ_1.sof eadTS 0.0 eadName /home/linux/ieng6/cs241asp25/cs241asp25bu/lab5/run_siliconsmart/LIB_FF_1.1_25_ALL/temp/siliconsmart.ieng6-ece-08.150149.24455/leakage_power__ACQ_1.ead enableCache 0 status done depFiles /home/linux/ieng6/cs241asp25/cs241asp25bu/lab5/run_siliconsmart/LIB_FF_1.1_25_ALL/netlists/INVD20.cdl sifCksum 3a468f78c0a35cda6ebe00f67901c183}}}
Info:    _SIS_CLIENT_RESULT_END
Info:    __recordTaskStats__ INVD20 leakage_power__ACQ_1 0.05 0.0 0.33 0.06 1 1.57658410072 ieng6-ece-08.ucsd.edu 1748033837.65 1748033839.23
Info:    Loading information for cell INVD4... (SMSC-60)
Info:    Current directory '/home/linux/ieng6/cs241asp25/cs241asp25bu/lab5/run_siliconsmart/LIB_FF_1.1_25_ALL' (SIM-68)
Info:    Working in directory '/home/linux/ieng6/cs241asp25/cs241asp25bu/lab5/run_siliconsmart/LIB_FF_1.1_25_ALL/temp/siliconsmart.ieng6-ece-08.150149.24455/leakage_power__ACQ_1.sif_0' (SIM-69)
Info:    Executing 'hspice deck.cir -o deck' (SIM-30)
Warning: return code 0 (hspice: No such file or directory)
Info:    Simulation leakage_power__ACQ_1.sif for cell INVD4 completed successfully. (SMSC-103)
Info:    IO Retry 0
Info:    set _SIS_CLIENT_RESULT_ {{INVD4 leakage_power__ACQ_1 {sifTS 0.0 sifName /home/linux/ieng6/cs241asp25/cs241asp25bu/lab5/run_siliconsmart/LIB_FF_1.1_25_ALL/temp/siliconsmart.ieng6-ece-08.150149.24455/leakage_power__ACQ_1.sif eadCksum b983f49f6fc391068b3d72d7e041861e simulationCount 1 exportVars {} errorList {} sofName /home/linux/ieng6/cs241asp25/cs241asp25bu/lab5/run_siliconsmart/LIB_FF_1.1_25_ALL/temp/siliconsmart.ieng6-ece-08.150149.24455/leakage_power__ACQ_1.sof eadTS 0.0 eadName /home/linux/ieng6/cs241asp25/cs241asp25bu/lab5/run_siliconsmart/LIB_FF_1.1_25_ALL/temp/siliconsmart.ieng6-ece-08.150149.24455/leakage_power__ACQ_1.ead enableCache 0 status done depFiles /home/linux/ieng6/cs241asp25/cs241asp25bu/lab5/run_siliconsmart/LIB_FF_1.1_25_ALL/netlists/INVD4.cdl sifCksum 1a55bf555989c0c9a57172bdd847fcda}}}
Info:    _SIS_CLIENT_RESULT_END
Info:    __recordTaskStats__ INVD4 leakage_power__ACQ_1 0.07 0.01 0.37 0.08 1 1.66834115982 ieng6-ece-08.ucsd.edu 1748033839.23 1748033840.9
Info:    Loading information for cell INVD8... (SMSC-60)
Info:    Current directory '/home/linux/ieng6/cs241asp25/cs241asp25bu/lab5/run_siliconsmart/LIB_FF_1.1_25_ALL' (SIM-68)
Info:    Working in directory '/home/linux/ieng6/cs241asp25/cs241asp25bu/lab5/run_siliconsmart/LIB_FF_1.1_25_ALL/temp/siliconsmart.ieng6-ece-08.150149.24455/leakage_power__ACQ_2.sif_0' (SIM-69)
Info:    Executing 'hspice deck.cir -o deck' (SIM-30)
Warning: return code 0 (hspice: No such file or directory)
Info:    Simulation leakage_power__ACQ_2.sif for cell INVD8 completed successfully. (SMSC-103)
Info:    IO Retry 0
Info:    set _SIS_CLIENT_RESULT_ {{INVD8 leakage_power__ACQ_2 {sifTS 0.0 sifName /home/linux/ieng6/cs241asp25/cs241asp25bu/lab5/run_siliconsmart/LIB_FF_1.1_25_ALL/temp/siliconsmart.ieng6-ece-08.150149.24455/leakage_power__ACQ_2.sif eadCksum 075df2d972372f88166835d9a23a843f simulationCount 1 exportVars {} errorList {} sofName /home/linux/ieng6/cs241asp25/cs241asp25bu/lab5/run_siliconsmart/LIB_FF_1.1_25_ALL/temp/siliconsmart.ieng6-ece-08.150149.24455/leakage_power__ACQ_2.sof eadTS 0.0 eadName /home/linux/ieng6/cs241asp25/cs241asp25bu/lab5/run_siliconsmart/LIB_FF_1.1_25_ALL/temp/siliconsmart.ieng6-ece-08.150149.24455/leakage_power__ACQ_2.ead enableCache 0 status done depFiles /home/linux/ieng6/cs241asp25/cs241asp25bu/lab5/run_siliconsmart/LIB_FF_1.1_25_ALL/netlists/INVD8.cdl sifCksum 0c4087fc8289c64d82f624c3704d6b5f}}}
Info:    _SIS_CLIENT_RESULT_END
Info:    __recordTaskStats__ INVD8 leakage_power__ACQ_2 0.06 0.0 0.2 0.05 1 1.25983500481 ieng6-ece-08.ucsd.edu 1748033840.9 1748033842.16
Info:    The char directory is /home/linux/ieng6/cs241asp25/cs241asp25bu/lab5/run_siliconsmart/LIB_FF_1.1_25_ALL
Warning: Operating condition 'FF_1.1_25_ALL' already exists, skipped.
Info:    Initializing modeler.
Info:    Creating recharacterized libraries. 
Info:    Reading /home/linux/ieng6/cs241asp25/cs241asp25bu/lab5/run_siliconsmart/LIB_FF_1.1_25_ALL/models/liberty/cellmodels/header.lib ...
Info:    Reading /home/linux/ieng6/cs241asp25/cs241asp25bu/lab5/run_siliconsmart/LIB_FF_1.1_25_ALL/models/liberty/cellmodels/AOI21D4.lib ...
Info:    Writing libraries ...
Info:    Creating Liberty file "/home/linux/ieng6/cs241asp25/cs241asp25bu/lab5/run_siliconsmart/LIB_FF_1.1_25_ALL/models/liberty/cells/AOI21D4_FF_1.1_25_ALL.lib".
Info:    re-positioning normalized_driver_waveform (ndw_ntin_nvolt_7x13) after templates
Info:    __recordTaskStats__ AOI21D4 modeling 0.94 0.03 0.0 0.04 1 4.0840420723 ieng6-ece-08.ucsd.edu 1748033858.93 1748033863.01
Info:    set _SIS_CLIENT_RESULT_ {{AOI21D4 modeling {status done exportVars {} errorList {} sifName {} sofName {} eadName {} depFiles {} tmpHeader {FF_1.1_25_ALL /home/linux/ieng6/cs241asp25/cs241asp25bu/lab5/run_siliconsmart/LIB_FF_1.1_25_ALL/runtime/modeling/merge/AOI21D4_FF_1.1_25_ALL.header} tmpBody {FF_1.1_25_ALL_AOI21D4 /home/linux/ieng6/cs241asp25/cs241asp25bu/lab5/run_siliconsmart/LIB_FF_1.1_25_ALL/runtime/modeling/merge/AOI21D4_FF_1.1_25_ALL.body}}}}
Info:    _SIS_CLIENT_RESULT_END
Info:    Initializing modeler.
Info:    Creating recharacterized libraries. 
Info:    Reading /home/linux/ieng6/cs241asp25/cs241asp25bu/lab5/run_siliconsmart/LIB_FF_1.1_25_ALL/models/liberty/cellmodels/header.lib ...
Info:    Reading /home/linux/ieng6/cs241asp25/cs241asp25bu/lab5/run_siliconsmart/LIB_FF_1.1_25_ALL/models/liberty/cellmodels/NR2D4.lib ...
Info:    Writing libraries ...
Info:    Creating Liberty file "/home/linux/ieng6/cs241asp25/cs241asp25bu/lab5/run_siliconsmart/LIB_FF_1.1_25_ALL/models/liberty/cells/NR2D4_FF_1.1_25_ALL.lib".
Info:    __recordTaskStats__ NR2D4 modeling 0.84 0.02 0.02 0.04 1 4.32795095444 ieng6-ece-08.ucsd.edu 1748033863.05 1748033867.38
Info:    set _SIS_CLIENT_RESULT_ {{NR2D4 modeling {status done exportVars {} errorList {} sifName {} sofName {} eadName {} depFiles {} tmpHeader {FF_1.1_25_ALL /home/linux/ieng6/cs241asp25/cs241asp25bu/lab5/run_siliconsmart/LIB_FF_1.1_25_ALL/runtime/modeling/merge/NR2D4_FF_1.1_25_ALL.header} tmpBody {FF_1.1_25_ALL_NR2D4 /home/linux/ieng6/cs241asp25/cs241asp25bu/lab5/run_siliconsmart/LIB_FF_1.1_25_ALL/runtime/modeling/merge/NR2D4_FF_1.1_25_ALL.body}}}}
Info:    _SIS_CLIENT_RESULT_END
Info:    Initializing modeler.
Info:    Creating recharacterized libraries. 
Info:    Reading /home/linux/ieng6/cs241asp25/cs241asp25bu/lab5/run_siliconsmart/LIB_FF_1.1_25_ALL/models/liberty/cellmodels/header.lib ...
Info:    Reading /home/linux/ieng6/cs241asp25/cs241asp25bu/lab5/run_siliconsmart/LIB_FF_1.1_25_ALL/models/liberty/cellmodels/INVD1.lib ...
Info:    Writing libraries ...
Info:    Creating Liberty file "/home/linux/ieng6/cs241asp25/cs241asp25bu/lab5/run_siliconsmart/LIB_FF_1.1_25_ALL/models/liberty/cells/INVD1_FF_1.1_25_ALL.lib".
Info:    __recordTaskStats__ INVD1 modeling 0.71 0.02 0.0 0.04 1 2.9102678299 ieng6-ece-08.ucsd.edu 1748033867.39 1748033870.3
Info:    set _SIS_CLIENT_RESULT_ {{INVD1 modeling {status done exportVars {} errorList {} sifName {} sofName {} eadName {} depFiles {} tmpHeader {FF_1.1_25_ALL /home/linux/ieng6/cs241asp25/cs241asp25bu/lab5/run_siliconsmart/LIB_FF_1.1_25_ALL/runtime/modeling/merge/INVD1_FF_1.1_25_ALL.header} tmpBody {FF_1.1_25_ALL_INVD1 /home/linux/ieng6/cs241asp25/cs241asp25bu/lab5/run_siliconsmart/LIB_FF_1.1_25_ALL/runtime/modeling/merge/INVD1_FF_1.1_25_ALL.body}}}}
Info:    _SIS_CLIENT_RESULT_END
Info:    CDPL worker exited normally.
Info:    Maximum virtual memory size: 657.29MB
Info:    Switching log to /home/linux/ieng6/cs241asp25/cs241asp25bu/lab5/run_siliconsmart/LIB_FF_1.1_25_ALL/runtime/cdpl/sis.W7.ieng6-ece-08.ucsd.edu.24455.log at Fri May 23 13:58:14 2025
.
----------------------------------------------------------------------
----------------------------------------------------------------------
Info:    Switching log from /home/linux/ieng6/cs241asp25/cs241asp25bu/lab5/run_siliconsmart/LIB_FF_1.1_25_ALL/temp/sis.cs241asp25bu.24455.log at Fri May 23 13:58:14 2025
Info:    Log written by SiliconSmart version L-2016.06-SP1-2 on Fri May 23 13:58:14 2025
Info:    Build date: Dec 07, 2016 16:59:49
Info:    SiliconSmart Path: /acsnfs3/software/SiliconSmartAce-2016.06-SP1-2/linux64/bin/siliconsmart
Info:    Host Name: ieng6-ece-08.ucsd.edu, User Name: cs241asp25bu, PID: 24455
Info:    CPU: 8 x 2195 MHz, Intel(R) Xeon(R) Gold 5220 CPU @ 2.20GHz (2 socket, 4 core)
Info:    Memory: 32 GB RAM, 1 GB Swap
Info:    Directory: /home/linux/ieng6/cs241asp25/cs241asp25bu/lab5/run_siliconsmart/LIB_FF_1.1_25_ALL
Info:    Maximum virtual memory size: 657.29MB
Info:    Maximum virtual memory size: 657.289 MB
