1748033668.548433: 24522-7f53d3c49000: cdpl_log.c:221: in cdpl_log_open(): debug: @@start_of_log@@
1748033668.548471: 24522-7f53d3c49000: cdpl_log.c:729: in cdpl_log_dump_sysinfo(): info: time: 2025/05/23 13:54:28 PDT -0700
1748033668.548475: 24522-7f53d3c49000: cdpl_log.c:731: in cdpl_log_dump_sysinfo(): info: version: L_2016.03_SP2_PROD_CDPL 
1748033668.548478: 24522-7f53d3c49000: cdpl_log.c:736: in cdpl_log_dump_sysinfo(): info: system: Linux 3.10.0-1160.119.1.el7.x86_64 #1 SMP Tue Jun 4 14:43:51 UTC 2024
1748033668.548481: 24522-7f53d3c49000: cdpl_log.c:740: in cdpl_log_dump_sysinfo(): info: processor: x86_64 64-bits
1748033668.548483: 24522-7f53d3c49000: cdpl_log.c:742: in cdpl_log_dump_sysinfo(): info: hostname: ieng6-ece-08.ucsd.edu
1748033668.548486: 24522-7f53d3c49000: cdpl_log.c:223: in cdpl_log_open(): debug: path: /home/linux/ieng6/cs241asp25/cs241asp25bu/lab5/run_siliconsmart/LIB_FF_1.1_25_ALL/runtime/cdpl/worker.W9.ieng6-ece-08.ucsd.edu.24522.log
1748033668.548489: 24522-7f53d3c49000: cdpl_log.c:224: in cdpl_log_open(): debug: dir: /home/linux/ieng6/cs241asp25/cs241asp25bu/lab5/run_siliconsmart/LIB_FF_1.1_25_ALL/runtime/cdpl
1748033668.548496: 24522-7f53d3c49000: cdpl_worker.c:728: in cdpl_wk_new(): info: creating worker instance
1748033668.549690: 24522-7f53d3c49000: cdpl_worker.c:925: in cdpl_wk_start(): debug: starting worker
1748033668.549698: 24522-7f53d3c49000: cdpl_worker.c:276: in cdpl_wk_setup(): info: CDPL_SERVER is "128.54.67.138:39943"
1748033668.549702: 24522-7f53d3c49000: cdpl_worker.c:299: in cdpl_wk_setup(): info: server 128.54.67.138, port 39943
1748033668.549705: 24522-7f53d3c49000: cdpl_worker.c:319: in cdpl_wk_setup(): info: CDPL_ID is "9:1:1:1:814325991"
1748033668.549714: 24522-7f53d3c49000: cdpl_worker.c:361: in cdpl_wk_setup(): info: we are W9-B1-J1-M1-S814325991
1748033668.549716: 24522-7f53d3c49000: cdpl_worker.c:363: in cdpl_wk_setup(): info: we are on host ieng6-ece-08.ucsd.edu
1748033668.549718: 24522-7f53d3c49000: cdpl_worker.c:372: in cdpl_wk_daemonize(): debug: will *not* daemonize
1748033668.549722: 24522-7f53d3c49000: cdpl_ipc.c:2593: in cdpl_ipc_connect(): info: connecting to 128.54.67.138:39943
1748033668.549785: 24522-7f53d3c49000: cdpl_ipc.c:2659: in cdpl_ipc_connect(): info: connected as `128.54.67.138:51668'
1748033668.549797: 24522-7f53d3c49000: cdpl_ipc.c:1763: in cdpl_ipc_host_accept(): debug: accepted host `128.54.67.138:39943'
1748033668.549804: 24522-7f53d3c49000: cdpl_ipc.c:2436: in cdpl_ipc_start(): debug: starting IPC server 128.54.67.138:39730
1748033668.549960: 24522-7f53d3c49000: cdpl_compat_worker.c:148: in cdplStartWorker(): info: SNPSLMD_LICENSE_FILE is 1705@its-flexlm-lnx4.ucsd.edu:1705@acms-flexlm-lnx4.ucsd.edu,1705@acms-flexlm-lnx5.ucsd.edu,1705@acms-flexlm-lnx6.ucsd.edu
1748033668.549980: 24522-7f53c532a700: cdpl_worker.c:528: in cdpl_wk_listen(): debug: ready
1748033668.550034: 24522-7f53c4b29700: cdpl_worker.c:656: in cdpl_wk_heartbeat(): debug: starting heartbeat
1748033668.550039: 24522-7f53c4b29700: cdpl_worker.c:665: in cdpl_wk_heartbeat(): info: setting heartbeat period to 60 sec
1748033668.550042: 24522-7f53c4b29700: cdpl_worker.c:673: in cdpl_wk_heartbeat(): info: first heartbeat in 1 sec
1748033668.550052: 24522-7f53d3c49000: cdpl_compat_worker.c:597: in cdplWorkerLogInfo(): info: [Maximum lifespan of worker is set to 1200m]
1748033668.550096: 24522-7f53d3c49000: cdpl_compat_worker.c:597: in cdplWorkerLogInfo(): info: [Peak virtual memory is set to 128GB]
1748033668.732182: 24522-7f53c532a700: cdpl_worker.c:585: in cdpl_wk_listen(): debug: received ASSIGN message
1748033668.732233: 24522-7f53d3c49000: cdpl_worker.c:1092: in cdpl_wk_wait_timeout(): info: starting task T17
1748033668.732265: 24522-7f53d3c49000: cdpl_compat_worker.c:597: in cdplWorkerLogInfo(): info: [configOneCellAdaptive { BUFFD6 }]
1748033668.865953: 24522-7f53d3c49000: cdpl_worker.c:1208: in cdpl_wk_finalize(): info: finishing task T17
1748033669.660507: 24522-7f53c532a700: cdpl_worker.c:585: in cdpl_wk_listen(): debug: received ASSIGN message
1748033669.660554: 24522-7f53d3c49000: cdpl_worker.c:1092: in cdpl_wk_wait_timeout(): info: starting task T27
1748033669.660593: 24522-7f53d3c49000: cdpl_compat_worker.c:597: in cdplWorkerLogInfo(): info: [configOneCellAdaptive { INVD20 }]
1748033669.817035: 24522-7f53d3c49000: cdpl_worker.c:1208: in cdpl_wk_finalize(): info: finishing task T27
1748033669.881790: 24522-7f53c532a700: cdpl_worker.c:585: in cdpl_wk_listen(): debug: received ASSIGN message
1748033669.881830: 24522-7f53d3c49000: cdpl_worker.c:1092: in cdpl_wk_wait_timeout(): info: starting task T35
1748033669.881845: 24522-7f53d3c49000: cdpl_compat_worker.c:597: in cdplWorkerLogInfo(): info: [configOneCellAdaptive { MUX2D1 }]
1748033670.565221: 24522-7f53d3c49000: cdpl_worker.c:1208: in cdpl_wk_finalize(): info: finishing task T35
1748033670.567415: 24522-7f53c532a700: cdpl_worker.c:585: in cdpl_wk_listen(): debug: received ASSIGN message
1748033670.567427: 24522-7f53d3c49000: cdpl_worker.c:1092: in cdpl_wk_wait_timeout(): info: starting task T47
1748033670.567436: 24522-7f53d3c49000: cdpl_compat_worker.c:597: in cdplWorkerLogInfo(): info: [configOneCellAdaptive { NR2D3 }]
1748033671.080471: 24522-7f53d3c49000: cdpl_worker.c:1208: in cdpl_wk_finalize(): info: finishing task T47
1748033671.080861: 24522-7f53c532a700: cdpl_worker.c:585: in cdpl_wk_listen(): debug: received ASSIGN message
1748033671.080872: 24522-7f53d3c49000: cdpl_worker.c:1092: in cdpl_wk_wait_timeout(): info: starting task T55
1748033671.080882: 24522-7f53d3c49000: cdpl_compat_worker.c:597: in cdplWorkerLogInfo(): info: [configOneCellAdaptive { OR2D1 }]
1748033671.799163: 24522-7f53d3c49000: cdpl_worker.c:1208: in cdpl_wk_finalize(): info: finishing task T55
1748033671.808439: 24522-7f53c532a700: cdpl_worker.c:585: in cdpl_wk_listen(): debug: received ASSIGN message
1748033671.808454: 24522-7f53d3c49000: cdpl_worker.c:1092: in cdpl_wk_wait_timeout(): info: starting task T63
1748033671.808464: 24522-7f53d3c49000: cdpl_compat_worker.c:597: in cdplWorkerLogInfo(): info: [configOneCellAdaptive { XOR2D0 }]
1748033672.442057: 24522-7f53d3c49000: cdpl_worker.c:1208: in cdpl_wk_finalize(): info: finishing task T63
1748033702.074871: 24522-7f53c532a700: cdpl_worker.c:616: in cdpl_wk_listen(): debug: received RELAY message
1748033702.357176: 24522-7f53c532a700: cdpl_worker.c:616: in cdpl_wk_listen(): debug: received RELAY message
1748033703.584902: 24522-7f53c532a700: cdpl_worker.c:585: in cdpl_wk_listen(): debug: received ASSIGN message
1748033703.584916: 24522-7f53d3c49000: cdpl_worker.c:1092: in cdpl_wk_wait_timeout(): info: starting task T78
1748033703.951575: 24522-7f53d3c49000: cdpl_compat_worker.c:597: in cdplWorkerLogInfo(): info: [runOneAcquisitionAdaptive DFCSNQD1 asynch_recover__CDN__lh__SDN__lh__ACQ_1 job_79 ]
1748033724.316179: 24522-7f53d3c49000: cdpl_worker.c:1208: in cdpl_wk_finalize(): info: finishing task T78
1748033724.316500: 24522-7f53c532a700: cdpl_worker.c:585: in cdpl_wk_listen(): debug: received ASSIGN message
1748033724.316510: 24522-7f53d3c49000: cdpl_worker.c:1092: in cdpl_wk_wait_timeout(): info: starting task T134
1748033724.316517: 24522-7f53d3c49000: cdpl_compat_worker.c:597: in cdplWorkerLogInfo(): info: [runOneAcquisitionAdaptive DFCSNQD4 energy__CP__lh__ACQ_1 job_135 ]
1748033727.750767: 24522-7f53d3c49000: cdpl_worker.c:1208: in cdpl_wk_finalize(): info: finishing task T134
1748033727.762432: 24522-7f53c532a700: cdpl_worker.c:585: in cdpl_wk_listen(): debug: received ASSIGN message
1748033727.762452: 24522-7f53d3c49000: cdpl_worker.c:1092: in cdpl_wk_wait_timeout(): info: starting task T141
1748033727.762467: 24522-7f53d3c49000: cdpl_compat_worker.c:597: in cdplWorkerLogInfo(): info: [runOneAcquisitionAdaptive DFCSNQD4 energy__D__hl__ACQ_1 job_142 ]
1748033730.723647: 24522-7f53d3c49000: cdpl_worker.c:1208: in cdpl_wk_finalize(): info: finishing task T141
1748033730.723810: 24522-7f53c532a700: cdpl_worker.c:585: in cdpl_wk_listen(): debug: received ASSIGN message
1748033730.723826: 24522-7f53d3c49000: cdpl_worker.c:1092: in cdpl_wk_wait_timeout(): info: starting task T144
1748033730.723836: 24522-7f53d3c49000: cdpl_compat_worker.c:597: in cdplWorkerLogInfo(): info: [runOneAcquisitionAdaptive DFCSNQD4 cmpw__CDN__hl__CDN__lh__ACQ_1 job_145 ]
1748033732.769213: 24522-7f53d3c49000: cdpl_worker.c:1208: in cdpl_wk_finalize(): info: finishing task T144
1748033732.769409: 24522-7f53c532a700: cdpl_worker.c:585: in cdpl_wk_listen(): debug: received ASSIGN message
1748033732.769434: 24522-7f53d3c49000: cdpl_worker.c:1092: in cdpl_wk_wait_timeout(): info: starting task T150
1748033732.769444: 24522-7f53d3c49000: cdpl_compat_worker.c:597: in cdplWorkerLogInfo(): info: [runOneAcquisitionAdaptive DFCSNQD4 cmpw__CP__lh__CP__hl__ACQ_1 job_151 ]
1748033735.116841: 24522-7f53d3c49000: cdpl_worker.c:1208: in cdpl_wk_finalize(): info: finishing task T150
1748033735.117029: 24522-7f53c532a700: cdpl_worker.c:585: in cdpl_wk_listen(): debug: received ASSIGN message
1748033735.127323: 24522-7f53d3c49000: cdpl_worker.c:1092: in cdpl_wk_wait_timeout(): info: starting task T157
1748033735.127340: 24522-7f53d3c49000: cdpl_compat_worker.c:597: in cdplWorkerLogInfo(): info: [runOneAcquisitionAdaptive DFCSNQD4 combined_setup_hold__D__lh__CP__lh__ACQ_1 job_158 ]
1748033804.726119: 24522-7f53d3c49000: cdpl_worker.c:1208: in cdpl_wk_finalize(): info: finishing task T157
1748033804.726483: 24522-7f53c532a700: cdpl_worker.c:585: in cdpl_wk_listen(): debug: received ASSIGN message
1748033804.726493: 24522-7f53d3c49000: cdpl_worker.c:1092: in cdpl_wk_wait_timeout(): info: starting task T495
1748033804.726500: 24522-7f53d3c49000: cdpl_compat_worker.c:597: in cdplWorkerLogInfo(): info: [runOneAcquisitionAdaptive NR2D1 delay__A1__lh__ZN__hl__ACQ_1 job_496 ]
1748033807.861710: 24522-7f53d3c49000: cdpl_worker.c:1208: in cdpl_wk_finalize(): info: finishing task T495
1748033807.879341: 24522-7f53c532a700: cdpl_worker.c:585: in cdpl_wk_listen(): debug: received ASSIGN message
1748033807.883332: 24522-7f53d3c49000: cdpl_worker.c:1092: in cdpl_wk_wait_timeout(): info: starting task T522
1748033807.883348: 24522-7f53d3c49000: cdpl_compat_worker.c:597: in cdplWorkerLogInfo(): info: [runOneAcquisitionAdaptive NR2D4 Cin__A1__lh__ACQ_1 job_523 ]
1748033809.671148: 24522-7f53d3c49000: cdpl_worker.c:1208: in cdpl_wk_finalize(): info: finishing task T522
1748033809.680215: 24522-7f53c532a700: cdpl_worker.c:585: in cdpl_wk_listen(): debug: received ASSIGN message
1748033809.700090: 24522-7f53d3c49000: cdpl_worker.c:1092: in cdpl_wk_wait_timeout(): info: starting task T539
1748033809.700109: 24522-7f53d3c49000: cdpl_compat_worker.c:597: in cdplWorkerLogInfo(): info: [runOneAcquisitionAdaptive NR2D8 delay__A2__lh__ZN__hl__ACQ_1 job_540 ]
1748033817.727462: 24522-7f53d3c49000: cdpl_worker.c:1208: in cdpl_wk_finalize(): info: finishing task T539
1748033817.735038: 24522-7f53c532a700: cdpl_worker.c:585: in cdpl_wk_listen(): debug: received ASSIGN message
1748033817.735081: 24522-7f53d3c49000: cdpl_worker.c:1092: in cdpl_wk_wait_timeout(): info: starting task T604
1748033817.735094: 24522-7f53d3c49000: cdpl_compat_worker.c:597: in cdplWorkerLogInfo(): info: [runOneAcquisitionAdaptive XNR2D1 leakage_power__ACQ_2 job_605 ]
1748033819.229192: 24522-7f53d3c49000: cdpl_worker.c:1208: in cdpl_wk_finalize(): info: finishing task T604
1748033819.241558: 24522-7f53c532a700: cdpl_worker.c:585: in cdpl_wk_listen(): debug: received ASSIGN message
1748033819.246335: 24522-7f53d3c49000: cdpl_worker.c:1092: in cdpl_wk_wait_timeout(): info: starting task T614
1748033819.246353: 24522-7f53d3c49000: cdpl_compat_worker.c:597: in cdplWorkerLogInfo(): info: [runOneAcquisitionAdaptive XNR2D2 leakage_power__ACQ_2 job_615 ]
1748033820.810600: 24522-7f53d3c49000: cdpl_worker.c:1208: in cdpl_wk_finalize(): info: finishing task T614
1748033820.810755: 24522-7f53c532a700: cdpl_worker.c:585: in cdpl_wk_listen(): debug: received ASSIGN message
1748033820.810770: 24522-7f53d3c49000: cdpl_worker.c:1092: in cdpl_wk_wait_timeout(): info: starting task T621
1748033820.810782: 24522-7f53d3c49000: cdpl_compat_worker.c:597: in cdplWorkerLogInfo(): info: [runOneAcquisitionAdaptive XNR2D4 delay__A2__lh__ZN__lh__ACQ_1 job_622 ]
1748033828.835719: 24522-7f53d3c49000: cdpl_worker.c:1208: in cdpl_wk_finalize(): info: finishing task T621
1748033828.846007: 24522-7f53c532a700: cdpl_worker.c:585: in cdpl_wk_listen(): debug: received ASSIGN message
1748033828.846019: 24522-7f53d3c49000: cdpl_worker.c:1092: in cdpl_wk_wait_timeout(): info: starting task T656
1748033828.846029: 24522-7f53d3c49000: cdpl_compat_worker.c:597: in cdplWorkerLogInfo(): info: [runOneAcquisitionAdaptive XOR2D2 delay__A2__hl__Z__hl__ACQ_1 job_657 ]
1748033834.648170: 24522-7f53d3c49000: cdpl_worker.c:1208: in cdpl_wk_finalize(): info: finishing task T656
1748033834.648512: 24522-7f53c532a700: cdpl_worker.c:585: in cdpl_wk_listen(): debug: received ASSIGN message
1748033834.648523: 24522-7f53d3c49000: cdpl_worker.c:1092: in cdpl_wk_wait_timeout(): info: starting task T697
1748033834.648531: 24522-7f53d3c49000: cdpl_compat_worker.c:597: in cdplWorkerLogInfo(): info: [runOneAcquisitionAdaptive INVD0 leakage_power__ACQ_1 job_698 ]
1748033836.423197: 24522-7f53d3c49000: cdpl_worker.c:1208: in cdpl_wk_finalize(): info: finishing task T697
1748033836.423382: 24522-7f53c532a700: cdpl_worker.c:585: in cdpl_wk_listen(): debug: received ASSIGN message
1748033836.423485: 24522-7f53d3c49000: cdpl_worker.c:1092: in cdpl_wk_wait_timeout(): info: starting task T711
1748033836.423497: 24522-7f53d3c49000: cdpl_compat_worker.c:597: in cdplWorkerLogInfo(): info: [runOneAcquisitionAdaptive INVD16 delay__I__lh__ZN__hl__ACQ_1 job_712 ]
1748033843.784236: 24522-7f53d3c49000: cdpl_worker.c:1208: in cdpl_wk_finalize(): info: finishing task T711
1748033858.046419: 24522-7f53c532a700: cdpl_worker.c:616: in cdpl_wk_listen(): debug: received RELAY message
1748033860.084089: 24522-7f53c532a700: cdpl_worker.c:585: in cdpl_wk_listen(): debug: received ASSIGN message
1748033860.085079: 24522-7f53d3c49000: cdpl_worker.c:1092: in cdpl_wk_wait_timeout(): info: starting task T758
1748033860.359879: 24522-7f53d3c49000: cdpl_compat_worker.c:597: in cdplWorkerLogInfo(): info: [modelOneCellAdaptive {AN2D1 }]
1748033865.552838: 24522-7f53d3c49000: cdpl_worker.c:1208: in cdpl_wk_finalize(): info: finishing task T758
1748033865.565600: 24522-7f53c532a700: cdpl_worker.c:585: in cdpl_wk_listen(): debug: received ASSIGN message
1748033865.565621: 24522-7f53d3c49000: cdpl_worker.c:1092: in cdpl_wk_wait_timeout(): info: starting task T785
1748033865.565633: 24522-7f53d3c49000: cdpl_compat_worker.c:597: in cdplWorkerLogInfo(): info: [modelOneCellAdaptive {XOR2D1 }]
1748033870.306457: 24522-7f53d3c49000: cdpl_worker.c:1208: in cdpl_wk_finalize(): info: finishing task T785
1748033893.898527: 24522-7f53c532a700: cdpl_worker.c:616: in cdpl_wk_listen(): debug: received RELAY message
1748033893.925106: 24522-7f53c5b2b700: cdpl_ipc.c:606: in _readv(): warning: read(): EOF
1748033893.925143: 24522-7f53c5b2b700: cdpl_ipc.c:1462: in _epoll_recv(): debug: _readv(): Broken pipe
1748033893.925149: 24522-7f53c5b2b700: cdpl_ipc.c:1683: in _epoll_main(): debug: _epoll_recv(): Broken pipe
1748033893.925158: 24522-7f53c5b2b700: cdpl_ipc.c:1061: in _host_drop__UNSAFE(): debug: dropping host `128.54.67.138:39943'
1748033893.925485: 24522-7f53c532a700: cdpl_worker.c:561: in cdpl_wk_listen(): debug: received DROP notification
1748033893.925493: 24522-7f53c532a700: cdpl_worker.c:565: in cdpl_wk_listen(): debug: we were dropped by the server
1748033893.925498: 24522-7f53c532a700: cdpl_worker.c:492: in _wk_kill(): debug: killing worker
1748033893.925501: 24522-7f53c532a700: cdpl_ipc.c:2481: in cdpl_ipc_kill(): debug: stopping event server
1748033893.925512: 24522-7f53c532a700: cdpl_worker.c:542: in cdpl_wk_listen(): debug: leaving now
1748033893.925556: 24522-7f53d3c49000: cdpl_compat_worker.c:597: in cdplWorkerLogInfo(): info: [Worker shutdown. Code: 3]
1748033893.925618: 24522-7f53c5b2b700: cdpl_ipc.c:1720: in _epoll_main(): debug: server going down...
1748033893.930660: 24522-7f53d3c49000: cdpl_worker.c:856: in _wk_shutdown(): debug: waiting for heartbeat thread
1748033893.930670: 24522-7f53c4b29700: cdpl_worker.c:709: in cdpl_wk_heartbeat(): info: stopping heartbeat
1748033893.930701: 24522-7f53d3c49000: cdpl_ipc.c:1781: in cdpl_ipc_host_release(): debug: releasing host `128.54.67.138:39943'
1748033893.930713: 24522-7f53d3c49000: cdpl_ipc.c:2532: in cdpl_ipc_free(): debug: releasing IPC handle
1748033893.930716: 24522-7f53d3c49000: cdpl_ipc.c:986: in _host_free__UNSAFE(): debug: freeing host `128.54.67.138:39943'
1748033893.930719: 24522-7f53d3c49000: cdpl_ipc.c:1028: in _host_free__UNSAFE(): debug: [0 outq, 0 spR, 0 spW]
1748033893.930734: 24522-7f53d3c49000: cdpl_ipc.c:2571: in cdpl_ipc_free(): debug: done
1748033893.930737: 24522-7f53d3c49000: cdpl_worker.c:912: in cdpl_wk_free(): info: freed
1748033893.930739: 24522-7f53d3c49000: cdpl_log.c:359: in cdpl_log_close(): debug: @@end_of_log@@
