1748033668.059227: 24420-7f41caaba000: cdpl_log.c:221: in cdpl_log_open(): debug: @@start_of_log@@
1748033668.059263: 24420-7f41caaba000: cdpl_log.c:729: in cdpl_log_dump_sysinfo(): info: time: 2025/05/23 13:54:28 PDT -0700
1748033668.059267: 24420-7f41caaba000: cdpl_log.c:731: in cdpl_log_dump_sysinfo(): info: version: L_2016.03_SP2_PROD_CDPL 
1748033668.059270: 24420-7f41caaba000: cdpl_log.c:736: in cdpl_log_dump_sysinfo(): info: system: Linux 3.10.0-1160.119.1.el7.x86_64 #1 SMP Tue Jun 4 14:43:51 UTC 2024
1748033668.059274: 24420-7f41caaba000: cdpl_log.c:740: in cdpl_log_dump_sysinfo(): info: processor: x86_64 64-bits
1748033668.059276: 24420-7f41caaba000: cdpl_log.c:742: in cdpl_log_dump_sysinfo(): info: hostname: ieng6-ece-08.ucsd.edu
1748033668.059283: 24420-7f41caaba000: cdpl_log.c:223: in cdpl_log_open(): debug: path: /home/linux/ieng6/cs241asp25/cs241asp25bu/lab5/run_siliconsmart/LIB_FF_1.1_25_ALL/runtime/cdpl/worker.W6.ieng6-ece-08.ucsd.edu.24420.log
1748033668.059286: 24420-7f41caaba000: cdpl_log.c:224: in cdpl_log_open(): debug: dir: /home/linux/ieng6/cs241asp25/cs241asp25bu/lab5/run_siliconsmart/LIB_FF_1.1_25_ALL/runtime/cdpl
1748033668.059293: 24420-7f41caaba000: cdpl_worker.c:728: in cdpl_wk_new(): info: creating worker instance
1748033668.063447: 24420-7f41caaba000: cdpl_worker.c:925: in cdpl_wk_start(): debug: starting worker
1748033668.063459: 24420-7f41caaba000: cdpl_worker.c:276: in cdpl_wk_setup(): info: CDPL_SERVER is "128.54.67.138:39943"
1748033668.063463: 24420-7f41caaba000: cdpl_worker.c:299: in cdpl_wk_setup(): info: server 128.54.67.138, port 39943
1748033668.063466: 24420-7f41caaba000: cdpl_worker.c:319: in cdpl_wk_setup(): info: CDPL_ID is "6:1:1:1:814325991"
1748033668.063475: 24420-7f41caaba000: cdpl_worker.c:361: in cdpl_wk_setup(): info: we are W6-B1-J1-M1-S814325991
1748033668.063478: 24420-7f41caaba000: cdpl_worker.c:363: in cdpl_wk_setup(): info: we are on host ieng6-ece-08.ucsd.edu
1748033668.063480: 24420-7f41caaba000: cdpl_worker.c:372: in cdpl_wk_daemonize(): debug: will *not* daemonize
1748033668.063484: 24420-7f41caaba000: cdpl_ipc.c:2593: in cdpl_ipc_connect(): info: connecting to 128.54.67.138:39943
1748033668.063607: 24420-7f41caaba000: cdpl_ipc.c:2659: in cdpl_ipc_connect(): info: connected as `128.54.67.138:51664'
1748033668.063624: 24420-7f41caaba000: cdpl_ipc.c:1763: in cdpl_ipc_host_accept(): debug: accepted host `128.54.67.138:39943'
1748033668.063632: 24420-7f41caaba000: cdpl_ipc.c:2436: in cdpl_ipc_start(): debug: starting IPC server 128.54.67.138:40709
1748033668.063733: 24420-7f41caaba000: cdpl_compat_worker.c:148: in cdplStartWorker(): info: SNPSLMD_LICENSE_FILE is 1705@its-flexlm-lnx4.ucsd.edu:1705@acms-flexlm-lnx4.ucsd.edu,1705@acms-flexlm-lnx5.ucsd.edu,1705@acms-flexlm-lnx6.ucsd.edu
1748033668.063797: 24420-7f41caaba000: cdpl_compat_worker.c:597: in cdplWorkerLogInfo(): info: [Maximum lifespan of worker is set to 1200m]
1748033668.063839: 24420-7f41caaba000: cdpl_compat_worker.c:597: in cdplWorkerLogInfo(): info: [Peak virtual memory is set to 128GB]
1748033668.063878: 24420-7f41bc19b700: cdpl_worker.c:528: in cdpl_wk_listen(): debug: ready
1748033668.064067: 24420-7f41bc19b700: cdpl_worker.c:585: in cdpl_wk_listen(): debug: received ASSIGN message
1748033668.064077: 24420-7f41caaba000: cdpl_worker.c:1092: in cdpl_wk_wait_timeout(): info: starting task T7
1748033668.064092: 24420-7f41caaba000: cdpl_compat_worker.c:597: in cdplWorkerLogInfo(): info: [configOneCellAdaptive { AOI21D1 }]
1748033668.069256: 24420-7f41bb99a700: cdpl_worker.c:656: in cdpl_wk_heartbeat(): debug: starting heartbeat
1748033668.069268: 24420-7f41bb99a700: cdpl_worker.c:665: in cdpl_wk_heartbeat(): info: setting heartbeat period to 60 sec
1748033668.069271: 24420-7f41bb99a700: cdpl_worker.c:673: in cdpl_wk_heartbeat(): info: first heartbeat in 1 sec
1748033668.593805: 24420-7f41caaba000: cdpl_worker.c:1208: in cdpl_wk_finalize(): info: finishing task T7
1748033669.285102: 24420-7f41bc19b700: cdpl_worker.c:585: in cdpl_wk_listen(): debug: received ASSIGN message
1748033669.285175: 24420-7f41caaba000: cdpl_worker.c:1092: in cdpl_wk_wait_timeout(): info: starting task T21
1748033669.285230: 24420-7f41caaba000: cdpl_compat_worker.c:597: in cdplWorkerLogInfo(): info: [configOneCellAdaptive { DFCSNQD4 }]
1748033670.650182: 24420-7f41caaba000: cdpl_worker.c:1208: in cdpl_wk_finalize(): info: finishing task T21
1748033670.653555: 24420-7f41bc19b700: cdpl_worker.c:585: in cdpl_wk_listen(): debug: received ASSIGN message
1748033670.653567: 24420-7f41caaba000: cdpl_worker.c:1092: in cdpl_wk_wait_timeout(): info: starting task T49
1748033670.653577: 24420-7f41caaba000: cdpl_compat_worker.c:597: in cdplWorkerLogInfo(): info: [configOneCellAdaptive { NR2D8 }]
1748033671.275480: 24420-7f41caaba000: cdpl_worker.c:1208: in cdpl_wk_finalize(): info: finishing task T49
1748033671.282517: 24420-7f41bc19b700: cdpl_worker.c:585: in cdpl_wk_listen(): debug: received ASSIGN message
1748033671.282530: 24420-7f41caaba000: cdpl_worker.c:1092: in cdpl_wk_wait_timeout(): info: starting task T59
1748033671.282540: 24420-7f41caaba000: cdpl_compat_worker.c:597: in cdplWorkerLogInfo(): info: [configOneCellAdaptive { XNR2D0 }]
1748033672.454269: 24420-7f41caaba000: cdpl_worker.c:1208: in cdpl_wk_finalize(): info: finishing task T59
1748033702.074785: 24420-7f41bc19b700: cdpl_worker.c:616: in cdpl_wk_listen(): debug: received RELAY message
1748033702.357015: 24420-7f41bc19b700: cdpl_worker.c:616: in cdpl_wk_listen(): debug: received RELAY message
1748033703.691961: 24420-7f41bc19b700: cdpl_worker.c:585: in cdpl_wk_listen(): debug: received ASSIGN message
1748033703.695368: 24420-7f41caaba000: cdpl_worker.c:1092: in cdpl_wk_wait_timeout(): info: starting task T79
1748033704.107012: 24420-7f41caaba000: cdpl_compat_worker.c:597: in cdplWorkerLogInfo(): info: [runOneAcquisitionAdaptive DFCSNQD1 asynch_recover__SDN__lh__CDN__lh__ACQ_1 job_80 ]
1748033724.950157: 24420-7f41caaba000: cdpl_worker.c:1208: in cdpl_wk_finalize(): info: finishing task T79
1748033724.951717: 24420-7f41bc19b700: cdpl_worker.c:585: in cdpl_wk_listen(): debug: received ASSIGN message
1748033724.952824: 24420-7f41caaba000: cdpl_worker.c:1092: in cdpl_wk_wait_timeout(): info: starting task T136
1748033724.952837: 24420-7f41caaba000: cdpl_compat_worker.c:597: in cdplWorkerLogInfo(): info: [runOneAcquisitionAdaptive DFCSNQD4 delay__SDN__hl__Q__lh__ACQ_1 job_137 ]
1748033740.419247: 24420-7f41caaba000: cdpl_worker.c:1208: in cdpl_wk_finalize(): info: finishing task T136
1748033740.439320: 24420-7f41bc19b700: cdpl_worker.c:585: in cdpl_wk_listen(): debug: received ASSIGN message
1748033740.439350: 24420-7f41caaba000: cdpl_worker.c:1092: in cdpl_wk_wait_timeout(): info: starting task T171
1748033740.439369: 24420-7f41caaba000: cdpl_compat_worker.c:597: in cdplWorkerLogInfo(): info: [runOneAcquisitionAdaptive LHQD2 combined_setup_hold__D__hl__E__hl__ACQ_1 job_172 ]
1748033790.468627: 24420-7f41caaba000: cdpl_worker.c:1208: in cdpl_wk_finalize(): info: finishing task T171
1748033790.473053: 24420-7f41bc19b700: cdpl_worker.c:585: in cdpl_wk_listen(): debug: received ASSIGN message
1748033790.473076: 24420-7f41caaba000: cdpl_worker.c:1092: in cdpl_wk_wait_timeout(): info: starting task T380
1748033790.473093: 24420-7f41caaba000: cdpl_compat_worker.c:597: in cdplWorkerLogInfo(): info: [runOneAcquisitionAdaptive AN2D1 Cin__A1__hl__ACQ_1 job_381 ]
1748033792.354884: 24420-7f41caaba000: cdpl_worker.c:1208: in cdpl_wk_finalize(): info: finishing task T380
1748033792.362538: 24420-7f41bc19b700: cdpl_worker.c:585: in cdpl_wk_listen(): debug: received ASSIGN message
1748033792.362553: 24420-7f41caaba000: cdpl_worker.c:1092: in cdpl_wk_wait_timeout(): info: starting task T393
1748033792.362562: 24420-7f41caaba000: cdpl_compat_worker.c:597: in cdplWorkerLogInfo(): info: [runOneAcquisitionAdaptive AN2D4 delay__A1__lh__Z__lh__ACQ_1 job_394 ]
1748033797.806379: 24420-7f41caaba000: cdpl_worker.c:1208: in cdpl_wk_finalize(): info: finishing task T393
1748033797.826335: 24420-7f41bc19b700: cdpl_worker.c:585: in cdpl_wk_listen(): debug: received ASSIGN message
1748033797.836323: 24420-7f41caaba000: cdpl_worker.c:1092: in cdpl_wk_wait_timeout(): info: starting task T435
1748033797.836345: 24420-7f41caaba000: cdpl_compat_worker.c:597: in cdplWorkerLogInfo(): info: [runOneAcquisitionAdaptive ND2D1 delay__A1__hl__ZN__lh__ACQ_1 job_436 ]
1748033800.716793: 24420-7f41caaba000: cdpl_worker.c:1208: in cdpl_wk_finalize(): info: finishing task T435
1748033800.726546: 24420-7f41bc19b700: cdpl_worker.c:585: in cdpl_wk_listen(): debug: received ASSIGN message
1748033800.730231: 24420-7f41caaba000: cdpl_worker.c:1092: in cdpl_wk_wait_timeout(): info: starting task T461
1748033800.730250: 24420-7f41caaba000: cdpl_compat_worker.c:597: in cdplWorkerLogInfo(): info: [runOneAcquisitionAdaptive ND2D4 Cin__A2__hl__ACQ_1 job_462 ]
1748033803.127449: 24420-7f41caaba000: cdpl_worker.c:1208: in cdpl_wk_finalize(): info: finishing task T461
1748033803.144351: 24420-7f41bc19b700: cdpl_worker.c:585: in cdpl_wk_listen(): debug: received ASSIGN message
1748033803.151323: 24420-7f41caaba000: cdpl_worker.c:1092: in cdpl_wk_wait_timeout(): info: starting task T483
1748033803.151344: 24420-7f41caaba000: cdpl_compat_worker.c:597: in cdplWorkerLogInfo(): info: [runOneAcquisitionAdaptive NR2D0 leakage_power__ACQ_1 job_484 ]
1748033804.603503: 24420-7f41caaba000: cdpl_worker.c:1208: in cdpl_wk_finalize(): info: finishing task T483
1748033804.607855: 24420-7f41bc19b700: cdpl_worker.c:585: in cdpl_wk_listen(): debug: received ASSIGN message
1748033804.631575: 24420-7f41caaba000: cdpl_worker.c:1092: in cdpl_wk_wait_timeout(): info: starting task T492
1748033804.631594: 24420-7f41caaba000: cdpl_compat_worker.c:597: in cdplWorkerLogInfo(): info: [runOneAcquisitionAdaptive NR2D1 Cin__A1__lh__ACQ_1 job_493 ]
1748033806.010681: 24420-7f41caaba000: cdpl_worker.c:1208: in cdpl_wk_finalize(): info: finishing task T492
1748033806.019568: 24420-7f41bc19b700: cdpl_worker.c:585: in cdpl_wk_listen(): debug: received ASSIGN message
1748033806.026270: 24420-7f41caaba000: cdpl_worker.c:1092: in cdpl_wk_wait_timeout(): info: starting task T508
1748033806.026289: 24420-7f41caaba000: cdpl_compat_worker.c:597: in cdplWorkerLogInfo(): info: [runOneAcquisitionAdaptive NR2D2 Cin__A1__hl__ACQ_1 job_509 ]
1748033807.881855: 24420-7f41caaba000: cdpl_worker.c:1208: in cdpl_wk_finalize(): info: finishing task T508
1748033807.882026: 24420-7f41bc19b700: cdpl_worker.c:585: in cdpl_wk_listen(): debug: received ASSIGN message
1748033807.882034: 24420-7f41caaba000: cdpl_worker.c:1092: in cdpl_wk_wait_timeout(): info: starting task T523
1748033807.882042: 24420-7f41caaba000: cdpl_compat_worker.c:597: in cdplWorkerLogInfo(): info: [runOneAcquisitionAdaptive NR2D4 leakage_power__ACQ_1 job_524 ]
1748033809.228450: 24420-7f41caaba000: cdpl_worker.c:1208: in cdpl_wk_finalize(): info: finishing task T523
1748033809.237494: 24420-7f41bc19b700: cdpl_worker.c:585: in cdpl_wk_listen(): debug: received ASSIGN message
1748033809.237515: 24420-7f41caaba000: cdpl_worker.c:1092: in cdpl_wk_wait_timeout(): info: starting task T534
1748033809.237534: 24420-7f41caaba000: cdpl_compat_worker.c:597: in cdplWorkerLogInfo(): info: [runOneAcquisitionAdaptive NR2D8 leakage_power__ACQ_2 job_535 ]
1748033810.842812: 24420-7f41caaba000: cdpl_worker.c:1208: in cdpl_wk_finalize(): info: finishing task T534
1748033810.842961: 24420-7f41bc19b700: cdpl_worker.c:585: in cdpl_wk_listen(): debug: received ASSIGN message
1748033810.842976: 24420-7f41caaba000: cdpl_worker.c:1092: in cdpl_wk_wait_timeout(): info: starting task T548
1748033810.842986: 24420-7f41caaba000: cdpl_compat_worker.c:597: in cdplWorkerLogInfo(): info: [runOneAcquisitionAdaptive OR2D0 delay__A2__hl__Z__hl__ACQ_1 job_549 ]
1748033814.798348: 24420-7f41caaba000: cdpl_worker.c:1208: in cdpl_wk_finalize(): info: finishing task T548
1748033814.800617: 24420-7f41bc19b700: cdpl_worker.c:585: in cdpl_wk_listen(): debug: received ASSIGN message
1748033814.800627: 24420-7f41caaba000: cdpl_worker.c:1092: in cdpl_wk_wait_timeout(): info: starting task T580
1748033814.800635: 24420-7f41caaba000: cdpl_compat_worker.c:597: in cdplWorkerLogInfo(): info: [runOneAcquisitionAdaptive OR2D4 Cin__A1__hl__ACQ_1 job_581 ]
1748033816.449956: 24420-7f41caaba000: cdpl_worker.c:1208: in cdpl_wk_finalize(): info: finishing task T580
1748033816.450345: 24420-7f41bc19b700: cdpl_worker.c:585: in cdpl_wk_listen(): debug: received ASSIGN message
1748033816.450517: 24420-7f41caaba000: cdpl_worker.c:1092: in cdpl_wk_wait_timeout(): info: starting task T592
1748033816.450528: 24420-7f41caaba000: cdpl_compat_worker.c:597: in cdplWorkerLogInfo(): info: [runOneAcquisitionAdaptive XNR2D0 delay__A2__hl__ZN__hl__ACQ_1 job_593 ]
1748033822.124170: 24420-7f41caaba000: cdpl_worker.c:1208: in cdpl_wk_finalize(): info: finishing task T592
1748033822.124505: 24420-7f41bc19b700: cdpl_worker.c:585: in cdpl_wk_listen(): debug: received ASSIGN message
1748033822.124517: 24420-7f41caaba000: cdpl_worker.c:1092: in cdpl_wk_wait_timeout(): info: starting task T622
1748033822.124526: 24420-7f41caaba000: cdpl_compat_worker.c:597: in cdplWorkerLogInfo(): info: [runOneAcquisitionAdaptive XNR2D4 delay__A2__hl__ZN__hl__ACQ_1 job_623 ]
1748033830.890845: 24420-7f41caaba000: cdpl_worker.c:1208: in cdpl_wk_finalize(): info: finishing task T622
1748033830.891641: 24420-7f41bc19b700: cdpl_worker.c:585: in cdpl_wk_listen(): debug: received ASSIGN message
1748033830.891658: 24420-7f41caaba000: cdpl_worker.c:1092: in cdpl_wk_wait_timeout(): info: starting task T670
1748033830.891671: 24420-7f41caaba000: cdpl_compat_worker.c:597: in cdplWorkerLogInfo(): info: [runOneAcquisitionAdaptive BUFFD12 leakage_power__ACQ_2 job_671 ]
1748033832.588722: 24420-7f41caaba000: cdpl_worker.c:1208: in cdpl_wk_finalize(): info: finishing task T670
1748033832.598689: 24420-7f41bc19b700: cdpl_worker.c:585: in cdpl_wk_listen(): debug: received ASSIGN message
1748033832.598703: 24420-7f41caaba000: cdpl_worker.c:1092: in cdpl_wk_wait_timeout(): info: starting task T683
1748033832.598714: 24420-7f41caaba000: cdpl_compat_worker.c:597: in cdplWorkerLogInfo(): info: [runOneAcquisitionAdaptive BUFFD3 delay__I__lh__Z__lh__ACQ_1 job_684 ]
1748033836.828328: 24420-7f41caaba000: cdpl_worker.c:1208: in cdpl_wk_finalize(): info: finishing task T683
1748033836.828664: 24420-7f41bc19b700: cdpl_worker.c:585: in cdpl_wk_listen(): debug: received ASSIGN message
1748033836.828674: 24420-7f41caaba000: cdpl_worker.c:1092: in cdpl_wk_wait_timeout(): info: starting task T712
1748033836.828682: 24420-7f41caaba000: cdpl_compat_worker.c:597: in cdplWorkerLogInfo(): info: [runOneAcquisitionAdaptive INVD16 delay__I__hl__ZN__lh__ACQ_1 job_713 ]
1748033843.718658: 24420-7f41caaba000: cdpl_worker.c:1208: in cdpl_wk_finalize(): info: finishing task T712
1748033858.046176: 24420-7f41bc19b700: cdpl_worker.c:616: in cdpl_wk_listen(): debug: received RELAY message
1748033859.962755: 24420-7f41bc19b700: cdpl_worker.c:585: in cdpl_wk_listen(): debug: received ASSIGN message
1748033859.962776: 24420-7f41caaba000: cdpl_worker.c:1092: in cdpl_wk_wait_timeout(): info: starting task T757
1748033860.232300: 24420-7f41caaba000: cdpl_compat_worker.c:597: in cdplWorkerLogInfo(): info: [modelOneCellAdaptive {AN2D0 }]
1748033865.065344: 24420-7f41caaba000: cdpl_worker.c:1208: in cdpl_wk_finalize(): info: finishing task T757
1748033865.071036: 24420-7f41bc19b700: cdpl_worker.c:585: in cdpl_wk_listen(): debug: received ASSIGN message
1748033865.071049: 24420-7f41caaba000: cdpl_worker.c:1092: in cdpl_wk_wait_timeout(): info: starting task T779
1748033865.071060: 24420-7f41caaba000: cdpl_compat_worker.c:597: in cdplWorkerLogInfo(): info: [modelOneCellAdaptive {OR2XD1 }]
1748033869.991366: 24420-7f41caaba000: cdpl_worker.c:1208: in cdpl_wk_finalize(): info: finishing task T779
1748033893.898664: 24420-7f41bc19b700: cdpl_worker.c:616: in cdpl_wk_listen(): debug: received RELAY message
1748033893.924403: 24420-7f41bc99c700: cdpl_ipc.c:606: in _readv(): warning: read(): EOF
1748033893.924467: 24420-7f41bc99c700: cdpl_ipc.c:1462: in _epoll_recv(): debug: _readv(): Broken pipe
1748033893.924488: 24420-7f41bc99c700: cdpl_ipc.c:1683: in _epoll_main(): debug: _epoll_recv(): Broken pipe
1748033893.924503: 24420-7f41bc99c700: cdpl_ipc.c:1061: in _host_drop__UNSAFE(): debug: dropping host `128.54.67.138:39943'
1748033893.924622: 24420-7f41bc19b700: cdpl_worker.c:561: in cdpl_wk_listen(): debug: received DROP notification
1748033893.924631: 24420-7f41bc19b700: cdpl_worker.c:565: in cdpl_wk_listen(): debug: we were dropped by the server
1748033893.924635: 24420-7f41bc19b700: cdpl_worker.c:492: in _wk_kill(): debug: killing worker
1748033893.924638: 24420-7f41bc19b700: cdpl_ipc.c:2481: in cdpl_ipc_kill(): debug: stopping event server
1748033893.924653: 24420-7f41bc19b700: cdpl_worker.c:542: in cdpl_wk_listen(): debug: leaving now
1748033893.924663: 24420-7f41bc99c700: cdpl_ipc.c:1720: in _epoll_main(): debug: server going down...
1748033893.924812: 24420-7f41caaba000: cdpl_compat_worker.c:597: in cdplWorkerLogInfo(): info: [Worker shutdown. Code: 3]
1748033893.928348: 24420-7f41caaba000: cdpl_worker.c:856: in _wk_shutdown(): debug: waiting for heartbeat thread
1748033893.928363: 24420-7f41bb99a700: cdpl_worker.c:709: in cdpl_wk_heartbeat(): info: stopping heartbeat
1748033893.928404: 24420-7f41caaba000: cdpl_ipc.c:1781: in cdpl_ipc_host_release(): debug: releasing host `128.54.67.138:39943'
1748033893.928422: 24420-7f41caaba000: cdpl_ipc.c:2532: in cdpl_ipc_free(): debug: releasing IPC handle
1748033893.928426: 24420-7f41caaba000: cdpl_ipc.c:986: in _host_free__UNSAFE(): debug: freeing host `128.54.67.138:39943'
1748033893.928430: 24420-7f41caaba000: cdpl_ipc.c:1028: in _host_free__UNSAFE(): debug: [0 outq, 0 spR, 0 spW]
1748033893.928447: 24420-7f41caaba000: cdpl_ipc.c:2571: in cdpl_ipc_free(): debug: done
1748033893.928450: 24420-7f41caaba000: cdpl_worker.c:912: in cdpl_wk_free(): info: freed
1748033893.928454: 24420-7f41caaba000: cdpl_log.c:359: in cdpl_log_close(): debug: @@end_of_log@@
