1748033668.208100: 24455-7f0cbf264000: cdpl_log.c:221: in cdpl_log_open(): debug: @@start_of_log@@
1748033668.208140: 24455-7f0cbf264000: cdpl_log.c:729: in cdpl_log_dump_sysinfo(): info: time: 2025/05/23 13:54:28 PDT -0700
1748033668.208145: 24455-7f0cbf264000: cdpl_log.c:731: in cdpl_log_dump_sysinfo(): info: version: L_2016.03_SP2_PROD_CDPL 
1748033668.208148: 24455-7f0cbf264000: cdpl_log.c:736: in cdpl_log_dump_sysinfo(): info: system: Linux 3.10.0-1160.119.1.el7.x86_64 #1 SMP Tue Jun 4 14:43:51 UTC 2024
1748033668.208150: 24455-7f0cbf264000: cdpl_log.c:740: in cdpl_log_dump_sysinfo(): info: processor: x86_64 64-bits
1748033668.208153: 24455-7f0cbf264000: cdpl_log.c:742: in cdpl_log_dump_sysinfo(): info: hostname: ieng6-ece-08.ucsd.edu
1748033668.208155: 24455-7f0cbf264000: cdpl_log.c:223: in cdpl_log_open(): debug: path: /home/linux/ieng6/cs241asp25/cs241asp25bu/lab5/run_siliconsmart/LIB_FF_1.1_25_ALL/runtime/cdpl/worker.W7.ieng6-ece-08.ucsd.edu.24455.log
1748033668.208158: 24455-7f0cbf264000: cdpl_log.c:224: in cdpl_log_open(): debug: dir: /home/linux/ieng6/cs241asp25/cs241asp25bu/lab5/run_siliconsmart/LIB_FF_1.1_25_ALL/runtime/cdpl
1748033668.208165: 24455-7f0cbf264000: cdpl_worker.c:728: in cdpl_wk_new(): info: creating worker instance
1748033668.211458: 24455-7f0cbf264000: cdpl_worker.c:925: in cdpl_wk_start(): debug: starting worker
1748033668.211470: 24455-7f0cbf264000: cdpl_worker.c:276: in cdpl_wk_setup(): info: CDPL_SERVER is "128.54.67.138:39943"
1748033668.211476: 24455-7f0cbf264000: cdpl_worker.c:299: in cdpl_wk_setup(): info: server 128.54.67.138, port 39943
1748033668.211480: 24455-7f0cbf264000: cdpl_worker.c:319: in cdpl_wk_setup(): info: CDPL_ID is "7:1:1:1:814325991"
1748033668.211493: 24455-7f0cbf264000: cdpl_worker.c:361: in cdpl_wk_setup(): info: we are W7-B1-J1-M1-S814325991
1748033668.211497: 24455-7f0cbf264000: cdpl_worker.c:363: in cdpl_wk_setup(): info: we are on host ieng6-ece-08.ucsd.edu
1748033668.211501: 24455-7f0cbf264000: cdpl_worker.c:372: in cdpl_wk_daemonize(): debug: will *not* daemonize
1748033668.211506: 24455-7f0cbf264000: cdpl_ipc.c:2593: in cdpl_ipc_connect(): info: connecting to 128.54.67.138:39943
1748033668.211590: 24455-7f0cbf264000: cdpl_ipc.c:2659: in cdpl_ipc_connect(): info: connected as `128.54.67.138:51666'
1748033668.211607: 24455-7f0cbf264000: cdpl_ipc.c:1763: in cdpl_ipc_host_accept(): debug: accepted host `128.54.67.138:39943'
1748033668.211617: 24455-7f0cbf264000: cdpl_ipc.c:2436: in cdpl_ipc_start(): debug: starting IPC server 128.54.67.138:34662
1748033668.211762: 24455-7f0cbf264000: cdpl_compat_worker.c:148: in cdplStartWorker(): info: SNPSLMD_LICENSE_FILE is 1705@its-flexlm-lnx4.ucsd.edu:1705@acms-flexlm-lnx4.ucsd.edu,1705@acms-flexlm-lnx5.ucsd.edu,1705@acms-flexlm-lnx6.ucsd.edu
1748033668.211844: 24455-7f0cbf264000: cdpl_compat_worker.c:597: in cdplWorkerLogInfo(): info: [Maximum lifespan of worker is set to 1200m]
1748033668.211894: 24455-7f0cbf264000: cdpl_compat_worker.c:597: in cdplWorkerLogInfo(): info: [Peak virtual memory is set to 128GB]
1748033668.224357: 24455-7f0cb0945700: cdpl_worker.c:528: in cdpl_wk_listen(): debug: ready
1748033668.225344: 24455-7f0cb0144700: cdpl_worker.c:656: in cdpl_wk_heartbeat(): debug: starting heartbeat
1748033668.225357: 24455-7f0cb0144700: cdpl_worker.c:665: in cdpl_wk_heartbeat(): info: setting heartbeat period to 60 sec
1748033668.225361: 24455-7f0cb0144700: cdpl_worker.c:673: in cdpl_wk_heartbeat(): info: first heartbeat in 1 sec
1748033668.235324: 24455-7f0cb0945700: cdpl_worker.c:585: in cdpl_wk_listen(): debug: received ASSIGN message
1748033668.235343: 24455-7f0cbf264000: cdpl_worker.c:1092: in cdpl_wk_wait_timeout(): info: starting task T11
1748033668.235363: 24455-7f0cbf264000: cdpl_compat_worker.c:597: in cdplWorkerLogInfo(): info: [configOneCellAdaptive { BUFFD1 }]
1748033668.446965: 24455-7f0cbf264000: cdpl_worker.c:1208: in cdpl_wk_finalize(): info: finishing task T11
1748033668.447134: 24455-7f0cb0945700: cdpl_worker.c:585: in cdpl_wk_listen(): debug: received ASSIGN message
1748033668.447142: 24455-7f0cbf264000: cdpl_worker.c:1092: in cdpl_wk_wait_timeout(): info: starting task T14
1748033668.447154: 24455-7f0cbf264000: cdpl_compat_worker.c:597: in cdplWorkerLogInfo(): info: [configOneCellAdaptive { BUFFD2 }]
1748033668.589472: 24455-7f0cbf264000: cdpl_worker.c:1208: in cdpl_wk_finalize(): info: finishing task T14
1748033668.991198: 24455-7f0cb0945700: cdpl_worker.c:585: in cdpl_wk_listen(): debug: received ASSIGN message
1748033668.991327: 24455-7f0cbf264000: cdpl_worker.c:1092: in cdpl_wk_wait_timeout(): info: starting task T19
1748033668.991361: 24455-7f0cbf264000: cdpl_compat_worker.c:597: in cdplWorkerLogInfo(): info: [configOneCellAdaptive { DFCSNQD1 }]
1748033670.210092: 24455-7f0cbf264000: cdpl_worker.c:1208: in cdpl_wk_finalize(): info: finishing task T19
1748033670.238385: 24455-7f0cb0945700: cdpl_worker.c:585: in cdpl_wk_listen(): debug: received ASSIGN message
1748033670.238402: 24455-7f0cbf264000: cdpl_worker.c:1092: in cdpl_wk_wait_timeout(): info: starting task T41
1748033670.238413: 24455-7f0cbf264000: cdpl_compat_worker.c:597: in cdplWorkerLogInfo(): info: [configOneCellAdaptive { ND2D3 }]
1748033670.794476: 24455-7f0cbf264000: cdpl_worker.c:1208: in cdpl_wk_finalize(): info: finishing task T41
1748033670.799028: 24455-7f0cb0945700: cdpl_worker.c:585: in cdpl_wk_listen(): debug: received ASSIGN message
1748033670.799047: 24455-7f0cbf264000: cdpl_worker.c:1092: in cdpl_wk_wait_timeout(): info: starting task T51
1748033670.799058: 24455-7f0cbf264000: cdpl_compat_worker.c:597: in cdplWorkerLogInfo(): info: [configOneCellAdaptive { OAI21D1 }]
1748033672.375060: 24455-7f0cbf264000: cdpl_worker.c:1208: in cdpl_wk_finalize(): info: finishing task T51
1748033702.074832: 24455-7f0cb0945700: cdpl_worker.c:616: in cdpl_wk_listen(): debug: received RELAY message
1748033702.357074: 24455-7f0cb0945700: cdpl_worker.c:616: in cdpl_wk_listen(): debug: received RELAY message
1748033703.282881: 24455-7f0cb0945700: cdpl_worker.c:585: in cdpl_wk_listen(): debug: received ASSIGN message
1748033703.282899: 24455-7f0cbf264000: cdpl_worker.c:1092: in cdpl_wk_wait_timeout(): info: starting task T75
1748033703.531217: 24455-7f0cbf264000: cdpl_compat_worker.c:597: in cdplWorkerLogInfo(): info: [runOneAcquisitionAdaptive DFCSNQD1 cmpw__SDN__hl__SDN__lh__ACQ_1 job_76 ]
1748033706.180301: 24455-7f0cbf264000: cdpl_worker.c:1208: in cdpl_wk_finalize(): info: finishing task T75
1748033706.183510: 24455-7f0cb0945700: cdpl_worker.c:585: in cdpl_wk_listen(): debug: received ASSIGN message
1748033706.183529: 24455-7f0cbf264000: cdpl_worker.c:1092: in cdpl_wk_wait_timeout(): info: starting task T96
1748033706.183540: 24455-7f0cbf264000: cdpl_compat_worker.c:597: in cdplWorkerLogInfo(): info: [runOneAcquisitionAdaptive DFCSNQD1 energy__CDN__lh__Q__lh__ACQ_1 job_97 ]
1748033715.557786: 24455-7f0cbf264000: cdpl_worker.c:1208: in cdpl_wk_finalize(): info: finishing task T96
1748033715.568462: 24455-7f0cb0945700: cdpl_worker.c:585: in cdpl_wk_listen(): debug: received ASSIGN message
1748033715.568477: 24455-7f0cbf264000: cdpl_worker.c:1092: in cdpl_wk_wait_timeout(): info: starting task T125
1748033715.568487: 24455-7f0cbf264000: cdpl_compat_worker.c:597: in cdplWorkerLogInfo(): info: [runOneAcquisitionAdaptive DFCSNQD2 energy__SDN__lh__ACQ_1 job_126 ]
1748033719.232760: 24455-7f0cbf264000: cdpl_worker.c:1208: in cdpl_wk_finalize(): info: finishing task T125
1748033719.233223: 24455-7f0cb0945700: cdpl_worker.c:585: in cdpl_wk_listen(): debug: received ASSIGN message
1748033719.233247: 24455-7f0cbf264000: cdpl_worker.c:1092: in cdpl_wk_wait_timeout(): info: starting task T126
1748033719.233265: 24455-7f0cbf264000: cdpl_compat_worker.c:597: in cdplWorkerLogInfo(): info: [runOneAcquisitionAdaptive DFCSNQD2 energy__SDN__hl__ACQ_1 job_127 ]
1748033722.725236: 24455-7f0cbf264000: cdpl_worker.c:1208: in cdpl_wk_finalize(): info: finishing task T126
1748033722.725450: 24455-7f0cb0945700: cdpl_worker.c:585: in cdpl_wk_listen(): debug: received ASSIGN message
1748033722.728653: 24455-7f0cbf264000: cdpl_worker.c:1092: in cdpl_wk_wait_timeout(): info: starting task T132
1748033722.728672: 24455-7f0cbf264000: cdpl_compat_worker.c:597: in cdplWorkerLogInfo(): info: [runOneAcquisitionAdaptive DFCSNQD2 delay__CP__lh__Q__lh__ACQ_1 job_133 ]
1748033739.036495: 24455-7f0cbf264000: cdpl_worker.c:1208: in cdpl_wk_finalize(): info: finishing task T132
1748033739.036803: 24455-7f0cb0945700: cdpl_worker.c:585: in cdpl_wk_listen(): debug: received ASSIGN message
1748033739.036845: 24455-7f0cbf264000: cdpl_worker.c:1092: in cdpl_wk_wait_timeout(): info: starting task T166
1748033739.036858: 24455-7f0cbf264000: cdpl_compat_worker.c:597: in cdplWorkerLogInfo(): info: [runOneAcquisitionAdaptive DFCSNQD4 delay__CP__lh__Q__lh__ACQ_1 job_167 ]
1748033756.729834: 24455-7f0cbf264000: cdpl_worker.c:1208: in cdpl_wk_finalize(): info: finishing task T166
1748033756.740408: 24455-7f0cb0945700: cdpl_worker.c:585: in cdpl_wk_listen(): debug: received ASSIGN message
1748033756.740419: 24455-7f0cbf264000: cdpl_worker.c:1092: in cdpl_wk_wait_timeout(): info: starting task T209
1748033756.740428: 24455-7f0cbf264000: cdpl_compat_worker.c:597: in cdplWorkerLogInfo(): info: [runOneAcquisitionAdaptive AOI21D1 delay__A2__hl__ZN__lh__ACQ_1 job_210 ]
1748033761.285969: 24455-7f0cbf264000: cdpl_worker.c:1208: in cdpl_wk_finalize(): info: finishing task T209
1748033761.296350: 24455-7f0cb0945700: cdpl_worker.c:585: in cdpl_wk_listen(): debug: received ASSIGN message
1748033761.296376: 24455-7f0cbf264000: cdpl_worker.c:1092: in cdpl_wk_wait_timeout(): info: starting task T230
1748033761.296395: 24455-7f0cbf264000: cdpl_compat_worker.c:597: in cdplWorkerLogInfo(): info: [runOneAcquisitionAdaptive AOI21D4 leakage_power__ACQ_1 job_231 ]
1748033762.868470: 24455-7f0cbf264000: cdpl_worker.c:1208: in cdpl_wk_finalize(): info: finishing task T230
1748033762.891511: 24455-7f0cb0945700: cdpl_worker.c:585: in cdpl_wk_listen(): debug: received ASSIGN message
1748033762.891541: 24455-7f0cbf264000: cdpl_worker.c:1092: in cdpl_wk_wait_timeout(): info: starting task T237
1748033762.891561: 24455-7f0cbf264000: cdpl_compat_worker.c:597: in cdplWorkerLogInfo(): info: [runOneAcquisitionAdaptive AOI21D4 delay__A2__hl__ZN__lh__ACQ_1 job_238 ]
1748033771.327468: 24455-7f0cbf264000: cdpl_worker.c:1208: in cdpl_wk_finalize(): info: finishing task T237
1748033771.327759: 24455-7f0cb0945700: cdpl_worker.c:585: in cdpl_wk_listen(): debug: received ASSIGN message
1748033771.327795: 24455-7f0cbf264000: cdpl_worker.c:1092: in cdpl_wk_wait_timeout(): info: starting task T274
1748033771.327807: 24455-7f0cbf264000: cdpl_compat_worker.c:597: in cdplWorkerLogInfo(): info: [runOneAcquisitionAdaptive MUX2D2 delay__I0__hl__Z__hl__ACQ_1 job_275 ]
1748033776.420693: 24455-7f0cbf264000: cdpl_worker.c:1208: in cdpl_wk_finalize(): info: finishing task T274
1748033776.425001: 24455-7f0cb0945700: cdpl_worker.c:585: in cdpl_wk_listen(): debug: received ASSIGN message
1748033776.435724: 24455-7f0cbf264000: cdpl_worker.c:1092: in cdpl_wk_wait_timeout(): info: starting task T300
1748033776.435743: 24455-7f0cbf264000: cdpl_compat_worker.c:597: in cdplWorkerLogInfo(): info: [runOneAcquisitionAdaptive MUX2D4 delay__S__lh__Z__hl__ACQ_1 job_301 ]
1748033783.510954: 24455-7f0cbf264000: cdpl_worker.c:1208: in cdpl_wk_finalize(): info: finishing task T300
1748033783.602418: 24455-7f0cb0945700: cdpl_worker.c:585: in cdpl_wk_listen(): debug: received ASSIGN message
1748033783.602440: 24455-7f0cbf264000: cdpl_worker.c:1092: in cdpl_wk_wait_timeout(): info: starting task T339
1748033783.602453: 24455-7f0cbf264000: cdpl_compat_worker.c:597: in cdplWorkerLogInfo(): info: [runOneAcquisitionAdaptive OAI21D2 leakage_power__ACQ_4 job_340 ]
1748033786.125083: 24455-7f0cbf264000: cdpl_worker.c:1208: in cdpl_wk_finalize(): info: finishing task T339
1748033786.142495: 24455-7f0cb0945700: cdpl_worker.c:585: in cdpl_wk_listen(): debug: received ASSIGN message
1748033786.142580: 24455-7f0cbf264000: cdpl_worker.c:1092: in cdpl_wk_wait_timeout(): info: starting task T354
1748033786.142593: 24455-7f0cbf264000: cdpl_compat_worker.c:597: in cdplWorkerLogInfo(): info: [runOneAcquisitionAdaptive OAI21D4 Cin__A2__lh__ACQ_1 job_355 ]
1748033788.991759: 24455-7f0cbf264000: cdpl_worker.c:1208: in cdpl_wk_finalize(): info: finishing task T354
1748033789.002349: 24455-7f0cb0945700: cdpl_worker.c:585: in cdpl_wk_listen(): debug: received ASSIGN message
1748033789.011417: 24455-7f0cbf264000: cdpl_worker.c:1092: in cdpl_wk_wait_timeout(): info: starting task T373
1748033789.011437: 24455-7f0cbf264000: cdpl_compat_worker.c:597: in cdplWorkerLogInfo(): info: [runOneAcquisitionAdaptive AN2D1 delay__A1__lh__Z__lh__ACQ_1 job_374 ]
1748033792.633840: 24455-7f0cbf264000: cdpl_worker.c:1208: in cdpl_wk_finalize(): info: finishing task T373
1748033792.652744: 24455-7f0cb0945700: cdpl_worker.c:585: in cdpl_wk_listen(): debug: received ASSIGN message
1748033792.652761: 24455-7f0cbf264000: cdpl_worker.c:1092: in cdpl_wk_wait_timeout(): info: starting task T398
1748033792.652771: 24455-7f0cbf264000: cdpl_compat_worker.c:597: in cdplWorkerLogInfo(): info: [runOneAcquisitionAdaptive AN2D4 delay__A2__hl__Z__hl__ACQ_1 job_399 ]
1748033799.079974: 24455-7f0cbf264000: cdpl_worker.c:1208: in cdpl_wk_finalize(): info: finishing task T398
1748033799.090357: 24455-7f0cb0945700: cdpl_worker.c:585: in cdpl_wk_listen(): debug: received ASSIGN message
1748033799.090390: 24455-7f0cbf264000: cdpl_worker.c:1092: in cdpl_wk_wait_timeout(): info: starting task T447
1748033799.090405: 24455-7f0cbf264000: cdpl_compat_worker.c:597: in cdplWorkerLogInfo(): info: [runOneAcquisitionAdaptive ND2D2 Cin__A2__lh__ACQ_1 job_448 ]
1748033800.929188: 24455-7f0cbf264000: cdpl_worker.c:1208: in cdpl_wk_finalize(): info: finishing task T447
1748033800.929403: 24455-7f0cb0945700: cdpl_worker.c:585: in cdpl_wk_listen(): debug: received ASSIGN message
1748033800.929415: 24455-7f0cbf264000: cdpl_worker.c:1092: in cdpl_wk_wait_timeout(): info: starting task T463
1748033800.929425: 24455-7f0cbf264000: cdpl_compat_worker.c:597: in cdplWorkerLogInfo(): info: [runOneAcquisitionAdaptive ND2D4 leakage_power__ACQ_1 job_464 ]
1748033802.829842: 24455-7f0cbf264000: cdpl_worker.c:1208: in cdpl_wk_finalize(): info: finishing task T463
1748033802.841074: 24455-7f0cb0945700: cdpl_worker.c:585: in cdpl_wk_listen(): debug: received ASSIGN message
1748033802.841088: 24455-7f0cbf264000: cdpl_worker.c:1092: in cdpl_wk_wait_timeout(): info: starting task T480
1748033802.841098: 24455-7f0cbf264000: cdpl_compat_worker.c:597: in cdplWorkerLogInfo(): info: [runOneAcquisitionAdaptive ND2D8 delay__A2__hl__ZN__lh__ACQ_1 job_481 ]
1748033811.386963: 24455-7f0cbf264000: cdpl_worker.c:1208: in cdpl_wk_finalize(): info: finishing task T480
1748033811.405910: 24455-7f0cb0945700: cdpl_worker.c:585: in cdpl_wk_listen(): debug: received ASSIGN message
1748033811.405933: 24455-7f0cbf264000: cdpl_worker.c:1092: in cdpl_wk_wait_timeout(): info: starting task T550
1748033811.405954: 24455-7f0cbf264000: cdpl_compat_worker.c:597: in cdplWorkerLogInfo(): info: [runOneAcquisitionAdaptive OR2D0 Cin__A1__hl__ACQ_1 job_551 ]
1748033813.058456: 24455-7f0cbf264000: cdpl_worker.c:1208: in cdpl_wk_finalize(): info: finishing task T550
1748033813.072875: 24455-7f0cb0945700: cdpl_worker.c:585: in cdpl_wk_listen(): debug: received ASSIGN message
1748033813.072900: 24455-7f0cbf264000: cdpl_worker.c:1092: in cdpl_wk_wait_timeout(): info: starting task T565
1748033813.072919: 24455-7f0cbf264000: cdpl_compat_worker.c:597: in cdplWorkerLogInfo(): info: [runOneAcquisitionAdaptive OR2D2 leakage_power__ACQ_1 job_566 ]
1748033814.330897: 24455-7f0cbf264000: cdpl_worker.c:1208: in cdpl_wk_finalize(): info: finishing task T565
1748033814.331131: 24455-7f0cb0945700: cdpl_worker.c:585: in cdpl_wk_listen(): debug: received ASSIGN message
1748033814.331144: 24455-7f0cbf264000: cdpl_worker.c:1092: in cdpl_wk_wait_timeout(): info: starting task T577
1748033814.331155: 24455-7f0cbf264000: cdpl_compat_worker.c:597: in cdplWorkerLogInfo(): info: [runOneAcquisitionAdaptive OR2D4 delay__A2__lh__Z__lh__ACQ_1 job_578 ]
1748033820.730685: 24455-7f0cbf264000: cdpl_worker.c:1208: in cdpl_wk_finalize(): info: finishing task T577
1748033820.730994: 24455-7f0cb0945700: cdpl_worker.c:585: in cdpl_wk_listen(): debug: received ASSIGN message
1748033820.731006: 24455-7f0cbf264000: cdpl_worker.c:1092: in cdpl_wk_wait_timeout(): info: starting task T620
1748033820.731015: 24455-7f0cbf264000: cdpl_compat_worker.c:597: in cdplWorkerLogInfo(): info: [runOneAcquisitionAdaptive XNR2D2 delay__A1__hl__ZN__hl__ACQ_1 job_621 ]
1748033826.216432: 24455-7f0cbf264000: cdpl_worker.c:1208: in cdpl_wk_finalize(): info: finishing task T620
1748033826.216734: 24455-7f0cb0945700: cdpl_worker.c:585: in cdpl_wk_listen(): debug: received ASSIGN message
1748033826.216768: 24455-7f0cbf264000: cdpl_worker.c:1092: in cdpl_wk_wait_timeout(): info: starting task T649
1748033826.216778: 24455-7f0cbf264000: cdpl_compat_worker.c:597: in cdplWorkerLogInfo(): info: [runOneAcquisitionAdaptive XOR2D1 delay__A2__lh__Z__hl__ACQ_1 job_650 ]
1748033831.484458: 24455-7f0cbf264000: cdpl_worker.c:1208: in cdpl_wk_finalize(): info: finishing task T649
1748033831.487968: 24455-7f0cb0945700: cdpl_worker.c:585: in cdpl_wk_listen(): debug: received ASSIGN message
1748033831.487979: 24455-7f0cbf264000: cdpl_worker.c:1092: in cdpl_wk_wait_timeout(): info: starting task T673
1748033831.487988: 24455-7f0cbf264000: cdpl_compat_worker.c:597: in cdplWorkerLogInfo(): info: [runOneAcquisitionAdaptive BUFFD16 leakage_power__ACQ_1 job_674 ]
1748033833.360795: 24455-7f0cbf264000: cdpl_worker.c:1208: in cdpl_wk_finalize(): info: finishing task T673
1748033833.361071: 24455-7f0cb0945700: cdpl_worker.c:585: in cdpl_wk_listen(): debug: received ASSIGN message
1748033833.361094: 24455-7f0cbf264000: cdpl_worker.c:1092: in cdpl_wk_wait_timeout(): info: starting task T684
1748033833.361107: 24455-7f0cbf264000: cdpl_compat_worker.c:597: in cdplWorkerLogInfo(): info: [runOneAcquisitionAdaptive BUFFD3 delay__I__hl__Z__hl__ACQ_1 job_685 ]
1748033837.631039: 24455-7f0cbf264000: cdpl_worker.c:1208: in cdpl_wk_finalize(): info: finishing task T684
1748033837.650835: 24455-7f0cb0945700: cdpl_worker.c:585: in cdpl_wk_listen(): debug: received ASSIGN message
1748033837.650860: 24455-7f0cbf264000: cdpl_worker.c:1092: in cdpl_wk_wait_timeout(): info: starting task T717
1748033837.650877: 24455-7f0cbf264000: cdpl_compat_worker.c:597: in cdplWorkerLogInfo(): info: [runOneAcquisitionAdaptive INVD20 leakage_power__ACQ_1 job_718 ]
1748033839.227682: 24455-7f0cbf264000: cdpl_worker.c:1208: in cdpl_wk_finalize(): info: finishing task T717
1748033839.227864: 24455-7f0cb0945700: cdpl_worker.c:585: in cdpl_wk_listen(): debug: received ASSIGN message
1748033839.228327: 24455-7f0cbf264000: cdpl_worker.c:1092: in cdpl_wk_wait_timeout(): info: starting task T729
1748033839.228340: 24455-7f0cbf264000: cdpl_compat_worker.c:597: in cdplWorkerLogInfo(): info: [runOneAcquisitionAdaptive INVD4 leakage_power__ACQ_1 job_730 ]
1748033840.896877: 24455-7f0cbf264000: cdpl_worker.c:1208: in cdpl_wk_finalize(): info: finishing task T729
1748033840.897062: 24455-7f0cb0945700: cdpl_worker.c:585: in cdpl_wk_listen(): debug: received ASSIGN message
1748033840.897095: 24455-7f0cbf264000: cdpl_worker.c:1092: in cdpl_wk_wait_timeout(): info: starting task T738
1748033840.897138: 24455-7f0cbf264000: cdpl_compat_worker.c:597: in cdplWorkerLogInfo(): info: [runOneAcquisitionAdaptive INVD8 leakage_power__ACQ_2 job_739 ]
1748033842.157180: 24455-7f0cbf264000: cdpl_worker.c:1208: in cdpl_wk_finalize(): info: finishing task T738
1748033858.046293: 24455-7f0cb0945700: cdpl_worker.c:616: in cdpl_wk_listen(): debug: received RELAY message
1748033858.810357: 24455-7f0cb0945700: cdpl_worker.c:585: in cdpl_wk_listen(): debug: received ASSIGN message
1748033858.816328: 24455-7f0cbf264000: cdpl_worker.c:1092: in cdpl_wk_wait_timeout(): info: starting task T748
1748033858.926135: 24455-7f0cbf264000: cdpl_compat_worker.c:597: in cdplWorkerLogInfo(): info: [modelOneCellAdaptive {AOI21D4 }]
1748033863.011232: 24455-7f0cbf264000: cdpl_worker.c:1208: in cdpl_wk_finalize(): info: finishing task T748
1748033863.051277: 24455-7f0cb0945700: cdpl_worker.c:585: in cdpl_wk_listen(): debug: received ASSIGN message
1748033863.051294: 24455-7f0cbf264000: cdpl_worker.c:1092: in cdpl_wk_wait_timeout(): info: starting task T773
1748033863.051307: 24455-7f0cbf264000: cdpl_compat_worker.c:597: in cdplWorkerLogInfo(): info: [modelOneCellAdaptive {NR2D4 }]
1748033867.379662: 24455-7f0cbf264000: cdpl_worker.c:1208: in cdpl_wk_finalize(): info: finishing task T773
1748033867.389949: 24455-7f0cb0945700: cdpl_worker.c:585: in cdpl_wk_listen(): debug: received ASSIGN message
1748033867.389988: 24455-7f0cbf264000: cdpl_worker.c:1092: in cdpl_wk_wait_timeout(): info: starting task T797
1748033867.390008: 24455-7f0cbf264000: cdpl_compat_worker.c:597: in cdplWorkerLogInfo(): info: [modelOneCellAdaptive {INVD1 }]
1748033870.300661: 24455-7f0cbf264000: cdpl_worker.c:1208: in cdpl_wk_finalize(): info: finishing task T797
1748033893.898500: 24455-7f0cb0945700: cdpl_worker.c:616: in cdpl_wk_listen(): debug: received RELAY message
1748033893.925539: 24455-7f0cb1146700: cdpl_ipc.c:606: in _readv(): warning: read(): EOF
1748033893.925591: 24455-7f0cb1146700: cdpl_ipc.c:1462: in _epoll_recv(): debug: _readv(): Broken pipe
1748033893.925601: 24455-7f0cb1146700: cdpl_ipc.c:1683: in _epoll_main(): debug: _epoll_recv(): Broken pipe
1748033893.925624: 24455-7f0cb1146700: cdpl_ipc.c:1061: in _host_drop__UNSAFE(): debug: dropping host `128.54.67.138:39943'
1748033893.925748: 24455-7f0cb0945700: cdpl_worker.c:561: in cdpl_wk_listen(): debug: received DROP notification
1748033893.925757: 24455-7f0cb0945700: cdpl_worker.c:565: in cdpl_wk_listen(): debug: we were dropped by the server
1748033893.925762: 24455-7f0cb0945700: cdpl_worker.c:492: in _wk_kill(): debug: killing worker
1748033893.925765: 24455-7f0cb0945700: cdpl_ipc.c:2481: in cdpl_ipc_kill(): debug: stopping event server
1748033893.925781: 24455-7f0cb0945700: cdpl_worker.c:542: in cdpl_wk_listen(): debug: leaving now
1748033893.925906: 24455-7f0cb1146700: cdpl_ipc.c:1720: in _epoll_main(): debug: server going down...
1748033893.926047: 24455-7f0cbf264000: cdpl_compat_worker.c:597: in cdplWorkerLogInfo(): info: [Worker shutdown. Code: 3]
1748033893.937901: 24455-7f0cbf264000: cdpl_worker.c:856: in _wk_shutdown(): debug: waiting for heartbeat thread
1748033893.937916: 24455-7f0cb0144700: cdpl_worker.c:709: in cdpl_wk_heartbeat(): info: stopping heartbeat
1748033893.937944: 24455-7f0cbf264000: cdpl_ipc.c:1781: in cdpl_ipc_host_release(): debug: releasing host `128.54.67.138:39943'
1748033893.937964: 24455-7f0cbf264000: cdpl_ipc.c:2532: in cdpl_ipc_free(): debug: releasing IPC handle
1748033893.937967: 24455-7f0cbf264000: cdpl_ipc.c:986: in _host_free__UNSAFE(): debug: freeing host `128.54.67.138:39943'
1748033893.937970: 24455-7f0cbf264000: cdpl_ipc.c:1028: in _host_free__UNSAFE(): debug: [0 outq, 0 spR, 0 spW]
1748033893.937985: 24455-7f0cbf264000: cdpl_ipc.c:2571: in cdpl_ipc_free(): debug: done
1748033893.937988: 24455-7f0cbf264000: cdpl_worker.c:912: in cdpl_wk_free(): info: freed
1748033893.937990: 24455-7f0cbf264000: cdpl_log.c:359: in cdpl_log_close(): debug: @@end_of_log@@
