1748033672.455461: 24878-7f1bab352000: cdpl_log.c:221: in cdpl_log_open(): debug: @@start_of_log@@
1748033672.455496: 24878-7f1bab352000: cdpl_log.c:729: in cdpl_log_dump_sysinfo(): info: time: 2025/05/23 13:54:32 PDT -0700
1748033672.455500: 24878-7f1bab352000: cdpl_log.c:731: in cdpl_log_dump_sysinfo(): info: version: L_2016.03_SP2_PROD_CDPL 
1748033672.455503: 24878-7f1bab352000: cdpl_log.c:736: in cdpl_log_dump_sysinfo(): info: system: Linux 3.10.0-1160.119.1.el7.x86_64 #1 SMP Tue Jun 4 14:43:51 UTC 2024
1748033672.455506: 24878-7f1bab352000: cdpl_log.c:740: in cdpl_log_dump_sysinfo(): info: processor: x86_64 64-bits
1748033672.455508: 24878-7f1bab352000: cdpl_log.c:742: in cdpl_log_dump_sysinfo(): info: hostname: ieng6-ece-08.ucsd.edu
1748033672.455511: 24878-7f1bab352000: cdpl_log.c:223: in cdpl_log_open(): debug: path: /home/linux/ieng6/cs241asp25/cs241asp25bu/lab5/run_siliconsmart/LIB_FF_1.1_25_ALL/runtime/cdpl/worker.W19.ieng6-ece-08.ucsd.edu.24878.log
1748033672.455513: 24878-7f1bab352000: cdpl_log.c:224: in cdpl_log_open(): debug: dir: /home/linux/ieng6/cs241asp25/cs241asp25bu/lab5/run_siliconsmart/LIB_FF_1.1_25_ALL/runtime/cdpl
1748033672.455520: 24878-7f1bab352000: cdpl_worker.c:728: in cdpl_wk_new(): info: creating worker instance
1748033672.460983: 24878-7f1bab352000: cdpl_worker.c:925: in cdpl_wk_start(): debug: starting worker
1748033672.460993: 24878-7f1bab352000: cdpl_worker.c:276: in cdpl_wk_setup(): info: CDPL_SERVER is "128.54.67.138:39943"
1748033672.460997: 24878-7f1bab352000: cdpl_worker.c:299: in cdpl_wk_setup(): info: server 128.54.67.138, port 39943
1748033672.461000: 24878-7f1bab352000: cdpl_worker.c:319: in cdpl_wk_setup(): info: CDPL_ID is "19:1:1:1:814325991"
1748033672.461009: 24878-7f1bab352000: cdpl_worker.c:361: in cdpl_wk_setup(): info: we are W19-B1-J1-M1-S814325991
1748033672.461012: 24878-7f1bab352000: cdpl_worker.c:363: in cdpl_wk_setup(): info: we are on host ieng6-ece-08.ucsd.edu
1748033672.461014: 24878-7f1bab352000: cdpl_worker.c:372: in cdpl_wk_daemonize(): debug: will *not* daemonize
1748033672.461018: 24878-7f1bab352000: cdpl_ipc.c:2593: in cdpl_ipc_connect(): info: connecting to 128.54.67.138:39943
1748033672.466764: 24878-7f1bab352000: cdpl_ipc.c:2659: in cdpl_ipc_connect(): info: connected as `128.54.67.138:51694'
1748033672.466792: 24878-7f1bab352000: cdpl_ipc.c:1763: in cdpl_ipc_host_accept(): debug: accepted host `128.54.67.138:39943'
1748033672.466802: 24878-7f1bab352000: cdpl_ipc.c:2436: in cdpl_ipc_start(): debug: starting IPC server 128.54.67.138:37417
1748033672.466921: 24878-7f1bab352000: cdpl_compat_worker.c:148: in cdplStartWorker(): info: SNPSLMD_LICENSE_FILE is 1705@its-flexlm-lnx4.ucsd.edu:1705@acms-flexlm-lnx4.ucsd.edu,1705@acms-flexlm-lnx5.ucsd.edu,1705@acms-flexlm-lnx6.ucsd.edu
1748033672.466987: 24878-7f1bab352000: cdpl_compat_worker.c:597: in cdplWorkerLogInfo(): info: [Maximum lifespan of worker is set to 1200m]
1748033672.467028: 24878-7f1bab352000: cdpl_compat_worker.c:597: in cdplWorkerLogInfo(): info: [Peak virtual memory is set to 128GB]
1748033672.470484: 24878-7f1b9c232700: cdpl_worker.c:656: in cdpl_wk_heartbeat(): debug: starting heartbeat
1748033672.470496: 24878-7f1b9c232700: cdpl_worker.c:665: in cdpl_wk_heartbeat(): info: setting heartbeat period to 60 sec
1748033672.470500: 24878-7f1b9c232700: cdpl_worker.c:673: in cdpl_wk_heartbeat(): info: first heartbeat in 1 sec
1748033672.470891: 24878-7f1b9ca33700: cdpl_worker.c:528: in cdpl_wk_listen(): debug: ready
1748033702.075329: 24878-7f1b9ca33700: cdpl_worker.c:616: in cdpl_wk_listen(): debug: received RELAY message
1748033702.357667: 24878-7f1b9ca33700: cdpl_worker.c:616: in cdpl_wk_listen(): debug: received RELAY message
1748033703.794206: 24878-7f1b9ca33700: cdpl_worker.c:585: in cdpl_wk_listen(): debug: received ASSIGN message
1748033703.794227: 24878-7f1bab352000: cdpl_worker.c:1092: in cdpl_wk_wait_timeout(): info: starting task T80
1748033704.025341: 24878-7f1bab352000: cdpl_compat_worker.c:597: in cdplWorkerLogInfo(): info: [runOneAcquisitionAdaptive DFCSNQD1 asynch_removal__CDN__lh__SDN__lh__ACQ_1 job_81 ]
1748033724.340506: 24878-7f1bab352000: cdpl_worker.c:1208: in cdpl_wk_finalize(): info: finishing task T80
1748033724.340820: 24878-7f1b9ca33700: cdpl_worker.c:585: in cdpl_wk_listen(): debug: received ASSIGN message
1748033724.340829: 24878-7f1bab352000: cdpl_worker.c:1092: in cdpl_wk_wait_timeout(): info: starting task T135
1748033724.340836: 24878-7f1bab352000: cdpl_compat_worker.c:597: in cdplWorkerLogInfo(): info: [runOneAcquisitionAdaptive DFCSNQD4 energy__CP__hl__ACQ_1 job_136 ]
1748033727.624468: 24878-7f1bab352000: cdpl_worker.c:1208: in cdpl_wk_finalize(): info: finishing task T135
1748033727.645390: 24878-7f1b9ca33700: cdpl_worker.c:585: in cdpl_wk_listen(): debug: received ASSIGN message
1748033727.650380: 24878-7f1bab352000: cdpl_worker.c:1092: in cdpl_wk_wait_timeout(): info: starting task T140
1748033727.650396: 24878-7f1bab352000: cdpl_compat_worker.c:597: in cdplWorkerLogInfo(): info: [runOneAcquisitionAdaptive DFCSNQD4 energy__D__lh__ACQ_1 job_141 ]
1748033730.304575: 24878-7f1bab352000: cdpl_worker.c:1208: in cdpl_wk_finalize(): info: finishing task T140
1748033730.323431: 24878-7f1b9ca33700: cdpl_worker.c:585: in cdpl_wk_listen(): debug: received ASSIGN message
1748033730.323447: 24878-7f1bab352000: cdpl_worker.c:1092: in cdpl_wk_wait_timeout(): info: starting task T143
1748033730.323458: 24878-7f1bab352000: cdpl_compat_worker.c:597: in cdplWorkerLogInfo(): info: [runOneAcquisitionAdaptive DFCSNQD4 cmpw__SDN__hl__SDN__lh__ACQ_1 job_144 ]
1748033732.721138: 24878-7f1bab352000: cdpl_worker.c:1208: in cdpl_wk_finalize(): info: finishing task T143
1748033732.721404: 24878-7f1b9ca33700: cdpl_worker.c:585: in cdpl_wk_listen(): debug: received ASSIGN message
1748033732.723289: 24878-7f1bab352000: cdpl_worker.c:1092: in cdpl_wk_wait_timeout(): info: starting task T148
1748033732.723305: 24878-7f1bab352000: cdpl_compat_worker.c:597: in cdplWorkerLogInfo(): info: [runOneAcquisitionAdaptive DFCSNQD4 asynch_removal__CDN__lh__SDN__lh__ACQ_1 job_149 ]
1748033757.204533: 24878-7f1bab352000: cdpl_worker.c:1208: in cdpl_wk_finalize(): info: finishing task T148
1748033757.225697: 24878-7f1b9ca33700: cdpl_worker.c:585: in cdpl_wk_listen(): debug: received ASSIGN message
1748033757.225745: 24878-7f1bab352000: cdpl_worker.c:1092: in cdpl_wk_wait_timeout(): info: starting task T210
1748033757.225757: 24878-7f1bab352000: cdpl_compat_worker.c:597: in cdplWorkerLogInfo(): info: [runOneAcquisitionAdaptive AOI21D1 Cin__B__hl__ACQ_1 job_211 ]
1748033759.892852: 24878-7f1bab352000: cdpl_worker.c:1208: in cdpl_wk_finalize(): info: finishing task T210
1748033759.897881: 24878-7f1b9ca33700: cdpl_worker.c:585: in cdpl_wk_listen(): debug: received ASSIGN message
1748033759.902028: 24878-7f1bab352000: cdpl_worker.c:1092: in cdpl_wk_wait_timeout(): info: starting task T221
1748033759.902043: 24878-7f1bab352000: cdpl_compat_worker.c:597: in cdplWorkerLogInfo(): info: [runOneAcquisitionAdaptive AOI21D2 Cin__A1__hl__ACQ_1 job_222 ]
1748033761.929237: 24878-7f1bab352000: cdpl_worker.c:1208: in cdpl_wk_finalize(): info: finishing task T221
1748033761.929464: 24878-7f1b9ca33700: cdpl_worker.c:585: in cdpl_wk_listen(): debug: received ASSIGN message
1748033761.929474: 24878-7f1bab352000: cdpl_worker.c:1092: in cdpl_wk_wait_timeout(): info: starting task T233
1748033761.929485: 24878-7f1bab352000: cdpl_compat_worker.c:597: in cdplWorkerLogInfo(): info: [runOneAcquisitionAdaptive AOI21D4 delay__A1__hl__ZN__lh__ACQ_1 job_234 ]
1748033769.162121: 24878-7f1bab352000: cdpl_worker.c:1208: in cdpl_wk_finalize(): info: finishing task T233
1748033769.172446: 24878-7f1b9ca33700: cdpl_worker.c:585: in cdpl_wk_listen(): debug: received ASSIGN message
1748033769.172498: 24878-7f1bab352000: cdpl_worker.c:1092: in cdpl_wk_wait_timeout(): info: starting task T258
1748033769.172515: 24878-7f1bab352000: cdpl_compat_worker.c:597: in cdplWorkerLogInfo(): info: [runOneAcquisitionAdaptive MUX2D1 delay__I0__hl__Z__hl__ACQ_1 job_259 ]
1748033773.634822: 24878-7f1bab352000: cdpl_worker.c:1208: in cdpl_wk_finalize(): info: finishing task T258
1748033773.691350: 24878-7f1b9ca33700: cdpl_worker.c:585: in cdpl_wk_listen(): debug: received ASSIGN message
1748033773.691628: 24878-7f1bab352000: cdpl_worker.c:1092: in cdpl_wk_wait_timeout(): info: starting task T286
1748033773.691646: 24878-7f1bab352000: cdpl_compat_worker.c:597: in cdplWorkerLogInfo(): info: [runOneAcquisitionAdaptive MUX2D2 Cin__I1__hl__ACQ_1 job_287 ]
1748033775.766794: 24878-7f1bab352000: cdpl_worker.c:1208: in cdpl_wk_finalize(): info: finishing task T286
1748033775.777378: 24878-7f1b9ca33700: cdpl_worker.c:585: in cdpl_wk_listen(): debug: received ASSIGN message
1748033775.783436: 24878-7f1bab352000: cdpl_worker.c:1092: in cdpl_wk_wait_timeout(): info: starting task T295
1748033775.783455: 24878-7f1bab352000: cdpl_compat_worker.c:597: in cdplWorkerLogInfo(): info: [runOneAcquisitionAdaptive MUX2D4 leakage_power__ACQ_4 job_296 ]
1748033777.172659: 24878-7f1bab352000: cdpl_worker.c:1208: in cdpl_wk_finalize(): info: finishing task T295
1748033777.172830: 24878-7f1b9ca33700: cdpl_worker.c:585: in cdpl_wk_listen(): debug: received ASSIGN message
1748033777.172838: 24878-7f1bab352000: cdpl_worker.c:1092: in cdpl_wk_wait_timeout(): info: starting task T305
1748033777.172847: 24878-7f1bab352000: cdpl_compat_worker.c:597: in cdplWorkerLogInfo(): info: [runOneAcquisitionAdaptive OAI21D0 Cin__A2__hl__ACQ_1 job_306 ]
1748033778.701658: 24878-7f1bab352000: cdpl_worker.c:1208: in cdpl_wk_finalize(): info: finishing task T305
1748033778.701838: 24878-7f1b9ca33700: cdpl_worker.c:585: in cdpl_wk_listen(): debug: received ASSIGN message
1748033778.701846: 24878-7f1bab352000: cdpl_worker.c:1092: in cdpl_wk_wait_timeout(): info: starting task T311
1748033778.701854: 24878-7f1bab352000: cdpl_compat_worker.c:597: in cdplWorkerLogInfo(): info: [runOneAcquisitionAdaptive OAI21D0 leakage_power__ACQ_4 job_312 ]
1748033780.440207: 24878-7f1bab352000: cdpl_worker.c:1208: in cdpl_wk_finalize(): info: finishing task T311
1748033780.441603: 24878-7f1b9ca33700: cdpl_worker.c:585: in cdpl_wk_listen(): debug: received ASSIGN message
1748033780.441665: 24878-7f1bab352000: cdpl_worker.c:1092: in cdpl_wk_wait_timeout(): info: starting task T319
1748033780.441676: 24878-7f1bab352000: cdpl_compat_worker.c:597: in cdplWorkerLogInfo(): info: [runOneAcquisitionAdaptive OAI21D1 Cin__A2__hl__ACQ_1 job_320 ]
1748033781.927567: 24878-7f1bab352000: cdpl_worker.c:1208: in cdpl_wk_finalize(): info: finishing task T319
1748033781.927756: 24878-7f1b9ca33700: cdpl_worker.c:585: in cdpl_wk_listen(): debug: received ASSIGN message
1748033781.927776: 24878-7f1bab352000: cdpl_worker.c:1092: in cdpl_wk_wait_timeout(): info: starting task T330
1748033781.927788: 24878-7f1bab352000: cdpl_compat_worker.c:597: in cdplWorkerLogInfo(): info: [runOneAcquisitionAdaptive OAI21D1 Cin__B__hl__ACQ_1 job_331 ]
1748033784.652083: 24878-7f1bab352000: cdpl_worker.c:1208: in cdpl_wk_finalize(): info: finishing task T330
1748033784.652241: 24878-7f1b9ca33700: cdpl_worker.c:585: in cdpl_wk_listen(): debug: received ASSIGN message
1748033784.652259: 24878-7f1bab352000: cdpl_worker.c:1092: in cdpl_wk_wait_timeout(): info: starting task T348
1748033784.652272: 24878-7f1bab352000: cdpl_compat_worker.c:597: in cdplWorkerLogInfo(): info: [runOneAcquisitionAdaptive OAI21D4 Cin__A1__lh__ACQ_1 job_349 ]
1748033787.989979: 24878-7f1bab352000: cdpl_worker.c:1208: in cdpl_wk_finalize(): info: finishing task T348
1748033787.998484: 24878-7f1b9ca33700: cdpl_worker.c:585: in cdpl_wk_listen(): debug: received ASSIGN message
1748033787.998509: 24878-7f1bab352000: cdpl_worker.c:1092: in cdpl_wk_wait_timeout(): info: starting task T365
1748033787.998529: 24878-7f1bab352000: cdpl_compat_worker.c:597: in cdplWorkerLogInfo(): info: [runOneAcquisitionAdaptive AN2D0 leakage_power__ACQ_1 job_366 ]
1748033789.831366: 24878-7f1bab352000: cdpl_worker.c:1208: in cdpl_wk_finalize(): info: finishing task T365
1748033789.831620: 24878-7f1b9ca33700: cdpl_worker.c:585: in cdpl_wk_listen(): debug: received ASSIGN message
1748033789.831631: 24878-7f1bab352000: cdpl_worker.c:1092: in cdpl_wk_wait_timeout(): info: starting task T378
1748033789.831643: 24878-7f1bab352000: cdpl_compat_worker.c:597: in cdplWorkerLogInfo(): info: [runOneAcquisitionAdaptive AN2D1 delay__A2__hl__Z__hl__ACQ_1 job_379 ]
1748033794.356234: 24878-7f1bab352000: cdpl_worker.c:1208: in cdpl_wk_finalize(): info: finishing task T378
1748033794.356546: 24878-7f1b9ca33700: cdpl_worker.c:585: in cdpl_wk_listen(): debug: received ASSIGN message
1748033794.356557: 24878-7f1bab352000: cdpl_worker.c:1092: in cdpl_wk_wait_timeout(): info: starting task T412
1748033794.356566: 24878-7f1bab352000: cdpl_compat_worker.c:597: in cdplWorkerLogInfo(): info: [runOneAcquisitionAdaptive AN2XD1 Cin__A1__lh__ACQ_1 job_413 ]
1748033796.227893: 24878-7f1bab352000: cdpl_worker.c:1208: in cdpl_wk_finalize(): info: finishing task T412
1748033796.228242: 24878-7f1b9ca33700: cdpl_worker.c:585: in cdpl_wk_listen(): debug: received ASSIGN message
1748033796.228259: 24878-7f1bab352000: cdpl_worker.c:1092: in cdpl_wk_wait_timeout(): info: starting task T424
1748033796.228273: 24878-7f1bab352000: cdpl_compat_worker.c:597: in cdplWorkerLogInfo(): info: [runOneAcquisitionAdaptive ND2D0 delay__A1__lh__ZN__hl__ACQ_1 job_425 ]
1748033799.376943: 24878-7f1bab352000: cdpl_worker.c:1208: in cdpl_wk_finalize(): info: finishing task T424
1748033799.385868: 24878-7f1b9ca33700: cdpl_worker.c:585: in cdpl_wk_listen(): debug: received ASSIGN message
1748033799.388223: 24878-7f1bab352000: cdpl_worker.c:1092: in cdpl_wk_wait_timeout(): info: starting task T451
1748033799.388241: 24878-7f1bab352000: cdpl_compat_worker.c:597: in cdplWorkerLogInfo(): info: [runOneAcquisitionAdaptive ND2D3 Cin__A2__hl__ACQ_1 job_452 ]
1748033800.715078: 24878-7f1bab352000: cdpl_worker.c:1208: in cdpl_wk_finalize(): info: finishing task T451
1748033800.715241: 24878-7f1b9ca33700: cdpl_worker.c:585: in cdpl_wk_listen(): debug: received ASSIGN message
1748033800.726118: 24878-7f1bab352000: cdpl_worker.c:1092: in cdpl_wk_wait_timeout(): info: starting task T460
1748033800.726138: 24878-7f1bab352000: cdpl_compat_worker.c:597: in cdplWorkerLogInfo(): info: [runOneAcquisitionAdaptive ND2D3 delay__A2__hl__ZN__lh__ACQ_1 job_461 ]
1748033805.020294: 24878-7f1bab352000: cdpl_worker.c:1208: in cdpl_wk_finalize(): info: finishing task T460
1748033805.020684: 24878-7f1b9ca33700: cdpl_worker.c:585: in cdpl_wk_listen(): debug: received ASSIGN message
1748033805.020694: 24878-7f1bab352000: cdpl_worker.c:1092: in cdpl_wk_wait_timeout(): info: starting task T499
1748033805.020702: 24878-7f1bab352000: cdpl_compat_worker.c:597: in cdplWorkerLogInfo(): info: [runOneAcquisitionAdaptive NR2D1 delay__A2__lh__ZN__hl__ACQ_1 job_500 ]
1748033808.203186: 24878-7f1bab352000: cdpl_worker.c:1208: in cdpl_wk_finalize(): info: finishing task T499
1748033808.203352: 24878-7f1b9ca33700: cdpl_worker.c:585: in cdpl_wk_listen(): debug: received ASSIGN message
1748033808.203422: 24878-7f1bab352000: cdpl_worker.c:1092: in cdpl_wk_wait_timeout(): info: starting task T528
1748033808.203434: 24878-7f1bab352000: cdpl_compat_worker.c:597: in cdplWorkerLogInfo(): info: [runOneAcquisitionAdaptive NR2D4 Cin__A1__hl__ACQ_1 job_529 ]
1748033810.092751: 24878-7f1bab352000: cdpl_worker.c:1208: in cdpl_wk_finalize(): info: finishing task T528
1748033810.094994: 24878-7f1b9ca33700: cdpl_worker.c:585: in cdpl_wk_listen(): debug: received ASSIGN message
1748033810.103322: 24878-7f1bab352000: cdpl_worker.c:1092: in cdpl_wk_wait_timeout(): info: starting task T544
1748033810.103341: 24878-7f1bab352000: cdpl_compat_worker.c:597: in cdplWorkerLogInfo(): info: [runOneAcquisitionAdaptive OR2D0 delay__A1__hl__Z__hl__ACQ_1 job_545 ]
1748033814.020001: 24878-7f1bab352000: cdpl_worker.c:1208: in cdpl_wk_finalize(): info: finishing task T544
1748033814.024685: 24878-7f1b9ca33700: cdpl_worker.c:585: in cdpl_wk_listen(): debug: received ASSIGN message
1748033814.024727: 24878-7f1bab352000: cdpl_worker.c:1092: in cdpl_wk_wait_timeout(): info: starting task T575
1748033814.024739: 24878-7f1bab352000: cdpl_compat_worker.c:597: in cdplWorkerLogInfo(): info: [runOneAcquisitionAdaptive OR2D4 leakage_power__ACQ_1 job_576 ]
1748033815.876301: 24878-7f1bab352000: cdpl_worker.c:1208: in cdpl_wk_finalize(): info: finishing task T575
1748033815.895346: 24878-7f1b9ca33700: cdpl_worker.c:585: in cdpl_wk_listen(): debug: received ASSIGN message
1748033815.895369: 24878-7f1bab352000: cdpl_worker.c:1092: in cdpl_wk_wait_timeout(): info: starting task T590
1748033815.895392: 24878-7f1bab352000: cdpl_compat_worker.c:597: in cdplWorkerLogInfo(): info: [runOneAcquisitionAdaptive OR2XD1 Cin__A1__hl__ACQ_1 job_591 ]
1748033817.625810: 24878-7f1bab352000: cdpl_worker.c:1208: in cdpl_wk_finalize(): info: finishing task T590
1748033817.627256: 24878-7f1b9ca33700: cdpl_worker.c:585: in cdpl_wk_listen(): debug: received ASSIGN message
1748033817.628858: 24878-7f1bab352000: cdpl_worker.c:1092: in cdpl_wk_wait_timeout(): info: starting task T603
1748033817.628875: 24878-7f1bab352000: cdpl_compat_worker.c:597: in cdplWorkerLogInfo(): info: [runOneAcquisitionAdaptive XNR2D1 leakage_power__ACQ_1 job_604 ]
1748033819.242459: 24878-7f1bab352000: cdpl_worker.c:1208: in cdpl_wk_finalize(): info: finishing task T603
1748033819.242610: 24878-7f1b9ca33700: cdpl_worker.c:585: in cdpl_wk_listen(): debug: received ASSIGN message
1748033819.242626: 24878-7f1bab352000: cdpl_worker.c:1092: in cdpl_wk_wait_timeout(): info: starting task T615
1748033819.242638: 24878-7f1bab352000: cdpl_compat_worker.c:597: in cdplWorkerLogInfo(): info: [runOneAcquisitionAdaptive XNR2D2 delay__A1__lh__ZN__hl__ACQ_1 job_616 ]
1748033824.254973: 24878-7f1bab352000: cdpl_worker.c:1208: in cdpl_wk_finalize(): info: finishing task T615
1748033824.265422: 24878-7f1b9ca33700: cdpl_worker.c:585: in cdpl_wk_listen(): debug: received ASSIGN message
1748033824.265433: 24878-7f1bab352000: cdpl_worker.c:1092: in cdpl_wk_wait_timeout(): info: starting task T642
1748033824.265442: 24878-7f1bab352000: cdpl_compat_worker.c:597: in cdplWorkerLogInfo(): info: [runOneAcquisitionAdaptive XOR2D1 delay__A1__hl__Z__hl__ACQ_1 job_643 ]
1748033830.120141: 24878-7f1bab352000: cdpl_worker.c:1208: in cdpl_wk_finalize(): info: finishing task T642
1748033830.120612: 24878-7f1b9ca33700: cdpl_worker.c:585: in cdpl_wk_listen(): debug: received ASSIGN message
1748033830.120622: 24878-7f1bab352000: cdpl_worker.c:1092: in cdpl_wk_wait_timeout(): info: starting task T663
1748033830.120631: 24878-7f1bab352000: cdpl_compat_worker.c:597: in cdplWorkerLogInfo(): info: [runOneAcquisitionAdaptive BUFFD0 delay__I__lh__Z__lh__ACQ_1 job_664 ]
1748033833.790184: 24878-7f1bab352000: cdpl_worker.c:1208: in cdpl_wk_finalize(): info: finishing task T663
1748033833.792427: 24878-7f1b9ca33700: cdpl_worker.c:585: in cdpl_wk_listen(): debug: received ASSIGN message
1748033833.792439: 24878-7f1bab352000: cdpl_worker.c:1092: in cdpl_wk_wait_timeout(): info: starting task T691
1748033833.792449: 24878-7f1bab352000: cdpl_compat_worker.c:597: in cdplWorkerLogInfo(): info: [runOneAcquisitionAdaptive BUFFD6 delay__I__lh__Z__lh__ACQ_1 job_692 ]
1748033839.054666: 24878-7f1bab352000: cdpl_worker.c:1208: in cdpl_wk_finalize(): info: finishing task T691
1748033839.055010: 24878-7f1b9ca33700: cdpl_worker.c:585: in cdpl_wk_listen(): debug: received ASSIGN message
1748033839.055021: 24878-7f1bab352000: cdpl_worker.c:1092: in cdpl_wk_wait_timeout(): info: starting task T728
1748033839.055030: 24878-7f1bab352000: cdpl_compat_worker.c:597: in cdplWorkerLogInfo(): info: [runOneAcquisitionAdaptive INVD3 delay__I__hl__ZN__lh__ACQ_1 job_729 ]
1748033842.309069: 24878-7f1bab352000: cdpl_worker.c:1208: in cdpl_wk_finalize(): info: finishing task T728
1748033858.047054: 24878-7f1b9ca33700: cdpl_worker.c:616: in cdpl_wk_listen(): debug: received RELAY message
1748033859.037329: 24878-7f1b9ca33700: cdpl_worker.c:585: in cdpl_wk_listen(): debug: received ASSIGN message
1748033859.043342: 24878-7f1bab352000: cdpl_worker.c:1092: in cdpl_wk_wait_timeout(): info: starting task T750
1748033859.109025: 24878-7f1bab352000: cdpl_compat_worker.c:597: in cdplWorkerLogInfo(): info: [modelOneCellAdaptive {MUX2D1 }]
1748033864.046267: 24878-7f1bab352000: cdpl_worker.c:1208: in cdpl_wk_finalize(): info: finishing task T750
1748033864.064462: 24878-7f1b9ca33700: cdpl_worker.c:585: in cdpl_wk_listen(): debug: received ASSIGN message
1748033864.064477: 24878-7f1bab352000: cdpl_worker.c:1092: in cdpl_wk_wait_timeout(): info: starting task T775
1748033864.064487: 24878-7f1bab352000: cdpl_compat_worker.c:597: in cdplWorkerLogInfo(): info: [modelOneCellAdaptive {OR2D0 }]
1748033868.253113: 24878-7f1bab352000: cdpl_worker.c:1208: in cdpl_wk_finalize(): info: finishing task T775
1748033868.253331: 24878-7f1b9ca33700: cdpl_worker.c:585: in cdpl_wk_listen(): debug: received ASSIGN message
1748033868.253341: 24878-7f1bab352000: cdpl_worker.c:1092: in cdpl_wk_wait_timeout(): info: starting task T800
1748033868.253351: 24878-7f1bab352000: cdpl_compat_worker.c:597: in cdplWorkerLogInfo(): info: [modelOneCellAdaptive {INVD2 }]
1748033870.538900: 24878-7f1bab352000: cdpl_worker.c:1208: in cdpl_wk_finalize(): info: finishing task T800
1748033893.898964: 24878-7f1b9ca33700: cdpl_worker.c:616: in cdpl_wk_listen(): debug: received RELAY message
1748033893.925425: 24878-7f1b9d234700: cdpl_ipc.c:606: in _readv(): warning: read(): EOF
1748033893.925445: 24878-7f1b9d234700: cdpl_ipc.c:1462: in _epoll_recv(): debug: _readv(): Broken pipe
1748033893.925449: 24878-7f1b9d234700: cdpl_ipc.c:1683: in _epoll_main(): debug: _epoll_recv(): Broken pipe
1748033893.925454: 24878-7f1b9d234700: cdpl_ipc.c:1061: in _host_drop__UNSAFE(): debug: dropping host `128.54.67.138:39943'
1748033893.925529: 24878-7f1b9ca33700: cdpl_worker.c:561: in cdpl_wk_listen(): debug: received DROP notification
1748033893.925537: 24878-7f1b9ca33700: cdpl_worker.c:565: in cdpl_wk_listen(): debug: we were dropped by the server
1748033893.925541: 24878-7f1b9ca33700: cdpl_worker.c:492: in _wk_kill(): debug: killing worker
1748033893.925545: 24878-7f1b9ca33700: cdpl_ipc.c:2481: in cdpl_ipc_kill(): debug: stopping event server
1748033893.925557: 24878-7f1b9ca33700: cdpl_worker.c:542: in cdpl_wk_listen(): debug: leaving now
1748033893.925713: 24878-7f1bab352000: cdpl_compat_worker.c:597: in cdplWorkerLogInfo(): info: [Worker shutdown. Code: 3]
1748033893.925759: 24878-7f1b9d234700: cdpl_ipc.c:1720: in _epoll_main(): debug: server going down...
1748033893.928394: 24878-7f1bab352000: cdpl_worker.c:856: in _wk_shutdown(): debug: waiting for heartbeat thread
1748033893.929233: 24878-7f1b9c232700: cdpl_worker.c:709: in cdpl_wk_heartbeat(): info: stopping heartbeat
1748033893.929830: 24878-7f1bab352000: cdpl_ipc.c:1781: in cdpl_ipc_host_release(): debug: releasing host `128.54.67.138:39943'
1748033893.929877: 24878-7f1bab352000: cdpl_ipc.c:2532: in cdpl_ipc_free(): debug: releasing IPC handle
1748033893.929885: 24878-7f1bab352000: cdpl_ipc.c:986: in _host_free__UNSAFE(): debug: freeing host `128.54.67.138:39943'
1748033893.929893: 24878-7f1bab352000: cdpl_ipc.c:1028: in _host_free__UNSAFE(): debug: [0 outq, 0 spR, 0 spW]
1748033893.929925: 24878-7f1bab352000: cdpl_ipc.c:2571: in cdpl_ipc_free(): debug: done
1748033893.929933: 24878-7f1bab352000: cdpl_worker.c:912: in cdpl_wk_free(): info: freed
1748033893.929940: 24878-7f1bab352000: cdpl_log.c:359: in cdpl_log_close(): debug: @@end_of_log@@
