Initial slack:	136.242981 ps
Initial leakage:	1.419642512014434 W
Final Sum/Max/Number of max capacitance violations: 0 / 0 / 0
Final Sum/Max/Number of max transition violations: 0 / 0 / 0
======================================
size_cell {FE_OCPC2404_n18959} {in01m20}
size_cell {FE_OCPC2407_n18959} {in01m10}
size_cell {FE_OCPC2407_n18959_dup} {in01m10}
size_cell {FE_OCPC2411_n18959} {in01m10}
size_cell {FE_OCPC2413_n19499} {in01m10}
size_cell {FE_OCPC2413_n19499_dup} {in01m20}
size_cell {FE_OCPC2414_n19499} {in01m20}
size_cell {FE_OCPC2423_FE_OFN186_n24453} {in01m20}
size_cell {FE_OCPC2435_n19632} {in01m10}
size_cell {FE_OCPC2447_n21745} {in01m10}
size_cell {FE_OCPC2447_n21745_dup} {in01m08}
size_cell {FE_OCPC2539_west_input_NIB_head_ptr_f_0} {in01m20}
size_cell {FE_OCPC2540_west_input_NIB_head_ptr_f_0} {in01m20}
size_cell {FE_OCPC2541_west_input_NIB_head_ptr_f_0} {in01m20}
size_cell {FE_OCPC2548_n18828_dup1} {in01m06}
size_cell {FE_OCPC2549_n23508} {in01m10}
size_cell {FE_OCPC2558_n19306} {in01m06}
size_cell {FE_OCPC2561_FE_RN_6} {in01m10}
size_cell {FE_OCPC2566_n19547} {in01m10}
size_cell {FE_OCPC2585_n18648} {in01m20}
size_cell {FE_OCPC2588_n18828} {in01m10}
size_cell {FE_OCPC2604_n19306_dup} {in01m20}
size_cell {FE_OCPC2611_n19504} {in01m20}
size_cell {FE_OCPC2623_n19498} {in01m20}
size_cell {FE_OCPC2624_n19498} {in01m10}
size_cell {FE_OCPC2627_n19550} {in01m20}
size_cell {FE_OCPC2630_n19914} {in01m08}
size_cell {FE_OCPC2631_n19914} {in01m10}
size_cell {FE_OCPC2632_n19914} {in01m20}
size_cell {FE_OCPC2634_n19914} {in01m10}
size_cell {FE_OCPC2645_n24965} {in01m08}
size_cell {FE_OCPC2652_n19071} {in01m20}
size_cell {FE_OCPC2655_n19071} {in01m10}
size_cell {FE_OCPC2656_n23612} {in01m10}
size_cell {FE_OCPC2657_n19501} {in01m10}
size_cell {FE_OCPC2658_n19501} {in01m20}
size_cell {FE_OCPC2659_n19501} {in01m20}
size_cell {FE_OCPC2660_n19501} {in01m20}
size_cell {FE_OCPC2662_n19595} {in01m20}
size_cell {FE_OCPC2666_n19595} {in01m08}
size_cell {FE_OCPC2672_n19595} {in01m06}
size_cell {FE_OCPC2676_n18039} {in01m20}
size_cell {FE_OCPC2688_n18039} {in01m10}
size_cell {FE_OCPC2696_n18039} {in01m10}
size_cell {FE_OCPC2701_proc_input_NIB_head_ptr_f_2} {in01m20}
size_cell {FE_OCPC2704_n19500} {in01m20}
size_cell {FE_OCPC2711_n19500} {in01m08}
size_cell {FE_OCPC2713_n19500} {in01m20}
size_cell {FE_OCPC2716_n24342} {in01m10}
size_cell {FE_OCPC2717_n24342} {in01m08}
size_cell {FE_OCPC2718_n24342} {in01m08}
size_cell {FE_OCPC2722_n24342} {in01m08}
size_cell {FE_OFC1109_n22273} {in01m06}
size_cell {FE_OFC110_n22771} {in01m06}
size_cell {FE_OFC1111_n22273} {in01m06}
size_cell {FE_OFC1113_n20814} {in01m06}
size_cell {FE_OFC1118_n20814} {in01m06}
size_cell {FE_OFC1133_n20796} {in01m06}
size_cell {FE_OFC1134_n20796} {in01m04}
size_cell {FE_OFC1146_n23737} {in01m08}
size_cell {FE_OFC1148_n23737} {in01m08}
size_cell {FE_OFC1149_n21174} {in01m06}
size_cell {FE_OFC1150_n21174} {in01m08}
size_cell {FE_OFC1151_n21174} {in01m06}
size_cell {FE_OFC1160_n21219} {in01m06}
size_cell {FE_OFC1161_n21219} {in01m08}
size_cell {FE_OFC1162_n21219} {in01m08}
size_cell {FE_OFC1168_n23050} {in01m08}
size_cell {FE_OFC1176_n20655} {in01m06}
size_cell {FE_OFC1178_n20655} {in01m08}
size_cell {FE_OFC1193_east_input_NIB_head_ptr_f_0} {in01m20}
size_cell {FE_OFC1200_n20152} {in01m20}
size_cell {FE_OFC1204_n21052} {in01m06}
size_cell {FE_OFC1205_n21052} {in01m08}
size_cell {FE_OFC1206_n18683} {in01m20}
size_cell {FE_OFC1207_n18683_dup} {in01m10}
size_cell {FE_OFC1208_n18683} {in01m10}
size_cell {FE_OFC1208_n18683_dup} {in01m10}
size_cell {FE_OFC1209_n18683} {in01m10}
size_cell {FE_OFC1210_n18683} {in01m20}
size_cell {FE_OFC1211_north_input_NIB_head_ptr_f_0} {in01m20}
size_cell {FE_OFC1227_n21914} {in01m06}
size_cell {FE_OFC1228_n21914} {in01m10}
size_cell {FE_OFC1229_n21914} {in01m06}
size_cell {FE_OFC1265_n23761} {in01m08}
size_cell {FE_OFC1268_n23761} {in01m06}
size_cell {FE_OFC1269_n23045} {in01m08}
size_cell {FE_OFC1272_n23045} {in01m08}
size_cell {FE_OFC1274_n20971} {in01m06}
size_cell {FE_OFC1275_n20971} {in01m06}
size_cell {FE_OFC1287_n21069} {in01m06}
size_cell {FE_OFC1292_n21069} {in01m08}
size_cell {FE_OFC1293_n21069} {in01m06}
size_cell {FE_OFC1294_n19075} {in01m10}
size_cell {FE_OFC1300_n19075} {in01m08}
size_cell {FE_OFC1301_n19075} {in01m10}
size_cell {FE_OFC1302_n19075} {in01m10}
size_cell {FE_OFC1303_n19075} {in01m08}
size_cell {FE_OFC1305_n19075} {in01m20}
size_cell {FE_OFC1340_n23101} {in01m08}
size_cell {FE_OFC1346_n23101} {in01m06}
size_cell {FE_OFC1347_n20995} {in01m06}
size_cell {FE_OFC1350_east_input_NIB_head_ptr_f_1} {in01m20}
size_cell {FE_OFC1359_n23089} {in01m08}
size_cell {FE_OFC1366_n20854} {in01m06}
size_cell {FE_OFC1376_n20854} {in01m04}
size_cell {FE_OFC1378_n22778} {in01m06}
size_cell {FE_OFC1380_n22778} {in01m06}
size_cell {FE_OFC1382_n22084} {in01m06}
size_cell {FE_OFC1383_n22084} {in01m08}
size_cell {FE_OFC1399_n22139} {in01m06}
size_cell {FE_OFC1400_n22139} {in01m08}
size_cell {FE_OFC1463_n22958} {in01m06}
size_cell {FE_OFC1483_myLocY_f_6} {in01m06}
size_cell {FE_OFC1489_n24921} {in01m06}
size_cell {FE_OFC1518_n19059} {in01m06}
size_cell {FE_OFC1520_n19059} {in01m06}
size_cell {FE_OFC1523_myChipID_f_7} {in01m10}
size_cell {FE_OFC1532_myChipID_f_8} {in01m10}
size_cell {FE_OFC1552_n20737} {in01m06}
size_cell {FE_OFC1568_n25232} {in01m08}
size_cell {FE_OFC1592_n22945} {in01m06}
size_cell {FE_OFC1619_n22945} {in01m06}
size_cell {FE_OFC1620_n22945} {in01m04}
size_cell {FE_OFC1633_myChipID_f_13} {in01m10}
size_cell {FE_OFC1641_n19871} {in01m10}
size_cell {FE_OFC1645_n20501} {in01m04}
size_cell {FE_OFC1649_n19020} {in01m06}
size_cell {FE_OFC1660_reset} {in01m06}
size_cell {FE_OFC1685_n21944} {in01m06}
size_cell {FE_OFC1687_n21944} {in01m06}
size_cell {FE_OFC1699_n18377} {in01m10}
size_cell {FE_OFC1700_n18377} {in01m20}
size_cell {FE_OFC1701_n22097} {in01m06}
size_cell {FE_OFC1702_n22097} {in01m08}
size_cell {FE_OFC1703_n22097} {in01m08}
size_cell {FE_OFC1706_n23739} {in01m08}
size_cell {FE_OFC1716_n25140} {in01m10}
size_cell {FE_OFC1726_n19507} {in01m20}
size_cell {FE_OFC1727_n21745} {in01m20}
size_cell {FE_OFC1739_n17934} {in01m20}
size_cell {FE_OFC1740_n17934} {in01m20}
size_cell {FE_OFC1741_n17934} {in01m10}
size_cell {FE_OFC1748_n22866} {in01m10}
size_cell {FE_OFC1749_n24002} {in01m10}
size_cell {FE_OFC1753_n19932} {in01m08}
size_cell {FE_OFC1755_n19932} {in01m20}
size_cell {FE_OFC1756_n19932} {in01m10}
size_cell {FE_OFC1757_n19932} {in01m20}
size_cell {FE_OFC1758_n19932} {in01m10}
size_cell {FE_OFC1761_north_input_NIB_head_ptr_f_1} {in01m10}
size_cell {FE_OFC1763_n23789} {in01m08}
size_cell {FE_OFC1765_n23789} {in01m04}
size_cell {FE_OFC1776_n23186} {in01m08}
size_cell {FE_OFC1782_n19003} {in01m08}
size_cell {FE_OFC1784_n21910} {in01m08}
size_cell {FE_OFC1790_n21910} {in01m06}
size_cell {FE_OFC1795_n18815} {in01m10}
size_cell {FE_OFC1796_n18815} {in01m20}
size_cell {FE_OFC1797_n18815} {in01m20}
size_cell {FE_OFC1798_n18815_dup} {in01m20}
size_cell {FE_OFC1799_n18815} {in01m20}
size_cell {FE_OFC1800_n18815} {in01m10}
size_cell {FE_OFC1802_n19505_dup} {in01m10}
size_cell {FE_OFC1805_south_input_NIB_head_ptr_f_1} {in01m20}
size_cell {FE_OFC1805_south_input_NIB_head_ptr_f_1_dup1} {in01m10}
size_cell {FE_OFC1817_n19056} {in01m06}
size_cell {FE_OFC1819_n20933} {in01m06}
size_cell {FE_OFC1820_n20933} {in01m06}
size_cell {FE_OFC1821_n20933} {in01m08}
size_cell {FE_OFC1824_n23540} {in01m10}
size_cell {FE_OFC1872_n19225} {in01m08}
size_cell {FE_OFC1873_n19225} {in01m10}
size_cell {FE_OFC1875_n19225} {in01m10}
size_cell {FE_OFC1884_n19073} {in01m08}
size_cell {FE_OFC1889_n19073} {in01m10}
size_cell {FE_OFC1892_n21748} {in01m10}
size_cell {FE_OFC1893_n21748} {in01m08}
size_cell {FE_OFC1894_n21748} {in01m08}
size_cell {FE_OFC1896_n21748} {in01m20}
size_cell {FE_OFC1903_reset} {in01m06}
size_cell {FE_OFC1906_n18960} {in01m10}
size_cell {FE_OFC1907_n18960} {in01m20}
size_cell {FE_OFC1908_n18960} {in01m20}
size_cell {FE_OFC1909_n18960} {in01m10}
size_cell {FE_OFC1910_n18960} {in01m10}
size_cell {FE_OFC1912_n25979} {in01m04}
size_cell {FE_OFC1914_n18762} {in01m08}
size_cell {FE_OFC1915_n18762} {in01m20}
size_cell {FE_OFC1961_n24645} {in01m04}
size_cell {FE_OFC1962_n24729} {in01m06}
size_cell {FE_OFC1977_n25499} {in01m06}
size_cell {FE_OFC1979_n25499} {in01m04}
size_cell {FE_OFC1990_myChipID_f_10} {in01m10}
size_cell {FE_OFC2026_n19482} {in01m06}
size_cell {FE_OFC2032_proc_input_NIB_head_ptr_f_3} {in01m20}
size_cell {FE_OFC2035_n21747} {in01m10}
size_cell {FE_OFC2039_n23992} {in01m10}
size_cell {FE_OFC2040_n24636} {in01m04}
size_cell {FE_OFC2041_n24027} {in01m04}
size_cell {FE_OFC2057_n21907} {in01m06}
size_cell {FE_OFC2058_n24584} {in01m04}
size_cell {FE_OFC2059_n24719} {in01m06}
size_cell {FE_OFC2068_n19064} {in01m08}
size_cell {FE_OFC2069_n18963} {in01m08}
size_cell {FE_OFC2072_n24751} {in01m04}
size_cell {FE_OFC2076_n24739} {in01m06}
size_cell {FE_OFC2080_n22773} {in01m08}
size_cell {FE_OFC2087_n19421} {in01m10}
size_cell {FE_OFC2114_n19655} {in01m10}
size_cell {FE_OFC2115_n19655} {in01m20}
size_cell {FE_OFC2118_n19655} {in01m10}
size_cell {FE_OFC2120_n19655} {in01m10}
size_cell {FE_OFC2121_myChipID_f_4} {in01m10}
size_cell {FE_OFC2125_n23576} {in01m04}
size_cell {FE_OFC2129_n19530} {in01m10}
size_cell {FE_OFC2130_n19530} {in01m10}
size_cell {FE_OFC2184_n20506} {in01m08}
size_cell {FE_OFC2199_n19508} {in01m20}
size_cell {FE_OFC2203_dataOut_E_2} {in01m04}
size_cell {FE_OFC2204_dataOut_S_2} {in01m04}
size_cell {FE_OFC2207_dataOut_W_17} {in01m04}
size_cell {FE_OFC2208_dataOut_S_13} {in01m04}
size_cell {FE_OFC2215_dataOut_E_5} {in01m04}
size_cell {FE_OFC2217_dataOut_S_5} {in01m04}
size_cell {FE_OFC2226_dataOut_S_33} {in01m04}
size_cell {FE_OFC2234_dataOut_P_19} {in01m04}
size_cell {FE_OFC2239_dataOut_W_19} {in01m04}
size_cell {FE_OFC2252_n19547} {in01m10}
size_cell {FE_OFC2260_n19508} {in01m20}
size_cell {FE_OFC2260_n19508_dup} {in01m20}
size_cell {FE_OFC2262_n19508} {in01m10}
size_cell {FE_OFC2264_n19508} {in01m10}
size_cell {FE_OFC2264_n19508_dup} {in01m10}
size_cell {FE_OFC2277_n22902} {in01m06}
size_cell {FE_OFC2279_n17814} {in01m20}
size_cell {FE_OFC2282_n17814} {in01m08}
size_cell {FE_OFC2283_n17814} {in01m10}
size_cell {FE_OFC2288_n17814} {in01m20}
size_cell {FE_OFC2289_n17814} {in01m10}
size_cell {FE_OFC2290_n19372} {in01m10}
size_cell {FE_OFC2292_n18151} {in01m20}
size_cell {FE_OFC2293_n18151} {in01m20}
size_cell {FE_OFC2356_FE_OFN1077_n17766} {in01m08}
size_cell {FE_OFC2360_FE_OFN1077_n17766} {in01m06}
size_cell {FE_OFC2365_FE_OFN1077_n17766} {in01m08}
size_cell {FE_OFC2369_FE_OFN582_n25619} {in01m06}
size_cell {FE_OFC2372_FE_OFN582_n25619} {in01m04}
size_cell {FE_OFC2378_FE_OFN448_n23236} {in01m06}
size_cell {FE_OFC2380_n17770} {in01m04}
size_cell {FE_OFC2386_n21053} {in01m06}
size_cell {FE_OFC2388_n21053} {in01m06}
size_cell {FE_OFC2389_n21053} {in01m06}
size_cell {FE_OFC2395_n23051} {in01m06}
size_cell {FE_OFC2398_n23051} {in01m04}
size_cell {FE_OFC247_n24982} {in01m08}
size_cell {FE_OFC2486_FE_OFN899_n17770} {in01m04}
size_cell {FE_OFC2506_FE_OFN24766_n21069} {in01m08}
size_cell {FE_OFC2517_n19446} {in01m08}
size_cell {FE_OFC2520_n19446} {in01m10}
size_cell {FE_OFC2528_n25395} {in01m04}
size_cell {FE_OFC2535_n25395} {in01m04}
size_cell {FE_OFC259_n25295} {in01m04}
size_cell {FE_OFC269_n25506} {in01m04}
size_cell {FE_OFC2726_n20135} {in01m06}
size_cell {FE_OFC389_n17786} {in01m06}
size_cell {FE_OFC42_n19022} {in01m04}
size_cell {FE_OFC432_n22945} {in01m04}
size_cell {FE_OFC436_n22958} {in01m04}
size_cell {FE_OFC44_n19054} {in01m04}
size_cell {FE_OFC524_n24728} {in01m04}
size_cell {FE_OFC555_n24761} {in01m04}
size_cell {FE_OFC575_n25463} {in01m06}
size_cell {FE_OFC577_n25498} {in01m04}
size_cell {FE_OFC5_reset} {in01m06}
size_cell {FE_RC_100_0} {no02m02}
size_cell {FE_RC_104_0} {ao22m02}
size_cell {FE_RC_108_0} {na03m02}
size_cell {FE_RC_114_0} {ao22m01}
size_cell {FE_RC_117_0} {no03m02}
size_cell {FE_RC_124_0} {ao22m01}
size_cell {FE_RC_127_0} {ao22m01}
size_cell {FE_RC_130_0} {na04m03}
size_cell {FE_RC_16_0} {ao22m08}
size_cell {FE_RC_21_0} {na03m06}
size_cell {FE_RC_26_0} {no02m06}
size_cell {FE_RC_29_0} {no03m08}
size_cell {FE_RC_30_0} {na02m08}
size_cell {FE_RC_40_0} {no03m08}
size_cell {FE_RC_41_0} {no04m06}
size_cell {FE_RC_42_0} {no02m08}
size_cell {FE_RC_43_0} {no02m06}
size_cell {FE_RC_52_0} {na03m04}
size_cell {FE_RC_53_0} {no04m06}
size_cell {FE_RC_5_0} {ao12m08}
size_cell {FE_RC_64_0} {no03m04}
size_cell {FE_RC_65_0} {na02m06}
size_cell {FE_RC_66_0} {no02m06}
size_cell {FE_RC_6_0} {no03m04}
size_cell {FE_RC_70_0} {na02m06}
size_cell {FE_RC_71_0} {in01m08}
size_cell {FE_RC_73_0} {na02m06}
size_cell {FE_RC_74_0} {na04m06}
size_cell {FE_RC_75_0} {ao12m06}
size_cell {FE_RC_78_0} {ao22m08}
size_cell {FE_RC_79_0} {no02m06}
size_cell {FE_RC_7_0} {no03m06}
size_cell {FE_RC_85_0} {na04m06}
size_cell {FE_RC_86_0} {na03m06}
size_cell {FE_RC_87_0} {no02m06}
size_cell {FE_RC_8_0} {no03m06}
size_cell {FE_RC_93_0} {na03m06}
size_cell {FE_RC_94_0} {no02m06}
size_cell {FE_RC_95_0} {no02m06}
size_cell {FE_RC_99_0} {na02m06}
size_cell {U18394} {oa12m04}
size_cell {U18436} {na03m08}
size_cell {U18438} {na02m06}
size_cell {U18456} {no03m04}
size_cell {U18569} {in01m04}
size_cell {U18573} {no02m04}
size_cell {U18575} {no02m06}
size_cell {U18576} {in01m04}
size_cell {U18583_dup} {no02m08}
size_cell {U18591} {in01m08}
size_cell {U18592} {ao12m04}
size_cell {U18593} {no02m08}
size_cell {U18594} {no04m03}
size_cell {U18600} {na04m04}
size_cell {U18601} {na04m04}
size_cell {U18602} {na04m02}
size_cell {U18603} {na04m04}
size_cell {U18604} {na04m04}
size_cell {U18605} {na04m02}
size_cell {U18606} {na04m04}
size_cell {U18607} {na04m02}
size_cell {U18608} {na04m04}
size_cell {U18609} {na04m02}
size_cell {U18610} {na04m03}
size_cell {U18611} {na04m03}
size_cell {U18612} {na04m03}
size_cell {U18613} {na04m03}
size_cell {U18615} {na04m04}
size_cell {U18616} {na04m04}
size_cell {U18617} {na04m02}
size_cell {U18618} {na04m04}
size_cell {U18619} {na04m03}
size_cell {U18620} {na04m02}
size_cell {U18621} {na04m02}
size_cell {U18623} {na04m02}
size_cell {U18624} {na04m04}
size_cell {U18625} {na04m03}
size_cell {U18626} {na04m03}
size_cell {U18627} {na04m03}
size_cell {U18628} {na04m04}
size_cell {U18629} {na04m03}
size_cell {U18631} {na04m02}
size_cell {U18632} {na04m04}
size_cell {U18633} {na04m03}
size_cell {U18634} {na04m02}
size_cell {U18635} {na04m03}
size_cell {U18636} {na04m04}
size_cell {U18637} {na04m02}
size_cell {U18638} {na04m04}
size_cell {U18639} {na04m02}
size_cell {U18640} {na04m04}
size_cell {U18641} {na04m02}
size_cell {U18642} {na04m02}
size_cell {U18643} {na04m03}
size_cell {U18644} {na04m04}
size_cell {U18645} {na04m03}
size_cell {U18646} {no02m08}
size_cell {U18653} {in01m04}
size_cell {U18656} {na03m10}
size_cell {U18658} {no04m04}
size_cell {U18661} {na03m06}
size_cell {U18662} {na02m10}
size_cell {U18663} {na03m08}
size_cell {U18664} {no03m04}
size_cell {U18665} {na02m06}
size_cell {U18666} {na02m08}
size_cell {U18671} {in01m08}
size_cell {U18672} {no03m06}
size_cell {U18690} {no03m06}
size_cell {U18693} {ao22m04}
size_cell {U18694} {in01m08}
size_cell {U18695} {in01m08}
size_cell {U18697} {no02m06}
size_cell {U18697_dup} {no02m06}
size_cell {U18699} {na03m08}
size_cell {U18701} {no03m04}
size_cell {U18702} {no02m10}
size_cell {U18703} {ao22m04}
size_cell {U18706} {na02m06}
size_cell {U18707} {no02m08}
size_cell {U18708} {oa12m08}
size_cell {U18713} {na02m06}
size_cell {U18722} {no02m08}
size_cell {U18725} {no02m06}
size_cell {U18726} {no02m08}
size_cell {U18727} {na02m04}
size_cell {U18729} {no03m04}
size_cell {U18734} {na02m03}
size_cell {U18735} {na02m03}
size_cell {U18736} {na02m03}
size_cell {U18738} {na02m03}
size_cell {U18739} {na02m04}
size_cell {U18743} {in01m08}
size_cell {U18744} {in01m08}
size_cell {U18745} {in01m08}
size_cell {U18752} {no03m04}
size_cell {U18755} {na02m08}
size_cell {U18757} {no02m04}
size_cell {U18758} {no02m06}
size_cell {U18762} {no02m08}
size_cell {U18765} {na02m08}
size_cell {U18775} {no02m10}
size_cell {U18778} {no02m08}
size_cell {U18779} {no03m08}
size_cell {U18780} {in01m08}
size_cell {U18781} {na02m06}
size_cell {U18783} {na03m08}
size_cell {U18788} {in01m08}
size_cell {U18789} {no02m08}
size_cell {U18791} {no02m08}
size_cell {U18797} {no02m10}
size_cell {U18798} {na02m06}
size_cell {U18801} {no02m08}
size_cell {U18804} {in01m08}
size_cell {U18806} {oa22m08}
size_cell {U18810} {no03m04}
size_cell {U18811} {na02m08}
size_cell {U18812} {oa12m03}
size_cell {U18813} {no02m08}
size_cell {U18816} {ao12m08}
size_cell {U18825} {no02m04}
size_cell {U18834} {na02m08}
size_cell {U18844} {in01m08}
size_cell {U18845} {no02m10}
size_cell {U18846} {na02m10}
size_cell {U18848} {no02m10}
size_cell {U18849} {na02m04}
size_cell {U18855} {na02m03}
size_cell {U18856} {no03m04}
size_cell {U18861} {na02m10}
size_cell {U18865} {na02m08}
size_cell {U18867} {ao12m08}
size_cell {U18874} {oa22m02}
size_cell {U18875} {no02m03}
size_cell {U18885} {na02m10}
size_cell {U18886} {na02m10}
size_cell {U18887} {in01m06}
size_cell {U18888} {in01m08}
size_cell {U18890} {no02m06}
size_cell {U18891} {no02m06}
size_cell {U18893} {no03m10}
size_cell {U18902} {ao12m03}
size_cell {U18905} {no04m04}
size_cell {U18909} {no02m08}
size_cell {U18913} {no03m02}
size_cell {U18915} {na02m06}
size_cell {U18918} {no02m06}
size_cell {U18919} {oa22m08}
size_cell {U18920} {no03m06}
size_cell {U18922} {oa12m08}
size_cell {U18923} {na02m08}
size_cell {U18925} {na02m06}
size_cell {U18926} {no02m08}
size_cell {U18934} {na02m04}
size_cell {U18936} {na04m04}
size_cell {U18947} {na03m06}
size_cell {U18948} {in01m10}
size_cell {U18952} {no02m08}
size_cell {U18954} {no02m06}
size_cell {U18955} {na02m10}
size_cell {U18956} {na02m10}
size_cell {U18957} {ao22m02}
size_cell {U18959} {no02m08}
size_cell {U18961} {ao22m02}
size_cell {U18964} {ao22m04}
size_cell {U18966} {no02m10}
size_cell {U18969} {no02m10}
size_cell {U18970} {na02m06}
size_cell {U18972} {no02m04}
size_cell {U18979} {ao22m02}
size_cell {U18980} {na02m06}
size_cell {U18990} {in01m08}
size_cell {U18995} {na02m04}
size_cell {U18996} {na02m04}
size_cell {U18998} {no03m06}
size_cell {U19002} {no03m06}
size_cell {U19003} {na04m08}
size_cell {U19004} {na04m08}
size_cell {U19006} {no02m08}
size_cell {U19007} {ao22m04}
size_cell {U19008} {no02m10}
size_cell {U19009} {na04m08}
size_cell {U19010} {na02m08}
size_cell {U19019} {no02m06}
size_cell {U19020} {na02m08}
size_cell {U19022} {na02m08}
size_cell {U19028} {ao22m04}
size_cell {U19029} {ao22m02}
size_cell {U19032} {ao22m02}
size_cell {U19033} {ao22m02}
size_cell {U19034} {ao22m02}
size_cell {U19036} {ao22m02}
size_cell {U19038} {ao22m02}
size_cell {U19039} {ao22m02}
size_cell {U19040} {ao22m02}
size_cell {U19042} {ao22m02}
size_cell {U19043} {ao22m02}
size_cell {U19046} {ao22m02}
size_cell {U19047} {ao22m02}
size_cell {U19048} {ao22m02}
size_cell {U19049} {ao22m02}
size_cell {U19050} {ao22m02}
size_cell {U19052} {ao22m02}
size_cell {U19053} {na02m06}
size_cell {U19054} {na02m08}
size_cell {U19056} {ao22m04}
size_cell {U19059} {ao22m08}
size_cell {U19060} {ao22m02}
size_cell {U19061} {no02m10}
size_cell {U19062} {na02m08}
size_cell {U19064} {ao22m02}
size_cell {U19067} {ao22m02}
size_cell {U19070} {na02m10}
size_cell {U19072} {na02m06}
size_cell {U19074} {na02m08}
size_cell {U19075} {no02m10}
size_cell {U19077} {na02m06}
size_cell {U19078} {no02m10}
size_cell {U19079} {na03m06}
size_cell {U19080} {ao22m02}
size_cell {U19084} {na02m06}
size_cell {U19085} {no02m08}
size_cell {U19088} {no02m08}
size_cell {U19091} {no02m10}
size_cell {U19096} {ao22m02}
size_cell {U19097} {ao22m02}
size_cell {U19098} {in01m10}
size_cell {U19100} {ao22m02}
size_cell {U19101} {ao22m02}
size_cell {U19104} {na02m08}
size_cell {U19105} {ao22m03}
size_cell {U19106} {ao22m02}
size_cell {U19109} {na02m06}
size_cell {U19112} {ao22m02}
size_cell {U19113} {ao22m02}
size_cell {U19114} {ao22m02}
size_cell {U19117} {ao22m08}
size_cell {U19118} {ao22m04}
size_cell {U19119} {ao22m04}
size_cell {U19120} {ao22m06}
size_cell {U19121} {na02m06}
size_cell {U19123} {ao22m06}
size_cell {U19124} {ao22m08}
size_cell {U19126} {ao22m04}
size_cell {U19127} {ao22m06}
size_cell {U19128} {ao22m04}
size_cell {U19129} {ao22m06}
size_cell {U19130} {oa22m02}
size_cell {U19131} {in01m10}
size_cell {U19132} {in01m08}
size_cell {U19133} {in01m10}
size_cell {U19135} {in01m10}
size_cell {U19136} {na03m10}
size_cell {U19142} {ao22m02}
size_cell {U19143} {ao22m08}
size_cell {U19144} {ao22m06}
size_cell {U19149} {ao22m08}
size_cell {U19150} {ao22m06}
size_cell {U19151} {ao22m06}
size_cell {U19152} {no02m08}
size_cell {U19153} {ao22m04}
size_cell {U19154} {no02m10}
size_cell {U19155} {oa22m08}
size_cell {U19157} {na02m10}
size_cell {U19158} {no02m06}
size_cell {U19159} {oa22m08}
size_cell {U19161} {na02m08}
size_cell {U19162} {ao22m06}
size_cell {U19163} {ao22m04}
size_cell {U19164} {no02m10}
size_cell {U19165} {ao22m04}
size_cell {U19166} {no02m10}
size_cell {U19167} {no02m08}
size_cell {U19170} {no02m08}
size_cell {U19171} {no02m06}
size_cell {U19172} {no02m08}
size_cell {U19173} {ao22m04}
size_cell {U19174} {no02m06}
size_cell {U19175} {na02m06}
size_cell {U19177} {no02m04}
size_cell {U19178} {ao22m06}
size_cell {U19179} {na02m06}
size_cell {U19181} {no02m08}
size_cell {U19182} {ao22m06}
size_cell {U19183} {na02m08}
size_cell {U19184} {no02m08}
size_cell {U19187} {na02m10}
size_cell {U19188} {oa22m04}
size_cell {U19189} {ao12m04}
size_cell {U19190} {na02m06}
size_cell {U19191} {ao22m06}
size_cell {U19192} {ao22m04}
size_cell {U19194} {ao22m06}
size_cell {U19195} {ao22m02}
size_cell {U19196} {ao22m03}
size_cell {U19197} {ao22m04}
size_cell {U19198} {ao22m06}
size_cell {U19206} {no02m06}
size_cell {U19209} {ao22m04}
size_cell {U19212} {oa22m02}
size_cell {U19213} {no02m08}
size_cell {U19216} {na02m08}
size_cell {U19217} {na02m10}
size_cell {U19219} {no02m06}
size_cell {U19220} {ao22m06}
size_cell {U19221} {na02m08}
size_cell {U19222} {ao22m04}
size_cell {U19223} {na02m06}
size_cell {U19224} {ao22m04}
size_cell {U19225} {ao22m04}
size_cell {U19227} {no02m06}
size_cell {U19228} {ao22m04}
size_cell {U19230} {ao22m08}
size_cell {U19233} {ao22m06}
size_cell {U19236} {in01m10}
size_cell {U19240} {ao22m08}
size_cell {U19241} {in01m10}
size_cell {U19244} {na02m08}
size_cell {U19245} {ao22m06}
size_cell {U19249} {ao22m04}
size_cell {U19251} {in01m10}
size_cell {U19252} {ao22m04}
size_cell {U19253} {in01m08}
size_cell {U19254} {ao22m04}
size_cell {U19256} {ao22m04}
size_cell {U19258} {ao22m04}
size_cell {U19263} {na02m08}
size_cell {U19265} {no02m06}
size_cell {U19266} {no02m08}
size_cell {U19267} {no02m08}
size_cell {U19268} {no02m06}
size_cell {U19269} {na02m06}
size_cell {U19270} {no02m06}
size_cell {U19276} {no02m10}
size_cell {U19278} {no02m06}
size_cell {U19280} {ao22m08}
size_cell {U19284} {ao22m04}
size_cell {U19286} {ao22m04}
size_cell {U19290} {oa12m06}
size_cell {U19291} {na02m06}
size_cell {U19293} {na02m08}
size_cell {U19294} {ao22m04}
size_cell {U19299} {na02m06}
size_cell {U19300} {ao22m08}
size_cell {U19301} {ao22m08}
size_cell {U19305} {no02m06}
size_cell {U19312} {ao22m02}
size_cell {U19313} {in01m06}
size_cell {U19317} {ao22m02}
size_cell {U19318} {ao22m06}
size_cell {U19320} {no02m10}
size_cell {U19321} {ao22m04}
size_cell {U19322} {ao22m06}
size_cell {U19326} {oa12m04}
size_cell {U19327} {ao22m03}
size_cell {U19328} {no02m08}
size_cell {U19333} {na02m08}
size_cell {U19334} {ao22m04}
size_cell {U19335} {na02m08}
size_cell {U19337} {ao22m04}
size_cell {U19338} {na02m06}
size_cell {U19348} {oa22m03}
size_cell {U19349} {oa22m04}
size_cell {U19350} {oa22m04}
size_cell {U19351} {oa22m04}
size_cell {U19353} {ao22m02}
size_cell {U19354} {ao22m04}
size_cell {U19356} {oa22m04}
size_cell {U19357} {oa22m04}
size_cell {U19358} {ao22m06}
size_cell {U19359} {ao22m06}
size_cell {U19360} {ao22m06}
size_cell {U19361} {ao22m04}
size_cell {U19362} {ao22m04}
size_cell {U19364} {oa22m04}
size_cell {U19367} {ao22m02}
size_cell {U19368} {ao22m02}
size_cell {U19372} {na02m06}
size_cell {U19373} {ao22m06}
size_cell {U19374} {oa22m04}
size_cell {U19376} {ao22m04}
size_cell {U19377} {ao22m04}
size_cell {U19378} {ao22m04}
size_cell {U19379} {ao22m02}
size_cell {U19383} {ao22m06}
size_cell {U19384} {oa22m04}
size_cell {U19385} {oa22m04}
size_cell {U19386} {oa22m06}
size_cell {U19387} {in01m10}
size_cell {U19388} {oa22m04}
size_cell {U19389} {in01m10}
size_cell {U19390} {ao22m04}
size_cell {U19391} {in01m10}
size_cell {U19394} {ao22m04}
size_cell {U19396} {ao22m04}
size_cell {U19397} {ao22m06}
size_cell {U19398} {ao22m06}
size_cell {U19399} {ao22m02}
size_cell {U19402} {ao22m04}
size_cell {U19406} {no02m08}
size_cell {U19407} {no02m08}
size_cell {U19411} {ao22m04}
size_cell {U19412} {ao22m04}
size_cell {U19413} {no02m10}
size_cell {U19415} {ao22m02}
size_cell {U19419} {na02m08}
size_cell {U19420} {na02m08}
size_cell {U19421} {ao22m04}
size_cell {U19422} {oa22m04}
size_cell {U19423} {oa22m03}
size_cell {U19424} {in01m06}
size_cell {U19425} {ao22m03}
size_cell {U19430} {no02m06}
size_cell {U19432} {no02m06}
size_cell {U19434} {oa12m03}
size_cell {U19436} {ao22m06}
size_cell {U19445} {ao22m06}
size_cell {U19446} {ao22m04}
size_cell {U19447} {ao22m04}
size_cell {U19448} {ao22m04}
size_cell {U19449} {in01m06}
size_cell {U19454} {no02m10}
size_cell {U19455} {no02m10}
size_cell {U19456} {ao22m04}
size_cell {U19458} {na02m10}
size_cell {U19459} {na02m06}
size_cell {U19460} {na02m08}
size_cell {U19468} {ao22m04}
size_cell {U19469} {no02m08}
size_cell {U19478} {ao22m02}
size_cell {U19480} {ao22m02}
size_cell {U19482} {ao22m06}
size_cell {U19494} {ao22m08}
size_cell {U19495} {oa22m04}
size_cell {U19496} {oa22m04}
size_cell {U19497} {ao22m04}
size_cell {U19498} {ao22m08}
size_cell {U19499} {no02m10}
size_cell {U19500} {no02m06}
size_cell {U19501} {ao22m06}
size_cell {U19502} {no02m06}
size_cell {U19503} {ao22m08}
size_cell {U19505} {no02m10}
size_cell {U19507} {no02m10}
size_cell {U19510} {oa22m02}
size_cell {U19513} {oa22m04}
size_cell {U19514} {in01m10}
size_cell {U19515} {in01m10}
size_cell {U19516} {in01m10}
size_cell {U19517} {in01m10}
size_cell {U19518} {ao22m06}
size_cell {U19521} {ao22m08}
size_cell {U19522} {oa22m03}
size_cell {U19524} {no02m10}
size_cell {U19525} {no02m10}
size_cell {U19526} {no02m08}
size_cell {U19528} {na02m06}
size_cell {U19544} {ao22m06}
size_cell {U19547} {na02m08}
size_cell {U19551} {na02m06}
size_cell {U19555} {na02m10}
size_cell {U19556} {ao12m06}
size_cell {U19557} {na02m10}
size_cell {U19590} {na02m10}
size_cell {U19600} {ao22m06}
size_cell {U19612} {na02m10}
size_cell {U19613} {na02m06}
size_cell {U19614} {na02m06}
size_cell {U19616} {no02m06}
size_cell {U19617} {na02m08}
size_cell {U19618} {in01m10}
size_cell {U19625} {ao22m08}
size_cell {U19630} {ao22m06}
size_cell {U19631} {no02s20}
size_cell {U19635} {na02m06}
size_cell {U19638} {no02s10}
size_cell {U19660} {no02s10}
size_cell {U19664} {na02m10}
size_cell {U19665} {no02s10}
size_cell {U19667} {no02m06}
size_cell {U19683} {no02m06}
size_cell {U19684} {na02m10}
size_cell {U19685} {na02m10}
size_cell {U19686} {na02m10}
size_cell {U19687} {no02m10}
size_cell {U19688} {no02m10}
size_cell {U19693} {oa12m08}
size_cell {U19694} {no04m04}
size_cell {U19696} {no02m10}
size_cell {U19697} {ao22m08}
size_cell {U19699} {na02m10}
size_cell {U19700} {na02m04}
size_cell {U19702} {na02m08}
size_cell {U19703} {na02m10}
size_cell {U19704} {ao22m06}
size_cell {U19705} {ao22m04}
size_cell {U19707} {no03m08}
size_cell {U19709} {na02m10}
size_cell {U19711} {no02m08}
size_cell {U19712} {no03m04}
size_cell {U19713} {ao22m08}
size_cell {U19714} {na02m08}
size_cell {U19715} {na02m06}
size_cell {U19717} {no02m08}
size_cell {U19718} {ao22m06}
size_cell {U19721} {no02m08}
size_cell {U19722} {na03m06}
size_cell {U19723} {na02m08}
size_cell {U19724} {ao22m02}
size_cell {U19726} {ao22m04}
size_cell {U19727} {ao22m04}
size_cell {U19728} {ao22m04}
size_cell {U19729} {ao22m04}
size_cell {U19731} {ao22m04}
size_cell {U19733} {na02m08}
size_cell {U19734} {oa22m04}
size_cell {U19736} {no02m06}
size_cell {U19738} {no02m06}
size_cell {U19739} {na02m08}
size_cell {U19740} {no02m10}
size_cell {U19741} {ao22m02}
size_cell {U19743} {in01m08}
size_cell {U19745} {na02m08}
size_cell {U19746} {ao22m02}
size_cell {U19747} {ao22m02}
size_cell {U19751} {ao22m06}
size_cell {U19752} {na02m06}
size_cell {U19754} {oa12m04}
size_cell {U19756} {ao12m04}
size_cell {U19758} {no02m08}
size_cell {U19759} {no02m08}
size_cell {U19761} {na03m10}
size_cell {U19778} {in01m08}
size_cell {U19800} {na02m03}
size_cell {U19801} {na02m08}
size_cell {U19802} {ao22m06}
size_cell {U19803} {ao22m08}
size_cell {U19804} {no02m10}
size_cell {U19805} {ao22m06}
size_cell {U19806} {no02m10}
size_cell {U19811} {no02m10}
size_cell {U19812} {no02m08}
size_cell {U19813} {ao12m08}
size_cell {U19821} {oa12m06}
size_cell {U19826} {oa12m08}
size_cell {U19827} {ao22m08}
size_cell {U19832} {na03m04}
size_cell {U19839} {na03m06}
size_cell {U19842} {no02m06}
size_cell {U19844} {na02m08}
size_cell {U19845} {ao22m08}
size_cell {U19847} {no02m08}
size_cell {U19852} {na03m06}
size_cell {U19865} {oa12m02}
size_cell {U19869} {na03m02}
size_cell {U19870} {na03m02}
size_cell {U19873} {na03m02}
size_cell {U19874} {na03m02}
size_cell {U19877} {na03m02}
size_cell {U19887} {oa12m04}
size_cell {U19891} {no02m08}
size_cell {U19895} {na02m08}
size_cell {U19904} {no02m06}
size_cell {U19905} {no02m04}
size_cell {U19906} {no02m04}
size_cell {U19907} {no02m06}
size_cell {U19908} {no02m06}
size_cell {U19910} {no02m04}
size_cell {U19912} {no02m06}
size_cell {U19914} {no02m04}
size_cell {U19915} {no02m04}
size_cell {U19916} {no02m06}
size_cell {U19917} {na02m03}
size_cell {U19919} {no02m08}
size_cell {U19920} {no02m06}
size_cell {U19921} {no02m06}
size_cell {U19922} {in01m08}
size_cell {U19924} {na02m08}
size_cell {U19926} {na02m06}
size_cell {U19928} {na02m08}
size_cell {U19930} {no02m06}
size_cell {U19931} {no02m06}
size_cell {U19935} {no02m04}
size_cell {U19937} {no02m04}
size_cell {U19938} {no02m04}
size_cell {U19945} {in01m10}
size_cell {U19948} {na02m08}
size_cell {U19955} {no02m04}
size_cell {U19961} {na02m08}
size_cell {U19965} {in01m08}
size_cell {U19966} {no02m04}
size_cell {U19968} {na02m08}
size_cell {U19970} {in01m08}
size_cell {U19972} {na02m06}
size_cell {U19973} {na02m02}
size_cell {U19977} {na02m08}
size_cell {U19980} {no03m08}
size_cell {U19981} {na02m10}
size_cell {U19983} {na02m10}
size_cell {U19984} {in01m08}
size_cell {U19994} {na02m06}
size_cell {U19995} {ao22m01}
size_cell {U20000} {in01m04}
size_cell {U20008} {oa22m02}
size_cell {U20009} {oa22m02}
size_cell {U20011} {in01m06}
size_cell {U20014} {na02m06}
size_cell {U20027} {in01m03}
size_cell {U20033} {in01m03}
size_cell {U20040} {in01m03}
size_cell {U20067} {na02m08}
size_cell {U20069} {na03m10}
size_cell {U20078} {ao22m04}
size_cell {U20079} {no02m06}
size_cell {U20080} {no03m08}
size_cell {U20081} {ao22m06}
size_cell {U20087} {na02m06}
size_cell {U20091} {ao12m04}
size_cell {U20094} {ao12m04}
size_cell {U20095} {no02m08}
size_cell {U20097} {oa12m04}
size_cell {U20099} {na02m10}
size_cell {U20101} {in01m08}
size_cell {U20103} {ao12m04}
size_cell {U20103_dup} {ao12m08}
size_cell {U20104} {na02m10}
size_cell {U20105} {no04m04}
size_cell {U20106} {in01m08}
size_cell {U20107} {na02m08}
size_cell {U20115} {na02m10}
size_cell {U20116} {na02m08}
size_cell {U20117} {na02m10}
size_cell {U20120} {ao22m01}
size_cell {U20121} {na02m06}
size_cell {U20128} {na02m06}
size_cell {U20131} {na02m06}
size_cell {U20135} {na02m08}
size_cell {U20137} {no02m06}
size_cell {U20138} {no02m06}
size_cell {U20139} {na02m10}
size_cell {U20140} {na02m06}
size_cell {U20141} {no02m06}
size_cell {U20142} {no02m06}
size_cell {U20144} {no02m06}
size_cell {U20146} {no02m08}
size_cell {U20154} {na02m08}
size_cell {U20155} {no02m10}
size_cell {U20156} {ao22m01}
size_cell {U20157} {no02m08}
size_cell {U20159} {no02m08}
size_cell {U20160} {no02m06}
size_cell {U20161} {ao22m01}
size_cell {U20163} {no02m06}
size_cell {U20164} {na02m08}
size_cell {U20165} {ao22m01}
size_cell {U20167} {no02m10}
size_cell {U20168} {no02m10}
size_cell {U20169} {in01m08}
size_cell {U20171} {no02m08}
size_cell {U20172} {no02m06}
size_cell {U20173} {na02m08}
size_cell {U20175} {ao22m01}
size_cell {U20178} {ao22m01}
size_cell {U20179} {na02m08}
size_cell {U20182} {na04m04}
size_cell {U20183} {no02m08}
size_cell {U20184} {no02m06}
size_cell {U20186} {ao22m01}
size_cell {U20187} {ao22m01}
size_cell {U20188} {ao22m01}
size_cell {U20189} {na02m08}
size_cell {U20190} {ao22m01}
size_cell {U20191} {na02m08}
size_cell {U20192} {ao22m01}
size_cell {U20194} {ao22m01}
size_cell {U20196} {ao22m01}
size_cell {U20197} {ao22m01}
size_cell {U20199} {ao22m01}
size_cell {U20201} {ao22m01}
size_cell {U20204} {na02m04}
size_cell {U20207} {na02m04}
size_cell {U20207_dup} {na02m10}
size_cell {U20208} {na02m06}
size_cell {U20211} {na02m10}
size_cell {U20214} {na02m08}
size_cell {U20217} {na02m08}
size_cell {U20219} {no03m10}
size_cell {U20221} {na02m10}
size_cell {U20238} {in01m04}
size_cell {U20239} {oa22m02}
size_cell {U20249} {no02m08}
size_cell {U20252} {in01m08}
size_cell {U20266} {no03m04}
size_cell {U20272} {in01m08}
size_cell {U20275} {no02m06}
size_cell {U20279} {oa22m08}
size_cell {U20280} {na02m06}
size_cell {U20284} {no02m06}
size_cell {U20286} {no02m06}
size_cell {U20287} {no02m08}
size_cell {U20288} {ao22m04}
size_cell {U20289} {ao12m04}
size_cell {U20296} {na02m10}
size_cell {U20298} {na04m02}
size_cell {U20301} {no02m08}
size_cell {U20311} {oa12m02}
size_cell {U20317} {oa12m02}
size_cell {U20321} {oa12m02}
size_cell {U20325} {no02m06}
size_cell {U20329} {oa12m02}
size_cell {U20336} {oa22m01}
size_cell {U20355} {oa22m01}
size_cell {U20359} {na02m08}
size_cell {U20370} {oa22m01}
size_cell {U20374} {oa22m01}
size_cell {U20379} {oa12m02}
size_cell {U20381} {oa12m02}
size_cell {U20385} {oa12m02}
size_cell {U20395} {oa12m02}
size_cell {U20404} {ao22m01}
size_cell {U20405} {ao22m01}
size_cell {U20407} {oa22m01}
size_cell {U20409} {ao22m01}
size_cell {U20411} {ao22m01}
size_cell {U20412} {ao22m01}
size_cell {U20414} {ao22m01}
size_cell {U20415} {ao22m01}
size_cell {U20416} {ao22m01}
size_cell {U20419} {ao22m01}
size_cell {U20420} {ao22m01}
size_cell {U20421} {ao22m01}
size_cell {U20422} {ao22m01}
size_cell {U20423} {ao22m01}
size_cell {U20424} {ao22m01}
size_cell {U20427} {na02m06}
size_cell {U20428} {ao22m01}
size_cell {U20429} {ao22m01}
size_cell {U20430} {ao22m01}
size_cell {U20431} {no02m06}
size_cell {U20435} {ao22m01}
size_cell {U20436} {ao22m01}
size_cell {U20437} {ao22m01}
size_cell {U20440} {oa12m04}
size_cell {U20441} {ao22m01}
size_cell {U20442} {ao22m01}
size_cell {U20443} {ao22m01}
size_cell {U20444} {ao22m01}
size_cell {U20445} {ao22m01}
size_cell {U20447} {ao22m01}
size_cell {U20448} {ao22m01}
size_cell {U20449} {ao22m01}
size_cell {U20450} {ao22m01}
size_cell {U20451} {ao22m01}
size_cell {U20452} {no02m08}
size_cell {U20453} {ao22m01}
size_cell {U20455} {ao22m01}
size_cell {U20456} {ao22m01}
size_cell {U20457} {ao22m01}
size_cell {U20460} {ao22m01}
size_cell {U20461} {no02m06}
size_cell {U20462} {ao22m01}
size_cell {U20463} {ao22m01}
size_cell {U20464} {ao22m01}
size_cell {U20465} {oa22m01}
size_cell {U20467} {oa22m01}
size_cell {U20468} {oa22m01}
size_cell {U20470} {ao22m01}
size_cell {U20471} {oa22m01}
size_cell {U20472} {oa22m01}
size_cell {U20473} {oa22m01}
size_cell {U20474} {oa22m01}
size_cell {U20476} {oa22m01}
size_cell {U20477} {oa22m01}
size_cell {U20478} {oa22m01}
size_cell {U20479} {ao22m01}
size_cell {U20480} {oa22m01}
size_cell {U20481} {oa22m01}
size_cell {U20483} {oa22m01}
size_cell {U20486} {oa22m01}
size_cell {U20489} {na02m04}
size_cell {U20490} {oa22m01}
size_cell {U20492} {oa22m01}
size_cell {U20493} {oa22m01}
size_cell {U20494} {oa22m01}
size_cell {U20495} {oa22m01}
size_cell {U20496} {oa22m01}
size_cell {U20497} {oa22m01}
size_cell {U20499} {oa22m01}
size_cell {U20500} {oa22m01}
size_cell {U20504} {ao22m01}
size_cell {U20505} {ao22m01}
size_cell {U20507} {oa22m01}
size_cell {U20509} {no02m06}
size_cell {U20510} {oa22m01}
size_cell {U20511} {oa22m01}
size_cell {U20512} {oa22m01}
size_cell {U20513} {oa22m01}
size_cell {U20514} {oa22m01}
size_cell {U20515} {oa22m01}
size_cell {U20516} {oa22m01}
size_cell {U20517} {oa22m01}
size_cell {U20518} {oa22m01}
size_cell {U20519} {oa22m01}
size_cell {U20524} {na02m06}
size_cell {U20526} {oa22m01}
size_cell {U20528} {oa22m01}
size_cell {U20529} {oa22m01}
size_cell {U20530} {no03m10}
size_cell {U20531} {ao22m01}
size_cell {U20534} {oa22m01}
size_cell {U20535} {oa22m01}
size_cell {U20536} {oa22m01}
size_cell {U20537} {oa22m01}
size_cell {U20538} {oa22m01}
size_cell {U20539} {oa22m01}
size_cell {U20540} {oa22m01}
size_cell {U20541} {oa22m01}
size_cell {U20543} {oa22m01}
size_cell {U20545} {oa22m01}
size_cell {U20546} {oa22m01}
size_cell {U20547} {oa22m01}
size_cell {U20548} {oa22m01}
size_cell {U20549} {oa22m01}
size_cell {U20551} {oa22m01}
size_cell {U20552} {oa22m01}
size_cell {U20554} {no02m10}
size_cell {U20557} {oa22m01}
size_cell {U20558} {oa22m01}
size_cell {U20559} {ao12m06}
size_cell {U20560} {oa22m01}
size_cell {U20561} {oa22m01}
size_cell {U20562} {no02m06}
size_cell {U20564} {oa22m01}
size_cell {U20566} {ao22m01}
size_cell {U20570} {oa22m01}
size_cell {U20571} {oa22m01}
size_cell {U20572} {oa22m01}
size_cell {U20573} {oa22m01}
size_cell {U20574} {oa22m01}
size_cell {U20575} {oa22m01}
size_cell {U20576} {oa22m01}
size_cell {U20577} {oa22m01}
size_cell {U20578} {oa22m01}
size_cell {U20579} {oa22m01}
size_cell {U20581} {oa22m01}
size_cell {U20583} {oa22m01}
size_cell {U20584} {oa22m01}
size_cell {U20585} {oa22m01}
size_cell {U20587} {oa22m01}
size_cell {U20589} {oa22m01}
size_cell {U20590} {oa22m01}
size_cell {U20591} {na02m08}
size_cell {U20592} {oa22m01}
size_cell {U20593} {na02m06}
size_cell {U20594} {oa22m01}
size_cell {U20595} {oa22m01}
size_cell {U20596} {oa22m01}
size_cell {U20597} {oa22m01}
size_cell {U20598} {oa22m01}
size_cell {U20599} {oa22m01}
size_cell {U20600} {ao22m01}
size_cell {U20603} {oa22m01}
size_cell {U20606} {oa22m01}
size_cell {U20607} {oa22m01}
size_cell {U20609} {na02m06}
size_cell {U20611} {oa22m01}
size_cell {U20613} {no02m08}
size_cell {U20614} {oa22m01}
size_cell {U20624} {ao22m01}
size_cell {U20628} {ao22m01}
size_cell {U20630} {oa22m01}
size_cell {U20631} {oa22m01}
size_cell {U20632} {oa22m01}
size_cell {U20635} {oa22m01}
size_cell {U20636} {oa22m01}
size_cell {U20637} {no02m04}
size_cell {U20642} {oa22m01}
size_cell {U20643} {oa22m01}
size_cell {U20644} {oa22m01}
size_cell {U20646} {oa22m01}
size_cell {U20647} {oa22m01}
size_cell {U20648} {oa22m01}
size_cell {U20649} {oa22m01}
size_cell {U20651} {oa22m01}
size_cell {U20657} {no02m06}
size_cell {U20658} {ao22m01}
size_cell {U20659} {no02m08}
size_cell {U20660} {na02m08}
size_cell {U20662} {ao22m01}
size_cell {U20663} {no02m06}
size_cell {U20664} {no02m06}
size_cell {U20665} {ao22m01}
size_cell {U20666} {no02m08}
size_cell {U20667} {ao22m01}
size_cell {U20668} {ao22m01}
size_cell {U19346} {ao22s20}
size_cell {U19274} {ao22s20}
size_cell {FE_RC_55_0} {ao22s20}
size_cell {U19545} {ao22s20}
size_cell {FE_RC_33_0} {ao22s20}
size_cell {U19531} {ao22s20}
size_cell {FE_RC_61_0} {ao22s20}
size_cell {FE_RC_38_0} {ao22s20}
size_cell {U19426} {ao22s20}
size_cell {U19370} {ao22s20}
size_cell {U19231} {ao22s20}
size_cell {U19611} {no03s20}
size_cell {U19662} {no03s20}
size_cell {U18870} {ao12s20}
size_cell {U19776} {no03s20}
size_cell {U19234} {ao22s10}
size_cell {FE_RC_46_0} {na04s20}
size_cell {U19511} {oa22s10}
size_cell {U19762} {na04s20}
size_cell {U19021} {no02s20}
size_cell {U19621} {na02s20}
size_cell {U19435} {ao22s10}
size_cell {FE_RC_84_0} {ao22s10}
size_cell {U19017} {no02s20}
size_cell {U19243} {ao22s10}
size_cell {FE_OFC2183_n20506} {in01s40}
size_cell {FE_OCPC2610_n19306_dup} {in01s40}
size_cell {FE_OCPC2610_n19306} {in01s40}
size_cell {FE_OCPC2604_n19306} {in01s40}
size_cell {FE_OFC1761_north_input_NIB_head_ptr_f_1_dup} {in01s40}
size_cell {U19226} {ao22s10}
size_cell {FE_OCPC2633_n19914} {in01s40}
size_cell {FE_RC_56_0} {ao22s10}
size_cell {U19417} {ao22s10}
size_cell {U19749} {no03s20}
size_cell {U20122} {na03s20}
size_cell {FE_OCPC2628_n19914} {in01s40}
size_cell {FE_OCPC2674_n19595} {in01s40}
size_cell {FE_RC_54_0} {oa22s10}
size_cell {FE_OCPC2635_n24965} {in01s40}
size_cell {FE_OCPC2584_n18648} {in01s40}
size_cell {FE_RC_51_0} {ao22s10}
size_cell {FE_RC_62_0} {ao22s10}
size_cell {FE_RC_98_0} {ao22s10}
size_cell {U19016} {ao22s10}
size_cell {U19148} {ao22s10}
size_cell {FE_RC_76_0} {oa22s10}
size_cell {FE_OCPC2654_n19071} {in01s40}
size_cell {FE_OCPC2621_n24342} {in01s40}
size_cell {U18843} {oa22s10}
size_cell {U19371} {ao22s10}
size_cell {FE_RC_69_0} {ao22s10}
size_cell {U19262} {ao22s10}
size_cell {FE_OFC1105_n18131} {in01s40}
size_cell {FE_OCPC2626_n19980} {in01s40}
size_cell {FE_OCPC2434_west_input_NIB_head_ptr_f_1} {in01s40}
size_cell {U20588} {no03s20}
size_cell {FE_OCPC2584_n18648_dup} {in01s40}
size_cell {U19467} {ao22s10}
size_cell {FE_OFC1911_n18960} {in01s40}
size_cell {FE_OCPC2583_n18648} {in01s40}
size_cell {FE_OFC1805_south_input_NIB_head_ptr_f_1_dup} {in01s40}
size_cell {FE_OCPC2612_n19504} {in01s40}
size_cell {FE_OCPC2543_west_input_NIB_head_ptr_f_0} {in01s40}
size_cell {FE_OCPC2699_n21739} {in01s40}
size_cell {FE_OCPC2625_n19498} {in01s40}
size_cell {FE_RC_39_0} {oa22s10}
size_cell {FE_OCPC2661_n21747} {in01s40}
size_cell {FE_OCPC2627_n19550_dup} {in01s40}
size_cell {FE_OFC2263_n19508} {in01s40}
size_cell {FE_OCPC2433_west_input_NIB_head_ptr_f_1} {in01s40}
size_cell {FE_OCPC2700_n19530} {in01s40}
size_cell {FE_OCPC2418_proc_input_NIB_head_ptr_f_1} {in01s40}
size_cell {FE_OFC2276_proc_input_NIB_head_ptr_f_0} {in01s40}
size_cell {FE_OCPC2613_n19504} {in01s40}
size_cell {U19533} {no04s10}
size_cell {U19534} {no04s10}
size_cell {U19609} {no04s10}
size_cell {U19610} {no04s10}
size_cell {U19404} {in01s40}
size_cell {U19410} {no02s20}
size_cell {U19823} {oa12s10}
size_cell {U19365} {na02s20}
size_cell {U19025} {no03s10}
size_cell {U19822} {oa12s10}
size_cell {U19409} {no02s20}
size_cell {U18787} {no02s20}
size_cell {U18950} {oa12s10}
size_cell {U19820} {no02s20}
size_cell {U19828} {no02s20}
size_cell {U19304} {na02s20}
size_cell {U19408} {no02s20}
size_cell {U18929} {oa12s10}
size_cell {U18869} {no02s10}
size_cell {U19214} {na02s20}
size_cell {U18840} {no02s20}
size_cell {U19831} {na02s20}
size_cell {U19092} {no02s20}
size_cell {U20125} {na04s10}
size_cell {FE_RC_90_0} {ao22s08}
size_cell {U19883} {no03s10}
size_cell {FE_RC_91_0} {ao22s08}
size_cell {U19701} {na04s10}
size_cell {U20096} {no04s10}
size_cell {U20432} {na04s10}
size_cell {U19830} {no04s10}
size_cell {U20185} {na04s10}
size_cell {FE_OFC1397_n20858} {in01s10}
size_cell {FE_OFC1643_n20501} {in01s10}
size_cell {FE_OFC1384_n22084} {in01s10}
size_cell {FE_OFC1401_n22139} {in01s10}
size_cell {FE_OFC1267_n23761} {in01s10}
size_cell {FE_OFC1381_n22778} {in01s10}
size_cell {FE_OFC1579_n22517} {in01s10}
size_cell {FE_OFC1535_n21667} {in01s10}
size_cell {U18949} {oa22s08}
size_cell {U19055} {ao22s08}
size_cell {U19255} {ao22s08}
size_cell {FE_OFC1119_n20814} {in01s10}
size_cell {U19998} {no03s10}
size_cell {FE_OFC1348_n20995} {in01s10}
size_cell {FE_OFC1276_n20971} {in01s10}
size_cell {U19477} {na02s10}
size_cell {U19550} {oa22s08}
size_cell {U19941} {no03s10}
size_cell {U19401} {ao22s08}
size_cell {U19824} {ao22s08}
size_cell {U19508} {ao22s08}
size_cell {U19786} {ao22s08}
size_cell {U19601} {ao22s08}
size_cell {FE_OFC1349_n20995} {in01s10}
size_cell {U19975} {no03s10}
size_cell {U19512} {ao22s08}
size_cell {FE_OFC2531_n25395} {in01s10}
size_cell {FE_OFC1147_n23737} {in01s10}
size_cell {U19325} {ao22s08}
size_cell {FE_OFC1891_n19073} {in01s20}
size_cell {U20134} {oa22s08}
size_cell {FE_OFC1273_n23045} {in01s10}
size_cell {FE_OFC1886_n19073} {in01s20}
size_cell {FE_OFC1345_n23101} {in01s10}
size_cell {FE_OFC2382_n17770} {in01s10}
size_cell {U19750} {no03s10}
size_cell {U19283} {ao22s08}
size_cell {FE_OFC2377_FE_OFN448_n23236} {in01s10}
size_cell {FE_OFC2379_FE_OFN448_n23236} {in01s10}
size_cell {U19382} {ao22s08}
size_cell {FE_RC_77_0} {ao22s08}
size_cell {FE_OFC1885_n19073} {in01s20}
size_cell {FE_OCPC2481_FE_OFN97_n21865} {in01s20}
size_cell {U18750} {no03s10}
size_cell {FE_OFC2374_FE_OFN582_n25619} {in01s10}
size_cell {FE_OFC2335_FE_OFN25605_n21944} {in01s10}
size_cell {FE_OFC2339_FE_OFN25605_n21944} {in01s10}
size_cell {FE_OFC1759_n19932} {in01s20}
size_cell {FE_OFC1112_n22273} {in01s10}
size_cell {U19476} {ao22s08}
size_cell {FE_OFC1658_reset} {in01s10}
size_cell {U19352} {ao22s08}
size_cell {FE_OFC2027_n19482} {in01s10}
size_cell {FE_OFC1207_n18683} {in01s20}
size_cell {FE_OFC1875_n19225_dup} {in01s20}
size_cell {U18997} {no03s10}
size_cell {FE_OCPC2653_n19071} {in01s20}
size_cell {FE_OFC2281_n17814} {in01s20}
size_cell {U19763} {no02s10}
size_cell {FE_OFC2119_n19655} {in01s20}
size_cell {U19530} {na03s10}
size_cell {FE_OFC2516_n25842} {in01s10}
size_cell {FE_RC_83_0} {ao22s08}
size_cell {U20250} {no02s10}
size_cell {FE_OFC1800_n18815_dup} {in01s20}
size_cell {FE_OFC1364_n23089} {in01s10}
size_cell {U20010} {no02s10}
size_cell {U19302} {ao22s08}
size_cell {FE_OFC1170_n23050} {in01s10}
size_cell {U20323} {no03s10}
size_cell {U19689} {in01s20}
size_cell {U19107} {oa22s08}
size_cell {U19523} {ao22s08}
size_cell {FE_OFC2132_n19530} {in01s20}
size_cell {U19725} {ao22s08}
size_cell {U19592} {na02s10}
size_cell {FE_OFC1299_n19075} {in01s20}
size_cell {FE_OCPC2582_n18648} {in01s20}
size_cell {U18753} {ao22s08}
size_cell {FE_OCPC2467_n24342} {in01s10}
size_cell {FE_OCPC2622_n24342} {in01s10}
size_cell {FE_OFC1656_reset} {in01s10}
size_cell {U19608} {na02s10}
size_cell {FE_OFC1708_n23739} {in01s10}
size_cell {FE_OFC1688_n21944} {in01s10}
size_cell {FE_OFC2036_n21747} {in01s20}
size_cell {FE_OFC1798_n18815} {in01s20}
======================================
Final slack:	106.006531 ps
Final leakage:	1.103291509608425 W
Final Sum/Max/Number of max capacitance violations: 0 / 0 / 0
Final Sum/Max/Number of max transition violations: 0 / 0 / 0
#Cell size swaps:	0
Leakage improvment	22.284 %
